[2024-05-27T02:56:55.915+0000] {processor.py:161} INFO - Started process (PID=35) to work on /home/airflow/.local/lib/python3.12/site-packages/airflow/example_dags/example_complex.py
[2024-05-27T02:56:55.916+0000] {processor.py:830} INFO - Processing file /home/airflow/.local/lib/python3.12/site-packages/airflow/example_dags/example_complex.py for tasks to queue
[2024-05-27T02:56:55.917+0000] {logging_mixin.py:188} INFO - [2024-05-27T02:56:55.917+0000] {dagbag.py:545} INFO - Filling up the DagBag from /home/airflow/.local/lib/python3.12/site-packages/airflow/example_dags/example_complex.py
[2024-05-27T02:56:55.925+0000] {processor.py:840} INFO - DAG(s) 'example_complex' retrieved from /home/airflow/.local/lib/python3.12/site-packages/airflow/example_dags/example_complex.py
[2024-05-27T02:56:55.934+0000] {logging_mixin.py:188} INFO - [2024-05-27T02:56:55.934+0000] {dag.py:3096} INFO - Sync 1 DAGs
[2024-05-27T02:56:55.944+0000] {logging_mixin.py:188} INFO - [2024-05-27T02:56:55.944+0000] {dag.py:3954} INFO - Setting next_dagrun for example_complex to None, run_after=None
[2024-05-27T02:56:55.954+0000] {processor.py:183} INFO - Processing /home/airflow/.local/lib/python3.12/site-packages/airflow/example_dags/example_complex.py took 0.042 seconds
[2024-05-27T02:57:26.287+0000] {processor.py:161} INFO - Started process (PID=94) to work on /home/airflow/.local/lib/python3.12/site-packages/airflow/example_dags/example_complex.py
[2024-05-27T02:57:26.287+0000] {processor.py:830} INFO - Processing file /home/airflow/.local/lib/python3.12/site-packages/airflow/example_dags/example_complex.py for tasks to queue
[2024-05-27T02:57:26.288+0000] {logging_mixin.py:188} INFO - [2024-05-27T02:57:26.288+0000] {dagbag.py:545} INFO - Filling up the DagBag from /home/airflow/.local/lib/python3.12/site-packages/airflow/example_dags/example_complex.py
[2024-05-27T02:57:26.293+0000] {processor.py:840} INFO - DAG(s) 'example_complex' retrieved from /home/airflow/.local/lib/python3.12/site-packages/airflow/example_dags/example_complex.py
[2024-05-27T02:57:26.343+0000] {logging_mixin.py:188} INFO - [2024-05-27T02:57:26.343+0000] {dag.py:3096} INFO - Sync 1 DAGs
[2024-05-27T02:57:26.347+0000] {logging_mixin.py:188} INFO - [2024-05-27T02:57:26.347+0000] {dag.py:3954} INFO - Setting next_dagrun for example_complex to None, run_after=None
[2024-05-27T02:57:26.356+0000] {processor.py:183} INFO - Processing /home/airflow/.local/lib/python3.12/site-packages/airflow/example_dags/example_complex.py took 0.072 seconds
[2024-05-27T02:57:56.529+0000] {processor.py:161} INFO - Started process (PID=153) to work on /home/airflow/.local/lib/python3.12/site-packages/airflow/example_dags/example_complex.py
[2024-05-27T02:57:56.530+0000] {processor.py:830} INFO - Processing file /home/airflow/.local/lib/python3.12/site-packages/airflow/example_dags/example_complex.py for tasks to queue
[2024-05-27T02:57:56.531+0000] {logging_mixin.py:188} INFO - [2024-05-27T02:57:56.531+0000] {dagbag.py:545} INFO - Filling up the DagBag from /home/airflow/.local/lib/python3.12/site-packages/airflow/example_dags/example_complex.py
[2024-05-27T02:57:56.535+0000] {processor.py:840} INFO - DAG(s) 'example_complex' retrieved from /home/airflow/.local/lib/python3.12/site-packages/airflow/example_dags/example_complex.py
[2024-05-27T02:57:56.549+0000] {logging_mixin.py:188} INFO - [2024-05-27T02:57:56.549+0000] {dag.py:3096} INFO - Sync 1 DAGs
[2024-05-27T02:57:56.554+0000] {logging_mixin.py:188} INFO - [2024-05-27T02:57:56.554+0000] {dag.py:3954} INFO - Setting next_dagrun for example_complex to None, run_after=None
[2024-05-27T02:57:56.562+0000] {processor.py:183} INFO - Processing /home/airflow/.local/lib/python3.12/site-packages/airflow/example_dags/example_complex.py took 0.036 seconds
[2024-05-27T02:58:27.146+0000] {processor.py:161} INFO - Started process (PID=212) to work on /home/airflow/.local/lib/python3.12/site-packages/airflow/example_dags/example_complex.py
[2024-05-27T02:58:27.147+0000] {processor.py:830} INFO - Processing file /home/airflow/.local/lib/python3.12/site-packages/airflow/example_dags/example_complex.py for tasks to queue
[2024-05-27T02:58:27.148+0000] {logging_mixin.py:188} INFO - [2024-05-27T02:58:27.148+0000] {dagbag.py:545} INFO - Filling up the DagBag from /home/airflow/.local/lib/python3.12/site-packages/airflow/example_dags/example_complex.py
[2024-05-27T02:58:27.153+0000] {processor.py:840} INFO - DAG(s) 'example_complex' retrieved from /home/airflow/.local/lib/python3.12/site-packages/airflow/example_dags/example_complex.py
[2024-05-27T02:58:27.167+0000] {logging_mixin.py:188} INFO - [2024-05-27T02:58:27.167+0000] {dag.py:3096} INFO - Sync 1 DAGs
[2024-05-27T02:58:27.173+0000] {logging_mixin.py:188} INFO - [2024-05-27T02:58:27.173+0000] {dag.py:3954} INFO - Setting next_dagrun for example_complex to None, run_after=None
[2024-05-27T02:58:27.182+0000] {processor.py:183} INFO - Processing /home/airflow/.local/lib/python3.12/site-packages/airflow/example_dags/example_complex.py took 0.038 seconds
[2024-05-27T02:58:57.678+0000] {processor.py:161} INFO - Started process (PID=271) to work on /home/airflow/.local/lib/python3.12/site-packages/airflow/example_dags/example_complex.py
[2024-05-27T02:58:57.678+0000] {processor.py:830} INFO - Processing file /home/airflow/.local/lib/python3.12/site-packages/airflow/example_dags/example_complex.py for tasks to queue
[2024-05-27T02:58:57.685+0000] {logging_mixin.py:188} INFO - [2024-05-27T02:58:57.685+0000] {dagbag.py:545} INFO - Filling up the DagBag from /home/airflow/.local/lib/python3.12/site-packages/airflow/example_dags/example_complex.py
[2024-05-27T02:58:57.699+0000] {processor.py:840} INFO - DAG(s) 'example_complex' retrieved from /home/airflow/.local/lib/python3.12/site-packages/airflow/example_dags/example_complex.py
[2024-05-27T02:58:57.713+0000] {logging_mixin.py:188} INFO - [2024-05-27T02:58:57.713+0000] {dag.py:3096} INFO - Sync 1 DAGs
[2024-05-27T02:58:57.719+0000] {logging_mixin.py:188} INFO - [2024-05-27T02:58:57.719+0000] {dag.py:3954} INFO - Setting next_dagrun for example_complex to None, run_after=None
[2024-05-27T02:58:57.727+0000] {processor.py:183} INFO - Processing /home/airflow/.local/lib/python3.12/site-packages/airflow/example_dags/example_complex.py took 0.053 seconds
[2024-05-27T02:59:28.297+0000] {processor.py:161} INFO - Started process (PID=330) to work on /home/airflow/.local/lib/python3.12/site-packages/airflow/example_dags/example_complex.py
[2024-05-27T02:59:28.297+0000] {processor.py:830} INFO - Processing file /home/airflow/.local/lib/python3.12/site-packages/airflow/example_dags/example_complex.py for tasks to queue
[2024-05-27T02:59:28.298+0000] {logging_mixin.py:188} INFO - [2024-05-27T02:59:28.298+0000] {dagbag.py:545} INFO - Filling up the DagBag from /home/airflow/.local/lib/python3.12/site-packages/airflow/example_dags/example_complex.py
[2024-05-27T02:59:28.303+0000] {processor.py:840} INFO - DAG(s) 'example_complex' retrieved from /home/airflow/.local/lib/python3.12/site-packages/airflow/example_dags/example_complex.py
[2024-05-27T02:59:28.317+0000] {logging_mixin.py:188} INFO - [2024-05-27T02:59:28.316+0000] {dag.py:3096} INFO - Sync 1 DAGs
[2024-05-27T02:59:28.322+0000] {logging_mixin.py:188} INFO - [2024-05-27T02:59:28.322+0000] {dag.py:3954} INFO - Setting next_dagrun for example_complex to None, run_after=None
[2024-05-27T02:59:28.330+0000] {processor.py:183} INFO - Processing /home/airflow/.local/lib/python3.12/site-packages/airflow/example_dags/example_complex.py took 0.036 seconds
[2024-05-27T02:59:58.840+0000] {processor.py:161} INFO - Started process (PID=389) to work on /home/airflow/.local/lib/python3.12/site-packages/airflow/example_dags/example_complex.py
[2024-05-27T02:59:58.841+0000] {processor.py:830} INFO - Processing file /home/airflow/.local/lib/python3.12/site-packages/airflow/example_dags/example_complex.py for tasks to queue
[2024-05-27T02:59:58.842+0000] {logging_mixin.py:188} INFO - [2024-05-27T02:59:58.842+0000] {dagbag.py:545} INFO - Filling up the DagBag from /home/airflow/.local/lib/python3.12/site-packages/airflow/example_dags/example_complex.py
[2024-05-27T02:59:58.846+0000] {processor.py:840} INFO - DAG(s) 'example_complex' retrieved from /home/airflow/.local/lib/python3.12/site-packages/airflow/example_dags/example_complex.py
[2024-05-27T02:59:58.859+0000] {logging_mixin.py:188} INFO - [2024-05-27T02:59:58.859+0000] {dag.py:3096} INFO - Sync 1 DAGs
[2024-05-27T02:59:58.864+0000] {logging_mixin.py:188} INFO - [2024-05-27T02:59:58.864+0000] {dag.py:3954} INFO - Setting next_dagrun for example_complex to None, run_after=None
[2024-05-27T02:59:58.871+0000] {processor.py:183} INFO - Processing /home/airflow/.local/lib/python3.12/site-packages/airflow/example_dags/example_complex.py took 0.034 seconds
[2024-05-27T03:00:29.375+0000] {processor.py:161} INFO - Started process (PID=448) to work on /home/airflow/.local/lib/python3.12/site-packages/airflow/example_dags/example_complex.py
[2024-05-27T03:00:29.376+0000] {processor.py:830} INFO - Processing file /home/airflow/.local/lib/python3.12/site-packages/airflow/example_dags/example_complex.py for tasks to queue
[2024-05-27T03:00:29.377+0000] {logging_mixin.py:188} INFO - [2024-05-27T03:00:29.377+0000] {dagbag.py:545} INFO - Filling up the DagBag from /home/airflow/.local/lib/python3.12/site-packages/airflow/example_dags/example_complex.py
[2024-05-27T03:00:29.381+0000] {processor.py:840} INFO - DAG(s) 'example_complex' retrieved from /home/airflow/.local/lib/python3.12/site-packages/airflow/example_dags/example_complex.py
[2024-05-27T03:00:29.394+0000] {logging_mixin.py:188} INFO - [2024-05-27T03:00:29.394+0000] {dag.py:3096} INFO - Sync 1 DAGs
[2024-05-27T03:00:29.399+0000] {logging_mixin.py:188} INFO - [2024-05-27T03:00:29.399+0000] {dag.py:3954} INFO - Setting next_dagrun for example_complex to None, run_after=None
[2024-05-27T03:00:29.407+0000] {processor.py:183} INFO - Processing /home/airflow/.local/lib/python3.12/site-packages/airflow/example_dags/example_complex.py took 0.035 seconds
[2024-05-27T03:00:59.971+0000] {processor.py:161} INFO - Started process (PID=506) to work on /home/airflow/.local/lib/python3.12/site-packages/airflow/example_dags/example_complex.py
[2024-05-27T03:00:59.971+0000] {processor.py:830} INFO - Processing file /home/airflow/.local/lib/python3.12/site-packages/airflow/example_dags/example_complex.py for tasks to queue
[2024-05-27T03:00:59.972+0000] {logging_mixin.py:188} INFO - [2024-05-27T03:00:59.972+0000] {dagbag.py:545} INFO - Filling up the DagBag from /home/airflow/.local/lib/python3.12/site-packages/airflow/example_dags/example_complex.py
[2024-05-27T03:00:59.977+0000] {processor.py:840} INFO - DAG(s) 'example_complex' retrieved from /home/airflow/.local/lib/python3.12/site-packages/airflow/example_dags/example_complex.py
[2024-05-27T03:00:59.990+0000] {logging_mixin.py:188} INFO - [2024-05-27T03:00:59.990+0000] {dag.py:3096} INFO - Sync 1 DAGs
[2024-05-27T03:00:59.996+0000] {logging_mixin.py:188} INFO - [2024-05-27T03:00:59.996+0000] {dag.py:3954} INFO - Setting next_dagrun for example_complex to None, run_after=None
[2024-05-27T03:01:00.004+0000] {processor.py:183} INFO - Processing /home/airflow/.local/lib/python3.12/site-packages/airflow/example_dags/example_complex.py took 0.036 seconds
[2024-05-27T03:01:30.545+0000] {processor.py:161} INFO - Started process (PID=565) to work on /home/airflow/.local/lib/python3.12/site-packages/airflow/example_dags/example_complex.py
[2024-05-27T03:01:30.546+0000] {processor.py:830} INFO - Processing file /home/airflow/.local/lib/python3.12/site-packages/airflow/example_dags/example_complex.py for tasks to queue
[2024-05-27T03:01:30.547+0000] {logging_mixin.py:188} INFO - [2024-05-27T03:01:30.546+0000] {dagbag.py:545} INFO - Filling up the DagBag from /home/airflow/.local/lib/python3.12/site-packages/airflow/example_dags/example_complex.py
[2024-05-27T03:01:30.552+0000] {processor.py:840} INFO - DAG(s) 'example_complex' retrieved from /home/airflow/.local/lib/python3.12/site-packages/airflow/example_dags/example_complex.py
[2024-05-27T03:01:30.565+0000] {logging_mixin.py:188} INFO - [2024-05-27T03:01:30.565+0000] {dag.py:3096} INFO - Sync 1 DAGs
[2024-05-27T03:01:30.571+0000] {logging_mixin.py:188} INFO - [2024-05-27T03:01:30.571+0000] {dag.py:3954} INFO - Setting next_dagrun for example_complex to None, run_after=None
[2024-05-27T03:01:30.579+0000] {processor.py:183} INFO - Processing /home/airflow/.local/lib/python3.12/site-packages/airflow/example_dags/example_complex.py took 0.037 seconds
[2024-05-27T03:02:01.204+0000] {processor.py:161} INFO - Started process (PID=624) to work on /home/airflow/.local/lib/python3.12/site-packages/airflow/example_dags/example_complex.py
[2024-05-27T03:02:01.204+0000] {processor.py:830} INFO - Processing file /home/airflow/.local/lib/python3.12/site-packages/airflow/example_dags/example_complex.py for tasks to queue
[2024-05-27T03:02:01.205+0000] {logging_mixin.py:188} INFO - [2024-05-27T03:02:01.205+0000] {dagbag.py:545} INFO - Filling up the DagBag from /home/airflow/.local/lib/python3.12/site-packages/airflow/example_dags/example_complex.py
[2024-05-27T03:02:01.210+0000] {processor.py:840} INFO - DAG(s) 'example_complex' retrieved from /home/airflow/.local/lib/python3.12/site-packages/airflow/example_dags/example_complex.py
[2024-05-27T03:02:01.225+0000] {logging_mixin.py:188} INFO - [2024-05-27T03:02:01.224+0000] {dag.py:3096} INFO - Sync 1 DAGs
[2024-05-27T03:02:01.230+0000] {logging_mixin.py:188} INFO - [2024-05-27T03:02:01.230+0000] {dag.py:3954} INFO - Setting next_dagrun for example_complex to None, run_after=None
[2024-05-27T03:02:01.239+0000] {processor.py:183} INFO - Processing /home/airflow/.local/lib/python3.12/site-packages/airflow/example_dags/example_complex.py took 0.038 seconds
[2024-05-27T03:02:31.748+0000] {processor.py:161} INFO - Started process (PID=683) to work on /home/airflow/.local/lib/python3.12/site-packages/airflow/example_dags/example_complex.py
[2024-05-27T03:02:31.749+0000] {processor.py:830} INFO - Processing file /home/airflow/.local/lib/python3.12/site-packages/airflow/example_dags/example_complex.py for tasks to queue
[2024-05-27T03:02:31.750+0000] {logging_mixin.py:188} INFO - [2024-05-27T03:02:31.749+0000] {dagbag.py:545} INFO - Filling up the DagBag from /home/airflow/.local/lib/python3.12/site-packages/airflow/example_dags/example_complex.py
[2024-05-27T03:02:31.756+0000] {processor.py:840} INFO - DAG(s) 'example_complex' retrieved from /home/airflow/.local/lib/python3.12/site-packages/airflow/example_dags/example_complex.py
[2024-05-27T03:02:31.772+0000] {logging_mixin.py:188} INFO - [2024-05-27T03:02:31.772+0000] {dag.py:3096} INFO - Sync 1 DAGs
[2024-05-27T03:02:31.778+0000] {logging_mixin.py:188} INFO - [2024-05-27T03:02:31.778+0000] {dag.py:3954} INFO - Setting next_dagrun for example_complex to None, run_after=None
[2024-05-27T03:02:31.788+0000] {processor.py:183} INFO - Processing /home/airflow/.local/lib/python3.12/site-packages/airflow/example_dags/example_complex.py took 0.043 seconds
[2024-05-27T03:03:02.292+0000] {processor.py:161} INFO - Started process (PID=742) to work on /home/airflow/.local/lib/python3.12/site-packages/airflow/example_dags/example_complex.py
[2024-05-27T03:03:02.293+0000] {processor.py:830} INFO - Processing file /home/airflow/.local/lib/python3.12/site-packages/airflow/example_dags/example_complex.py for tasks to queue
[2024-05-27T03:03:02.295+0000] {logging_mixin.py:188} INFO - [2024-05-27T03:03:02.294+0000] {dagbag.py:545} INFO - Filling up the DagBag from /home/airflow/.local/lib/python3.12/site-packages/airflow/example_dags/example_complex.py
[2024-05-27T03:03:02.300+0000] {processor.py:840} INFO - DAG(s) 'example_complex' retrieved from /home/airflow/.local/lib/python3.12/site-packages/airflow/example_dags/example_complex.py
[2024-05-27T03:03:02.315+0000] {logging_mixin.py:188} INFO - [2024-05-27T03:03:02.315+0000] {dag.py:3096} INFO - Sync 1 DAGs
[2024-05-27T03:03:02.321+0000] {logging_mixin.py:188} INFO - [2024-05-27T03:03:02.321+0000] {dag.py:3954} INFO - Setting next_dagrun for example_complex to None, run_after=None
[2024-05-27T03:03:02.333+0000] {processor.py:183} INFO - Processing /home/airflow/.local/lib/python3.12/site-packages/airflow/example_dags/example_complex.py took 0.043 seconds
[2024-05-27T03:03:32.872+0000] {processor.py:161} INFO - Started process (PID=801) to work on /home/airflow/.local/lib/python3.12/site-packages/airflow/example_dags/example_complex.py
[2024-05-27T03:03:32.873+0000] {processor.py:830} INFO - Processing file /home/airflow/.local/lib/python3.12/site-packages/airflow/example_dags/example_complex.py for tasks to queue
[2024-05-27T03:03:32.874+0000] {logging_mixin.py:188} INFO - [2024-05-27T03:03:32.873+0000] {dagbag.py:545} INFO - Filling up the DagBag from /home/airflow/.local/lib/python3.12/site-packages/airflow/example_dags/example_complex.py
[2024-05-27T03:03:32.879+0000] {processor.py:840} INFO - DAG(s) 'example_complex' retrieved from /home/airflow/.local/lib/python3.12/site-packages/airflow/example_dags/example_complex.py
[2024-05-27T03:03:32.894+0000] {logging_mixin.py:188} INFO - [2024-05-27T03:03:32.894+0000] {dag.py:3096} INFO - Sync 1 DAGs
[2024-05-27T03:03:32.900+0000] {logging_mixin.py:188} INFO - [2024-05-27T03:03:32.900+0000] {dag.py:3954} INFO - Setting next_dagrun for example_complex to None, run_after=None
[2024-05-27T03:03:32.909+0000] {processor.py:183} INFO - Processing /home/airflow/.local/lib/python3.12/site-packages/airflow/example_dags/example_complex.py took 0.040 seconds
[2024-05-27T03:04:03.550+0000] {processor.py:161} INFO - Started process (PID=859) to work on /home/airflow/.local/lib/python3.12/site-packages/airflow/example_dags/example_complex.py
[2024-05-27T03:04:03.551+0000] {processor.py:830} INFO - Processing file /home/airflow/.local/lib/python3.12/site-packages/airflow/example_dags/example_complex.py for tasks to queue
[2024-05-27T03:04:03.552+0000] {logging_mixin.py:188} INFO - [2024-05-27T03:04:03.551+0000] {dagbag.py:545} INFO - Filling up the DagBag from /home/airflow/.local/lib/python3.12/site-packages/airflow/example_dags/example_complex.py
[2024-05-27T03:04:03.556+0000] {processor.py:840} INFO - DAG(s) 'example_complex' retrieved from /home/airflow/.local/lib/python3.12/site-packages/airflow/example_dags/example_complex.py
[2024-05-27T03:04:03.570+0000] {logging_mixin.py:188} INFO - [2024-05-27T03:04:03.570+0000] {dag.py:3096} INFO - Sync 1 DAGs
[2024-05-27T03:04:03.576+0000] {logging_mixin.py:188} INFO - [2024-05-27T03:04:03.576+0000] {dag.py:3954} INFO - Setting next_dagrun for example_complex to None, run_after=None
[2024-05-27T03:04:03.584+0000] {processor.py:183} INFO - Processing /home/airflow/.local/lib/python3.12/site-packages/airflow/example_dags/example_complex.py took 0.037 seconds
[2024-05-27T03:04:34.379+0000] {processor.py:161} INFO - Started process (PID=918) to work on /home/airflow/.local/lib/python3.12/site-packages/airflow/example_dags/example_complex.py
[2024-05-27T03:04:34.380+0000] {processor.py:830} INFO - Processing file /home/airflow/.local/lib/python3.12/site-packages/airflow/example_dags/example_complex.py for tasks to queue
[2024-05-27T03:04:34.381+0000] {logging_mixin.py:188} INFO - [2024-05-27T03:04:34.381+0000] {dagbag.py:545} INFO - Filling up the DagBag from /home/airflow/.local/lib/python3.12/site-packages/airflow/example_dags/example_complex.py
[2024-05-27T03:04:34.385+0000] {processor.py:840} INFO - DAG(s) 'example_complex' retrieved from /home/airflow/.local/lib/python3.12/site-packages/airflow/example_dags/example_complex.py
[2024-05-27T03:04:34.399+0000] {logging_mixin.py:188} INFO - [2024-05-27T03:04:34.399+0000] {dag.py:3096} INFO - Sync 1 DAGs
[2024-05-27T03:04:34.405+0000] {logging_mixin.py:188} INFO - [2024-05-27T03:04:34.404+0000] {dag.py:3954} INFO - Setting next_dagrun for example_complex to None, run_after=None
[2024-05-27T03:04:34.412+0000] {processor.py:183} INFO - Processing /home/airflow/.local/lib/python3.12/site-packages/airflow/example_dags/example_complex.py took 0.036 seconds
[2024-05-27T03:05:05.026+0000] {processor.py:161} INFO - Started process (PID=977) to work on /home/airflow/.local/lib/python3.12/site-packages/airflow/example_dags/example_complex.py
[2024-05-27T03:05:05.026+0000] {processor.py:830} INFO - Processing file /home/airflow/.local/lib/python3.12/site-packages/airflow/example_dags/example_complex.py for tasks to queue
[2024-05-27T03:05:05.027+0000] {logging_mixin.py:188} INFO - [2024-05-27T03:05:05.027+0000] {dagbag.py:545} INFO - Filling up the DagBag from /home/airflow/.local/lib/python3.12/site-packages/airflow/example_dags/example_complex.py
[2024-05-27T03:05:05.032+0000] {processor.py:840} INFO - DAG(s) 'example_complex' retrieved from /home/airflow/.local/lib/python3.12/site-packages/airflow/example_dags/example_complex.py
[2024-05-27T03:05:05.044+0000] {logging_mixin.py:188} INFO - [2024-05-27T03:05:05.044+0000] {dag.py:3096} INFO - Sync 1 DAGs
[2024-05-27T03:05:05.049+0000] {logging_mixin.py:188} INFO - [2024-05-27T03:05:05.049+0000] {dag.py:3954} INFO - Setting next_dagrun for example_complex to None, run_after=None
[2024-05-27T03:05:05.057+0000] {processor.py:183} INFO - Processing /home/airflow/.local/lib/python3.12/site-packages/airflow/example_dags/example_complex.py took 0.033 seconds
[2024-05-27T03:05:35.623+0000] {processor.py:161} INFO - Started process (PID=1036) to work on /home/airflow/.local/lib/python3.12/site-packages/airflow/example_dags/example_complex.py
[2024-05-27T03:05:35.624+0000] {processor.py:830} INFO - Processing file /home/airflow/.local/lib/python3.12/site-packages/airflow/example_dags/example_complex.py for tasks to queue
[2024-05-27T03:05:35.625+0000] {logging_mixin.py:188} INFO - [2024-05-27T03:05:35.624+0000] {dagbag.py:545} INFO - Filling up the DagBag from /home/airflow/.local/lib/python3.12/site-packages/airflow/example_dags/example_complex.py
[2024-05-27T03:05:35.629+0000] {processor.py:840} INFO - DAG(s) 'example_complex' retrieved from /home/airflow/.local/lib/python3.12/site-packages/airflow/example_dags/example_complex.py
[2024-05-27T03:05:35.642+0000] {logging_mixin.py:188} INFO - [2024-05-27T03:05:35.642+0000] {dag.py:3096} INFO - Sync 1 DAGs
[2024-05-27T03:05:35.647+0000] {logging_mixin.py:188} INFO - [2024-05-27T03:05:35.647+0000] {dag.py:3954} INFO - Setting next_dagrun for example_complex to None, run_after=None
[2024-05-27T03:05:35.654+0000] {processor.py:183} INFO - Processing /home/airflow/.local/lib/python3.12/site-packages/airflow/example_dags/example_complex.py took 0.033 seconds
[2024-05-27T03:06:06.244+0000] {processor.py:161} INFO - Started process (PID=1095) to work on /home/airflow/.local/lib/python3.12/site-packages/airflow/example_dags/example_complex.py
[2024-05-27T03:06:06.244+0000] {processor.py:830} INFO - Processing file /home/airflow/.local/lib/python3.12/site-packages/airflow/example_dags/example_complex.py for tasks to queue
[2024-05-27T03:06:06.245+0000] {logging_mixin.py:188} INFO - [2024-05-27T03:06:06.245+0000] {dagbag.py:545} INFO - Filling up the DagBag from /home/airflow/.local/lib/python3.12/site-packages/airflow/example_dags/example_complex.py
[2024-05-27T03:06:06.250+0000] {processor.py:840} INFO - DAG(s) 'example_complex' retrieved from /home/airflow/.local/lib/python3.12/site-packages/airflow/example_dags/example_complex.py
[2024-05-27T03:06:06.264+0000] {logging_mixin.py:188} INFO - [2024-05-27T03:06:06.264+0000] {dag.py:3096} INFO - Sync 1 DAGs
[2024-05-27T03:06:06.269+0000] {logging_mixin.py:188} INFO - [2024-05-27T03:06:06.269+0000] {dag.py:3954} INFO - Setting next_dagrun for example_complex to None, run_after=None
[2024-05-27T03:06:06.277+0000] {processor.py:183} INFO - Processing /home/airflow/.local/lib/python3.12/site-packages/airflow/example_dags/example_complex.py took 0.036 seconds
[2024-05-27T03:06:36.937+0000] {processor.py:161} INFO - Started process (PID=1154) to work on /home/airflow/.local/lib/python3.12/site-packages/airflow/example_dags/example_complex.py
[2024-05-27T03:06:36.938+0000] {processor.py:830} INFO - Processing file /home/airflow/.local/lib/python3.12/site-packages/airflow/example_dags/example_complex.py for tasks to queue
[2024-05-27T03:06:36.938+0000] {logging_mixin.py:188} INFO - [2024-05-27T03:06:36.938+0000] {dagbag.py:545} INFO - Filling up the DagBag from /home/airflow/.local/lib/python3.12/site-packages/airflow/example_dags/example_complex.py
[2024-05-27T03:06:36.943+0000] {processor.py:840} INFO - DAG(s) 'example_complex' retrieved from /home/airflow/.local/lib/python3.12/site-packages/airflow/example_dags/example_complex.py
[2024-05-27T03:06:36.956+0000] {logging_mixin.py:188} INFO - [2024-05-27T03:06:36.956+0000] {dag.py:3096} INFO - Sync 1 DAGs
[2024-05-27T03:06:36.961+0000] {logging_mixin.py:188} INFO - [2024-05-27T03:06:36.961+0000] {dag.py:3954} INFO - Setting next_dagrun for example_complex to None, run_after=None
[2024-05-27T03:06:36.969+0000] {processor.py:183} INFO - Processing /home/airflow/.local/lib/python3.12/site-packages/airflow/example_dags/example_complex.py took 0.034 seconds
[2024-05-27T03:07:07.497+0000] {processor.py:161} INFO - Started process (PID=1213) to work on /home/airflow/.local/lib/python3.12/site-packages/airflow/example_dags/example_complex.py
[2024-05-27T03:07:07.498+0000] {processor.py:830} INFO - Processing file /home/airflow/.local/lib/python3.12/site-packages/airflow/example_dags/example_complex.py for tasks to queue
[2024-05-27T03:07:07.499+0000] {logging_mixin.py:188} INFO - [2024-05-27T03:07:07.499+0000] {dagbag.py:545} INFO - Filling up the DagBag from /home/airflow/.local/lib/python3.12/site-packages/airflow/example_dags/example_complex.py
[2024-05-27T03:07:07.504+0000] {processor.py:840} INFO - DAG(s) 'example_complex' retrieved from /home/airflow/.local/lib/python3.12/site-packages/airflow/example_dags/example_complex.py
[2024-05-27T03:07:07.518+0000] {logging_mixin.py:188} INFO - [2024-05-27T03:07:07.518+0000] {dag.py:3096} INFO - Sync 1 DAGs
[2024-05-27T03:07:07.523+0000] {logging_mixin.py:188} INFO - [2024-05-27T03:07:07.523+0000] {dag.py:3954} INFO - Setting next_dagrun for example_complex to None, run_after=None
[2024-05-27T03:07:07.531+0000] {processor.py:183} INFO - Processing /home/airflow/.local/lib/python3.12/site-packages/airflow/example_dags/example_complex.py took 0.036 seconds
[2024-05-27T03:07:38.110+0000] {processor.py:161} INFO - Started process (PID=1272) to work on /home/airflow/.local/lib/python3.12/site-packages/airflow/example_dags/example_complex.py
[2024-05-27T03:07:38.110+0000] {processor.py:830} INFO - Processing file /home/airflow/.local/lib/python3.12/site-packages/airflow/example_dags/example_complex.py for tasks to queue
[2024-05-27T03:07:38.111+0000] {logging_mixin.py:188} INFO - [2024-05-27T03:07:38.111+0000] {dagbag.py:545} INFO - Filling up the DagBag from /home/airflow/.local/lib/python3.12/site-packages/airflow/example_dags/example_complex.py
[2024-05-27T03:07:38.116+0000] {processor.py:840} INFO - DAG(s) 'example_complex' retrieved from /home/airflow/.local/lib/python3.12/site-packages/airflow/example_dags/example_complex.py
[2024-05-27T03:07:38.130+0000] {logging_mixin.py:188} INFO - [2024-05-27T03:07:38.130+0000] {dag.py:3096} INFO - Sync 1 DAGs
[2024-05-27T03:07:38.136+0000] {logging_mixin.py:188} INFO - [2024-05-27T03:07:38.136+0000] {dag.py:3954} INFO - Setting next_dagrun for example_complex to None, run_after=None
[2024-05-27T03:07:38.144+0000] {processor.py:183} INFO - Processing /home/airflow/.local/lib/python3.12/site-packages/airflow/example_dags/example_complex.py took 0.037 seconds
[2024-05-27T03:08:36.107+0000] {processor.py:161} INFO - Started process (PID=35) to work on /home/airflow/.local/lib/python3.12/site-packages/airflow/example_dags/example_complex.py
[2024-05-27T03:08:36.113+0000] {processor.py:830} INFO - Processing file /home/airflow/.local/lib/python3.12/site-packages/airflow/example_dags/example_complex.py for tasks to queue
[2024-05-27T03:08:36.120+0000] {logging_mixin.py:188} INFO - [2024-05-27T03:08:36.119+0000] {dagbag.py:545} INFO - Filling up the DagBag from /home/airflow/.local/lib/python3.12/site-packages/airflow/example_dags/example_complex.py
[2024-05-27T03:08:36.129+0000] {processor.py:840} INFO - DAG(s) 'example_complex' retrieved from /home/airflow/.local/lib/python3.12/site-packages/airflow/example_dags/example_complex.py
[2024-05-27T03:08:36.145+0000] {logging_mixin.py:188} INFO - [2024-05-27T03:08:36.145+0000] {dag.py:3096} INFO - Sync 1 DAGs
[2024-05-27T03:08:36.153+0000] {logging_mixin.py:188} INFO - [2024-05-27T03:08:36.153+0000] {dag.py:3954} INFO - Setting next_dagrun for example_complex to None, run_after=None
[2024-05-27T03:08:36.185+0000] {processor.py:183} INFO - Processing /home/airflow/.local/lib/python3.12/site-packages/airflow/example_dags/example_complex.py took 0.080 seconds
[2024-05-27T03:09:06.482+0000] {processor.py:161} INFO - Started process (PID=94) to work on /home/airflow/.local/lib/python3.12/site-packages/airflow/example_dags/example_complex.py
[2024-05-27T03:09:06.483+0000] {processor.py:830} INFO - Processing file /home/airflow/.local/lib/python3.12/site-packages/airflow/example_dags/example_complex.py for tasks to queue
[2024-05-27T03:09:06.485+0000] {logging_mixin.py:188} INFO - [2024-05-27T03:09:06.485+0000] {dagbag.py:545} INFO - Filling up the DagBag from /home/airflow/.local/lib/python3.12/site-packages/airflow/example_dags/example_complex.py
[2024-05-27T03:09:06.493+0000] {processor.py:840} INFO - DAG(s) 'example_complex' retrieved from /home/airflow/.local/lib/python3.12/site-packages/airflow/example_dags/example_complex.py
[2024-05-27T03:09:06.556+0000] {logging_mixin.py:188} INFO - [2024-05-27T03:09:06.556+0000] {dag.py:3096} INFO - Sync 1 DAGs
[2024-05-27T03:09:06.561+0000] {logging_mixin.py:188} INFO - [2024-05-27T03:09:06.561+0000] {dag.py:3954} INFO - Setting next_dagrun for example_complex to None, run_after=None
[2024-05-27T03:09:06.573+0000] {processor.py:183} INFO - Processing /home/airflow/.local/lib/python3.12/site-packages/airflow/example_dags/example_complex.py took 0.096 seconds
[2024-05-27T03:09:37.038+0000] {processor.py:161} INFO - Started process (PID=153) to work on /home/airflow/.local/lib/python3.12/site-packages/airflow/example_dags/example_complex.py
[2024-05-27T03:09:37.039+0000] {processor.py:830} INFO - Processing file /home/airflow/.local/lib/python3.12/site-packages/airflow/example_dags/example_complex.py for tasks to queue
[2024-05-27T03:09:37.040+0000] {logging_mixin.py:188} INFO - [2024-05-27T03:09:37.040+0000] {dagbag.py:545} INFO - Filling up the DagBag from /home/airflow/.local/lib/python3.12/site-packages/airflow/example_dags/example_complex.py
[2024-05-27T03:09:37.045+0000] {processor.py:840} INFO - DAG(s) 'example_complex' retrieved from /home/airflow/.local/lib/python3.12/site-packages/airflow/example_dags/example_complex.py
[2024-05-27T03:09:37.058+0000] {logging_mixin.py:188} INFO - [2024-05-27T03:09:37.058+0000] {dag.py:3096} INFO - Sync 1 DAGs
[2024-05-27T03:09:37.064+0000] {logging_mixin.py:188} INFO - [2024-05-27T03:09:37.064+0000] {dag.py:3954} INFO - Setting next_dagrun for example_complex to None, run_after=None
[2024-05-27T03:09:37.072+0000] {processor.py:183} INFO - Processing /home/airflow/.local/lib/python3.12/site-packages/airflow/example_dags/example_complex.py took 0.037 seconds
[2024-05-27T03:10:07.626+0000] {processor.py:161} INFO - Started process (PID=212) to work on /home/airflow/.local/lib/python3.12/site-packages/airflow/example_dags/example_complex.py
[2024-05-27T03:10:07.627+0000] {processor.py:830} INFO - Processing file /home/airflow/.local/lib/python3.12/site-packages/airflow/example_dags/example_complex.py for tasks to queue
[2024-05-27T03:10:07.628+0000] {logging_mixin.py:188} INFO - [2024-05-27T03:10:07.628+0000] {dagbag.py:545} INFO - Filling up the DagBag from /home/airflow/.local/lib/python3.12/site-packages/airflow/example_dags/example_complex.py
[2024-05-27T03:10:07.633+0000] {processor.py:840} INFO - DAG(s) 'example_complex' retrieved from /home/airflow/.local/lib/python3.12/site-packages/airflow/example_dags/example_complex.py
[2024-05-27T03:10:07.647+0000] {logging_mixin.py:188} INFO - [2024-05-27T03:10:07.647+0000] {dag.py:3096} INFO - Sync 1 DAGs
[2024-05-27T03:10:07.653+0000] {logging_mixin.py:188} INFO - [2024-05-27T03:10:07.653+0000] {dag.py:3954} INFO - Setting next_dagrun for example_complex to None, run_after=None
[2024-05-27T03:10:07.663+0000] {processor.py:183} INFO - Processing /home/airflow/.local/lib/python3.12/site-packages/airflow/example_dags/example_complex.py took 0.040 seconds
[2024-05-27T03:20:23.981+0000] {processor.py:161} INFO - Started process (PID=35) to work on /home/airflow/.local/lib/python3.12/site-packages/airflow/example_dags/example_complex.py
[2024-05-27T03:20:23.982+0000] {processor.py:830} INFO - Processing file /home/airflow/.local/lib/python3.12/site-packages/airflow/example_dags/example_complex.py for tasks to queue
[2024-05-27T03:20:23.983+0000] {logging_mixin.py:188} INFO - [2024-05-27T03:20:23.983+0000] {dagbag.py:545} INFO - Filling up the DagBag from /home/airflow/.local/lib/python3.12/site-packages/airflow/example_dags/example_complex.py
[2024-05-27T03:20:23.989+0000] {processor.py:840} INFO - DAG(s) 'example_complex' retrieved from /home/airflow/.local/lib/python3.12/site-packages/airflow/example_dags/example_complex.py
[2024-05-27T03:20:23.996+0000] {logging_mixin.py:188} INFO - [2024-05-27T03:20:23.996+0000] {dag.py:3096} INFO - Sync 1 DAGs
[2024-05-27T03:20:24.004+0000] {logging_mixin.py:188} INFO - [2024-05-27T03:20:24.004+0000] {dag.py:3954} INFO - Setting next_dagrun for example_complex to None, run_after=None
[2024-05-27T03:20:24.014+0000] {processor.py:183} INFO - Processing /home/airflow/.local/lib/python3.12/site-packages/airflow/example_dags/example_complex.py took 0.036 seconds
[2024-05-27T03:20:54.212+0000] {processor.py:161} INFO - Started process (PID=93) to work on /home/airflow/.local/lib/python3.12/site-packages/airflow/example_dags/example_complex.py
[2024-05-27T03:20:54.213+0000] {processor.py:830} INFO - Processing file /home/airflow/.local/lib/python3.12/site-packages/airflow/example_dags/example_complex.py for tasks to queue
[2024-05-27T03:20:54.214+0000] {logging_mixin.py:188} INFO - [2024-05-27T03:20:54.214+0000] {dagbag.py:545} INFO - Filling up the DagBag from /home/airflow/.local/lib/python3.12/site-packages/airflow/example_dags/example_complex.py
[2024-05-27T03:20:54.218+0000] {processor.py:840} INFO - DAG(s) 'example_complex' retrieved from /home/airflow/.local/lib/python3.12/site-packages/airflow/example_dags/example_complex.py
[2024-05-27T03:20:54.264+0000] {logging_mixin.py:188} INFO - [2024-05-27T03:20:54.264+0000] {dag.py:3096} INFO - Sync 1 DAGs
[2024-05-27T03:20:54.268+0000] {logging_mixin.py:188} INFO - [2024-05-27T03:20:54.268+0000] {dag.py:3954} INFO - Setting next_dagrun for example_complex to None, run_after=None
[2024-05-27T03:20:54.276+0000] {processor.py:183} INFO - Processing /home/airflow/.local/lib/python3.12/site-packages/airflow/example_dags/example_complex.py took 0.067 seconds
[2024-05-27T03:21:24.500+0000] {processor.py:161} INFO - Started process (PID=152) to work on /home/airflow/.local/lib/python3.12/site-packages/airflow/example_dags/example_complex.py
[2024-05-27T03:21:24.501+0000] {processor.py:830} INFO - Processing file /home/airflow/.local/lib/python3.12/site-packages/airflow/example_dags/example_complex.py for tasks to queue
[2024-05-27T03:21:24.502+0000] {logging_mixin.py:188} INFO - [2024-05-27T03:21:24.502+0000] {dagbag.py:545} INFO - Filling up the DagBag from /home/airflow/.local/lib/python3.12/site-packages/airflow/example_dags/example_complex.py
[2024-05-27T03:21:24.506+0000] {processor.py:840} INFO - DAG(s) 'example_complex' retrieved from /home/airflow/.local/lib/python3.12/site-packages/airflow/example_dags/example_complex.py
[2024-05-27T03:21:24.519+0000] {logging_mixin.py:188} INFO - [2024-05-27T03:21:24.519+0000] {dag.py:3096} INFO - Sync 1 DAGs
[2024-05-27T03:21:24.524+0000] {logging_mixin.py:188} INFO - [2024-05-27T03:21:24.524+0000] {dag.py:3954} INFO - Setting next_dagrun for example_complex to None, run_after=None
[2024-05-27T03:21:24.532+0000] {processor.py:183} INFO - Processing /home/airflow/.local/lib/python3.12/site-packages/airflow/example_dags/example_complex.py took 0.034 seconds
[2024-05-27T03:21:55.055+0000] {processor.py:161} INFO - Started process (PID=212) to work on /home/airflow/.local/lib/python3.12/site-packages/airflow/example_dags/example_complex.py
[2024-05-27T03:21:55.056+0000] {processor.py:830} INFO - Processing file /home/airflow/.local/lib/python3.12/site-packages/airflow/example_dags/example_complex.py for tasks to queue
[2024-05-27T03:21:55.057+0000] {logging_mixin.py:188} INFO - [2024-05-27T03:21:55.057+0000] {dagbag.py:545} INFO - Filling up the DagBag from /home/airflow/.local/lib/python3.12/site-packages/airflow/example_dags/example_complex.py
[2024-05-27T03:21:55.062+0000] {processor.py:840} INFO - DAG(s) 'example_complex' retrieved from /home/airflow/.local/lib/python3.12/site-packages/airflow/example_dags/example_complex.py
[2024-05-27T03:21:55.076+0000] {logging_mixin.py:188} INFO - [2024-05-27T03:21:55.076+0000] {dag.py:3096} INFO - Sync 1 DAGs
[2024-05-27T03:21:55.081+0000] {logging_mixin.py:188} INFO - [2024-05-27T03:21:55.081+0000] {dag.py:3954} INFO - Setting next_dagrun for example_complex to None, run_after=None
[2024-05-27T03:21:55.089+0000] {processor.py:183} INFO - Processing /home/airflow/.local/lib/python3.12/site-packages/airflow/example_dags/example_complex.py took 0.037 seconds
[2024-05-27T03:22:25.650+0000] {processor.py:161} INFO - Started process (PID=271) to work on /home/airflow/.local/lib/python3.12/site-packages/airflow/example_dags/example_complex.py
[2024-05-27T03:22:25.653+0000] {processor.py:830} INFO - Processing file /home/airflow/.local/lib/python3.12/site-packages/airflow/example_dags/example_complex.py for tasks to queue
[2024-05-27T03:22:25.654+0000] {logging_mixin.py:188} INFO - [2024-05-27T03:22:25.654+0000] {dagbag.py:545} INFO - Filling up the DagBag from /home/airflow/.local/lib/python3.12/site-packages/airflow/example_dags/example_complex.py
[2024-05-27T03:22:25.659+0000] {processor.py:840} INFO - DAG(s) 'example_complex' retrieved from /home/airflow/.local/lib/python3.12/site-packages/airflow/example_dags/example_complex.py
[2024-05-27T03:22:25.675+0000] {logging_mixin.py:188} INFO - [2024-05-27T03:22:25.675+0000] {dag.py:3096} INFO - Sync 1 DAGs
[2024-05-27T03:22:25.681+0000] {logging_mixin.py:188} INFO - [2024-05-27T03:22:25.681+0000] {dag.py:3954} INFO - Setting next_dagrun for example_complex to None, run_after=None
[2024-05-27T03:22:25.689+0000] {processor.py:183} INFO - Processing /home/airflow/.local/lib/python3.12/site-packages/airflow/example_dags/example_complex.py took 0.043 seconds
[2024-05-27T03:22:56.369+0000] {processor.py:161} INFO - Started process (PID=330) to work on /home/airflow/.local/lib/python3.12/site-packages/airflow/example_dags/example_complex.py
[2024-05-27T03:22:56.370+0000] {processor.py:830} INFO - Processing file /home/airflow/.local/lib/python3.12/site-packages/airflow/example_dags/example_complex.py for tasks to queue
[2024-05-27T03:22:56.371+0000] {logging_mixin.py:188} INFO - [2024-05-27T03:22:56.371+0000] {dagbag.py:545} INFO - Filling up the DagBag from /home/airflow/.local/lib/python3.12/site-packages/airflow/example_dags/example_complex.py
[2024-05-27T03:22:56.376+0000] {processor.py:840} INFO - DAG(s) 'example_complex' retrieved from /home/airflow/.local/lib/python3.12/site-packages/airflow/example_dags/example_complex.py
[2024-05-27T03:22:56.390+0000] {logging_mixin.py:188} INFO - [2024-05-27T03:22:56.390+0000] {dag.py:3096} INFO - Sync 1 DAGs
[2024-05-27T03:22:56.396+0000] {logging_mixin.py:188} INFO - [2024-05-27T03:22:56.396+0000] {dag.py:3954} INFO - Setting next_dagrun for example_complex to None, run_after=None
[2024-05-27T03:22:56.405+0000] {processor.py:183} INFO - Processing /home/airflow/.local/lib/python3.12/site-packages/airflow/example_dags/example_complex.py took 0.038 seconds
[2024-05-27T03:23:26.968+0000] {processor.py:161} INFO - Started process (PID=389) to work on /home/airflow/.local/lib/python3.12/site-packages/airflow/example_dags/example_complex.py
[2024-05-27T03:23:26.971+0000] {processor.py:830} INFO - Processing file /home/airflow/.local/lib/python3.12/site-packages/airflow/example_dags/example_complex.py for tasks to queue
[2024-05-27T03:23:26.972+0000] {logging_mixin.py:188} INFO - [2024-05-27T03:23:26.972+0000] {dagbag.py:545} INFO - Filling up the DagBag from /home/airflow/.local/lib/python3.12/site-packages/airflow/example_dags/example_complex.py
[2024-05-27T03:23:26.977+0000] {processor.py:840} INFO - DAG(s) 'example_complex' retrieved from /home/airflow/.local/lib/python3.12/site-packages/airflow/example_dags/example_complex.py
[2024-05-27T03:23:26.990+0000] {logging_mixin.py:188} INFO - [2024-05-27T03:23:26.990+0000] {dag.py:3096} INFO - Sync 1 DAGs
[2024-05-27T03:23:26.996+0000] {logging_mixin.py:188} INFO - [2024-05-27T03:23:26.996+0000] {dag.py:3954} INFO - Setting next_dagrun for example_complex to None, run_after=None
[2024-05-27T03:23:27.004+0000] {processor.py:183} INFO - Processing /home/airflow/.local/lib/python3.12/site-packages/airflow/example_dags/example_complex.py took 0.039 seconds
[2024-05-27T03:23:57.549+0000] {processor.py:161} INFO - Started process (PID=448) to work on /home/airflow/.local/lib/python3.12/site-packages/airflow/example_dags/example_complex.py
[2024-05-27T03:23:57.549+0000] {processor.py:830} INFO - Processing file /home/airflow/.local/lib/python3.12/site-packages/airflow/example_dags/example_complex.py for tasks to queue
[2024-05-27T03:23:57.550+0000] {logging_mixin.py:188} INFO - [2024-05-27T03:23:57.550+0000] {dagbag.py:545} INFO - Filling up the DagBag from /home/airflow/.local/lib/python3.12/site-packages/airflow/example_dags/example_complex.py
[2024-05-27T03:23:57.555+0000] {processor.py:840} INFO - DAG(s) 'example_complex' retrieved from /home/airflow/.local/lib/python3.12/site-packages/airflow/example_dags/example_complex.py
[2024-05-27T03:23:57.569+0000] {logging_mixin.py:188} INFO - [2024-05-27T03:23:57.569+0000] {dag.py:3096} INFO - Sync 1 DAGs
[2024-05-27T03:23:57.575+0000] {logging_mixin.py:188} INFO - [2024-05-27T03:23:57.575+0000] {dag.py:3954} INFO - Setting next_dagrun for example_complex to None, run_after=None
[2024-05-27T03:23:57.584+0000] {processor.py:183} INFO - Processing /home/airflow/.local/lib/python3.12/site-packages/airflow/example_dags/example_complex.py took 0.038 seconds
[2024-05-27T03:24:28.084+0000] {processor.py:161} INFO - Started process (PID=507) to work on /home/airflow/.local/lib/python3.12/site-packages/airflow/example_dags/example_complex.py
[2024-05-27T03:24:28.085+0000] {processor.py:830} INFO - Processing file /home/airflow/.local/lib/python3.12/site-packages/airflow/example_dags/example_complex.py for tasks to queue
[2024-05-27T03:24:28.086+0000] {logging_mixin.py:188} INFO - [2024-05-27T03:24:28.086+0000] {dagbag.py:545} INFO - Filling up the DagBag from /home/airflow/.local/lib/python3.12/site-packages/airflow/example_dags/example_complex.py
[2024-05-27T03:24:28.090+0000] {processor.py:840} INFO - DAG(s) 'example_complex' retrieved from /home/airflow/.local/lib/python3.12/site-packages/airflow/example_dags/example_complex.py
[2024-05-27T03:24:28.104+0000] {logging_mixin.py:188} INFO - [2024-05-27T03:24:28.103+0000] {dag.py:3096} INFO - Sync 1 DAGs
[2024-05-27T03:24:28.109+0000] {logging_mixin.py:188} INFO - [2024-05-27T03:24:28.109+0000] {dag.py:3954} INFO - Setting next_dagrun for example_complex to None, run_after=None
[2024-05-27T03:24:28.117+0000] {processor.py:183} INFO - Processing /home/airflow/.local/lib/python3.12/site-packages/airflow/example_dags/example_complex.py took 0.035 seconds
[2024-05-27T03:24:58.777+0000] {processor.py:161} INFO - Started process (PID=566) to work on /home/airflow/.local/lib/python3.12/site-packages/airflow/example_dags/example_complex.py
[2024-05-27T03:24:58.778+0000] {processor.py:830} INFO - Processing file /home/airflow/.local/lib/python3.12/site-packages/airflow/example_dags/example_complex.py for tasks to queue
[2024-05-27T03:24:58.779+0000] {logging_mixin.py:188} INFO - [2024-05-27T03:24:58.779+0000] {dagbag.py:545} INFO - Filling up the DagBag from /home/airflow/.local/lib/python3.12/site-packages/airflow/example_dags/example_complex.py
[2024-05-27T03:24:58.784+0000] {processor.py:840} INFO - DAG(s) 'example_complex' retrieved from /home/airflow/.local/lib/python3.12/site-packages/airflow/example_dags/example_complex.py
[2024-05-27T03:24:58.797+0000] {logging_mixin.py:188} INFO - [2024-05-27T03:24:58.797+0000] {dag.py:3096} INFO - Sync 1 DAGs
[2024-05-27T03:24:58.803+0000] {logging_mixin.py:188} INFO - [2024-05-27T03:24:58.803+0000] {dag.py:3954} INFO - Setting next_dagrun for example_complex to None, run_after=None
[2024-05-27T03:24:58.811+0000] {processor.py:183} INFO - Processing /home/airflow/.local/lib/python3.12/site-packages/airflow/example_dags/example_complex.py took 0.037 seconds
[2024-05-27T03:25:29.360+0000] {processor.py:161} INFO - Started process (PID=625) to work on /home/airflow/.local/lib/python3.12/site-packages/airflow/example_dags/example_complex.py
[2024-05-27T03:25:29.361+0000] {processor.py:830} INFO - Processing file /home/airflow/.local/lib/python3.12/site-packages/airflow/example_dags/example_complex.py for tasks to queue
[2024-05-27T03:25:29.362+0000] {logging_mixin.py:188} INFO - [2024-05-27T03:25:29.362+0000] {dagbag.py:545} INFO - Filling up the DagBag from /home/airflow/.local/lib/python3.12/site-packages/airflow/example_dags/example_complex.py
[2024-05-27T03:25:29.366+0000] {processor.py:840} INFO - DAG(s) 'example_complex' retrieved from /home/airflow/.local/lib/python3.12/site-packages/airflow/example_dags/example_complex.py
[2024-05-27T03:25:29.379+0000] {logging_mixin.py:188} INFO - [2024-05-27T03:25:29.379+0000] {dag.py:3096} INFO - Sync 1 DAGs
[2024-05-27T03:25:29.385+0000] {logging_mixin.py:188} INFO - [2024-05-27T03:25:29.385+0000] {dag.py:3954} INFO - Setting next_dagrun for example_complex to None, run_after=None
[2024-05-27T03:25:29.392+0000] {processor.py:183} INFO - Processing /home/airflow/.local/lib/python3.12/site-packages/airflow/example_dags/example_complex.py took 0.034 seconds
[2024-05-27T03:25:59.931+0000] {processor.py:161} INFO - Started process (PID=684) to work on /home/airflow/.local/lib/python3.12/site-packages/airflow/example_dags/example_complex.py
[2024-05-27T03:25:59.932+0000] {processor.py:830} INFO - Processing file /home/airflow/.local/lib/python3.12/site-packages/airflow/example_dags/example_complex.py for tasks to queue
[2024-05-27T03:25:59.933+0000] {logging_mixin.py:188} INFO - [2024-05-27T03:25:59.933+0000] {dagbag.py:545} INFO - Filling up the DagBag from /home/airflow/.local/lib/python3.12/site-packages/airflow/example_dags/example_complex.py
[2024-05-27T03:25:59.937+0000] {processor.py:840} INFO - DAG(s) 'example_complex' retrieved from /home/airflow/.local/lib/python3.12/site-packages/airflow/example_dags/example_complex.py
[2024-05-27T03:25:59.950+0000] {logging_mixin.py:188} INFO - [2024-05-27T03:25:59.950+0000] {dag.py:3096} INFO - Sync 1 DAGs
[2024-05-27T03:25:59.955+0000] {logging_mixin.py:188} INFO - [2024-05-27T03:25:59.955+0000] {dag.py:3954} INFO - Setting next_dagrun for example_complex to None, run_after=None
[2024-05-27T03:25:59.962+0000] {processor.py:183} INFO - Processing /home/airflow/.local/lib/python3.12/site-packages/airflow/example_dags/example_complex.py took 0.034 seconds
[2024-05-27T04:11:54.446+0000] {processor.py:161} INFO - Started process (PID=35) to work on /home/airflow/.local/lib/python3.12/site-packages/airflow/example_dags/example_complex.py
[2024-05-27T04:11:54.447+0000] {processor.py:830} INFO - Processing file /home/airflow/.local/lib/python3.12/site-packages/airflow/example_dags/example_complex.py for tasks to queue
[2024-05-27T04:11:54.448+0000] {logging_mixin.py:188} INFO - [2024-05-27T04:11:54.448+0000] {dagbag.py:545} INFO - Filling up the DagBag from /home/airflow/.local/lib/python3.12/site-packages/airflow/example_dags/example_complex.py
[2024-05-27T04:11:54.455+0000] {processor.py:840} INFO - DAG(s) 'example_complex' retrieved from /home/airflow/.local/lib/python3.12/site-packages/airflow/example_dags/example_complex.py
[2024-05-27T04:11:54.463+0000] {logging_mixin.py:188} INFO - [2024-05-27T04:11:54.462+0000] {dag.py:3096} INFO - Sync 1 DAGs
[2024-05-27T04:11:54.471+0000] {logging_mixin.py:188} INFO - [2024-05-27T04:11:54.471+0000] {dag.py:3954} INFO - Setting next_dagrun for example_complex to None, run_after=None
[2024-05-27T04:11:54.483+0000] {processor.py:183} INFO - Processing /home/airflow/.local/lib/python3.12/site-packages/airflow/example_dags/example_complex.py took 0.039 seconds
