[2024-05-27T02:56:56.604+0000] {processor.py:161} INFO - Started process (PID=51) to work on /home/airflow/.local/lib/python3.12/site-packages/airflow/example_dags/example_sla_dag.py
[2024-05-27T02:56:56.605+0000] {processor.py:830} INFO - Processing file /home/airflow/.local/lib/python3.12/site-packages/airflow/example_dags/example_sla_dag.py for tasks to queue
[2024-05-27T02:56:56.608+0000] {logging_mixin.py:188} INFO - [2024-05-27T02:56:56.608+0000] {dagbag.py:545} INFO - Filling up the DagBag from /home/airflow/.local/lib/python3.12/site-packages/airflow/example_dags/example_sla_dag.py
[2024-05-27T02:56:56.618+0000] {processor.py:840} INFO - DAG(s) 'example_sla_dag' retrieved from /home/airflow/.local/lib/python3.12/site-packages/airflow/example_dags/example_sla_dag.py
[2024-05-27T02:56:56.635+0000] {logging_mixin.py:188} INFO - [2024-05-27T02:56:56.635+0000] {dag.py:3096} INFO - Sync 1 DAGs
[2024-05-27T02:56:56.657+0000] {logging_mixin.py:188} INFO - [2024-05-27T02:56:56.657+0000] {dag.py:3954} INFO - Setting next_dagrun for example_sla_dag to 2024-05-27 02:54:00+00:00, run_after=2024-05-27 02:56:00+00:00
[2024-05-27T02:56:56.685+0000] {processor.py:183} INFO - Processing /home/airflow/.local/lib/python3.12/site-packages/airflow/example_dags/example_sla_dag.py took 0.087 seconds
[2024-05-27T02:57:27.011+0000] {processor.py:161} INFO - Started process (PID=110) to work on /home/airflow/.local/lib/python3.12/site-packages/airflow/example_dags/example_sla_dag.py
[2024-05-27T02:57:27.011+0000] {processor.py:830} INFO - Processing file /home/airflow/.local/lib/python3.12/site-packages/airflow/example_dags/example_sla_dag.py for tasks to queue
[2024-05-27T02:57:27.012+0000] {logging_mixin.py:188} INFO - [2024-05-27T02:57:27.012+0000] {dagbag.py:545} INFO - Filling up the DagBag from /home/airflow/.local/lib/python3.12/site-packages/airflow/example_dags/example_sla_dag.py
[2024-05-27T02:57:27.016+0000] {processor.py:840} INFO - DAG(s) 'example_sla_dag' retrieved from /home/airflow/.local/lib/python3.12/site-packages/airflow/example_dags/example_sla_dag.py
[2024-05-27T02:57:27.059+0000] {logging_mixin.py:188} INFO - [2024-05-27T02:57:27.058+0000] {dag.py:3096} INFO - Sync 1 DAGs
[2024-05-27T02:57:27.068+0000] {logging_mixin.py:188} INFO - [2024-05-27T02:57:27.067+0000] {dag.py:3954} INFO - Setting next_dagrun for example_sla_dag to 2024-05-27 02:54:00+00:00, run_after=2024-05-27 02:56:00+00:00
[2024-05-27T02:57:27.075+0000] {processor.py:183} INFO - Processing /home/airflow/.local/lib/python3.12/site-packages/airflow/example_dags/example_sla_dag.py took 0.067 seconds
[2024-05-27T02:57:57.979+0000] {processor.py:161} INFO - Started process (PID=169) to work on /home/airflow/.local/lib/python3.12/site-packages/airflow/example_dags/example_sla_dag.py
[2024-05-27T02:57:57.980+0000] {processor.py:830} INFO - Processing file /home/airflow/.local/lib/python3.12/site-packages/airflow/example_dags/example_sla_dag.py for tasks to queue
[2024-05-27T02:57:57.981+0000] {logging_mixin.py:188} INFO - [2024-05-27T02:57:57.981+0000] {dagbag.py:545} INFO - Filling up the DagBag from /home/airflow/.local/lib/python3.12/site-packages/airflow/example_dags/example_sla_dag.py
[2024-05-27T02:57:57.985+0000] {processor.py:840} INFO - DAG(s) 'example_sla_dag' retrieved from /home/airflow/.local/lib/python3.12/site-packages/airflow/example_dags/example_sla_dag.py
[2024-05-27T02:57:57.994+0000] {logging_mixin.py:188} INFO - [2024-05-27T02:57:57.994+0000] {dag.py:3096} INFO - Sync 1 DAGs
[2024-05-27T02:57:58.007+0000] {logging_mixin.py:188} INFO - [2024-05-27T02:57:58.007+0000] {dag.py:3954} INFO - Setting next_dagrun for example_sla_dag to 2024-05-27 02:54:00+00:00, run_after=2024-05-27 02:56:00+00:00
[2024-05-27T02:57:58.016+0000] {processor.py:183} INFO - Processing /home/airflow/.local/lib/python3.12/site-packages/airflow/example_dags/example_sla_dag.py took 0.039 seconds
[2024-05-27T02:58:28.562+0000] {processor.py:161} INFO - Started process (PID=228) to work on /home/airflow/.local/lib/python3.12/site-packages/airflow/example_dags/example_sla_dag.py
[2024-05-27T02:58:28.563+0000] {processor.py:830} INFO - Processing file /home/airflow/.local/lib/python3.12/site-packages/airflow/example_dags/example_sla_dag.py for tasks to queue
[2024-05-27T02:58:28.564+0000] {logging_mixin.py:188} INFO - [2024-05-27T02:58:28.564+0000] {dagbag.py:545} INFO - Filling up the DagBag from /home/airflow/.local/lib/python3.12/site-packages/airflow/example_dags/example_sla_dag.py
[2024-05-27T02:58:28.569+0000] {processor.py:840} INFO - DAG(s) 'example_sla_dag' retrieved from /home/airflow/.local/lib/python3.12/site-packages/airflow/example_dags/example_sla_dag.py
[2024-05-27T02:58:28.582+0000] {logging_mixin.py:188} INFO - [2024-05-27T02:58:28.582+0000] {dag.py:3096} INFO - Sync 1 DAGs
[2024-05-27T02:58:28.594+0000] {logging_mixin.py:188} INFO - [2024-05-27T02:58:28.594+0000] {dag.py:3954} INFO - Setting next_dagrun for example_sla_dag to 2024-05-27 02:56:00+00:00, run_after=2024-05-27 02:58:00+00:00
[2024-05-27T02:58:28.604+0000] {processor.py:183} INFO - Processing /home/airflow/.local/lib/python3.12/site-packages/airflow/example_dags/example_sla_dag.py took 0.045 seconds
[2024-05-27T02:58:59.137+0000] {processor.py:161} INFO - Started process (PID=287) to work on /home/airflow/.local/lib/python3.12/site-packages/airflow/example_dags/example_sla_dag.py
[2024-05-27T02:58:59.138+0000] {processor.py:830} INFO - Processing file /home/airflow/.local/lib/python3.12/site-packages/airflow/example_dags/example_sla_dag.py for tasks to queue
[2024-05-27T02:58:59.141+0000] {logging_mixin.py:188} INFO - [2024-05-27T02:58:59.141+0000] {dagbag.py:545} INFO - Filling up the DagBag from /home/airflow/.local/lib/python3.12/site-packages/airflow/example_dags/example_sla_dag.py
[2024-05-27T02:58:59.145+0000] {processor.py:840} INFO - DAG(s) 'example_sla_dag' retrieved from /home/airflow/.local/lib/python3.12/site-packages/airflow/example_dags/example_sla_dag.py
[2024-05-27T02:58:59.155+0000] {logging_mixin.py:188} INFO - [2024-05-27T02:58:59.155+0000] {dag.py:3096} INFO - Sync 1 DAGs
[2024-05-27T02:58:59.166+0000] {logging_mixin.py:188} INFO - [2024-05-27T02:58:59.166+0000] {dag.py:3954} INFO - Setting next_dagrun for example_sla_dag to 2024-05-27 02:56:00+00:00, run_after=2024-05-27 02:58:00+00:00
[2024-05-27T02:58:59.176+0000] {processor.py:183} INFO - Processing /home/airflow/.local/lib/python3.12/site-packages/airflow/example_dags/example_sla_dag.py took 0.042 seconds
[2024-05-27T02:59:29.684+0000] {processor.py:161} INFO - Started process (PID=346) to work on /home/airflow/.local/lib/python3.12/site-packages/airflow/example_dags/example_sla_dag.py
[2024-05-27T02:59:29.685+0000] {processor.py:830} INFO - Processing file /home/airflow/.local/lib/python3.12/site-packages/airflow/example_dags/example_sla_dag.py for tasks to queue
[2024-05-27T02:59:29.686+0000] {logging_mixin.py:188} INFO - [2024-05-27T02:59:29.686+0000] {dagbag.py:545} INFO - Filling up the DagBag from /home/airflow/.local/lib/python3.12/site-packages/airflow/example_dags/example_sla_dag.py
[2024-05-27T02:59:29.690+0000] {processor.py:840} INFO - DAG(s) 'example_sla_dag' retrieved from /home/airflow/.local/lib/python3.12/site-packages/airflow/example_dags/example_sla_dag.py
[2024-05-27T02:59:29.700+0000] {logging_mixin.py:188} INFO - [2024-05-27T02:59:29.699+0000] {dag.py:3096} INFO - Sync 1 DAGs
[2024-05-27T02:59:29.710+0000] {logging_mixin.py:188} INFO - [2024-05-27T02:59:29.710+0000] {dag.py:3954} INFO - Setting next_dagrun for example_sla_dag to 2024-05-27 02:56:00+00:00, run_after=2024-05-27 02:58:00+00:00
[2024-05-27T02:59:29.718+0000] {processor.py:183} INFO - Processing /home/airflow/.local/lib/python3.12/site-packages/airflow/example_dags/example_sla_dag.py took 0.037 seconds
[2024-05-27T03:00:00.238+0000] {processor.py:161} INFO - Started process (PID=405) to work on /home/airflow/.local/lib/python3.12/site-packages/airflow/example_dags/example_sla_dag.py
[2024-05-27T03:00:00.239+0000] {processor.py:830} INFO - Processing file /home/airflow/.local/lib/python3.12/site-packages/airflow/example_dags/example_sla_dag.py for tasks to queue
[2024-05-27T03:00:00.240+0000] {logging_mixin.py:188} INFO - [2024-05-27T03:00:00.240+0000] {dagbag.py:545} INFO - Filling up the DagBag from /home/airflow/.local/lib/python3.12/site-packages/airflow/example_dags/example_sla_dag.py
[2024-05-27T03:00:00.244+0000] {processor.py:840} INFO - DAG(s) 'example_sla_dag' retrieved from /home/airflow/.local/lib/python3.12/site-packages/airflow/example_dags/example_sla_dag.py
[2024-05-27T03:00:00.253+0000] {logging_mixin.py:188} INFO - [2024-05-27T03:00:00.253+0000] {dag.py:3096} INFO - Sync 1 DAGs
[2024-05-27T03:00:00.264+0000] {logging_mixin.py:188} INFO - [2024-05-27T03:00:00.264+0000] {dag.py:3954} INFO - Setting next_dagrun for example_sla_dag to 2024-05-27 02:58:00+00:00, run_after=2024-05-27 03:00:00+00:00
[2024-05-27T03:00:00.272+0000] {processor.py:183} INFO - Processing /home/airflow/.local/lib/python3.12/site-packages/airflow/example_dags/example_sla_dag.py took 0.037 seconds
[2024-05-27T03:00:30.822+0000] {processor.py:161} INFO - Started process (PID=464) to work on /home/airflow/.local/lib/python3.12/site-packages/airflow/example_dags/example_sla_dag.py
[2024-05-27T03:00:30.823+0000] {processor.py:830} INFO - Processing file /home/airflow/.local/lib/python3.12/site-packages/airflow/example_dags/example_sla_dag.py for tasks to queue
[2024-05-27T03:00:30.824+0000] {logging_mixin.py:188} INFO - [2024-05-27T03:00:30.824+0000] {dagbag.py:545} INFO - Filling up the DagBag from /home/airflow/.local/lib/python3.12/site-packages/airflow/example_dags/example_sla_dag.py
[2024-05-27T03:00:30.829+0000] {processor.py:840} INFO - DAG(s) 'example_sla_dag' retrieved from /home/airflow/.local/lib/python3.12/site-packages/airflow/example_dags/example_sla_dag.py
[2024-05-27T03:00:30.838+0000] {logging_mixin.py:188} INFO - [2024-05-27T03:00:30.838+0000] {dag.py:3096} INFO - Sync 1 DAGs
[2024-05-27T03:00:30.849+0000] {logging_mixin.py:188} INFO - [2024-05-27T03:00:30.849+0000] {dag.py:3954} INFO - Setting next_dagrun for example_sla_dag to 2024-05-27 02:58:00+00:00, run_after=2024-05-27 03:00:00+00:00
[2024-05-27T03:00:30.858+0000] {processor.py:183} INFO - Processing /home/airflow/.local/lib/python3.12/site-packages/airflow/example_dags/example_sla_dag.py took 0.038 seconds
[2024-05-27T03:01:01.370+0000] {processor.py:161} INFO - Started process (PID=522) to work on /home/airflow/.local/lib/python3.12/site-packages/airflow/example_dags/example_sla_dag.py
[2024-05-27T03:01:01.371+0000] {processor.py:830} INFO - Processing file /home/airflow/.local/lib/python3.12/site-packages/airflow/example_dags/example_sla_dag.py for tasks to queue
[2024-05-27T03:01:01.374+0000] {logging_mixin.py:188} INFO - [2024-05-27T03:01:01.374+0000] {dagbag.py:545} INFO - Filling up the DagBag from /home/airflow/.local/lib/python3.12/site-packages/airflow/example_dags/example_sla_dag.py
[2024-05-27T03:01:01.378+0000] {processor.py:840} INFO - DAG(s) 'example_sla_dag' retrieved from /home/airflow/.local/lib/python3.12/site-packages/airflow/example_dags/example_sla_dag.py
[2024-05-27T03:01:01.387+0000] {logging_mixin.py:188} INFO - [2024-05-27T03:01:01.387+0000] {dag.py:3096} INFO - Sync 1 DAGs
[2024-05-27T03:01:01.397+0000] {logging_mixin.py:188} INFO - [2024-05-27T03:01:01.397+0000] {dag.py:3954} INFO - Setting next_dagrun for example_sla_dag to 2024-05-27 02:58:00+00:00, run_after=2024-05-27 03:00:00+00:00
[2024-05-27T03:01:01.406+0000] {processor.py:183} INFO - Processing /home/airflow/.local/lib/python3.12/site-packages/airflow/example_dags/example_sla_dag.py took 0.039 seconds
[2024-05-27T03:01:31.937+0000] {processor.py:161} INFO - Started process (PID=581) to work on /home/airflow/.local/lib/python3.12/site-packages/airflow/example_dags/example_sla_dag.py
[2024-05-27T03:01:31.938+0000] {processor.py:830} INFO - Processing file /home/airflow/.local/lib/python3.12/site-packages/airflow/example_dags/example_sla_dag.py for tasks to queue
[2024-05-27T03:01:31.939+0000] {logging_mixin.py:188} INFO - [2024-05-27T03:01:31.939+0000] {dagbag.py:545} INFO - Filling up the DagBag from /home/airflow/.local/lib/python3.12/site-packages/airflow/example_dags/example_sla_dag.py
[2024-05-27T03:01:31.944+0000] {processor.py:840} INFO - DAG(s) 'example_sla_dag' retrieved from /home/airflow/.local/lib/python3.12/site-packages/airflow/example_dags/example_sla_dag.py
[2024-05-27T03:01:31.953+0000] {logging_mixin.py:188} INFO - [2024-05-27T03:01:31.953+0000] {dag.py:3096} INFO - Sync 1 DAGs
[2024-05-27T03:01:31.964+0000] {logging_mixin.py:188} INFO - [2024-05-27T03:01:31.964+0000] {dag.py:3954} INFO - Setting next_dagrun for example_sla_dag to 2024-05-27 02:58:00+00:00, run_after=2024-05-27 03:00:00+00:00
[2024-05-27T03:01:31.972+0000] {processor.py:183} INFO - Processing /home/airflow/.local/lib/python3.12/site-packages/airflow/example_dags/example_sla_dag.py took 0.037 seconds
[2024-05-27T03:02:02.603+0000] {processor.py:161} INFO - Started process (PID=640) to work on /home/airflow/.local/lib/python3.12/site-packages/airflow/example_dags/example_sla_dag.py
[2024-05-27T03:02:02.604+0000] {processor.py:830} INFO - Processing file /home/airflow/.local/lib/python3.12/site-packages/airflow/example_dags/example_sla_dag.py for tasks to queue
[2024-05-27T03:02:02.605+0000] {logging_mixin.py:188} INFO - [2024-05-27T03:02:02.605+0000] {dagbag.py:545} INFO - Filling up the DagBag from /home/airflow/.local/lib/python3.12/site-packages/airflow/example_dags/example_sla_dag.py
[2024-05-27T03:02:02.610+0000] {processor.py:840} INFO - DAG(s) 'example_sla_dag' retrieved from /home/airflow/.local/lib/python3.12/site-packages/airflow/example_dags/example_sla_dag.py
[2024-05-27T03:02:02.619+0000] {logging_mixin.py:188} INFO - [2024-05-27T03:02:02.619+0000] {dag.py:3096} INFO - Sync 1 DAGs
[2024-05-27T03:02:02.630+0000] {logging_mixin.py:188} INFO - [2024-05-27T03:02:02.630+0000] {dag.py:3954} INFO - Setting next_dagrun for example_sla_dag to 2024-05-27 03:00:00+00:00, run_after=2024-05-27 03:02:00+00:00
[2024-05-27T03:02:02.638+0000] {processor.py:183} INFO - Processing /home/airflow/.local/lib/python3.12/site-packages/airflow/example_dags/example_sla_dag.py took 0.038 seconds
[2024-05-27T03:02:33.172+0000] {processor.py:161} INFO - Started process (PID=699) to work on /home/airflow/.local/lib/python3.12/site-packages/airflow/example_dags/example_sla_dag.py
[2024-05-27T03:02:33.172+0000] {processor.py:830} INFO - Processing file /home/airflow/.local/lib/python3.12/site-packages/airflow/example_dags/example_sla_dag.py for tasks to queue
[2024-05-27T03:02:33.173+0000] {logging_mixin.py:188} INFO - [2024-05-27T03:02:33.173+0000] {dagbag.py:545} INFO - Filling up the DagBag from /home/airflow/.local/lib/python3.12/site-packages/airflow/example_dags/example_sla_dag.py
[2024-05-27T03:02:33.177+0000] {processor.py:840} INFO - DAG(s) 'example_sla_dag' retrieved from /home/airflow/.local/lib/python3.12/site-packages/airflow/example_dags/example_sla_dag.py
[2024-05-27T03:02:33.188+0000] {logging_mixin.py:188} INFO - [2024-05-27T03:02:33.188+0000] {dag.py:3096} INFO - Sync 1 DAGs
[2024-05-27T03:02:33.198+0000] {logging_mixin.py:188} INFO - [2024-05-27T03:02:33.198+0000] {dag.py:3954} INFO - Setting next_dagrun for example_sla_dag to 2024-05-27 03:00:00+00:00, run_after=2024-05-27 03:02:00+00:00
[2024-05-27T03:02:33.206+0000] {processor.py:183} INFO - Processing /home/airflow/.local/lib/python3.12/site-packages/airflow/example_dags/example_sla_dag.py took 0.037 seconds
[2024-05-27T03:03:03.767+0000] {processor.py:161} INFO - Started process (PID=758) to work on /home/airflow/.local/lib/python3.12/site-packages/airflow/example_dags/example_sla_dag.py
[2024-05-27T03:03:03.768+0000] {processor.py:830} INFO - Processing file /home/airflow/.local/lib/python3.12/site-packages/airflow/example_dags/example_sla_dag.py for tasks to queue
[2024-05-27T03:03:03.769+0000] {logging_mixin.py:188} INFO - [2024-05-27T03:03:03.769+0000] {dagbag.py:545} INFO - Filling up the DagBag from /home/airflow/.local/lib/python3.12/site-packages/airflow/example_dags/example_sla_dag.py
[2024-05-27T03:03:03.773+0000] {processor.py:840} INFO - DAG(s) 'example_sla_dag' retrieved from /home/airflow/.local/lib/python3.12/site-packages/airflow/example_dags/example_sla_dag.py
[2024-05-27T03:03:03.783+0000] {logging_mixin.py:188} INFO - [2024-05-27T03:03:03.782+0000] {dag.py:3096} INFO - Sync 1 DAGs
[2024-05-27T03:03:03.793+0000] {logging_mixin.py:188} INFO - [2024-05-27T03:03:03.793+0000] {dag.py:3954} INFO - Setting next_dagrun for example_sla_dag to 2024-05-27 03:00:00+00:00, run_after=2024-05-27 03:02:00+00:00
[2024-05-27T03:03:03.801+0000] {processor.py:183} INFO - Processing /home/airflow/.local/lib/python3.12/site-packages/airflow/example_dags/example_sla_dag.py took 0.036 seconds
[2024-05-27T03:03:34.257+0000] {processor.py:161} INFO - Started process (PID=817) to work on /home/airflow/.local/lib/python3.12/site-packages/airflow/example_dags/example_sla_dag.py
[2024-05-27T03:03:34.258+0000] {processor.py:830} INFO - Processing file /home/airflow/.local/lib/python3.12/site-packages/airflow/example_dags/example_sla_dag.py for tasks to queue
[2024-05-27T03:03:34.259+0000] {logging_mixin.py:188} INFO - [2024-05-27T03:03:34.259+0000] {dagbag.py:545} INFO - Filling up the DagBag from /home/airflow/.local/lib/python3.12/site-packages/airflow/example_dags/example_sla_dag.py
[2024-05-27T03:03:34.263+0000] {processor.py:840} INFO - DAG(s) 'example_sla_dag' retrieved from /home/airflow/.local/lib/python3.12/site-packages/airflow/example_dags/example_sla_dag.py
[2024-05-27T03:03:34.274+0000] {logging_mixin.py:188} INFO - [2024-05-27T03:03:34.274+0000] {dag.py:3096} INFO - Sync 1 DAGs
[2024-05-27T03:03:34.287+0000] {logging_mixin.py:188} INFO - [2024-05-27T03:03:34.287+0000] {dag.py:3954} INFO - Setting next_dagrun for example_sla_dag to 2024-05-27 03:00:00+00:00, run_after=2024-05-27 03:02:00+00:00
[2024-05-27T03:03:34.299+0000] {processor.py:183} INFO - Processing /home/airflow/.local/lib/python3.12/site-packages/airflow/example_dags/example_sla_dag.py took 0.045 seconds
[2024-05-27T03:04:04.930+0000] {processor.py:161} INFO - Started process (PID=875) to work on /home/airflow/.local/lib/python3.12/site-packages/airflow/example_dags/example_sla_dag.py
[2024-05-27T03:04:04.931+0000] {processor.py:830} INFO - Processing file /home/airflow/.local/lib/python3.12/site-packages/airflow/example_dags/example_sla_dag.py for tasks to queue
[2024-05-27T03:04:04.933+0000] {logging_mixin.py:188} INFO - [2024-05-27T03:04:04.933+0000] {dagbag.py:545} INFO - Filling up the DagBag from /home/airflow/.local/lib/python3.12/site-packages/airflow/example_dags/example_sla_dag.py
[2024-05-27T03:04:04.939+0000] {processor.py:840} INFO - DAG(s) 'example_sla_dag' retrieved from /home/airflow/.local/lib/python3.12/site-packages/airflow/example_dags/example_sla_dag.py
[2024-05-27T03:04:04.950+0000] {logging_mixin.py:188} INFO - [2024-05-27T03:04:04.950+0000] {dag.py:3096} INFO - Sync 1 DAGs
[2024-05-27T03:04:04.962+0000] {logging_mixin.py:188} INFO - [2024-05-27T03:04:04.962+0000] {dag.py:3954} INFO - Setting next_dagrun for example_sla_dag to 2024-05-27 03:02:00+00:00, run_after=2024-05-27 03:04:00+00:00
[2024-05-27T03:04:04.971+0000] {processor.py:183} INFO - Processing /home/airflow/.local/lib/python3.12/site-packages/airflow/example_dags/example_sla_dag.py took 0.044 seconds
[2024-05-27T03:04:35.747+0000] {processor.py:161} INFO - Started process (PID=934) to work on /home/airflow/.local/lib/python3.12/site-packages/airflow/example_dags/example_sla_dag.py
[2024-05-27T03:04:35.748+0000] {processor.py:830} INFO - Processing file /home/airflow/.local/lib/python3.12/site-packages/airflow/example_dags/example_sla_dag.py for tasks to queue
[2024-05-27T03:04:35.749+0000] {logging_mixin.py:188} INFO - [2024-05-27T03:04:35.749+0000] {dagbag.py:545} INFO - Filling up the DagBag from /home/airflow/.local/lib/python3.12/site-packages/airflow/example_dags/example_sla_dag.py
[2024-05-27T03:04:35.753+0000] {processor.py:840} INFO - DAG(s) 'example_sla_dag' retrieved from /home/airflow/.local/lib/python3.12/site-packages/airflow/example_dags/example_sla_dag.py
[2024-05-27T03:04:35.763+0000] {logging_mixin.py:188} INFO - [2024-05-27T03:04:35.763+0000] {dag.py:3096} INFO - Sync 1 DAGs
[2024-05-27T03:04:35.774+0000] {logging_mixin.py:188} INFO - [2024-05-27T03:04:35.774+0000] {dag.py:3954} INFO - Setting next_dagrun for example_sla_dag to 2024-05-27 03:02:00+00:00, run_after=2024-05-27 03:04:00+00:00
[2024-05-27T03:04:35.782+0000] {processor.py:183} INFO - Processing /home/airflow/.local/lib/python3.12/site-packages/airflow/example_dags/example_sla_dag.py took 0.038 seconds
[2024-05-27T03:05:06.461+0000] {processor.py:161} INFO - Started process (PID=993) to work on /home/airflow/.local/lib/python3.12/site-packages/airflow/example_dags/example_sla_dag.py
[2024-05-27T03:05:06.462+0000] {processor.py:830} INFO - Processing file /home/airflow/.local/lib/python3.12/site-packages/airflow/example_dags/example_sla_dag.py for tasks to queue
[2024-05-27T03:05:06.463+0000] {logging_mixin.py:188} INFO - [2024-05-27T03:05:06.463+0000] {dagbag.py:545} INFO - Filling up the DagBag from /home/airflow/.local/lib/python3.12/site-packages/airflow/example_dags/example_sla_dag.py
[2024-05-27T03:05:06.466+0000] {processor.py:840} INFO - DAG(s) 'example_sla_dag' retrieved from /home/airflow/.local/lib/python3.12/site-packages/airflow/example_dags/example_sla_dag.py
[2024-05-27T03:05:06.475+0000] {logging_mixin.py:188} INFO - [2024-05-27T03:05:06.475+0000] {dag.py:3096} INFO - Sync 1 DAGs
[2024-05-27T03:05:06.485+0000] {logging_mixin.py:188} INFO - [2024-05-27T03:05:06.485+0000] {dag.py:3954} INFO - Setting next_dagrun for example_sla_dag to 2024-05-27 03:02:00+00:00, run_after=2024-05-27 03:04:00+00:00
[2024-05-27T03:05:06.494+0000] {processor.py:183} INFO - Processing /home/airflow/.local/lib/python3.12/site-packages/airflow/example_dags/example_sla_dag.py took 0.036 seconds
[2024-05-27T03:05:37.048+0000] {processor.py:161} INFO - Started process (PID=1052) to work on /home/airflow/.local/lib/python3.12/site-packages/airflow/example_dags/example_sla_dag.py
[2024-05-27T03:05:37.049+0000] {processor.py:830} INFO - Processing file /home/airflow/.local/lib/python3.12/site-packages/airflow/example_dags/example_sla_dag.py for tasks to queue
[2024-05-27T03:05:37.050+0000] {logging_mixin.py:188} INFO - [2024-05-27T03:05:37.050+0000] {dagbag.py:545} INFO - Filling up the DagBag from /home/airflow/.local/lib/python3.12/site-packages/airflow/example_dags/example_sla_dag.py
[2024-05-27T03:05:37.055+0000] {processor.py:840} INFO - DAG(s) 'example_sla_dag' retrieved from /home/airflow/.local/lib/python3.12/site-packages/airflow/example_dags/example_sla_dag.py
[2024-05-27T03:05:37.064+0000] {logging_mixin.py:188} INFO - [2024-05-27T03:05:37.064+0000] {dag.py:3096} INFO - Sync 1 DAGs
[2024-05-27T03:05:37.075+0000] {logging_mixin.py:188} INFO - [2024-05-27T03:05:37.074+0000] {dag.py:3954} INFO - Setting next_dagrun for example_sla_dag to 2024-05-27 03:02:00+00:00, run_after=2024-05-27 03:04:00+00:00
[2024-05-27T03:05:37.082+0000] {processor.py:183} INFO - Processing /home/airflow/.local/lib/python3.12/site-packages/airflow/example_dags/example_sla_dag.py took 0.037 seconds
[2024-05-27T03:06:07.639+0000] {processor.py:161} INFO - Started process (PID=1111) to work on /home/airflow/.local/lib/python3.12/site-packages/airflow/example_dags/example_sla_dag.py
[2024-05-27T03:06:07.640+0000] {processor.py:830} INFO - Processing file /home/airflow/.local/lib/python3.12/site-packages/airflow/example_dags/example_sla_dag.py for tasks to queue
[2024-05-27T03:06:07.643+0000] {logging_mixin.py:188} INFO - [2024-05-27T03:06:07.643+0000] {dagbag.py:545} INFO - Filling up the DagBag from /home/airflow/.local/lib/python3.12/site-packages/airflow/example_dags/example_sla_dag.py
[2024-05-27T03:06:07.647+0000] {processor.py:840} INFO - DAG(s) 'example_sla_dag' retrieved from /home/airflow/.local/lib/python3.12/site-packages/airflow/example_dags/example_sla_dag.py
[2024-05-27T03:06:07.656+0000] {logging_mixin.py:188} INFO - [2024-05-27T03:06:07.656+0000] {dag.py:3096} INFO - Sync 1 DAGs
[2024-05-27T03:06:07.667+0000] {logging_mixin.py:188} INFO - [2024-05-27T03:06:07.667+0000] {dag.py:3954} INFO - Setting next_dagrun for example_sla_dag to 2024-05-27 03:04:00+00:00, run_after=2024-05-27 03:06:00+00:00
[2024-05-27T03:06:07.675+0000] {processor.py:183} INFO - Processing /home/airflow/.local/lib/python3.12/site-packages/airflow/example_dags/example_sla_dag.py took 0.038 seconds
[2024-05-27T03:06:38.340+0000] {processor.py:161} INFO - Started process (PID=1170) to work on /home/airflow/.local/lib/python3.12/site-packages/airflow/example_dags/example_sla_dag.py
[2024-05-27T03:06:38.340+0000] {processor.py:830} INFO - Processing file /home/airflow/.local/lib/python3.12/site-packages/airflow/example_dags/example_sla_dag.py for tasks to queue
[2024-05-27T03:06:38.341+0000] {logging_mixin.py:188} INFO - [2024-05-27T03:06:38.341+0000] {dagbag.py:545} INFO - Filling up the DagBag from /home/airflow/.local/lib/python3.12/site-packages/airflow/example_dags/example_sla_dag.py
[2024-05-27T03:06:38.346+0000] {processor.py:840} INFO - DAG(s) 'example_sla_dag' retrieved from /home/airflow/.local/lib/python3.12/site-packages/airflow/example_dags/example_sla_dag.py
[2024-05-27T03:06:38.355+0000] {logging_mixin.py:188} INFO - [2024-05-27T03:06:38.355+0000] {dag.py:3096} INFO - Sync 1 DAGs
[2024-05-27T03:06:38.366+0000] {logging_mixin.py:188} INFO - [2024-05-27T03:06:38.366+0000] {dag.py:3954} INFO - Setting next_dagrun for example_sla_dag to 2024-05-27 03:04:00+00:00, run_after=2024-05-27 03:06:00+00:00
[2024-05-27T03:06:38.374+0000] {processor.py:183} INFO - Processing /home/airflow/.local/lib/python3.12/site-packages/airflow/example_dags/example_sla_dag.py took 0.037 seconds
[2024-05-27T03:07:08.894+0000] {processor.py:161} INFO - Started process (PID=1229) to work on /home/airflow/.local/lib/python3.12/site-packages/airflow/example_dags/example_sla_dag.py
[2024-05-27T03:07:08.895+0000] {processor.py:830} INFO - Processing file /home/airflow/.local/lib/python3.12/site-packages/airflow/example_dags/example_sla_dag.py for tasks to queue
[2024-05-27T03:07:08.896+0000] {logging_mixin.py:188} INFO - [2024-05-27T03:07:08.896+0000] {dagbag.py:545} INFO - Filling up the DagBag from /home/airflow/.local/lib/python3.12/site-packages/airflow/example_dags/example_sla_dag.py
[2024-05-27T03:07:08.900+0000] {processor.py:840} INFO - DAG(s) 'example_sla_dag' retrieved from /home/airflow/.local/lib/python3.12/site-packages/airflow/example_dags/example_sla_dag.py
[2024-05-27T03:07:08.909+0000] {logging_mixin.py:188} INFO - [2024-05-27T03:07:08.909+0000] {dag.py:3096} INFO - Sync 1 DAGs
[2024-05-27T03:07:08.920+0000] {logging_mixin.py:188} INFO - [2024-05-27T03:07:08.920+0000] {dag.py:3954} INFO - Setting next_dagrun for example_sla_dag to 2024-05-27 03:04:00+00:00, run_after=2024-05-27 03:06:00+00:00
[2024-05-27T03:07:08.927+0000] {processor.py:183} INFO - Processing /home/airflow/.local/lib/python3.12/site-packages/airflow/example_dags/example_sla_dag.py took 0.036 seconds
[2024-05-27T03:07:39.525+0000] {processor.py:161} INFO - Started process (PID=1288) to work on /home/airflow/.local/lib/python3.12/site-packages/airflow/example_dags/example_sla_dag.py
[2024-05-27T03:07:39.526+0000] {processor.py:830} INFO - Processing file /home/airflow/.local/lib/python3.12/site-packages/airflow/example_dags/example_sla_dag.py for tasks to queue
[2024-05-27T03:07:39.527+0000] {logging_mixin.py:188} INFO - [2024-05-27T03:07:39.527+0000] {dagbag.py:545} INFO - Filling up the DagBag from /home/airflow/.local/lib/python3.12/site-packages/airflow/example_dags/example_sla_dag.py
[2024-05-27T03:07:39.533+0000] {processor.py:840} INFO - DAG(s) 'example_sla_dag' retrieved from /home/airflow/.local/lib/python3.12/site-packages/airflow/example_dags/example_sla_dag.py
[2024-05-27T03:07:39.543+0000] {logging_mixin.py:188} INFO - [2024-05-27T03:07:39.542+0000] {dag.py:3096} INFO - Sync 1 DAGs
[2024-05-27T03:07:39.555+0000] {logging_mixin.py:188} INFO - [2024-05-27T03:07:39.555+0000] {dag.py:3954} INFO - Setting next_dagrun for example_sla_dag to 2024-05-27 03:04:00+00:00, run_after=2024-05-27 03:06:00+00:00
[2024-05-27T03:07:39.564+0000] {processor.py:183} INFO - Processing /home/airflow/.local/lib/python3.12/site-packages/airflow/example_dags/example_sla_dag.py took 0.042 seconds
[2024-05-27T03:08:36.915+0000] {processor.py:161} INFO - Started process (PID=51) to work on /home/airflow/.local/lib/python3.12/site-packages/airflow/example_dags/example_sla_dag.py
[2024-05-27T03:08:36.919+0000] {processor.py:830} INFO - Processing file /home/airflow/.local/lib/python3.12/site-packages/airflow/example_dags/example_sla_dag.py for tasks to queue
[2024-05-27T03:08:36.920+0000] {logging_mixin.py:188} INFO - [2024-05-27T03:08:36.920+0000] {dagbag.py:545} INFO - Filling up the DagBag from /home/airflow/.local/lib/python3.12/site-packages/airflow/example_dags/example_sla_dag.py
[2024-05-27T03:08:36.928+0000] {processor.py:840} INFO - DAG(s) 'example_sla_dag' retrieved from /home/airflow/.local/lib/python3.12/site-packages/airflow/example_dags/example_sla_dag.py
[2024-05-27T03:08:36.938+0000] {logging_mixin.py:188} INFO - [2024-05-27T03:08:36.938+0000] {dag.py:3096} INFO - Sync 1 DAGs
[2024-05-27T03:08:36.959+0000] {logging_mixin.py:188} INFO - [2024-05-27T03:08:36.959+0000] {dag.py:3954} INFO - Setting next_dagrun for example_sla_dag to 2024-05-27 03:06:00+00:00, run_after=2024-05-27 03:08:00+00:00
[2024-05-27T03:08:36.979+0000] {processor.py:183} INFO - Processing /home/airflow/.local/lib/python3.12/site-packages/airflow/example_dags/example_sla_dag.py took 0.067 seconds
[2024-05-27T03:09:07.381+0000] {processor.py:161} INFO - Started process (PID=110) to work on /home/airflow/.local/lib/python3.12/site-packages/airflow/example_dags/example_sla_dag.py
[2024-05-27T03:09:07.382+0000] {processor.py:830} INFO - Processing file /home/airflow/.local/lib/python3.12/site-packages/airflow/example_dags/example_sla_dag.py for tasks to queue
[2024-05-27T03:09:07.383+0000] {logging_mixin.py:188} INFO - [2024-05-27T03:09:07.383+0000] {dagbag.py:545} INFO - Filling up the DagBag from /home/airflow/.local/lib/python3.12/site-packages/airflow/example_dags/example_sla_dag.py
[2024-05-27T03:09:07.388+0000] {processor.py:840} INFO - DAG(s) 'example_sla_dag' retrieved from /home/airflow/.local/lib/python3.12/site-packages/airflow/example_dags/example_sla_dag.py
[2024-05-27T03:09:07.438+0000] {logging_mixin.py:188} INFO - [2024-05-27T03:09:07.438+0000] {dag.py:3096} INFO - Sync 1 DAGs
[2024-05-27T03:09:07.448+0000] {logging_mixin.py:188} INFO - [2024-05-27T03:09:07.448+0000] {dag.py:3954} INFO - Setting next_dagrun for example_sla_dag to 2024-05-27 03:06:00+00:00, run_after=2024-05-27 03:08:00+00:00
[2024-05-27T03:09:07.459+0000] {processor.py:183} INFO - Processing /home/airflow/.local/lib/python3.12/site-packages/airflow/example_dags/example_sla_dag.py took 0.081 seconds
[2024-05-27T03:09:38.449+0000] {processor.py:161} INFO - Started process (PID=169) to work on /home/airflow/.local/lib/python3.12/site-packages/airflow/example_dags/example_sla_dag.py
[2024-05-27T03:09:38.450+0000] {processor.py:830} INFO - Processing file /home/airflow/.local/lib/python3.12/site-packages/airflow/example_dags/example_sla_dag.py for tasks to queue
[2024-05-27T03:09:38.451+0000] {logging_mixin.py:188} INFO - [2024-05-27T03:09:38.451+0000] {dagbag.py:545} INFO - Filling up the DagBag from /home/airflow/.local/lib/python3.12/site-packages/airflow/example_dags/example_sla_dag.py
[2024-05-27T03:09:38.455+0000] {processor.py:840} INFO - DAG(s) 'example_sla_dag' retrieved from /home/airflow/.local/lib/python3.12/site-packages/airflow/example_dags/example_sla_dag.py
[2024-05-27T03:09:38.463+0000] {logging_mixin.py:188} INFO - [2024-05-27T03:09:38.463+0000] {dag.py:3096} INFO - Sync 1 DAGs
[2024-05-27T03:09:38.473+0000] {logging_mixin.py:188} INFO - [2024-05-27T03:09:38.472+0000] {dag.py:3954} INFO - Setting next_dagrun for example_sla_dag to 2024-05-27 03:06:00+00:00, run_after=2024-05-27 03:08:00+00:00
[2024-05-27T03:09:38.480+0000] {processor.py:183} INFO - Processing /home/airflow/.local/lib/python3.12/site-packages/airflow/example_dags/example_sla_dag.py took 0.033 seconds
[2024-05-27T03:10:09.050+0000] {processor.py:161} INFO - Started process (PID=228) to work on /home/airflow/.local/lib/python3.12/site-packages/airflow/example_dags/example_sla_dag.py
[2024-05-27T03:10:09.051+0000] {processor.py:830} INFO - Processing file /home/airflow/.local/lib/python3.12/site-packages/airflow/example_dags/example_sla_dag.py for tasks to queue
[2024-05-27T03:10:09.052+0000] {logging_mixin.py:188} INFO - [2024-05-27T03:10:09.051+0000] {dagbag.py:545} INFO - Filling up the DagBag from /home/airflow/.local/lib/python3.12/site-packages/airflow/example_dags/example_sla_dag.py
[2024-05-27T03:10:09.056+0000] {processor.py:840} INFO - DAG(s) 'example_sla_dag' retrieved from /home/airflow/.local/lib/python3.12/site-packages/airflow/example_dags/example_sla_dag.py
[2024-05-27T03:10:09.065+0000] {logging_mixin.py:188} INFO - [2024-05-27T03:10:09.064+0000] {dag.py:3096} INFO - Sync 1 DAGs
[2024-05-27T03:10:09.074+0000] {logging_mixin.py:188} INFO - [2024-05-27T03:10:09.074+0000] {dag.py:3954} INFO - Setting next_dagrun for example_sla_dag to 2024-05-27 03:08:00+00:00, run_after=2024-05-27 03:10:00+00:00
[2024-05-27T03:10:09.081+0000] {processor.py:183} INFO - Processing /home/airflow/.local/lib/python3.12/site-packages/airflow/example_dags/example_sla_dag.py took 0.034 seconds
[2024-05-27T03:20:24.620+0000] {processor.py:161} INFO - Started process (PID=51) to work on /home/airflow/.local/lib/python3.12/site-packages/airflow/example_dags/example_sla_dag.py
[2024-05-27T03:20:24.621+0000] {processor.py:830} INFO - Processing file /home/airflow/.local/lib/python3.12/site-packages/airflow/example_dags/example_sla_dag.py for tasks to queue
[2024-05-27T03:20:24.623+0000] {logging_mixin.py:188} INFO - [2024-05-27T03:20:24.623+0000] {dagbag.py:545} INFO - Filling up the DagBag from /home/airflow/.local/lib/python3.12/site-packages/airflow/example_dags/example_sla_dag.py
[2024-05-27T03:20:24.631+0000] {processor.py:840} INFO - DAG(s) 'example_sla_dag' retrieved from /home/airflow/.local/lib/python3.12/site-packages/airflow/example_dags/example_sla_dag.py
[2024-05-27T03:20:24.638+0000] {logging_mixin.py:188} INFO - [2024-05-27T03:20:24.638+0000] {dag.py:3096} INFO - Sync 1 DAGs
[2024-05-27T03:20:24.653+0000] {logging_mixin.py:188} INFO - [2024-05-27T03:20:24.653+0000] {dag.py:3954} INFO - Setting next_dagrun for example_sla_dag to 2024-05-27 03:18:00+00:00, run_after=2024-05-27 03:20:00+00:00
[2024-05-27T03:20:24.663+0000] {processor.py:183} INFO - Processing /home/airflow/.local/lib/python3.12/site-packages/airflow/example_dags/example_sla_dag.py took 0.048 seconds
[2024-05-27T03:20:54.958+0000] {processor.py:161} INFO - Started process (PID=109) to work on /home/airflow/.local/lib/python3.12/site-packages/airflow/example_dags/example_sla_dag.py
[2024-05-27T03:20:54.959+0000] {processor.py:830} INFO - Processing file /home/airflow/.local/lib/python3.12/site-packages/airflow/example_dags/example_sla_dag.py for tasks to queue
[2024-05-27T03:20:54.960+0000] {logging_mixin.py:188} INFO - [2024-05-27T03:20:54.960+0000] {dagbag.py:545} INFO - Filling up the DagBag from /home/airflow/.local/lib/python3.12/site-packages/airflow/example_dags/example_sla_dag.py
[2024-05-27T03:20:54.964+0000] {processor.py:840} INFO - DAG(s) 'example_sla_dag' retrieved from /home/airflow/.local/lib/python3.12/site-packages/airflow/example_dags/example_sla_dag.py
[2024-05-27T03:20:55.004+0000] {logging_mixin.py:188} INFO - [2024-05-27T03:20:55.004+0000] {dag.py:3096} INFO - Sync 1 DAGs
[2024-05-27T03:20:55.012+0000] {logging_mixin.py:188} INFO - [2024-05-27T03:20:55.012+0000] {dag.py:3954} INFO - Setting next_dagrun for example_sla_dag to 2024-05-27 03:18:00+00:00, run_after=2024-05-27 03:20:00+00:00
[2024-05-27T03:20:55.020+0000] {processor.py:183} INFO - Processing /home/airflow/.local/lib/python3.12/site-packages/airflow/example_dags/example_sla_dag.py took 0.065 seconds
[2024-05-27T03:21:25.903+0000] {processor.py:161} INFO - Started process (PID=168) to work on /home/airflow/.local/lib/python3.12/site-packages/airflow/example_dags/example_sla_dag.py
[2024-05-27T03:21:25.906+0000] {processor.py:830} INFO - Processing file /home/airflow/.local/lib/python3.12/site-packages/airflow/example_dags/example_sla_dag.py for tasks to queue
[2024-05-27T03:21:25.908+0000] {logging_mixin.py:188} INFO - [2024-05-27T03:21:25.907+0000] {dagbag.py:545} INFO - Filling up the DagBag from /home/airflow/.local/lib/python3.12/site-packages/airflow/example_dags/example_sla_dag.py
[2024-05-27T03:21:25.912+0000] {processor.py:840} INFO - DAG(s) 'example_sla_dag' retrieved from /home/airflow/.local/lib/python3.12/site-packages/airflow/example_dags/example_sla_dag.py
[2024-05-27T03:21:25.921+0000] {logging_mixin.py:188} INFO - [2024-05-27T03:21:25.921+0000] {dag.py:3096} INFO - Sync 1 DAGs
[2024-05-27T03:21:25.931+0000] {logging_mixin.py:188} INFO - [2024-05-27T03:21:25.931+0000] {dag.py:3954} INFO - Setting next_dagrun for example_sla_dag to 2024-05-27 03:18:00+00:00, run_after=2024-05-27 03:20:00+00:00
[2024-05-27T03:21:25.939+0000] {processor.py:183} INFO - Processing /home/airflow/.local/lib/python3.12/site-packages/airflow/example_dags/example_sla_dag.py took 0.039 seconds
[2024-05-27T03:21:56.460+0000] {processor.py:161} INFO - Started process (PID=228) to work on /home/airflow/.local/lib/python3.12/site-packages/airflow/example_dags/example_sla_dag.py
[2024-05-27T03:21:56.460+0000] {processor.py:830} INFO - Processing file /home/airflow/.local/lib/python3.12/site-packages/airflow/example_dags/example_sla_dag.py for tasks to queue
[2024-05-27T03:21:56.461+0000] {logging_mixin.py:188} INFO - [2024-05-27T03:21:56.461+0000] {dagbag.py:545} INFO - Filling up the DagBag from /home/airflow/.local/lib/python3.12/site-packages/airflow/example_dags/example_sla_dag.py
[2024-05-27T03:21:56.466+0000] {processor.py:840} INFO - DAG(s) 'example_sla_dag' retrieved from /home/airflow/.local/lib/python3.12/site-packages/airflow/example_dags/example_sla_dag.py
[2024-05-27T03:21:56.475+0000] {logging_mixin.py:188} INFO - [2024-05-27T03:21:56.475+0000] {dag.py:3096} INFO - Sync 1 DAGs
[2024-05-27T03:21:56.485+0000] {logging_mixin.py:188} INFO - [2024-05-27T03:21:56.485+0000] {dag.py:3954} INFO - Setting next_dagrun for example_sla_dag to 2024-05-27 03:18:00+00:00, run_after=2024-05-27 03:20:00+00:00
[2024-05-27T03:21:56.494+0000] {processor.py:183} INFO - Processing /home/airflow/.local/lib/python3.12/site-packages/airflow/example_dags/example_sla_dag.py took 0.037 seconds
[2024-05-27T03:22:27.110+0000] {processor.py:161} INFO - Started process (PID=287) to work on /home/airflow/.local/lib/python3.12/site-packages/airflow/example_dags/example_sla_dag.py
[2024-05-27T03:22:27.111+0000] {processor.py:830} INFO - Processing file /home/airflow/.local/lib/python3.12/site-packages/airflow/example_dags/example_sla_dag.py for tasks to queue
[2024-05-27T03:22:27.112+0000] {logging_mixin.py:188} INFO - [2024-05-27T03:22:27.112+0000] {dagbag.py:545} INFO - Filling up the DagBag from /home/airflow/.local/lib/python3.12/site-packages/airflow/example_dags/example_sla_dag.py
[2024-05-27T03:22:27.116+0000] {processor.py:840} INFO - DAG(s) 'example_sla_dag' retrieved from /home/airflow/.local/lib/python3.12/site-packages/airflow/example_dags/example_sla_dag.py
[2024-05-27T03:22:27.126+0000] {logging_mixin.py:188} INFO - [2024-05-27T03:22:27.126+0000] {dag.py:3096} INFO - Sync 1 DAGs
[2024-05-27T03:22:27.138+0000] {logging_mixin.py:188} INFO - [2024-05-27T03:22:27.137+0000] {dag.py:3954} INFO - Setting next_dagrun for example_sla_dag to 2024-05-27 03:20:00+00:00, run_after=2024-05-27 03:22:00+00:00
[2024-05-27T03:22:27.147+0000] {processor.py:183} INFO - Processing /home/airflow/.local/lib/python3.12/site-packages/airflow/example_dags/example_sla_dag.py took 0.040 seconds
[2024-05-27T03:22:57.790+0000] {processor.py:161} INFO - Started process (PID=346) to work on /home/airflow/.local/lib/python3.12/site-packages/airflow/example_dags/example_sla_dag.py
[2024-05-27T03:22:57.791+0000] {processor.py:830} INFO - Processing file /home/airflow/.local/lib/python3.12/site-packages/airflow/example_dags/example_sla_dag.py for tasks to queue
[2024-05-27T03:22:57.795+0000] {logging_mixin.py:188} INFO - [2024-05-27T03:22:57.794+0000] {dagbag.py:545} INFO - Filling up the DagBag from /home/airflow/.local/lib/python3.12/site-packages/airflow/example_dags/example_sla_dag.py
[2024-05-27T03:22:57.799+0000] {processor.py:840} INFO - DAG(s) 'example_sla_dag' retrieved from /home/airflow/.local/lib/python3.12/site-packages/airflow/example_dags/example_sla_dag.py
[2024-05-27T03:22:57.808+0000] {logging_mixin.py:188} INFO - [2024-05-27T03:22:57.808+0000] {dag.py:3096} INFO - Sync 1 DAGs
[2024-05-27T03:22:57.818+0000] {logging_mixin.py:188} INFO - [2024-05-27T03:22:57.818+0000] {dag.py:3954} INFO - Setting next_dagrun for example_sla_dag to 2024-05-27 03:20:00+00:00, run_after=2024-05-27 03:22:00+00:00
[2024-05-27T03:22:57.826+0000] {processor.py:183} INFO - Processing /home/airflow/.local/lib/python3.12/site-packages/airflow/example_dags/example_sla_dag.py took 0.039 seconds
[2024-05-27T03:23:28.376+0000] {processor.py:161} INFO - Started process (PID=405) to work on /home/airflow/.local/lib/python3.12/site-packages/airflow/example_dags/example_sla_dag.py
[2024-05-27T03:23:28.377+0000] {processor.py:830} INFO - Processing file /home/airflow/.local/lib/python3.12/site-packages/airflow/example_dags/example_sla_dag.py for tasks to queue
[2024-05-27T03:23:28.378+0000] {logging_mixin.py:188} INFO - [2024-05-27T03:23:28.378+0000] {dagbag.py:545} INFO - Filling up the DagBag from /home/airflow/.local/lib/python3.12/site-packages/airflow/example_dags/example_sla_dag.py
[2024-05-27T03:23:28.382+0000] {processor.py:840} INFO - DAG(s) 'example_sla_dag' retrieved from /home/airflow/.local/lib/python3.12/site-packages/airflow/example_dags/example_sla_dag.py
[2024-05-27T03:23:28.391+0000] {logging_mixin.py:188} INFO - [2024-05-27T03:23:28.391+0000] {dag.py:3096} INFO - Sync 1 DAGs
[2024-05-27T03:23:28.402+0000] {logging_mixin.py:188} INFO - [2024-05-27T03:23:28.402+0000] {dag.py:3954} INFO - Setting next_dagrun for example_sla_dag to 2024-05-27 03:20:00+00:00, run_after=2024-05-27 03:22:00+00:00
[2024-05-27T03:23:28.411+0000] {processor.py:183} INFO - Processing /home/airflow/.local/lib/python3.12/site-packages/airflow/example_dags/example_sla_dag.py took 0.037 seconds
[2024-05-27T03:23:58.941+0000] {processor.py:161} INFO - Started process (PID=464) to work on /home/airflow/.local/lib/python3.12/site-packages/airflow/example_dags/example_sla_dag.py
[2024-05-27T03:23:58.942+0000] {processor.py:830} INFO - Processing file /home/airflow/.local/lib/python3.12/site-packages/airflow/example_dags/example_sla_dag.py for tasks to queue
[2024-05-27T03:23:58.943+0000] {logging_mixin.py:188} INFO - [2024-05-27T03:23:58.943+0000] {dagbag.py:545} INFO - Filling up the DagBag from /home/airflow/.local/lib/python3.12/site-packages/airflow/example_dags/example_sla_dag.py
[2024-05-27T03:23:58.947+0000] {processor.py:840} INFO - DAG(s) 'example_sla_dag' retrieved from /home/airflow/.local/lib/python3.12/site-packages/airflow/example_dags/example_sla_dag.py
[2024-05-27T03:23:58.957+0000] {logging_mixin.py:188} INFO - [2024-05-27T03:23:58.956+0000] {dag.py:3096} INFO - Sync 1 DAGs
[2024-05-27T03:23:58.967+0000] {logging_mixin.py:188} INFO - [2024-05-27T03:23:58.967+0000] {dag.py:3954} INFO - Setting next_dagrun for example_sla_dag to 2024-05-27 03:20:00+00:00, run_after=2024-05-27 03:22:00+00:00
[2024-05-27T03:23:58.975+0000] {processor.py:183} INFO - Processing /home/airflow/.local/lib/python3.12/site-packages/airflow/example_dags/example_sla_dag.py took 0.037 seconds
