[2024-05-27T02:56:57.343+0000] {processor.py:161} INFO - Started process (PID=66) to work on /home/airflow/.local/lib/python3.12/site-packages/airflow/example_dags/example_setup_teardown.py
[2024-05-27T02:56:57.344+0000] {processor.py:830} INFO - Processing file /home/airflow/.local/lib/python3.12/site-packages/airflow/example_dags/example_setup_teardown.py for tasks to queue
[2024-05-27T02:56:57.346+0000] {logging_mixin.py:188} INFO - [2024-05-27T02:56:57.346+0000] {dagbag.py:545} INFO - Filling up the DagBag from /home/airflow/.local/lib/python3.12/site-packages/airflow/example_dags/example_setup_teardown.py
[2024-05-27T02:56:57.352+0000] {processor.py:840} INFO - DAG(s) 'example_setup_teardown' retrieved from /home/airflow/.local/lib/python3.12/site-packages/airflow/example_dags/example_setup_teardown.py
[2024-05-27T02:56:57.364+0000] {logging_mixin.py:188} INFO - [2024-05-27T02:56:57.364+0000] {dag.py:3096} INFO - Sync 1 DAGs
[2024-05-27T02:56:57.383+0000] {logging_mixin.py:188} INFO - [2024-05-27T02:56:57.383+0000] {dag.py:3954} INFO - Setting next_dagrun for example_setup_teardown to 2024-05-26 00:00:00+00:00, run_after=2024-05-27 00:00:00+00:00
[2024-05-27T02:56:57.397+0000] {processor.py:183} INFO - Processing /home/airflow/.local/lib/python3.12/site-packages/airflow/example_dags/example_setup_teardown.py took 0.058 seconds
[2024-05-27T02:57:27.586+0000] {processor.py:161} INFO - Started process (PID=125) to work on /home/airflow/.local/lib/python3.12/site-packages/airflow/example_dags/example_setup_teardown.py
[2024-05-27T02:57:27.586+0000] {processor.py:830} INFO - Processing file /home/airflow/.local/lib/python3.12/site-packages/airflow/example_dags/example_setup_teardown.py for tasks to queue
[2024-05-27T02:57:27.587+0000] {logging_mixin.py:188} INFO - [2024-05-27T02:57:27.587+0000] {dagbag.py:545} INFO - Filling up the DagBag from /home/airflow/.local/lib/python3.12/site-packages/airflow/example_dags/example_setup_teardown.py
[2024-05-27T02:57:27.590+0000] {processor.py:840} INFO - DAG(s) 'example_setup_teardown' retrieved from /home/airflow/.local/lib/python3.12/site-packages/airflow/example_dags/example_setup_teardown.py
[2024-05-27T02:57:27.634+0000] {logging_mixin.py:188} INFO - [2024-05-27T02:57:27.633+0000] {dag.py:3096} INFO - Sync 1 DAGs
[2024-05-27T02:57:27.643+0000] {logging_mixin.py:188} INFO - [2024-05-27T02:57:27.643+0000] {dag.py:3954} INFO - Setting next_dagrun for example_setup_teardown to 2024-05-26 00:00:00+00:00, run_after=2024-05-27 00:00:00+00:00
[2024-05-27T02:57:27.651+0000] {processor.py:183} INFO - Processing /home/airflow/.local/lib/python3.12/site-packages/airflow/example_dags/example_setup_teardown.py took 0.067 seconds
[2024-05-27T02:57:58.353+0000] {processor.py:161} INFO - Started process (PID=184) to work on /home/airflow/.local/lib/python3.12/site-packages/airflow/example_dags/example_setup_teardown.py
[2024-05-27T02:57:58.354+0000] {processor.py:830} INFO - Processing file /home/airflow/.local/lib/python3.12/site-packages/airflow/example_dags/example_setup_teardown.py for tasks to queue
[2024-05-27T02:57:58.355+0000] {logging_mixin.py:188} INFO - [2024-05-27T02:57:58.355+0000] {dagbag.py:545} INFO - Filling up the DagBag from /home/airflow/.local/lib/python3.12/site-packages/airflow/example_dags/example_setup_teardown.py
[2024-05-27T02:57:58.358+0000] {processor.py:840} INFO - DAG(s) 'example_setup_teardown' retrieved from /home/airflow/.local/lib/python3.12/site-packages/airflow/example_dags/example_setup_teardown.py
[2024-05-27T02:57:58.368+0000] {logging_mixin.py:188} INFO - [2024-05-27T02:57:58.368+0000] {dag.py:3096} INFO - Sync 1 DAGs
[2024-05-27T02:57:58.378+0000] {logging_mixin.py:188} INFO - [2024-05-27T02:57:58.378+0000] {dag.py:3954} INFO - Setting next_dagrun for example_setup_teardown to 2024-05-26 00:00:00+00:00, run_after=2024-05-27 00:00:00+00:00
[2024-05-27T02:57:58.387+0000] {processor.py:183} INFO - Processing /home/airflow/.local/lib/python3.12/site-packages/airflow/example_dags/example_setup_teardown.py took 0.036 seconds
[2024-05-27T02:58:28.970+0000] {processor.py:161} INFO - Started process (PID=243) to work on /home/airflow/.local/lib/python3.12/site-packages/airflow/example_dags/example_setup_teardown.py
[2024-05-27T02:58:28.971+0000] {processor.py:830} INFO - Processing file /home/airflow/.local/lib/python3.12/site-packages/airflow/example_dags/example_setup_teardown.py for tasks to queue
[2024-05-27T02:58:28.972+0000] {logging_mixin.py:188} INFO - [2024-05-27T02:58:28.972+0000] {dagbag.py:545} INFO - Filling up the DagBag from /home/airflow/.local/lib/python3.12/site-packages/airflow/example_dags/example_setup_teardown.py
[2024-05-27T02:58:28.975+0000] {processor.py:840} INFO - DAG(s) 'example_setup_teardown' retrieved from /home/airflow/.local/lib/python3.12/site-packages/airflow/example_dags/example_setup_teardown.py
[2024-05-27T02:58:28.985+0000] {logging_mixin.py:188} INFO - [2024-05-27T02:58:28.985+0000] {dag.py:3096} INFO - Sync 1 DAGs
[2024-05-27T02:58:28.996+0000] {logging_mixin.py:188} INFO - [2024-05-27T02:58:28.996+0000] {dag.py:3954} INFO - Setting next_dagrun for example_setup_teardown to 2024-05-26 00:00:00+00:00, run_after=2024-05-27 00:00:00+00:00
[2024-05-27T02:58:29.004+0000] {processor.py:183} INFO - Processing /home/airflow/.local/lib/python3.12/site-packages/airflow/example_dags/example_setup_teardown.py took 0.037 seconds
[2024-05-27T02:58:59.565+0000] {processor.py:161} INFO - Started process (PID=302) to work on /home/airflow/.local/lib/python3.12/site-packages/airflow/example_dags/example_setup_teardown.py
[2024-05-27T02:58:59.565+0000] {processor.py:830} INFO - Processing file /home/airflow/.local/lib/python3.12/site-packages/airflow/example_dags/example_setup_teardown.py for tasks to queue
[2024-05-27T02:58:59.566+0000] {logging_mixin.py:188} INFO - [2024-05-27T02:58:59.566+0000] {dagbag.py:545} INFO - Filling up the DagBag from /home/airflow/.local/lib/python3.12/site-packages/airflow/example_dags/example_setup_teardown.py
[2024-05-27T02:58:59.569+0000] {processor.py:840} INFO - DAG(s) 'example_setup_teardown' retrieved from /home/airflow/.local/lib/python3.12/site-packages/airflow/example_dags/example_setup_teardown.py
[2024-05-27T02:58:59.579+0000] {logging_mixin.py:188} INFO - [2024-05-27T02:58:59.579+0000] {dag.py:3096} INFO - Sync 1 DAGs
[2024-05-27T02:58:59.590+0000] {logging_mixin.py:188} INFO - [2024-05-27T02:58:59.589+0000] {dag.py:3954} INFO - Setting next_dagrun for example_setup_teardown to 2024-05-26 00:00:00+00:00, run_after=2024-05-27 00:00:00+00:00
[2024-05-27T02:58:59.598+0000] {processor.py:183} INFO - Processing /home/airflow/.local/lib/python3.12/site-packages/airflow/example_dags/example_setup_teardown.py took 0.036 seconds
[2024-05-27T02:59:30.078+0000] {processor.py:161} INFO - Started process (PID=361) to work on /home/airflow/.local/lib/python3.12/site-packages/airflow/example_dags/example_setup_teardown.py
[2024-05-27T02:59:30.078+0000] {processor.py:830} INFO - Processing file /home/airflow/.local/lib/python3.12/site-packages/airflow/example_dags/example_setup_teardown.py for tasks to queue
[2024-05-27T02:59:30.079+0000] {logging_mixin.py:188} INFO - [2024-05-27T02:59:30.079+0000] {dagbag.py:545} INFO - Filling up the DagBag from /home/airflow/.local/lib/python3.12/site-packages/airflow/example_dags/example_setup_teardown.py
[2024-05-27T02:59:30.082+0000] {processor.py:840} INFO - DAG(s) 'example_setup_teardown' retrieved from /home/airflow/.local/lib/python3.12/site-packages/airflow/example_dags/example_setup_teardown.py
[2024-05-27T02:59:30.092+0000] {logging_mixin.py:188} INFO - [2024-05-27T02:59:30.092+0000] {dag.py:3096} INFO - Sync 1 DAGs
[2024-05-27T02:59:30.103+0000] {logging_mixin.py:188} INFO - [2024-05-27T02:59:30.103+0000] {dag.py:3954} INFO - Setting next_dagrun for example_setup_teardown to 2024-05-26 00:00:00+00:00, run_after=2024-05-27 00:00:00+00:00
[2024-05-27T02:59:30.111+0000] {processor.py:183} INFO - Processing /home/airflow/.local/lib/python3.12/site-packages/airflow/example_dags/example_setup_teardown.py took 0.036 seconds
[2024-05-27T03:00:00.607+0000] {processor.py:161} INFO - Started process (PID=420) to work on /home/airflow/.local/lib/python3.12/site-packages/airflow/example_dags/example_setup_teardown.py
[2024-05-27T03:00:00.608+0000] {processor.py:830} INFO - Processing file /home/airflow/.local/lib/python3.12/site-packages/airflow/example_dags/example_setup_teardown.py for tasks to queue
[2024-05-27T03:00:00.609+0000] {logging_mixin.py:188} INFO - [2024-05-27T03:00:00.609+0000] {dagbag.py:545} INFO - Filling up the DagBag from /home/airflow/.local/lib/python3.12/site-packages/airflow/example_dags/example_setup_teardown.py
[2024-05-27T03:00:00.612+0000] {processor.py:840} INFO - DAG(s) 'example_setup_teardown' retrieved from /home/airflow/.local/lib/python3.12/site-packages/airflow/example_dags/example_setup_teardown.py
[2024-05-27T03:00:00.622+0000] {logging_mixin.py:188} INFO - [2024-05-27T03:00:00.622+0000] {dag.py:3096} INFO - Sync 1 DAGs
[2024-05-27T03:00:00.632+0000] {logging_mixin.py:188} INFO - [2024-05-27T03:00:00.632+0000] {dag.py:3954} INFO - Setting next_dagrun for example_setup_teardown to 2024-05-26 00:00:00+00:00, run_after=2024-05-27 00:00:00+00:00
[2024-05-27T03:00:00.640+0000] {processor.py:183} INFO - Processing /home/airflow/.local/lib/python3.12/site-packages/airflow/example_dags/example_setup_teardown.py took 0.036 seconds
[2024-05-27T03:00:31.205+0000] {processor.py:161} INFO - Started process (PID=479) to work on /home/airflow/.local/lib/python3.12/site-packages/airflow/example_dags/example_setup_teardown.py
[2024-05-27T03:00:31.205+0000] {processor.py:830} INFO - Processing file /home/airflow/.local/lib/python3.12/site-packages/airflow/example_dags/example_setup_teardown.py for tasks to queue
[2024-05-27T03:00:31.206+0000] {logging_mixin.py:188} INFO - [2024-05-27T03:00:31.206+0000] {dagbag.py:545} INFO - Filling up the DagBag from /home/airflow/.local/lib/python3.12/site-packages/airflow/example_dags/example_setup_teardown.py
[2024-05-27T03:00:31.210+0000] {processor.py:840} INFO - DAG(s) 'example_setup_teardown' retrieved from /home/airflow/.local/lib/python3.12/site-packages/airflow/example_dags/example_setup_teardown.py
[2024-05-27T03:00:31.219+0000] {logging_mixin.py:188} INFO - [2024-05-27T03:00:31.219+0000] {dag.py:3096} INFO - Sync 1 DAGs
[2024-05-27T03:00:31.230+0000] {logging_mixin.py:188} INFO - [2024-05-27T03:00:31.230+0000] {dag.py:3954} INFO - Setting next_dagrun for example_setup_teardown to 2024-05-26 00:00:00+00:00, run_after=2024-05-27 00:00:00+00:00
[2024-05-27T03:00:31.238+0000] {processor.py:183} INFO - Processing /home/airflow/.local/lib/python3.12/site-packages/airflow/example_dags/example_setup_teardown.py took 0.036 seconds
[2024-05-27T03:01:01.776+0000] {processor.py:161} INFO - Started process (PID=537) to work on /home/airflow/.local/lib/python3.12/site-packages/airflow/example_dags/example_setup_teardown.py
[2024-05-27T03:01:01.776+0000] {processor.py:830} INFO - Processing file /home/airflow/.local/lib/python3.12/site-packages/airflow/example_dags/example_setup_teardown.py for tasks to queue
[2024-05-27T03:01:01.777+0000] {logging_mixin.py:188} INFO - [2024-05-27T03:01:01.777+0000] {dagbag.py:545} INFO - Filling up the DagBag from /home/airflow/.local/lib/python3.12/site-packages/airflow/example_dags/example_setup_teardown.py
[2024-05-27T03:01:01.780+0000] {processor.py:840} INFO - DAG(s) 'example_setup_teardown' retrieved from /home/airflow/.local/lib/python3.12/site-packages/airflow/example_dags/example_setup_teardown.py
[2024-05-27T03:01:01.791+0000] {logging_mixin.py:188} INFO - [2024-05-27T03:01:01.790+0000] {dag.py:3096} INFO - Sync 1 DAGs
[2024-05-27T03:01:01.801+0000] {logging_mixin.py:188} INFO - [2024-05-27T03:01:01.801+0000] {dag.py:3954} INFO - Setting next_dagrun for example_setup_teardown to 2024-05-26 00:00:00+00:00, run_after=2024-05-27 00:00:00+00:00
[2024-05-27T03:01:01.809+0000] {processor.py:183} INFO - Processing /home/airflow/.local/lib/python3.12/site-packages/airflow/example_dags/example_setup_teardown.py took 0.036 seconds
[2024-05-27T03:01:32.365+0000] {processor.py:161} INFO - Started process (PID=596) to work on /home/airflow/.local/lib/python3.12/site-packages/airflow/example_dags/example_setup_teardown.py
[2024-05-27T03:01:32.366+0000] {processor.py:830} INFO - Processing file /home/airflow/.local/lib/python3.12/site-packages/airflow/example_dags/example_setup_teardown.py for tasks to queue
[2024-05-27T03:01:32.367+0000] {logging_mixin.py:188} INFO - [2024-05-27T03:01:32.367+0000] {dagbag.py:545} INFO - Filling up the DagBag from /home/airflow/.local/lib/python3.12/site-packages/airflow/example_dags/example_setup_teardown.py
[2024-05-27T03:01:32.370+0000] {processor.py:840} INFO - DAG(s) 'example_setup_teardown' retrieved from /home/airflow/.local/lib/python3.12/site-packages/airflow/example_dags/example_setup_teardown.py
[2024-05-27T03:01:32.381+0000] {logging_mixin.py:188} INFO - [2024-05-27T03:01:32.381+0000] {dag.py:3096} INFO - Sync 1 DAGs
[2024-05-27T03:01:32.393+0000] {logging_mixin.py:188} INFO - [2024-05-27T03:01:32.393+0000] {dag.py:3954} INFO - Setting next_dagrun for example_setup_teardown to 2024-05-26 00:00:00+00:00, run_after=2024-05-27 00:00:00+00:00
[2024-05-27T03:01:32.405+0000] {processor.py:183} INFO - Processing /home/airflow/.local/lib/python3.12/site-packages/airflow/example_dags/example_setup_teardown.py took 0.043 seconds
[2024-05-27T03:02:02.984+0000] {processor.py:161} INFO - Started process (PID=655) to work on /home/airflow/.local/lib/python3.12/site-packages/airflow/example_dags/example_setup_teardown.py
[2024-05-27T03:02:02.985+0000] {processor.py:830} INFO - Processing file /home/airflow/.local/lib/python3.12/site-packages/airflow/example_dags/example_setup_teardown.py for tasks to queue
[2024-05-27T03:02:02.986+0000] {logging_mixin.py:188} INFO - [2024-05-27T03:02:02.986+0000] {dagbag.py:545} INFO - Filling up the DagBag from /home/airflow/.local/lib/python3.12/site-packages/airflow/example_dags/example_setup_teardown.py
[2024-05-27T03:02:02.989+0000] {processor.py:840} INFO - DAG(s) 'example_setup_teardown' retrieved from /home/airflow/.local/lib/python3.12/site-packages/airflow/example_dags/example_setup_teardown.py
[2024-05-27T03:02:02.999+0000] {logging_mixin.py:188} INFO - [2024-05-27T03:02:02.999+0000] {dag.py:3096} INFO - Sync 1 DAGs
[2024-05-27T03:02:03.009+0000] {logging_mixin.py:188} INFO - [2024-05-27T03:02:03.009+0000] {dag.py:3954} INFO - Setting next_dagrun for example_setup_teardown to 2024-05-26 00:00:00+00:00, run_after=2024-05-27 00:00:00+00:00
[2024-05-27T03:02:03.018+0000] {processor.py:183} INFO - Processing /home/airflow/.local/lib/python3.12/site-packages/airflow/example_dags/example_setup_teardown.py took 0.036 seconds
[2024-05-27T03:02:33.552+0000] {processor.py:161} INFO - Started process (PID=714) to work on /home/airflow/.local/lib/python3.12/site-packages/airflow/example_dags/example_setup_teardown.py
[2024-05-27T03:02:33.553+0000] {processor.py:830} INFO - Processing file /home/airflow/.local/lib/python3.12/site-packages/airflow/example_dags/example_setup_teardown.py for tasks to queue
[2024-05-27T03:02:33.554+0000] {logging_mixin.py:188} INFO - [2024-05-27T03:02:33.553+0000] {dagbag.py:545} INFO - Filling up the DagBag from /home/airflow/.local/lib/python3.12/site-packages/airflow/example_dags/example_setup_teardown.py
[2024-05-27T03:02:33.557+0000] {processor.py:840} INFO - DAG(s) 'example_setup_teardown' retrieved from /home/airflow/.local/lib/python3.12/site-packages/airflow/example_dags/example_setup_teardown.py
[2024-05-27T03:02:33.567+0000] {logging_mixin.py:188} INFO - [2024-05-27T03:02:33.567+0000] {dag.py:3096} INFO - Sync 1 DAGs
[2024-05-27T03:02:33.578+0000] {logging_mixin.py:188} INFO - [2024-05-27T03:02:33.577+0000] {dag.py:3954} INFO - Setting next_dagrun for example_setup_teardown to 2024-05-26 00:00:00+00:00, run_after=2024-05-27 00:00:00+00:00
[2024-05-27T03:02:33.586+0000] {processor.py:183} INFO - Processing /home/airflow/.local/lib/python3.12/site-packages/airflow/example_dags/example_setup_teardown.py took 0.037 seconds
[2024-05-27T03:03:04.139+0000] {processor.py:161} INFO - Started process (PID=773) to work on /home/airflow/.local/lib/python3.12/site-packages/airflow/example_dags/example_setup_teardown.py
[2024-05-27T03:03:04.140+0000] {processor.py:830} INFO - Processing file /home/airflow/.local/lib/python3.12/site-packages/airflow/example_dags/example_setup_teardown.py for tasks to queue
[2024-05-27T03:03:04.141+0000] {logging_mixin.py:188} INFO - [2024-05-27T03:03:04.140+0000] {dagbag.py:545} INFO - Filling up the DagBag from /home/airflow/.local/lib/python3.12/site-packages/airflow/example_dags/example_setup_teardown.py
[2024-05-27T03:03:04.144+0000] {processor.py:840} INFO - DAG(s) 'example_setup_teardown' retrieved from /home/airflow/.local/lib/python3.12/site-packages/airflow/example_dags/example_setup_teardown.py
[2024-05-27T03:03:04.154+0000] {logging_mixin.py:188} INFO - [2024-05-27T03:03:04.153+0000] {dag.py:3096} INFO - Sync 1 DAGs
[2024-05-27T03:03:04.163+0000] {logging_mixin.py:188} INFO - [2024-05-27T03:03:04.163+0000] {dag.py:3954} INFO - Setting next_dagrun for example_setup_teardown to 2024-05-26 00:00:00+00:00, run_after=2024-05-27 00:00:00+00:00
[2024-05-27T03:03:04.171+0000] {processor.py:183} INFO - Processing /home/airflow/.local/lib/python3.12/site-packages/airflow/example_dags/example_setup_teardown.py took 0.035 seconds
[2024-05-27T03:03:34.712+0000] {processor.py:161} INFO - Started process (PID=832) to work on /home/airflow/.local/lib/python3.12/site-packages/airflow/example_dags/example_setup_teardown.py
[2024-05-27T03:03:34.713+0000] {processor.py:830} INFO - Processing file /home/airflow/.local/lib/python3.12/site-packages/airflow/example_dags/example_setup_teardown.py for tasks to queue
[2024-05-27T03:03:34.714+0000] {logging_mixin.py:188} INFO - [2024-05-27T03:03:34.714+0000] {dagbag.py:545} INFO - Filling up the DagBag from /home/airflow/.local/lib/python3.12/site-packages/airflow/example_dags/example_setup_teardown.py
[2024-05-27T03:03:34.718+0000] {processor.py:840} INFO - DAG(s) 'example_setup_teardown' retrieved from /home/airflow/.local/lib/python3.12/site-packages/airflow/example_dags/example_setup_teardown.py
[2024-05-27T03:03:34.733+0000] {logging_mixin.py:188} INFO - [2024-05-27T03:03:34.733+0000] {dag.py:3096} INFO - Sync 1 DAGs
[2024-05-27T03:03:34.747+0000] {logging_mixin.py:188} INFO - [2024-05-27T03:03:34.747+0000] {dag.py:3954} INFO - Setting next_dagrun for example_setup_teardown to 2024-05-26 00:00:00+00:00, run_after=2024-05-27 00:00:00+00:00
[2024-05-27T03:03:34.758+0000] {processor.py:183} INFO - Processing /home/airflow/.local/lib/python3.12/site-packages/airflow/example_dags/example_setup_teardown.py took 0.050 seconds
[2024-05-27T03:04:05.528+0000] {processor.py:161} INFO - Started process (PID=890) to work on /home/airflow/.local/lib/python3.12/site-packages/airflow/example_dags/example_setup_teardown.py
[2024-05-27T03:04:05.529+0000] {processor.py:830} INFO - Processing file /home/airflow/.local/lib/python3.12/site-packages/airflow/example_dags/example_setup_teardown.py for tasks to queue
[2024-05-27T03:04:05.530+0000] {logging_mixin.py:188} INFO - [2024-05-27T03:04:05.530+0000] {dagbag.py:545} INFO - Filling up the DagBag from /home/airflow/.local/lib/python3.12/site-packages/airflow/example_dags/example_setup_teardown.py
[2024-05-27T03:04:05.534+0000] {processor.py:840} INFO - DAG(s) 'example_setup_teardown' retrieved from /home/airflow/.local/lib/python3.12/site-packages/airflow/example_dags/example_setup_teardown.py
[2024-05-27T03:04:05.545+0000] {logging_mixin.py:188} INFO - [2024-05-27T03:04:05.545+0000] {dag.py:3096} INFO - Sync 1 DAGs
[2024-05-27T03:04:05.557+0000] {logging_mixin.py:188} INFO - [2024-05-27T03:04:05.557+0000] {dag.py:3954} INFO - Setting next_dagrun for example_setup_teardown to 2024-05-26 00:00:00+00:00, run_after=2024-05-27 00:00:00+00:00
[2024-05-27T03:04:05.567+0000] {processor.py:183} INFO - Processing /home/airflow/.local/lib/python3.12/site-packages/airflow/example_dags/example_setup_teardown.py took 0.042 seconds
[2024-05-27T03:04:36.193+0000] {processor.py:161} INFO - Started process (PID=949) to work on /home/airflow/.local/lib/python3.12/site-packages/airflow/example_dags/example_setup_teardown.py
[2024-05-27T03:04:36.194+0000] {processor.py:830} INFO - Processing file /home/airflow/.local/lib/python3.12/site-packages/airflow/example_dags/example_setup_teardown.py for tasks to queue
[2024-05-27T03:04:36.195+0000] {logging_mixin.py:188} INFO - [2024-05-27T03:04:36.195+0000] {dagbag.py:545} INFO - Filling up the DagBag from /home/airflow/.local/lib/python3.12/site-packages/airflow/example_dags/example_setup_teardown.py
[2024-05-27T03:04:36.198+0000] {processor.py:840} INFO - DAG(s) 'example_setup_teardown' retrieved from /home/airflow/.local/lib/python3.12/site-packages/airflow/example_dags/example_setup_teardown.py
[2024-05-27T03:04:36.209+0000] {logging_mixin.py:188} INFO - [2024-05-27T03:04:36.209+0000] {dag.py:3096} INFO - Sync 1 DAGs
[2024-05-27T03:04:36.221+0000] {logging_mixin.py:188} INFO - [2024-05-27T03:04:36.221+0000] {dag.py:3954} INFO - Setting next_dagrun for example_setup_teardown to 2024-05-26 00:00:00+00:00, run_after=2024-05-27 00:00:00+00:00
[2024-05-27T03:04:36.229+0000] {processor.py:183} INFO - Processing /home/airflow/.local/lib/python3.12/site-packages/airflow/example_dags/example_setup_teardown.py took 0.038 seconds
[2024-05-27T03:05:06.867+0000] {processor.py:161} INFO - Started process (PID=1008) to work on /home/airflow/.local/lib/python3.12/site-packages/airflow/example_dags/example_setup_teardown.py
[2024-05-27T03:05:06.868+0000] {processor.py:830} INFO - Processing file /home/airflow/.local/lib/python3.12/site-packages/airflow/example_dags/example_setup_teardown.py for tasks to queue
[2024-05-27T03:05:06.869+0000] {logging_mixin.py:188} INFO - [2024-05-27T03:05:06.869+0000] {dagbag.py:545} INFO - Filling up the DagBag from /home/airflow/.local/lib/python3.12/site-packages/airflow/example_dags/example_setup_teardown.py
[2024-05-27T03:05:06.872+0000] {processor.py:840} INFO - DAG(s) 'example_setup_teardown' retrieved from /home/airflow/.local/lib/python3.12/site-packages/airflow/example_dags/example_setup_teardown.py
[2024-05-27T03:05:06.882+0000] {logging_mixin.py:188} INFO - [2024-05-27T03:05:06.882+0000] {dag.py:3096} INFO - Sync 1 DAGs
[2024-05-27T03:05:06.893+0000] {logging_mixin.py:188} INFO - [2024-05-27T03:05:06.893+0000] {dag.py:3954} INFO - Setting next_dagrun for example_setup_teardown to 2024-05-26 00:00:00+00:00, run_after=2024-05-27 00:00:00+00:00
[2024-05-27T03:05:06.901+0000] {processor.py:183} INFO - Processing /home/airflow/.local/lib/python3.12/site-packages/airflow/example_dags/example_setup_teardown.py took 0.037 seconds
[2024-05-27T03:05:37.427+0000] {processor.py:161} INFO - Started process (PID=1067) to work on /home/airflow/.local/lib/python3.12/site-packages/airflow/example_dags/example_setup_teardown.py
[2024-05-27T03:05:37.427+0000] {processor.py:830} INFO - Processing file /home/airflow/.local/lib/python3.12/site-packages/airflow/example_dags/example_setup_teardown.py for tasks to queue
[2024-05-27T03:05:37.428+0000] {logging_mixin.py:188} INFO - [2024-05-27T03:05:37.428+0000] {dagbag.py:545} INFO - Filling up the DagBag from /home/airflow/.local/lib/python3.12/site-packages/airflow/example_dags/example_setup_teardown.py
[2024-05-27T03:05:37.431+0000] {processor.py:840} INFO - DAG(s) 'example_setup_teardown' retrieved from /home/airflow/.local/lib/python3.12/site-packages/airflow/example_dags/example_setup_teardown.py
[2024-05-27T03:05:37.441+0000] {logging_mixin.py:188} INFO - [2024-05-27T03:05:37.441+0000] {dag.py:3096} INFO - Sync 1 DAGs
[2024-05-27T03:05:37.451+0000] {logging_mixin.py:188} INFO - [2024-05-27T03:05:37.451+0000] {dag.py:3954} INFO - Setting next_dagrun for example_setup_teardown to 2024-05-26 00:00:00+00:00, run_after=2024-05-27 00:00:00+00:00
[2024-05-27T03:05:37.460+0000] {processor.py:183} INFO - Processing /home/airflow/.local/lib/python3.12/site-packages/airflow/example_dags/example_setup_teardown.py took 0.036 seconds
[2024-05-27T03:06:08.114+0000] {processor.py:161} INFO - Started process (PID=1126) to work on /home/airflow/.local/lib/python3.12/site-packages/airflow/example_dags/example_setup_teardown.py
[2024-05-27T03:06:08.114+0000] {processor.py:830} INFO - Processing file /home/airflow/.local/lib/python3.12/site-packages/airflow/example_dags/example_setup_teardown.py for tasks to queue
[2024-05-27T03:06:08.115+0000] {logging_mixin.py:188} INFO - [2024-05-27T03:06:08.115+0000] {dagbag.py:545} INFO - Filling up the DagBag from /home/airflow/.local/lib/python3.12/site-packages/airflow/example_dags/example_setup_teardown.py
[2024-05-27T03:06:08.118+0000] {processor.py:840} INFO - DAG(s) 'example_setup_teardown' retrieved from /home/airflow/.local/lib/python3.12/site-packages/airflow/example_dags/example_setup_teardown.py
[2024-05-27T03:06:08.128+0000] {logging_mixin.py:188} INFO - [2024-05-27T03:06:08.128+0000] {dag.py:3096} INFO - Sync 1 DAGs
[2024-05-27T03:06:08.140+0000] {logging_mixin.py:188} INFO - [2024-05-27T03:06:08.140+0000] {dag.py:3954} INFO - Setting next_dagrun for example_setup_teardown to 2024-05-26 00:00:00+00:00, run_after=2024-05-27 00:00:00+00:00
[2024-05-27T03:06:08.149+0000] {processor.py:183} INFO - Processing /home/airflow/.local/lib/python3.12/site-packages/airflow/example_dags/example_setup_teardown.py took 0.038 seconds
[2024-05-27T03:06:38.755+0000] {processor.py:161} INFO - Started process (PID=1185) to work on /home/airflow/.local/lib/python3.12/site-packages/airflow/example_dags/example_setup_teardown.py
[2024-05-27T03:06:38.755+0000] {processor.py:830} INFO - Processing file /home/airflow/.local/lib/python3.12/site-packages/airflow/example_dags/example_setup_teardown.py for tasks to queue
[2024-05-27T03:06:38.756+0000] {logging_mixin.py:188} INFO - [2024-05-27T03:06:38.756+0000] {dagbag.py:545} INFO - Filling up the DagBag from /home/airflow/.local/lib/python3.12/site-packages/airflow/example_dags/example_setup_teardown.py
[2024-05-27T03:06:38.760+0000] {processor.py:840} INFO - DAG(s) 'example_setup_teardown' retrieved from /home/airflow/.local/lib/python3.12/site-packages/airflow/example_dags/example_setup_teardown.py
[2024-05-27T03:06:38.770+0000] {logging_mixin.py:188} INFO - [2024-05-27T03:06:38.770+0000] {dag.py:3096} INFO - Sync 1 DAGs
[2024-05-27T03:06:38.779+0000] {logging_mixin.py:188} INFO - [2024-05-27T03:06:38.779+0000] {dag.py:3954} INFO - Setting next_dagrun for example_setup_teardown to 2024-05-26 00:00:00+00:00, run_after=2024-05-27 00:00:00+00:00
[2024-05-27T03:06:38.787+0000] {processor.py:183} INFO - Processing /home/airflow/.local/lib/python3.12/site-packages/airflow/example_dags/example_setup_teardown.py took 0.036 seconds
[2024-05-27T03:07:09.344+0000] {processor.py:161} INFO - Started process (PID=1244) to work on /home/airflow/.local/lib/python3.12/site-packages/airflow/example_dags/example_setup_teardown.py
[2024-05-27T03:07:09.344+0000] {processor.py:830} INFO - Processing file /home/airflow/.local/lib/python3.12/site-packages/airflow/example_dags/example_setup_teardown.py for tasks to queue
[2024-05-27T03:07:09.345+0000] {logging_mixin.py:188} INFO - [2024-05-27T03:07:09.345+0000] {dagbag.py:545} INFO - Filling up the DagBag from /home/airflow/.local/lib/python3.12/site-packages/airflow/example_dags/example_setup_teardown.py
[2024-05-27T03:07:09.349+0000] {processor.py:840} INFO - DAG(s) 'example_setup_teardown' retrieved from /home/airflow/.local/lib/python3.12/site-packages/airflow/example_dags/example_setup_teardown.py
[2024-05-27T03:07:09.358+0000] {logging_mixin.py:188} INFO - [2024-05-27T03:07:09.358+0000] {dag.py:3096} INFO - Sync 1 DAGs
[2024-05-27T03:07:09.370+0000] {logging_mixin.py:188} INFO - [2024-05-27T03:07:09.370+0000] {dag.py:3954} INFO - Setting next_dagrun for example_setup_teardown to 2024-05-26 00:00:00+00:00, run_after=2024-05-27 00:00:00+00:00
[2024-05-27T03:07:09.380+0000] {processor.py:183} INFO - Processing /home/airflow/.local/lib/python3.12/site-packages/airflow/example_dags/example_setup_teardown.py took 0.039 seconds
[2024-05-27T03:07:40.026+0000] {processor.py:161} INFO - Started process (PID=1303) to work on /home/airflow/.local/lib/python3.12/site-packages/airflow/example_dags/example_setup_teardown.py
[2024-05-27T03:07:40.026+0000] {processor.py:830} INFO - Processing file /home/airflow/.local/lib/python3.12/site-packages/airflow/example_dags/example_setup_teardown.py for tasks to queue
[2024-05-27T03:07:40.027+0000] {logging_mixin.py:188} INFO - [2024-05-27T03:07:40.027+0000] {dagbag.py:545} INFO - Filling up the DagBag from /home/airflow/.local/lib/python3.12/site-packages/airflow/example_dags/example_setup_teardown.py
[2024-05-27T03:07:40.031+0000] {processor.py:840} INFO - DAG(s) 'example_setup_teardown' retrieved from /home/airflow/.local/lib/python3.12/site-packages/airflow/example_dags/example_setup_teardown.py
[2024-05-27T03:07:40.040+0000] {logging_mixin.py:188} INFO - [2024-05-27T03:07:40.040+0000] {dag.py:3096} INFO - Sync 1 DAGs
[2024-05-27T03:07:40.050+0000] {logging_mixin.py:188} INFO - [2024-05-27T03:07:40.050+0000] {dag.py:3954} INFO - Setting next_dagrun for example_setup_teardown to 2024-05-26 00:00:00+00:00, run_after=2024-05-27 00:00:00+00:00
[2024-05-27T03:07:40.059+0000] {processor.py:183} INFO - Processing /home/airflow/.local/lib/python3.12/site-packages/airflow/example_dags/example_setup_teardown.py took 0.036 seconds
[2024-05-27T03:08:37.665+0000] {processor.py:161} INFO - Started process (PID=66) to work on /home/airflow/.local/lib/python3.12/site-packages/airflow/example_dags/example_setup_teardown.py
[2024-05-27T03:08:37.666+0000] {processor.py:830} INFO - Processing file /home/airflow/.local/lib/python3.12/site-packages/airflow/example_dags/example_setup_teardown.py for tasks to queue
[2024-05-27T03:08:37.670+0000] {logging_mixin.py:188} INFO - [2024-05-27T03:08:37.669+0000] {dagbag.py:545} INFO - Filling up the DagBag from /home/airflow/.local/lib/python3.12/site-packages/airflow/example_dags/example_setup_teardown.py
[2024-05-27T03:08:37.678+0000] {processor.py:840} INFO - DAG(s) 'example_setup_teardown' retrieved from /home/airflow/.local/lib/python3.12/site-packages/airflow/example_dags/example_setup_teardown.py
[2024-05-27T03:08:37.696+0000] {logging_mixin.py:188} INFO - [2024-05-27T03:08:37.696+0000] {dag.py:3096} INFO - Sync 1 DAGs
[2024-05-27T03:08:37.713+0000] {logging_mixin.py:188} INFO - [2024-05-27T03:08:37.713+0000] {dag.py:3954} INFO - Setting next_dagrun for example_setup_teardown to 2024-05-26 00:00:00+00:00, run_after=2024-05-27 00:00:00+00:00
[2024-05-27T03:08:37.726+0000] {processor.py:183} INFO - Processing /home/airflow/.local/lib/python3.12/site-packages/airflow/example_dags/example_setup_teardown.py took 0.069 seconds
[2024-05-27T03:09:08.081+0000] {processor.py:161} INFO - Started process (PID=125) to work on /home/airflow/.local/lib/python3.12/site-packages/airflow/example_dags/example_setup_teardown.py
[2024-05-27T03:09:08.082+0000] {processor.py:830} INFO - Processing file /home/airflow/.local/lib/python3.12/site-packages/airflow/example_dags/example_setup_teardown.py for tasks to queue
[2024-05-27T03:09:08.083+0000] {logging_mixin.py:188} INFO - [2024-05-27T03:09:08.083+0000] {dagbag.py:545} INFO - Filling up the DagBag from /home/airflow/.local/lib/python3.12/site-packages/airflow/example_dags/example_setup_teardown.py
[2024-05-27T03:09:08.086+0000] {processor.py:840} INFO - DAG(s) 'example_setup_teardown' retrieved from /home/airflow/.local/lib/python3.12/site-packages/airflow/example_dags/example_setup_teardown.py
[2024-05-27T03:09:08.128+0000] {logging_mixin.py:188} INFO - [2024-05-27T03:09:08.128+0000] {dag.py:3096} INFO - Sync 1 DAGs
[2024-05-27T03:09:08.137+0000] {logging_mixin.py:188} INFO - [2024-05-27T03:09:08.137+0000] {dag.py:3954} INFO - Setting next_dagrun for example_setup_teardown to 2024-05-26 00:00:00+00:00, run_after=2024-05-27 00:00:00+00:00
[2024-05-27T03:09:08.145+0000] {processor.py:183} INFO - Processing /home/airflow/.local/lib/python3.12/site-packages/airflow/example_dags/example_setup_teardown.py took 0.067 seconds
[2024-05-27T03:09:38.843+0000] {processor.py:161} INFO - Started process (PID=184) to work on /home/airflow/.local/lib/python3.12/site-packages/airflow/example_dags/example_setup_teardown.py
[2024-05-27T03:09:38.844+0000] {processor.py:830} INFO - Processing file /home/airflow/.local/lib/python3.12/site-packages/airflow/example_dags/example_setup_teardown.py for tasks to queue
[2024-05-27T03:09:38.845+0000] {logging_mixin.py:188} INFO - [2024-05-27T03:09:38.844+0000] {dagbag.py:545} INFO - Filling up the DagBag from /home/airflow/.local/lib/python3.12/site-packages/airflow/example_dags/example_setup_teardown.py
[2024-05-27T03:09:38.848+0000] {processor.py:840} INFO - DAG(s) 'example_setup_teardown' retrieved from /home/airflow/.local/lib/python3.12/site-packages/airflow/example_dags/example_setup_teardown.py
[2024-05-27T03:09:38.857+0000] {logging_mixin.py:188} INFO - [2024-05-27T03:09:38.857+0000] {dag.py:3096} INFO - Sync 1 DAGs
[2024-05-27T03:09:38.867+0000] {logging_mixin.py:188} INFO - [2024-05-27T03:09:38.867+0000] {dag.py:3954} INFO - Setting next_dagrun for example_setup_teardown to 2024-05-26 00:00:00+00:00, run_after=2024-05-27 00:00:00+00:00
[2024-05-27T03:09:38.876+0000] {processor.py:183} INFO - Processing /home/airflow/.local/lib/python3.12/site-packages/airflow/example_dags/example_setup_teardown.py took 0.036 seconds
[2024-05-27T03:10:09.445+0000] {processor.py:161} INFO - Started process (PID=243) to work on /home/airflow/.local/lib/python3.12/site-packages/airflow/example_dags/example_setup_teardown.py
[2024-05-27T03:10:09.446+0000] {processor.py:830} INFO - Processing file /home/airflow/.local/lib/python3.12/site-packages/airflow/example_dags/example_setup_teardown.py for tasks to queue
[2024-05-27T03:10:09.447+0000] {logging_mixin.py:188} INFO - [2024-05-27T03:10:09.447+0000] {dagbag.py:545} INFO - Filling up the DagBag from /home/airflow/.local/lib/python3.12/site-packages/airflow/example_dags/example_setup_teardown.py
[2024-05-27T03:10:09.451+0000] {processor.py:840} INFO - DAG(s) 'example_setup_teardown' retrieved from /home/airflow/.local/lib/python3.12/site-packages/airflow/example_dags/example_setup_teardown.py
[2024-05-27T03:10:09.463+0000] {logging_mixin.py:188} INFO - [2024-05-27T03:10:09.463+0000] {dag.py:3096} INFO - Sync 1 DAGs
[2024-05-27T03:10:09.476+0000] {logging_mixin.py:188} INFO - [2024-05-27T03:10:09.475+0000] {dag.py:3954} INFO - Setting next_dagrun for example_setup_teardown to 2024-05-26 00:00:00+00:00, run_after=2024-05-27 00:00:00+00:00
[2024-05-27T03:10:09.487+0000] {processor.py:183} INFO - Processing /home/airflow/.local/lib/python3.12/site-packages/airflow/example_dags/example_setup_teardown.py took 0.045 seconds
[2024-05-27T03:20:25.262+0000] {processor.py:161} INFO - Started process (PID=66) to work on /home/airflow/.local/lib/python3.12/site-packages/airflow/example_dags/example_setup_teardown.py
[2024-05-27T03:20:25.263+0000] {processor.py:830} INFO - Processing file /home/airflow/.local/lib/python3.12/site-packages/airflow/example_dags/example_setup_teardown.py for tasks to queue
[2024-05-27T03:20:25.265+0000] {logging_mixin.py:188} INFO - [2024-05-27T03:20:25.265+0000] {dagbag.py:545} INFO - Filling up the DagBag from /home/airflow/.local/lib/python3.12/site-packages/airflow/example_dags/example_setup_teardown.py
[2024-05-27T03:20:25.271+0000] {processor.py:840} INFO - DAG(s) 'example_setup_teardown' retrieved from /home/airflow/.local/lib/python3.12/site-packages/airflow/example_dags/example_setup_teardown.py
[2024-05-27T03:20:25.281+0000] {logging_mixin.py:188} INFO - [2024-05-27T03:20:25.281+0000] {dag.py:3096} INFO - Sync 1 DAGs
[2024-05-27T03:20:25.296+0000] {logging_mixin.py:188} INFO - [2024-05-27T03:20:25.296+0000] {dag.py:3954} INFO - Setting next_dagrun for example_setup_teardown to 2024-05-26 00:00:00+00:00, run_after=2024-05-27 00:00:00+00:00
[2024-05-27T03:20:25.307+0000] {processor.py:183} INFO - Processing /home/airflow/.local/lib/python3.12/site-packages/airflow/example_dags/example_setup_teardown.py took 0.051 seconds
[2024-05-27T03:20:55.587+0000] {processor.py:161} INFO - Started process (PID=124) to work on /home/airflow/.local/lib/python3.12/site-packages/airflow/example_dags/example_setup_teardown.py
[2024-05-27T03:20:55.588+0000] {processor.py:830} INFO - Processing file /home/airflow/.local/lib/python3.12/site-packages/airflow/example_dags/example_setup_teardown.py for tasks to queue
[2024-05-27T03:20:55.590+0000] {logging_mixin.py:188} INFO - [2024-05-27T03:20:55.590+0000] {dagbag.py:545} INFO - Filling up the DagBag from /home/airflow/.local/lib/python3.12/site-packages/airflow/example_dags/example_setup_teardown.py
[2024-05-27T03:20:55.594+0000] {processor.py:840} INFO - DAG(s) 'example_setup_teardown' retrieved from /home/airflow/.local/lib/python3.12/site-packages/airflow/example_dags/example_setup_teardown.py
[2024-05-27T03:20:55.639+0000] {logging_mixin.py:188} INFO - [2024-05-27T03:20:55.639+0000] {dag.py:3096} INFO - Sync 1 DAGs
[2024-05-27T03:20:55.648+0000] {logging_mixin.py:188} INFO - [2024-05-27T03:20:55.648+0000] {dag.py:3954} INFO - Setting next_dagrun for example_setup_teardown to 2024-05-26 00:00:00+00:00, run_after=2024-05-27 00:00:00+00:00
[2024-05-27T03:20:55.656+0000] {processor.py:183} INFO - Processing /home/airflow/.local/lib/python3.12/site-packages/airflow/example_dags/example_setup_teardown.py took 0.072 seconds
[2024-05-27T03:21:26.292+0000] {processor.py:161} INFO - Started process (PID=183) to work on /home/airflow/.local/lib/python3.12/site-packages/airflow/example_dags/example_setup_teardown.py
[2024-05-27T03:21:26.292+0000] {processor.py:830} INFO - Processing file /home/airflow/.local/lib/python3.12/site-packages/airflow/example_dags/example_setup_teardown.py for tasks to queue
[2024-05-27T03:21:26.293+0000] {logging_mixin.py:188} INFO - [2024-05-27T03:21:26.293+0000] {dagbag.py:545} INFO - Filling up the DagBag from /home/airflow/.local/lib/python3.12/site-packages/airflow/example_dags/example_setup_teardown.py
[2024-05-27T03:21:26.297+0000] {processor.py:840} INFO - DAG(s) 'example_setup_teardown' retrieved from /home/airflow/.local/lib/python3.12/site-packages/airflow/example_dags/example_setup_teardown.py
[2024-05-27T03:21:26.306+0000] {logging_mixin.py:188} INFO - [2024-05-27T03:21:26.306+0000] {dag.py:3096} INFO - Sync 1 DAGs
[2024-05-27T03:21:26.319+0000] {logging_mixin.py:188} INFO - [2024-05-27T03:21:26.319+0000] {dag.py:3954} INFO - Setting next_dagrun for example_setup_teardown to 2024-05-26 00:00:00+00:00, run_after=2024-05-27 00:00:00+00:00
[2024-05-27T03:21:26.328+0000] {processor.py:183} INFO - Processing /home/airflow/.local/lib/python3.12/site-packages/airflow/example_dags/example_setup_teardown.py took 0.039 seconds
[2024-05-27T03:21:56.841+0000] {processor.py:161} INFO - Started process (PID=243) to work on /home/airflow/.local/lib/python3.12/site-packages/airflow/example_dags/example_setup_teardown.py
[2024-05-27T03:21:56.842+0000] {processor.py:830} INFO - Processing file /home/airflow/.local/lib/python3.12/site-packages/airflow/example_dags/example_setup_teardown.py for tasks to queue
[2024-05-27T03:21:56.843+0000] {logging_mixin.py:188} INFO - [2024-05-27T03:21:56.843+0000] {dagbag.py:545} INFO - Filling up the DagBag from /home/airflow/.local/lib/python3.12/site-packages/airflow/example_dags/example_setup_teardown.py
[2024-05-27T03:21:56.847+0000] {processor.py:840} INFO - DAG(s) 'example_setup_teardown' retrieved from /home/airflow/.local/lib/python3.12/site-packages/airflow/example_dags/example_setup_teardown.py
[2024-05-27T03:21:56.857+0000] {logging_mixin.py:188} INFO - [2024-05-27T03:21:56.857+0000] {dag.py:3096} INFO - Sync 1 DAGs
[2024-05-27T03:21:56.867+0000] {logging_mixin.py:188} INFO - [2024-05-27T03:21:56.867+0000] {dag.py:3954} INFO - Setting next_dagrun for example_setup_teardown to 2024-05-26 00:00:00+00:00, run_after=2024-05-27 00:00:00+00:00
[2024-05-27T03:21:56.877+0000] {processor.py:183} INFO - Processing /home/airflow/.local/lib/python3.12/site-packages/airflow/example_dags/example_setup_teardown.py took 0.039 seconds
[2024-05-27T03:22:27.565+0000] {processor.py:161} INFO - Started process (PID=302) to work on /home/airflow/.local/lib/python3.12/site-packages/airflow/example_dags/example_setup_teardown.py
[2024-05-27T03:22:27.565+0000] {processor.py:830} INFO - Processing file /home/airflow/.local/lib/python3.12/site-packages/airflow/example_dags/example_setup_teardown.py for tasks to queue
[2024-05-27T03:22:27.566+0000] {logging_mixin.py:188} INFO - [2024-05-27T03:22:27.566+0000] {dagbag.py:545} INFO - Filling up the DagBag from /home/airflow/.local/lib/python3.12/site-packages/airflow/example_dags/example_setup_teardown.py
[2024-05-27T03:22:27.570+0000] {processor.py:840} INFO - DAG(s) 'example_setup_teardown' retrieved from /home/airflow/.local/lib/python3.12/site-packages/airflow/example_dags/example_setup_teardown.py
[2024-05-27T03:22:27.580+0000] {logging_mixin.py:188} INFO - [2024-05-27T03:22:27.580+0000] {dag.py:3096} INFO - Sync 1 DAGs
[2024-05-27T03:22:27.589+0000] {logging_mixin.py:188} INFO - [2024-05-27T03:22:27.589+0000] {dag.py:3954} INFO - Setting next_dagrun for example_setup_teardown to 2024-05-26 00:00:00+00:00, run_after=2024-05-27 00:00:00+00:00
[2024-05-27T03:22:27.597+0000] {processor.py:183} INFO - Processing /home/airflow/.local/lib/python3.12/site-packages/airflow/example_dags/example_setup_teardown.py took 0.035 seconds
[2024-05-27T03:22:58.178+0000] {processor.py:161} INFO - Started process (PID=361) to work on /home/airflow/.local/lib/python3.12/site-packages/airflow/example_dags/example_setup_teardown.py
[2024-05-27T03:22:58.179+0000] {processor.py:830} INFO - Processing file /home/airflow/.local/lib/python3.12/site-packages/airflow/example_dags/example_setup_teardown.py for tasks to queue
[2024-05-27T03:22:58.180+0000] {logging_mixin.py:188} INFO - [2024-05-27T03:22:58.179+0000] {dagbag.py:545} INFO - Filling up the DagBag from /home/airflow/.local/lib/python3.12/site-packages/airflow/example_dags/example_setup_teardown.py
[2024-05-27T03:22:58.183+0000] {processor.py:840} INFO - DAG(s) 'example_setup_teardown' retrieved from /home/airflow/.local/lib/python3.12/site-packages/airflow/example_dags/example_setup_teardown.py
[2024-05-27T03:22:58.193+0000] {logging_mixin.py:188} INFO - [2024-05-27T03:22:58.193+0000] {dag.py:3096} INFO - Sync 1 DAGs
[2024-05-27T03:22:58.203+0000] {logging_mixin.py:188} INFO - [2024-05-27T03:22:58.203+0000] {dag.py:3954} INFO - Setting next_dagrun for example_setup_teardown to 2024-05-26 00:00:00+00:00, run_after=2024-05-27 00:00:00+00:00
[2024-05-27T03:22:58.212+0000] {processor.py:183} INFO - Processing /home/airflow/.local/lib/python3.12/site-packages/airflow/example_dags/example_setup_teardown.py took 0.037 seconds
[2024-05-27T03:23:28.772+0000] {processor.py:161} INFO - Started process (PID=420) to work on /home/airflow/.local/lib/python3.12/site-packages/airflow/example_dags/example_setup_teardown.py
[2024-05-27T03:23:28.773+0000] {processor.py:830} INFO - Processing file /home/airflow/.local/lib/python3.12/site-packages/airflow/example_dags/example_setup_teardown.py for tasks to queue
[2024-05-27T03:23:28.774+0000] {logging_mixin.py:188} INFO - [2024-05-27T03:23:28.774+0000] {dagbag.py:545} INFO - Filling up the DagBag from /home/airflow/.local/lib/python3.12/site-packages/airflow/example_dags/example_setup_teardown.py
[2024-05-27T03:23:28.779+0000] {processor.py:840} INFO - DAG(s) 'example_setup_teardown' retrieved from /home/airflow/.local/lib/python3.12/site-packages/airflow/example_dags/example_setup_teardown.py
[2024-05-27T03:23:28.792+0000] {logging_mixin.py:188} INFO - [2024-05-27T03:23:28.792+0000] {dag.py:3096} INFO - Sync 1 DAGs
[2024-05-27T03:23:28.802+0000] {logging_mixin.py:188} INFO - [2024-05-27T03:23:28.802+0000] {dag.py:3954} INFO - Setting next_dagrun for example_setup_teardown to 2024-05-26 00:00:00+00:00, run_after=2024-05-27 00:00:00+00:00
[2024-05-27T03:23:28.811+0000] {processor.py:183} INFO - Processing /home/airflow/.local/lib/python3.12/site-packages/airflow/example_dags/example_setup_teardown.py took 0.042 seconds
[2024-05-27T03:23:59.326+0000] {processor.py:161} INFO - Started process (PID=479) to work on /home/airflow/.local/lib/python3.12/site-packages/airflow/example_dags/example_setup_teardown.py
[2024-05-27T03:23:59.327+0000] {processor.py:830} INFO - Processing file /home/airflow/.local/lib/python3.12/site-packages/airflow/example_dags/example_setup_teardown.py for tasks to queue
[2024-05-27T03:23:59.328+0000] {logging_mixin.py:188} INFO - [2024-05-27T03:23:59.328+0000] {dagbag.py:545} INFO - Filling up the DagBag from /home/airflow/.local/lib/python3.12/site-packages/airflow/example_dags/example_setup_teardown.py
[2024-05-27T03:23:59.331+0000] {processor.py:840} INFO - DAG(s) 'example_setup_teardown' retrieved from /home/airflow/.local/lib/python3.12/site-packages/airflow/example_dags/example_setup_teardown.py
[2024-05-27T03:23:59.341+0000] {logging_mixin.py:188} INFO - [2024-05-27T03:23:59.341+0000] {dag.py:3096} INFO - Sync 1 DAGs
[2024-05-27T03:23:59.351+0000] {logging_mixin.py:188} INFO - [2024-05-27T03:23:59.351+0000] {dag.py:3954} INFO - Setting next_dagrun for example_setup_teardown to 2024-05-26 00:00:00+00:00, run_after=2024-05-27 00:00:00+00:00
[2024-05-27T03:23:59.360+0000] {processor.py:183} INFO - Processing /home/airflow/.local/lib/python3.12/site-packages/airflow/example_dags/example_setup_teardown.py took 0.036 seconds
