[2024-05-27T02:56:56.526+0000] {processor.py:161} INFO - Started process (PID=49) to work on /home/airflow/.local/lib/python3.12/site-packages/airflow/example_dags/example_latest_only_with_trigger.py
[2024-05-27T02:56:56.527+0000] {processor.py:830} INFO - Processing file /home/airflow/.local/lib/python3.12/site-packages/airflow/example_dags/example_latest_only_with_trigger.py for tasks to queue
[2024-05-27T02:56:56.529+0000] {logging_mixin.py:188} INFO - [2024-05-27T02:56:56.529+0000] {dagbag.py:545} INFO - Filling up the DagBag from /home/airflow/.local/lib/python3.12/site-packages/airflow/example_dags/example_latest_only_with_trigger.py
[2024-05-27T02:56:56.537+0000] {processor.py:840} INFO - DAG(s) 'latest_only_with_trigger' retrieved from /home/airflow/.local/lib/python3.12/site-packages/airflow/example_dags/example_latest_only_with_trigger.py
[2024-05-27T02:56:56.546+0000] {logging_mixin.py:188} INFO - [2024-05-27T02:56:56.546+0000] {dag.py:3096} INFO - Sync 1 DAGs
[2024-05-27T02:56:56.563+0000] {logging_mixin.py:188} INFO - [2024-05-27T02:56:56.563+0000] {dag.py:3954} INFO - Setting next_dagrun for latest_only_with_trigger to 2024-05-26 20:00:00+00:00, run_after=2024-05-27 00:00:00+00:00
[2024-05-27T02:56:56.575+0000] {processor.py:183} INFO - Processing /home/airflow/.local/lib/python3.12/site-packages/airflow/example_dags/example_latest_only_with_trigger.py took 0.055 seconds
[2024-05-27T02:57:26.855+0000] {processor.py:161} INFO - Started process (PID=108) to work on /home/airflow/.local/lib/python3.12/site-packages/airflow/example_dags/example_latest_only_with_trigger.py
[2024-05-27T02:57:26.855+0000] {processor.py:830} INFO - Processing file /home/airflow/.local/lib/python3.12/site-packages/airflow/example_dags/example_latest_only_with_trigger.py for tasks to queue
[2024-05-27T02:57:26.856+0000] {logging_mixin.py:188} INFO - [2024-05-27T02:57:26.856+0000] {dagbag.py:545} INFO - Filling up the DagBag from /home/airflow/.local/lib/python3.12/site-packages/airflow/example_dags/example_latest_only_with_trigger.py
[2024-05-27T02:57:26.858+0000] {processor.py:840} INFO - DAG(s) 'latest_only_with_trigger' retrieved from /home/airflow/.local/lib/python3.12/site-packages/airflow/example_dags/example_latest_only_with_trigger.py
[2024-05-27T02:57:26.903+0000] {logging_mixin.py:188} INFO - [2024-05-27T02:57:26.902+0000] {dag.py:3096} INFO - Sync 1 DAGs
[2024-05-27T02:57:26.916+0000] {logging_mixin.py:188} INFO - [2024-05-27T02:57:26.916+0000] {dag.py:3954} INFO - Setting next_dagrun for latest_only_with_trigger to 2024-05-26 20:00:00+00:00, run_after=2024-05-27 00:00:00+00:00
[2024-05-27T02:57:26.926+0000] {processor.py:183} INFO - Processing /home/airflow/.local/lib/python3.12/site-packages/airflow/example_dags/example_latest_only_with_trigger.py took 0.073 seconds
[2024-05-27T02:57:57.937+0000] {processor.py:161} INFO - Started process (PID=167) to work on /home/airflow/.local/lib/python3.12/site-packages/airflow/example_dags/example_latest_only_with_trigger.py
[2024-05-27T02:57:57.937+0000] {processor.py:830} INFO - Processing file /home/airflow/.local/lib/python3.12/site-packages/airflow/example_dags/example_latest_only_with_trigger.py for tasks to queue
[2024-05-27T02:57:57.938+0000] {logging_mixin.py:188} INFO - [2024-05-27T02:57:57.938+0000] {dagbag.py:545} INFO - Filling up the DagBag from /home/airflow/.local/lib/python3.12/site-packages/airflow/example_dags/example_latest_only_with_trigger.py
[2024-05-27T02:57:57.941+0000] {processor.py:840} INFO - DAG(s) 'latest_only_with_trigger' retrieved from /home/airflow/.local/lib/python3.12/site-packages/airflow/example_dags/example_latest_only_with_trigger.py
[2024-05-27T02:57:57.951+0000] {logging_mixin.py:188} INFO - [2024-05-27T02:57:57.951+0000] {dag.py:3096} INFO - Sync 1 DAGs
[2024-05-27T02:57:57.961+0000] {logging_mixin.py:188} INFO - [2024-05-27T02:57:57.961+0000] {dag.py:3954} INFO - Setting next_dagrun for latest_only_with_trigger to 2024-05-26 20:00:00+00:00, run_after=2024-05-27 00:00:00+00:00
[2024-05-27T02:57:57.969+0000] {processor.py:183} INFO - Processing /home/airflow/.local/lib/python3.12/site-packages/airflow/example_dags/example_latest_only_with_trigger.py took 0.035 seconds
[2024-05-27T02:58:28.520+0000] {processor.py:161} INFO - Started process (PID=226) to work on /home/airflow/.local/lib/python3.12/site-packages/airflow/example_dags/example_latest_only_with_trigger.py
[2024-05-27T02:58:28.520+0000] {processor.py:830} INFO - Processing file /home/airflow/.local/lib/python3.12/site-packages/airflow/example_dags/example_latest_only_with_trigger.py for tasks to queue
[2024-05-27T02:58:28.521+0000] {logging_mixin.py:188} INFO - [2024-05-27T02:58:28.521+0000] {dagbag.py:545} INFO - Filling up the DagBag from /home/airflow/.local/lib/python3.12/site-packages/airflow/example_dags/example_latest_only_with_trigger.py
[2024-05-27T02:58:28.524+0000] {processor.py:840} INFO - DAG(s) 'latest_only_with_trigger' retrieved from /home/airflow/.local/lib/python3.12/site-packages/airflow/example_dags/example_latest_only_with_trigger.py
[2024-05-27T02:58:28.534+0000] {logging_mixin.py:188} INFO - [2024-05-27T02:58:28.534+0000] {dag.py:3096} INFO - Sync 1 DAGs
[2024-05-27T02:58:28.543+0000] {logging_mixin.py:188} INFO - [2024-05-27T02:58:28.543+0000] {dag.py:3954} INFO - Setting next_dagrun for latest_only_with_trigger to 2024-05-26 20:00:00+00:00, run_after=2024-05-27 00:00:00+00:00
[2024-05-27T02:58:28.551+0000] {processor.py:183} INFO - Processing /home/airflow/.local/lib/python3.12/site-packages/airflow/example_dags/example_latest_only_with_trigger.py took 0.035 seconds
[2024-05-27T02:58:59.089+0000] {processor.py:161} INFO - Started process (PID=285) to work on /home/airflow/.local/lib/python3.12/site-packages/airflow/example_dags/example_latest_only_with_trigger.py
[2024-05-27T02:58:59.091+0000] {processor.py:830} INFO - Processing file /home/airflow/.local/lib/python3.12/site-packages/airflow/example_dags/example_latest_only_with_trigger.py for tasks to queue
[2024-05-27T02:58:59.095+0000] {logging_mixin.py:188} INFO - [2024-05-27T02:58:59.094+0000] {dagbag.py:545} INFO - Filling up the DagBag from /home/airflow/.local/lib/python3.12/site-packages/airflow/example_dags/example_latest_only_with_trigger.py
[2024-05-27T02:58:59.098+0000] {processor.py:840} INFO - DAG(s) 'latest_only_with_trigger' retrieved from /home/airflow/.local/lib/python3.12/site-packages/airflow/example_dags/example_latest_only_with_trigger.py
[2024-05-27T02:58:59.107+0000] {logging_mixin.py:188} INFO - [2024-05-27T02:58:59.107+0000] {dag.py:3096} INFO - Sync 1 DAGs
[2024-05-27T02:58:59.117+0000] {logging_mixin.py:188} INFO - [2024-05-27T02:58:59.117+0000] {dag.py:3954} INFO - Setting next_dagrun for latest_only_with_trigger to 2024-05-26 20:00:00+00:00, run_after=2024-05-27 00:00:00+00:00
[2024-05-27T02:58:59.126+0000] {processor.py:183} INFO - Processing /home/airflow/.local/lib/python3.12/site-packages/airflow/example_dags/example_latest_only_with_trigger.py took 0.039 seconds
[2024-05-27T02:59:29.641+0000] {processor.py:161} INFO - Started process (PID=344) to work on /home/airflow/.local/lib/python3.12/site-packages/airflow/example_dags/example_latest_only_with_trigger.py
[2024-05-27T02:59:29.641+0000] {processor.py:830} INFO - Processing file /home/airflow/.local/lib/python3.12/site-packages/airflow/example_dags/example_latest_only_with_trigger.py for tasks to queue
[2024-05-27T02:59:29.643+0000] {logging_mixin.py:188} INFO - [2024-05-27T02:59:29.643+0000] {dagbag.py:545} INFO - Filling up the DagBag from /home/airflow/.local/lib/python3.12/site-packages/airflow/example_dags/example_latest_only_with_trigger.py
[2024-05-27T02:59:29.646+0000] {processor.py:840} INFO - DAG(s) 'latest_only_with_trigger' retrieved from /home/airflow/.local/lib/python3.12/site-packages/airflow/example_dags/example_latest_only_with_trigger.py
[2024-05-27T02:59:29.656+0000] {logging_mixin.py:188} INFO - [2024-05-27T02:59:29.656+0000] {dag.py:3096} INFO - Sync 1 DAGs
[2024-05-27T02:59:29.665+0000] {logging_mixin.py:188} INFO - [2024-05-27T02:59:29.665+0000] {dag.py:3954} INFO - Setting next_dagrun for latest_only_with_trigger to 2024-05-26 20:00:00+00:00, run_after=2024-05-27 00:00:00+00:00
[2024-05-27T02:59:29.673+0000] {processor.py:183} INFO - Processing /home/airflow/.local/lib/python3.12/site-packages/airflow/example_dags/example_latest_only_with_trigger.py took 0.036 seconds
[2024-05-27T03:00:00.194+0000] {processor.py:161} INFO - Started process (PID=403) to work on /home/airflow/.local/lib/python3.12/site-packages/airflow/example_dags/example_latest_only_with_trigger.py
[2024-05-27T03:00:00.195+0000] {processor.py:830} INFO - Processing file /home/airflow/.local/lib/python3.12/site-packages/airflow/example_dags/example_latest_only_with_trigger.py for tasks to queue
[2024-05-27T03:00:00.196+0000] {logging_mixin.py:188} INFO - [2024-05-27T03:00:00.196+0000] {dagbag.py:545} INFO - Filling up the DagBag from /home/airflow/.local/lib/python3.12/site-packages/airflow/example_dags/example_latest_only_with_trigger.py
[2024-05-27T03:00:00.199+0000] {processor.py:840} INFO - DAG(s) 'latest_only_with_trigger' retrieved from /home/airflow/.local/lib/python3.12/site-packages/airflow/example_dags/example_latest_only_with_trigger.py
[2024-05-27T03:00:00.209+0000] {logging_mixin.py:188} INFO - [2024-05-27T03:00:00.209+0000] {dag.py:3096} INFO - Sync 1 DAGs
[2024-05-27T03:00:00.219+0000] {logging_mixin.py:188} INFO - [2024-05-27T03:00:00.219+0000] {dag.py:3954} INFO - Setting next_dagrun for latest_only_with_trigger to 2024-05-26 20:00:00+00:00, run_after=2024-05-27 00:00:00+00:00
[2024-05-27T03:00:00.227+0000] {processor.py:183} INFO - Processing /home/airflow/.local/lib/python3.12/site-packages/airflow/example_dags/example_latest_only_with_trigger.py took 0.036 seconds
[2024-05-27T03:00:30.777+0000] {processor.py:161} INFO - Started process (PID=462) to work on /home/airflow/.local/lib/python3.12/site-packages/airflow/example_dags/example_latest_only_with_trigger.py
[2024-05-27T03:00:30.778+0000] {processor.py:830} INFO - Processing file /home/airflow/.local/lib/python3.12/site-packages/airflow/example_dags/example_latest_only_with_trigger.py for tasks to queue
[2024-05-27T03:00:30.779+0000] {logging_mixin.py:188} INFO - [2024-05-27T03:00:30.778+0000] {dagbag.py:545} INFO - Filling up the DagBag from /home/airflow/.local/lib/python3.12/site-packages/airflow/example_dags/example_latest_only_with_trigger.py
[2024-05-27T03:00:30.782+0000] {processor.py:840} INFO - DAG(s) 'latest_only_with_trigger' retrieved from /home/airflow/.local/lib/python3.12/site-packages/airflow/example_dags/example_latest_only_with_trigger.py
[2024-05-27T03:00:30.792+0000] {logging_mixin.py:188} INFO - [2024-05-27T03:00:30.792+0000] {dag.py:3096} INFO - Sync 1 DAGs
[2024-05-27T03:00:30.802+0000] {logging_mixin.py:188} INFO - [2024-05-27T03:00:30.802+0000] {dag.py:3954} INFO - Setting next_dagrun for latest_only_with_trigger to 2024-05-26 20:00:00+00:00, run_after=2024-05-27 00:00:00+00:00
[2024-05-27T03:00:30.811+0000] {processor.py:183} INFO - Processing /home/airflow/.local/lib/python3.12/site-packages/airflow/example_dags/example_latest_only_with_trigger.py took 0.038 seconds
[2024-05-27T03:01:01.324+0000] {processor.py:161} INFO - Started process (PID=520) to work on /home/airflow/.local/lib/python3.12/site-packages/airflow/example_dags/example_latest_only_with_trigger.py
[2024-05-27T03:01:01.325+0000] {processor.py:830} INFO - Processing file /home/airflow/.local/lib/python3.12/site-packages/airflow/example_dags/example_latest_only_with_trigger.py for tasks to queue
[2024-05-27T03:01:01.328+0000] {logging_mixin.py:188} INFO - [2024-05-27T03:01:01.328+0000] {dagbag.py:545} INFO - Filling up the DagBag from /home/airflow/.local/lib/python3.12/site-packages/airflow/example_dags/example_latest_only_with_trigger.py
[2024-05-27T03:01:01.332+0000] {processor.py:840} INFO - DAG(s) 'latest_only_with_trigger' retrieved from /home/airflow/.local/lib/python3.12/site-packages/airflow/example_dags/example_latest_only_with_trigger.py
[2024-05-27T03:01:01.342+0000] {logging_mixin.py:188} INFO - [2024-05-27T03:01:01.341+0000] {dag.py:3096} INFO - Sync 1 DAGs
[2024-05-27T03:01:01.351+0000] {logging_mixin.py:188} INFO - [2024-05-27T03:01:01.351+0000] {dag.py:3954} INFO - Setting next_dagrun for latest_only_with_trigger to 2024-05-26 20:00:00+00:00, run_after=2024-05-27 00:00:00+00:00
[2024-05-27T03:01:01.359+0000] {processor.py:183} INFO - Processing /home/airflow/.local/lib/python3.12/site-packages/airflow/example_dags/example_latest_only_with_trigger.py took 0.038 seconds
[2024-05-27T03:01:31.892+0000] {processor.py:161} INFO - Started process (PID=579) to work on /home/airflow/.local/lib/python3.12/site-packages/airflow/example_dags/example_latest_only_with_trigger.py
[2024-05-27T03:01:31.893+0000] {processor.py:830} INFO - Processing file /home/airflow/.local/lib/python3.12/site-packages/airflow/example_dags/example_latest_only_with_trigger.py for tasks to queue
[2024-05-27T03:01:31.894+0000] {logging_mixin.py:188} INFO - [2024-05-27T03:01:31.894+0000] {dagbag.py:545} INFO - Filling up the DagBag from /home/airflow/.local/lib/python3.12/site-packages/airflow/example_dags/example_latest_only_with_trigger.py
[2024-05-27T03:01:31.897+0000] {processor.py:840} INFO - DAG(s) 'latest_only_with_trigger' retrieved from /home/airflow/.local/lib/python3.12/site-packages/airflow/example_dags/example_latest_only_with_trigger.py
[2024-05-27T03:01:31.907+0000] {logging_mixin.py:188} INFO - [2024-05-27T03:01:31.907+0000] {dag.py:3096} INFO - Sync 1 DAGs
[2024-05-27T03:01:31.917+0000] {logging_mixin.py:188} INFO - [2024-05-27T03:01:31.917+0000] {dag.py:3954} INFO - Setting next_dagrun for latest_only_with_trigger to 2024-05-26 20:00:00+00:00, run_after=2024-05-27 00:00:00+00:00
[2024-05-27T03:01:31.926+0000] {processor.py:183} INFO - Processing /home/airflow/.local/lib/python3.12/site-packages/airflow/example_dags/example_latest_only_with_trigger.py took 0.037 seconds
[2024-05-27T03:02:02.560+0000] {processor.py:161} INFO - Started process (PID=638) to work on /home/airflow/.local/lib/python3.12/site-packages/airflow/example_dags/example_latest_only_with_trigger.py
[2024-05-27T03:02:02.561+0000] {processor.py:830} INFO - Processing file /home/airflow/.local/lib/python3.12/site-packages/airflow/example_dags/example_latest_only_with_trigger.py for tasks to queue
[2024-05-27T03:02:02.561+0000] {logging_mixin.py:188} INFO - [2024-05-27T03:02:02.561+0000] {dagbag.py:545} INFO - Filling up the DagBag from /home/airflow/.local/lib/python3.12/site-packages/airflow/example_dags/example_latest_only_with_trigger.py
[2024-05-27T03:02:02.565+0000] {processor.py:840} INFO - DAG(s) 'latest_only_with_trigger' retrieved from /home/airflow/.local/lib/python3.12/site-packages/airflow/example_dags/example_latest_only_with_trigger.py
[2024-05-27T03:02:02.574+0000] {logging_mixin.py:188} INFO - [2024-05-27T03:02:02.574+0000] {dag.py:3096} INFO - Sync 1 DAGs
[2024-05-27T03:02:02.584+0000] {logging_mixin.py:188} INFO - [2024-05-27T03:02:02.584+0000] {dag.py:3954} INFO - Setting next_dagrun for latest_only_with_trigger to 2024-05-26 20:00:00+00:00, run_after=2024-05-27 00:00:00+00:00
[2024-05-27T03:02:02.592+0000] {processor.py:183} INFO - Processing /home/airflow/.local/lib/python3.12/site-packages/airflow/example_dags/example_latest_only_with_trigger.py took 0.035 seconds
[2024-05-27T03:02:33.128+0000] {processor.py:161} INFO - Started process (PID=697) to work on /home/airflow/.local/lib/python3.12/site-packages/airflow/example_dags/example_latest_only_with_trigger.py
[2024-05-27T03:02:33.129+0000] {processor.py:830} INFO - Processing file /home/airflow/.local/lib/python3.12/site-packages/airflow/example_dags/example_latest_only_with_trigger.py for tasks to queue
[2024-05-27T03:02:33.130+0000] {logging_mixin.py:188} INFO - [2024-05-27T03:02:33.129+0000] {dagbag.py:545} INFO - Filling up the DagBag from /home/airflow/.local/lib/python3.12/site-packages/airflow/example_dags/example_latest_only_with_trigger.py
[2024-05-27T03:02:33.133+0000] {processor.py:840} INFO - DAG(s) 'latest_only_with_trigger' retrieved from /home/airflow/.local/lib/python3.12/site-packages/airflow/example_dags/example_latest_only_with_trigger.py
[2024-05-27T03:02:33.142+0000] {logging_mixin.py:188} INFO - [2024-05-27T03:02:33.142+0000] {dag.py:3096} INFO - Sync 1 DAGs
[2024-05-27T03:02:33.152+0000] {logging_mixin.py:188} INFO - [2024-05-27T03:02:33.152+0000] {dag.py:3954} INFO - Setting next_dagrun for latest_only_with_trigger to 2024-05-26 20:00:00+00:00, run_after=2024-05-27 00:00:00+00:00
[2024-05-27T03:02:33.160+0000] {processor.py:183} INFO - Processing /home/airflow/.local/lib/python3.12/site-packages/airflow/example_dags/example_latest_only_with_trigger.py took 0.035 seconds
[2024-05-27T03:03:03.724+0000] {processor.py:161} INFO - Started process (PID=756) to work on /home/airflow/.local/lib/python3.12/site-packages/airflow/example_dags/example_latest_only_with_trigger.py
[2024-05-27T03:03:03.725+0000] {processor.py:830} INFO - Processing file /home/airflow/.local/lib/python3.12/site-packages/airflow/example_dags/example_latest_only_with_trigger.py for tasks to queue
[2024-05-27T03:03:03.726+0000] {logging_mixin.py:188} INFO - [2024-05-27T03:03:03.726+0000] {dagbag.py:545} INFO - Filling up the DagBag from /home/airflow/.local/lib/python3.12/site-packages/airflow/example_dags/example_latest_only_with_trigger.py
[2024-05-27T03:03:03.729+0000] {processor.py:840} INFO - DAG(s) 'latest_only_with_trigger' retrieved from /home/airflow/.local/lib/python3.12/site-packages/airflow/example_dags/example_latest_only_with_trigger.py
[2024-05-27T03:03:03.739+0000] {logging_mixin.py:188} INFO - [2024-05-27T03:03:03.738+0000] {dag.py:3096} INFO - Sync 1 DAGs
[2024-05-27T03:03:03.748+0000] {logging_mixin.py:188} INFO - [2024-05-27T03:03:03.748+0000] {dag.py:3954} INFO - Setting next_dagrun for latest_only_with_trigger to 2024-05-26 20:00:00+00:00, run_after=2024-05-27 00:00:00+00:00
[2024-05-27T03:03:03.756+0000] {processor.py:183} INFO - Processing /home/airflow/.local/lib/python3.12/site-packages/airflow/example_dags/example_latest_only_with_trigger.py took 0.035 seconds
[2024-05-27T03:03:34.211+0000] {processor.py:161} INFO - Started process (PID=815) to work on /home/airflow/.local/lib/python3.12/site-packages/airflow/example_dags/example_latest_only_with_trigger.py
[2024-05-27T03:03:34.212+0000] {processor.py:830} INFO - Processing file /home/airflow/.local/lib/python3.12/site-packages/airflow/example_dags/example_latest_only_with_trigger.py for tasks to queue
[2024-05-27T03:03:34.213+0000] {logging_mixin.py:188} INFO - [2024-05-27T03:03:34.213+0000] {dagbag.py:545} INFO - Filling up the DagBag from /home/airflow/.local/lib/python3.12/site-packages/airflow/example_dags/example_latest_only_with_trigger.py
[2024-05-27T03:03:34.216+0000] {processor.py:840} INFO - DAG(s) 'latest_only_with_trigger' retrieved from /home/airflow/.local/lib/python3.12/site-packages/airflow/example_dags/example_latest_only_with_trigger.py
[2024-05-27T03:03:34.226+0000] {logging_mixin.py:188} INFO - [2024-05-27T03:03:34.226+0000] {dag.py:3096} INFO - Sync 1 DAGs
[2024-05-27T03:03:34.237+0000] {logging_mixin.py:188} INFO - [2024-05-27T03:03:34.237+0000] {dag.py:3954} INFO - Setting next_dagrun for latest_only_with_trigger to 2024-05-26 20:00:00+00:00, run_after=2024-05-27 00:00:00+00:00
[2024-05-27T03:03:34.245+0000] {processor.py:183} INFO - Processing /home/airflow/.local/lib/python3.12/site-packages/airflow/example_dags/example_latest_only_with_trigger.py took 0.037 seconds
[2024-05-27T03:04:04.873+0000] {processor.py:161} INFO - Started process (PID=873) to work on /home/airflow/.local/lib/python3.12/site-packages/airflow/example_dags/example_latest_only_with_trigger.py
[2024-05-27T03:04:04.874+0000] {processor.py:830} INFO - Processing file /home/airflow/.local/lib/python3.12/site-packages/airflow/example_dags/example_latest_only_with_trigger.py for tasks to queue
[2024-05-27T03:04:04.876+0000] {logging_mixin.py:188} INFO - [2024-05-27T03:04:04.876+0000] {dagbag.py:545} INFO - Filling up the DagBag from /home/airflow/.local/lib/python3.12/site-packages/airflow/example_dags/example_latest_only_with_trigger.py
[2024-05-27T03:04:04.881+0000] {processor.py:840} INFO - DAG(s) 'latest_only_with_trigger' retrieved from /home/airflow/.local/lib/python3.12/site-packages/airflow/example_dags/example_latest_only_with_trigger.py
[2024-05-27T03:04:04.896+0000] {logging_mixin.py:188} INFO - [2024-05-27T03:04:04.895+0000] {dag.py:3096} INFO - Sync 1 DAGs
[2024-05-27T03:04:04.906+0000] {logging_mixin.py:188} INFO - [2024-05-27T03:04:04.906+0000] {dag.py:3954} INFO - Setting next_dagrun for latest_only_with_trigger to 2024-05-26 20:00:00+00:00, run_after=2024-05-27 00:00:00+00:00
[2024-05-27T03:04:04.916+0000] {processor.py:183} INFO - Processing /home/airflow/.local/lib/python3.12/site-packages/airflow/example_dags/example_latest_only_with_trigger.py took 0.047 seconds
[2024-05-27T03:04:35.702+0000] {processor.py:161} INFO - Started process (PID=932) to work on /home/airflow/.local/lib/python3.12/site-packages/airflow/example_dags/example_latest_only_with_trigger.py
[2024-05-27T03:04:35.703+0000] {processor.py:830} INFO - Processing file /home/airflow/.local/lib/python3.12/site-packages/airflow/example_dags/example_latest_only_with_trigger.py for tasks to queue
[2024-05-27T03:04:35.704+0000] {logging_mixin.py:188} INFO - [2024-05-27T03:04:35.703+0000] {dagbag.py:545} INFO - Filling up the DagBag from /home/airflow/.local/lib/python3.12/site-packages/airflow/example_dags/example_latest_only_with_trigger.py
[2024-05-27T03:04:35.707+0000] {processor.py:840} INFO - DAG(s) 'latest_only_with_trigger' retrieved from /home/airflow/.local/lib/python3.12/site-packages/airflow/example_dags/example_latest_only_with_trigger.py
[2024-05-27T03:04:35.717+0000] {logging_mixin.py:188} INFO - [2024-05-27T03:04:35.717+0000] {dag.py:3096} INFO - Sync 1 DAGs
[2024-05-27T03:04:35.727+0000] {logging_mixin.py:188} INFO - [2024-05-27T03:04:35.727+0000] {dag.py:3954} INFO - Setting next_dagrun for latest_only_with_trigger to 2024-05-26 20:00:00+00:00, run_after=2024-05-27 00:00:00+00:00
[2024-05-27T03:04:35.736+0000] {processor.py:183} INFO - Processing /home/airflow/.local/lib/python3.12/site-packages/airflow/example_dags/example_latest_only_with_trigger.py took 0.037 seconds
[2024-05-27T03:05:06.420+0000] {processor.py:161} INFO - Started process (PID=991) to work on /home/airflow/.local/lib/python3.12/site-packages/airflow/example_dags/example_latest_only_with_trigger.py
[2024-05-27T03:05:06.421+0000] {processor.py:830} INFO - Processing file /home/airflow/.local/lib/python3.12/site-packages/airflow/example_dags/example_latest_only_with_trigger.py for tasks to queue
[2024-05-27T03:05:06.421+0000] {logging_mixin.py:188} INFO - [2024-05-27T03:05:06.421+0000] {dagbag.py:545} INFO - Filling up the DagBag from /home/airflow/.local/lib/python3.12/site-packages/airflow/example_dags/example_latest_only_with_trigger.py
[2024-05-27T03:05:06.424+0000] {processor.py:840} INFO - DAG(s) 'latest_only_with_trigger' retrieved from /home/airflow/.local/lib/python3.12/site-packages/airflow/example_dags/example_latest_only_with_trigger.py
[2024-05-27T03:05:06.433+0000] {logging_mixin.py:188} INFO - [2024-05-27T03:05:06.433+0000] {dag.py:3096} INFO - Sync 1 DAGs
[2024-05-27T03:05:06.442+0000] {logging_mixin.py:188} INFO - [2024-05-27T03:05:06.442+0000] {dag.py:3954} INFO - Setting next_dagrun for latest_only_with_trigger to 2024-05-26 20:00:00+00:00, run_after=2024-05-27 00:00:00+00:00
[2024-05-27T03:05:06.449+0000] {processor.py:183} INFO - Processing /home/airflow/.local/lib/python3.12/site-packages/airflow/example_dags/example_latest_only_with_trigger.py took 0.032 seconds
[2024-05-27T03:05:37.005+0000] {processor.py:161} INFO - Started process (PID=1050) to work on /home/airflow/.local/lib/python3.12/site-packages/airflow/example_dags/example_latest_only_with_trigger.py
[2024-05-27T03:05:37.006+0000] {processor.py:830} INFO - Processing file /home/airflow/.local/lib/python3.12/site-packages/airflow/example_dags/example_latest_only_with_trigger.py for tasks to queue
[2024-05-27T03:05:37.007+0000] {logging_mixin.py:188} INFO - [2024-05-27T03:05:37.007+0000] {dagbag.py:545} INFO - Filling up the DagBag from /home/airflow/.local/lib/python3.12/site-packages/airflow/example_dags/example_latest_only_with_trigger.py
[2024-05-27T03:05:37.010+0000] {processor.py:840} INFO - DAG(s) 'latest_only_with_trigger' retrieved from /home/airflow/.local/lib/python3.12/site-packages/airflow/example_dags/example_latest_only_with_trigger.py
[2024-05-27T03:05:37.020+0000] {logging_mixin.py:188} INFO - [2024-05-27T03:05:37.020+0000] {dag.py:3096} INFO - Sync 1 DAGs
[2024-05-27T03:05:37.029+0000] {logging_mixin.py:188} INFO - [2024-05-27T03:05:37.029+0000] {dag.py:3954} INFO - Setting next_dagrun for latest_only_with_trigger to 2024-05-26 20:00:00+00:00, run_after=2024-05-27 00:00:00+00:00
[2024-05-27T03:05:37.037+0000] {processor.py:183} INFO - Processing /home/airflow/.local/lib/python3.12/site-packages/airflow/example_dags/example_latest_only_with_trigger.py took 0.035 seconds
[2024-05-27T03:06:07.595+0000] {processor.py:161} INFO - Started process (PID=1109) to work on /home/airflow/.local/lib/python3.12/site-packages/airflow/example_dags/example_latest_only_with_trigger.py
[2024-05-27T03:06:07.595+0000] {processor.py:830} INFO - Processing file /home/airflow/.local/lib/python3.12/site-packages/airflow/example_dags/example_latest_only_with_trigger.py for tasks to queue
[2024-05-27T03:06:07.598+0000] {logging_mixin.py:188} INFO - [2024-05-27T03:06:07.598+0000] {dagbag.py:545} INFO - Filling up the DagBag from /home/airflow/.local/lib/python3.12/site-packages/airflow/example_dags/example_latest_only_with_trigger.py
[2024-05-27T03:06:07.601+0000] {processor.py:840} INFO - DAG(s) 'latest_only_with_trigger' retrieved from /home/airflow/.local/lib/python3.12/site-packages/airflow/example_dags/example_latest_only_with_trigger.py
[2024-05-27T03:06:07.611+0000] {logging_mixin.py:188} INFO - [2024-05-27T03:06:07.611+0000] {dag.py:3096} INFO - Sync 1 DAGs
[2024-05-27T03:06:07.620+0000] {logging_mixin.py:188} INFO - [2024-05-27T03:06:07.620+0000] {dag.py:3954} INFO - Setting next_dagrun for latest_only_with_trigger to 2024-05-26 20:00:00+00:00, run_after=2024-05-27 00:00:00+00:00
[2024-05-27T03:06:07.628+0000] {processor.py:183} INFO - Processing /home/airflow/.local/lib/python3.12/site-packages/airflow/example_dags/example_latest_only_with_trigger.py took 0.037 seconds
[2024-05-27T03:06:38.297+0000] {processor.py:161} INFO - Started process (PID=1168) to work on /home/airflow/.local/lib/python3.12/site-packages/airflow/example_dags/example_latest_only_with_trigger.py
[2024-05-27T03:06:38.298+0000] {processor.py:830} INFO - Processing file /home/airflow/.local/lib/python3.12/site-packages/airflow/example_dags/example_latest_only_with_trigger.py for tasks to queue
[2024-05-27T03:06:38.299+0000] {logging_mixin.py:188} INFO - [2024-05-27T03:06:38.298+0000] {dagbag.py:545} INFO - Filling up the DagBag from /home/airflow/.local/lib/python3.12/site-packages/airflow/example_dags/example_latest_only_with_trigger.py
[2024-05-27T03:06:38.302+0000] {processor.py:840} INFO - DAG(s) 'latest_only_with_trigger' retrieved from /home/airflow/.local/lib/python3.12/site-packages/airflow/example_dags/example_latest_only_with_trigger.py
[2024-05-27T03:06:38.311+0000] {logging_mixin.py:188} INFO - [2024-05-27T03:06:38.311+0000] {dag.py:3096} INFO - Sync 1 DAGs
[2024-05-27T03:06:38.321+0000] {logging_mixin.py:188} INFO - [2024-05-27T03:06:38.321+0000] {dag.py:3954} INFO - Setting next_dagrun for latest_only_with_trigger to 2024-05-26 20:00:00+00:00, run_after=2024-05-27 00:00:00+00:00
[2024-05-27T03:06:38.329+0000] {processor.py:183} INFO - Processing /home/airflow/.local/lib/python3.12/site-packages/airflow/example_dags/example_latest_only_with_trigger.py took 0.035 seconds
[2024-05-27T03:07:08.851+0000] {processor.py:161} INFO - Started process (PID=1227) to work on /home/airflow/.local/lib/python3.12/site-packages/airflow/example_dags/example_latest_only_with_trigger.py
[2024-05-27T03:07:08.852+0000] {processor.py:830} INFO - Processing file /home/airflow/.local/lib/python3.12/site-packages/airflow/example_dags/example_latest_only_with_trigger.py for tasks to queue
[2024-05-27T03:07:08.853+0000] {logging_mixin.py:188} INFO - [2024-05-27T03:07:08.853+0000] {dagbag.py:545} INFO - Filling up the DagBag from /home/airflow/.local/lib/python3.12/site-packages/airflow/example_dags/example_latest_only_with_trigger.py
[2024-05-27T03:07:08.856+0000] {processor.py:840} INFO - DAG(s) 'latest_only_with_trigger' retrieved from /home/airflow/.local/lib/python3.12/site-packages/airflow/example_dags/example_latest_only_with_trigger.py
[2024-05-27T03:07:08.866+0000] {logging_mixin.py:188} INFO - [2024-05-27T03:07:08.866+0000] {dag.py:3096} INFO - Sync 1 DAGs
[2024-05-27T03:07:08.875+0000] {logging_mixin.py:188} INFO - [2024-05-27T03:07:08.875+0000] {dag.py:3954} INFO - Setting next_dagrun for latest_only_with_trigger to 2024-05-26 20:00:00+00:00, run_after=2024-05-27 00:00:00+00:00
[2024-05-27T03:07:08.883+0000] {processor.py:183} INFO - Processing /home/airflow/.local/lib/python3.12/site-packages/airflow/example_dags/example_latest_only_with_trigger.py took 0.035 seconds
[2024-05-27T03:07:39.465+0000] {processor.py:161} INFO - Started process (PID=1286) to work on /home/airflow/.local/lib/python3.12/site-packages/airflow/example_dags/example_latest_only_with_trigger.py
[2024-05-27T03:07:39.467+0000] {processor.py:830} INFO - Processing file /home/airflow/.local/lib/python3.12/site-packages/airflow/example_dags/example_latest_only_with_trigger.py for tasks to queue
[2024-05-27T03:07:39.470+0000] {logging_mixin.py:188} INFO - [2024-05-27T03:07:39.470+0000] {dagbag.py:545} INFO - Filling up the DagBag from /home/airflow/.local/lib/python3.12/site-packages/airflow/example_dags/example_latest_only_with_trigger.py
[2024-05-27T03:07:39.473+0000] {processor.py:840} INFO - DAG(s) 'latest_only_with_trigger' retrieved from /home/airflow/.local/lib/python3.12/site-packages/airflow/example_dags/example_latest_only_with_trigger.py
[2024-05-27T03:07:39.484+0000] {logging_mixin.py:188} INFO - [2024-05-27T03:07:39.484+0000] {dag.py:3096} INFO - Sync 1 DAGs
[2024-05-27T03:07:39.499+0000] {logging_mixin.py:188} INFO - [2024-05-27T03:07:39.499+0000] {dag.py:3954} INFO - Setting next_dagrun for latest_only_with_trigger to 2024-05-26 20:00:00+00:00, run_after=2024-05-27 00:00:00+00:00
[2024-05-27T03:07:39.512+0000] {processor.py:183} INFO - Processing /home/airflow/.local/lib/python3.12/site-packages/airflow/example_dags/example_latest_only_with_trigger.py took 0.051 seconds
[2024-05-27T03:08:36.839+0000] {processor.py:161} INFO - Started process (PID=49) to work on /home/airflow/.local/lib/python3.12/site-packages/airflow/example_dags/example_latest_only_with_trigger.py
[2024-05-27T03:08:36.840+0000] {processor.py:830} INFO - Processing file /home/airflow/.local/lib/python3.12/site-packages/airflow/example_dags/example_latest_only_with_trigger.py for tasks to queue
[2024-05-27T03:08:36.845+0000] {logging_mixin.py:188} INFO - [2024-05-27T03:08:36.844+0000] {dagbag.py:545} INFO - Filling up the DagBag from /home/airflow/.local/lib/python3.12/site-packages/airflow/example_dags/example_latest_only_with_trigger.py
[2024-05-27T03:08:36.853+0000] {processor.py:840} INFO - DAG(s) 'latest_only_with_trigger' retrieved from /home/airflow/.local/lib/python3.12/site-packages/airflow/example_dags/example_latest_only_with_trigger.py
[2024-05-27T03:08:36.870+0000] {logging_mixin.py:188} INFO - [2024-05-27T03:08:36.870+0000] {dag.py:3096} INFO - Sync 1 DAGs
[2024-05-27T03:08:36.888+0000] {logging_mixin.py:188} INFO - [2024-05-27T03:08:36.887+0000] {dag.py:3954} INFO - Setting next_dagrun for latest_only_with_trigger to 2024-05-26 20:00:00+00:00, run_after=2024-05-27 00:00:00+00:00
[2024-05-27T03:08:36.901+0000] {processor.py:183} INFO - Processing /home/airflow/.local/lib/python3.12/site-packages/airflow/example_dags/example_latest_only_with_trigger.py took 0.068 seconds
[2024-05-27T03:09:07.293+0000] {processor.py:161} INFO - Started process (PID=108) to work on /home/airflow/.local/lib/python3.12/site-packages/airflow/example_dags/example_latest_only_with_trigger.py
[2024-05-27T03:09:07.294+0000] {processor.py:830} INFO - Processing file /home/airflow/.local/lib/python3.12/site-packages/airflow/example_dags/example_latest_only_with_trigger.py for tasks to queue
[2024-05-27T03:09:07.295+0000] {logging_mixin.py:188} INFO - [2024-05-27T03:09:07.295+0000] {dagbag.py:545} INFO - Filling up the DagBag from /home/airflow/.local/lib/python3.12/site-packages/airflow/example_dags/example_latest_only_with_trigger.py
[2024-05-27T03:09:07.298+0000] {processor.py:840} INFO - DAG(s) 'latest_only_with_trigger' retrieved from /home/airflow/.local/lib/python3.12/site-packages/airflow/example_dags/example_latest_only_with_trigger.py
[2024-05-27T03:09:07.347+0000] {logging_mixin.py:188} INFO - [2024-05-27T03:09:07.347+0000] {dag.py:3096} INFO - Sync 1 DAGs
[2024-05-27T03:09:07.357+0000] {logging_mixin.py:188} INFO - [2024-05-27T03:09:07.357+0000] {dag.py:3954} INFO - Setting next_dagrun for latest_only_with_trigger to 2024-05-26 20:00:00+00:00, run_after=2024-05-27 00:00:00+00:00
[2024-05-27T03:09:07.367+0000] {processor.py:183} INFO - Processing /home/airflow/.local/lib/python3.12/site-packages/airflow/example_dags/example_latest_only_with_trigger.py took 0.078 seconds
[2024-05-27T03:09:38.387+0000] {processor.py:161} INFO - Started process (PID=167) to work on /home/airflow/.local/lib/python3.12/site-packages/airflow/example_dags/example_latest_only_with_trigger.py
[2024-05-27T03:09:38.392+0000] {processor.py:830} INFO - Processing file /home/airflow/.local/lib/python3.12/site-packages/airflow/example_dags/example_latest_only_with_trigger.py for tasks to queue
[2024-05-27T03:09:38.394+0000] {logging_mixin.py:188} INFO - [2024-05-27T03:09:38.394+0000] {dagbag.py:545} INFO - Filling up the DagBag from /home/airflow/.local/lib/python3.12/site-packages/airflow/example_dags/example_latest_only_with_trigger.py
[2024-05-27T03:09:38.400+0000] {processor.py:840} INFO - DAG(s) 'latest_only_with_trigger' retrieved from /home/airflow/.local/lib/python3.12/site-packages/airflow/example_dags/example_latest_only_with_trigger.py
[2024-05-27T03:09:38.417+0000] {logging_mixin.py:188} INFO - [2024-05-27T03:09:38.416+0000] {dag.py:3096} INFO - Sync 1 DAGs
[2024-05-27T03:09:38.429+0000] {logging_mixin.py:188} INFO - [2024-05-27T03:09:38.429+0000] {dag.py:3954} INFO - Setting next_dagrun for latest_only_with_trigger to 2024-05-26 20:00:00+00:00, run_after=2024-05-27 00:00:00+00:00
[2024-05-27T03:09:38.439+0000] {processor.py:183} INFO - Processing /home/airflow/.local/lib/python3.12/site-packages/airflow/example_dags/example_latest_only_with_trigger.py took 0.060 seconds
[2024-05-27T03:10:08.983+0000] {processor.py:161} INFO - Started process (PID=226) to work on /home/airflow/.local/lib/python3.12/site-packages/airflow/example_dags/example_latest_only_with_trigger.py
[2024-05-27T03:10:08.986+0000] {processor.py:830} INFO - Processing file /home/airflow/.local/lib/python3.12/site-packages/airflow/example_dags/example_latest_only_with_trigger.py for tasks to queue
[2024-05-27T03:10:08.988+0000] {logging_mixin.py:188} INFO - [2024-05-27T03:10:08.988+0000] {dagbag.py:545} INFO - Filling up the DagBag from /home/airflow/.local/lib/python3.12/site-packages/airflow/example_dags/example_latest_only_with_trigger.py
[2024-05-27T03:10:08.995+0000] {processor.py:840} INFO - DAG(s) 'latest_only_with_trigger' retrieved from /home/airflow/.local/lib/python3.12/site-packages/airflow/example_dags/example_latest_only_with_trigger.py
[2024-05-27T03:10:09.014+0000] {logging_mixin.py:188} INFO - [2024-05-27T03:10:09.014+0000] {dag.py:3096} INFO - Sync 1 DAGs
[2024-05-27T03:10:09.029+0000] {logging_mixin.py:188} INFO - [2024-05-27T03:10:09.029+0000] {dag.py:3954} INFO - Setting next_dagrun for latest_only_with_trigger to 2024-05-26 20:00:00+00:00, run_after=2024-05-27 00:00:00+00:00
[2024-05-27T03:10:09.039+0000] {processor.py:183} INFO - Processing /home/airflow/.local/lib/python3.12/site-packages/airflow/example_dags/example_latest_only_with_trigger.py took 0.065 seconds
[2024-05-27T03:20:24.554+0000] {processor.py:161} INFO - Started process (PID=49) to work on /home/airflow/.local/lib/python3.12/site-packages/airflow/example_dags/example_latest_only_with_trigger.py
[2024-05-27T03:20:24.555+0000] {processor.py:830} INFO - Processing file /home/airflow/.local/lib/python3.12/site-packages/airflow/example_dags/example_latest_only_with_trigger.py for tasks to queue
[2024-05-27T03:20:24.556+0000] {logging_mixin.py:188} INFO - [2024-05-27T03:20:24.556+0000] {dagbag.py:545} INFO - Filling up the DagBag from /home/airflow/.local/lib/python3.12/site-packages/airflow/example_dags/example_latest_only_with_trigger.py
[2024-05-27T03:20:24.562+0000] {processor.py:840} INFO - DAG(s) 'latest_only_with_trigger' retrieved from /home/airflow/.local/lib/python3.12/site-packages/airflow/example_dags/example_latest_only_with_trigger.py
[2024-05-27T03:20:24.570+0000] {logging_mixin.py:188} INFO - [2024-05-27T03:20:24.570+0000] {dag.py:3096} INFO - Sync 1 DAGs
[2024-05-27T03:20:24.587+0000] {logging_mixin.py:188} INFO - [2024-05-27T03:20:24.587+0000] {dag.py:3954} INFO - Setting next_dagrun for latest_only_with_trigger to 2024-05-26 20:00:00+00:00, run_after=2024-05-27 00:00:00+00:00
[2024-05-27T03:20:24.599+0000] {processor.py:183} INFO - Processing /home/airflow/.local/lib/python3.12/site-packages/airflow/example_dags/example_latest_only_with_trigger.py took 0.050 seconds
[2024-05-27T03:20:54.880+0000] {processor.py:161} INFO - Started process (PID=107) to work on /home/airflow/.local/lib/python3.12/site-packages/airflow/example_dags/example_latest_only_with_trigger.py
[2024-05-27T03:20:54.881+0000] {processor.py:830} INFO - Processing file /home/airflow/.local/lib/python3.12/site-packages/airflow/example_dags/example_latest_only_with_trigger.py for tasks to queue
[2024-05-27T03:20:54.881+0000] {logging_mixin.py:188} INFO - [2024-05-27T03:20:54.881+0000] {dagbag.py:545} INFO - Filling up the DagBag from /home/airflow/.local/lib/python3.12/site-packages/airflow/example_dags/example_latest_only_with_trigger.py
[2024-05-27T03:20:54.884+0000] {processor.py:840} INFO - DAG(s) 'latest_only_with_trigger' retrieved from /home/airflow/.local/lib/python3.12/site-packages/airflow/example_dags/example_latest_only_with_trigger.py
[2024-05-27T03:20:54.926+0000] {logging_mixin.py:188} INFO - [2024-05-27T03:20:54.926+0000] {dag.py:3096} INFO - Sync 1 DAGs
[2024-05-27T03:20:54.934+0000] {logging_mixin.py:188} INFO - [2024-05-27T03:20:54.934+0000] {dag.py:3954} INFO - Setting next_dagrun for latest_only_with_trigger to 2024-05-26 20:00:00+00:00, run_after=2024-05-27 00:00:00+00:00
[2024-05-27T03:20:54.943+0000] {processor.py:183} INFO - Processing /home/airflow/.local/lib/python3.12/site-packages/airflow/example_dags/example_latest_only_with_trigger.py took 0.065 seconds
[2024-05-27T03:21:25.858+0000] {processor.py:161} INFO - Started process (PID=166) to work on /home/airflow/.local/lib/python3.12/site-packages/airflow/example_dags/example_latest_only_with_trigger.py
[2024-05-27T03:21:25.859+0000] {processor.py:830} INFO - Processing file /home/airflow/.local/lib/python3.12/site-packages/airflow/example_dags/example_latest_only_with_trigger.py for tasks to queue
[2024-05-27T03:21:25.862+0000] {logging_mixin.py:188} INFO - [2024-05-27T03:21:25.862+0000] {dagbag.py:545} INFO - Filling up the DagBag from /home/airflow/.local/lib/python3.12/site-packages/airflow/example_dags/example_latest_only_with_trigger.py
[2024-05-27T03:21:25.865+0000] {processor.py:840} INFO - DAG(s) 'latest_only_with_trigger' retrieved from /home/airflow/.local/lib/python3.12/site-packages/airflow/example_dags/example_latest_only_with_trigger.py
[2024-05-27T03:21:25.875+0000] {logging_mixin.py:188} INFO - [2024-05-27T03:21:25.875+0000] {dag.py:3096} INFO - Sync 1 DAGs
[2024-05-27T03:21:25.884+0000] {logging_mixin.py:188} INFO - [2024-05-27T03:21:25.884+0000] {dag.py:3954} INFO - Setting next_dagrun for latest_only_with_trigger to 2024-05-26 20:00:00+00:00, run_after=2024-05-27 00:00:00+00:00
[2024-05-27T03:21:25.892+0000] {processor.py:183} INFO - Processing /home/airflow/.local/lib/python3.12/site-packages/airflow/example_dags/example_latest_only_with_trigger.py took 0.037 seconds
[2024-05-27T03:21:56.416+0000] {processor.py:161} INFO - Started process (PID=226) to work on /home/airflow/.local/lib/python3.12/site-packages/airflow/example_dags/example_latest_only_with_trigger.py
[2024-05-27T03:21:56.416+0000] {processor.py:830} INFO - Processing file /home/airflow/.local/lib/python3.12/site-packages/airflow/example_dags/example_latest_only_with_trigger.py for tasks to queue
[2024-05-27T03:21:56.417+0000] {logging_mixin.py:188} INFO - [2024-05-27T03:21:56.417+0000] {dagbag.py:545} INFO - Filling up the DagBag from /home/airflow/.local/lib/python3.12/site-packages/airflow/example_dags/example_latest_only_with_trigger.py
[2024-05-27T03:21:56.420+0000] {processor.py:840} INFO - DAG(s) 'latest_only_with_trigger' retrieved from /home/airflow/.local/lib/python3.12/site-packages/airflow/example_dags/example_latest_only_with_trigger.py
[2024-05-27T03:21:56.430+0000] {logging_mixin.py:188} INFO - [2024-05-27T03:21:56.430+0000] {dag.py:3096} INFO - Sync 1 DAGs
[2024-05-27T03:21:56.439+0000] {logging_mixin.py:188} INFO - [2024-05-27T03:21:56.439+0000] {dag.py:3954} INFO - Setting next_dagrun for latest_only_with_trigger to 2024-05-26 20:00:00+00:00, run_after=2024-05-27 00:00:00+00:00
[2024-05-27T03:21:56.448+0000] {processor.py:183} INFO - Processing /home/airflow/.local/lib/python3.12/site-packages/airflow/example_dags/example_latest_only_with_trigger.py took 0.035 seconds
[2024-05-27T03:22:27.064+0000] {processor.py:161} INFO - Started process (PID=285) to work on /home/airflow/.local/lib/python3.12/site-packages/airflow/example_dags/example_latest_only_with_trigger.py
[2024-05-27T03:22:27.065+0000] {processor.py:830} INFO - Processing file /home/airflow/.local/lib/python3.12/site-packages/airflow/example_dags/example_latest_only_with_trigger.py for tasks to queue
[2024-05-27T03:22:27.066+0000] {logging_mixin.py:188} INFO - [2024-05-27T03:22:27.066+0000] {dagbag.py:545} INFO - Filling up the DagBag from /home/airflow/.local/lib/python3.12/site-packages/airflow/example_dags/example_latest_only_with_trigger.py
[2024-05-27T03:22:27.069+0000] {processor.py:840} INFO - DAG(s) 'latest_only_with_trigger' retrieved from /home/airflow/.local/lib/python3.12/site-packages/airflow/example_dags/example_latest_only_with_trigger.py
[2024-05-27T03:22:27.079+0000] {logging_mixin.py:188} INFO - [2024-05-27T03:22:27.079+0000] {dag.py:3096} INFO - Sync 1 DAGs
[2024-05-27T03:22:27.089+0000] {logging_mixin.py:188} INFO - [2024-05-27T03:22:27.089+0000] {dag.py:3954} INFO - Setting next_dagrun for latest_only_with_trigger to 2024-05-26 20:00:00+00:00, run_after=2024-05-27 00:00:00+00:00
[2024-05-27T03:22:27.098+0000] {processor.py:183} INFO - Processing /home/airflow/.local/lib/python3.12/site-packages/airflow/example_dags/example_latest_only_with_trigger.py took 0.036 seconds
[2024-05-27T03:22:57.743+0000] {processor.py:161} INFO - Started process (PID=344) to work on /home/airflow/.local/lib/python3.12/site-packages/airflow/example_dags/example_latest_only_with_trigger.py
[2024-05-27T03:22:57.744+0000] {processor.py:830} INFO - Processing file /home/airflow/.local/lib/python3.12/site-packages/airflow/example_dags/example_latest_only_with_trigger.py for tasks to queue
[2024-05-27T03:22:57.748+0000] {logging_mixin.py:188} INFO - [2024-05-27T03:22:57.748+0000] {dagbag.py:545} INFO - Filling up the DagBag from /home/airflow/.local/lib/python3.12/site-packages/airflow/example_dags/example_latest_only_with_trigger.py
[2024-05-27T03:22:57.751+0000] {processor.py:840} INFO - DAG(s) 'latest_only_with_trigger' retrieved from /home/airflow/.local/lib/python3.12/site-packages/airflow/example_dags/example_latest_only_with_trigger.py
[2024-05-27T03:22:57.761+0000] {logging_mixin.py:188} INFO - [2024-05-27T03:22:57.761+0000] {dag.py:3096} INFO - Sync 1 DAGs
[2024-05-27T03:22:57.770+0000] {logging_mixin.py:188} INFO - [2024-05-27T03:22:57.770+0000] {dag.py:3954} INFO - Setting next_dagrun for latest_only_with_trigger to 2024-05-26 20:00:00+00:00, run_after=2024-05-27 00:00:00+00:00
[2024-05-27T03:22:57.778+0000] {processor.py:183} INFO - Processing /home/airflow/.local/lib/python3.12/site-packages/airflow/example_dags/example_latest_only_with_trigger.py took 0.039 seconds
[2024-05-27T03:23:28.332+0000] {processor.py:161} INFO - Started process (PID=403) to work on /home/airflow/.local/lib/python3.12/site-packages/airflow/example_dags/example_latest_only_with_trigger.py
[2024-05-27T03:23:28.334+0000] {processor.py:830} INFO - Processing file /home/airflow/.local/lib/python3.12/site-packages/airflow/example_dags/example_latest_only_with_trigger.py for tasks to queue
[2024-05-27T03:23:28.335+0000] {logging_mixin.py:188} INFO - [2024-05-27T03:23:28.335+0000] {dagbag.py:545} INFO - Filling up the DagBag from /home/airflow/.local/lib/python3.12/site-packages/airflow/example_dags/example_latest_only_with_trigger.py
[2024-05-27T03:23:28.338+0000] {processor.py:840} INFO - DAG(s) 'latest_only_with_trigger' retrieved from /home/airflow/.local/lib/python3.12/site-packages/airflow/example_dags/example_latest_only_with_trigger.py
[2024-05-27T03:23:28.348+0000] {logging_mixin.py:188} INFO - [2024-05-27T03:23:28.348+0000] {dag.py:3096} INFO - Sync 1 DAGs
[2024-05-27T03:23:28.357+0000] {logging_mixin.py:188} INFO - [2024-05-27T03:23:28.357+0000] {dag.py:3954} INFO - Setting next_dagrun for latest_only_with_trigger to 2024-05-26 20:00:00+00:00, run_after=2024-05-27 00:00:00+00:00
[2024-05-27T03:23:28.365+0000] {processor.py:183} INFO - Processing /home/airflow/.local/lib/python3.12/site-packages/airflow/example_dags/example_latest_only_with_trigger.py took 0.036 seconds
[2024-05-27T03:23:58.896+0000] {processor.py:161} INFO - Started process (PID=462) to work on /home/airflow/.local/lib/python3.12/site-packages/airflow/example_dags/example_latest_only_with_trigger.py
[2024-05-27T03:23:58.896+0000] {processor.py:830} INFO - Processing file /home/airflow/.local/lib/python3.12/site-packages/airflow/example_dags/example_latest_only_with_trigger.py for tasks to queue
[2024-05-27T03:23:58.897+0000] {logging_mixin.py:188} INFO - [2024-05-27T03:23:58.897+0000] {dagbag.py:545} INFO - Filling up the DagBag from /home/airflow/.local/lib/python3.12/site-packages/airflow/example_dags/example_latest_only_with_trigger.py
[2024-05-27T03:23:58.901+0000] {processor.py:840} INFO - DAG(s) 'latest_only_with_trigger' retrieved from /home/airflow/.local/lib/python3.12/site-packages/airflow/example_dags/example_latest_only_with_trigger.py
[2024-05-27T03:23:58.911+0000] {logging_mixin.py:188} INFO - [2024-05-27T03:23:58.911+0000] {dag.py:3096} INFO - Sync 1 DAGs
[2024-05-27T03:23:58.920+0000] {logging_mixin.py:188} INFO - [2024-05-27T03:23:58.920+0000] {dag.py:3954} INFO - Setting next_dagrun for latest_only_with_trigger to 2024-05-26 20:00:00+00:00, run_after=2024-05-27 00:00:00+00:00
[2024-05-27T03:23:58.928+0000] {processor.py:183} INFO - Processing /home/airflow/.local/lib/python3.12/site-packages/airflow/example_dags/example_latest_only_with_trigger.py took 0.036 seconds
