[2024-05-27T02:56:57.697+0000] {processor.py:161} INFO - Started process (PID=73) to work on /home/airflow/.local/lib/python3.12/site-packages/airflow/example_dags/example_branch_python_dop_operator_3.py
[2024-05-27T02:56:57.698+0000] {processor.py:830} INFO - Processing file /home/airflow/.local/lib/python3.12/site-packages/airflow/example_dags/example_branch_python_dop_operator_3.py for tasks to queue
[2024-05-27T02:56:57.701+0000] {logging_mixin.py:188} INFO - [2024-05-27T02:56:57.701+0000] {dagbag.py:545} INFO - Filling up the DagBag from /home/airflow/.local/lib/python3.12/site-packages/airflow/example_dags/example_branch_python_dop_operator_3.py
[2024-05-27T02:56:57.709+0000] {processor.py:840} INFO - DAG(s) 'example_branch_dop_operator_v3' retrieved from /home/airflow/.local/lib/python3.12/site-packages/airflow/example_dags/example_branch_python_dop_operator_3.py
[2024-05-27T02:56:57.720+0000] {logging_mixin.py:188} INFO - [2024-05-27T02:56:57.720+0000] {dag.py:3096} INFO - Sync 1 DAGs
[2024-05-27T02:56:57.744+0000] {logging_mixin.py:188} INFO - [2024-05-27T02:56:57.744+0000] {dag.py:3954} INFO - Setting next_dagrun for example_branch_dop_operator_v3 to 2024-05-27 02:55:00+00:00, run_after=2024-05-27 02:56:00+00:00
[2024-05-27T02:56:57.759+0000] {processor.py:183} INFO - Processing /home/airflow/.local/lib/python3.12/site-packages/airflow/example_dags/example_branch_python_dop_operator_3.py took 0.068 seconds
[2024-05-27T02:57:27.876+0000] {processor.py:161} INFO - Started process (PID=132) to work on /home/airflow/.local/lib/python3.12/site-packages/airflow/example_dags/example_branch_python_dop_operator_3.py
[2024-05-27T02:57:27.877+0000] {processor.py:830} INFO - Processing file /home/airflow/.local/lib/python3.12/site-packages/airflow/example_dags/example_branch_python_dop_operator_3.py for tasks to queue
[2024-05-27T02:57:27.878+0000] {logging_mixin.py:188} INFO - [2024-05-27T02:57:27.878+0000] {dagbag.py:545} INFO - Filling up the DagBag from /home/airflow/.local/lib/python3.12/site-packages/airflow/example_dags/example_branch_python_dop_operator_3.py
[2024-05-27T02:57:27.881+0000] {processor.py:840} INFO - DAG(s) 'example_branch_dop_operator_v3' retrieved from /home/airflow/.local/lib/python3.12/site-packages/airflow/example_dags/example_branch_python_dop_operator_3.py
[2024-05-27T02:57:27.923+0000] {logging_mixin.py:188} INFO - [2024-05-27T02:57:27.923+0000] {dag.py:3096} INFO - Sync 1 DAGs
[2024-05-27T02:57:27.933+0000] {logging_mixin.py:188} INFO - [2024-05-27T02:57:27.933+0000] {dag.py:3954} INFO - Setting next_dagrun for example_branch_dop_operator_v3 to 2024-05-27 02:56:00+00:00, run_after=2024-05-27 02:57:00+00:00
[2024-05-27T02:57:27.942+0000] {processor.py:183} INFO - Processing /home/airflow/.local/lib/python3.12/site-packages/airflow/example_dags/example_branch_python_dop_operator_3.py took 0.069 seconds
[2024-05-27T02:57:58.529+0000] {processor.py:161} INFO - Started process (PID=191) to work on /home/airflow/.local/lib/python3.12/site-packages/airflow/example_dags/example_branch_python_dop_operator_3.py
[2024-05-27T02:57:58.530+0000] {processor.py:830} INFO - Processing file /home/airflow/.local/lib/python3.12/site-packages/airflow/example_dags/example_branch_python_dop_operator_3.py for tasks to queue
[2024-05-27T02:57:58.532+0000] {logging_mixin.py:188} INFO - [2024-05-27T02:57:58.531+0000] {dagbag.py:545} INFO - Filling up the DagBag from /home/airflow/.local/lib/python3.12/site-packages/airflow/example_dags/example_branch_python_dop_operator_3.py
[2024-05-27T02:57:58.537+0000] {processor.py:840} INFO - DAG(s) 'example_branch_dop_operator_v3' retrieved from /home/airflow/.local/lib/python3.12/site-packages/airflow/example_dags/example_branch_python_dop_operator_3.py
[2024-05-27T02:57:58.565+0000] {logging_mixin.py:188} INFO - [2024-05-27T02:57:58.565+0000] {dag.py:3096} INFO - Sync 1 DAGs
[2024-05-27T02:57:58.577+0000] {logging_mixin.py:188} INFO - [2024-05-27T02:57:58.577+0000] {dag.py:3954} INFO - Setting next_dagrun for example_branch_dop_operator_v3 to 2024-05-27 02:56:00+00:00, run_after=2024-05-27 02:57:00+00:00
[2024-05-27T02:57:58.585+0000] {processor.py:183} INFO - Processing /home/airflow/.local/lib/python3.12/site-packages/airflow/example_dags/example_branch_python_dop_operator_3.py took 0.059 seconds
[2024-05-27T02:58:29.159+0000] {processor.py:161} INFO - Started process (PID=250) to work on /home/airflow/.local/lib/python3.12/site-packages/airflow/example_dags/example_branch_python_dop_operator_3.py
[2024-05-27T02:58:29.160+0000] {processor.py:830} INFO - Processing file /home/airflow/.local/lib/python3.12/site-packages/airflow/example_dags/example_branch_python_dop_operator_3.py for tasks to queue
[2024-05-27T02:58:29.160+0000] {logging_mixin.py:188} INFO - [2024-05-27T02:58:29.160+0000] {dagbag.py:545} INFO - Filling up the DagBag from /home/airflow/.local/lib/python3.12/site-packages/airflow/example_dags/example_branch_python_dop_operator_3.py
[2024-05-27T02:58:29.165+0000] {processor.py:840} INFO - DAG(s) 'example_branch_dop_operator_v3' retrieved from /home/airflow/.local/lib/python3.12/site-packages/airflow/example_dags/example_branch_python_dop_operator_3.py
[2024-05-27T02:58:29.174+0000] {logging_mixin.py:188} INFO - [2024-05-27T02:58:29.174+0000] {dag.py:3096} INFO - Sync 1 DAGs
[2024-05-27T02:58:29.185+0000] {logging_mixin.py:188} INFO - [2024-05-27T02:58:29.185+0000] {dag.py:3954} INFO - Setting next_dagrun for example_branch_dop_operator_v3 to 2024-05-27 02:57:00+00:00, run_after=2024-05-27 02:58:00+00:00
[2024-05-27T02:58:29.193+0000] {processor.py:183} INFO - Processing /home/airflow/.local/lib/python3.12/site-packages/airflow/example_dags/example_branch_python_dop_operator_3.py took 0.037 seconds
[2024-05-27T02:58:59.756+0000] {processor.py:161} INFO - Started process (PID=309) to work on /home/airflow/.local/lib/python3.12/site-packages/airflow/example_dags/example_branch_python_dop_operator_3.py
[2024-05-27T02:58:59.756+0000] {processor.py:830} INFO - Processing file /home/airflow/.local/lib/python3.12/site-packages/airflow/example_dags/example_branch_python_dop_operator_3.py for tasks to queue
[2024-05-27T02:58:59.757+0000] {logging_mixin.py:188} INFO - [2024-05-27T02:58:59.757+0000] {dagbag.py:545} INFO - Filling up the DagBag from /home/airflow/.local/lib/python3.12/site-packages/airflow/example_dags/example_branch_python_dop_operator_3.py
[2024-05-27T02:58:59.761+0000] {processor.py:840} INFO - DAG(s) 'example_branch_dop_operator_v3' retrieved from /home/airflow/.local/lib/python3.12/site-packages/airflow/example_dags/example_branch_python_dop_operator_3.py
[2024-05-27T02:58:59.771+0000] {logging_mixin.py:188} INFO - [2024-05-27T02:58:59.771+0000] {dag.py:3096} INFO - Sync 1 DAGs
[2024-05-27T02:58:59.782+0000] {logging_mixin.py:188} INFO - [2024-05-27T02:58:59.782+0000] {dag.py:3954} INFO - Setting next_dagrun for example_branch_dop_operator_v3 to 2024-05-27 02:57:00+00:00, run_after=2024-05-27 02:58:00+00:00
[2024-05-27T02:58:59.790+0000] {processor.py:183} INFO - Processing /home/airflow/.local/lib/python3.12/site-packages/airflow/example_dags/example_branch_python_dop_operator_3.py took 0.037 seconds
[2024-05-27T02:59:30.272+0000] {processor.py:161} INFO - Started process (PID=368) to work on /home/airflow/.local/lib/python3.12/site-packages/airflow/example_dags/example_branch_python_dop_operator_3.py
[2024-05-27T02:59:30.273+0000] {processor.py:830} INFO - Processing file /home/airflow/.local/lib/python3.12/site-packages/airflow/example_dags/example_branch_python_dop_operator_3.py for tasks to queue
[2024-05-27T02:59:30.274+0000] {logging_mixin.py:188} INFO - [2024-05-27T02:59:30.274+0000] {dagbag.py:545} INFO - Filling up the DagBag from /home/airflow/.local/lib/python3.12/site-packages/airflow/example_dags/example_branch_python_dop_operator_3.py
[2024-05-27T02:59:30.278+0000] {processor.py:840} INFO - DAG(s) 'example_branch_dop_operator_v3' retrieved from /home/airflow/.local/lib/python3.12/site-packages/airflow/example_dags/example_branch_python_dop_operator_3.py
[2024-05-27T02:59:30.287+0000] {logging_mixin.py:188} INFO - [2024-05-27T02:59:30.287+0000] {dag.py:3096} INFO - Sync 1 DAGs
[2024-05-27T02:59:30.298+0000] {logging_mixin.py:188} INFO - [2024-05-27T02:59:30.298+0000] {dag.py:3954} INFO - Setting next_dagrun for example_branch_dop_operator_v3 to 2024-05-27 02:58:00+00:00, run_after=2024-05-27 02:59:00+00:00
[2024-05-27T02:59:30.305+0000] {processor.py:183} INFO - Processing /home/airflow/.local/lib/python3.12/site-packages/airflow/example_dags/example_branch_python_dop_operator_3.py took 0.037 seconds
[2024-05-27T03:00:00.781+0000] {processor.py:161} INFO - Started process (PID=427) to work on /home/airflow/.local/lib/python3.12/site-packages/airflow/example_dags/example_branch_python_dop_operator_3.py
[2024-05-27T03:00:00.781+0000] {processor.py:830} INFO - Processing file /home/airflow/.local/lib/python3.12/site-packages/airflow/example_dags/example_branch_python_dop_operator_3.py for tasks to queue
[2024-05-27T03:00:00.782+0000] {logging_mixin.py:188} INFO - [2024-05-27T03:00:00.782+0000] {dagbag.py:545} INFO - Filling up the DagBag from /home/airflow/.local/lib/python3.12/site-packages/airflow/example_dags/example_branch_python_dop_operator_3.py
[2024-05-27T03:00:00.786+0000] {processor.py:840} INFO - DAG(s) 'example_branch_dop_operator_v3' retrieved from /home/airflow/.local/lib/python3.12/site-packages/airflow/example_dags/example_branch_python_dop_operator_3.py
[2024-05-27T03:00:00.794+0000] {logging_mixin.py:188} INFO - [2024-05-27T03:00:00.793+0000] {dag.py:3096} INFO - Sync 1 DAGs
[2024-05-27T03:00:00.804+0000] {logging_mixin.py:188} INFO - [2024-05-27T03:00:00.804+0000] {dag.py:3954} INFO - Setting next_dagrun for example_branch_dop_operator_v3 to 2024-05-27 02:59:00+00:00, run_after=2024-05-27 03:00:00+00:00
[2024-05-27T03:00:00.812+0000] {processor.py:183} INFO - Processing /home/airflow/.local/lib/python3.12/site-packages/airflow/example_dags/example_branch_python_dop_operator_3.py took 0.034 seconds
[2024-05-27T03:00:31.389+0000] {processor.py:161} INFO - Started process (PID=486) to work on /home/airflow/.local/lib/python3.12/site-packages/airflow/example_dags/example_branch_python_dop_operator_3.py
[2024-05-27T03:00:31.390+0000] {processor.py:830} INFO - Processing file /home/airflow/.local/lib/python3.12/site-packages/airflow/example_dags/example_branch_python_dop_operator_3.py for tasks to queue
[2024-05-27T03:00:31.391+0000] {logging_mixin.py:188} INFO - [2024-05-27T03:00:31.391+0000] {dagbag.py:545} INFO - Filling up the DagBag from /home/airflow/.local/lib/python3.12/site-packages/airflow/example_dags/example_branch_python_dop_operator_3.py
[2024-05-27T03:00:31.395+0000] {processor.py:840} INFO - DAG(s) 'example_branch_dop_operator_v3' retrieved from /home/airflow/.local/lib/python3.12/site-packages/airflow/example_dags/example_branch_python_dop_operator_3.py
[2024-05-27T03:00:31.404+0000] {logging_mixin.py:188} INFO - [2024-05-27T03:00:31.403+0000] {dag.py:3096} INFO - Sync 1 DAGs
[2024-05-27T03:00:31.414+0000] {logging_mixin.py:188} INFO - [2024-05-27T03:00:31.414+0000] {dag.py:3954} INFO - Setting next_dagrun for example_branch_dop_operator_v3 to 2024-05-27 02:59:00+00:00, run_after=2024-05-27 03:00:00+00:00
[2024-05-27T03:00:31.423+0000] {processor.py:183} INFO - Processing /home/airflow/.local/lib/python3.12/site-packages/airflow/example_dags/example_branch_python_dop_operator_3.py took 0.036 seconds
[2024-05-27T03:01:01.956+0000] {processor.py:161} INFO - Started process (PID=544) to work on /home/airflow/.local/lib/python3.12/site-packages/airflow/example_dags/example_branch_python_dop_operator_3.py
[2024-05-27T03:01:01.956+0000] {processor.py:830} INFO - Processing file /home/airflow/.local/lib/python3.12/site-packages/airflow/example_dags/example_branch_python_dop_operator_3.py for tasks to queue
[2024-05-27T03:01:01.957+0000] {logging_mixin.py:188} INFO - [2024-05-27T03:01:01.957+0000] {dagbag.py:545} INFO - Filling up the DagBag from /home/airflow/.local/lib/python3.12/site-packages/airflow/example_dags/example_branch_python_dop_operator_3.py
[2024-05-27T03:01:01.961+0000] {processor.py:840} INFO - DAG(s) 'example_branch_dop_operator_v3' retrieved from /home/airflow/.local/lib/python3.12/site-packages/airflow/example_dags/example_branch_python_dop_operator_3.py
[2024-05-27T03:01:01.969+0000] {logging_mixin.py:188} INFO - [2024-05-27T03:01:01.969+0000] {dag.py:3096} INFO - Sync 1 DAGs
[2024-05-27T03:01:01.980+0000] {logging_mixin.py:188} INFO - [2024-05-27T03:01:01.980+0000] {dag.py:3954} INFO - Setting next_dagrun for example_branch_dop_operator_v3 to 2024-05-27 03:00:00+00:00, run_after=2024-05-27 03:01:00+00:00
[2024-05-27T03:01:01.987+0000] {processor.py:183} INFO - Processing /home/airflow/.local/lib/python3.12/site-packages/airflow/example_dags/example_branch_python_dop_operator_3.py took 0.034 seconds
[2024-05-27T03:01:32.578+0000] {processor.py:161} INFO - Started process (PID=603) to work on /home/airflow/.local/lib/python3.12/site-packages/airflow/example_dags/example_branch_python_dop_operator_3.py
[2024-05-27T03:01:32.579+0000] {processor.py:830} INFO - Processing file /home/airflow/.local/lib/python3.12/site-packages/airflow/example_dags/example_branch_python_dop_operator_3.py for tasks to queue
[2024-05-27T03:01:32.580+0000] {logging_mixin.py:188} INFO - [2024-05-27T03:01:32.580+0000] {dagbag.py:545} INFO - Filling up the DagBag from /home/airflow/.local/lib/python3.12/site-packages/airflow/example_dags/example_branch_python_dop_operator_3.py
[2024-05-27T03:01:32.584+0000] {processor.py:840} INFO - DAG(s) 'example_branch_dop_operator_v3' retrieved from /home/airflow/.local/lib/python3.12/site-packages/airflow/example_dags/example_branch_python_dop_operator_3.py
[2024-05-27T03:01:32.594+0000] {logging_mixin.py:188} INFO - [2024-05-27T03:01:32.593+0000] {dag.py:3096} INFO - Sync 1 DAGs
[2024-05-27T03:01:32.605+0000] {logging_mixin.py:188} INFO - [2024-05-27T03:01:32.605+0000] {dag.py:3954} INFO - Setting next_dagrun for example_branch_dop_operator_v3 to 2024-05-27 03:00:00+00:00, run_after=2024-05-27 03:01:00+00:00
[2024-05-27T03:01:32.613+0000] {processor.py:183} INFO - Processing /home/airflow/.local/lib/python3.12/site-packages/airflow/example_dags/example_branch_python_dop_operator_3.py took 0.038 seconds
[2024-05-27T03:02:03.169+0000] {processor.py:161} INFO - Started process (PID=662) to work on /home/airflow/.local/lib/python3.12/site-packages/airflow/example_dags/example_branch_python_dop_operator_3.py
[2024-05-27T03:02:03.169+0000] {processor.py:830} INFO - Processing file /home/airflow/.local/lib/python3.12/site-packages/airflow/example_dags/example_branch_python_dop_operator_3.py for tasks to queue
[2024-05-27T03:02:03.170+0000] {logging_mixin.py:188} INFO - [2024-05-27T03:02:03.170+0000] {dagbag.py:545} INFO - Filling up the DagBag from /home/airflow/.local/lib/python3.12/site-packages/airflow/example_dags/example_branch_python_dop_operator_3.py
[2024-05-27T03:02:03.174+0000] {processor.py:840} INFO - DAG(s) 'example_branch_dop_operator_v3' retrieved from /home/airflow/.local/lib/python3.12/site-packages/airflow/example_dags/example_branch_python_dop_operator_3.py
[2024-05-27T03:02:03.183+0000] {logging_mixin.py:188} INFO - [2024-05-27T03:02:03.183+0000] {dag.py:3096} INFO - Sync 1 DAGs
[2024-05-27T03:02:03.194+0000] {logging_mixin.py:188} INFO - [2024-05-27T03:02:03.194+0000] {dag.py:3954} INFO - Setting next_dagrun for example_branch_dop_operator_v3 to 2024-05-27 03:01:00+00:00, run_after=2024-05-27 03:02:00+00:00
[2024-05-27T03:02:03.202+0000] {processor.py:183} INFO - Processing /home/airflow/.local/lib/python3.12/site-packages/airflow/example_dags/example_branch_python_dop_operator_3.py took 0.036 seconds
[2024-05-27T03:02:33.737+0000] {processor.py:161} INFO - Started process (PID=721) to work on /home/airflow/.local/lib/python3.12/site-packages/airflow/example_dags/example_branch_python_dop_operator_3.py
[2024-05-27T03:02:33.738+0000] {processor.py:830} INFO - Processing file /home/airflow/.local/lib/python3.12/site-packages/airflow/example_dags/example_branch_python_dop_operator_3.py for tasks to queue
[2024-05-27T03:02:33.738+0000] {logging_mixin.py:188} INFO - [2024-05-27T03:02:33.738+0000] {dagbag.py:545} INFO - Filling up the DagBag from /home/airflow/.local/lib/python3.12/site-packages/airflow/example_dags/example_branch_python_dop_operator_3.py
[2024-05-27T03:02:33.742+0000] {processor.py:840} INFO - DAG(s) 'example_branch_dop_operator_v3' retrieved from /home/airflow/.local/lib/python3.12/site-packages/airflow/example_dags/example_branch_python_dop_operator_3.py
[2024-05-27T03:02:33.751+0000] {logging_mixin.py:188} INFO - [2024-05-27T03:02:33.751+0000] {dag.py:3096} INFO - Sync 1 DAGs
[2024-05-27T03:02:33.762+0000] {logging_mixin.py:188} INFO - [2024-05-27T03:02:33.761+0000] {dag.py:3954} INFO - Setting next_dagrun for example_branch_dop_operator_v3 to 2024-05-27 03:01:00+00:00, run_after=2024-05-27 03:02:00+00:00
[2024-05-27T03:02:33.770+0000] {processor.py:183} INFO - Processing /home/airflow/.local/lib/python3.12/site-packages/airflow/example_dags/example_branch_python_dop_operator_3.py took 0.036 seconds
[2024-05-27T03:03:04.310+0000] {processor.py:161} INFO - Started process (PID=780) to work on /home/airflow/.local/lib/python3.12/site-packages/airflow/example_dags/example_branch_python_dop_operator_3.py
[2024-05-27T03:03:04.310+0000] {processor.py:830} INFO - Processing file /home/airflow/.local/lib/python3.12/site-packages/airflow/example_dags/example_branch_python_dop_operator_3.py for tasks to queue
[2024-05-27T03:03:04.311+0000] {logging_mixin.py:188} INFO - [2024-05-27T03:03:04.311+0000] {dagbag.py:545} INFO - Filling up the DagBag from /home/airflow/.local/lib/python3.12/site-packages/airflow/example_dags/example_branch_python_dop_operator_3.py
[2024-05-27T03:03:04.315+0000] {processor.py:840} INFO - DAG(s) 'example_branch_dop_operator_v3' retrieved from /home/airflow/.local/lib/python3.12/site-packages/airflow/example_dags/example_branch_python_dop_operator_3.py
[2024-05-27T03:03:04.324+0000] {logging_mixin.py:188} INFO - [2024-05-27T03:03:04.324+0000] {dag.py:3096} INFO - Sync 1 DAGs
[2024-05-27T03:03:04.334+0000] {logging_mixin.py:188} INFO - [2024-05-27T03:03:04.334+0000] {dag.py:3954} INFO - Setting next_dagrun for example_branch_dop_operator_v3 to 2024-05-27 03:02:00+00:00, run_after=2024-05-27 03:03:00+00:00
[2024-05-27T03:03:04.341+0000] {processor.py:183} INFO - Processing /home/airflow/.local/lib/python3.12/site-packages/airflow/example_dags/example_branch_python_dop_operator_3.py took 0.034 seconds
[2024-05-27T03:03:34.912+0000] {processor.py:161} INFO - Started process (PID=839) to work on /home/airflow/.local/lib/python3.12/site-packages/airflow/example_dags/example_branch_python_dop_operator_3.py
[2024-05-27T03:03:34.912+0000] {processor.py:830} INFO - Processing file /home/airflow/.local/lib/python3.12/site-packages/airflow/example_dags/example_branch_python_dop_operator_3.py for tasks to queue
[2024-05-27T03:03:34.913+0000] {logging_mixin.py:188} INFO - [2024-05-27T03:03:34.913+0000] {dagbag.py:545} INFO - Filling up the DagBag from /home/airflow/.local/lib/python3.12/site-packages/airflow/example_dags/example_branch_python_dop_operator_3.py
[2024-05-27T03:03:34.917+0000] {processor.py:840} INFO - DAG(s) 'example_branch_dop_operator_v3' retrieved from /home/airflow/.local/lib/python3.12/site-packages/airflow/example_dags/example_branch_python_dop_operator_3.py
[2024-05-27T03:03:34.926+0000] {logging_mixin.py:188} INFO - [2024-05-27T03:03:34.925+0000] {dag.py:3096} INFO - Sync 1 DAGs
[2024-05-27T03:03:34.936+0000] {logging_mixin.py:188} INFO - [2024-05-27T03:03:34.936+0000] {dag.py:3954} INFO - Setting next_dagrun for example_branch_dop_operator_v3 to 2024-05-27 03:02:00+00:00, run_after=2024-05-27 03:03:00+00:00
[2024-05-27T03:03:34.944+0000] {processor.py:183} INFO - Processing /home/airflow/.local/lib/python3.12/site-packages/airflow/example_dags/example_branch_python_dop_operator_3.py took 0.035 seconds
[2024-05-27T03:04:05.755+0000] {processor.py:161} INFO - Started process (PID=897) to work on /home/airflow/.local/lib/python3.12/site-packages/airflow/example_dags/example_branch_python_dop_operator_3.py
[2024-05-27T03:04:05.756+0000] {processor.py:830} INFO - Processing file /home/airflow/.local/lib/python3.12/site-packages/airflow/example_dags/example_branch_python_dop_operator_3.py for tasks to queue
[2024-05-27T03:04:05.758+0000] {logging_mixin.py:188} INFO - [2024-05-27T03:04:05.758+0000] {dagbag.py:545} INFO - Filling up the DagBag from /home/airflow/.local/lib/python3.12/site-packages/airflow/example_dags/example_branch_python_dop_operator_3.py
[2024-05-27T03:04:05.763+0000] {processor.py:840} INFO - DAG(s) 'example_branch_dop_operator_v3' retrieved from /home/airflow/.local/lib/python3.12/site-packages/airflow/example_dags/example_branch_python_dop_operator_3.py
[2024-05-27T03:04:05.774+0000] {logging_mixin.py:188} INFO - [2024-05-27T03:04:05.774+0000] {dag.py:3096} INFO - Sync 1 DAGs
[2024-05-27T03:04:05.786+0000] {logging_mixin.py:188} INFO - [2024-05-27T03:04:05.786+0000] {dag.py:3954} INFO - Setting next_dagrun for example_branch_dop_operator_v3 to 2024-05-27 03:03:00+00:00, run_after=2024-05-27 03:04:00+00:00
[2024-05-27T03:04:05.795+0000] {processor.py:183} INFO - Processing /home/airflow/.local/lib/python3.12/site-packages/airflow/example_dags/example_branch_python_dop_operator_3.py took 0.043 seconds
[2024-05-27T03:04:36.396+0000] {processor.py:161} INFO - Started process (PID=956) to work on /home/airflow/.local/lib/python3.12/site-packages/airflow/example_dags/example_branch_python_dop_operator_3.py
[2024-05-27T03:04:36.398+0000] {processor.py:830} INFO - Processing file /home/airflow/.local/lib/python3.12/site-packages/airflow/example_dags/example_branch_python_dop_operator_3.py for tasks to queue
[2024-05-27T03:04:36.399+0000] {logging_mixin.py:188} INFO - [2024-05-27T03:04:36.399+0000] {dagbag.py:545} INFO - Filling up the DagBag from /home/airflow/.local/lib/python3.12/site-packages/airflow/example_dags/example_branch_python_dop_operator_3.py
[2024-05-27T03:04:36.403+0000] {processor.py:840} INFO - DAG(s) 'example_branch_dop_operator_v3' retrieved from /home/airflow/.local/lib/python3.12/site-packages/airflow/example_dags/example_branch_python_dop_operator_3.py
[2024-05-27T03:04:36.412+0000] {logging_mixin.py:188} INFO - [2024-05-27T03:04:36.412+0000] {dag.py:3096} INFO - Sync 1 DAGs
[2024-05-27T03:04:36.424+0000] {logging_mixin.py:188} INFO - [2024-05-27T03:04:36.424+0000] {dag.py:3954} INFO - Setting next_dagrun for example_branch_dop_operator_v3 to 2024-05-27 03:03:00+00:00, run_after=2024-05-27 03:04:00+00:00
[2024-05-27T03:04:36.436+0000] {processor.py:183} INFO - Processing /home/airflow/.local/lib/python3.12/site-packages/airflow/example_dags/example_branch_python_dop_operator_3.py took 0.043 seconds
[2024-05-27T03:05:07.056+0000] {processor.py:161} INFO - Started process (PID=1015) to work on /home/airflow/.local/lib/python3.12/site-packages/airflow/example_dags/example_branch_python_dop_operator_3.py
[2024-05-27T03:05:07.056+0000] {processor.py:830} INFO - Processing file /home/airflow/.local/lib/python3.12/site-packages/airflow/example_dags/example_branch_python_dop_operator_3.py for tasks to queue
[2024-05-27T03:05:07.058+0000] {logging_mixin.py:188} INFO - [2024-05-27T03:05:07.058+0000] {dagbag.py:545} INFO - Filling up the DagBag from /home/airflow/.local/lib/python3.12/site-packages/airflow/example_dags/example_branch_python_dop_operator_3.py
[2024-05-27T03:05:07.062+0000] {processor.py:840} INFO - DAG(s) 'example_branch_dop_operator_v3' retrieved from /home/airflow/.local/lib/python3.12/site-packages/airflow/example_dags/example_branch_python_dop_operator_3.py
[2024-05-27T03:05:07.072+0000] {logging_mixin.py:188} INFO - [2024-05-27T03:05:07.072+0000] {dag.py:3096} INFO - Sync 1 DAGs
[2024-05-27T03:05:07.084+0000] {logging_mixin.py:188} INFO - [2024-05-27T03:05:07.084+0000] {dag.py:3954} INFO - Setting next_dagrun for example_branch_dop_operator_v3 to 2024-05-27 03:04:00+00:00, run_after=2024-05-27 03:05:00+00:00
[2024-05-27T03:05:07.093+0000] {processor.py:183} INFO - Processing /home/airflow/.local/lib/python3.12/site-packages/airflow/example_dags/example_branch_python_dop_operator_3.py took 0.040 seconds
[2024-05-27T03:05:37.611+0000] {processor.py:161} INFO - Started process (PID=1074) to work on /home/airflow/.local/lib/python3.12/site-packages/airflow/example_dags/example_branch_python_dop_operator_3.py
[2024-05-27T03:05:37.611+0000] {processor.py:830} INFO - Processing file /home/airflow/.local/lib/python3.12/site-packages/airflow/example_dags/example_branch_python_dop_operator_3.py for tasks to queue
[2024-05-27T03:05:37.612+0000] {logging_mixin.py:188} INFO - [2024-05-27T03:05:37.612+0000] {dagbag.py:545} INFO - Filling up the DagBag from /home/airflow/.local/lib/python3.12/site-packages/airflow/example_dags/example_branch_python_dop_operator_3.py
[2024-05-27T03:05:37.616+0000] {processor.py:840} INFO - DAG(s) 'example_branch_dop_operator_v3' retrieved from /home/airflow/.local/lib/python3.12/site-packages/airflow/example_dags/example_branch_python_dop_operator_3.py
[2024-05-27T03:05:37.625+0000] {logging_mixin.py:188} INFO - [2024-05-27T03:05:37.625+0000] {dag.py:3096} INFO - Sync 1 DAGs
[2024-05-27T03:05:37.635+0000] {logging_mixin.py:188} INFO - [2024-05-27T03:05:37.635+0000] {dag.py:3954} INFO - Setting next_dagrun for example_branch_dop_operator_v3 to 2024-05-27 03:04:00+00:00, run_after=2024-05-27 03:05:00+00:00
[2024-05-27T03:05:37.642+0000] {processor.py:183} INFO - Processing /home/airflow/.local/lib/python3.12/site-packages/airflow/example_dags/example_branch_python_dop_operator_3.py took 0.034 seconds
[2024-05-27T03:06:08.297+0000] {processor.py:161} INFO - Started process (PID=1133) to work on /home/airflow/.local/lib/python3.12/site-packages/airflow/example_dags/example_branch_python_dop_operator_3.py
[2024-05-27T03:06:08.300+0000] {processor.py:830} INFO - Processing file /home/airflow/.local/lib/python3.12/site-packages/airflow/example_dags/example_branch_python_dop_operator_3.py for tasks to queue
[2024-05-27T03:06:08.301+0000] {logging_mixin.py:188} INFO - [2024-05-27T03:06:08.301+0000] {dagbag.py:545} INFO - Filling up the DagBag from /home/airflow/.local/lib/python3.12/site-packages/airflow/example_dags/example_branch_python_dop_operator_3.py
[2024-05-27T03:06:08.306+0000] {processor.py:840} INFO - DAG(s) 'example_branch_dop_operator_v3' retrieved from /home/airflow/.local/lib/python3.12/site-packages/airflow/example_dags/example_branch_python_dop_operator_3.py
[2024-05-27T03:06:08.315+0000] {logging_mixin.py:188} INFO - [2024-05-27T03:06:08.315+0000] {dag.py:3096} INFO - Sync 1 DAGs
[2024-05-27T03:06:08.325+0000] {logging_mixin.py:188} INFO - [2024-05-27T03:06:08.325+0000] {dag.py:3954} INFO - Setting next_dagrun for example_branch_dop_operator_v3 to 2024-05-27 03:05:00+00:00, run_after=2024-05-27 03:06:00+00:00
[2024-05-27T03:06:08.335+0000] {processor.py:183} INFO - Processing /home/airflow/.local/lib/python3.12/site-packages/airflow/example_dags/example_branch_python_dop_operator_3.py took 0.041 seconds
[2024-05-27T03:06:38.933+0000] {processor.py:161} INFO - Started process (PID=1192) to work on /home/airflow/.local/lib/python3.12/site-packages/airflow/example_dags/example_branch_python_dop_operator_3.py
[2024-05-27T03:06:38.934+0000] {processor.py:830} INFO - Processing file /home/airflow/.local/lib/python3.12/site-packages/airflow/example_dags/example_branch_python_dop_operator_3.py for tasks to queue
[2024-05-27T03:06:38.934+0000] {logging_mixin.py:188} INFO - [2024-05-27T03:06:38.934+0000] {dagbag.py:545} INFO - Filling up the DagBag from /home/airflow/.local/lib/python3.12/site-packages/airflow/example_dags/example_branch_python_dop_operator_3.py
[2024-05-27T03:06:38.939+0000] {processor.py:840} INFO - DAG(s) 'example_branch_dop_operator_v3' retrieved from /home/airflow/.local/lib/python3.12/site-packages/airflow/example_dags/example_branch_python_dop_operator_3.py
[2024-05-27T03:06:38.947+0000] {logging_mixin.py:188} INFO - [2024-05-27T03:06:38.947+0000] {dag.py:3096} INFO - Sync 1 DAGs
[2024-05-27T03:06:38.958+0000] {logging_mixin.py:188} INFO - [2024-05-27T03:06:38.958+0000] {dag.py:3954} INFO - Setting next_dagrun for example_branch_dop_operator_v3 to 2024-05-27 03:05:00+00:00, run_after=2024-05-27 03:06:00+00:00
[2024-05-27T03:06:38.965+0000] {processor.py:183} INFO - Processing /home/airflow/.local/lib/python3.12/site-packages/airflow/example_dags/example_branch_python_dop_operator_3.py took 0.035 seconds
[2024-05-27T03:07:09.520+0000] {processor.py:161} INFO - Started process (PID=1251) to work on /home/airflow/.local/lib/python3.12/site-packages/airflow/example_dags/example_branch_python_dop_operator_3.py
[2024-05-27T03:07:09.520+0000] {processor.py:830} INFO - Processing file /home/airflow/.local/lib/python3.12/site-packages/airflow/example_dags/example_branch_python_dop_operator_3.py for tasks to queue
[2024-05-27T03:07:09.521+0000] {logging_mixin.py:188} INFO - [2024-05-27T03:07:09.521+0000] {dagbag.py:545} INFO - Filling up the DagBag from /home/airflow/.local/lib/python3.12/site-packages/airflow/example_dags/example_branch_python_dop_operator_3.py
[2024-05-27T03:07:09.525+0000] {processor.py:840} INFO - DAG(s) 'example_branch_dop_operator_v3' retrieved from /home/airflow/.local/lib/python3.12/site-packages/airflow/example_dags/example_branch_python_dop_operator_3.py
[2024-05-27T03:07:09.535+0000] {logging_mixin.py:188} INFO - [2024-05-27T03:07:09.535+0000] {dag.py:3096} INFO - Sync 1 DAGs
[2024-05-27T03:07:09.546+0000] {logging_mixin.py:188} INFO - [2024-05-27T03:07:09.546+0000] {dag.py:3954} INFO - Setting next_dagrun for example_branch_dop_operator_v3 to 2024-05-27 03:06:00+00:00, run_after=2024-05-27 03:07:00+00:00
[2024-05-27T03:07:09.554+0000] {processor.py:183} INFO - Processing /home/airflow/.local/lib/python3.12/site-packages/airflow/example_dags/example_branch_python_dop_operator_3.py took 0.038 seconds
[2024-05-27T03:07:40.213+0000] {processor.py:161} INFO - Started process (PID=1310) to work on /home/airflow/.local/lib/python3.12/site-packages/airflow/example_dags/example_branch_python_dop_operator_3.py
[2024-05-27T03:07:40.215+0000] {processor.py:830} INFO - Processing file /home/airflow/.local/lib/python3.12/site-packages/airflow/example_dags/example_branch_python_dop_operator_3.py for tasks to queue
[2024-05-27T03:07:40.217+0000] {logging_mixin.py:188} INFO - [2024-05-27T03:07:40.217+0000] {dagbag.py:545} INFO - Filling up the DagBag from /home/airflow/.local/lib/python3.12/site-packages/airflow/example_dags/example_branch_python_dop_operator_3.py
[2024-05-27T03:07:40.221+0000] {processor.py:840} INFO - DAG(s) 'example_branch_dop_operator_v3' retrieved from /home/airflow/.local/lib/python3.12/site-packages/airflow/example_dags/example_branch_python_dop_operator_3.py
[2024-05-27T03:07:40.230+0000] {logging_mixin.py:188} INFO - [2024-05-27T03:07:40.230+0000] {dag.py:3096} INFO - Sync 1 DAGs
[2024-05-27T03:07:40.242+0000] {logging_mixin.py:188} INFO - [2024-05-27T03:07:40.242+0000] {dag.py:3954} INFO - Setting next_dagrun for example_branch_dop_operator_v3 to 2024-05-27 03:06:00+00:00, run_after=2024-05-27 03:07:00+00:00
[2024-05-27T03:07:40.249+0000] {processor.py:183} INFO - Processing /home/airflow/.local/lib/python3.12/site-packages/airflow/example_dags/example_branch_python_dop_operator_3.py took 0.039 seconds
[2024-05-27T03:08:37.963+0000] {processor.py:161} INFO - Started process (PID=73) to work on /home/airflow/.local/lib/python3.12/site-packages/airflow/example_dags/example_branch_python_dop_operator_3.py
[2024-05-27T03:08:37.965+0000] {processor.py:830} INFO - Processing file /home/airflow/.local/lib/python3.12/site-packages/airflow/example_dags/example_branch_python_dop_operator_3.py for tasks to queue
[2024-05-27T03:08:37.967+0000] {logging_mixin.py:188} INFO - [2024-05-27T03:08:37.966+0000] {dagbag.py:545} INFO - Filling up the DagBag from /home/airflow/.local/lib/python3.12/site-packages/airflow/example_dags/example_branch_python_dop_operator_3.py
[2024-05-27T03:08:37.973+0000] {processor.py:840} INFO - DAG(s) 'example_branch_dop_operator_v3' retrieved from /home/airflow/.local/lib/python3.12/site-packages/airflow/example_dags/example_branch_python_dop_operator_3.py
[2024-05-27T03:08:37.981+0000] {logging_mixin.py:188} INFO - [2024-05-27T03:08:37.980+0000] {dag.py:3096} INFO - Sync 1 DAGs
[2024-05-27T03:08:37.998+0000] {logging_mixin.py:188} INFO - [2024-05-27T03:08:37.998+0000] {dag.py:3954} INFO - Setting next_dagrun for example_branch_dop_operator_v3 to 2024-05-27 03:07:00+00:00, run_after=2024-05-27 03:08:00+00:00
[2024-05-27T03:08:38.010+0000] {processor.py:183} INFO - Processing /home/airflow/.local/lib/python3.12/site-packages/airflow/example_dags/example_branch_python_dop_operator_3.py took 0.050 seconds
[2024-05-27T03:09:08.398+0000] {processor.py:161} INFO - Started process (PID=132) to work on /home/airflow/.local/lib/python3.12/site-packages/airflow/example_dags/example_branch_python_dop_operator_3.py
[2024-05-27T03:09:08.399+0000] {processor.py:830} INFO - Processing file /home/airflow/.local/lib/python3.12/site-packages/airflow/example_dags/example_branch_python_dop_operator_3.py for tasks to queue
[2024-05-27T03:09:08.400+0000] {logging_mixin.py:188} INFO - [2024-05-27T03:09:08.399+0000] {dagbag.py:545} INFO - Filling up the DagBag from /home/airflow/.local/lib/python3.12/site-packages/airflow/example_dags/example_branch_python_dop_operator_3.py
[2024-05-27T03:09:08.404+0000] {processor.py:840} INFO - DAG(s) 'example_branch_dop_operator_v3' retrieved from /home/airflow/.local/lib/python3.12/site-packages/airflow/example_dags/example_branch_python_dop_operator_3.py
[2024-05-27T03:09:08.447+0000] {logging_mixin.py:188} INFO - [2024-05-27T03:09:08.447+0000] {dag.py:3096} INFO - Sync 1 DAGs
[2024-05-27T03:09:08.457+0000] {logging_mixin.py:188} INFO - [2024-05-27T03:09:08.457+0000] {dag.py:3954} INFO - Setting next_dagrun for example_branch_dop_operator_v3 to 2024-05-27 03:08:00+00:00, run_after=2024-05-27 03:09:00+00:00
[2024-05-27T03:09:08.465+0000] {processor.py:183} INFO - Processing /home/airflow/.local/lib/python3.12/site-packages/airflow/example_dags/example_branch_python_dop_operator_3.py took 0.070 seconds
[2024-05-27T03:09:39.028+0000] {processor.py:161} INFO - Started process (PID=191) to work on /home/airflow/.local/lib/python3.12/site-packages/airflow/example_dags/example_branch_python_dop_operator_3.py
[2024-05-27T03:09:39.031+0000] {processor.py:830} INFO - Processing file /home/airflow/.local/lib/python3.12/site-packages/airflow/example_dags/example_branch_python_dop_operator_3.py for tasks to queue
[2024-05-27T03:09:39.032+0000] {logging_mixin.py:188} INFO - [2024-05-27T03:09:39.032+0000] {dagbag.py:545} INFO - Filling up the DagBag from /home/airflow/.local/lib/python3.12/site-packages/airflow/example_dags/example_branch_python_dop_operator_3.py
[2024-05-27T03:09:39.036+0000] {processor.py:840} INFO - DAG(s) 'example_branch_dop_operator_v3' retrieved from /home/airflow/.local/lib/python3.12/site-packages/airflow/example_dags/example_branch_python_dop_operator_3.py
[2024-05-27T03:09:39.046+0000] {logging_mixin.py:188} INFO - [2024-05-27T03:09:39.045+0000] {dag.py:3096} INFO - Sync 1 DAGs
[2024-05-27T03:09:39.056+0000] {logging_mixin.py:188} INFO - [2024-05-27T03:09:39.056+0000] {dag.py:3954} INFO - Setting next_dagrun for example_branch_dop_operator_v3 to 2024-05-27 03:08:00+00:00, run_after=2024-05-27 03:09:00+00:00
[2024-05-27T03:09:39.064+0000] {processor.py:183} INFO - Processing /home/airflow/.local/lib/python3.12/site-packages/airflow/example_dags/example_branch_python_dop_operator_3.py took 0.039 seconds
[2024-05-27T03:10:09.716+0000] {processor.py:161} INFO - Started process (PID=250) to work on /home/airflow/.local/lib/python3.12/site-packages/airflow/example_dags/example_branch_python_dop_operator_3.py
[2024-05-27T03:10:09.717+0000] {processor.py:830} INFO - Processing file /home/airflow/.local/lib/python3.12/site-packages/airflow/example_dags/example_branch_python_dop_operator_3.py for tasks to queue
[2024-05-27T03:10:09.718+0000] {logging_mixin.py:188} INFO - [2024-05-27T03:10:09.718+0000] {dagbag.py:545} INFO - Filling up the DagBag from /home/airflow/.local/lib/python3.12/site-packages/airflow/example_dags/example_branch_python_dop_operator_3.py
[2024-05-27T03:10:09.725+0000] {processor.py:840} INFO - DAG(s) 'example_branch_dop_operator_v3' retrieved from /home/airflow/.local/lib/python3.12/site-packages/airflow/example_dags/example_branch_python_dop_operator_3.py
[2024-05-27T03:10:09.739+0000] {logging_mixin.py:188} INFO - [2024-05-27T03:10:09.738+0000] {dag.py:3096} INFO - Sync 1 DAGs
[2024-05-27T03:10:09.755+0000] {logging_mixin.py:188} INFO - [2024-05-27T03:10:09.755+0000] {dag.py:3954} INFO - Setting next_dagrun for example_branch_dop_operator_v3 to 2024-05-27 03:09:00+00:00, run_after=2024-05-27 03:10:00+00:00
[2024-05-27T03:10:09.768+0000] {processor.py:183} INFO - Processing /home/airflow/.local/lib/python3.12/site-packages/airflow/example_dags/example_branch_python_dop_operator_3.py took 0.057 seconds
[2024-05-27T03:20:25.600+0000] {processor.py:161} INFO - Started process (PID=73) to work on /home/airflow/.local/lib/python3.12/site-packages/airflow/example_dags/example_branch_python_dop_operator_3.py
[2024-05-27T03:20:25.601+0000] {processor.py:830} INFO - Processing file /home/airflow/.local/lib/python3.12/site-packages/airflow/example_dags/example_branch_python_dop_operator_3.py for tasks to queue
[2024-05-27T03:20:25.603+0000] {logging_mixin.py:188} INFO - [2024-05-27T03:20:25.603+0000] {dagbag.py:545} INFO - Filling up the DagBag from /home/airflow/.local/lib/python3.12/site-packages/airflow/example_dags/example_branch_python_dop_operator_3.py
[2024-05-27T03:20:25.610+0000] {processor.py:840} INFO - DAG(s) 'example_branch_dop_operator_v3' retrieved from /home/airflow/.local/lib/python3.12/site-packages/airflow/example_dags/example_branch_python_dop_operator_3.py
[2024-05-27T03:20:25.621+0000] {logging_mixin.py:188} INFO - [2024-05-27T03:20:25.620+0000] {dag.py:3096} INFO - Sync 1 DAGs
[2024-05-27T03:20:25.641+0000] {logging_mixin.py:188} INFO - [2024-05-27T03:20:25.641+0000] {dag.py:3954} INFO - Setting next_dagrun for example_branch_dop_operator_v3 to 2024-05-27 03:19:00+00:00, run_after=2024-05-27 03:20:00+00:00
[2024-05-27T03:20:25.659+0000] {processor.py:183} INFO - Processing /home/airflow/.local/lib/python3.12/site-packages/airflow/example_dags/example_branch_python_dop_operator_3.py took 0.063 seconds
[2024-05-27T03:20:55.910+0000] {processor.py:161} INFO - Started process (PID=131) to work on /home/airflow/.local/lib/python3.12/site-packages/airflow/example_dags/example_branch_python_dop_operator_3.py
[2024-05-27T03:20:55.910+0000] {processor.py:830} INFO - Processing file /home/airflow/.local/lib/python3.12/site-packages/airflow/example_dags/example_branch_python_dop_operator_3.py for tasks to queue
[2024-05-27T03:20:55.911+0000] {logging_mixin.py:188} INFO - [2024-05-27T03:20:55.911+0000] {dagbag.py:545} INFO - Filling up the DagBag from /home/airflow/.local/lib/python3.12/site-packages/airflow/example_dags/example_branch_python_dop_operator_3.py
[2024-05-27T03:20:55.915+0000] {processor.py:840} INFO - DAG(s) 'example_branch_dop_operator_v3' retrieved from /home/airflow/.local/lib/python3.12/site-packages/airflow/example_dags/example_branch_python_dop_operator_3.py
[2024-05-27T03:20:55.957+0000] {logging_mixin.py:188} INFO - [2024-05-27T03:20:55.957+0000] {dag.py:3096} INFO - Sync 1 DAGs
[2024-05-27T03:20:55.967+0000] {logging_mixin.py:188} INFO - [2024-05-27T03:20:55.967+0000] {dag.py:3954} INFO - Setting next_dagrun for example_branch_dop_operator_v3 to 2024-05-27 03:19:00+00:00, run_after=2024-05-27 03:20:00+00:00
[2024-05-27T03:20:55.975+0000] {processor.py:183} INFO - Processing /home/airflow/.local/lib/python3.12/site-packages/airflow/example_dags/example_branch_python_dop_operator_3.py took 0.068 seconds
[2024-05-27T03:21:26.476+0000] {processor.py:161} INFO - Started process (PID=190) to work on /home/airflow/.local/lib/python3.12/site-packages/airflow/example_dags/example_branch_python_dop_operator_3.py
[2024-05-27T03:21:26.479+0000] {processor.py:830} INFO - Processing file /home/airflow/.local/lib/python3.12/site-packages/airflow/example_dags/example_branch_python_dop_operator_3.py for tasks to queue
[2024-05-27T03:21:26.480+0000] {logging_mixin.py:188} INFO - [2024-05-27T03:21:26.479+0000] {dagbag.py:545} INFO - Filling up the DagBag from /home/airflow/.local/lib/python3.12/site-packages/airflow/example_dags/example_branch_python_dop_operator_3.py
[2024-05-27T03:21:26.484+0000] {processor.py:840} INFO - DAG(s) 'example_branch_dop_operator_v3' retrieved from /home/airflow/.local/lib/python3.12/site-packages/airflow/example_dags/example_branch_python_dop_operator_3.py
[2024-05-27T03:21:26.493+0000] {logging_mixin.py:188} INFO - [2024-05-27T03:21:26.493+0000] {dag.py:3096} INFO - Sync 1 DAGs
[2024-05-27T03:21:26.504+0000] {logging_mixin.py:188} INFO - [2024-05-27T03:21:26.504+0000] {dag.py:3954} INFO - Setting next_dagrun for example_branch_dop_operator_v3 to 2024-05-27 03:20:00+00:00, run_after=2024-05-27 03:21:00+00:00
[2024-05-27T03:21:26.512+0000] {processor.py:183} INFO - Processing /home/airflow/.local/lib/python3.12/site-packages/airflow/example_dags/example_branch_python_dop_operator_3.py took 0.039 seconds
[2024-05-27T03:21:57.034+0000] {processor.py:161} INFO - Started process (PID=250) to work on /home/airflow/.local/lib/python3.12/site-packages/airflow/example_dags/example_branch_python_dop_operator_3.py
[2024-05-27T03:21:57.034+0000] {processor.py:830} INFO - Processing file /home/airflow/.local/lib/python3.12/site-packages/airflow/example_dags/example_branch_python_dop_operator_3.py for tasks to queue
[2024-05-27T03:21:57.035+0000] {logging_mixin.py:188} INFO - [2024-05-27T03:21:57.035+0000] {dagbag.py:545} INFO - Filling up the DagBag from /home/airflow/.local/lib/python3.12/site-packages/airflow/example_dags/example_branch_python_dop_operator_3.py
[2024-05-27T03:21:57.040+0000] {processor.py:840} INFO - DAG(s) 'example_branch_dop_operator_v3' retrieved from /home/airflow/.local/lib/python3.12/site-packages/airflow/example_dags/example_branch_python_dop_operator_3.py
[2024-05-27T03:21:57.049+0000] {logging_mixin.py:188} INFO - [2024-05-27T03:21:57.049+0000] {dag.py:3096} INFO - Sync 1 DAGs
[2024-05-27T03:21:57.060+0000] {logging_mixin.py:188} INFO - [2024-05-27T03:21:57.060+0000] {dag.py:3954} INFO - Setting next_dagrun for example_branch_dop_operator_v3 to 2024-05-27 03:20:00+00:00, run_after=2024-05-27 03:21:00+00:00
[2024-05-27T03:21:57.069+0000] {processor.py:183} INFO - Processing /home/airflow/.local/lib/python3.12/site-packages/airflow/example_dags/example_branch_python_dop_operator_3.py took 0.038 seconds
[2024-05-27T03:22:27.738+0000] {processor.py:161} INFO - Started process (PID=309) to work on /home/airflow/.local/lib/python3.12/site-packages/airflow/example_dags/example_branch_python_dop_operator_3.py
[2024-05-27T03:22:27.739+0000] {processor.py:830} INFO - Processing file /home/airflow/.local/lib/python3.12/site-packages/airflow/example_dags/example_branch_python_dop_operator_3.py for tasks to queue
[2024-05-27T03:22:27.740+0000] {logging_mixin.py:188} INFO - [2024-05-27T03:22:27.740+0000] {dagbag.py:545} INFO - Filling up the DagBag from /home/airflow/.local/lib/python3.12/site-packages/airflow/example_dags/example_branch_python_dop_operator_3.py
[2024-05-27T03:22:27.746+0000] {processor.py:840} INFO - DAG(s) 'example_branch_dop_operator_v3' retrieved from /home/airflow/.local/lib/python3.12/site-packages/airflow/example_dags/example_branch_python_dop_operator_3.py
[2024-05-27T03:22:27.756+0000] {logging_mixin.py:188} INFO - [2024-05-27T03:22:27.756+0000] {dag.py:3096} INFO - Sync 1 DAGs
[2024-05-27T03:22:27.767+0000] {logging_mixin.py:188} INFO - [2024-05-27T03:22:27.767+0000] {dag.py:3954} INFO - Setting next_dagrun for example_branch_dop_operator_v3 to 2024-05-27 03:21:00+00:00, run_after=2024-05-27 03:22:00+00:00
[2024-05-27T03:22:27.776+0000] {processor.py:183} INFO - Processing /home/airflow/.local/lib/python3.12/site-packages/airflow/example_dags/example_branch_python_dop_operator_3.py took 0.040 seconds
[2024-05-27T03:22:58.369+0000] {processor.py:161} INFO - Started process (PID=368) to work on /home/airflow/.local/lib/python3.12/site-packages/airflow/example_dags/example_branch_python_dop_operator_3.py
[2024-05-27T03:22:58.370+0000] {processor.py:830} INFO - Processing file /home/airflow/.local/lib/python3.12/site-packages/airflow/example_dags/example_branch_python_dop_operator_3.py for tasks to queue
[2024-05-27T03:22:58.372+0000] {logging_mixin.py:188} INFO - [2024-05-27T03:22:58.371+0000] {dagbag.py:545} INFO - Filling up the DagBag from /home/airflow/.local/lib/python3.12/site-packages/airflow/example_dags/example_branch_python_dop_operator_3.py
[2024-05-27T03:22:58.376+0000] {processor.py:840} INFO - DAG(s) 'example_branch_dop_operator_v3' retrieved from /home/airflow/.local/lib/python3.12/site-packages/airflow/example_dags/example_branch_python_dop_operator_3.py
[2024-05-27T03:22:58.386+0000] {logging_mixin.py:188} INFO - [2024-05-27T03:22:58.386+0000] {dag.py:3096} INFO - Sync 1 DAGs
[2024-05-27T03:22:58.397+0000] {logging_mixin.py:188} INFO - [2024-05-27T03:22:58.397+0000] {dag.py:3954} INFO - Setting next_dagrun for example_branch_dop_operator_v3 to 2024-05-27 03:21:00+00:00, run_after=2024-05-27 03:22:00+00:00
[2024-05-27T03:22:58.404+0000] {processor.py:183} INFO - Processing /home/airflow/.local/lib/python3.12/site-packages/airflow/example_dags/example_branch_python_dop_operator_3.py took 0.038 seconds
[2024-05-27T03:23:28.961+0000] {processor.py:161} INFO - Started process (PID=427) to work on /home/airflow/.local/lib/python3.12/site-packages/airflow/example_dags/example_branch_python_dop_operator_3.py
[2024-05-27T03:23:28.962+0000] {processor.py:830} INFO - Processing file /home/airflow/.local/lib/python3.12/site-packages/airflow/example_dags/example_branch_python_dop_operator_3.py for tasks to queue
[2024-05-27T03:23:28.963+0000] {logging_mixin.py:188} INFO - [2024-05-27T03:23:28.963+0000] {dagbag.py:545} INFO - Filling up the DagBag from /home/airflow/.local/lib/python3.12/site-packages/airflow/example_dags/example_branch_python_dop_operator_3.py
[2024-05-27T03:23:28.968+0000] {processor.py:840} INFO - DAG(s) 'example_branch_dop_operator_v3' retrieved from /home/airflow/.local/lib/python3.12/site-packages/airflow/example_dags/example_branch_python_dop_operator_3.py
[2024-05-27T03:23:28.978+0000] {logging_mixin.py:188} INFO - [2024-05-27T03:23:28.978+0000] {dag.py:3096} INFO - Sync 1 DAGs
[2024-05-27T03:23:28.989+0000] {logging_mixin.py:188} INFO - [2024-05-27T03:23:28.989+0000] {dag.py:3954} INFO - Setting next_dagrun for example_branch_dop_operator_v3 to 2024-05-27 03:22:00+00:00, run_after=2024-05-27 03:23:00+00:00
[2024-05-27T03:23:28.996+0000] {processor.py:183} INFO - Processing /home/airflow/.local/lib/python3.12/site-packages/airflow/example_dags/example_branch_python_dop_operator_3.py took 0.038 seconds
[2024-05-27T03:23:59.508+0000] {processor.py:161} INFO - Started process (PID=486) to work on /home/airflow/.local/lib/python3.12/site-packages/airflow/example_dags/example_branch_python_dop_operator_3.py
[2024-05-27T03:23:59.509+0000] {processor.py:830} INFO - Processing file /home/airflow/.local/lib/python3.12/site-packages/airflow/example_dags/example_branch_python_dop_operator_3.py for tasks to queue
[2024-05-27T03:23:59.510+0000] {logging_mixin.py:188} INFO - [2024-05-27T03:23:59.510+0000] {dagbag.py:545} INFO - Filling up the DagBag from /home/airflow/.local/lib/python3.12/site-packages/airflow/example_dags/example_branch_python_dop_operator_3.py
[2024-05-27T03:23:59.514+0000] {processor.py:840} INFO - DAG(s) 'example_branch_dop_operator_v3' retrieved from /home/airflow/.local/lib/python3.12/site-packages/airflow/example_dags/example_branch_python_dop_operator_3.py
[2024-05-27T03:23:59.523+0000] {logging_mixin.py:188} INFO - [2024-05-27T03:23:59.523+0000] {dag.py:3096} INFO - Sync 1 DAGs
[2024-05-27T03:23:59.533+0000] {logging_mixin.py:188} INFO - [2024-05-27T03:23:59.533+0000] {dag.py:3954} INFO - Setting next_dagrun for example_branch_dop_operator_v3 to 2024-05-27 03:22:00+00:00, run_after=2024-05-27 03:23:00+00:00
[2024-05-27T03:23:59.540+0000] {processor.py:183} INFO - Processing /home/airflow/.local/lib/python3.12/site-packages/airflow/example_dags/example_branch_python_dop_operator_3.py took 0.034 seconds
