[2024-05-27T02:56:57.717+0000] {processor.py:161} INFO - Started process (PID=74) to work on /home/airflow/.local/lib/python3.12/site-packages/airflow/example_dags/example_latest_only.py
[2024-05-27T02:56:57.718+0000] {processor.py:830} INFO - Processing file /home/airflow/.local/lib/python3.12/site-packages/airflow/example_dags/example_latest_only.py for tasks to queue
[2024-05-27T02:56:57.721+0000] {logging_mixin.py:188} INFO - [2024-05-27T02:56:57.720+0000] {dagbag.py:545} INFO - Filling up the DagBag from /home/airflow/.local/lib/python3.12/site-packages/airflow/example_dags/example_latest_only.py
[2024-05-27T02:56:57.732+0000] {processor.py:840} INFO - DAG(s) 'latest_only' retrieved from /home/airflow/.local/lib/python3.12/site-packages/airflow/example_dags/example_latest_only.py
[2024-05-27T02:56:57.744+0000] {logging_mixin.py:188} INFO - [2024-05-27T02:56:57.744+0000] {dag.py:3096} INFO - Sync 1 DAGs
[2024-05-27T02:56:57.765+0000] {logging_mixin.py:188} INFO - [2024-05-27T02:56:57.765+0000] {dag.py:3954} INFO - Setting next_dagrun for latest_only to 2024-05-26 20:00:00+00:00, run_after=2024-05-27 00:00:00+00:00
[2024-05-27T02:56:57.783+0000] {processor.py:183} INFO - Processing /home/airflow/.local/lib/python3.12/site-packages/airflow/example_dags/example_latest_only.py took 0.071 seconds
[2024-05-27T02:57:27.931+0000] {processor.py:161} INFO - Started process (PID=133) to work on /home/airflow/.local/lib/python3.12/site-packages/airflow/example_dags/example_latest_only.py
[2024-05-27T02:57:27.931+0000] {processor.py:830} INFO - Processing file /home/airflow/.local/lib/python3.12/site-packages/airflow/example_dags/example_latest_only.py for tasks to queue
[2024-05-27T02:57:27.932+0000] {logging_mixin.py:188} INFO - [2024-05-27T02:57:27.932+0000] {dagbag.py:545} INFO - Filling up the DagBag from /home/airflow/.local/lib/python3.12/site-packages/airflow/example_dags/example_latest_only.py
[2024-05-27T02:57:27.935+0000] {processor.py:840} INFO - DAG(s) 'latest_only' retrieved from /home/airflow/.local/lib/python3.12/site-packages/airflow/example_dags/example_latest_only.py
[2024-05-27T02:57:27.979+0000] {logging_mixin.py:188} INFO - [2024-05-27T02:57:27.978+0000] {dag.py:3096} INFO - Sync 1 DAGs
[2024-05-27T02:57:27.987+0000] {logging_mixin.py:188} INFO - [2024-05-27T02:57:27.987+0000] {dag.py:3954} INFO - Setting next_dagrun for latest_only to 2024-05-26 20:00:00+00:00, run_after=2024-05-27 00:00:00+00:00
[2024-05-27T02:57:27.995+0000] {processor.py:183} INFO - Processing /home/airflow/.local/lib/python3.12/site-packages/airflow/example_dags/example_latest_only.py took 0.067 seconds
[2024-05-27T02:57:58.567+0000] {processor.py:161} INFO - Started process (PID=192) to work on /home/airflow/.local/lib/python3.12/site-packages/airflow/example_dags/example_latest_only.py
[2024-05-27T02:57:58.568+0000] {processor.py:830} INFO - Processing file /home/airflow/.local/lib/python3.12/site-packages/airflow/example_dags/example_latest_only.py for tasks to queue
[2024-05-27T02:57:58.568+0000] {logging_mixin.py:188} INFO - [2024-05-27T02:57:58.568+0000] {dagbag.py:545} INFO - Filling up the DagBag from /home/airflow/.local/lib/python3.12/site-packages/airflow/example_dags/example_latest_only.py
[2024-05-27T02:57:58.571+0000] {processor.py:840} INFO - DAG(s) 'latest_only' retrieved from /home/airflow/.local/lib/python3.12/site-packages/airflow/example_dags/example_latest_only.py
[2024-05-27T02:57:58.581+0000] {logging_mixin.py:188} INFO - [2024-05-27T02:57:58.581+0000] {dag.py:3096} INFO - Sync 1 DAGs
[2024-05-27T02:57:58.591+0000] {logging_mixin.py:188} INFO - [2024-05-27T02:57:58.591+0000] {dag.py:3954} INFO - Setting next_dagrun for latest_only to 2024-05-26 20:00:00+00:00, run_after=2024-05-27 00:00:00+00:00
[2024-05-27T02:57:58.601+0000] {processor.py:183} INFO - Processing /home/airflow/.local/lib/python3.12/site-packages/airflow/example_dags/example_latest_only.py took 0.037 seconds
[2024-05-27T02:58:29.164+0000] {processor.py:161} INFO - Started process (PID=251) to work on /home/airflow/.local/lib/python3.12/site-packages/airflow/example_dags/example_latest_only.py
[2024-05-27T02:58:29.164+0000] {processor.py:830} INFO - Processing file /home/airflow/.local/lib/python3.12/site-packages/airflow/example_dags/example_latest_only.py for tasks to queue
[2024-05-27T02:58:29.165+0000] {logging_mixin.py:188} INFO - [2024-05-27T02:58:29.165+0000] {dagbag.py:545} INFO - Filling up the DagBag from /home/airflow/.local/lib/python3.12/site-packages/airflow/example_dags/example_latest_only.py
[2024-05-27T02:58:29.168+0000] {processor.py:840} INFO - DAG(s) 'latest_only' retrieved from /home/airflow/.local/lib/python3.12/site-packages/airflow/example_dags/example_latest_only.py
[2024-05-27T02:58:29.177+0000] {logging_mixin.py:188} INFO - [2024-05-27T02:58:29.177+0000] {dag.py:3096} INFO - Sync 1 DAGs
[2024-05-27T02:58:29.186+0000] {logging_mixin.py:188} INFO - [2024-05-27T02:58:29.186+0000] {dag.py:3954} INFO - Setting next_dagrun for latest_only to 2024-05-26 20:00:00+00:00, run_after=2024-05-27 00:00:00+00:00
[2024-05-27T02:58:29.195+0000] {processor.py:183} INFO - Processing /home/airflow/.local/lib/python3.12/site-packages/airflow/example_dags/example_latest_only.py took 0.034 seconds
[2024-05-27T02:58:59.757+0000] {processor.py:161} INFO - Started process (PID=310) to work on /home/airflow/.local/lib/python3.12/site-packages/airflow/example_dags/example_latest_only.py
[2024-05-27T02:58:59.758+0000] {processor.py:830} INFO - Processing file /home/airflow/.local/lib/python3.12/site-packages/airflow/example_dags/example_latest_only.py for tasks to queue
[2024-05-27T02:58:59.758+0000] {logging_mixin.py:188} INFO - [2024-05-27T02:58:59.758+0000] {dagbag.py:545} INFO - Filling up the DagBag from /home/airflow/.local/lib/python3.12/site-packages/airflow/example_dags/example_latest_only.py
[2024-05-27T02:58:59.761+0000] {processor.py:840} INFO - DAG(s) 'latest_only' retrieved from /home/airflow/.local/lib/python3.12/site-packages/airflow/example_dags/example_latest_only.py
[2024-05-27T02:58:59.771+0000] {logging_mixin.py:188} INFO - [2024-05-27T02:58:59.771+0000] {dag.py:3096} INFO - Sync 1 DAGs
[2024-05-27T02:58:59.781+0000] {logging_mixin.py:188} INFO - [2024-05-27T02:58:59.781+0000] {dag.py:3954} INFO - Setting next_dagrun for latest_only to 2024-05-26 20:00:00+00:00, run_after=2024-05-27 00:00:00+00:00
[2024-05-27T02:58:59.790+0000] {processor.py:183} INFO - Processing /home/airflow/.local/lib/python3.12/site-packages/airflow/example_dags/example_latest_only.py took 0.035 seconds
[2024-05-27T02:59:30.274+0000] {processor.py:161} INFO - Started process (PID=369) to work on /home/airflow/.local/lib/python3.12/site-packages/airflow/example_dags/example_latest_only.py
[2024-05-27T02:59:30.274+0000] {processor.py:830} INFO - Processing file /home/airflow/.local/lib/python3.12/site-packages/airflow/example_dags/example_latest_only.py for tasks to queue
[2024-05-27T02:59:30.275+0000] {logging_mixin.py:188} INFO - [2024-05-27T02:59:30.275+0000] {dagbag.py:545} INFO - Filling up the DagBag from /home/airflow/.local/lib/python3.12/site-packages/airflow/example_dags/example_latest_only.py
[2024-05-27T02:59:30.277+0000] {processor.py:840} INFO - DAG(s) 'latest_only' retrieved from /home/airflow/.local/lib/python3.12/site-packages/airflow/example_dags/example_latest_only.py
[2024-05-27T02:59:30.287+0000] {logging_mixin.py:188} INFO - [2024-05-27T02:59:30.287+0000] {dag.py:3096} INFO - Sync 1 DAGs
[2024-05-27T02:59:30.297+0000] {logging_mixin.py:188} INFO - [2024-05-27T02:59:30.297+0000] {dag.py:3954} INFO - Setting next_dagrun for latest_only to 2024-05-26 20:00:00+00:00, run_after=2024-05-27 00:00:00+00:00
[2024-05-27T02:59:30.306+0000] {processor.py:183} INFO - Processing /home/airflow/.local/lib/python3.12/site-packages/airflow/example_dags/example_latest_only.py took 0.035 seconds
[2024-05-27T03:00:00.818+0000] {processor.py:161} INFO - Started process (PID=428) to work on /home/airflow/.local/lib/python3.12/site-packages/airflow/example_dags/example_latest_only.py
[2024-05-27T03:00:00.823+0000] {processor.py:830} INFO - Processing file /home/airflow/.local/lib/python3.12/site-packages/airflow/example_dags/example_latest_only.py for tasks to queue
[2024-05-27T03:00:00.824+0000] {logging_mixin.py:188} INFO - [2024-05-27T03:00:00.824+0000] {dagbag.py:545} INFO - Filling up the DagBag from /home/airflow/.local/lib/python3.12/site-packages/airflow/example_dags/example_latest_only.py
[2024-05-27T03:00:00.826+0000] {processor.py:840} INFO - DAG(s) 'latest_only' retrieved from /home/airflow/.local/lib/python3.12/site-packages/airflow/example_dags/example_latest_only.py
[2024-05-27T03:00:00.836+0000] {logging_mixin.py:188} INFO - [2024-05-27T03:00:00.835+0000] {dag.py:3096} INFO - Sync 1 DAGs
[2024-05-27T03:00:00.845+0000] {logging_mixin.py:188} INFO - [2024-05-27T03:00:00.845+0000] {dag.py:3954} INFO - Setting next_dagrun for latest_only to 2024-05-26 20:00:00+00:00, run_after=2024-05-27 00:00:00+00:00
[2024-05-27T03:00:00.853+0000] {processor.py:183} INFO - Processing /home/airflow/.local/lib/python3.12/site-packages/airflow/example_dags/example_latest_only.py took 0.038 seconds
[2024-05-27T03:00:31.434+0000] {processor.py:161} INFO - Started process (PID=487) to work on /home/airflow/.local/lib/python3.12/site-packages/airflow/example_dags/example_latest_only.py
[2024-05-27T03:00:31.435+0000] {processor.py:830} INFO - Processing file /home/airflow/.local/lib/python3.12/site-packages/airflow/example_dags/example_latest_only.py for tasks to queue
[2024-05-27T03:00:31.436+0000] {logging_mixin.py:188} INFO - [2024-05-27T03:00:31.436+0000] {dagbag.py:545} INFO - Filling up the DagBag from /home/airflow/.local/lib/python3.12/site-packages/airflow/example_dags/example_latest_only.py
[2024-05-27T03:00:31.439+0000] {processor.py:840} INFO - DAG(s) 'latest_only' retrieved from /home/airflow/.local/lib/python3.12/site-packages/airflow/example_dags/example_latest_only.py
[2024-05-27T03:00:31.449+0000] {logging_mixin.py:188} INFO - [2024-05-27T03:00:31.448+0000] {dag.py:3096} INFO - Sync 1 DAGs
[2024-05-27T03:00:31.459+0000] {logging_mixin.py:188} INFO - [2024-05-27T03:00:31.459+0000] {dag.py:3954} INFO - Setting next_dagrun for latest_only to 2024-05-26 20:00:00+00:00, run_after=2024-05-27 00:00:00+00:00
[2024-05-27T03:00:31.468+0000] {processor.py:183} INFO - Processing /home/airflow/.local/lib/python3.12/site-packages/airflow/example_dags/example_latest_only.py took 0.037 seconds
[2024-05-27T03:01:01.997+0000] {processor.py:161} INFO - Started process (PID=545) to work on /home/airflow/.local/lib/python3.12/site-packages/airflow/example_dags/example_latest_only.py
[2024-05-27T03:01:01.997+0000] {processor.py:830} INFO - Processing file /home/airflow/.local/lib/python3.12/site-packages/airflow/example_dags/example_latest_only.py for tasks to queue
[2024-05-27T03:01:01.998+0000] {logging_mixin.py:188} INFO - [2024-05-27T03:01:01.998+0000] {dagbag.py:545} INFO - Filling up the DagBag from /home/airflow/.local/lib/python3.12/site-packages/airflow/example_dags/example_latest_only.py
[2024-05-27T03:01:02.001+0000] {processor.py:840} INFO - DAG(s) 'latest_only' retrieved from /home/airflow/.local/lib/python3.12/site-packages/airflow/example_dags/example_latest_only.py
[2024-05-27T03:01:02.010+0000] {logging_mixin.py:188} INFO - [2024-05-27T03:01:02.010+0000] {dag.py:3096} INFO - Sync 1 DAGs
[2024-05-27T03:01:02.020+0000] {logging_mixin.py:188} INFO - [2024-05-27T03:01:02.020+0000] {dag.py:3954} INFO - Setting next_dagrun for latest_only to 2024-05-26 20:00:00+00:00, run_after=2024-05-27 00:00:00+00:00
[2024-05-27T03:01:02.028+0000] {processor.py:183} INFO - Processing /home/airflow/.local/lib/python3.12/site-packages/airflow/example_dags/example_latest_only.py took 0.034 seconds
[2024-05-27T03:01:32.583+0000] {processor.py:161} INFO - Started process (PID=604) to work on /home/airflow/.local/lib/python3.12/site-packages/airflow/example_dags/example_latest_only.py
[2024-05-27T03:01:32.584+0000] {processor.py:830} INFO - Processing file /home/airflow/.local/lib/python3.12/site-packages/airflow/example_dags/example_latest_only.py for tasks to queue
[2024-05-27T03:01:32.585+0000] {logging_mixin.py:188} INFO - [2024-05-27T03:01:32.585+0000] {dagbag.py:545} INFO - Filling up the DagBag from /home/airflow/.local/lib/python3.12/site-packages/airflow/example_dags/example_latest_only.py
[2024-05-27T03:01:32.588+0000] {processor.py:840} INFO - DAG(s) 'latest_only' retrieved from /home/airflow/.local/lib/python3.12/site-packages/airflow/example_dags/example_latest_only.py
[2024-05-27T03:01:32.598+0000] {logging_mixin.py:188} INFO - [2024-05-27T03:01:32.597+0000] {dag.py:3096} INFO - Sync 1 DAGs
[2024-05-27T03:01:32.607+0000] {logging_mixin.py:188} INFO - [2024-05-27T03:01:32.607+0000] {dag.py:3954} INFO - Setting next_dagrun for latest_only to 2024-05-26 20:00:00+00:00, run_after=2024-05-27 00:00:00+00:00
[2024-05-27T03:01:32.615+0000] {processor.py:183} INFO - Processing /home/airflow/.local/lib/python3.12/site-packages/airflow/example_dags/example_latest_only.py took 0.035 seconds
[2024-05-27T03:02:03.173+0000] {processor.py:161} INFO - Started process (PID=663) to work on /home/airflow/.local/lib/python3.12/site-packages/airflow/example_dags/example_latest_only.py
[2024-05-27T03:02:03.173+0000] {processor.py:830} INFO - Processing file /home/airflow/.local/lib/python3.12/site-packages/airflow/example_dags/example_latest_only.py for tasks to queue
[2024-05-27T03:02:03.174+0000] {logging_mixin.py:188} INFO - [2024-05-27T03:02:03.174+0000] {dagbag.py:545} INFO - Filling up the DagBag from /home/airflow/.local/lib/python3.12/site-packages/airflow/example_dags/example_latest_only.py
[2024-05-27T03:02:03.177+0000] {processor.py:840} INFO - DAG(s) 'latest_only' retrieved from /home/airflow/.local/lib/python3.12/site-packages/airflow/example_dags/example_latest_only.py
[2024-05-27T03:02:03.185+0000] {logging_mixin.py:188} INFO - [2024-05-27T03:02:03.185+0000] {dag.py:3096} INFO - Sync 1 DAGs
[2024-05-27T03:02:03.194+0000] {logging_mixin.py:188} INFO - [2024-05-27T03:02:03.194+0000] {dag.py:3954} INFO - Setting next_dagrun for latest_only to 2024-05-26 20:00:00+00:00, run_after=2024-05-27 00:00:00+00:00
[2024-05-27T03:02:03.202+0000] {processor.py:183} INFO - Processing /home/airflow/.local/lib/python3.12/site-packages/airflow/example_dags/example_latest_only.py took 0.032 seconds
[2024-05-27T03:02:33.774+0000] {processor.py:161} INFO - Started process (PID=722) to work on /home/airflow/.local/lib/python3.12/site-packages/airflow/example_dags/example_latest_only.py
[2024-05-27T03:02:33.775+0000] {processor.py:830} INFO - Processing file /home/airflow/.local/lib/python3.12/site-packages/airflow/example_dags/example_latest_only.py for tasks to queue
[2024-05-27T03:02:33.776+0000] {logging_mixin.py:188} INFO - [2024-05-27T03:02:33.776+0000] {dagbag.py:545} INFO - Filling up the DagBag from /home/airflow/.local/lib/python3.12/site-packages/airflow/example_dags/example_latest_only.py
[2024-05-27T03:02:33.779+0000] {processor.py:840} INFO - DAG(s) 'latest_only' retrieved from /home/airflow/.local/lib/python3.12/site-packages/airflow/example_dags/example_latest_only.py
[2024-05-27T03:02:33.788+0000] {logging_mixin.py:188} INFO - [2024-05-27T03:02:33.788+0000] {dag.py:3096} INFO - Sync 1 DAGs
[2024-05-27T03:02:33.798+0000] {logging_mixin.py:188} INFO - [2024-05-27T03:02:33.798+0000] {dag.py:3954} INFO - Setting next_dagrun for latest_only to 2024-05-26 20:00:00+00:00, run_after=2024-05-27 00:00:00+00:00
[2024-05-27T03:02:33.807+0000] {processor.py:183} INFO - Processing /home/airflow/.local/lib/python3.12/site-packages/airflow/example_dags/example_latest_only.py took 0.035 seconds
[2024-05-27T03:03:04.353+0000] {processor.py:161} INFO - Started process (PID=781) to work on /home/airflow/.local/lib/python3.12/site-packages/airflow/example_dags/example_latest_only.py
[2024-05-27T03:03:04.353+0000] {processor.py:830} INFO - Processing file /home/airflow/.local/lib/python3.12/site-packages/airflow/example_dags/example_latest_only.py for tasks to queue
[2024-05-27T03:03:04.354+0000] {logging_mixin.py:188} INFO - [2024-05-27T03:03:04.354+0000] {dagbag.py:545} INFO - Filling up the DagBag from /home/airflow/.local/lib/python3.12/site-packages/airflow/example_dags/example_latest_only.py
[2024-05-27T03:03:04.357+0000] {processor.py:840} INFO - DAG(s) 'latest_only' retrieved from /home/airflow/.local/lib/python3.12/site-packages/airflow/example_dags/example_latest_only.py
[2024-05-27T03:03:04.366+0000] {logging_mixin.py:188} INFO - [2024-05-27T03:03:04.366+0000] {dag.py:3096} INFO - Sync 1 DAGs
[2024-05-27T03:03:04.376+0000] {logging_mixin.py:188} INFO - [2024-05-27T03:03:04.376+0000] {dag.py:3954} INFO - Setting next_dagrun for latest_only to 2024-05-26 20:00:00+00:00, run_after=2024-05-27 00:00:00+00:00
[2024-05-27T03:03:04.384+0000] {processor.py:183} INFO - Processing /home/airflow/.local/lib/python3.12/site-packages/airflow/example_dags/example_latest_only.py took 0.034 seconds
[2024-05-27T03:03:34.950+0000] {processor.py:161} INFO - Started process (PID=840) to work on /home/airflow/.local/lib/python3.12/site-packages/airflow/example_dags/example_latest_only.py
[2024-05-27T03:03:34.953+0000] {processor.py:830} INFO - Processing file /home/airflow/.local/lib/python3.12/site-packages/airflow/example_dags/example_latest_only.py for tasks to queue
[2024-05-27T03:03:34.954+0000] {logging_mixin.py:188} INFO - [2024-05-27T03:03:34.954+0000] {dagbag.py:545} INFO - Filling up the DagBag from /home/airflow/.local/lib/python3.12/site-packages/airflow/example_dags/example_latest_only.py
[2024-05-27T03:03:34.957+0000] {processor.py:840} INFO - DAG(s) 'latest_only' retrieved from /home/airflow/.local/lib/python3.12/site-packages/airflow/example_dags/example_latest_only.py
[2024-05-27T03:03:34.966+0000] {logging_mixin.py:188} INFO - [2024-05-27T03:03:34.966+0000] {dag.py:3096} INFO - Sync 1 DAGs
[2024-05-27T03:03:34.976+0000] {logging_mixin.py:188} INFO - [2024-05-27T03:03:34.976+0000] {dag.py:3954} INFO - Setting next_dagrun for latest_only to 2024-05-26 20:00:00+00:00, run_after=2024-05-27 00:00:00+00:00
[2024-05-27T03:03:34.984+0000] {processor.py:183} INFO - Processing /home/airflow/.local/lib/python3.12/site-packages/airflow/example_dags/example_latest_only.py took 0.037 seconds
[2024-05-27T03:04:05.773+0000] {processor.py:161} INFO - Started process (PID=898) to work on /home/airflow/.local/lib/python3.12/site-packages/airflow/example_dags/example_latest_only.py
[2024-05-27T03:04:05.774+0000] {processor.py:830} INFO - Processing file /home/airflow/.local/lib/python3.12/site-packages/airflow/example_dags/example_latest_only.py for tasks to queue
[2024-05-27T03:04:05.775+0000] {logging_mixin.py:188} INFO - [2024-05-27T03:04:05.775+0000] {dagbag.py:545} INFO - Filling up the DagBag from /home/airflow/.local/lib/python3.12/site-packages/airflow/example_dags/example_latest_only.py
[2024-05-27T03:04:05.778+0000] {processor.py:840} INFO - DAG(s) 'latest_only' retrieved from /home/airflow/.local/lib/python3.12/site-packages/airflow/example_dags/example_latest_only.py
[2024-05-27T03:04:05.787+0000] {logging_mixin.py:188} INFO - [2024-05-27T03:04:05.787+0000] {dag.py:3096} INFO - Sync 1 DAGs
[2024-05-27T03:04:05.798+0000] {logging_mixin.py:188} INFO - [2024-05-27T03:04:05.798+0000] {dag.py:3954} INFO - Setting next_dagrun for latest_only to 2024-05-26 20:00:00+00:00, run_after=2024-05-27 00:00:00+00:00
[2024-05-27T03:04:05.807+0000] {processor.py:183} INFO - Processing /home/airflow/.local/lib/python3.12/site-packages/airflow/example_dags/example_latest_only.py took 0.037 seconds
[2024-05-27T03:04:36.443+0000] {processor.py:161} INFO - Started process (PID=957) to work on /home/airflow/.local/lib/python3.12/site-packages/airflow/example_dags/example_latest_only.py
[2024-05-27T03:04:36.447+0000] {processor.py:830} INFO - Processing file /home/airflow/.local/lib/python3.12/site-packages/airflow/example_dags/example_latest_only.py for tasks to queue
[2024-05-27T03:04:36.449+0000] {logging_mixin.py:188} INFO - [2024-05-27T03:04:36.449+0000] {dagbag.py:545} INFO - Filling up the DagBag from /home/airflow/.local/lib/python3.12/site-packages/airflow/example_dags/example_latest_only.py
[2024-05-27T03:04:36.454+0000] {processor.py:840} INFO - DAG(s) 'latest_only' retrieved from /home/airflow/.local/lib/python3.12/site-packages/airflow/example_dags/example_latest_only.py
[2024-05-27T03:04:36.465+0000] {logging_mixin.py:188} INFO - [2024-05-27T03:04:36.465+0000] {dag.py:3096} INFO - Sync 1 DAGs
[2024-05-27T03:04:36.476+0000] {logging_mixin.py:188} INFO - [2024-05-27T03:04:36.476+0000] {dag.py:3954} INFO - Setting next_dagrun for latest_only to 2024-05-26 20:00:00+00:00, run_after=2024-05-27 00:00:00+00:00
[2024-05-27T03:04:36.485+0000] {processor.py:183} INFO - Processing /home/airflow/.local/lib/python3.12/site-packages/airflow/example_dags/example_latest_only.py took 0.045 seconds
[2024-05-27T03:05:07.096+0000] {processor.py:161} INFO - Started process (PID=1016) to work on /home/airflow/.local/lib/python3.12/site-packages/airflow/example_dags/example_latest_only.py
[2024-05-27T03:05:07.096+0000] {processor.py:830} INFO - Processing file /home/airflow/.local/lib/python3.12/site-packages/airflow/example_dags/example_latest_only.py for tasks to queue
[2024-05-27T03:05:07.098+0000] {logging_mixin.py:188} INFO - [2024-05-27T03:05:07.097+0000] {dagbag.py:545} INFO - Filling up the DagBag from /home/airflow/.local/lib/python3.12/site-packages/airflow/example_dags/example_latest_only.py
[2024-05-27T03:05:07.100+0000] {processor.py:840} INFO - DAG(s) 'latest_only' retrieved from /home/airflow/.local/lib/python3.12/site-packages/airflow/example_dags/example_latest_only.py
[2024-05-27T03:05:07.111+0000] {logging_mixin.py:188} INFO - [2024-05-27T03:05:07.110+0000] {dag.py:3096} INFO - Sync 1 DAGs
[2024-05-27T03:05:07.121+0000] {logging_mixin.py:188} INFO - [2024-05-27T03:05:07.121+0000] {dag.py:3954} INFO - Setting next_dagrun for latest_only to 2024-05-26 20:00:00+00:00, run_after=2024-05-27 00:00:00+00:00
[2024-05-27T03:05:07.129+0000] {processor.py:183} INFO - Processing /home/airflow/.local/lib/python3.12/site-packages/airflow/example_dags/example_latest_only.py took 0.037 seconds
[2024-05-27T03:05:37.653+0000] {processor.py:161} INFO - Started process (PID=1075) to work on /home/airflow/.local/lib/python3.12/site-packages/airflow/example_dags/example_latest_only.py
[2024-05-27T03:05:37.653+0000] {processor.py:830} INFO - Processing file /home/airflow/.local/lib/python3.12/site-packages/airflow/example_dags/example_latest_only.py for tasks to queue
[2024-05-27T03:05:37.654+0000] {logging_mixin.py:188} INFO - [2024-05-27T03:05:37.654+0000] {dagbag.py:545} INFO - Filling up the DagBag from /home/airflow/.local/lib/python3.12/site-packages/airflow/example_dags/example_latest_only.py
[2024-05-27T03:05:37.657+0000] {processor.py:840} INFO - DAG(s) 'latest_only' retrieved from /home/airflow/.local/lib/python3.12/site-packages/airflow/example_dags/example_latest_only.py
[2024-05-27T03:05:37.667+0000] {logging_mixin.py:188} INFO - [2024-05-27T03:05:37.666+0000] {dag.py:3096} INFO - Sync 1 DAGs
[2024-05-27T03:05:37.676+0000] {logging_mixin.py:188} INFO - [2024-05-27T03:05:37.676+0000] {dag.py:3954} INFO - Setting next_dagrun for latest_only to 2024-05-26 20:00:00+00:00, run_after=2024-05-27 00:00:00+00:00
[2024-05-27T03:05:37.684+0000] {processor.py:183} INFO - Processing /home/airflow/.local/lib/python3.12/site-packages/airflow/example_dags/example_latest_only.py took 0.034 seconds
[2024-05-27T03:06:08.337+0000] {processor.py:161} INFO - Started process (PID=1134) to work on /home/airflow/.local/lib/python3.12/site-packages/airflow/example_dags/example_latest_only.py
[2024-05-27T03:06:08.338+0000] {processor.py:830} INFO - Processing file /home/airflow/.local/lib/python3.12/site-packages/airflow/example_dags/example_latest_only.py for tasks to queue
[2024-05-27T03:06:08.339+0000] {logging_mixin.py:188} INFO - [2024-05-27T03:06:08.339+0000] {dagbag.py:545} INFO - Filling up the DagBag from /home/airflow/.local/lib/python3.12/site-packages/airflow/example_dags/example_latest_only.py
[2024-05-27T03:06:08.342+0000] {processor.py:840} INFO - DAG(s) 'latest_only' retrieved from /home/airflow/.local/lib/python3.12/site-packages/airflow/example_dags/example_latest_only.py
[2024-05-27T03:06:08.354+0000] {logging_mixin.py:188} INFO - [2024-05-27T03:06:08.354+0000] {dag.py:3096} INFO - Sync 1 DAGs
[2024-05-27T03:06:08.364+0000] {logging_mixin.py:188} INFO - [2024-05-27T03:06:08.363+0000] {dag.py:3954} INFO - Setting next_dagrun for latest_only to 2024-05-26 20:00:00+00:00, run_after=2024-05-27 00:00:00+00:00
[2024-05-27T03:06:08.374+0000] {processor.py:183} INFO - Processing /home/airflow/.local/lib/python3.12/site-packages/airflow/example_dags/example_latest_only.py took 0.040 seconds
[2024-05-27T03:06:38.934+0000] {processor.py:161} INFO - Started process (PID=1193) to work on /home/airflow/.local/lib/python3.12/site-packages/airflow/example_dags/example_latest_only.py
[2024-05-27T03:06:38.935+0000] {processor.py:830} INFO - Processing file /home/airflow/.local/lib/python3.12/site-packages/airflow/example_dags/example_latest_only.py for tasks to queue
[2024-05-27T03:06:38.936+0000] {logging_mixin.py:188} INFO - [2024-05-27T03:06:38.935+0000] {dagbag.py:545} INFO - Filling up the DagBag from /home/airflow/.local/lib/python3.12/site-packages/airflow/example_dags/example_latest_only.py
[2024-05-27T03:06:38.938+0000] {processor.py:840} INFO - DAG(s) 'latest_only' retrieved from /home/airflow/.local/lib/python3.12/site-packages/airflow/example_dags/example_latest_only.py
[2024-05-27T03:06:38.947+0000] {logging_mixin.py:188} INFO - [2024-05-27T03:06:38.947+0000] {dag.py:3096} INFO - Sync 1 DAGs
[2024-05-27T03:06:38.957+0000] {logging_mixin.py:188} INFO - [2024-05-27T03:06:38.957+0000] {dag.py:3954} INFO - Setting next_dagrun for latest_only to 2024-05-26 20:00:00+00:00, run_after=2024-05-27 00:00:00+00:00
[2024-05-27T03:06:38.965+0000] {processor.py:183} INFO - Processing /home/airflow/.local/lib/python3.12/site-packages/airflow/example_dags/example_latest_only.py took 0.033 seconds
[2024-05-27T03:07:09.528+0000] {processor.py:161} INFO - Started process (PID=1252) to work on /home/airflow/.local/lib/python3.12/site-packages/airflow/example_dags/example_latest_only.py
[2024-05-27T03:07:09.528+0000] {processor.py:830} INFO - Processing file /home/airflow/.local/lib/python3.12/site-packages/airflow/example_dags/example_latest_only.py for tasks to queue
[2024-05-27T03:07:09.529+0000] {logging_mixin.py:188} INFO - [2024-05-27T03:07:09.529+0000] {dagbag.py:545} INFO - Filling up the DagBag from /home/airflow/.local/lib/python3.12/site-packages/airflow/example_dags/example_latest_only.py
[2024-05-27T03:07:09.532+0000] {processor.py:840} INFO - DAG(s) 'latest_only' retrieved from /home/airflow/.local/lib/python3.12/site-packages/airflow/example_dags/example_latest_only.py
[2024-05-27T03:07:09.542+0000] {logging_mixin.py:188} INFO - [2024-05-27T03:07:09.542+0000] {dag.py:3096} INFO - Sync 1 DAGs
[2024-05-27T03:07:09.551+0000] {logging_mixin.py:188} INFO - [2024-05-27T03:07:09.551+0000] {dag.py:3954} INFO - Setting next_dagrun for latest_only to 2024-05-26 20:00:00+00:00, run_after=2024-05-27 00:00:00+00:00
[2024-05-27T03:07:09.559+0000] {processor.py:183} INFO - Processing /home/airflow/.local/lib/python3.12/site-packages/airflow/example_dags/example_latest_only.py took 0.035 seconds
[2024-05-27T03:07:40.215+0000] {processor.py:161} INFO - Started process (PID=1311) to work on /home/airflow/.local/lib/python3.12/site-packages/airflow/example_dags/example_latest_only.py
[2024-05-27T03:07:40.216+0000] {processor.py:830} INFO - Processing file /home/airflow/.local/lib/python3.12/site-packages/airflow/example_dags/example_latest_only.py for tasks to queue
[2024-05-27T03:07:40.217+0000] {logging_mixin.py:188} INFO - [2024-05-27T03:07:40.217+0000] {dagbag.py:545} INFO - Filling up the DagBag from /home/airflow/.local/lib/python3.12/site-packages/airflow/example_dags/example_latest_only.py
[2024-05-27T03:07:40.219+0000] {processor.py:840} INFO - DAG(s) 'latest_only' retrieved from /home/airflow/.local/lib/python3.12/site-packages/airflow/example_dags/example_latest_only.py
[2024-05-27T03:07:40.230+0000] {logging_mixin.py:188} INFO - [2024-05-27T03:07:40.230+0000] {dag.py:3096} INFO - Sync 1 DAGs
[2024-05-27T03:07:40.241+0000] {logging_mixin.py:188} INFO - [2024-05-27T03:07:40.241+0000] {dag.py:3954} INFO - Setting next_dagrun for latest_only to 2024-05-26 20:00:00+00:00, run_after=2024-05-27 00:00:00+00:00
[2024-05-27T03:07:40.249+0000] {processor.py:183} INFO - Processing /home/airflow/.local/lib/python3.12/site-packages/airflow/example_dags/example_latest_only.py took 0.037 seconds
[2024-05-27T03:08:37.983+0000] {processor.py:161} INFO - Started process (PID=74) to work on /home/airflow/.local/lib/python3.12/site-packages/airflow/example_dags/example_latest_only.py
[2024-05-27T03:08:37.983+0000] {processor.py:830} INFO - Processing file /home/airflow/.local/lib/python3.12/site-packages/airflow/example_dags/example_latest_only.py for tasks to queue
[2024-05-27T03:08:37.984+0000] {logging_mixin.py:188} INFO - [2024-05-27T03:08:37.984+0000] {dagbag.py:545} INFO - Filling up the DagBag from /home/airflow/.local/lib/python3.12/site-packages/airflow/example_dags/example_latest_only.py
[2024-05-27T03:08:37.987+0000] {processor.py:840} INFO - DAG(s) 'latest_only' retrieved from /home/airflow/.local/lib/python3.12/site-packages/airflow/example_dags/example_latest_only.py
[2024-05-27T03:08:37.996+0000] {logging_mixin.py:188} INFO - [2024-05-27T03:08:37.995+0000] {dag.py:3096} INFO - Sync 1 DAGs
[2024-05-27T03:08:38.014+0000] {logging_mixin.py:188} INFO - [2024-05-27T03:08:38.014+0000] {dag.py:3954} INFO - Setting next_dagrun for latest_only to 2024-05-26 20:00:00+00:00, run_after=2024-05-27 00:00:00+00:00
[2024-05-27T03:08:38.025+0000] {processor.py:183} INFO - Processing /home/airflow/.local/lib/python3.12/site-packages/airflow/example_dags/example_latest_only.py took 0.045 seconds
[2024-05-27T03:09:08.429+0000] {processor.py:161} INFO - Started process (PID=133) to work on /home/airflow/.local/lib/python3.12/site-packages/airflow/example_dags/example_latest_only.py
[2024-05-27T03:09:08.430+0000] {processor.py:830} INFO - Processing file /home/airflow/.local/lib/python3.12/site-packages/airflow/example_dags/example_latest_only.py for tasks to queue
[2024-05-27T03:09:08.431+0000] {logging_mixin.py:188} INFO - [2024-05-27T03:09:08.431+0000] {dagbag.py:545} INFO - Filling up the DagBag from /home/airflow/.local/lib/python3.12/site-packages/airflow/example_dags/example_latest_only.py
[2024-05-27T03:09:08.433+0000] {processor.py:840} INFO - DAG(s) 'latest_only' retrieved from /home/airflow/.local/lib/python3.12/site-packages/airflow/example_dags/example_latest_only.py
[2024-05-27T03:09:08.476+0000] {logging_mixin.py:188} INFO - [2024-05-27T03:09:08.476+0000] {dag.py:3096} INFO - Sync 1 DAGs
[2024-05-27T03:09:08.486+0000] {logging_mixin.py:188} INFO - [2024-05-27T03:09:08.486+0000] {dag.py:3954} INFO - Setting next_dagrun for latest_only to 2024-05-26 20:00:00+00:00, run_after=2024-05-27 00:00:00+00:00
[2024-05-27T03:09:08.494+0000] {processor.py:183} INFO - Processing /home/airflow/.local/lib/python3.12/site-packages/airflow/example_dags/example_latest_only.py took 0.067 seconds
[2024-05-27T03:09:39.035+0000] {processor.py:161} INFO - Started process (PID=192) to work on /home/airflow/.local/lib/python3.12/site-packages/airflow/example_dags/example_latest_only.py
[2024-05-27T03:09:39.036+0000] {processor.py:830} INFO - Processing file /home/airflow/.local/lib/python3.12/site-packages/airflow/example_dags/example_latest_only.py for tasks to queue
[2024-05-27T03:09:39.037+0000] {logging_mixin.py:188} INFO - [2024-05-27T03:09:39.037+0000] {dagbag.py:545} INFO - Filling up the DagBag from /home/airflow/.local/lib/python3.12/site-packages/airflow/example_dags/example_latest_only.py
[2024-05-27T03:09:39.039+0000] {processor.py:840} INFO - DAG(s) 'latest_only' retrieved from /home/airflow/.local/lib/python3.12/site-packages/airflow/example_dags/example_latest_only.py
[2024-05-27T03:09:39.048+0000] {logging_mixin.py:188} INFO - [2024-05-27T03:09:39.048+0000] {dag.py:3096} INFO - Sync 1 DAGs
[2024-05-27T03:09:39.057+0000] {logging_mixin.py:188} INFO - [2024-05-27T03:09:39.057+0000] {dag.py:3954} INFO - Setting next_dagrun for latest_only to 2024-05-26 20:00:00+00:00, run_after=2024-05-27 00:00:00+00:00
[2024-05-27T03:09:39.064+0000] {processor.py:183} INFO - Processing /home/airflow/.local/lib/python3.12/site-packages/airflow/example_dags/example_latest_only.py took 0.032 seconds
[2024-05-27T03:10:09.724+0000] {processor.py:161} INFO - Started process (PID=251) to work on /home/airflow/.local/lib/python3.12/site-packages/airflow/example_dags/example_latest_only.py
[2024-05-27T03:10:09.725+0000] {processor.py:830} INFO - Processing file /home/airflow/.local/lib/python3.12/site-packages/airflow/example_dags/example_latest_only.py for tasks to queue
[2024-05-27T03:10:09.726+0000] {logging_mixin.py:188} INFO - [2024-05-27T03:10:09.726+0000] {dagbag.py:545} INFO - Filling up the DagBag from /home/airflow/.local/lib/python3.12/site-packages/airflow/example_dags/example_latest_only.py
[2024-05-27T03:10:09.730+0000] {processor.py:840} INFO - DAG(s) 'latest_only' retrieved from /home/airflow/.local/lib/python3.12/site-packages/airflow/example_dags/example_latest_only.py
[2024-05-27T03:10:09.744+0000] {logging_mixin.py:188} INFO - [2024-05-27T03:10:09.744+0000] {dag.py:3096} INFO - Sync 1 DAGs
[2024-05-27T03:10:09.759+0000] {logging_mixin.py:188} INFO - [2024-05-27T03:10:09.759+0000] {dag.py:3954} INFO - Setting next_dagrun for latest_only to 2024-05-26 20:00:00+00:00, run_after=2024-05-27 00:00:00+00:00
[2024-05-27T03:10:09.773+0000] {processor.py:183} INFO - Processing /home/airflow/.local/lib/python3.12/site-packages/airflow/example_dags/example_latest_only.py took 0.053 seconds
[2024-05-27T03:20:25.676+0000] {processor.py:161} INFO - Started process (PID=74) to work on /home/airflow/.local/lib/python3.12/site-packages/airflow/example_dags/example_latest_only.py
[2024-05-27T03:20:25.678+0000] {processor.py:830} INFO - Processing file /home/airflow/.local/lib/python3.12/site-packages/airflow/example_dags/example_latest_only.py for tasks to queue
[2024-05-27T03:20:25.680+0000] {logging_mixin.py:188} INFO - [2024-05-27T03:20:25.680+0000] {dagbag.py:545} INFO - Filling up the DagBag from /home/airflow/.local/lib/python3.12/site-packages/airflow/example_dags/example_latest_only.py
[2024-05-27T03:20:25.686+0000] {processor.py:840} INFO - DAG(s) 'latest_only' retrieved from /home/airflow/.local/lib/python3.12/site-packages/airflow/example_dags/example_latest_only.py
[2024-05-27T03:20:25.698+0000] {logging_mixin.py:188} INFO - [2024-05-27T03:20:25.697+0000] {dag.py:3096} INFO - Sync 1 DAGs
[2024-05-27T03:20:25.718+0000] {logging_mixin.py:188} INFO - [2024-05-27T03:20:25.718+0000] {dag.py:3954} INFO - Setting next_dagrun for latest_only to 2024-05-26 20:00:00+00:00, run_after=2024-05-27 00:00:00+00:00
[2024-05-27T03:20:25.732+0000] {processor.py:183} INFO - Processing /home/airflow/.local/lib/python3.12/site-packages/airflow/example_dags/example_latest_only.py took 0.060 seconds
[2024-05-27T03:20:55.914+0000] {processor.py:161} INFO - Started process (PID=132) to work on /home/airflow/.local/lib/python3.12/site-packages/airflow/example_dags/example_latest_only.py
[2024-05-27T03:20:55.915+0000] {processor.py:830} INFO - Processing file /home/airflow/.local/lib/python3.12/site-packages/airflow/example_dags/example_latest_only.py for tasks to queue
[2024-05-27T03:20:55.916+0000] {logging_mixin.py:188} INFO - [2024-05-27T03:20:55.916+0000] {dagbag.py:545} INFO - Filling up the DagBag from /home/airflow/.local/lib/python3.12/site-packages/airflow/example_dags/example_latest_only.py
[2024-05-27T03:20:55.918+0000] {processor.py:840} INFO - DAG(s) 'latest_only' retrieved from /home/airflow/.local/lib/python3.12/site-packages/airflow/example_dags/example_latest_only.py
[2024-05-27T03:20:55.958+0000] {logging_mixin.py:188} INFO - [2024-05-27T03:20:55.958+0000] {dag.py:3096} INFO - Sync 1 DAGs
[2024-05-27T03:20:55.966+0000] {logging_mixin.py:188} INFO - [2024-05-27T03:20:55.966+0000] {dag.py:3954} INFO - Setting next_dagrun for latest_only to 2024-05-26 20:00:00+00:00, run_after=2024-05-27 00:00:00+00:00
[2024-05-27T03:20:55.974+0000] {processor.py:183} INFO - Processing /home/airflow/.local/lib/python3.12/site-packages/airflow/example_dags/example_latest_only.py took 0.062 seconds
[2024-05-27T03:21:26.482+0000] {processor.py:161} INFO - Started process (PID=191) to work on /home/airflow/.local/lib/python3.12/site-packages/airflow/example_dags/example_latest_only.py
[2024-05-27T03:21:26.483+0000] {processor.py:830} INFO - Processing file /home/airflow/.local/lib/python3.12/site-packages/airflow/example_dags/example_latest_only.py for tasks to queue
[2024-05-27T03:21:26.484+0000] {logging_mixin.py:188} INFO - [2024-05-27T03:21:26.484+0000] {dagbag.py:545} INFO - Filling up the DagBag from /home/airflow/.local/lib/python3.12/site-packages/airflow/example_dags/example_latest_only.py
[2024-05-27T03:21:26.487+0000] {processor.py:840} INFO - DAG(s) 'latest_only' retrieved from /home/airflow/.local/lib/python3.12/site-packages/airflow/example_dags/example_latest_only.py
[2024-05-27T03:21:26.495+0000] {logging_mixin.py:188} INFO - [2024-05-27T03:21:26.495+0000] {dag.py:3096} INFO - Sync 1 DAGs
[2024-05-27T03:21:26.506+0000] {logging_mixin.py:188} INFO - [2024-05-27T03:21:26.506+0000] {dag.py:3954} INFO - Setting next_dagrun for latest_only to 2024-05-26 20:00:00+00:00, run_after=2024-05-27 00:00:00+00:00
[2024-05-27T03:21:26.514+0000] {processor.py:183} INFO - Processing /home/airflow/.local/lib/python3.12/site-packages/airflow/example_dags/example_latest_only.py took 0.034 seconds
[2024-05-27T03:21:57.038+0000] {processor.py:161} INFO - Started process (PID=251) to work on /home/airflow/.local/lib/python3.12/site-packages/airflow/example_dags/example_latest_only.py
[2024-05-27T03:21:57.039+0000] {processor.py:830} INFO - Processing file /home/airflow/.local/lib/python3.12/site-packages/airflow/example_dags/example_latest_only.py for tasks to queue
[2024-05-27T03:21:57.040+0000] {logging_mixin.py:188} INFO - [2024-05-27T03:21:57.040+0000] {dagbag.py:545} INFO - Filling up the DagBag from /home/airflow/.local/lib/python3.12/site-packages/airflow/example_dags/example_latest_only.py
[2024-05-27T03:21:57.042+0000] {processor.py:840} INFO - DAG(s) 'latest_only' retrieved from /home/airflow/.local/lib/python3.12/site-packages/airflow/example_dags/example_latest_only.py
[2024-05-27T03:21:57.052+0000] {logging_mixin.py:188} INFO - [2024-05-27T03:21:57.052+0000] {dag.py:3096} INFO - Sync 1 DAGs
[2024-05-27T03:21:57.062+0000] {logging_mixin.py:188} INFO - [2024-05-27T03:21:57.062+0000] {dag.py:3954} INFO - Setting next_dagrun for latest_only to 2024-05-26 20:00:00+00:00, run_after=2024-05-27 00:00:00+00:00
[2024-05-27T03:21:57.069+0000] {processor.py:183} INFO - Processing /home/airflow/.local/lib/python3.12/site-packages/airflow/example_dags/example_latest_only.py took 0.034 seconds
[2024-05-27T03:22:27.747+0000] {processor.py:161} INFO - Started process (PID=310) to work on /home/airflow/.local/lib/python3.12/site-packages/airflow/example_dags/example_latest_only.py
[2024-05-27T03:22:27.748+0000] {processor.py:830} INFO - Processing file /home/airflow/.local/lib/python3.12/site-packages/airflow/example_dags/example_latest_only.py for tasks to queue
[2024-05-27T03:22:27.749+0000] {logging_mixin.py:188} INFO - [2024-05-27T03:22:27.749+0000] {dagbag.py:545} INFO - Filling up the DagBag from /home/airflow/.local/lib/python3.12/site-packages/airflow/example_dags/example_latest_only.py
[2024-05-27T03:22:27.752+0000] {processor.py:840} INFO - DAG(s) 'latest_only' retrieved from /home/airflow/.local/lib/python3.12/site-packages/airflow/example_dags/example_latest_only.py
[2024-05-27T03:22:27.762+0000] {logging_mixin.py:188} INFO - [2024-05-27T03:22:27.761+0000] {dag.py:3096} INFO - Sync 1 DAGs
[2024-05-27T03:22:27.771+0000] {logging_mixin.py:188} INFO - [2024-05-27T03:22:27.771+0000] {dag.py:3954} INFO - Setting next_dagrun for latest_only to 2024-05-26 20:00:00+00:00, run_after=2024-05-27 00:00:00+00:00
[2024-05-27T03:22:27.780+0000] {processor.py:183} INFO - Processing /home/airflow/.local/lib/python3.12/site-packages/airflow/example_dags/example_latest_only.py took 0.036 seconds
[2024-05-27T03:22:58.376+0000] {processor.py:161} INFO - Started process (PID=369) to work on /home/airflow/.local/lib/python3.12/site-packages/airflow/example_dags/example_latest_only.py
[2024-05-27T03:22:58.377+0000] {processor.py:830} INFO - Processing file /home/airflow/.local/lib/python3.12/site-packages/airflow/example_dags/example_latest_only.py for tasks to queue
[2024-05-27T03:22:58.378+0000] {logging_mixin.py:188} INFO - [2024-05-27T03:22:58.378+0000] {dagbag.py:545} INFO - Filling up the DagBag from /home/airflow/.local/lib/python3.12/site-packages/airflow/example_dags/example_latest_only.py
[2024-05-27T03:22:58.381+0000] {processor.py:840} INFO - DAG(s) 'latest_only' retrieved from /home/airflow/.local/lib/python3.12/site-packages/airflow/example_dags/example_latest_only.py
[2024-05-27T03:22:58.390+0000] {logging_mixin.py:188} INFO - [2024-05-27T03:22:58.390+0000] {dag.py:3096} INFO - Sync 1 DAGs
[2024-05-27T03:22:58.399+0000] {logging_mixin.py:188} INFO - [2024-05-27T03:22:58.399+0000] {dag.py:3954} INFO - Setting next_dagrun for latest_only to 2024-05-26 20:00:00+00:00, run_after=2024-05-27 00:00:00+00:00
[2024-05-27T03:22:58.409+0000] {processor.py:183} INFO - Processing /home/airflow/.local/lib/python3.12/site-packages/airflow/example_dags/example_latest_only.py took 0.035 seconds
[2024-05-27T03:23:28.971+0000] {processor.py:161} INFO - Started process (PID=428) to work on /home/airflow/.local/lib/python3.12/site-packages/airflow/example_dags/example_latest_only.py
[2024-05-27T03:23:28.972+0000] {processor.py:830} INFO - Processing file /home/airflow/.local/lib/python3.12/site-packages/airflow/example_dags/example_latest_only.py for tasks to queue
[2024-05-27T03:23:28.973+0000] {logging_mixin.py:188} INFO - [2024-05-27T03:23:28.973+0000] {dagbag.py:545} INFO - Filling up the DagBag from /home/airflow/.local/lib/python3.12/site-packages/airflow/example_dags/example_latest_only.py
[2024-05-27T03:23:28.976+0000] {processor.py:840} INFO - DAG(s) 'latest_only' retrieved from /home/airflow/.local/lib/python3.12/site-packages/airflow/example_dags/example_latest_only.py
[2024-05-27T03:23:28.985+0000] {logging_mixin.py:188} INFO - [2024-05-27T03:23:28.985+0000] {dag.py:3096} INFO - Sync 1 DAGs
[2024-05-27T03:23:28.994+0000] {logging_mixin.py:188} INFO - [2024-05-27T03:23:28.994+0000] {dag.py:3954} INFO - Setting next_dagrun for latest_only to 2024-05-26 20:00:00+00:00, run_after=2024-05-27 00:00:00+00:00
[2024-05-27T03:23:29.003+0000] {processor.py:183} INFO - Processing /home/airflow/.local/lib/python3.12/site-packages/airflow/example_dags/example_latest_only.py took 0.035 seconds
[2024-05-27T03:23:59.551+0000] {processor.py:161} INFO - Started process (PID=487) to work on /home/airflow/.local/lib/python3.12/site-packages/airflow/example_dags/example_latest_only.py
[2024-05-27T03:23:59.552+0000] {processor.py:830} INFO - Processing file /home/airflow/.local/lib/python3.12/site-packages/airflow/example_dags/example_latest_only.py for tasks to queue
[2024-05-27T03:23:59.553+0000] {logging_mixin.py:188} INFO - [2024-05-27T03:23:59.553+0000] {dagbag.py:545} INFO - Filling up the DagBag from /home/airflow/.local/lib/python3.12/site-packages/airflow/example_dags/example_latest_only.py
[2024-05-27T03:23:59.556+0000] {processor.py:840} INFO - DAG(s) 'latest_only' retrieved from /home/airflow/.local/lib/python3.12/site-packages/airflow/example_dags/example_latest_only.py
[2024-05-27T03:23:59.566+0000] {logging_mixin.py:188} INFO - [2024-05-27T03:23:59.566+0000] {dag.py:3096} INFO - Sync 1 DAGs
[2024-05-27T03:23:59.576+0000] {logging_mixin.py:188} INFO - [2024-05-27T03:23:59.576+0000] {dag.py:3954} INFO - Setting next_dagrun for latest_only to 2024-05-26 20:00:00+00:00, run_after=2024-05-27 00:00:00+00:00
[2024-05-27T03:23:59.584+0000] {processor.py:183} INFO - Processing /home/airflow/.local/lib/python3.12/site-packages/airflow/example_dags/example_latest_only.py took 0.036 seconds
