[2024-05-27T02:56:57.416+0000] {processor.py:161} INFO - Started process (PID=68) to work on /home/airflow/.local/lib/python3.12/site-packages/airflow/example_dags/example_branch_operator.py
[2024-05-27T02:56:57.417+0000] {processor.py:830} INFO - Processing file /home/airflow/.local/lib/python3.12/site-packages/airflow/example_dags/example_branch_operator.py for tasks to queue
[2024-05-27T02:56:57.418+0000] {logging_mixin.py:188} INFO - [2024-05-27T02:56:57.418+0000] {dagbag.py:545} INFO - Filling up the DagBag from /home/airflow/.local/lib/python3.12/site-packages/airflow/example_dags/example_branch_operator.py
[2024-05-27T02:56:57.430+0000] {processor.py:840} INFO - DAG(s) 'example_branch_operator' retrieved from /home/airflow/.local/lib/python3.12/site-packages/airflow/example_dags/example_branch_operator.py
[2024-05-27T02:56:57.442+0000] {logging_mixin.py:188} INFO - [2024-05-27T02:56:57.442+0000] {dag.py:3096} INFO - Sync 1 DAGs
[2024-05-27T02:56:57.470+0000] {logging_mixin.py:188} INFO - [2024-05-27T02:56:57.470+0000] {dag.py:3954} INFO - Setting next_dagrun for example_branch_operator to 2024-05-26 00:00:00+00:00, run_after=2024-05-27 00:00:00+00:00
[2024-05-27T02:56:57.495+0000] {processor.py:183} INFO - Processing /home/airflow/.local/lib/python3.12/site-packages/airflow/example_dags/example_branch_operator.py took 0.082 seconds
[2024-05-27T02:57:27.662+0000] {processor.py:161} INFO - Started process (PID=127) to work on /home/airflow/.local/lib/python3.12/site-packages/airflow/example_dags/example_branch_operator.py
[2024-05-27T02:57:27.662+0000] {processor.py:830} INFO - Processing file /home/airflow/.local/lib/python3.12/site-packages/airflow/example_dags/example_branch_operator.py for tasks to queue
[2024-05-27T02:57:27.663+0000] {logging_mixin.py:188} INFO - [2024-05-27T02:57:27.663+0000] {dagbag.py:545} INFO - Filling up the DagBag from /home/airflow/.local/lib/python3.12/site-packages/airflow/example_dags/example_branch_operator.py
[2024-05-27T02:57:27.670+0000] {processor.py:840} INFO - DAG(s) 'example_branch_operator' retrieved from /home/airflow/.local/lib/python3.12/site-packages/airflow/example_dags/example_branch_operator.py
[2024-05-27T02:57:27.716+0000] {logging_mixin.py:188} INFO - [2024-05-27T02:57:27.716+0000] {dag.py:3096} INFO - Sync 1 DAGs
[2024-05-27T02:57:27.726+0000] {logging_mixin.py:188} INFO - [2024-05-27T02:57:27.726+0000] {dag.py:3954} INFO - Setting next_dagrun for example_branch_operator to 2024-05-26 00:00:00+00:00, run_after=2024-05-27 00:00:00+00:00
[2024-05-27T02:57:27.734+0000] {processor.py:183} INFO - Processing /home/airflow/.local/lib/python3.12/site-packages/airflow/example_dags/example_branch_operator.py took 0.075 seconds
[2024-05-27T02:57:58.398+0000] {processor.py:161} INFO - Started process (PID=186) to work on /home/airflow/.local/lib/python3.12/site-packages/airflow/example_dags/example_branch_operator.py
[2024-05-27T02:57:58.398+0000] {processor.py:830} INFO - Processing file /home/airflow/.local/lib/python3.12/site-packages/airflow/example_dags/example_branch_operator.py for tasks to queue
[2024-05-27T02:57:58.399+0000] {logging_mixin.py:188} INFO - [2024-05-27T02:57:58.399+0000] {dagbag.py:545} INFO - Filling up the DagBag from /home/airflow/.local/lib/python3.12/site-packages/airflow/example_dags/example_branch_operator.py
[2024-05-27T02:57:58.407+0000] {processor.py:840} INFO - DAG(s) 'example_branch_operator' retrieved from /home/airflow/.local/lib/python3.12/site-packages/airflow/example_dags/example_branch_operator.py
[2024-05-27T02:57:58.421+0000] {logging_mixin.py:188} INFO - [2024-05-27T02:57:58.420+0000] {dag.py:3096} INFO - Sync 1 DAGs
[2024-05-27T02:57:58.431+0000] {logging_mixin.py:188} INFO - [2024-05-27T02:57:58.431+0000] {dag.py:3954} INFO - Setting next_dagrun for example_branch_operator to 2024-05-26 00:00:00+00:00, run_after=2024-05-27 00:00:00+00:00
[2024-05-27T02:57:58.439+0000] {processor.py:183} INFO - Processing /home/airflow/.local/lib/python3.12/site-packages/airflow/example_dags/example_branch_operator.py took 0.044 seconds
[2024-05-27T02:58:29.016+0000] {processor.py:161} INFO - Started process (PID=245) to work on /home/airflow/.local/lib/python3.12/site-packages/airflow/example_dags/example_branch_operator.py
[2024-05-27T02:58:29.016+0000] {processor.py:830} INFO - Processing file /home/airflow/.local/lib/python3.12/site-packages/airflow/example_dags/example_branch_operator.py for tasks to queue
[2024-05-27T02:58:29.017+0000] {logging_mixin.py:188} INFO - [2024-05-27T02:58:29.017+0000] {dagbag.py:545} INFO - Filling up the DagBag from /home/airflow/.local/lib/python3.12/site-packages/airflow/example_dags/example_branch_operator.py
[2024-05-27T02:58:29.025+0000] {processor.py:840} INFO - DAG(s) 'example_branch_operator' retrieved from /home/airflow/.local/lib/python3.12/site-packages/airflow/example_dags/example_branch_operator.py
[2024-05-27T02:58:29.038+0000] {logging_mixin.py:188} INFO - [2024-05-27T02:58:29.037+0000] {dag.py:3096} INFO - Sync 1 DAGs
[2024-05-27T02:58:29.048+0000] {logging_mixin.py:188} INFO - [2024-05-27T02:58:29.048+0000] {dag.py:3954} INFO - Setting next_dagrun for example_branch_operator to 2024-05-26 00:00:00+00:00, run_after=2024-05-27 00:00:00+00:00
[2024-05-27T02:58:29.058+0000] {processor.py:183} INFO - Processing /home/airflow/.local/lib/python3.12/site-packages/airflow/example_dags/example_branch_operator.py took 0.045 seconds
[2024-05-27T02:58:59.609+0000] {processor.py:161} INFO - Started process (PID=304) to work on /home/airflow/.local/lib/python3.12/site-packages/airflow/example_dags/example_branch_operator.py
[2024-05-27T02:58:59.610+0000] {processor.py:830} INFO - Processing file /home/airflow/.local/lib/python3.12/site-packages/airflow/example_dags/example_branch_operator.py for tasks to queue
[2024-05-27T02:58:59.611+0000] {logging_mixin.py:188} INFO - [2024-05-27T02:58:59.611+0000] {dagbag.py:545} INFO - Filling up the DagBag from /home/airflow/.local/lib/python3.12/site-packages/airflow/example_dags/example_branch_operator.py
[2024-05-27T02:58:59.618+0000] {processor.py:840} INFO - DAG(s) 'example_branch_operator' retrieved from /home/airflow/.local/lib/python3.12/site-packages/airflow/example_dags/example_branch_operator.py
[2024-05-27T02:58:59.633+0000] {logging_mixin.py:188} INFO - [2024-05-27T02:58:59.633+0000] {dag.py:3096} INFO - Sync 1 DAGs
[2024-05-27T02:58:59.644+0000] {logging_mixin.py:188} INFO - [2024-05-27T02:58:59.643+0000] {dag.py:3954} INFO - Setting next_dagrun for example_branch_operator to 2024-05-26 00:00:00+00:00, run_after=2024-05-27 00:00:00+00:00
[2024-05-27T02:58:59.654+0000] {processor.py:183} INFO - Processing /home/airflow/.local/lib/python3.12/site-packages/airflow/example_dags/example_branch_operator.py took 0.047 seconds
[2024-05-27T02:59:30.122+0000] {processor.py:161} INFO - Started process (PID=363) to work on /home/airflow/.local/lib/python3.12/site-packages/airflow/example_dags/example_branch_operator.py
[2024-05-27T02:59:30.123+0000] {processor.py:830} INFO - Processing file /home/airflow/.local/lib/python3.12/site-packages/airflow/example_dags/example_branch_operator.py for tasks to queue
[2024-05-27T02:59:30.124+0000] {logging_mixin.py:188} INFO - [2024-05-27T02:59:30.124+0000] {dagbag.py:545} INFO - Filling up the DagBag from /home/airflow/.local/lib/python3.12/site-packages/airflow/example_dags/example_branch_operator.py
[2024-05-27T02:59:30.132+0000] {processor.py:840} INFO - DAG(s) 'example_branch_operator' retrieved from /home/airflow/.local/lib/python3.12/site-packages/airflow/example_dags/example_branch_operator.py
[2024-05-27T02:59:30.145+0000] {logging_mixin.py:188} INFO - [2024-05-27T02:59:30.145+0000] {dag.py:3096} INFO - Sync 1 DAGs
[2024-05-27T02:59:30.157+0000] {logging_mixin.py:188} INFO - [2024-05-27T02:59:30.156+0000] {dag.py:3954} INFO - Setting next_dagrun for example_branch_operator to 2024-05-26 00:00:00+00:00, run_after=2024-05-27 00:00:00+00:00
[2024-05-27T02:59:30.166+0000] {processor.py:183} INFO - Processing /home/airflow/.local/lib/python3.12/site-packages/airflow/example_dags/example_branch_operator.py took 0.046 seconds
[2024-05-27T03:00:00.651+0000] {processor.py:161} INFO - Started process (PID=422) to work on /home/airflow/.local/lib/python3.12/site-packages/airflow/example_dags/example_branch_operator.py
[2024-05-27T03:00:00.652+0000] {processor.py:830} INFO - Processing file /home/airflow/.local/lib/python3.12/site-packages/airflow/example_dags/example_branch_operator.py for tasks to queue
[2024-05-27T03:00:00.653+0000] {logging_mixin.py:188} INFO - [2024-05-27T03:00:00.653+0000] {dagbag.py:545} INFO - Filling up the DagBag from /home/airflow/.local/lib/python3.12/site-packages/airflow/example_dags/example_branch_operator.py
[2024-05-27T03:00:00.660+0000] {processor.py:840} INFO - DAG(s) 'example_branch_operator' retrieved from /home/airflow/.local/lib/python3.12/site-packages/airflow/example_dags/example_branch_operator.py
[2024-05-27T03:00:00.673+0000] {logging_mixin.py:188} INFO - [2024-05-27T03:00:00.673+0000] {dag.py:3096} INFO - Sync 1 DAGs
[2024-05-27T03:00:00.684+0000] {logging_mixin.py:188} INFO - [2024-05-27T03:00:00.683+0000] {dag.py:3954} INFO - Setting next_dagrun for example_branch_operator to 2024-05-26 00:00:00+00:00, run_after=2024-05-27 00:00:00+00:00
[2024-05-27T03:00:00.692+0000] {processor.py:183} INFO - Processing /home/airflow/.local/lib/python3.12/site-packages/airflow/example_dags/example_branch_operator.py took 0.043 seconds
[2024-05-27T03:00:31.249+0000] {processor.py:161} INFO - Started process (PID=481) to work on /home/airflow/.local/lib/python3.12/site-packages/airflow/example_dags/example_branch_operator.py
[2024-05-27T03:00:31.250+0000] {processor.py:830} INFO - Processing file /home/airflow/.local/lib/python3.12/site-packages/airflow/example_dags/example_branch_operator.py for tasks to queue
[2024-05-27T03:00:31.251+0000] {logging_mixin.py:188} INFO - [2024-05-27T03:00:31.251+0000] {dagbag.py:545} INFO - Filling up the DagBag from /home/airflow/.local/lib/python3.12/site-packages/airflow/example_dags/example_branch_operator.py
[2024-05-27T03:00:31.259+0000] {processor.py:840} INFO - DAG(s) 'example_branch_operator' retrieved from /home/airflow/.local/lib/python3.12/site-packages/airflow/example_dags/example_branch_operator.py
[2024-05-27T03:00:31.272+0000] {logging_mixin.py:188} INFO - [2024-05-27T03:00:31.272+0000] {dag.py:3096} INFO - Sync 1 DAGs
[2024-05-27T03:00:31.282+0000] {logging_mixin.py:188} INFO - [2024-05-27T03:00:31.282+0000] {dag.py:3954} INFO - Setting next_dagrun for example_branch_operator to 2024-05-26 00:00:00+00:00, run_after=2024-05-27 00:00:00+00:00
[2024-05-27T03:00:31.291+0000] {processor.py:183} INFO - Processing /home/airflow/.local/lib/python3.12/site-packages/airflow/example_dags/example_branch_operator.py took 0.044 seconds
[2024-05-27T03:01:01.820+0000] {processor.py:161} INFO - Started process (PID=539) to work on /home/airflow/.local/lib/python3.12/site-packages/airflow/example_dags/example_branch_operator.py
[2024-05-27T03:01:01.821+0000] {processor.py:830} INFO - Processing file /home/airflow/.local/lib/python3.12/site-packages/airflow/example_dags/example_branch_operator.py for tasks to queue
[2024-05-27T03:01:01.822+0000] {logging_mixin.py:188} INFO - [2024-05-27T03:01:01.822+0000] {dagbag.py:545} INFO - Filling up the DagBag from /home/airflow/.local/lib/python3.12/site-packages/airflow/example_dags/example_branch_operator.py
[2024-05-27T03:01:01.829+0000] {processor.py:840} INFO - DAG(s) 'example_branch_operator' retrieved from /home/airflow/.local/lib/python3.12/site-packages/airflow/example_dags/example_branch_operator.py
[2024-05-27T03:01:01.842+0000] {logging_mixin.py:188} INFO - [2024-05-27T03:01:01.842+0000] {dag.py:3096} INFO - Sync 1 DAGs
[2024-05-27T03:01:01.852+0000] {logging_mixin.py:188} INFO - [2024-05-27T03:01:01.852+0000] {dag.py:3954} INFO - Setting next_dagrun for example_branch_operator to 2024-05-26 00:00:00+00:00, run_after=2024-05-27 00:00:00+00:00
[2024-05-27T03:01:01.861+0000] {processor.py:183} INFO - Processing /home/airflow/.local/lib/python3.12/site-packages/airflow/example_dags/example_branch_operator.py took 0.043 seconds
[2024-05-27T03:01:32.425+0000] {processor.py:161} INFO - Started process (PID=598) to work on /home/airflow/.local/lib/python3.12/site-packages/airflow/example_dags/example_branch_operator.py
[2024-05-27T03:01:32.426+0000] {processor.py:830} INFO - Processing file /home/airflow/.local/lib/python3.12/site-packages/airflow/example_dags/example_branch_operator.py for tasks to queue
[2024-05-27T03:01:32.427+0000] {logging_mixin.py:188} INFO - [2024-05-27T03:01:32.427+0000] {dagbag.py:545} INFO - Filling up the DagBag from /home/airflow/.local/lib/python3.12/site-packages/airflow/example_dags/example_branch_operator.py
[2024-05-27T03:01:32.435+0000] {processor.py:840} INFO - DAG(s) 'example_branch_operator' retrieved from /home/airflow/.local/lib/python3.12/site-packages/airflow/example_dags/example_branch_operator.py
[2024-05-27T03:01:32.448+0000] {logging_mixin.py:188} INFO - [2024-05-27T03:01:32.448+0000] {dag.py:3096} INFO - Sync 1 DAGs
[2024-05-27T03:01:32.460+0000] {logging_mixin.py:188} INFO - [2024-05-27T03:01:32.459+0000] {dag.py:3954} INFO - Setting next_dagrun for example_branch_operator to 2024-05-26 00:00:00+00:00, run_after=2024-05-27 00:00:00+00:00
[2024-05-27T03:01:32.469+0000] {processor.py:183} INFO - Processing /home/airflow/.local/lib/python3.12/site-packages/airflow/example_dags/example_branch_operator.py took 0.047 seconds
[2024-05-27T03:02:03.029+0000] {processor.py:161} INFO - Started process (PID=657) to work on /home/airflow/.local/lib/python3.12/site-packages/airflow/example_dags/example_branch_operator.py
[2024-05-27T03:02:03.030+0000] {processor.py:830} INFO - Processing file /home/airflow/.local/lib/python3.12/site-packages/airflow/example_dags/example_branch_operator.py for tasks to queue
[2024-05-27T03:02:03.031+0000] {logging_mixin.py:188} INFO - [2024-05-27T03:02:03.031+0000] {dagbag.py:545} INFO - Filling up the DagBag from /home/airflow/.local/lib/python3.12/site-packages/airflow/example_dags/example_branch_operator.py
[2024-05-27T03:02:03.038+0000] {processor.py:840} INFO - DAG(s) 'example_branch_operator' retrieved from /home/airflow/.local/lib/python3.12/site-packages/airflow/example_dags/example_branch_operator.py
[2024-05-27T03:02:03.051+0000] {logging_mixin.py:188} INFO - [2024-05-27T03:02:03.051+0000] {dag.py:3096} INFO - Sync 1 DAGs
[2024-05-27T03:02:03.062+0000] {logging_mixin.py:188} INFO - [2024-05-27T03:02:03.062+0000] {dag.py:3954} INFO - Setting next_dagrun for example_branch_operator to 2024-05-26 00:00:00+00:00, run_after=2024-05-27 00:00:00+00:00
[2024-05-27T03:02:03.070+0000] {processor.py:183} INFO - Processing /home/airflow/.local/lib/python3.12/site-packages/airflow/example_dags/example_branch_operator.py took 0.043 seconds
[2024-05-27T03:02:33.598+0000] {processor.py:161} INFO - Started process (PID=716) to work on /home/airflow/.local/lib/python3.12/site-packages/airflow/example_dags/example_branch_operator.py
[2024-05-27T03:02:33.598+0000] {processor.py:830} INFO - Processing file /home/airflow/.local/lib/python3.12/site-packages/airflow/example_dags/example_branch_operator.py for tasks to queue
[2024-05-27T03:02:33.599+0000] {logging_mixin.py:188} INFO - [2024-05-27T03:02:33.599+0000] {dagbag.py:545} INFO - Filling up the DagBag from /home/airflow/.local/lib/python3.12/site-packages/airflow/example_dags/example_branch_operator.py
[2024-05-27T03:02:33.607+0000] {processor.py:840} INFO - DAG(s) 'example_branch_operator' retrieved from /home/airflow/.local/lib/python3.12/site-packages/airflow/example_dags/example_branch_operator.py
[2024-05-27T03:02:33.619+0000] {logging_mixin.py:188} INFO - [2024-05-27T03:02:33.619+0000] {dag.py:3096} INFO - Sync 1 DAGs
[2024-05-27T03:02:33.630+0000] {logging_mixin.py:188} INFO - [2024-05-27T03:02:33.630+0000] {dag.py:3954} INFO - Setting next_dagrun for example_branch_operator to 2024-05-26 00:00:00+00:00, run_after=2024-05-27 00:00:00+00:00
[2024-05-27T03:02:33.639+0000] {processor.py:183} INFO - Processing /home/airflow/.local/lib/python3.12/site-packages/airflow/example_dags/example_branch_operator.py took 0.044 seconds
[2024-05-27T03:03:04.182+0000] {processor.py:161} INFO - Started process (PID=775) to work on /home/airflow/.local/lib/python3.12/site-packages/airflow/example_dags/example_branch_operator.py
[2024-05-27T03:03:04.183+0000] {processor.py:830} INFO - Processing file /home/airflow/.local/lib/python3.12/site-packages/airflow/example_dags/example_branch_operator.py for tasks to queue
[2024-05-27T03:03:04.184+0000] {logging_mixin.py:188} INFO - [2024-05-27T03:03:04.184+0000] {dagbag.py:545} INFO - Filling up the DagBag from /home/airflow/.local/lib/python3.12/site-packages/airflow/example_dags/example_branch_operator.py
[2024-05-27T03:03:04.192+0000] {processor.py:840} INFO - DAG(s) 'example_branch_operator' retrieved from /home/airflow/.local/lib/python3.12/site-packages/airflow/example_dags/example_branch_operator.py
[2024-05-27T03:03:04.204+0000] {logging_mixin.py:188} INFO - [2024-05-27T03:03:04.204+0000] {dag.py:3096} INFO - Sync 1 DAGs
[2024-05-27T03:03:04.214+0000] {logging_mixin.py:188} INFO - [2024-05-27T03:03:04.214+0000] {dag.py:3954} INFO - Setting next_dagrun for example_branch_operator to 2024-05-26 00:00:00+00:00, run_after=2024-05-27 00:00:00+00:00
[2024-05-27T03:03:04.222+0000] {processor.py:183} INFO - Processing /home/airflow/.local/lib/python3.12/site-packages/airflow/example_dags/example_branch_operator.py took 0.042 seconds
[2024-05-27T03:03:34.772+0000] {processor.py:161} INFO - Started process (PID=834) to work on /home/airflow/.local/lib/python3.12/site-packages/airflow/example_dags/example_branch_operator.py
[2024-05-27T03:03:34.775+0000] {processor.py:830} INFO - Processing file /home/airflow/.local/lib/python3.12/site-packages/airflow/example_dags/example_branch_operator.py for tasks to queue
[2024-05-27T03:03:34.777+0000] {logging_mixin.py:188} INFO - [2024-05-27T03:03:34.777+0000] {dagbag.py:545} INFO - Filling up the DagBag from /home/airflow/.local/lib/python3.12/site-packages/airflow/example_dags/example_branch_operator.py
[2024-05-27T03:03:34.785+0000] {processor.py:840} INFO - DAG(s) 'example_branch_operator' retrieved from /home/airflow/.local/lib/python3.12/site-packages/airflow/example_dags/example_branch_operator.py
[2024-05-27T03:03:34.798+0000] {logging_mixin.py:188} INFO - [2024-05-27T03:03:34.798+0000] {dag.py:3096} INFO - Sync 1 DAGs
[2024-05-27T03:03:34.809+0000] {logging_mixin.py:188} INFO - [2024-05-27T03:03:34.809+0000] {dag.py:3954} INFO - Setting next_dagrun for example_branch_operator to 2024-05-26 00:00:00+00:00, run_after=2024-05-27 00:00:00+00:00
[2024-05-27T03:03:34.817+0000] {processor.py:183} INFO - Processing /home/airflow/.local/lib/python3.12/site-packages/airflow/example_dags/example_branch_operator.py took 0.049 seconds
[2024-05-27T03:04:05.626+0000] {processor.py:161} INFO - Started process (PID=892) to work on /home/airflow/.local/lib/python3.12/site-packages/airflow/example_dags/example_branch_operator.py
[2024-05-27T03:04:05.626+0000] {processor.py:830} INFO - Processing file /home/airflow/.local/lib/python3.12/site-packages/airflow/example_dags/example_branch_operator.py for tasks to queue
[2024-05-27T03:04:05.627+0000] {logging_mixin.py:188} INFO - [2024-05-27T03:04:05.627+0000] {dagbag.py:545} INFO - Filling up the DagBag from /home/airflow/.local/lib/python3.12/site-packages/airflow/example_dags/example_branch_operator.py
[2024-05-27T03:04:05.636+0000] {processor.py:840} INFO - DAG(s) 'example_branch_operator' retrieved from /home/airflow/.local/lib/python3.12/site-packages/airflow/example_dags/example_branch_operator.py
[2024-05-27T03:04:05.652+0000] {logging_mixin.py:188} INFO - [2024-05-27T03:04:05.651+0000] {dag.py:3096} INFO - Sync 1 DAGs
[2024-05-27T03:04:05.663+0000] {logging_mixin.py:188} INFO - [2024-05-27T03:04:05.663+0000] {dag.py:3954} INFO - Setting next_dagrun for example_branch_operator to 2024-05-26 00:00:00+00:00, run_after=2024-05-27 00:00:00+00:00
[2024-05-27T03:04:05.671+0000] {processor.py:183} INFO - Processing /home/airflow/.local/lib/python3.12/site-packages/airflow/example_dags/example_branch_operator.py took 0.049 seconds
[2024-05-27T03:04:36.241+0000] {processor.py:161} INFO - Started process (PID=951) to work on /home/airflow/.local/lib/python3.12/site-packages/airflow/example_dags/example_branch_operator.py
[2024-05-27T03:04:36.242+0000] {processor.py:830} INFO - Processing file /home/airflow/.local/lib/python3.12/site-packages/airflow/example_dags/example_branch_operator.py for tasks to queue
[2024-05-27T03:04:36.243+0000] {logging_mixin.py:188} INFO - [2024-05-27T03:04:36.243+0000] {dagbag.py:545} INFO - Filling up the DagBag from /home/airflow/.local/lib/python3.12/site-packages/airflow/example_dags/example_branch_operator.py
[2024-05-27T03:04:36.250+0000] {processor.py:840} INFO - DAG(s) 'example_branch_operator' retrieved from /home/airflow/.local/lib/python3.12/site-packages/airflow/example_dags/example_branch_operator.py
[2024-05-27T03:04:36.264+0000] {logging_mixin.py:188} INFO - [2024-05-27T03:04:36.264+0000] {dag.py:3096} INFO - Sync 1 DAGs
[2024-05-27T03:04:36.275+0000] {logging_mixin.py:188} INFO - [2024-05-27T03:04:36.275+0000] {dag.py:3954} INFO - Setting next_dagrun for example_branch_operator to 2024-05-26 00:00:00+00:00, run_after=2024-05-27 00:00:00+00:00
[2024-05-27T03:04:36.284+0000] {processor.py:183} INFO - Processing /home/airflow/.local/lib/python3.12/site-packages/airflow/example_dags/example_branch_operator.py took 0.046 seconds
[2024-05-27T03:05:06.912+0000] {processor.py:161} INFO - Started process (PID=1010) to work on /home/airflow/.local/lib/python3.12/site-packages/airflow/example_dags/example_branch_operator.py
[2024-05-27T03:05:06.913+0000] {processor.py:830} INFO - Processing file /home/airflow/.local/lib/python3.12/site-packages/airflow/example_dags/example_branch_operator.py for tasks to queue
[2024-05-27T03:05:06.914+0000] {logging_mixin.py:188} INFO - [2024-05-27T03:05:06.914+0000] {dagbag.py:545} INFO - Filling up the DagBag from /home/airflow/.local/lib/python3.12/site-packages/airflow/example_dags/example_branch_operator.py
[2024-05-27T03:05:06.922+0000] {processor.py:840} INFO - DAG(s) 'example_branch_operator' retrieved from /home/airflow/.local/lib/python3.12/site-packages/airflow/example_dags/example_branch_operator.py
[2024-05-27T03:05:06.935+0000] {logging_mixin.py:188} INFO - [2024-05-27T03:05:06.935+0000] {dag.py:3096} INFO - Sync 1 DAGs
[2024-05-27T03:05:06.945+0000] {logging_mixin.py:188} INFO - [2024-05-27T03:05:06.945+0000] {dag.py:3954} INFO - Setting next_dagrun for example_branch_operator to 2024-05-26 00:00:00+00:00, run_after=2024-05-27 00:00:00+00:00
[2024-05-27T03:05:06.954+0000] {processor.py:183} INFO - Processing /home/airflow/.local/lib/python3.12/site-packages/airflow/example_dags/example_branch_operator.py took 0.044 seconds
[2024-05-27T03:05:37.471+0000] {processor.py:161} INFO - Started process (PID=1069) to work on /home/airflow/.local/lib/python3.12/site-packages/airflow/example_dags/example_branch_operator.py
[2024-05-27T03:05:37.472+0000] {processor.py:830} INFO - Processing file /home/airflow/.local/lib/python3.12/site-packages/airflow/example_dags/example_branch_operator.py for tasks to queue
[2024-05-27T03:05:37.473+0000] {logging_mixin.py:188} INFO - [2024-05-27T03:05:37.473+0000] {dagbag.py:545} INFO - Filling up the DagBag from /home/airflow/.local/lib/python3.12/site-packages/airflow/example_dags/example_branch_operator.py
[2024-05-27T03:05:37.480+0000] {processor.py:840} INFO - DAG(s) 'example_branch_operator' retrieved from /home/airflow/.local/lib/python3.12/site-packages/airflow/example_dags/example_branch_operator.py
[2024-05-27T03:05:37.493+0000] {logging_mixin.py:188} INFO - [2024-05-27T03:05:37.493+0000] {dag.py:3096} INFO - Sync 1 DAGs
[2024-05-27T03:05:37.504+0000] {logging_mixin.py:188} INFO - [2024-05-27T03:05:37.504+0000] {dag.py:3954} INFO - Setting next_dagrun for example_branch_operator to 2024-05-26 00:00:00+00:00, run_after=2024-05-27 00:00:00+00:00
[2024-05-27T03:05:37.512+0000] {processor.py:183} INFO - Processing /home/airflow/.local/lib/python3.12/site-packages/airflow/example_dags/example_branch_operator.py took 0.044 seconds
[2024-05-27T03:06:08.161+0000] {processor.py:161} INFO - Started process (PID=1128) to work on /home/airflow/.local/lib/python3.12/site-packages/airflow/example_dags/example_branch_operator.py
[2024-05-27T03:06:08.161+0000] {processor.py:830} INFO - Processing file /home/airflow/.local/lib/python3.12/site-packages/airflow/example_dags/example_branch_operator.py for tasks to queue
[2024-05-27T03:06:08.162+0000] {logging_mixin.py:188} INFO - [2024-05-27T03:06:08.162+0000] {dagbag.py:545} INFO - Filling up the DagBag from /home/airflow/.local/lib/python3.12/site-packages/airflow/example_dags/example_branch_operator.py
[2024-05-27T03:06:08.170+0000] {processor.py:840} INFO - DAG(s) 'example_branch_operator' retrieved from /home/airflow/.local/lib/python3.12/site-packages/airflow/example_dags/example_branch_operator.py
[2024-05-27T03:06:08.182+0000] {logging_mixin.py:188} INFO - [2024-05-27T03:06:08.182+0000] {dag.py:3096} INFO - Sync 1 DAGs
[2024-05-27T03:06:08.193+0000] {logging_mixin.py:188} INFO - [2024-05-27T03:06:08.193+0000] {dag.py:3954} INFO - Setting next_dagrun for example_branch_operator to 2024-05-26 00:00:00+00:00, run_after=2024-05-27 00:00:00+00:00
[2024-05-27T03:06:08.202+0000] {processor.py:183} INFO - Processing /home/airflow/.local/lib/python3.12/site-packages/airflow/example_dags/example_branch_operator.py took 0.044 seconds
[2024-05-27T03:06:38.799+0000] {processor.py:161} INFO - Started process (PID=1187) to work on /home/airflow/.local/lib/python3.12/site-packages/airflow/example_dags/example_branch_operator.py
[2024-05-27T03:06:38.800+0000] {processor.py:830} INFO - Processing file /home/airflow/.local/lib/python3.12/site-packages/airflow/example_dags/example_branch_operator.py for tasks to queue
[2024-05-27T03:06:38.801+0000] {logging_mixin.py:188} INFO - [2024-05-27T03:06:38.801+0000] {dagbag.py:545} INFO - Filling up the DagBag from /home/airflow/.local/lib/python3.12/site-packages/airflow/example_dags/example_branch_operator.py
[2024-05-27T03:06:38.809+0000] {processor.py:840} INFO - DAG(s) 'example_branch_operator' retrieved from /home/airflow/.local/lib/python3.12/site-packages/airflow/example_dags/example_branch_operator.py
[2024-05-27T03:06:38.822+0000] {logging_mixin.py:188} INFO - [2024-05-27T03:06:38.822+0000] {dag.py:3096} INFO - Sync 1 DAGs
[2024-05-27T03:06:38.833+0000] {logging_mixin.py:188} INFO - [2024-05-27T03:06:38.833+0000] {dag.py:3954} INFO - Setting next_dagrun for example_branch_operator to 2024-05-26 00:00:00+00:00, run_after=2024-05-27 00:00:00+00:00
[2024-05-27T03:06:38.841+0000] {processor.py:183} INFO - Processing /home/airflow/.local/lib/python3.12/site-packages/airflow/example_dags/example_branch_operator.py took 0.044 seconds
[2024-05-27T03:07:09.395+0000] {processor.py:161} INFO - Started process (PID=1246) to work on /home/airflow/.local/lib/python3.12/site-packages/airflow/example_dags/example_branch_operator.py
[2024-05-27T03:07:09.395+0000] {processor.py:830} INFO - Processing file /home/airflow/.local/lib/python3.12/site-packages/airflow/example_dags/example_branch_operator.py for tasks to queue
[2024-05-27T03:07:09.396+0000] {logging_mixin.py:188} INFO - [2024-05-27T03:07:09.396+0000] {dagbag.py:545} INFO - Filling up the DagBag from /home/airflow/.local/lib/python3.12/site-packages/airflow/example_dags/example_branch_operator.py
[2024-05-27T03:07:09.404+0000] {processor.py:840} INFO - DAG(s) 'example_branch_operator' retrieved from /home/airflow/.local/lib/python3.12/site-packages/airflow/example_dags/example_branch_operator.py
[2024-05-27T03:07:09.417+0000] {logging_mixin.py:188} INFO - [2024-05-27T03:07:09.417+0000] {dag.py:3096} INFO - Sync 1 DAGs
[2024-05-27T03:07:09.426+0000] {logging_mixin.py:188} INFO - [2024-05-27T03:07:09.426+0000] {dag.py:3954} INFO - Setting next_dagrun for example_branch_operator to 2024-05-26 00:00:00+00:00, run_after=2024-05-27 00:00:00+00:00
[2024-05-27T03:07:09.434+0000] {processor.py:183} INFO - Processing /home/airflow/.local/lib/python3.12/site-packages/airflow/example_dags/example_branch_operator.py took 0.042 seconds
[2024-05-27T03:07:40.070+0000] {processor.py:161} INFO - Started process (PID=1305) to work on /home/airflow/.local/lib/python3.12/site-packages/airflow/example_dags/example_branch_operator.py
[2024-05-27T03:07:40.070+0000] {processor.py:830} INFO - Processing file /home/airflow/.local/lib/python3.12/site-packages/airflow/example_dags/example_branch_operator.py for tasks to queue
[2024-05-27T03:07:40.071+0000] {logging_mixin.py:188} INFO - [2024-05-27T03:07:40.071+0000] {dagbag.py:545} INFO - Filling up the DagBag from /home/airflow/.local/lib/python3.12/site-packages/airflow/example_dags/example_branch_operator.py
[2024-05-27T03:07:40.079+0000] {processor.py:840} INFO - DAG(s) 'example_branch_operator' retrieved from /home/airflow/.local/lib/python3.12/site-packages/airflow/example_dags/example_branch_operator.py
[2024-05-27T03:07:40.091+0000] {logging_mixin.py:188} INFO - [2024-05-27T03:07:40.091+0000] {dag.py:3096} INFO - Sync 1 DAGs
[2024-05-27T03:07:40.103+0000] {logging_mixin.py:188} INFO - [2024-05-27T03:07:40.103+0000] {dag.py:3954} INFO - Setting next_dagrun for example_branch_operator to 2024-05-26 00:00:00+00:00, run_after=2024-05-27 00:00:00+00:00
[2024-05-27T03:07:40.112+0000] {processor.py:183} INFO - Processing /home/airflow/.local/lib/python3.12/site-packages/airflow/example_dags/example_branch_operator.py took 0.045 seconds
[2024-05-27T03:08:37.744+0000] {processor.py:161} INFO - Started process (PID=68) to work on /home/airflow/.local/lib/python3.12/site-packages/airflow/example_dags/example_branch_operator.py
[2024-05-27T03:08:37.745+0000] {processor.py:830} INFO - Processing file /home/airflow/.local/lib/python3.12/site-packages/airflow/example_dags/example_branch_operator.py for tasks to queue
[2024-05-27T03:08:37.747+0000] {logging_mixin.py:188} INFO - [2024-05-27T03:08:37.747+0000] {dagbag.py:545} INFO - Filling up the DagBag from /home/airflow/.local/lib/python3.12/site-packages/airflow/example_dags/example_branch_operator.py
[2024-05-27T03:08:37.759+0000] {processor.py:840} INFO - DAG(s) 'example_branch_operator' retrieved from /home/airflow/.local/lib/python3.12/site-packages/airflow/example_dags/example_branch_operator.py
[2024-05-27T03:08:37.767+0000] {logging_mixin.py:188} INFO - [2024-05-27T03:08:37.767+0000] {dag.py:3096} INFO - Sync 1 DAGs
[2024-05-27T03:08:37.788+0000] {logging_mixin.py:188} INFO - [2024-05-27T03:08:37.788+0000] {dag.py:3954} INFO - Setting next_dagrun for example_branch_operator to 2024-05-26 00:00:00+00:00, run_after=2024-05-27 00:00:00+00:00
[2024-05-27T03:08:37.800+0000] {processor.py:183} INFO - Processing /home/airflow/.local/lib/python3.12/site-packages/airflow/example_dags/example_branch_operator.py took 0.062 seconds
[2024-05-27T03:09:08.157+0000] {processor.py:161} INFO - Started process (PID=127) to work on /home/airflow/.local/lib/python3.12/site-packages/airflow/example_dags/example_branch_operator.py
[2024-05-27T03:09:08.158+0000] {processor.py:830} INFO - Processing file /home/airflow/.local/lib/python3.12/site-packages/airflow/example_dags/example_branch_operator.py for tasks to queue
[2024-05-27T03:09:08.159+0000] {logging_mixin.py:188} INFO - [2024-05-27T03:09:08.159+0000] {dagbag.py:545} INFO - Filling up the DagBag from /home/airflow/.local/lib/python3.12/site-packages/airflow/example_dags/example_branch_operator.py
[2024-05-27T03:09:08.167+0000] {processor.py:840} INFO - DAG(s) 'example_branch_operator' retrieved from /home/airflow/.local/lib/python3.12/site-packages/airflow/example_dags/example_branch_operator.py
[2024-05-27T03:09:08.213+0000] {logging_mixin.py:188} INFO - [2024-05-27T03:09:08.213+0000] {dag.py:3096} INFO - Sync 1 DAGs
[2024-05-27T03:09:08.222+0000] {logging_mixin.py:188} INFO - [2024-05-27T03:09:08.222+0000] {dag.py:3954} INFO - Setting next_dagrun for example_branch_operator to 2024-05-26 00:00:00+00:00, run_after=2024-05-27 00:00:00+00:00
[2024-05-27T03:09:08.231+0000] {processor.py:183} INFO - Processing /home/airflow/.local/lib/python3.12/site-packages/airflow/example_dags/example_branch_operator.py took 0.077 seconds
[2024-05-27T03:09:38.888+0000] {processor.py:161} INFO - Started process (PID=186) to work on /home/airflow/.local/lib/python3.12/site-packages/airflow/example_dags/example_branch_operator.py
[2024-05-27T03:09:38.889+0000] {processor.py:830} INFO - Processing file /home/airflow/.local/lib/python3.12/site-packages/airflow/example_dags/example_branch_operator.py for tasks to queue
[2024-05-27T03:09:38.890+0000] {logging_mixin.py:188} INFO - [2024-05-27T03:09:38.890+0000] {dagbag.py:545} INFO - Filling up the DagBag from /home/airflow/.local/lib/python3.12/site-packages/airflow/example_dags/example_branch_operator.py
[2024-05-27T03:09:38.898+0000] {processor.py:840} INFO - DAG(s) 'example_branch_operator' retrieved from /home/airflow/.local/lib/python3.12/site-packages/airflow/example_dags/example_branch_operator.py
[2024-05-27T03:09:38.910+0000] {logging_mixin.py:188} INFO - [2024-05-27T03:09:38.910+0000] {dag.py:3096} INFO - Sync 1 DAGs
[2024-05-27T03:09:38.921+0000] {logging_mixin.py:188} INFO - [2024-05-27T03:09:38.921+0000] {dag.py:3954} INFO - Setting next_dagrun for example_branch_operator to 2024-05-26 00:00:00+00:00, run_after=2024-05-27 00:00:00+00:00
[2024-05-27T03:09:38.930+0000] {processor.py:183} INFO - Processing /home/airflow/.local/lib/python3.12/site-packages/airflow/example_dags/example_branch_operator.py took 0.044 seconds
[2024-05-27T03:10:09.502+0000] {processor.py:161} INFO - Started process (PID=245) to work on /home/airflow/.local/lib/python3.12/site-packages/airflow/example_dags/example_branch_operator.py
[2024-05-27T03:10:09.503+0000] {processor.py:830} INFO - Processing file /home/airflow/.local/lib/python3.12/site-packages/airflow/example_dags/example_branch_operator.py for tasks to queue
[2024-05-27T03:10:09.505+0000] {logging_mixin.py:188} INFO - [2024-05-27T03:10:09.504+0000] {dagbag.py:545} INFO - Filling up the DagBag from /home/airflow/.local/lib/python3.12/site-packages/airflow/example_dags/example_branch_operator.py
[2024-05-27T03:10:09.516+0000] {processor.py:840} INFO - DAG(s) 'example_branch_operator' retrieved from /home/airflow/.local/lib/python3.12/site-packages/airflow/example_dags/example_branch_operator.py
[2024-05-27T03:10:09.542+0000] {logging_mixin.py:188} INFO - [2024-05-27T03:10:09.542+0000] {dag.py:3096} INFO - Sync 1 DAGs
[2024-05-27T03:10:09.562+0000] {logging_mixin.py:188} INFO - [2024-05-27T03:10:09.562+0000] {dag.py:3954} INFO - Setting next_dagrun for example_branch_operator to 2024-05-26 00:00:00+00:00, run_after=2024-05-27 00:00:00+00:00
[2024-05-27T03:10:09.572+0000] {processor.py:183} INFO - Processing /home/airflow/.local/lib/python3.12/site-packages/airflow/example_dags/example_branch_operator.py took 0.074 seconds
[2024-05-27T03:20:25.328+0000] {processor.py:161} INFO - Started process (PID=68) to work on /home/airflow/.local/lib/python3.12/site-packages/airflow/example_dags/example_branch_operator.py
[2024-05-27T03:20:25.329+0000] {processor.py:830} INFO - Processing file /home/airflow/.local/lib/python3.12/site-packages/airflow/example_dags/example_branch_operator.py for tasks to queue
[2024-05-27T03:20:25.332+0000] {logging_mixin.py:188} INFO - [2024-05-27T03:20:25.331+0000] {dagbag.py:545} INFO - Filling up the DagBag from /home/airflow/.local/lib/python3.12/site-packages/airflow/example_dags/example_branch_operator.py
[2024-05-27T03:20:25.347+0000] {processor.py:840} INFO - DAG(s) 'example_branch_operator' retrieved from /home/airflow/.local/lib/python3.12/site-packages/airflow/example_dags/example_branch_operator.py
[2024-05-27T03:20:25.376+0000] {logging_mixin.py:188} INFO - [2024-05-27T03:20:25.375+0000] {dag.py:3096} INFO - Sync 1 DAGs
[2024-05-27T03:20:25.404+0000] {logging_mixin.py:188} INFO - [2024-05-27T03:20:25.404+0000] {dag.py:3954} INFO - Setting next_dagrun for example_branch_operator to 2024-05-26 00:00:00+00:00, run_after=2024-05-27 00:00:00+00:00
[2024-05-27T03:20:25.425+0000] {processor.py:183} INFO - Processing /home/airflow/.local/lib/python3.12/site-packages/airflow/example_dags/example_branch_operator.py took 0.100 seconds
[2024-05-27T03:20:55.668+0000] {processor.py:161} INFO - Started process (PID=126) to work on /home/airflow/.local/lib/python3.12/site-packages/airflow/example_dags/example_branch_operator.py
[2024-05-27T03:20:55.669+0000] {processor.py:830} INFO - Processing file /home/airflow/.local/lib/python3.12/site-packages/airflow/example_dags/example_branch_operator.py for tasks to queue
[2024-05-27T03:20:55.670+0000] {logging_mixin.py:188} INFO - [2024-05-27T03:20:55.670+0000] {dagbag.py:545} INFO - Filling up the DagBag from /home/airflow/.local/lib/python3.12/site-packages/airflow/example_dags/example_branch_operator.py
[2024-05-27T03:20:55.677+0000] {processor.py:840} INFO - DAG(s) 'example_branch_operator' retrieved from /home/airflow/.local/lib/python3.12/site-packages/airflow/example_dags/example_branch_operator.py
[2024-05-27T03:20:55.726+0000] {logging_mixin.py:188} INFO - [2024-05-27T03:20:55.726+0000] {dag.py:3096} INFO - Sync 1 DAGs
[2024-05-27T03:20:55.735+0000] {logging_mixin.py:188} INFO - [2024-05-27T03:20:55.735+0000] {dag.py:3954} INFO - Setting next_dagrun for example_branch_operator to 2024-05-26 00:00:00+00:00, run_after=2024-05-27 00:00:00+00:00
[2024-05-27T03:20:55.743+0000] {processor.py:183} INFO - Processing /home/airflow/.local/lib/python3.12/site-packages/airflow/example_dags/example_branch_operator.py took 0.077 seconds
[2024-05-27T03:21:26.340+0000] {processor.py:161} INFO - Started process (PID=185) to work on /home/airflow/.local/lib/python3.12/site-packages/airflow/example_dags/example_branch_operator.py
[2024-05-27T03:21:26.341+0000] {processor.py:830} INFO - Processing file /home/airflow/.local/lib/python3.12/site-packages/airflow/example_dags/example_branch_operator.py for tasks to queue
[2024-05-27T03:21:26.341+0000] {logging_mixin.py:188} INFO - [2024-05-27T03:21:26.341+0000] {dagbag.py:545} INFO - Filling up the DagBag from /home/airflow/.local/lib/python3.12/site-packages/airflow/example_dags/example_branch_operator.py
[2024-05-27T03:21:26.349+0000] {processor.py:840} INFO - DAG(s) 'example_branch_operator' retrieved from /home/airflow/.local/lib/python3.12/site-packages/airflow/example_dags/example_branch_operator.py
[2024-05-27T03:21:26.361+0000] {logging_mixin.py:188} INFO - [2024-05-27T03:21:26.361+0000] {dag.py:3096} INFO - Sync 1 DAGs
[2024-05-27T03:21:26.372+0000] {logging_mixin.py:188} INFO - [2024-05-27T03:21:26.372+0000] {dag.py:3954} INFO - Setting next_dagrun for example_branch_operator to 2024-05-26 00:00:00+00:00, run_after=2024-05-27 00:00:00+00:00
[2024-05-27T03:21:26.381+0000] {processor.py:183} INFO - Processing /home/airflow/.local/lib/python3.12/site-packages/airflow/example_dags/example_branch_operator.py took 0.044 seconds
[2024-05-27T03:21:56.889+0000] {processor.py:161} INFO - Started process (PID=245) to work on /home/airflow/.local/lib/python3.12/site-packages/airflow/example_dags/example_branch_operator.py
[2024-05-27T03:21:56.890+0000] {processor.py:830} INFO - Processing file /home/airflow/.local/lib/python3.12/site-packages/airflow/example_dags/example_branch_operator.py for tasks to queue
[2024-05-27T03:21:56.891+0000] {logging_mixin.py:188} INFO - [2024-05-27T03:21:56.891+0000] {dagbag.py:545} INFO - Filling up the DagBag from /home/airflow/.local/lib/python3.12/site-packages/airflow/example_dags/example_branch_operator.py
[2024-05-27T03:21:56.899+0000] {processor.py:840} INFO - DAG(s) 'example_branch_operator' retrieved from /home/airflow/.local/lib/python3.12/site-packages/airflow/example_dags/example_branch_operator.py
[2024-05-27T03:21:56.912+0000] {logging_mixin.py:188} INFO - [2024-05-27T03:21:56.912+0000] {dag.py:3096} INFO - Sync 1 DAGs
[2024-05-27T03:21:56.923+0000] {logging_mixin.py:188} INFO - [2024-05-27T03:21:56.923+0000] {dag.py:3954} INFO - Setting next_dagrun for example_branch_operator to 2024-05-26 00:00:00+00:00, run_after=2024-05-27 00:00:00+00:00
[2024-05-27T03:21:56.932+0000] {processor.py:183} INFO - Processing /home/airflow/.local/lib/python3.12/site-packages/airflow/example_dags/example_branch_operator.py took 0.045 seconds
[2024-05-27T03:22:27.609+0000] {processor.py:161} INFO - Started process (PID=304) to work on /home/airflow/.local/lib/python3.12/site-packages/airflow/example_dags/example_branch_operator.py
[2024-05-27T03:22:27.610+0000] {processor.py:830} INFO - Processing file /home/airflow/.local/lib/python3.12/site-packages/airflow/example_dags/example_branch_operator.py for tasks to queue
[2024-05-27T03:22:27.611+0000] {logging_mixin.py:188} INFO - [2024-05-27T03:22:27.610+0000] {dagbag.py:545} INFO - Filling up the DagBag from /home/airflow/.local/lib/python3.12/site-packages/airflow/example_dags/example_branch_operator.py
[2024-05-27T03:22:27.618+0000] {processor.py:840} INFO - DAG(s) 'example_branch_operator' retrieved from /home/airflow/.local/lib/python3.12/site-packages/airflow/example_dags/example_branch_operator.py
[2024-05-27T03:22:27.631+0000] {logging_mixin.py:188} INFO - [2024-05-27T03:22:27.631+0000] {dag.py:3096} INFO - Sync 1 DAGs
[2024-05-27T03:22:27.641+0000] {logging_mixin.py:188} INFO - [2024-05-27T03:22:27.641+0000] {dag.py:3954} INFO - Setting next_dagrun for example_branch_operator to 2024-05-26 00:00:00+00:00, run_after=2024-05-27 00:00:00+00:00
[2024-05-27T03:22:27.649+0000] {processor.py:183} INFO - Processing /home/airflow/.local/lib/python3.12/site-packages/airflow/example_dags/example_branch_operator.py took 0.043 seconds
[2024-05-27T03:22:58.225+0000] {processor.py:161} INFO - Started process (PID=363) to work on /home/airflow/.local/lib/python3.12/site-packages/airflow/example_dags/example_branch_operator.py
[2024-05-27T03:22:58.225+0000] {processor.py:830} INFO - Processing file /home/airflow/.local/lib/python3.12/site-packages/airflow/example_dags/example_branch_operator.py for tasks to queue
[2024-05-27T03:22:58.226+0000] {logging_mixin.py:188} INFO - [2024-05-27T03:22:58.226+0000] {dagbag.py:545} INFO - Filling up the DagBag from /home/airflow/.local/lib/python3.12/site-packages/airflow/example_dags/example_branch_operator.py
[2024-05-27T03:22:58.234+0000] {processor.py:840} INFO - DAG(s) 'example_branch_operator' retrieved from /home/airflow/.local/lib/python3.12/site-packages/airflow/example_dags/example_branch_operator.py
[2024-05-27T03:22:58.246+0000] {logging_mixin.py:188} INFO - [2024-05-27T03:22:58.246+0000] {dag.py:3096} INFO - Sync 1 DAGs
[2024-05-27T03:22:58.256+0000] {logging_mixin.py:188} INFO - [2024-05-27T03:22:58.256+0000] {dag.py:3954} INFO - Setting next_dagrun for example_branch_operator to 2024-05-26 00:00:00+00:00, run_after=2024-05-27 00:00:00+00:00
[2024-05-27T03:22:58.266+0000] {processor.py:183} INFO - Processing /home/airflow/.local/lib/python3.12/site-packages/airflow/example_dags/example_branch_operator.py took 0.045 seconds
[2024-05-27T03:23:28.823+0000] {processor.py:161} INFO - Started process (PID=422) to work on /home/airflow/.local/lib/python3.12/site-packages/airflow/example_dags/example_branch_operator.py
[2024-05-27T03:23:28.823+0000] {processor.py:830} INFO - Processing file /home/airflow/.local/lib/python3.12/site-packages/airflow/example_dags/example_branch_operator.py for tasks to queue
[2024-05-27T03:23:28.824+0000] {logging_mixin.py:188} INFO - [2024-05-27T03:23:28.824+0000] {dagbag.py:545} INFO - Filling up the DagBag from /home/airflow/.local/lib/python3.12/site-packages/airflow/example_dags/example_branch_operator.py
[2024-05-27T03:23:28.832+0000] {processor.py:840} INFO - DAG(s) 'example_branch_operator' retrieved from /home/airflow/.local/lib/python3.12/site-packages/airflow/example_dags/example_branch_operator.py
[2024-05-27T03:23:28.844+0000] {logging_mixin.py:188} INFO - [2024-05-27T03:23:28.844+0000] {dag.py:3096} INFO - Sync 1 DAGs
[2024-05-27T03:23:28.855+0000] {logging_mixin.py:188} INFO - [2024-05-27T03:23:28.855+0000] {dag.py:3954} INFO - Setting next_dagrun for example_branch_operator to 2024-05-26 00:00:00+00:00, run_after=2024-05-27 00:00:00+00:00
[2024-05-27T03:23:28.863+0000] {processor.py:183} INFO - Processing /home/airflow/.local/lib/python3.12/site-packages/airflow/example_dags/example_branch_operator.py took 0.043 seconds
[2024-05-27T03:23:59.371+0000] {processor.py:161} INFO - Started process (PID=481) to work on /home/airflow/.local/lib/python3.12/site-packages/airflow/example_dags/example_branch_operator.py
[2024-05-27T03:23:59.372+0000] {processor.py:830} INFO - Processing file /home/airflow/.local/lib/python3.12/site-packages/airflow/example_dags/example_branch_operator.py for tasks to queue
[2024-05-27T03:23:59.373+0000] {logging_mixin.py:188} INFO - [2024-05-27T03:23:59.372+0000] {dagbag.py:545} INFO - Filling up the DagBag from /home/airflow/.local/lib/python3.12/site-packages/airflow/example_dags/example_branch_operator.py
[2024-05-27T03:23:59.380+0000] {processor.py:840} INFO - DAG(s) 'example_branch_operator' retrieved from /home/airflow/.local/lib/python3.12/site-packages/airflow/example_dags/example_branch_operator.py
[2024-05-27T03:23:59.393+0000] {logging_mixin.py:188} INFO - [2024-05-27T03:23:59.393+0000] {dag.py:3096} INFO - Sync 1 DAGs
[2024-05-27T03:23:59.403+0000] {logging_mixin.py:188} INFO - [2024-05-27T03:23:59.403+0000] {dag.py:3954} INFO - Setting next_dagrun for example_branch_operator to 2024-05-26 00:00:00+00:00, run_after=2024-05-27 00:00:00+00:00
[2024-05-27T03:23:59.412+0000] {processor.py:183} INFO - Processing /home/airflow/.local/lib/python3.12/site-packages/airflow/example_dags/example_branch_operator.py took 0.043 seconds
