[2024-05-27T02:56:56.417+0000] {processor.py:161} INFO - Started process (PID=47) to work on /home/airflow/.local/lib/python3.12/site-packages/airflow/example_dags/example_branch_datetime_operator.py
[2024-05-27T02:56:56.419+0000] {processor.py:830} INFO - Processing file /home/airflow/.local/lib/python3.12/site-packages/airflow/example_dags/example_branch_datetime_operator.py for tasks to queue
[2024-05-27T02:56:56.421+0000] {logging_mixin.py:188} INFO - [2024-05-27T02:56:56.421+0000] {dagbag.py:545} INFO - Filling up the DagBag from /home/airflow/.local/lib/python3.12/site-packages/airflow/example_dags/example_branch_datetime_operator.py
[2024-05-27T02:56:56.430+0000] {processor.py:840} INFO - DAG(s) 'example_branch_datetime_operator', 'example_branch_datetime_operator_2', 'example_branch_datetime_operator_3' retrieved from /home/airflow/.local/lib/python3.12/site-packages/airflow/example_dags/example_branch_datetime_operator.py
[2024-05-27T02:56:56.448+0000] {logging_mixin.py:188} INFO - [2024-05-27T02:56:56.448+0000] {dag.py:3096} INFO - Sync 3 DAGs
[2024-05-27T02:56:56.474+0000] {logging_mixin.py:188} INFO - [2024-05-27T02:56:56.474+0000] {dag.py:3954} INFO - Setting next_dagrun for example_branch_datetime_operator to 2024-05-26 00:00:00+00:00, run_after=2024-05-27 00:00:00+00:00
[2024-05-27T02:56:56.479+0000] {logging_mixin.py:188} INFO - [2024-05-27T02:56:56.479+0000] {dag.py:3954} INFO - Setting next_dagrun for example_branch_datetime_operator_2 to 2024-05-26 00:00:00+00:00, run_after=2024-05-27 00:00:00+00:00
[2024-05-27T02:56:56.482+0000] {logging_mixin.py:188} INFO - [2024-05-27T02:56:56.482+0000] {dag.py:3954} INFO - Setting next_dagrun for example_branch_datetime_operator_3 to 2024-05-26 00:00:00+00:00, run_after=2024-05-27 00:00:00+00:00
[2024-05-27T02:56:56.504+0000] {processor.py:183} INFO - Processing /home/airflow/.local/lib/python3.12/site-packages/airflow/example_dags/example_branch_datetime_operator.py took 0.093 seconds
[2024-05-27T02:57:26.758+0000] {processor.py:161} INFO - Started process (PID=106) to work on /home/airflow/.local/lib/python3.12/site-packages/airflow/example_dags/example_branch_datetime_operator.py
[2024-05-27T02:57:26.759+0000] {processor.py:830} INFO - Processing file /home/airflow/.local/lib/python3.12/site-packages/airflow/example_dags/example_branch_datetime_operator.py for tasks to queue
[2024-05-27T02:57:26.759+0000] {logging_mixin.py:188} INFO - [2024-05-27T02:57:26.759+0000] {dagbag.py:545} INFO - Filling up the DagBag from /home/airflow/.local/lib/python3.12/site-packages/airflow/example_dags/example_branch_datetime_operator.py
[2024-05-27T02:57:26.764+0000] {processor.py:840} INFO - DAG(s) 'example_branch_datetime_operator', 'example_branch_datetime_operator_2', 'example_branch_datetime_operator_3' retrieved from /home/airflow/.local/lib/python3.12/site-packages/airflow/example_dags/example_branch_datetime_operator.py
[2024-05-27T02:57:26.816+0000] {logging_mixin.py:188} INFO - [2024-05-27T02:57:26.816+0000] {dag.py:3096} INFO - Sync 3 DAGs
[2024-05-27T02:57:26.825+0000] {logging_mixin.py:188} INFO - [2024-05-27T02:57:26.825+0000] {dag.py:3954} INFO - Setting next_dagrun for example_branch_datetime_operator to 2024-05-26 00:00:00+00:00, run_after=2024-05-27 00:00:00+00:00
[2024-05-27T02:57:26.832+0000] {logging_mixin.py:188} INFO - [2024-05-27T02:57:26.831+0000] {dag.py:3954} INFO - Setting next_dagrun for example_branch_datetime_operator_2 to 2024-05-26 00:00:00+00:00, run_after=2024-05-27 00:00:00+00:00
[2024-05-27T02:57:26.833+0000] {logging_mixin.py:188} INFO - [2024-05-27T02:57:26.833+0000] {dag.py:3954} INFO - Setting next_dagrun for example_branch_datetime_operator_3 to 2024-05-26 00:00:00+00:00, run_after=2024-05-27 00:00:00+00:00
[2024-05-27T02:57:26.843+0000] {processor.py:183} INFO - Processing /home/airflow/.local/lib/python3.12/site-packages/airflow/example_dags/example_branch_datetime_operator.py took 0.088 seconds
[2024-05-27T02:57:57.869+0000] {processor.py:161} INFO - Started process (PID=165) to work on /home/airflow/.local/lib/python3.12/site-packages/airflow/example_dags/example_branch_datetime_operator.py
[2024-05-27T02:57:57.872+0000] {processor.py:830} INFO - Processing file /home/airflow/.local/lib/python3.12/site-packages/airflow/example_dags/example_branch_datetime_operator.py for tasks to queue
[2024-05-27T02:57:57.874+0000] {logging_mixin.py:188} INFO - [2024-05-27T02:57:57.874+0000] {dagbag.py:545} INFO - Filling up the DagBag from /home/airflow/.local/lib/python3.12/site-packages/airflow/example_dags/example_branch_datetime_operator.py
[2024-05-27T02:57:57.885+0000] {processor.py:840} INFO - DAG(s) 'example_branch_datetime_operator_3', 'example_branch_datetime_operator_2', 'example_branch_datetime_operator' retrieved from /home/airflow/.local/lib/python3.12/site-packages/airflow/example_dags/example_branch_datetime_operator.py
[2024-05-27T02:57:57.909+0000] {logging_mixin.py:188} INFO - [2024-05-27T02:57:57.908+0000] {dag.py:3096} INFO - Sync 3 DAGs
[2024-05-27T02:57:57.922+0000] {logging_mixin.py:188} INFO - [2024-05-27T02:57:57.922+0000] {dag.py:3954} INFO - Setting next_dagrun for example_branch_datetime_operator to 2024-05-26 00:00:00+00:00, run_after=2024-05-27 00:00:00+00:00
[2024-05-27T02:57:57.925+0000] {logging_mixin.py:188} INFO - [2024-05-27T02:57:57.925+0000] {dag.py:3954} INFO - Setting next_dagrun for example_branch_datetime_operator_2 to 2024-05-26 00:00:00+00:00, run_after=2024-05-27 00:00:00+00:00
[2024-05-27T02:57:57.926+0000] {logging_mixin.py:188} INFO - [2024-05-27T02:57:57.926+0000] {dag.py:3954} INFO - Setting next_dagrun for example_branch_datetime_operator_3 to 2024-05-26 00:00:00+00:00, run_after=2024-05-27 00:00:00+00:00
[2024-05-27T02:57:57.935+0000] {processor.py:183} INFO - Processing /home/airflow/.local/lib/python3.12/site-packages/airflow/example_dags/example_branch_datetime_operator.py took 0.074 seconds
[2024-05-27T02:58:28.450+0000] {processor.py:161} INFO - Started process (PID=224) to work on /home/airflow/.local/lib/python3.12/site-packages/airflow/example_dags/example_branch_datetime_operator.py
[2024-05-27T02:58:28.452+0000] {processor.py:830} INFO - Processing file /home/airflow/.local/lib/python3.12/site-packages/airflow/example_dags/example_branch_datetime_operator.py for tasks to queue
[2024-05-27T02:58:28.455+0000] {logging_mixin.py:188} INFO - [2024-05-27T02:58:28.455+0000] {dagbag.py:545} INFO - Filling up the DagBag from /home/airflow/.local/lib/python3.12/site-packages/airflow/example_dags/example_branch_datetime_operator.py
[2024-05-27T02:58:28.467+0000] {processor.py:840} INFO - DAG(s) 'example_branch_datetime_operator_3', 'example_branch_datetime_operator', 'example_branch_datetime_operator_2' retrieved from /home/airflow/.local/lib/python3.12/site-packages/airflow/example_dags/example_branch_datetime_operator.py
[2024-05-27T02:58:28.490+0000] {logging_mixin.py:188} INFO - [2024-05-27T02:58:28.490+0000] {dag.py:3096} INFO - Sync 3 DAGs
[2024-05-27T02:58:28.504+0000] {logging_mixin.py:188} INFO - [2024-05-27T02:58:28.504+0000] {dag.py:3954} INFO - Setting next_dagrun for example_branch_datetime_operator to 2024-05-26 00:00:00+00:00, run_after=2024-05-27 00:00:00+00:00
[2024-05-27T02:58:28.507+0000] {logging_mixin.py:188} INFO - [2024-05-27T02:58:28.507+0000] {dag.py:3954} INFO - Setting next_dagrun for example_branch_datetime_operator_2 to 2024-05-26 00:00:00+00:00, run_after=2024-05-27 00:00:00+00:00
[2024-05-27T02:58:28.508+0000] {logging_mixin.py:188} INFO - [2024-05-27T02:58:28.508+0000] {dag.py:3954} INFO - Setting next_dagrun for example_branch_datetime_operator_3 to 2024-05-26 00:00:00+00:00, run_after=2024-05-27 00:00:00+00:00
[2024-05-27T02:58:28.516+0000] {processor.py:183} INFO - Processing /home/airflow/.local/lib/python3.12/site-packages/airflow/example_dags/example_branch_datetime_operator.py took 0.073 seconds
[2024-05-27T02:58:59.024+0000] {processor.py:161} INFO - Started process (PID=283) to work on /home/airflow/.local/lib/python3.12/site-packages/airflow/example_dags/example_branch_datetime_operator.py
[2024-05-27T02:58:59.025+0000] {processor.py:830} INFO - Processing file /home/airflow/.local/lib/python3.12/site-packages/airflow/example_dags/example_branch_datetime_operator.py for tasks to queue
[2024-05-27T02:58:59.028+0000] {logging_mixin.py:188} INFO - [2024-05-27T02:58:59.028+0000] {dagbag.py:545} INFO - Filling up the DagBag from /home/airflow/.local/lib/python3.12/site-packages/airflow/example_dags/example_branch_datetime_operator.py
[2024-05-27T02:58:59.038+0000] {processor.py:840} INFO - DAG(s) 'example_branch_datetime_operator_2', 'example_branch_datetime_operator', 'example_branch_datetime_operator_3' retrieved from /home/airflow/.local/lib/python3.12/site-packages/airflow/example_dags/example_branch_datetime_operator.py
[2024-05-27T02:58:59.059+0000] {logging_mixin.py:188} INFO - [2024-05-27T02:58:59.059+0000] {dag.py:3096} INFO - Sync 3 DAGs
[2024-05-27T02:58:59.073+0000] {logging_mixin.py:188} INFO - [2024-05-27T02:58:59.072+0000] {dag.py:3954} INFO - Setting next_dagrun for example_branch_datetime_operator to 2024-05-26 00:00:00+00:00, run_after=2024-05-27 00:00:00+00:00
[2024-05-27T02:58:59.076+0000] {logging_mixin.py:188} INFO - [2024-05-27T02:58:59.076+0000] {dag.py:3954} INFO - Setting next_dagrun for example_branch_datetime_operator_2 to 2024-05-26 00:00:00+00:00, run_after=2024-05-27 00:00:00+00:00
[2024-05-27T02:58:59.077+0000] {logging_mixin.py:188} INFO - [2024-05-27T02:58:59.077+0000] {dag.py:3954} INFO - Setting next_dagrun for example_branch_datetime_operator_3 to 2024-05-26 00:00:00+00:00, run_after=2024-05-27 00:00:00+00:00
[2024-05-27T02:58:59.086+0000] {processor.py:183} INFO - Processing /home/airflow/.local/lib/python3.12/site-packages/airflow/example_dags/example_branch_datetime_operator.py took 0.071 seconds
[2024-05-27T02:59:29.573+0000] {processor.py:161} INFO - Started process (PID=342) to work on /home/airflow/.local/lib/python3.12/site-packages/airflow/example_dags/example_branch_datetime_operator.py
[2024-05-27T02:59:29.575+0000] {processor.py:830} INFO - Processing file /home/airflow/.local/lib/python3.12/site-packages/airflow/example_dags/example_branch_datetime_operator.py for tasks to queue
[2024-05-27T02:59:29.577+0000] {logging_mixin.py:188} INFO - [2024-05-27T02:59:29.577+0000] {dagbag.py:545} INFO - Filling up the DagBag from /home/airflow/.local/lib/python3.12/site-packages/airflow/example_dags/example_branch_datetime_operator.py
[2024-05-27T02:59:29.586+0000] {processor.py:840} INFO - DAG(s) 'example_branch_datetime_operator', 'example_branch_datetime_operator_2', 'example_branch_datetime_operator_3' retrieved from /home/airflow/.local/lib/python3.12/site-packages/airflow/example_dags/example_branch_datetime_operator.py
[2024-05-27T02:59:29.610+0000] {logging_mixin.py:188} INFO - [2024-05-27T02:59:29.610+0000] {dag.py:3096} INFO - Sync 3 DAGs
[2024-05-27T02:59:29.624+0000] {logging_mixin.py:188} INFO - [2024-05-27T02:59:29.624+0000] {dag.py:3954} INFO - Setting next_dagrun for example_branch_datetime_operator to 2024-05-26 00:00:00+00:00, run_after=2024-05-27 00:00:00+00:00
[2024-05-27T02:59:29.627+0000] {logging_mixin.py:188} INFO - [2024-05-27T02:59:29.627+0000] {dag.py:3954} INFO - Setting next_dagrun for example_branch_datetime_operator_2 to 2024-05-26 00:00:00+00:00, run_after=2024-05-27 00:00:00+00:00
[2024-05-27T02:59:29.628+0000] {logging_mixin.py:188} INFO - [2024-05-27T02:59:29.628+0000] {dag.py:3954} INFO - Setting next_dagrun for example_branch_datetime_operator_3 to 2024-05-26 00:00:00+00:00, run_after=2024-05-27 00:00:00+00:00
[2024-05-27T02:59:29.637+0000] {processor.py:183} INFO - Processing /home/airflow/.local/lib/python3.12/site-packages/airflow/example_dags/example_branch_datetime_operator.py took 0.072 seconds
[2024-05-27T03:00:00.131+0000] {processor.py:161} INFO - Started process (PID=401) to work on /home/airflow/.local/lib/python3.12/site-packages/airflow/example_dags/example_branch_datetime_operator.py
[2024-05-27T03:00:00.133+0000] {processor.py:830} INFO - Processing file /home/airflow/.local/lib/python3.12/site-packages/airflow/example_dags/example_branch_datetime_operator.py for tasks to queue
[2024-05-27T03:00:00.135+0000] {logging_mixin.py:188} INFO - [2024-05-27T03:00:00.135+0000] {dagbag.py:545} INFO - Filling up the DagBag from /home/airflow/.local/lib/python3.12/site-packages/airflow/example_dags/example_branch_datetime_operator.py
[2024-05-27T03:00:00.146+0000] {processor.py:840} INFO - DAG(s) 'example_branch_datetime_operator', 'example_branch_datetime_operator_3', 'example_branch_datetime_operator_2' retrieved from /home/airflow/.local/lib/python3.12/site-packages/airflow/example_dags/example_branch_datetime_operator.py
[2024-05-27T03:00:00.167+0000] {logging_mixin.py:188} INFO - [2024-05-27T03:00:00.167+0000] {dag.py:3096} INFO - Sync 3 DAGs
[2024-05-27T03:00:00.182+0000] {logging_mixin.py:188} INFO - [2024-05-27T03:00:00.181+0000] {dag.py:3954} INFO - Setting next_dagrun for example_branch_datetime_operator to 2024-05-26 00:00:00+00:00, run_after=2024-05-27 00:00:00+00:00
[2024-05-27T03:00:00.185+0000] {logging_mixin.py:188} INFO - [2024-05-27T03:00:00.185+0000] {dag.py:3954} INFO - Setting next_dagrun for example_branch_datetime_operator_2 to 2024-05-26 00:00:00+00:00, run_after=2024-05-27 00:00:00+00:00
[2024-05-27T03:00:00.188+0000] {logging_mixin.py:188} INFO - [2024-05-27T03:00:00.188+0000] {dag.py:3954} INFO - Setting next_dagrun for example_branch_datetime_operator_3 to 2024-05-26 00:00:00+00:00, run_after=2024-05-27 00:00:00+00:00
[2024-05-27T03:00:00.196+0000] {processor.py:183} INFO - Processing /home/airflow/.local/lib/python3.12/site-packages/airflow/example_dags/example_branch_datetime_operator.py took 0.073 seconds
[2024-05-27T03:00:30.705+0000] {processor.py:161} INFO - Started process (PID=460) to work on /home/airflow/.local/lib/python3.12/site-packages/airflow/example_dags/example_branch_datetime_operator.py
[2024-05-27T03:00:30.707+0000] {processor.py:830} INFO - Processing file /home/airflow/.local/lib/python3.12/site-packages/airflow/example_dags/example_branch_datetime_operator.py for tasks to queue
[2024-05-27T03:00:30.709+0000] {logging_mixin.py:188} INFO - [2024-05-27T03:00:30.709+0000] {dagbag.py:545} INFO - Filling up the DagBag from /home/airflow/.local/lib/python3.12/site-packages/airflow/example_dags/example_branch_datetime_operator.py
[2024-05-27T03:00:30.719+0000] {processor.py:840} INFO - DAG(s) 'example_branch_datetime_operator', 'example_branch_datetime_operator_2', 'example_branch_datetime_operator_3' retrieved from /home/airflow/.local/lib/python3.12/site-packages/airflow/example_dags/example_branch_datetime_operator.py
[2024-05-27T03:00:30.744+0000] {logging_mixin.py:188} INFO - [2024-05-27T03:00:30.743+0000] {dag.py:3096} INFO - Sync 3 DAGs
[2024-05-27T03:00:30.759+0000] {logging_mixin.py:188} INFO - [2024-05-27T03:00:30.758+0000] {dag.py:3954} INFO - Setting next_dagrun for example_branch_datetime_operator to 2024-05-26 00:00:00+00:00, run_after=2024-05-27 00:00:00+00:00
[2024-05-27T03:00:30.762+0000] {logging_mixin.py:188} INFO - [2024-05-27T03:00:30.762+0000] {dag.py:3954} INFO - Setting next_dagrun for example_branch_datetime_operator_2 to 2024-05-26 00:00:00+00:00, run_after=2024-05-27 00:00:00+00:00
[2024-05-27T03:00:30.763+0000] {logging_mixin.py:188} INFO - [2024-05-27T03:00:30.763+0000] {dag.py:3954} INFO - Setting next_dagrun for example_branch_datetime_operator_3 to 2024-05-26 00:00:00+00:00, run_after=2024-05-27 00:00:00+00:00
[2024-05-27T03:00:30.773+0000] {processor.py:183} INFO - Processing /home/airflow/.local/lib/python3.12/site-packages/airflow/example_dags/example_branch_datetime_operator.py took 0.075 seconds
[2024-05-27T03:01:01.260+0000] {processor.py:161} INFO - Started process (PID=518) to work on /home/airflow/.local/lib/python3.12/site-packages/airflow/example_dags/example_branch_datetime_operator.py
[2024-05-27T03:01:01.262+0000] {processor.py:830} INFO - Processing file /home/airflow/.local/lib/python3.12/site-packages/airflow/example_dags/example_branch_datetime_operator.py for tasks to queue
[2024-05-27T03:01:01.264+0000] {logging_mixin.py:188} INFO - [2024-05-27T03:01:01.264+0000] {dagbag.py:545} INFO - Filling up the DagBag from /home/airflow/.local/lib/python3.12/site-packages/airflow/example_dags/example_branch_datetime_operator.py
[2024-05-27T03:01:01.274+0000] {processor.py:840} INFO - DAG(s) 'example_branch_datetime_operator_2', 'example_branch_datetime_operator_3', 'example_branch_datetime_operator' retrieved from /home/airflow/.local/lib/python3.12/site-packages/airflow/example_dags/example_branch_datetime_operator.py
[2024-05-27T03:01:01.295+0000] {logging_mixin.py:188} INFO - [2024-05-27T03:01:01.295+0000] {dag.py:3096} INFO - Sync 3 DAGs
[2024-05-27T03:01:01.308+0000] {logging_mixin.py:188} INFO - [2024-05-27T03:01:01.308+0000] {dag.py:3954} INFO - Setting next_dagrun for example_branch_datetime_operator to 2024-05-26 00:00:00+00:00, run_after=2024-05-27 00:00:00+00:00
[2024-05-27T03:01:01.311+0000] {logging_mixin.py:188} INFO - [2024-05-27T03:01:01.311+0000] {dag.py:3954} INFO - Setting next_dagrun for example_branch_datetime_operator_2 to 2024-05-26 00:00:00+00:00, run_after=2024-05-27 00:00:00+00:00
[2024-05-27T03:01:01.313+0000] {logging_mixin.py:188} INFO - [2024-05-27T03:01:01.312+0000] {dag.py:3954} INFO - Setting next_dagrun for example_branch_datetime_operator_3 to 2024-05-26 00:00:00+00:00, run_after=2024-05-27 00:00:00+00:00
[2024-05-27T03:01:01.321+0000] {processor.py:183} INFO - Processing /home/airflow/.local/lib/python3.12/site-packages/airflow/example_dags/example_branch_datetime_operator.py took 0.069 seconds
[2024-05-27T03:01:31.827+0000] {processor.py:161} INFO - Started process (PID=577) to work on /home/airflow/.local/lib/python3.12/site-packages/airflow/example_dags/example_branch_datetime_operator.py
[2024-05-27T03:01:31.829+0000] {processor.py:830} INFO - Processing file /home/airflow/.local/lib/python3.12/site-packages/airflow/example_dags/example_branch_datetime_operator.py for tasks to queue
[2024-05-27T03:01:31.830+0000] {logging_mixin.py:188} INFO - [2024-05-27T03:01:31.830+0000] {dagbag.py:545} INFO - Filling up the DagBag from /home/airflow/.local/lib/python3.12/site-packages/airflow/example_dags/example_branch_datetime_operator.py
[2024-05-27T03:01:31.838+0000] {processor.py:840} INFO - DAG(s) 'example_branch_datetime_operator_3', 'example_branch_datetime_operator', 'example_branch_datetime_operator_2' retrieved from /home/airflow/.local/lib/python3.12/site-packages/airflow/example_dags/example_branch_datetime_operator.py
[2024-05-27T03:01:31.860+0000] {logging_mixin.py:188} INFO - [2024-05-27T03:01:31.860+0000] {dag.py:3096} INFO - Sync 3 DAGs
[2024-05-27T03:01:31.876+0000] {logging_mixin.py:188} INFO - [2024-05-27T03:01:31.875+0000] {dag.py:3954} INFO - Setting next_dagrun for example_branch_datetime_operator to 2024-05-26 00:00:00+00:00, run_after=2024-05-27 00:00:00+00:00
[2024-05-27T03:01:31.879+0000] {logging_mixin.py:188} INFO - [2024-05-27T03:01:31.879+0000] {dag.py:3954} INFO - Setting next_dagrun for example_branch_datetime_operator_2 to 2024-05-26 00:00:00+00:00, run_after=2024-05-27 00:00:00+00:00
[2024-05-27T03:01:31.880+0000] {logging_mixin.py:188} INFO - [2024-05-27T03:01:31.880+0000] {dag.py:3954} INFO - Setting next_dagrun for example_branch_datetime_operator_3 to 2024-05-26 00:00:00+00:00, run_after=2024-05-27 00:00:00+00:00
[2024-05-27T03:01:31.889+0000] {processor.py:183} INFO - Processing /home/airflow/.local/lib/python3.12/site-packages/airflow/example_dags/example_branch_datetime_operator.py took 0.068 seconds
[2024-05-27T03:02:02.497+0000] {processor.py:161} INFO - Started process (PID=636) to work on /home/airflow/.local/lib/python3.12/site-packages/airflow/example_dags/example_branch_datetime_operator.py
[2024-05-27T03:02:02.500+0000] {processor.py:830} INFO - Processing file /home/airflow/.local/lib/python3.12/site-packages/airflow/example_dags/example_branch_datetime_operator.py for tasks to queue
[2024-05-27T03:02:02.502+0000] {logging_mixin.py:188} INFO - [2024-05-27T03:02:02.502+0000] {dagbag.py:545} INFO - Filling up the DagBag from /home/airflow/.local/lib/python3.12/site-packages/airflow/example_dags/example_branch_datetime_operator.py
[2024-05-27T03:02:02.511+0000] {processor.py:840} INFO - DAG(s) 'example_branch_datetime_operator_2', 'example_branch_datetime_operator', 'example_branch_datetime_operator_3' retrieved from /home/airflow/.local/lib/python3.12/site-packages/airflow/example_dags/example_branch_datetime_operator.py
[2024-05-27T03:02:02.532+0000] {logging_mixin.py:188} INFO - [2024-05-27T03:02:02.531+0000] {dag.py:3096} INFO - Sync 3 DAGs
[2024-05-27T03:02:02.545+0000] {logging_mixin.py:188} INFO - [2024-05-27T03:02:02.544+0000] {dag.py:3954} INFO - Setting next_dagrun for example_branch_datetime_operator to 2024-05-26 00:00:00+00:00, run_after=2024-05-27 00:00:00+00:00
[2024-05-27T03:02:02.547+0000] {logging_mixin.py:188} INFO - [2024-05-27T03:02:02.547+0000] {dag.py:3954} INFO - Setting next_dagrun for example_branch_datetime_operator_2 to 2024-05-26 00:00:00+00:00, run_after=2024-05-27 00:00:00+00:00
[2024-05-27T03:02:02.549+0000] {logging_mixin.py:188} INFO - [2024-05-27T03:02:02.548+0000] {dag.py:3954} INFO - Setting next_dagrun for example_branch_datetime_operator_3 to 2024-05-26 00:00:00+00:00, run_after=2024-05-27 00:00:00+00:00
[2024-05-27T03:02:02.556+0000] {processor.py:183} INFO - Processing /home/airflow/.local/lib/python3.12/site-packages/airflow/example_dags/example_branch_datetime_operator.py took 0.067 seconds
[2024-05-27T03:02:33.064+0000] {processor.py:161} INFO - Started process (PID=695) to work on /home/airflow/.local/lib/python3.12/site-packages/airflow/example_dags/example_branch_datetime_operator.py
[2024-05-27T03:02:33.066+0000] {processor.py:830} INFO - Processing file /home/airflow/.local/lib/python3.12/site-packages/airflow/example_dags/example_branch_datetime_operator.py for tasks to queue
[2024-05-27T03:02:33.068+0000] {logging_mixin.py:188} INFO - [2024-05-27T03:02:33.068+0000] {dagbag.py:545} INFO - Filling up the DagBag from /home/airflow/.local/lib/python3.12/site-packages/airflow/example_dags/example_branch_datetime_operator.py
[2024-05-27T03:02:33.078+0000] {processor.py:840} INFO - DAG(s) 'example_branch_datetime_operator_3', 'example_branch_datetime_operator_2', 'example_branch_datetime_operator' retrieved from /home/airflow/.local/lib/python3.12/site-packages/airflow/example_dags/example_branch_datetime_operator.py
[2024-05-27T03:02:33.100+0000] {logging_mixin.py:188} INFO - [2024-05-27T03:02:33.100+0000] {dag.py:3096} INFO - Sync 3 DAGs
[2024-05-27T03:02:33.113+0000] {logging_mixin.py:188} INFO - [2024-05-27T03:02:33.113+0000] {dag.py:3954} INFO - Setting next_dagrun for example_branch_datetime_operator to 2024-05-26 00:00:00+00:00, run_after=2024-05-27 00:00:00+00:00
[2024-05-27T03:02:33.116+0000] {logging_mixin.py:188} INFO - [2024-05-27T03:02:33.116+0000] {dag.py:3954} INFO - Setting next_dagrun for example_branch_datetime_operator_2 to 2024-05-26 00:00:00+00:00, run_after=2024-05-27 00:00:00+00:00
[2024-05-27T03:02:33.117+0000] {logging_mixin.py:188} INFO - [2024-05-27T03:02:33.117+0000] {dag.py:3954} INFO - Setting next_dagrun for example_branch_datetime_operator_3 to 2024-05-26 00:00:00+00:00, run_after=2024-05-27 00:00:00+00:00
[2024-05-27T03:02:33.125+0000] {processor.py:183} INFO - Processing /home/airflow/.local/lib/python3.12/site-packages/airflow/example_dags/example_branch_datetime_operator.py took 0.069 seconds
[2024-05-27T03:03:03.661+0000] {processor.py:161} INFO - Started process (PID=754) to work on /home/airflow/.local/lib/python3.12/site-packages/airflow/example_dags/example_branch_datetime_operator.py
[2024-05-27T03:03:03.663+0000] {processor.py:830} INFO - Processing file /home/airflow/.local/lib/python3.12/site-packages/airflow/example_dags/example_branch_datetime_operator.py for tasks to queue
[2024-05-27T03:03:03.666+0000] {logging_mixin.py:188} INFO - [2024-05-27T03:03:03.665+0000] {dagbag.py:545} INFO - Filling up the DagBag from /home/airflow/.local/lib/python3.12/site-packages/airflow/example_dags/example_branch_datetime_operator.py
[2024-05-27T03:03:03.675+0000] {processor.py:840} INFO - DAG(s) 'example_branch_datetime_operator_3', 'example_branch_datetime_operator', 'example_branch_datetime_operator_2' retrieved from /home/airflow/.local/lib/python3.12/site-packages/airflow/example_dags/example_branch_datetime_operator.py
[2024-05-27T03:03:03.696+0000] {logging_mixin.py:188} INFO - [2024-05-27T03:03:03.695+0000] {dag.py:3096} INFO - Sync 3 DAGs
[2024-05-27T03:03:03.709+0000] {logging_mixin.py:188} INFO - [2024-05-27T03:03:03.709+0000] {dag.py:3954} INFO - Setting next_dagrun for example_branch_datetime_operator to 2024-05-26 00:00:00+00:00, run_after=2024-05-27 00:00:00+00:00
[2024-05-27T03:03:03.712+0000] {logging_mixin.py:188} INFO - [2024-05-27T03:03:03.711+0000] {dag.py:3954} INFO - Setting next_dagrun for example_branch_datetime_operator_2 to 2024-05-26 00:00:00+00:00, run_after=2024-05-27 00:00:00+00:00
[2024-05-27T03:03:03.713+0000] {logging_mixin.py:188} INFO - [2024-05-27T03:03:03.713+0000] {dag.py:3954} INFO - Setting next_dagrun for example_branch_datetime_operator_3 to 2024-05-26 00:00:00+00:00, run_after=2024-05-27 00:00:00+00:00
[2024-05-27T03:03:03.721+0000] {processor.py:183} INFO - Processing /home/airflow/.local/lib/python3.12/site-packages/airflow/example_dags/example_branch_datetime_operator.py took 0.069 seconds
[2024-05-27T03:03:34.165+0000] {processor.py:161} INFO - Started process (PID=813) to work on /home/airflow/.local/lib/python3.12/site-packages/airflow/example_dags/example_branch_datetime_operator.py
[2024-05-27T03:03:34.166+0000] {processor.py:830} INFO - Processing file /home/airflow/.local/lib/python3.12/site-packages/airflow/example_dags/example_branch_datetime_operator.py for tasks to queue
[2024-05-27T03:03:34.167+0000] {logging_mixin.py:188} INFO - [2024-05-27T03:03:34.166+0000] {dagbag.py:545} INFO - Filling up the DagBag from /home/airflow/.local/lib/python3.12/site-packages/airflow/example_dags/example_branch_datetime_operator.py
[2024-05-27T03:03:34.171+0000] {processor.py:840} INFO - DAG(s) 'example_branch_datetime_operator_2', 'example_branch_datetime_operator_3', 'example_branch_datetime_operator' retrieved from /home/airflow/.local/lib/python3.12/site-packages/airflow/example_dags/example_branch_datetime_operator.py
[2024-05-27T03:03:34.185+0000] {logging_mixin.py:188} INFO - [2024-05-27T03:03:34.185+0000] {dag.py:3096} INFO - Sync 3 DAGs
[2024-05-27T03:03:34.196+0000] {logging_mixin.py:188} INFO - [2024-05-27T03:03:34.196+0000] {dag.py:3954} INFO - Setting next_dagrun for example_branch_datetime_operator to 2024-05-26 00:00:00+00:00, run_after=2024-05-27 00:00:00+00:00
[2024-05-27T03:03:34.199+0000] {logging_mixin.py:188} INFO - [2024-05-27T03:03:34.199+0000] {dag.py:3954} INFO - Setting next_dagrun for example_branch_datetime_operator_2 to 2024-05-26 00:00:00+00:00, run_after=2024-05-27 00:00:00+00:00
[2024-05-27T03:03:34.200+0000] {logging_mixin.py:188} INFO - [2024-05-27T03:03:34.200+0000] {dag.py:3954} INFO - Setting next_dagrun for example_branch_datetime_operator_3 to 2024-05-26 00:00:00+00:00, run_after=2024-05-27 00:00:00+00:00
[2024-05-27T03:03:34.208+0000] {processor.py:183} INFO - Processing /home/airflow/.local/lib/python3.12/site-packages/airflow/example_dags/example_branch_datetime_operator.py took 0.046 seconds
[2024-05-27T03:04:04.822+0000] {processor.py:161} INFO - Started process (PID=871) to work on /home/airflow/.local/lib/python3.12/site-packages/airflow/example_dags/example_branch_datetime_operator.py
[2024-05-27T03:04:04.823+0000] {processor.py:830} INFO - Processing file /home/airflow/.local/lib/python3.12/site-packages/airflow/example_dags/example_branch_datetime_operator.py for tasks to queue
[2024-05-27T03:04:04.824+0000] {logging_mixin.py:188} INFO - [2024-05-27T03:04:04.824+0000] {dagbag.py:545} INFO - Filling up the DagBag from /home/airflow/.local/lib/python3.12/site-packages/airflow/example_dags/example_branch_datetime_operator.py
[2024-05-27T03:04:04.829+0000] {processor.py:840} INFO - DAG(s) 'example_branch_datetime_operator_3', 'example_branch_datetime_operator', 'example_branch_datetime_operator_2' retrieved from /home/airflow/.local/lib/python3.12/site-packages/airflow/example_dags/example_branch_datetime_operator.py
[2024-05-27T03:04:04.843+0000] {logging_mixin.py:188} INFO - [2024-05-27T03:04:04.843+0000] {dag.py:3096} INFO - Sync 3 DAGs
[2024-05-27T03:04:04.854+0000] {logging_mixin.py:188} INFO - [2024-05-27T03:04:04.854+0000] {dag.py:3954} INFO - Setting next_dagrun for example_branch_datetime_operator to 2024-05-26 00:00:00+00:00, run_after=2024-05-27 00:00:00+00:00
[2024-05-27T03:04:04.857+0000] {logging_mixin.py:188} INFO - [2024-05-27T03:04:04.857+0000] {dag.py:3954} INFO - Setting next_dagrun for example_branch_datetime_operator_2 to 2024-05-26 00:00:00+00:00, run_after=2024-05-27 00:00:00+00:00
[2024-05-27T03:04:04.859+0000] {logging_mixin.py:188} INFO - [2024-05-27T03:04:04.858+0000] {dag.py:3954} INFO - Setting next_dagrun for example_branch_datetime_operator_3 to 2024-05-26 00:00:00+00:00, run_after=2024-05-27 00:00:00+00:00
[2024-05-27T03:04:04.871+0000] {processor.py:183} INFO - Processing /home/airflow/.local/lib/python3.12/site-packages/airflow/example_dags/example_branch_datetime_operator.py took 0.052 seconds
[2024-05-27T03:04:35.658+0000] {processor.py:161} INFO - Started process (PID=930) to work on /home/airflow/.local/lib/python3.12/site-packages/airflow/example_dags/example_branch_datetime_operator.py
[2024-05-27T03:04:35.659+0000] {processor.py:830} INFO - Processing file /home/airflow/.local/lib/python3.12/site-packages/airflow/example_dags/example_branch_datetime_operator.py for tasks to queue
[2024-05-27T03:04:35.660+0000] {logging_mixin.py:188} INFO - [2024-05-27T03:04:35.660+0000] {dagbag.py:545} INFO - Filling up the DagBag from /home/airflow/.local/lib/python3.12/site-packages/airflow/example_dags/example_branch_datetime_operator.py
[2024-05-27T03:04:35.664+0000] {processor.py:840} INFO - DAG(s) 'example_branch_datetime_operator', 'example_branch_datetime_operator_3', 'example_branch_datetime_operator_2' retrieved from /home/airflow/.local/lib/python3.12/site-packages/airflow/example_dags/example_branch_datetime_operator.py
[2024-05-27T03:04:35.677+0000] {logging_mixin.py:188} INFO - [2024-05-27T03:04:35.677+0000] {dag.py:3096} INFO - Sync 3 DAGs
[2024-05-27T03:04:35.687+0000] {logging_mixin.py:188} INFO - [2024-05-27T03:04:35.687+0000] {dag.py:3954} INFO - Setting next_dagrun for example_branch_datetime_operator to 2024-05-26 00:00:00+00:00, run_after=2024-05-27 00:00:00+00:00
[2024-05-27T03:04:35.689+0000] {logging_mixin.py:188} INFO - [2024-05-27T03:04:35.689+0000] {dag.py:3954} INFO - Setting next_dagrun for example_branch_datetime_operator_2 to 2024-05-26 00:00:00+00:00, run_after=2024-05-27 00:00:00+00:00
[2024-05-27T03:04:35.690+0000] {logging_mixin.py:188} INFO - [2024-05-27T03:04:35.690+0000] {dag.py:3954} INFO - Setting next_dagrun for example_branch_datetime_operator_3 to 2024-05-26 00:00:00+00:00, run_after=2024-05-27 00:00:00+00:00
[2024-05-27T03:04:35.698+0000] {processor.py:183} INFO - Processing /home/airflow/.local/lib/python3.12/site-packages/airflow/example_dags/example_branch_datetime_operator.py took 0.043 seconds
[2024-05-27T03:05:06.348+0000] {processor.py:161} INFO - Started process (PID=989) to work on /home/airflow/.local/lib/python3.12/site-packages/airflow/example_dags/example_branch_datetime_operator.py
[2024-05-27T03:05:06.350+0000] {processor.py:830} INFO - Processing file /home/airflow/.local/lib/python3.12/site-packages/airflow/example_dags/example_branch_datetime_operator.py for tasks to queue
[2024-05-27T03:05:06.353+0000] {logging_mixin.py:188} INFO - [2024-05-27T03:05:06.352+0000] {dagbag.py:545} INFO - Filling up the DagBag from /home/airflow/.local/lib/python3.12/site-packages/airflow/example_dags/example_branch_datetime_operator.py
[2024-05-27T03:05:06.363+0000] {processor.py:840} INFO - DAG(s) 'example_branch_datetime_operator_2', 'example_branch_datetime_operator_3', 'example_branch_datetime_operator' retrieved from /home/airflow/.local/lib/python3.12/site-packages/airflow/example_dags/example_branch_datetime_operator.py
[2024-05-27T03:05:06.385+0000] {logging_mixin.py:188} INFO - [2024-05-27T03:05:06.385+0000] {dag.py:3096} INFO - Sync 3 DAGs
[2024-05-27T03:05:06.399+0000] {logging_mixin.py:188} INFO - [2024-05-27T03:05:06.398+0000] {dag.py:3954} INFO - Setting next_dagrun for example_branch_datetime_operator to 2024-05-26 00:00:00+00:00, run_after=2024-05-27 00:00:00+00:00
[2024-05-27T03:05:06.402+0000] {logging_mixin.py:188} INFO - [2024-05-27T03:05:06.402+0000] {dag.py:3954} INFO - Setting next_dagrun for example_branch_datetime_operator_2 to 2024-05-26 00:00:00+00:00, run_after=2024-05-27 00:00:00+00:00
[2024-05-27T03:05:06.403+0000] {logging_mixin.py:188} INFO - [2024-05-27T03:05:06.403+0000] {dag.py:3954} INFO - Setting next_dagrun for example_branch_datetime_operator_3 to 2024-05-26 00:00:00+00:00, run_after=2024-05-27 00:00:00+00:00
[2024-05-27T03:05:06.411+0000] {processor.py:183} INFO - Processing /home/airflow/.local/lib/python3.12/site-packages/airflow/example_dags/example_branch_datetime_operator.py took 0.072 seconds
[2024-05-27T03:05:36.942+0000] {processor.py:161} INFO - Started process (PID=1048) to work on /home/airflow/.local/lib/python3.12/site-packages/airflow/example_dags/example_branch_datetime_operator.py
[2024-05-27T03:05:36.945+0000] {processor.py:830} INFO - Processing file /home/airflow/.local/lib/python3.12/site-packages/airflow/example_dags/example_branch_datetime_operator.py for tasks to queue
[2024-05-27T03:05:36.948+0000] {logging_mixin.py:188} INFO - [2024-05-27T03:05:36.947+0000] {dagbag.py:545} INFO - Filling up the DagBag from /home/airflow/.local/lib/python3.12/site-packages/airflow/example_dags/example_branch_datetime_operator.py
[2024-05-27T03:05:36.957+0000] {processor.py:840} INFO - DAG(s) 'example_branch_datetime_operator_3', 'example_branch_datetime_operator_2', 'example_branch_datetime_operator' retrieved from /home/airflow/.local/lib/python3.12/site-packages/airflow/example_dags/example_branch_datetime_operator.py
[2024-05-27T03:05:36.977+0000] {logging_mixin.py:188} INFO - [2024-05-27T03:05:36.977+0000] {dag.py:3096} INFO - Sync 3 DAGs
[2024-05-27T03:05:36.990+0000] {logging_mixin.py:188} INFO - [2024-05-27T03:05:36.990+0000] {dag.py:3954} INFO - Setting next_dagrun for example_branch_datetime_operator to 2024-05-26 00:00:00+00:00, run_after=2024-05-27 00:00:00+00:00
[2024-05-27T03:05:36.993+0000] {logging_mixin.py:188} INFO - [2024-05-27T03:05:36.992+0000] {dag.py:3954} INFO - Setting next_dagrun for example_branch_datetime_operator_2 to 2024-05-26 00:00:00+00:00, run_after=2024-05-27 00:00:00+00:00
[2024-05-27T03:05:36.994+0000] {logging_mixin.py:188} INFO - [2024-05-27T03:05:36.994+0000] {dag.py:3954} INFO - Setting next_dagrun for example_branch_datetime_operator_3 to 2024-05-26 00:00:00+00:00, run_after=2024-05-27 00:00:00+00:00
[2024-05-27T03:05:37.002+0000] {processor.py:183} INFO - Processing /home/airflow/.local/lib/python3.12/site-packages/airflow/example_dags/example_branch_datetime_operator.py took 0.068 seconds
[2024-05-27T03:06:07.530+0000] {processor.py:161} INFO - Started process (PID=1107) to work on /home/airflow/.local/lib/python3.12/site-packages/airflow/example_dags/example_branch_datetime_operator.py
[2024-05-27T03:06:07.531+0000] {processor.py:830} INFO - Processing file /home/airflow/.local/lib/python3.12/site-packages/airflow/example_dags/example_branch_datetime_operator.py for tasks to queue
[2024-05-27T03:06:07.534+0000] {logging_mixin.py:188} INFO - [2024-05-27T03:06:07.533+0000] {dagbag.py:545} INFO - Filling up the DagBag from /home/airflow/.local/lib/python3.12/site-packages/airflow/example_dags/example_branch_datetime_operator.py
[2024-05-27T03:06:07.544+0000] {processor.py:840} INFO - DAG(s) 'example_branch_datetime_operator', 'example_branch_datetime_operator_3', 'example_branch_datetime_operator_2' retrieved from /home/airflow/.local/lib/python3.12/site-packages/airflow/example_dags/example_branch_datetime_operator.py
[2024-05-27T03:06:07.565+0000] {logging_mixin.py:188} INFO - [2024-05-27T03:06:07.564+0000] {dag.py:3096} INFO - Sync 3 DAGs
[2024-05-27T03:06:07.578+0000] {logging_mixin.py:188} INFO - [2024-05-27T03:06:07.577+0000] {dag.py:3954} INFO - Setting next_dagrun for example_branch_datetime_operator to 2024-05-26 00:00:00+00:00, run_after=2024-05-27 00:00:00+00:00
[2024-05-27T03:06:07.581+0000] {logging_mixin.py:188} INFO - [2024-05-27T03:06:07.580+0000] {dag.py:3954} INFO - Setting next_dagrun for example_branch_datetime_operator_2 to 2024-05-26 00:00:00+00:00, run_after=2024-05-27 00:00:00+00:00
[2024-05-27T03:06:07.582+0000] {logging_mixin.py:188} INFO - [2024-05-27T03:06:07.582+0000] {dag.py:3954} INFO - Setting next_dagrun for example_branch_datetime_operator_3 to 2024-05-26 00:00:00+00:00, run_after=2024-05-27 00:00:00+00:00
[2024-05-27T03:06:07.590+0000] {processor.py:183} INFO - Processing /home/airflow/.local/lib/python3.12/site-packages/airflow/example_dags/example_branch_datetime_operator.py took 0.069 seconds
[2024-05-27T03:06:38.231+0000] {processor.py:161} INFO - Started process (PID=1166) to work on /home/airflow/.local/lib/python3.12/site-packages/airflow/example_dags/example_branch_datetime_operator.py
[2024-05-27T03:06:38.233+0000] {processor.py:830} INFO - Processing file /home/airflow/.local/lib/python3.12/site-packages/airflow/example_dags/example_branch_datetime_operator.py for tasks to queue
[2024-05-27T03:06:38.235+0000] {logging_mixin.py:188} INFO - [2024-05-27T03:06:38.235+0000] {dagbag.py:545} INFO - Filling up the DagBag from /home/airflow/.local/lib/python3.12/site-packages/airflow/example_dags/example_branch_datetime_operator.py
[2024-05-27T03:06:38.245+0000] {processor.py:840} INFO - DAG(s) 'example_branch_datetime_operator_3', 'example_branch_datetime_operator_2', 'example_branch_datetime_operator' retrieved from /home/airflow/.local/lib/python3.12/site-packages/airflow/example_dags/example_branch_datetime_operator.py
[2024-05-27T03:06:38.268+0000] {logging_mixin.py:188} INFO - [2024-05-27T03:06:38.268+0000] {dag.py:3096} INFO - Sync 3 DAGs
[2024-05-27T03:06:38.281+0000] {logging_mixin.py:188} INFO - [2024-05-27T03:06:38.281+0000] {dag.py:3954} INFO - Setting next_dagrun for example_branch_datetime_operator to 2024-05-26 00:00:00+00:00, run_after=2024-05-27 00:00:00+00:00
[2024-05-27T03:06:38.284+0000] {logging_mixin.py:188} INFO - [2024-05-27T03:06:38.284+0000] {dag.py:3954} INFO - Setting next_dagrun for example_branch_datetime_operator_2 to 2024-05-26 00:00:00+00:00, run_after=2024-05-27 00:00:00+00:00
[2024-05-27T03:06:38.285+0000] {logging_mixin.py:188} INFO - [2024-05-27T03:06:38.285+0000] {dag.py:3954} INFO - Setting next_dagrun for example_branch_datetime_operator_3 to 2024-05-26 00:00:00+00:00, run_after=2024-05-27 00:00:00+00:00
[2024-05-27T03:06:38.294+0000] {processor.py:183} INFO - Processing /home/airflow/.local/lib/python3.12/site-packages/airflow/example_dags/example_branch_datetime_operator.py took 0.071 seconds
[2024-05-27T03:07:08.786+0000] {processor.py:161} INFO - Started process (PID=1225) to work on /home/airflow/.local/lib/python3.12/site-packages/airflow/example_dags/example_branch_datetime_operator.py
[2024-05-27T03:07:08.788+0000] {processor.py:830} INFO - Processing file /home/airflow/.local/lib/python3.12/site-packages/airflow/example_dags/example_branch_datetime_operator.py for tasks to queue
[2024-05-27T03:07:08.791+0000] {logging_mixin.py:188} INFO - [2024-05-27T03:07:08.790+0000] {dagbag.py:545} INFO - Filling up the DagBag from /home/airflow/.local/lib/python3.12/site-packages/airflow/example_dags/example_branch_datetime_operator.py
[2024-05-27T03:07:08.801+0000] {processor.py:840} INFO - DAG(s) 'example_branch_datetime_operator', 'example_branch_datetime_operator_3', 'example_branch_datetime_operator_2' retrieved from /home/airflow/.local/lib/python3.12/site-packages/airflow/example_dags/example_branch_datetime_operator.py
[2024-05-27T03:07:08.822+0000] {logging_mixin.py:188} INFO - [2024-05-27T03:07:08.822+0000] {dag.py:3096} INFO - Sync 3 DAGs
[2024-05-27T03:07:08.835+0000] {logging_mixin.py:188} INFO - [2024-05-27T03:07:08.835+0000] {dag.py:3954} INFO - Setting next_dagrun for example_branch_datetime_operator to 2024-05-26 00:00:00+00:00, run_after=2024-05-27 00:00:00+00:00
[2024-05-27T03:07:08.838+0000] {logging_mixin.py:188} INFO - [2024-05-27T03:07:08.838+0000] {dag.py:3954} INFO - Setting next_dagrun for example_branch_datetime_operator_2 to 2024-05-26 00:00:00+00:00, run_after=2024-05-27 00:00:00+00:00
[2024-05-27T03:07:08.839+0000] {logging_mixin.py:188} INFO - [2024-05-27T03:07:08.839+0000] {dag.py:3954} INFO - Setting next_dagrun for example_branch_datetime_operator_3 to 2024-05-26 00:00:00+00:00, run_after=2024-05-27 00:00:00+00:00
[2024-05-27T03:07:08.848+0000] {processor.py:183} INFO - Processing /home/airflow/.local/lib/python3.12/site-packages/airflow/example_dags/example_branch_datetime_operator.py took 0.070 seconds
[2024-05-27T03:07:39.396+0000] {processor.py:161} INFO - Started process (PID=1284) to work on /home/airflow/.local/lib/python3.12/site-packages/airflow/example_dags/example_branch_datetime_operator.py
[2024-05-27T03:07:39.398+0000] {processor.py:830} INFO - Processing file /home/airflow/.local/lib/python3.12/site-packages/airflow/example_dags/example_branch_datetime_operator.py for tasks to queue
[2024-05-27T03:07:39.400+0000] {logging_mixin.py:188} INFO - [2024-05-27T03:07:39.400+0000] {dagbag.py:545} INFO - Filling up the DagBag from /home/airflow/.local/lib/python3.12/site-packages/airflow/example_dags/example_branch_datetime_operator.py
[2024-05-27T03:07:39.409+0000] {processor.py:840} INFO - DAG(s) 'example_branch_datetime_operator_3', 'example_branch_datetime_operator', 'example_branch_datetime_operator_2' retrieved from /home/airflow/.local/lib/python3.12/site-packages/airflow/example_dags/example_branch_datetime_operator.py
[2024-05-27T03:07:39.434+0000] {logging_mixin.py:188} INFO - [2024-05-27T03:07:39.433+0000] {dag.py:3096} INFO - Sync 3 DAGs
[2024-05-27T03:07:39.447+0000] {logging_mixin.py:188} INFO - [2024-05-27T03:07:39.447+0000] {dag.py:3954} INFO - Setting next_dagrun for example_branch_datetime_operator to 2024-05-26 00:00:00+00:00, run_after=2024-05-27 00:00:00+00:00
[2024-05-27T03:07:39.450+0000] {logging_mixin.py:188} INFO - [2024-05-27T03:07:39.450+0000] {dag.py:3954} INFO - Setting next_dagrun for example_branch_datetime_operator_2 to 2024-05-26 00:00:00+00:00, run_after=2024-05-27 00:00:00+00:00
[2024-05-27T03:07:39.452+0000] {logging_mixin.py:188} INFO - [2024-05-27T03:07:39.452+0000] {dag.py:3954} INFO - Setting next_dagrun for example_branch_datetime_operator_3 to 2024-05-26 00:00:00+00:00, run_after=2024-05-27 00:00:00+00:00
[2024-05-27T03:07:39.461+0000] {processor.py:183} INFO - Processing /home/airflow/.local/lib/python3.12/site-packages/airflow/example_dags/example_branch_datetime_operator.py took 0.073 seconds
[2024-05-27T03:08:36.754+0000] {processor.py:161} INFO - Started process (PID=47) to work on /home/airflow/.local/lib/python3.12/site-packages/airflow/example_dags/example_branch_datetime_operator.py
[2024-05-27T03:08:36.756+0000] {processor.py:830} INFO - Processing file /home/airflow/.local/lib/python3.12/site-packages/airflow/example_dags/example_branch_datetime_operator.py for tasks to queue
[2024-05-27T03:08:36.758+0000] {logging_mixin.py:188} INFO - [2024-05-27T03:08:36.758+0000] {dagbag.py:545} INFO - Filling up the DagBag from /home/airflow/.local/lib/python3.12/site-packages/airflow/example_dags/example_branch_datetime_operator.py
[2024-05-27T03:08:36.771+0000] {processor.py:840} INFO - DAG(s) 'example_branch_datetime_operator_3', 'example_branch_datetime_operator', 'example_branch_datetime_operator_2' retrieved from /home/airflow/.local/lib/python3.12/site-packages/airflow/example_dags/example_branch_datetime_operator.py
[2024-05-27T03:08:36.782+0000] {logging_mixin.py:188} INFO - [2024-05-27T03:08:36.782+0000] {dag.py:3096} INFO - Sync 3 DAGs
[2024-05-27T03:08:36.800+0000] {logging_mixin.py:188} INFO - [2024-05-27T03:08:36.800+0000] {dag.py:3954} INFO - Setting next_dagrun for example_branch_datetime_operator to 2024-05-26 00:00:00+00:00, run_after=2024-05-27 00:00:00+00:00
[2024-05-27T03:08:36.805+0000] {logging_mixin.py:188} INFO - [2024-05-27T03:08:36.805+0000] {dag.py:3954} INFO - Setting next_dagrun for example_branch_datetime_operator_2 to 2024-05-26 00:00:00+00:00, run_after=2024-05-27 00:00:00+00:00
[2024-05-27T03:08:36.807+0000] {logging_mixin.py:188} INFO - [2024-05-27T03:08:36.807+0000] {dag.py:3954} INFO - Setting next_dagrun for example_branch_datetime_operator_3 to 2024-05-26 00:00:00+00:00, run_after=2024-05-27 00:00:00+00:00
[2024-05-27T03:08:36.817+0000] {processor.py:183} INFO - Processing /home/airflow/.local/lib/python3.12/site-packages/airflow/example_dags/example_branch_datetime_operator.py took 0.067 seconds
[2024-05-27T03:09:07.197+0000] {processor.py:161} INFO - Started process (PID=106) to work on /home/airflow/.local/lib/python3.12/site-packages/airflow/example_dags/example_branch_datetime_operator.py
[2024-05-27T03:09:07.198+0000] {processor.py:830} INFO - Processing file /home/airflow/.local/lib/python3.12/site-packages/airflow/example_dags/example_branch_datetime_operator.py for tasks to queue
[2024-05-27T03:09:07.199+0000] {logging_mixin.py:188} INFO - [2024-05-27T03:09:07.199+0000] {dagbag.py:545} INFO - Filling up the DagBag from /home/airflow/.local/lib/python3.12/site-packages/airflow/example_dags/example_branch_datetime_operator.py
[2024-05-27T03:09:07.204+0000] {processor.py:840} INFO - DAG(s) 'example_branch_datetime_operator_2', 'example_branch_datetime_operator_3', 'example_branch_datetime_operator' retrieved from /home/airflow/.local/lib/python3.12/site-packages/airflow/example_dags/example_branch_datetime_operator.py
[2024-05-27T03:09:07.263+0000] {logging_mixin.py:188} INFO - [2024-05-27T03:09:07.263+0000] {dag.py:3096} INFO - Sync 3 DAGs
[2024-05-27T03:09:07.274+0000] {logging_mixin.py:188} INFO - [2024-05-27T03:09:07.274+0000] {dag.py:3954} INFO - Setting next_dagrun for example_branch_datetime_operator to 2024-05-26 00:00:00+00:00, run_after=2024-05-27 00:00:00+00:00
[2024-05-27T03:09:07.277+0000] {logging_mixin.py:188} INFO - [2024-05-27T03:09:07.277+0000] {dag.py:3954} INFO - Setting next_dagrun for example_branch_datetime_operator_2 to 2024-05-26 00:00:00+00:00, run_after=2024-05-27 00:00:00+00:00
[2024-05-27T03:09:07.278+0000] {logging_mixin.py:188} INFO - [2024-05-27T03:09:07.278+0000] {dag.py:3954} INFO - Setting next_dagrun for example_branch_datetime_operator_3 to 2024-05-26 00:00:00+00:00, run_after=2024-05-27 00:00:00+00:00
[2024-05-27T03:09:07.289+0000] {processor.py:183} INFO - Processing /home/airflow/.local/lib/python3.12/site-packages/airflow/example_dags/example_branch_datetime_operator.py took 0.095 seconds
[2024-05-27T03:09:37.301+0000] {processor.py:161} INFO - Started process (PID=165) to work on /home/airflow/.local/lib/python3.12/site-packages/airflow/example_dags/example_branch_datetime_operator.py
[2024-05-27T03:09:37.302+0000] {processor.py:830} INFO - Processing file /home/airflow/.local/lib/python3.12/site-packages/airflow/example_dags/example_branch_datetime_operator.py for tasks to queue
[2024-05-27T03:09:37.303+0000] {logging_mixin.py:188} INFO - [2024-05-27T03:09:37.303+0000] {dagbag.py:545} INFO - Filling up the DagBag from /home/airflow/.local/lib/python3.12/site-packages/airflow/example_dags/example_branch_datetime_operator.py
[2024-05-27T03:09:37.308+0000] {processor.py:840} INFO - DAG(s) 'example_branch_datetime_operator_3', 'example_branch_datetime_operator', 'example_branch_datetime_operator_2' retrieved from /home/airflow/.local/lib/python3.12/site-packages/airflow/example_dags/example_branch_datetime_operator.py
[2024-05-27T03:09:37.321+0000] {logging_mixin.py:188} INFO - [2024-05-27T03:09:37.321+0000] {dag.py:3096} INFO - Sync 3 DAGs
[2024-05-27T03:09:37.332+0000] {logging_mixin.py:188} INFO - [2024-05-27T03:09:37.332+0000] {dag.py:3954} INFO - Setting next_dagrun for example_branch_datetime_operator to 2024-05-26 00:00:00+00:00, run_after=2024-05-27 00:00:00+00:00
[2024-05-27T03:09:37.334+0000] {logging_mixin.py:188} INFO - [2024-05-27T03:09:37.334+0000] {dag.py:3954} INFO - Setting next_dagrun for example_branch_datetime_operator_2 to 2024-05-26 00:00:00+00:00, run_after=2024-05-27 00:00:00+00:00
[2024-05-27T03:09:37.335+0000] {logging_mixin.py:188} INFO - [2024-05-27T03:09:37.335+0000] {dag.py:3954} INFO - Setting next_dagrun for example_branch_datetime_operator_3 to 2024-05-26 00:00:00+00:00, run_after=2024-05-27 00:00:00+00:00
[2024-05-27T03:09:37.342+0000] {processor.py:183} INFO - Processing /home/airflow/.local/lib/python3.12/site-packages/airflow/example_dags/example_branch_datetime_operator.py took 0.044 seconds
[2024-05-27T03:10:07.907+0000] {processor.py:161} INFO - Started process (PID=224) to work on /home/airflow/.local/lib/python3.12/site-packages/airflow/example_dags/example_branch_datetime_operator.py
[2024-05-27T03:10:07.908+0000] {processor.py:830} INFO - Processing file /home/airflow/.local/lib/python3.12/site-packages/airflow/example_dags/example_branch_datetime_operator.py for tasks to queue
[2024-05-27T03:10:07.909+0000] {logging_mixin.py:188} INFO - [2024-05-27T03:10:07.909+0000] {dagbag.py:545} INFO - Filling up the DagBag from /home/airflow/.local/lib/python3.12/site-packages/airflow/example_dags/example_branch_datetime_operator.py
[2024-05-27T03:10:07.913+0000] {processor.py:840} INFO - DAG(s) 'example_branch_datetime_operator', 'example_branch_datetime_operator_3', 'example_branch_datetime_operator_2' retrieved from /home/airflow/.local/lib/python3.12/site-packages/airflow/example_dags/example_branch_datetime_operator.py
[2024-05-27T03:10:07.927+0000] {logging_mixin.py:188} INFO - [2024-05-27T03:10:07.927+0000] {dag.py:3096} INFO - Sync 3 DAGs
[2024-05-27T03:10:07.937+0000] {logging_mixin.py:188} INFO - [2024-05-27T03:10:07.937+0000] {dag.py:3954} INFO - Setting next_dagrun for example_branch_datetime_operator to 2024-05-26 00:00:00+00:00, run_after=2024-05-27 00:00:00+00:00
[2024-05-27T03:10:07.940+0000] {logging_mixin.py:188} INFO - [2024-05-27T03:10:07.940+0000] {dag.py:3954} INFO - Setting next_dagrun for example_branch_datetime_operator_2 to 2024-05-26 00:00:00+00:00, run_after=2024-05-27 00:00:00+00:00
[2024-05-27T03:10:07.941+0000] {logging_mixin.py:188} INFO - [2024-05-27T03:10:07.941+0000] {dag.py:3954} INFO - Setting next_dagrun for example_branch_datetime_operator_3 to 2024-05-26 00:00:00+00:00, run_after=2024-05-27 00:00:00+00:00
[2024-05-27T03:10:07.949+0000] {processor.py:183} INFO - Processing /home/airflow/.local/lib/python3.12/site-packages/airflow/example_dags/example_branch_datetime_operator.py took 0.044 seconds
[2024-05-27T03:20:24.465+0000] {processor.py:161} INFO - Started process (PID=47) to work on /home/airflow/.local/lib/python3.12/site-packages/airflow/example_dags/example_branch_datetime_operator.py
[2024-05-27T03:20:24.467+0000] {processor.py:830} INFO - Processing file /home/airflow/.local/lib/python3.12/site-packages/airflow/example_dags/example_branch_datetime_operator.py for tasks to queue
[2024-05-27T03:20:24.471+0000] {logging_mixin.py:188} INFO - [2024-05-27T03:20:24.470+0000] {dagbag.py:545} INFO - Filling up the DagBag from /home/airflow/.local/lib/python3.12/site-packages/airflow/example_dags/example_branch_datetime_operator.py
[2024-05-27T03:20:24.485+0000] {processor.py:840} INFO - DAG(s) 'example_branch_datetime_operator_3', 'example_branch_datetime_operator', 'example_branch_datetime_operator_2' retrieved from /home/airflow/.local/lib/python3.12/site-packages/airflow/example_dags/example_branch_datetime_operator.py
[2024-05-27T03:20:24.500+0000] {logging_mixin.py:188} INFO - [2024-05-27T03:20:24.500+0000] {dag.py:3096} INFO - Sync 3 DAGs
[2024-05-27T03:20:24.519+0000] {logging_mixin.py:188} INFO - [2024-05-27T03:20:24.519+0000] {dag.py:3954} INFO - Setting next_dagrun for example_branch_datetime_operator to 2024-05-26 00:00:00+00:00, run_after=2024-05-27 00:00:00+00:00
[2024-05-27T03:20:24.523+0000] {logging_mixin.py:188} INFO - [2024-05-27T03:20:24.522+0000] {dag.py:3954} INFO - Setting next_dagrun for example_branch_datetime_operator_2 to 2024-05-26 00:00:00+00:00, run_after=2024-05-27 00:00:00+00:00
[2024-05-27T03:20:24.525+0000] {logging_mixin.py:188} INFO - [2024-05-27T03:20:24.524+0000] {dag.py:3954} INFO - Setting next_dagrun for example_branch_datetime_operator_3 to 2024-05-26 00:00:00+00:00, run_after=2024-05-27 00:00:00+00:00
[2024-05-27T03:20:24.537+0000] {processor.py:183} INFO - Processing /home/airflow/.local/lib/python3.12/site-packages/airflow/example_dags/example_branch_datetime_operator.py took 0.078 seconds
[2024-05-27T03:20:54.795+0000] {processor.py:161} INFO - Started process (PID=105) to work on /home/airflow/.local/lib/python3.12/site-packages/airflow/example_dags/example_branch_datetime_operator.py
[2024-05-27T03:20:54.795+0000] {processor.py:830} INFO - Processing file /home/airflow/.local/lib/python3.12/site-packages/airflow/example_dags/example_branch_datetime_operator.py for tasks to queue
[2024-05-27T03:20:54.796+0000] {logging_mixin.py:188} INFO - [2024-05-27T03:20:54.796+0000] {dagbag.py:545} INFO - Filling up the DagBag from /home/airflow/.local/lib/python3.12/site-packages/airflow/example_dags/example_branch_datetime_operator.py
[2024-05-27T03:20:54.801+0000] {processor.py:840} INFO - DAG(s) 'example_branch_datetime_operator_2', 'example_branch_datetime_operator', 'example_branch_datetime_operator_3' retrieved from /home/airflow/.local/lib/python3.12/site-packages/airflow/example_dags/example_branch_datetime_operator.py
[2024-05-27T03:20:54.849+0000] {logging_mixin.py:188} INFO - [2024-05-27T03:20:54.849+0000] {dag.py:3096} INFO - Sync 3 DAGs
[2024-05-27T03:20:54.857+0000] {logging_mixin.py:188} INFO - [2024-05-27T03:20:54.857+0000] {dag.py:3954} INFO - Setting next_dagrun for example_branch_datetime_operator to 2024-05-26 00:00:00+00:00, run_after=2024-05-27 00:00:00+00:00
[2024-05-27T03:20:54.860+0000] {logging_mixin.py:188} INFO - [2024-05-27T03:20:54.860+0000] {dag.py:3954} INFO - Setting next_dagrun for example_branch_datetime_operator_2 to 2024-05-26 00:00:00+00:00, run_after=2024-05-27 00:00:00+00:00
[2024-05-27T03:20:54.861+0000] {logging_mixin.py:188} INFO - [2024-05-27T03:20:54.860+0000] {dag.py:3954} INFO - Setting next_dagrun for example_branch_datetime_operator_3 to 2024-05-26 00:00:00+00:00, run_after=2024-05-27 00:00:00+00:00
[2024-05-27T03:20:54.868+0000] {processor.py:183} INFO - Processing /home/airflow/.local/lib/python3.12/site-packages/airflow/example_dags/example_branch_datetime_operator.py took 0.076 seconds
[2024-05-27T03:21:25.812+0000] {processor.py:161} INFO - Started process (PID=164) to work on /home/airflow/.local/lib/python3.12/site-packages/airflow/example_dags/example_branch_datetime_operator.py
[2024-05-27T03:21:25.813+0000] {processor.py:830} INFO - Processing file /home/airflow/.local/lib/python3.12/site-packages/airflow/example_dags/example_branch_datetime_operator.py for tasks to queue
[2024-05-27T03:21:25.815+0000] {logging_mixin.py:188} INFO - [2024-05-27T03:21:25.815+0000] {dagbag.py:545} INFO - Filling up the DagBag from /home/airflow/.local/lib/python3.12/site-packages/airflow/example_dags/example_branch_datetime_operator.py
[2024-05-27T03:21:25.820+0000] {processor.py:840} INFO - DAG(s) 'example_branch_datetime_operator_3', 'example_branch_datetime_operator_2', 'example_branch_datetime_operator' retrieved from /home/airflow/.local/lib/python3.12/site-packages/airflow/example_dags/example_branch_datetime_operator.py
[2024-05-27T03:21:25.834+0000] {logging_mixin.py:188} INFO - [2024-05-27T03:21:25.834+0000] {dag.py:3096} INFO - Sync 3 DAGs
[2024-05-27T03:21:25.844+0000] {logging_mixin.py:188} INFO - [2024-05-27T03:21:25.843+0000] {dag.py:3954} INFO - Setting next_dagrun for example_branch_datetime_operator to 2024-05-26 00:00:00+00:00, run_after=2024-05-27 00:00:00+00:00
[2024-05-27T03:21:25.846+0000] {logging_mixin.py:188} INFO - [2024-05-27T03:21:25.846+0000] {dag.py:3954} INFO - Setting next_dagrun for example_branch_datetime_operator_2 to 2024-05-26 00:00:00+00:00, run_after=2024-05-27 00:00:00+00:00
[2024-05-27T03:21:25.847+0000] {logging_mixin.py:188} INFO - [2024-05-27T03:21:25.847+0000] {dag.py:3954} INFO - Setting next_dagrun for example_branch_datetime_operator_3 to 2024-05-26 00:00:00+00:00, run_after=2024-05-27 00:00:00+00:00
[2024-05-27T03:21:25.854+0000] {processor.py:183} INFO - Processing /home/airflow/.local/lib/python3.12/site-packages/airflow/example_dags/example_branch_datetime_operator.py took 0.046 seconds
[2024-05-27T03:21:56.353+0000] {processor.py:161} INFO - Started process (PID=224) to work on /home/airflow/.local/lib/python3.12/site-packages/airflow/example_dags/example_branch_datetime_operator.py
[2024-05-27T03:21:56.355+0000] {processor.py:830} INFO - Processing file /home/airflow/.local/lib/python3.12/site-packages/airflow/example_dags/example_branch_datetime_operator.py for tasks to queue
[2024-05-27T03:21:56.357+0000] {logging_mixin.py:188} INFO - [2024-05-27T03:21:56.356+0000] {dagbag.py:545} INFO - Filling up the DagBag from /home/airflow/.local/lib/python3.12/site-packages/airflow/example_dags/example_branch_datetime_operator.py
[2024-05-27T03:21:56.367+0000] {processor.py:840} INFO - DAG(s) 'example_branch_datetime_operator_2', 'example_branch_datetime_operator', 'example_branch_datetime_operator_3' retrieved from /home/airflow/.local/lib/python3.12/site-packages/airflow/example_dags/example_branch_datetime_operator.py
[2024-05-27T03:21:56.387+0000] {logging_mixin.py:188} INFO - [2024-05-27T03:21:56.387+0000] {dag.py:3096} INFO - Sync 3 DAGs
[2024-05-27T03:21:56.400+0000] {logging_mixin.py:188} INFO - [2024-05-27T03:21:56.400+0000] {dag.py:3954} INFO - Setting next_dagrun for example_branch_datetime_operator to 2024-05-26 00:00:00+00:00, run_after=2024-05-27 00:00:00+00:00
[2024-05-27T03:21:56.403+0000] {logging_mixin.py:188} INFO - [2024-05-27T03:21:56.403+0000] {dag.py:3954} INFO - Setting next_dagrun for example_branch_datetime_operator_2 to 2024-05-26 00:00:00+00:00, run_after=2024-05-27 00:00:00+00:00
[2024-05-27T03:21:56.404+0000] {logging_mixin.py:188} INFO - [2024-05-27T03:21:56.404+0000] {dag.py:3954} INFO - Setting next_dagrun for example_branch_datetime_operator_3 to 2024-05-26 00:00:00+00:00, run_after=2024-05-27 00:00:00+00:00
[2024-05-27T03:21:56.412+0000] {processor.py:183} INFO - Processing /home/airflow/.local/lib/python3.12/site-packages/airflow/example_dags/example_branch_datetime_operator.py took 0.068 seconds
[2024-05-27T03:22:26.998+0000] {processor.py:161} INFO - Started process (PID=283) to work on /home/airflow/.local/lib/python3.12/site-packages/airflow/example_dags/example_branch_datetime_operator.py
[2024-05-27T03:22:27.001+0000] {processor.py:830} INFO - Processing file /home/airflow/.local/lib/python3.12/site-packages/airflow/example_dags/example_branch_datetime_operator.py for tasks to queue
[2024-05-27T03:22:27.004+0000] {logging_mixin.py:188} INFO - [2024-05-27T03:22:27.004+0000] {dagbag.py:545} INFO - Filling up the DagBag from /home/airflow/.local/lib/python3.12/site-packages/airflow/example_dags/example_branch_datetime_operator.py
[2024-05-27T03:22:27.014+0000] {processor.py:840} INFO - DAG(s) 'example_branch_datetime_operator_2', 'example_branch_datetime_operator', 'example_branch_datetime_operator_3' retrieved from /home/airflow/.local/lib/python3.12/site-packages/airflow/example_dags/example_branch_datetime_operator.py
[2024-05-27T03:22:27.037+0000] {logging_mixin.py:188} INFO - [2024-05-27T03:22:27.037+0000] {dag.py:3096} INFO - Sync 3 DAGs
[2024-05-27T03:22:27.049+0000] {logging_mixin.py:188} INFO - [2024-05-27T03:22:27.049+0000] {dag.py:3954} INFO - Setting next_dagrun for example_branch_datetime_operator to 2024-05-26 00:00:00+00:00, run_after=2024-05-27 00:00:00+00:00
[2024-05-27T03:22:27.052+0000] {logging_mixin.py:188} INFO - [2024-05-27T03:22:27.052+0000] {dag.py:3954} INFO - Setting next_dagrun for example_branch_datetime_operator_2 to 2024-05-26 00:00:00+00:00, run_after=2024-05-27 00:00:00+00:00
[2024-05-27T03:22:27.053+0000] {logging_mixin.py:188} INFO - [2024-05-27T03:22:27.053+0000] {dag.py:3954} INFO - Setting next_dagrun for example_branch_datetime_operator_3 to 2024-05-26 00:00:00+00:00, run_after=2024-05-27 00:00:00+00:00
[2024-05-27T03:22:27.062+0000] {processor.py:183} INFO - Processing /home/airflow/.local/lib/python3.12/site-packages/airflow/example_dags/example_branch_datetime_operator.py took 0.073 seconds
[2024-05-27T03:22:57.676+0000] {processor.py:161} INFO - Started process (PID=342) to work on /home/airflow/.local/lib/python3.12/site-packages/airflow/example_dags/example_branch_datetime_operator.py
[2024-05-27T03:22:57.678+0000] {processor.py:830} INFO - Processing file /home/airflow/.local/lib/python3.12/site-packages/airflow/example_dags/example_branch_datetime_operator.py for tasks to queue
[2024-05-27T03:22:57.681+0000] {logging_mixin.py:188} INFO - [2024-05-27T03:22:57.680+0000] {dagbag.py:545} INFO - Filling up the DagBag from /home/airflow/.local/lib/python3.12/site-packages/airflow/example_dags/example_branch_datetime_operator.py
[2024-05-27T03:22:57.691+0000] {processor.py:840} INFO - DAG(s) 'example_branch_datetime_operator_2', 'example_branch_datetime_operator_3', 'example_branch_datetime_operator' retrieved from /home/airflow/.local/lib/python3.12/site-packages/airflow/example_dags/example_branch_datetime_operator.py
[2024-05-27T03:22:57.714+0000] {logging_mixin.py:188} INFO - [2024-05-27T03:22:57.714+0000] {dag.py:3096} INFO - Sync 3 DAGs
[2024-05-27T03:22:57.727+0000] {logging_mixin.py:188} INFO - [2024-05-27T03:22:57.727+0000] {dag.py:3954} INFO - Setting next_dagrun for example_branch_datetime_operator to 2024-05-26 00:00:00+00:00, run_after=2024-05-27 00:00:00+00:00
[2024-05-27T03:22:57.730+0000] {logging_mixin.py:188} INFO - [2024-05-27T03:22:57.730+0000] {dag.py:3954} INFO - Setting next_dagrun for example_branch_datetime_operator_2 to 2024-05-26 00:00:00+00:00, run_after=2024-05-27 00:00:00+00:00
[2024-05-27T03:22:57.731+0000] {logging_mixin.py:188} INFO - [2024-05-27T03:22:57.731+0000] {dag.py:3954} INFO - Setting next_dagrun for example_branch_datetime_operator_3 to 2024-05-26 00:00:00+00:00, run_after=2024-05-27 00:00:00+00:00
[2024-05-27T03:22:57.740+0000] {processor.py:183} INFO - Processing /home/airflow/.local/lib/python3.12/site-packages/airflow/example_dags/example_branch_datetime_operator.py took 0.072 seconds
[2024-05-27T03:23:28.268+0000] {processor.py:161} INFO - Started process (PID=401) to work on /home/airflow/.local/lib/python3.12/site-packages/airflow/example_dags/example_branch_datetime_operator.py
[2024-05-27T03:23:28.269+0000] {processor.py:830} INFO - Processing file /home/airflow/.local/lib/python3.12/site-packages/airflow/example_dags/example_branch_datetime_operator.py for tasks to queue
[2024-05-27T03:23:28.272+0000] {logging_mixin.py:188} INFO - [2024-05-27T03:23:28.271+0000] {dagbag.py:545} INFO - Filling up the DagBag from /home/airflow/.local/lib/python3.12/site-packages/airflow/example_dags/example_branch_datetime_operator.py
[2024-05-27T03:23:28.281+0000] {processor.py:840} INFO - DAG(s) 'example_branch_datetime_operator', 'example_branch_datetime_operator_3', 'example_branch_datetime_operator_2' retrieved from /home/airflow/.local/lib/python3.12/site-packages/airflow/example_dags/example_branch_datetime_operator.py
[2024-05-27T03:23:28.301+0000] {logging_mixin.py:188} INFO - [2024-05-27T03:23:28.301+0000] {dag.py:3096} INFO - Sync 3 DAGs
[2024-05-27T03:23:28.314+0000] {logging_mixin.py:188} INFO - [2024-05-27T03:23:28.313+0000] {dag.py:3954} INFO - Setting next_dagrun for example_branch_datetime_operator to 2024-05-26 00:00:00+00:00, run_after=2024-05-27 00:00:00+00:00
[2024-05-27T03:23:28.316+0000] {logging_mixin.py:188} INFO - [2024-05-27T03:23:28.316+0000] {dag.py:3954} INFO - Setting next_dagrun for example_branch_datetime_operator_2 to 2024-05-26 00:00:00+00:00, run_after=2024-05-27 00:00:00+00:00
[2024-05-27T03:23:28.317+0000] {logging_mixin.py:188} INFO - [2024-05-27T03:23:28.317+0000] {dag.py:3954} INFO - Setting next_dagrun for example_branch_datetime_operator_3 to 2024-05-26 00:00:00+00:00, run_after=2024-05-27 00:00:00+00:00
[2024-05-27T03:23:28.325+0000] {processor.py:183} INFO - Processing /home/airflow/.local/lib/python3.12/site-packages/airflow/example_dags/example_branch_datetime_operator.py took 0.066 seconds
[2024-05-27T03:23:58.835+0000] {processor.py:161} INFO - Started process (PID=460) to work on /home/airflow/.local/lib/python3.12/site-packages/airflow/example_dags/example_branch_datetime_operator.py
[2024-05-27T03:23:58.837+0000] {processor.py:830} INFO - Processing file /home/airflow/.local/lib/python3.12/site-packages/airflow/example_dags/example_branch_datetime_operator.py for tasks to queue
[2024-05-27T03:23:58.838+0000] {logging_mixin.py:188} INFO - [2024-05-27T03:23:58.838+0000] {dagbag.py:545} INFO - Filling up the DagBag from /home/airflow/.local/lib/python3.12/site-packages/airflow/example_dags/example_branch_datetime_operator.py
[2024-05-27T03:23:58.846+0000] {processor.py:840} INFO - DAG(s) 'example_branch_datetime_operator', 'example_branch_datetime_operator_2', 'example_branch_datetime_operator_3' retrieved from /home/airflow/.local/lib/python3.12/site-packages/airflow/example_dags/example_branch_datetime_operator.py
[2024-05-27T03:23:58.867+0000] {logging_mixin.py:188} INFO - [2024-05-27T03:23:58.867+0000] {dag.py:3096} INFO - Sync 3 DAGs
[2024-05-27T03:23:58.879+0000] {logging_mixin.py:188} INFO - [2024-05-27T03:23:58.879+0000] {dag.py:3954} INFO - Setting next_dagrun for example_branch_datetime_operator to 2024-05-26 00:00:00+00:00, run_after=2024-05-27 00:00:00+00:00
[2024-05-27T03:23:58.882+0000] {logging_mixin.py:188} INFO - [2024-05-27T03:23:58.882+0000] {dag.py:3954} INFO - Setting next_dagrun for example_branch_datetime_operator_2 to 2024-05-26 00:00:00+00:00, run_after=2024-05-27 00:00:00+00:00
[2024-05-27T03:23:58.883+0000] {logging_mixin.py:188} INFO - [2024-05-27T03:23:58.883+0000] {dag.py:3954} INFO - Setting next_dagrun for example_branch_datetime_operator_3 to 2024-05-26 00:00:00+00:00, run_after=2024-05-27 00:00:00+00:00
[2024-05-27T03:23:58.893+0000] {processor.py:183} INFO - Processing /home/airflow/.local/lib/python3.12/site-packages/airflow/example_dags/example_branch_datetime_operator.py took 0.064 seconds
[2024-05-27T03:24:29.381+0000] {processor.py:161} INFO - Started process (PID=519) to work on /home/airflow/.local/lib/python3.12/site-packages/airflow/example_dags/example_branch_datetime_operator.py
[2024-05-27T03:24:29.383+0000] {processor.py:830} INFO - Processing file /home/airflow/.local/lib/python3.12/site-packages/airflow/example_dags/example_branch_datetime_operator.py for tasks to queue
[2024-05-27T03:24:29.385+0000] {logging_mixin.py:188} INFO - [2024-05-27T03:24:29.385+0000] {dagbag.py:545} INFO - Filling up the DagBag from /home/airflow/.local/lib/python3.12/site-packages/airflow/example_dags/example_branch_datetime_operator.py
[2024-05-27T03:24:29.395+0000] {processor.py:840} INFO - DAG(s) 'example_branch_datetime_operator_3', 'example_branch_datetime_operator', 'example_branch_datetime_operator_2' retrieved from /home/airflow/.local/lib/python3.12/site-packages/airflow/example_dags/example_branch_datetime_operator.py
[2024-05-27T03:24:29.426+0000] {logging_mixin.py:188} INFO - [2024-05-27T03:24:29.426+0000] {dag.py:3096} INFO - Sync 3 DAGs
[2024-05-27T03:24:29.439+0000] {logging_mixin.py:188} INFO - [2024-05-27T03:24:29.439+0000] {dag.py:3954} INFO - Setting next_dagrun for example_branch_datetime_operator to 2024-05-26 00:00:00+00:00, run_after=2024-05-27 00:00:00+00:00
[2024-05-27T03:24:29.442+0000] {logging_mixin.py:188} INFO - [2024-05-27T03:24:29.442+0000] {dag.py:3954} INFO - Setting next_dagrun for example_branch_datetime_operator_2 to 2024-05-26 00:00:00+00:00, run_after=2024-05-27 00:00:00+00:00
[2024-05-27T03:24:29.446+0000] {logging_mixin.py:188} INFO - [2024-05-27T03:24:29.446+0000] {dag.py:3954} INFO - Setting next_dagrun for example_branch_datetime_operator_3 to 2024-05-26 00:00:00+00:00, run_after=2024-05-27 00:00:00+00:00
[2024-05-27T03:24:29.457+0000] {processor.py:183} INFO - Processing /home/airflow/.local/lib/python3.12/site-packages/airflow/example_dags/example_branch_datetime_operator.py took 0.083 seconds
[2024-05-27T03:25:00.068+0000] {processor.py:161} INFO - Started process (PID=578) to work on /home/airflow/.local/lib/python3.12/site-packages/airflow/example_dags/example_branch_datetime_operator.py
[2024-05-27T03:25:00.069+0000] {processor.py:830} INFO - Processing file /home/airflow/.local/lib/python3.12/site-packages/airflow/example_dags/example_branch_datetime_operator.py for tasks to queue
[2024-05-27T03:25:00.072+0000] {logging_mixin.py:188} INFO - [2024-05-27T03:25:00.071+0000] {dagbag.py:545} INFO - Filling up the DagBag from /home/airflow/.local/lib/python3.12/site-packages/airflow/example_dags/example_branch_datetime_operator.py
[2024-05-27T03:25:00.081+0000] {processor.py:840} INFO - DAG(s) 'example_branch_datetime_operator_2', 'example_branch_datetime_operator_3', 'example_branch_datetime_operator' retrieved from /home/airflow/.local/lib/python3.12/site-packages/airflow/example_dags/example_branch_datetime_operator.py
[2024-05-27T03:25:00.102+0000] {logging_mixin.py:188} INFO - [2024-05-27T03:25:00.102+0000] {dag.py:3096} INFO - Sync 3 DAGs
[2024-05-27T03:25:00.114+0000] {logging_mixin.py:188} INFO - [2024-05-27T03:25:00.114+0000] {dag.py:3954} INFO - Setting next_dagrun for example_branch_datetime_operator to 2024-05-26 00:00:00+00:00, run_after=2024-05-27 00:00:00+00:00
[2024-05-27T03:25:00.117+0000] {logging_mixin.py:188} INFO - [2024-05-27T03:25:00.117+0000] {dag.py:3954} INFO - Setting next_dagrun for example_branch_datetime_operator_2 to 2024-05-26 00:00:00+00:00, run_after=2024-05-27 00:00:00+00:00
[2024-05-27T03:25:00.119+0000] {logging_mixin.py:188} INFO - [2024-05-27T03:25:00.119+0000] {dag.py:3954} INFO - Setting next_dagrun for example_branch_datetime_operator_3 to 2024-05-26 00:00:00+00:00, run_after=2024-05-27 00:00:00+00:00
[2024-05-27T03:25:00.127+0000] {processor.py:183} INFO - Processing /home/airflow/.local/lib/python3.12/site-packages/airflow/example_dags/example_branch_datetime_operator.py took 0.068 seconds
[2024-05-27T03:25:30.658+0000] {processor.py:161} INFO - Started process (PID=637) to work on /home/airflow/.local/lib/python3.12/site-packages/airflow/example_dags/example_branch_datetime_operator.py
[2024-05-27T03:25:30.660+0000] {processor.py:830} INFO - Processing file /home/airflow/.local/lib/python3.12/site-packages/airflow/example_dags/example_branch_datetime_operator.py for tasks to queue
[2024-05-27T03:25:30.662+0000] {logging_mixin.py:188} INFO - [2024-05-27T03:25:30.662+0000] {dagbag.py:545} INFO - Filling up the DagBag from /home/airflow/.local/lib/python3.12/site-packages/airflow/example_dags/example_branch_datetime_operator.py
[2024-05-27T03:25:30.672+0000] {processor.py:840} INFO - DAG(s) 'example_branch_datetime_operator_3', 'example_branch_datetime_operator', 'example_branch_datetime_operator_2' retrieved from /home/airflow/.local/lib/python3.12/site-packages/airflow/example_dags/example_branch_datetime_operator.py
[2024-05-27T03:25:30.695+0000] {logging_mixin.py:188} INFO - [2024-05-27T03:25:30.694+0000] {dag.py:3096} INFO - Sync 3 DAGs
[2024-05-27T03:25:30.708+0000] {logging_mixin.py:188} INFO - [2024-05-27T03:25:30.708+0000] {dag.py:3954} INFO - Setting next_dagrun for example_branch_datetime_operator to 2024-05-26 00:00:00+00:00, run_after=2024-05-27 00:00:00+00:00
[2024-05-27T03:25:30.711+0000] {logging_mixin.py:188} INFO - [2024-05-27T03:25:30.711+0000] {dag.py:3954} INFO - Setting next_dagrun for example_branch_datetime_operator_2 to 2024-05-26 00:00:00+00:00, run_after=2024-05-27 00:00:00+00:00
[2024-05-27T03:25:30.712+0000] {logging_mixin.py:188} INFO - [2024-05-27T03:25:30.712+0000] {dag.py:3954} INFO - Setting next_dagrun for example_branch_datetime_operator_3 to 2024-05-26 00:00:00+00:00, run_after=2024-05-27 00:00:00+00:00
[2024-05-27T03:25:30.721+0000] {processor.py:183} INFO - Processing /home/airflow/.local/lib/python3.12/site-packages/airflow/example_dags/example_branch_datetime_operator.py took 0.072 seconds
[2024-05-27T03:26:01.254+0000] {processor.py:161} INFO - Started process (PID=696) to work on /home/airflow/.local/lib/python3.12/site-packages/airflow/example_dags/example_branch_datetime_operator.py
[2024-05-27T03:26:01.255+0000] {processor.py:830} INFO - Processing file /home/airflow/.local/lib/python3.12/site-packages/airflow/example_dags/example_branch_datetime_operator.py for tasks to queue
[2024-05-27T03:26:01.257+0000] {logging_mixin.py:188} INFO - [2024-05-27T03:26:01.257+0000] {dagbag.py:545} INFO - Filling up the DagBag from /home/airflow/.local/lib/python3.12/site-packages/airflow/example_dags/example_branch_datetime_operator.py
[2024-05-27T03:26:01.266+0000] {processor.py:840} INFO - DAG(s) 'example_branch_datetime_operator', 'example_branch_datetime_operator_2', 'example_branch_datetime_operator_3' retrieved from /home/airflow/.local/lib/python3.12/site-packages/airflow/example_dags/example_branch_datetime_operator.py
[2024-05-27T03:26:01.285+0000] {logging_mixin.py:188} INFO - [2024-05-27T03:26:01.285+0000] {dag.py:3096} INFO - Sync 3 DAGs
[2024-05-27T03:26:01.297+0000] {logging_mixin.py:188} INFO - [2024-05-27T03:26:01.297+0000] {dag.py:3954} INFO - Setting next_dagrun for example_branch_datetime_operator to 2024-05-26 00:00:00+00:00, run_after=2024-05-27 00:00:00+00:00
[2024-05-27T03:26:01.300+0000] {logging_mixin.py:188} INFO - [2024-05-27T03:26:01.300+0000] {dag.py:3954} INFO - Setting next_dagrun for example_branch_datetime_operator_2 to 2024-05-26 00:00:00+00:00, run_after=2024-05-27 00:00:00+00:00
[2024-05-27T03:26:01.301+0000] {logging_mixin.py:188} INFO - [2024-05-27T03:26:01.301+0000] {dag.py:3954} INFO - Setting next_dagrun for example_branch_datetime_operator_3 to 2024-05-26 00:00:00+00:00, run_after=2024-05-27 00:00:00+00:00
[2024-05-27T03:26:01.309+0000] {processor.py:183} INFO - Processing /home/airflow/.local/lib/python3.12/site-packages/airflow/example_dags/example_branch_datetime_operator.py took 0.063 seconds
[2024-05-27T04:11:55.161+0000] {processor.py:161} INFO - Started process (PID=47) to work on /home/airflow/.local/lib/python3.12/site-packages/airflow/example_dags/example_branch_datetime_operator.py
[2024-05-27T04:11:55.167+0000] {processor.py:830} INFO - Processing file /home/airflow/.local/lib/python3.12/site-packages/airflow/example_dags/example_branch_datetime_operator.py for tasks to queue
[2024-05-27T04:11:55.169+0000] {logging_mixin.py:188} INFO - [2024-05-27T04:11:55.168+0000] {dagbag.py:545} INFO - Filling up the DagBag from /home/airflow/.local/lib/python3.12/site-packages/airflow/example_dags/example_branch_datetime_operator.py
[2024-05-27T04:11:55.178+0000] {processor.py:840} INFO - DAG(s) 'example_branch_datetime_operator', 'example_branch_datetime_operator_2', 'example_branch_datetime_operator_3' retrieved from /home/airflow/.local/lib/python3.12/site-packages/airflow/example_dags/example_branch_datetime_operator.py
[2024-05-27T04:11:55.189+0000] {logging_mixin.py:188} INFO - [2024-05-27T04:11:55.188+0000] {dag.py:3096} INFO - Sync 3 DAGs
[2024-05-27T04:11:55.212+0000] {logging_mixin.py:188} INFO - [2024-05-27T04:11:55.211+0000] {dag.py:3954} INFO - Setting next_dagrun for example_branch_datetime_operator to 2024-05-26 00:00:00+00:00, run_after=2024-05-27 00:00:00+00:00
[2024-05-27T04:11:55.215+0000] {logging_mixin.py:188} INFO - [2024-05-27T04:11:55.215+0000] {dag.py:3954} INFO - Setting next_dagrun for example_branch_datetime_operator_2 to 2024-05-26 00:00:00+00:00, run_after=2024-05-27 00:00:00+00:00
[2024-05-27T04:11:55.217+0000] {logging_mixin.py:188} INFO - [2024-05-27T04:11:55.217+0000] {dag.py:3954} INFO - Setting next_dagrun for example_branch_datetime_operator_3 to 2024-05-26 00:00:00+00:00, run_after=2024-05-27 00:00:00+00:00
[2024-05-27T04:11:55.228+0000] {processor.py:183} INFO - Processing /home/airflow/.local/lib/python3.12/site-packages/airflow/example_dags/example_branch_datetime_operator.py took 0.072 seconds
