[2024-05-27T02:56:57.616+0000] {processor.py:161} INFO - Started process (PID=71) to work on /home/airflow/.local/lib/python3.12/site-packages/airflow/example_dags/example_task_group.py
[2024-05-27T02:56:57.618+0000] {processor.py:830} INFO - Processing file /home/airflow/.local/lib/python3.12/site-packages/airflow/example_dags/example_task_group.py for tasks to queue
[2024-05-27T02:56:57.621+0000] {logging_mixin.py:188} INFO - [2024-05-27T02:56:57.620+0000] {dagbag.py:545} INFO - Filling up the DagBag from /home/airflow/.local/lib/python3.12/site-packages/airflow/example_dags/example_task_group.py
[2024-05-27T02:56:57.629+0000] {processor.py:840} INFO - DAG(s) 'example_task_group' retrieved from /home/airflow/.local/lib/python3.12/site-packages/airflow/example_dags/example_task_group.py
[2024-05-27T02:56:57.644+0000] {logging_mixin.py:188} INFO - [2024-05-27T02:56:57.644+0000] {dag.py:3096} INFO - Sync 1 DAGs
[2024-05-27T02:56:57.664+0000] {logging_mixin.py:188} INFO - [2024-05-27T02:56:57.664+0000] {dag.py:3954} INFO - Setting next_dagrun for example_task_group to 2024-05-26 00:00:00+00:00, run_after=2024-05-27 00:00:00+00:00
[2024-05-27T02:56:57.677+0000] {processor.py:183} INFO - Processing /home/airflow/.local/lib/python3.12/site-packages/airflow/example_dags/example_task_group.py took 0.068 seconds
[2024-05-27T02:57:27.786+0000] {processor.py:161} INFO - Started process (PID=130) to work on /home/airflow/.local/lib/python3.12/site-packages/airflow/example_dags/example_task_group.py
[2024-05-27T02:57:27.786+0000] {processor.py:830} INFO - Processing file /home/airflow/.local/lib/python3.12/site-packages/airflow/example_dags/example_task_group.py for tasks to queue
[2024-05-27T02:57:27.787+0000] {logging_mixin.py:188} INFO - [2024-05-27T02:57:27.787+0000] {dagbag.py:545} INFO - Filling up the DagBag from /home/airflow/.local/lib/python3.12/site-packages/airflow/example_dags/example_task_group.py
[2024-05-27T02:57:27.790+0000] {processor.py:840} INFO - DAG(s) 'example_task_group' retrieved from /home/airflow/.local/lib/python3.12/site-packages/airflow/example_dags/example_task_group.py
[2024-05-27T02:57:27.833+0000] {logging_mixin.py:188} INFO - [2024-05-27T02:57:27.833+0000] {dag.py:3096} INFO - Sync 1 DAGs
[2024-05-27T02:57:27.842+0000] {logging_mixin.py:188} INFO - [2024-05-27T02:57:27.842+0000] {dag.py:3954} INFO - Setting next_dagrun for example_task_group to 2024-05-26 00:00:00+00:00, run_after=2024-05-27 00:00:00+00:00
[2024-05-27T02:57:27.850+0000] {processor.py:183} INFO - Processing /home/airflow/.local/lib/python3.12/site-packages/airflow/example_dags/example_task_group.py took 0.067 seconds
[2024-05-27T02:57:58.460+0000] {processor.py:161} INFO - Started process (PID=189) to work on /home/airflow/.local/lib/python3.12/site-packages/airflow/example_dags/example_task_group.py
[2024-05-27T02:57:58.460+0000] {processor.py:830} INFO - Processing file /home/airflow/.local/lib/python3.12/site-packages/airflow/example_dags/example_task_group.py for tasks to queue
[2024-05-27T02:57:58.461+0000] {logging_mixin.py:188} INFO - [2024-05-27T02:57:58.461+0000] {dagbag.py:545} INFO - Filling up the DagBag from /home/airflow/.local/lib/python3.12/site-packages/airflow/example_dags/example_task_group.py
[2024-05-27T02:57:58.465+0000] {processor.py:840} INFO - DAG(s) 'example_task_group' retrieved from /home/airflow/.local/lib/python3.12/site-packages/airflow/example_dags/example_task_group.py
[2024-05-27T02:57:58.477+0000] {logging_mixin.py:188} INFO - [2024-05-27T02:57:58.476+0000] {dag.py:3096} INFO - Sync 1 DAGs
[2024-05-27T02:57:58.487+0000] {logging_mixin.py:188} INFO - [2024-05-27T02:57:58.487+0000] {dag.py:3954} INFO - Setting next_dagrun for example_task_group to 2024-05-26 00:00:00+00:00, run_after=2024-05-27 00:00:00+00:00
[2024-05-27T02:57:58.495+0000] {processor.py:183} INFO - Processing /home/airflow/.local/lib/python3.12/site-packages/airflow/example_dags/example_task_group.py took 0.038 seconds
[2024-05-27T02:58:29.116+0000] {processor.py:161} INFO - Started process (PID=248) to work on /home/airflow/.local/lib/python3.12/site-packages/airflow/example_dags/example_task_group.py
[2024-05-27T02:58:29.117+0000] {processor.py:830} INFO - Processing file /home/airflow/.local/lib/python3.12/site-packages/airflow/example_dags/example_task_group.py for tasks to queue
[2024-05-27T02:58:29.121+0000] {logging_mixin.py:188} INFO - [2024-05-27T02:58:29.121+0000] {dagbag.py:545} INFO - Filling up the DagBag from /home/airflow/.local/lib/python3.12/site-packages/airflow/example_dags/example_task_group.py
[2024-05-27T02:58:29.125+0000] {processor.py:840} INFO - DAG(s) 'example_task_group' retrieved from /home/airflow/.local/lib/python3.12/site-packages/airflow/example_dags/example_task_group.py
[2024-05-27T02:58:29.135+0000] {logging_mixin.py:188} INFO - [2024-05-27T02:58:29.135+0000] {dag.py:3096} INFO - Sync 1 DAGs
[2024-05-27T02:58:29.144+0000] {logging_mixin.py:188} INFO - [2024-05-27T02:58:29.144+0000] {dag.py:3954} INFO - Setting next_dagrun for example_task_group to 2024-05-26 00:00:00+00:00, run_after=2024-05-27 00:00:00+00:00
[2024-05-27T02:58:29.152+0000] {processor.py:183} INFO - Processing /home/airflow/.local/lib/python3.12/site-packages/airflow/example_dags/example_task_group.py took 0.040 seconds
[2024-05-27T02:58:59.710+0000] {processor.py:161} INFO - Started process (PID=307) to work on /home/airflow/.local/lib/python3.12/site-packages/airflow/example_dags/example_task_group.py
[2024-05-27T02:58:59.710+0000] {processor.py:830} INFO - Processing file /home/airflow/.local/lib/python3.12/site-packages/airflow/example_dags/example_task_group.py for tasks to queue
[2024-05-27T02:58:59.712+0000] {logging_mixin.py:188} INFO - [2024-05-27T02:58:59.711+0000] {dagbag.py:545} INFO - Filling up the DagBag from /home/airflow/.local/lib/python3.12/site-packages/airflow/example_dags/example_task_group.py
[2024-05-27T02:58:59.716+0000] {processor.py:840} INFO - DAG(s) 'example_task_group' retrieved from /home/airflow/.local/lib/python3.12/site-packages/airflow/example_dags/example_task_group.py
[2024-05-27T02:58:59.726+0000] {logging_mixin.py:188} INFO - [2024-05-27T02:58:59.726+0000] {dag.py:3096} INFO - Sync 1 DAGs
[2024-05-27T02:58:59.736+0000] {logging_mixin.py:188} INFO - [2024-05-27T02:58:59.736+0000] {dag.py:3954} INFO - Setting next_dagrun for example_task_group to 2024-05-26 00:00:00+00:00, run_after=2024-05-27 00:00:00+00:00
[2024-05-27T02:58:59.744+0000] {processor.py:183} INFO - Processing /home/airflow/.local/lib/python3.12/site-packages/airflow/example_dags/example_task_group.py took 0.037 seconds
[2024-05-27T02:59:30.222+0000] {processor.py:161} INFO - Started process (PID=366) to work on /home/airflow/.local/lib/python3.12/site-packages/airflow/example_dags/example_task_group.py
[2024-05-27T02:59:30.224+0000] {processor.py:830} INFO - Processing file /home/airflow/.local/lib/python3.12/site-packages/airflow/example_dags/example_task_group.py for tasks to queue
[2024-05-27T02:59:30.225+0000] {logging_mixin.py:188} INFO - [2024-05-27T02:59:30.225+0000] {dagbag.py:545} INFO - Filling up the DagBag from /home/airflow/.local/lib/python3.12/site-packages/airflow/example_dags/example_task_group.py
[2024-05-27T02:59:30.229+0000] {processor.py:840} INFO - DAG(s) 'example_task_group' retrieved from /home/airflow/.local/lib/python3.12/site-packages/airflow/example_dags/example_task_group.py
[2024-05-27T02:59:30.240+0000] {logging_mixin.py:188} INFO - [2024-05-27T02:59:30.239+0000] {dag.py:3096} INFO - Sync 1 DAGs
[2024-05-27T02:59:30.249+0000] {logging_mixin.py:188} INFO - [2024-05-27T02:59:30.249+0000] {dag.py:3954} INFO - Setting next_dagrun for example_task_group to 2024-05-26 00:00:00+00:00, run_after=2024-05-27 00:00:00+00:00
[2024-05-27T02:59:30.260+0000] {processor.py:183} INFO - Processing /home/airflow/.local/lib/python3.12/site-packages/airflow/example_dags/example_task_group.py took 0.042 seconds
[2024-05-27T03:00:00.740+0000] {processor.py:161} INFO - Started process (PID=425) to work on /home/airflow/.local/lib/python3.12/site-packages/airflow/example_dags/example_task_group.py
[2024-05-27T03:00:00.741+0000] {processor.py:830} INFO - Processing file /home/airflow/.local/lib/python3.12/site-packages/airflow/example_dags/example_task_group.py for tasks to queue
[2024-05-27T03:00:00.742+0000] {logging_mixin.py:188} INFO - [2024-05-27T03:00:00.741+0000] {dagbag.py:545} INFO - Filling up the DagBag from /home/airflow/.local/lib/python3.12/site-packages/airflow/example_dags/example_task_group.py
[2024-05-27T03:00:00.745+0000] {processor.py:840} INFO - DAG(s) 'example_task_group' retrieved from /home/airflow/.local/lib/python3.12/site-packages/airflow/example_dags/example_task_group.py
[2024-05-27T03:00:00.754+0000] {logging_mixin.py:188} INFO - [2024-05-27T03:00:00.754+0000] {dag.py:3096} INFO - Sync 1 DAGs
[2024-05-27T03:00:00.762+0000] {logging_mixin.py:188} INFO - [2024-05-27T03:00:00.762+0000] {dag.py:3954} INFO - Setting next_dagrun for example_task_group to 2024-05-26 00:00:00+00:00, run_after=2024-05-27 00:00:00+00:00
[2024-05-27T03:00:00.770+0000] {processor.py:183} INFO - Processing /home/airflow/.local/lib/python3.12/site-packages/airflow/example_dags/example_task_group.py took 0.032 seconds
[2024-05-27T03:00:31.344+0000] {processor.py:161} INFO - Started process (PID=484) to work on /home/airflow/.local/lib/python3.12/site-packages/airflow/example_dags/example_task_group.py
[2024-05-27T03:00:31.345+0000] {processor.py:830} INFO - Processing file /home/airflow/.local/lib/python3.12/site-packages/airflow/example_dags/example_task_group.py for tasks to queue
[2024-05-27T03:00:31.346+0000] {logging_mixin.py:188} INFO - [2024-05-27T03:00:31.346+0000] {dagbag.py:545} INFO - Filling up the DagBag from /home/airflow/.local/lib/python3.12/site-packages/airflow/example_dags/example_task_group.py
[2024-05-27T03:00:31.350+0000] {processor.py:840} INFO - DAG(s) 'example_task_group' retrieved from /home/airflow/.local/lib/python3.12/site-packages/airflow/example_dags/example_task_group.py
[2024-05-27T03:00:31.360+0000] {logging_mixin.py:188} INFO - [2024-05-27T03:00:31.360+0000] {dag.py:3096} INFO - Sync 1 DAGs
[2024-05-27T03:00:31.370+0000] {logging_mixin.py:188} INFO - [2024-05-27T03:00:31.370+0000] {dag.py:3954} INFO - Setting next_dagrun for example_task_group to 2024-05-26 00:00:00+00:00, run_after=2024-05-27 00:00:00+00:00
[2024-05-27T03:00:31.379+0000] {processor.py:183} INFO - Processing /home/airflow/.local/lib/python3.12/site-packages/airflow/example_dags/example_task_group.py took 0.037 seconds
[2024-05-27T03:01:01.913+0000] {processor.py:161} INFO - Started process (PID=542) to work on /home/airflow/.local/lib/python3.12/site-packages/airflow/example_dags/example_task_group.py
[2024-05-27T03:01:01.913+0000] {processor.py:830} INFO - Processing file /home/airflow/.local/lib/python3.12/site-packages/airflow/example_dags/example_task_group.py for tasks to queue
[2024-05-27T03:01:01.914+0000] {logging_mixin.py:188} INFO - [2024-05-27T03:01:01.914+0000] {dagbag.py:545} INFO - Filling up the DagBag from /home/airflow/.local/lib/python3.12/site-packages/airflow/example_dags/example_task_group.py
[2024-05-27T03:01:01.918+0000] {processor.py:840} INFO - DAG(s) 'example_task_group' retrieved from /home/airflow/.local/lib/python3.12/site-packages/airflow/example_dags/example_task_group.py
[2024-05-27T03:01:01.928+0000] {logging_mixin.py:188} INFO - [2024-05-27T03:01:01.928+0000] {dag.py:3096} INFO - Sync 1 DAGs
[2024-05-27T03:01:01.938+0000] {logging_mixin.py:188} INFO - [2024-05-27T03:01:01.938+0000] {dag.py:3954} INFO - Setting next_dagrun for example_task_group to 2024-05-26 00:00:00+00:00, run_after=2024-05-27 00:00:00+00:00
[2024-05-27T03:01:01.946+0000] {processor.py:183} INFO - Processing /home/airflow/.local/lib/python3.12/site-packages/airflow/example_dags/example_task_group.py took 0.036 seconds
[2024-05-27T03:01:32.529+0000] {processor.py:161} INFO - Started process (PID=601) to work on /home/airflow/.local/lib/python3.12/site-packages/airflow/example_dags/example_task_group.py
[2024-05-27T03:01:32.530+0000] {processor.py:830} INFO - Processing file /home/airflow/.local/lib/python3.12/site-packages/airflow/example_dags/example_task_group.py for tasks to queue
[2024-05-27T03:01:32.531+0000] {logging_mixin.py:188} INFO - [2024-05-27T03:01:32.530+0000] {dagbag.py:545} INFO - Filling up the DagBag from /home/airflow/.local/lib/python3.12/site-packages/airflow/example_dags/example_task_group.py
[2024-05-27T03:01:32.534+0000] {processor.py:840} INFO - DAG(s) 'example_task_group' retrieved from /home/airflow/.local/lib/python3.12/site-packages/airflow/example_dags/example_task_group.py
[2024-05-27T03:01:32.546+0000] {logging_mixin.py:188} INFO - [2024-05-27T03:01:32.546+0000] {dag.py:3096} INFO - Sync 1 DAGs
[2024-05-27T03:01:32.557+0000] {logging_mixin.py:188} INFO - [2024-05-27T03:01:32.557+0000] {dag.py:3954} INFO - Setting next_dagrun for example_task_group to 2024-05-26 00:00:00+00:00, run_after=2024-05-27 00:00:00+00:00
[2024-05-27T03:01:32.566+0000] {processor.py:183} INFO - Processing /home/airflow/.local/lib/python3.12/site-packages/airflow/example_dags/example_task_group.py took 0.040 seconds
[2024-05-27T03:02:03.122+0000] {processor.py:161} INFO - Started process (PID=660) to work on /home/airflow/.local/lib/python3.12/site-packages/airflow/example_dags/example_task_group.py
[2024-05-27T03:02:03.123+0000] {processor.py:830} INFO - Processing file /home/airflow/.local/lib/python3.12/site-packages/airflow/example_dags/example_task_group.py for tasks to queue
[2024-05-27T03:02:03.126+0000] {logging_mixin.py:188} INFO - [2024-05-27T03:02:03.126+0000] {dagbag.py:545} INFO - Filling up the DagBag from /home/airflow/.local/lib/python3.12/site-packages/airflow/example_dags/example_task_group.py
[2024-05-27T03:02:03.130+0000] {processor.py:840} INFO - DAG(s) 'example_task_group' retrieved from /home/airflow/.local/lib/python3.12/site-packages/airflow/example_dags/example_task_group.py
[2024-05-27T03:02:03.140+0000] {logging_mixin.py:188} INFO - [2024-05-27T03:02:03.140+0000] {dag.py:3096} INFO - Sync 1 DAGs
[2024-05-27T03:02:03.150+0000] {logging_mixin.py:188} INFO - [2024-05-27T03:02:03.150+0000] {dag.py:3954} INFO - Setting next_dagrun for example_task_group to 2024-05-26 00:00:00+00:00, run_after=2024-05-27 00:00:00+00:00
[2024-05-27T03:02:03.158+0000] {processor.py:183} INFO - Processing /home/airflow/.local/lib/python3.12/site-packages/airflow/example_dags/example_task_group.py took 0.038 seconds
[2024-05-27T03:02:33.691+0000] {processor.py:161} INFO - Started process (PID=719) to work on /home/airflow/.local/lib/python3.12/site-packages/airflow/example_dags/example_task_group.py
[2024-05-27T03:02:33.692+0000] {processor.py:830} INFO - Processing file /home/airflow/.local/lib/python3.12/site-packages/airflow/example_dags/example_task_group.py for tasks to queue
[2024-05-27T03:02:33.693+0000] {logging_mixin.py:188} INFO - [2024-05-27T03:02:33.693+0000] {dagbag.py:545} INFO - Filling up the DagBag from /home/airflow/.local/lib/python3.12/site-packages/airflow/example_dags/example_task_group.py
[2024-05-27T03:02:33.696+0000] {processor.py:840} INFO - DAG(s) 'example_task_group' retrieved from /home/airflow/.local/lib/python3.12/site-packages/airflow/example_dags/example_task_group.py
[2024-05-27T03:02:33.707+0000] {logging_mixin.py:188} INFO - [2024-05-27T03:02:33.707+0000] {dag.py:3096} INFO - Sync 1 DAGs
[2024-05-27T03:02:33.716+0000] {logging_mixin.py:188} INFO - [2024-05-27T03:02:33.716+0000] {dag.py:3954} INFO - Setting next_dagrun for example_task_group to 2024-05-26 00:00:00+00:00, run_after=2024-05-27 00:00:00+00:00
[2024-05-27T03:02:33.724+0000] {processor.py:183} INFO - Processing /home/airflow/.local/lib/python3.12/site-packages/airflow/example_dags/example_task_group.py took 0.035 seconds
[2024-05-27T03:03:04.263+0000] {processor.py:161} INFO - Started process (PID=778) to work on /home/airflow/.local/lib/python3.12/site-packages/airflow/example_dags/example_task_group.py
[2024-05-27T03:03:04.265+0000] {processor.py:830} INFO - Processing file /home/airflow/.local/lib/python3.12/site-packages/airflow/example_dags/example_task_group.py for tasks to queue
[2024-05-27T03:03:04.266+0000] {logging_mixin.py:188} INFO - [2024-05-27T03:03:04.266+0000] {dagbag.py:545} INFO - Filling up the DagBag from /home/airflow/.local/lib/python3.12/site-packages/airflow/example_dags/example_task_group.py
[2024-05-27T03:03:04.269+0000] {processor.py:840} INFO - DAG(s) 'example_task_group' retrieved from /home/airflow/.local/lib/python3.12/site-packages/airflow/example_dags/example_task_group.py
[2024-05-27T03:03:04.279+0000] {logging_mixin.py:188} INFO - [2024-05-27T03:03:04.279+0000] {dag.py:3096} INFO - Sync 1 DAGs
[2024-05-27T03:03:04.289+0000] {logging_mixin.py:188} INFO - [2024-05-27T03:03:04.289+0000] {dag.py:3954} INFO - Setting next_dagrun for example_task_group to 2024-05-26 00:00:00+00:00, run_after=2024-05-27 00:00:00+00:00
[2024-05-27T03:03:04.299+0000] {processor.py:183} INFO - Processing /home/airflow/.local/lib/python3.12/site-packages/airflow/example_dags/example_task_group.py took 0.038 seconds
[2024-05-27T03:03:34.869+0000] {processor.py:161} INFO - Started process (PID=837) to work on /home/airflow/.local/lib/python3.12/site-packages/airflow/example_dags/example_task_group.py
[2024-05-27T03:03:34.870+0000] {processor.py:830} INFO - Processing file /home/airflow/.local/lib/python3.12/site-packages/airflow/example_dags/example_task_group.py for tasks to queue
[2024-05-27T03:03:34.871+0000] {logging_mixin.py:188} INFO - [2024-05-27T03:03:34.870+0000] {dagbag.py:545} INFO - Filling up the DagBag from /home/airflow/.local/lib/python3.12/site-packages/airflow/example_dags/example_task_group.py
[2024-05-27T03:03:34.874+0000] {processor.py:840} INFO - DAG(s) 'example_task_group' retrieved from /home/airflow/.local/lib/python3.12/site-packages/airflow/example_dags/example_task_group.py
[2024-05-27T03:03:34.883+0000] {logging_mixin.py:188} INFO - [2024-05-27T03:03:34.883+0000] {dag.py:3096} INFO - Sync 1 DAGs
[2024-05-27T03:03:34.892+0000] {logging_mixin.py:188} INFO - [2024-05-27T03:03:34.892+0000] {dag.py:3954} INFO - Setting next_dagrun for example_task_group to 2024-05-26 00:00:00+00:00, run_after=2024-05-27 00:00:00+00:00
[2024-05-27T03:03:34.899+0000] {processor.py:183} INFO - Processing /home/airflow/.local/lib/python3.12/site-packages/airflow/example_dags/example_task_group.py took 0.033 seconds
[2024-05-27T03:04:05.706+0000] {processor.py:161} INFO - Started process (PID=895) to work on /home/airflow/.local/lib/python3.12/site-packages/airflow/example_dags/example_task_group.py
[2024-05-27T03:04:05.707+0000] {processor.py:830} INFO - Processing file /home/airflow/.local/lib/python3.12/site-packages/airflow/example_dags/example_task_group.py for tasks to queue
[2024-05-27T03:04:05.708+0000] {logging_mixin.py:188} INFO - [2024-05-27T03:04:05.708+0000] {dagbag.py:545} INFO - Filling up the DagBag from /home/airflow/.local/lib/python3.12/site-packages/airflow/example_dags/example_task_group.py
[2024-05-27T03:04:05.712+0000] {processor.py:840} INFO - DAG(s) 'example_task_group' retrieved from /home/airflow/.local/lib/python3.12/site-packages/airflow/example_dags/example_task_group.py
[2024-05-27T03:04:05.722+0000] {logging_mixin.py:188} INFO - [2024-05-27T03:04:05.722+0000] {dag.py:3096} INFO - Sync 1 DAGs
[2024-05-27T03:04:05.734+0000] {logging_mixin.py:188} INFO - [2024-05-27T03:04:05.734+0000] {dag.py:3954} INFO - Setting next_dagrun for example_task_group to 2024-05-26 00:00:00+00:00, run_after=2024-05-27 00:00:00+00:00
[2024-05-27T03:04:05.742+0000] {processor.py:183} INFO - Processing /home/airflow/.local/lib/python3.12/site-packages/airflow/example_dags/example_task_group.py took 0.040 seconds
[2024-05-27T03:04:36.346+0000] {processor.py:161} INFO - Started process (PID=954) to work on /home/airflow/.local/lib/python3.12/site-packages/airflow/example_dags/example_task_group.py
[2024-05-27T03:04:36.347+0000] {processor.py:830} INFO - Processing file /home/airflow/.local/lib/python3.12/site-packages/airflow/example_dags/example_task_group.py for tasks to queue
[2024-05-27T03:04:36.348+0000] {logging_mixin.py:188} INFO - [2024-05-27T03:04:36.348+0000] {dagbag.py:545} INFO - Filling up the DagBag from /home/airflow/.local/lib/python3.12/site-packages/airflow/example_dags/example_task_group.py
[2024-05-27T03:04:36.352+0000] {processor.py:840} INFO - DAG(s) 'example_task_group' retrieved from /home/airflow/.local/lib/python3.12/site-packages/airflow/example_dags/example_task_group.py
[2024-05-27T03:04:36.363+0000] {logging_mixin.py:188} INFO - [2024-05-27T03:04:36.362+0000] {dag.py:3096} INFO - Sync 1 DAGs
[2024-05-27T03:04:36.373+0000] {logging_mixin.py:188} INFO - [2024-05-27T03:04:36.373+0000] {dag.py:3954} INFO - Setting next_dagrun for example_task_group to 2024-05-26 00:00:00+00:00, run_after=2024-05-27 00:00:00+00:00
[2024-05-27T03:04:36.382+0000] {processor.py:183} INFO - Processing /home/airflow/.local/lib/python3.12/site-packages/airflow/example_dags/example_task_group.py took 0.039 seconds
[2024-05-27T03:05:07.006+0000] {processor.py:161} INFO - Started process (PID=1013) to work on /home/airflow/.local/lib/python3.12/site-packages/airflow/example_dags/example_task_group.py
[2024-05-27T03:05:07.007+0000] {processor.py:830} INFO - Processing file /home/airflow/.local/lib/python3.12/site-packages/airflow/example_dags/example_task_group.py for tasks to queue
[2024-05-27T03:05:07.007+0000] {logging_mixin.py:188} INFO - [2024-05-27T03:05:07.007+0000] {dagbag.py:545} INFO - Filling up the DagBag from /home/airflow/.local/lib/python3.12/site-packages/airflow/example_dags/example_task_group.py
[2024-05-27T03:05:07.011+0000] {processor.py:840} INFO - DAG(s) 'example_task_group' retrieved from /home/airflow/.local/lib/python3.12/site-packages/airflow/example_dags/example_task_group.py
[2024-05-27T03:05:07.023+0000] {logging_mixin.py:188} INFO - [2024-05-27T03:05:07.023+0000] {dag.py:3096} INFO - Sync 1 DAGs
[2024-05-27T03:05:07.032+0000] {logging_mixin.py:188} INFO - [2024-05-27T03:05:07.032+0000] {dag.py:3954} INFO - Setting next_dagrun for example_task_group to 2024-05-26 00:00:00+00:00, run_after=2024-05-27 00:00:00+00:00
[2024-05-27T03:05:07.041+0000] {processor.py:183} INFO - Processing /home/airflow/.local/lib/python3.12/site-packages/airflow/example_dags/example_task_group.py took 0.037 seconds
[2024-05-27T03:05:37.567+0000] {processor.py:161} INFO - Started process (PID=1072) to work on /home/airflow/.local/lib/python3.12/site-packages/airflow/example_dags/example_task_group.py
[2024-05-27T03:05:37.568+0000] {processor.py:830} INFO - Processing file /home/airflow/.local/lib/python3.12/site-packages/airflow/example_dags/example_task_group.py for tasks to queue
[2024-05-27T03:05:37.569+0000] {logging_mixin.py:188} INFO - [2024-05-27T03:05:37.569+0000] {dagbag.py:545} INFO - Filling up the DagBag from /home/airflow/.local/lib/python3.12/site-packages/airflow/example_dags/example_task_group.py
[2024-05-27T03:05:37.573+0000] {processor.py:840} INFO - DAG(s) 'example_task_group' retrieved from /home/airflow/.local/lib/python3.12/site-packages/airflow/example_dags/example_task_group.py
[2024-05-27T03:05:37.583+0000] {logging_mixin.py:188} INFO - [2024-05-27T03:05:37.582+0000] {dag.py:3096} INFO - Sync 1 DAGs
[2024-05-27T03:05:37.592+0000] {logging_mixin.py:188} INFO - [2024-05-27T03:05:37.592+0000] {dag.py:3954} INFO - Setting next_dagrun for example_task_group to 2024-05-26 00:00:00+00:00, run_after=2024-05-27 00:00:00+00:00
[2024-05-27T03:05:37.600+0000] {processor.py:183} INFO - Processing /home/airflow/.local/lib/python3.12/site-packages/airflow/example_dags/example_task_group.py took 0.036 seconds
[2024-05-27T03:06:08.254+0000] {processor.py:161} INFO - Started process (PID=1131) to work on /home/airflow/.local/lib/python3.12/site-packages/airflow/example_dags/example_task_group.py
[2024-05-27T03:06:08.254+0000] {processor.py:830} INFO - Processing file /home/airflow/.local/lib/python3.12/site-packages/airflow/example_dags/example_task_group.py for tasks to queue
[2024-05-27T03:06:08.255+0000] {logging_mixin.py:188} INFO - [2024-05-27T03:06:08.255+0000] {dagbag.py:545} INFO - Filling up the DagBag from /home/airflow/.local/lib/python3.12/site-packages/airflow/example_dags/example_task_group.py
[2024-05-27T03:06:08.258+0000] {processor.py:840} INFO - DAG(s) 'example_task_group' retrieved from /home/airflow/.local/lib/python3.12/site-packages/airflow/example_dags/example_task_group.py
[2024-05-27T03:06:08.268+0000] {logging_mixin.py:188} INFO - [2024-05-27T03:06:08.268+0000] {dag.py:3096} INFO - Sync 1 DAGs
[2024-05-27T03:06:08.277+0000] {logging_mixin.py:188} INFO - [2024-05-27T03:06:08.277+0000] {dag.py:3954} INFO - Setting next_dagrun for example_task_group to 2024-05-26 00:00:00+00:00, run_after=2024-05-27 00:00:00+00:00
[2024-05-27T03:06:08.285+0000] {processor.py:183} INFO - Processing /home/airflow/.local/lib/python3.12/site-packages/airflow/example_dags/example_task_group.py took 0.034 seconds
[2024-05-27T03:06:38.890+0000] {processor.py:161} INFO - Started process (PID=1190) to work on /home/airflow/.local/lib/python3.12/site-packages/airflow/example_dags/example_task_group.py
[2024-05-27T03:06:38.890+0000] {processor.py:830} INFO - Processing file /home/airflow/.local/lib/python3.12/site-packages/airflow/example_dags/example_task_group.py for tasks to queue
[2024-05-27T03:06:38.891+0000] {logging_mixin.py:188} INFO - [2024-05-27T03:06:38.891+0000] {dagbag.py:545} INFO - Filling up the DagBag from /home/airflow/.local/lib/python3.12/site-packages/airflow/example_dags/example_task_group.py
[2024-05-27T03:06:38.895+0000] {processor.py:840} INFO - DAG(s) 'example_task_group' retrieved from /home/airflow/.local/lib/python3.12/site-packages/airflow/example_dags/example_task_group.py
[2024-05-27T03:06:38.905+0000] {logging_mixin.py:188} INFO - [2024-05-27T03:06:38.905+0000] {dag.py:3096} INFO - Sync 1 DAGs
[2024-05-27T03:06:38.914+0000] {logging_mixin.py:188} INFO - [2024-05-27T03:06:38.914+0000] {dag.py:3954} INFO - Setting next_dagrun for example_task_group to 2024-05-26 00:00:00+00:00, run_after=2024-05-27 00:00:00+00:00
[2024-05-27T03:06:38.922+0000] {processor.py:183} INFO - Processing /home/airflow/.local/lib/python3.12/site-packages/airflow/example_dags/example_task_group.py took 0.036 seconds
[2024-05-27T03:07:09.475+0000] {processor.py:161} INFO - Started process (PID=1249) to work on /home/airflow/.local/lib/python3.12/site-packages/airflow/example_dags/example_task_group.py
[2024-05-27T03:07:09.476+0000] {processor.py:830} INFO - Processing file /home/airflow/.local/lib/python3.12/site-packages/airflow/example_dags/example_task_group.py for tasks to queue
[2024-05-27T03:07:09.477+0000] {logging_mixin.py:188} INFO - [2024-05-27T03:07:09.476+0000] {dagbag.py:545} INFO - Filling up the DagBag from /home/airflow/.local/lib/python3.12/site-packages/airflow/example_dags/example_task_group.py
[2024-05-27T03:07:09.480+0000] {processor.py:840} INFO - DAG(s) 'example_task_group' retrieved from /home/airflow/.local/lib/python3.12/site-packages/airflow/example_dags/example_task_group.py
[2024-05-27T03:07:09.490+0000] {logging_mixin.py:188} INFO - [2024-05-27T03:07:09.490+0000] {dag.py:3096} INFO - Sync 1 DAGs
[2024-05-27T03:07:09.500+0000] {logging_mixin.py:188} INFO - [2024-05-27T03:07:09.500+0000] {dag.py:3954} INFO - Setting next_dagrun for example_task_group to 2024-05-26 00:00:00+00:00, run_after=2024-05-27 00:00:00+00:00
[2024-05-27T03:07:09.508+0000] {processor.py:183} INFO - Processing /home/airflow/.local/lib/python3.12/site-packages/airflow/example_dags/example_task_group.py took 0.036 seconds
[2024-05-27T03:07:40.168+0000] {processor.py:161} INFO - Started process (PID=1308) to work on /home/airflow/.local/lib/python3.12/site-packages/airflow/example_dags/example_task_group.py
[2024-05-27T03:07:40.169+0000] {processor.py:830} INFO - Processing file /home/airflow/.local/lib/python3.12/site-packages/airflow/example_dags/example_task_group.py for tasks to queue
[2024-05-27T03:07:40.170+0000] {logging_mixin.py:188} INFO - [2024-05-27T03:07:40.170+0000] {dagbag.py:545} INFO - Filling up the DagBag from /home/airflow/.local/lib/python3.12/site-packages/airflow/example_dags/example_task_group.py
[2024-05-27T03:07:40.174+0000] {processor.py:840} INFO - DAG(s) 'example_task_group' retrieved from /home/airflow/.local/lib/python3.12/site-packages/airflow/example_dags/example_task_group.py
[2024-05-27T03:07:40.184+0000] {logging_mixin.py:188} INFO - [2024-05-27T03:07:40.184+0000] {dag.py:3096} INFO - Sync 1 DAGs
[2024-05-27T03:07:40.194+0000] {logging_mixin.py:188} INFO - [2024-05-27T03:07:40.194+0000] {dag.py:3954} INFO - Setting next_dagrun for example_task_group to 2024-05-26 00:00:00+00:00, run_after=2024-05-27 00:00:00+00:00
[2024-05-27T03:07:40.202+0000] {processor.py:183} INFO - Processing /home/airflow/.local/lib/python3.12/site-packages/airflow/example_dags/example_task_group.py took 0.038 seconds
[2024-05-27T03:08:37.896+0000] {processor.py:161} INFO - Started process (PID=71) to work on /home/airflow/.local/lib/python3.12/site-packages/airflow/example_dags/example_task_group.py
[2024-05-27T03:08:37.898+0000] {processor.py:830} INFO - Processing file /home/airflow/.local/lib/python3.12/site-packages/airflow/example_dags/example_task_group.py for tasks to queue
[2024-05-27T03:08:37.901+0000] {logging_mixin.py:188} INFO - [2024-05-27T03:08:37.901+0000] {dagbag.py:545} INFO - Filling up the DagBag from /home/airflow/.local/lib/python3.12/site-packages/airflow/example_dags/example_task_group.py
[2024-05-27T03:08:37.908+0000] {processor.py:840} INFO - DAG(s) 'example_task_group' retrieved from /home/airflow/.local/lib/python3.12/site-packages/airflow/example_dags/example_task_group.py
[2024-05-27T03:08:37.919+0000] {logging_mixin.py:188} INFO - [2024-05-27T03:08:37.918+0000] {dag.py:3096} INFO - Sync 1 DAGs
[2024-05-27T03:08:37.933+0000] {logging_mixin.py:188} INFO - [2024-05-27T03:08:37.933+0000] {dag.py:3954} INFO - Setting next_dagrun for example_task_group to 2024-05-26 00:00:00+00:00, run_after=2024-05-27 00:00:00+00:00
[2024-05-27T03:08:37.945+0000] {processor.py:183} INFO - Processing /home/airflow/.local/lib/python3.12/site-packages/airflow/example_dags/example_task_group.py took 0.053 seconds
[2024-05-27T03:09:08.320+0000] {processor.py:161} INFO - Started process (PID=130) to work on /home/airflow/.local/lib/python3.12/site-packages/airflow/example_dags/example_task_group.py
[2024-05-27T03:09:08.321+0000] {processor.py:830} INFO - Processing file /home/airflow/.local/lib/python3.12/site-packages/airflow/example_dags/example_task_group.py for tasks to queue
[2024-05-27T03:09:08.322+0000] {logging_mixin.py:188} INFO - [2024-05-27T03:09:08.322+0000] {dagbag.py:545} INFO - Filling up the DagBag from /home/airflow/.local/lib/python3.12/site-packages/airflow/example_dags/example_task_group.py
[2024-05-27T03:09:08.325+0000] {processor.py:840} INFO - DAG(s) 'example_task_group' retrieved from /home/airflow/.local/lib/python3.12/site-packages/airflow/example_dags/example_task_group.py
[2024-05-27T03:09:08.371+0000] {logging_mixin.py:188} INFO - [2024-05-27T03:09:08.370+0000] {dag.py:3096} INFO - Sync 1 DAGs
[2024-05-27T03:09:08.379+0000] {logging_mixin.py:188} INFO - [2024-05-27T03:09:08.379+0000] {dag.py:3954} INFO - Setting next_dagrun for example_task_group to 2024-05-26 00:00:00+00:00, run_after=2024-05-27 00:00:00+00:00
[2024-05-27T03:09:08.387+0000] {processor.py:183} INFO - Processing /home/airflow/.local/lib/python3.12/site-packages/airflow/example_dags/example_task_group.py took 0.069 seconds
[2024-05-27T03:09:38.982+0000] {processor.py:161} INFO - Started process (PID=189) to work on /home/airflow/.local/lib/python3.12/site-packages/airflow/example_dags/example_task_group.py
[2024-05-27T03:09:38.983+0000] {processor.py:830} INFO - Processing file /home/airflow/.local/lib/python3.12/site-packages/airflow/example_dags/example_task_group.py for tasks to queue
[2024-05-27T03:09:38.984+0000] {logging_mixin.py:188} INFO - [2024-05-27T03:09:38.984+0000] {dagbag.py:545} INFO - Filling up the DagBag from /home/airflow/.local/lib/python3.12/site-packages/airflow/example_dags/example_task_group.py
[2024-05-27T03:09:38.988+0000] {processor.py:840} INFO - DAG(s) 'example_task_group' retrieved from /home/airflow/.local/lib/python3.12/site-packages/airflow/example_dags/example_task_group.py
[2024-05-27T03:09:38.998+0000] {logging_mixin.py:188} INFO - [2024-05-27T03:09:38.998+0000] {dag.py:3096} INFO - Sync 1 DAGs
[2024-05-27T03:09:39.008+0000] {logging_mixin.py:188} INFO - [2024-05-27T03:09:39.008+0000] {dag.py:3954} INFO - Setting next_dagrun for example_task_group to 2024-05-26 00:00:00+00:00, run_after=2024-05-27 00:00:00+00:00
[2024-05-27T03:09:39.017+0000] {processor.py:183} INFO - Processing /home/airflow/.local/lib/python3.12/site-packages/airflow/example_dags/example_task_group.py took 0.037 seconds
[2024-05-27T03:10:09.644+0000] {processor.py:161} INFO - Started process (PID=248) to work on /home/airflow/.local/lib/python3.12/site-packages/airflow/example_dags/example_task_group.py
[2024-05-27T03:10:09.646+0000] {processor.py:830} INFO - Processing file /home/airflow/.local/lib/python3.12/site-packages/airflow/example_dags/example_task_group.py for tasks to queue
[2024-05-27T03:10:09.647+0000] {logging_mixin.py:188} INFO - [2024-05-27T03:10:09.647+0000] {dagbag.py:545} INFO - Filling up the DagBag from /home/airflow/.local/lib/python3.12/site-packages/airflow/example_dags/example_task_group.py
[2024-05-27T03:10:09.653+0000] {processor.py:840} INFO - DAG(s) 'example_task_group' retrieved from /home/airflow/.local/lib/python3.12/site-packages/airflow/example_dags/example_task_group.py
[2024-05-27T03:10:09.669+0000] {logging_mixin.py:188} INFO - [2024-05-27T03:10:09.669+0000] {dag.py:3096} INFO - Sync 1 DAGs
[2024-05-27T03:10:09.687+0000] {logging_mixin.py:188} INFO - [2024-05-27T03:10:09.687+0000] {dag.py:3954} INFO - Setting next_dagrun for example_task_group to 2024-05-26 00:00:00+00:00, run_after=2024-05-27 00:00:00+00:00
[2024-05-27T03:10:09.700+0000] {processor.py:183} INFO - Processing /home/airflow/.local/lib/python3.12/site-packages/airflow/example_dags/example_task_group.py took 0.061 seconds
[2024-05-27T03:20:25.525+0000] {processor.py:161} INFO - Started process (PID=71) to work on /home/airflow/.local/lib/python3.12/site-packages/airflow/example_dags/example_task_group.py
[2024-05-27T03:20:25.528+0000] {processor.py:830} INFO - Processing file /home/airflow/.local/lib/python3.12/site-packages/airflow/example_dags/example_task_group.py for tasks to queue
[2024-05-27T03:20:25.533+0000] {logging_mixin.py:188} INFO - [2024-05-27T03:20:25.532+0000] {dagbag.py:545} INFO - Filling up the DagBag from /home/airflow/.local/lib/python3.12/site-packages/airflow/example_dags/example_task_group.py
[2024-05-27T03:20:25.540+0000] {processor.py:840} INFO - DAG(s) 'example_task_group' retrieved from /home/airflow/.local/lib/python3.12/site-packages/airflow/example_dags/example_task_group.py
[2024-05-27T03:20:25.551+0000] {logging_mixin.py:188} INFO - [2024-05-27T03:20:25.551+0000] {dag.py:3096} INFO - Sync 1 DAGs
[2024-05-27T03:20:25.569+0000] {logging_mixin.py:188} INFO - [2024-05-27T03:20:25.569+0000] {dag.py:3954} INFO - Setting next_dagrun for example_task_group to 2024-05-26 00:00:00+00:00, run_after=2024-05-27 00:00:00+00:00
[2024-05-27T03:20:25.587+0000] {processor.py:183} INFO - Processing /home/airflow/.local/lib/python3.12/site-packages/airflow/example_dags/example_task_group.py took 0.065 seconds
[2024-05-27T03:20:55.828+0000] {processor.py:161} INFO - Started process (PID=129) to work on /home/airflow/.local/lib/python3.12/site-packages/airflow/example_dags/example_task_group.py
[2024-05-27T03:20:55.828+0000] {processor.py:830} INFO - Processing file /home/airflow/.local/lib/python3.12/site-packages/airflow/example_dags/example_task_group.py for tasks to queue
[2024-05-27T03:20:55.829+0000] {logging_mixin.py:188} INFO - [2024-05-27T03:20:55.829+0000] {dagbag.py:545} INFO - Filling up the DagBag from /home/airflow/.local/lib/python3.12/site-packages/airflow/example_dags/example_task_group.py
[2024-05-27T03:20:55.833+0000] {processor.py:840} INFO - DAG(s) 'example_task_group' retrieved from /home/airflow/.local/lib/python3.12/site-packages/airflow/example_dags/example_task_group.py
[2024-05-27T03:20:55.878+0000] {logging_mixin.py:188} INFO - [2024-05-27T03:20:55.878+0000] {dag.py:3096} INFO - Sync 1 DAGs
[2024-05-27T03:20:55.888+0000] {logging_mixin.py:188} INFO - [2024-05-27T03:20:55.888+0000] {dag.py:3954} INFO - Setting next_dagrun for example_task_group to 2024-05-26 00:00:00+00:00, run_after=2024-05-27 00:00:00+00:00
[2024-05-27T03:20:55.896+0000] {processor.py:183} INFO - Processing /home/airflow/.local/lib/python3.12/site-packages/airflow/example_dags/example_task_group.py took 0.071 seconds
[2024-05-27T03:21:26.436+0000] {processor.py:161} INFO - Started process (PID=188) to work on /home/airflow/.local/lib/python3.12/site-packages/airflow/example_dags/example_task_group.py
[2024-05-27T03:21:26.436+0000] {processor.py:830} INFO - Processing file /home/airflow/.local/lib/python3.12/site-packages/airflow/example_dags/example_task_group.py for tasks to queue
[2024-05-27T03:21:26.438+0000] {logging_mixin.py:188} INFO - [2024-05-27T03:21:26.438+0000] {dagbag.py:545} INFO - Filling up the DagBag from /home/airflow/.local/lib/python3.12/site-packages/airflow/example_dags/example_task_group.py
[2024-05-27T03:21:26.441+0000] {processor.py:840} INFO - DAG(s) 'example_task_group' retrieved from /home/airflow/.local/lib/python3.12/site-packages/airflow/example_dags/example_task_group.py
[2024-05-27T03:21:26.451+0000] {logging_mixin.py:188} INFO - [2024-05-27T03:21:26.451+0000] {dag.py:3096} INFO - Sync 1 DAGs
[2024-05-27T03:21:26.461+0000] {logging_mixin.py:188} INFO - [2024-05-27T03:21:26.461+0000] {dag.py:3954} INFO - Setting next_dagrun for example_task_group to 2024-05-26 00:00:00+00:00, run_after=2024-05-27 00:00:00+00:00
[2024-05-27T03:21:26.469+0000] {processor.py:183} INFO - Processing /home/airflow/.local/lib/python3.12/site-packages/airflow/example_dags/example_task_group.py took 0.036 seconds
[2024-05-27T03:21:56.987+0000] {processor.py:161} INFO - Started process (PID=248) to work on /home/airflow/.local/lib/python3.12/site-packages/airflow/example_dags/example_task_group.py
[2024-05-27T03:21:56.989+0000] {processor.py:830} INFO - Processing file /home/airflow/.local/lib/python3.12/site-packages/airflow/example_dags/example_task_group.py for tasks to queue
[2024-05-27T03:21:56.990+0000] {logging_mixin.py:188} INFO - [2024-05-27T03:21:56.990+0000] {dagbag.py:545} INFO - Filling up the DagBag from /home/airflow/.local/lib/python3.12/site-packages/airflow/example_dags/example_task_group.py
[2024-05-27T03:21:56.994+0000] {processor.py:840} INFO - DAG(s) 'example_task_group' retrieved from /home/airflow/.local/lib/python3.12/site-packages/airflow/example_dags/example_task_group.py
[2024-05-27T03:21:57.004+0000] {logging_mixin.py:188} INFO - [2024-05-27T03:21:57.004+0000] {dag.py:3096} INFO - Sync 1 DAGs
[2024-05-27T03:21:57.014+0000] {logging_mixin.py:188} INFO - [2024-05-27T03:21:57.014+0000] {dag.py:3954} INFO - Setting next_dagrun for example_task_group to 2024-05-26 00:00:00+00:00, run_after=2024-05-27 00:00:00+00:00
[2024-05-27T03:21:57.022+0000] {processor.py:183} INFO - Processing /home/airflow/.local/lib/python3.12/site-packages/airflow/example_dags/example_task_group.py took 0.039 seconds
[2024-05-27T03:22:27.692+0000] {processor.py:161} INFO - Started process (PID=307) to work on /home/airflow/.local/lib/python3.12/site-packages/airflow/example_dags/example_task_group.py
[2024-05-27T03:22:27.693+0000] {processor.py:830} INFO - Processing file /home/airflow/.local/lib/python3.12/site-packages/airflow/example_dags/example_task_group.py for tasks to queue
[2024-05-27T03:22:27.694+0000] {logging_mixin.py:188} INFO - [2024-05-27T03:22:27.694+0000] {dagbag.py:545} INFO - Filling up the DagBag from /home/airflow/.local/lib/python3.12/site-packages/airflow/example_dags/example_task_group.py
[2024-05-27T03:22:27.698+0000] {processor.py:840} INFO - DAG(s) 'example_task_group' retrieved from /home/airflow/.local/lib/python3.12/site-packages/airflow/example_dags/example_task_group.py
[2024-05-27T03:22:27.709+0000] {logging_mixin.py:188} INFO - [2024-05-27T03:22:27.709+0000] {dag.py:3096} INFO - Sync 1 DAGs
[2024-05-27T03:22:27.719+0000] {logging_mixin.py:188} INFO - [2024-05-27T03:22:27.719+0000] {dag.py:3954} INFO - Setting next_dagrun for example_task_group to 2024-05-26 00:00:00+00:00, run_after=2024-05-27 00:00:00+00:00
[2024-05-27T03:22:27.727+0000] {processor.py:183} INFO - Processing /home/airflow/.local/lib/python3.12/site-packages/airflow/example_dags/example_task_group.py took 0.038 seconds
[2024-05-27T03:22:58.321+0000] {processor.py:161} INFO - Started process (PID=366) to work on /home/airflow/.local/lib/python3.12/site-packages/airflow/example_dags/example_task_group.py
[2024-05-27T03:22:58.322+0000] {processor.py:830} INFO - Processing file /home/airflow/.local/lib/python3.12/site-packages/airflow/example_dags/example_task_group.py for tasks to queue
[2024-05-27T03:22:58.323+0000] {logging_mixin.py:188} INFO - [2024-05-27T03:22:58.322+0000] {dagbag.py:545} INFO - Filling up the DagBag from /home/airflow/.local/lib/python3.12/site-packages/airflow/example_dags/example_task_group.py
[2024-05-27T03:22:58.326+0000] {processor.py:840} INFO - DAG(s) 'example_task_group' retrieved from /home/airflow/.local/lib/python3.12/site-packages/airflow/example_dags/example_task_group.py
[2024-05-27T03:22:58.337+0000] {logging_mixin.py:188} INFO - [2024-05-27T03:22:58.337+0000] {dag.py:3096} INFO - Sync 1 DAGs
[2024-05-27T03:22:58.347+0000] {logging_mixin.py:188} INFO - [2024-05-27T03:22:58.347+0000] {dag.py:3954} INFO - Setting next_dagrun for example_task_group to 2024-05-26 00:00:00+00:00, run_after=2024-05-27 00:00:00+00:00
[2024-05-27T03:22:58.356+0000] {processor.py:183} INFO - Processing /home/airflow/.local/lib/python3.12/site-packages/airflow/example_dags/example_task_group.py took 0.039 seconds
[2024-05-27T03:23:28.916+0000] {processor.py:161} INFO - Started process (PID=425) to work on /home/airflow/.local/lib/python3.12/site-packages/airflow/example_dags/example_task_group.py
[2024-05-27T03:23:28.916+0000] {processor.py:830} INFO - Processing file /home/airflow/.local/lib/python3.12/site-packages/airflow/example_dags/example_task_group.py for tasks to queue
[2024-05-27T03:23:28.917+0000] {logging_mixin.py:188} INFO - [2024-05-27T03:23:28.917+0000] {dagbag.py:545} INFO - Filling up the DagBag from /home/airflow/.local/lib/python3.12/site-packages/airflow/example_dags/example_task_group.py
[2024-05-27T03:23:28.921+0000] {processor.py:840} INFO - DAG(s) 'example_task_group' retrieved from /home/airflow/.local/lib/python3.12/site-packages/airflow/example_dags/example_task_group.py
[2024-05-27T03:23:28.931+0000] {logging_mixin.py:188} INFO - [2024-05-27T03:23:28.931+0000] {dag.py:3096} INFO - Sync 1 DAGs
[2024-05-27T03:23:28.941+0000] {logging_mixin.py:188} INFO - [2024-05-27T03:23:28.941+0000] {dag.py:3954} INFO - Setting next_dagrun for example_task_group to 2024-05-26 00:00:00+00:00, run_after=2024-05-27 00:00:00+00:00
[2024-05-27T03:23:28.949+0000] {processor.py:183} INFO - Processing /home/airflow/.local/lib/python3.12/site-packages/airflow/example_dags/example_task_group.py took 0.037 seconds
[2024-05-27T03:23:59.464+0000] {processor.py:161} INFO - Started process (PID=484) to work on /home/airflow/.local/lib/python3.12/site-packages/airflow/example_dags/example_task_group.py
[2024-05-27T03:23:59.465+0000] {processor.py:830} INFO - Processing file /home/airflow/.local/lib/python3.12/site-packages/airflow/example_dags/example_task_group.py for tasks to queue
[2024-05-27T03:23:59.466+0000] {logging_mixin.py:188} INFO - [2024-05-27T03:23:59.466+0000] {dagbag.py:545} INFO - Filling up the DagBag from /home/airflow/.local/lib/python3.12/site-packages/airflow/example_dags/example_task_group.py
[2024-05-27T03:23:59.470+0000] {processor.py:840} INFO - DAG(s) 'example_task_group' retrieved from /home/airflow/.local/lib/python3.12/site-packages/airflow/example_dags/example_task_group.py
[2024-05-27T03:23:59.480+0000] {logging_mixin.py:188} INFO - [2024-05-27T03:23:59.480+0000] {dag.py:3096} INFO - Sync 1 DAGs
[2024-05-27T03:23:59.490+0000] {logging_mixin.py:188} INFO - [2024-05-27T03:23:59.490+0000] {dag.py:3954} INFO - Setting next_dagrun for example_task_group to 2024-05-26 00:00:00+00:00, run_after=2024-05-27 00:00:00+00:00
[2024-05-27T03:23:59.498+0000] {processor.py:183} INFO - Processing /home/airflow/.local/lib/python3.12/site-packages/airflow/example_dags/example_task_group.py took 0.036 seconds
