[2024-05-27T02:56:56.641+0000] {processor.py:161} INFO - Started process (PID=52) to work on /home/airflow/.local/lib/python3.12/site-packages/airflow/example_dags/example_branch_labels.py
[2024-05-27T02:56:56.646+0000] {processor.py:830} INFO - Processing file /home/airflow/.local/lib/python3.12/site-packages/airflow/example_dags/example_branch_labels.py for tasks to queue
[2024-05-27T02:56:56.649+0000] {logging_mixin.py:188} INFO - [2024-05-27T02:56:56.649+0000] {dagbag.py:545} INFO - Filling up the DagBag from /home/airflow/.local/lib/python3.12/site-packages/airflow/example_dags/example_branch_labels.py
[2024-05-27T02:56:56.658+0000] {processor.py:840} INFO - DAG(s) 'example_branch_labels' retrieved from /home/airflow/.local/lib/python3.12/site-packages/airflow/example_dags/example_branch_labels.py
[2024-05-27T02:56:56.668+0000] {logging_mixin.py:188} INFO - [2024-05-27T02:56:56.668+0000] {dag.py:3096} INFO - Sync 1 DAGs
[2024-05-27T02:56:56.683+0000] {logging_mixin.py:188} INFO - [2024-05-27T02:56:56.682+0000] {dag.py:3954} INFO - Setting next_dagrun for example_branch_labels to 2024-05-26 00:00:00+00:00, run_after=2024-05-27 00:00:00+00:00
[2024-05-27T02:56:56.700+0000] {processor.py:183} INFO - Processing /home/airflow/.local/lib/python3.12/site-packages/airflow/example_dags/example_branch_labels.py took 0.065 seconds
[2024-05-27T02:57:27.012+0000] {processor.py:161} INFO - Started process (PID=111) to work on /home/airflow/.local/lib/python3.12/site-packages/airflow/example_dags/example_branch_labels.py
[2024-05-27T02:57:27.013+0000] {processor.py:830} INFO - Processing file /home/airflow/.local/lib/python3.12/site-packages/airflow/example_dags/example_branch_labels.py for tasks to queue
[2024-05-27T02:57:27.013+0000] {logging_mixin.py:188} INFO - [2024-05-27T02:57:27.013+0000] {dagbag.py:545} INFO - Filling up the DagBag from /home/airflow/.local/lib/python3.12/site-packages/airflow/example_dags/example_branch_labels.py
[2024-05-27T02:57:27.017+0000] {processor.py:840} INFO - DAG(s) 'example_branch_labels' retrieved from /home/airflow/.local/lib/python3.12/site-packages/airflow/example_dags/example_branch_labels.py
[2024-05-27T02:57:27.059+0000] {logging_mixin.py:188} INFO - [2024-05-27T02:57:27.059+0000] {dag.py:3096} INFO - Sync 1 DAGs
[2024-05-27T02:57:27.067+0000] {logging_mixin.py:188} INFO - [2024-05-27T02:57:27.067+0000] {dag.py:3954} INFO - Setting next_dagrun for example_branch_labels to 2024-05-26 00:00:00+00:00, run_after=2024-05-27 00:00:00+00:00
[2024-05-27T02:57:27.075+0000] {processor.py:183} INFO - Processing /home/airflow/.local/lib/python3.12/site-packages/airflow/example_dags/example_branch_labels.py took 0.065 seconds
[2024-05-27T02:57:57.991+0000] {processor.py:161} INFO - Started process (PID=170) to work on /home/airflow/.local/lib/python3.12/site-packages/airflow/example_dags/example_branch_labels.py
[2024-05-27T02:57:57.992+0000] {processor.py:830} INFO - Processing file /home/airflow/.local/lib/python3.12/site-packages/airflow/example_dags/example_branch_labels.py for tasks to queue
[2024-05-27T02:57:57.993+0000] {logging_mixin.py:188} INFO - [2024-05-27T02:57:57.993+0000] {dagbag.py:545} INFO - Filling up the DagBag from /home/airflow/.local/lib/python3.12/site-packages/airflow/example_dags/example_branch_labels.py
[2024-05-27T02:57:57.998+0000] {processor.py:840} INFO - DAG(s) 'example_branch_labels' retrieved from /home/airflow/.local/lib/python3.12/site-packages/airflow/example_dags/example_branch_labels.py
[2024-05-27T02:57:58.009+0000] {logging_mixin.py:188} INFO - [2024-05-27T02:57:58.009+0000] {dag.py:3096} INFO - Sync 1 DAGs
[2024-05-27T02:57:58.020+0000] {logging_mixin.py:188} INFO - [2024-05-27T02:57:58.020+0000] {dag.py:3954} INFO - Setting next_dagrun for example_branch_labels to 2024-05-26 00:00:00+00:00, run_after=2024-05-27 00:00:00+00:00
[2024-05-27T02:57:58.028+0000] {processor.py:183} INFO - Processing /home/airflow/.local/lib/python3.12/site-packages/airflow/example_dags/example_branch_labels.py took 0.040 seconds
[2024-05-27T02:58:28.577+0000] {processor.py:161} INFO - Started process (PID=229) to work on /home/airflow/.local/lib/python3.12/site-packages/airflow/example_dags/example_branch_labels.py
[2024-05-27T02:58:28.578+0000] {processor.py:830} INFO - Processing file /home/airflow/.local/lib/python3.12/site-packages/airflow/example_dags/example_branch_labels.py for tasks to queue
[2024-05-27T02:58:28.579+0000] {logging_mixin.py:188} INFO - [2024-05-27T02:58:28.579+0000] {dagbag.py:545} INFO - Filling up the DagBag from /home/airflow/.local/lib/python3.12/site-packages/airflow/example_dags/example_branch_labels.py
[2024-05-27T02:58:28.584+0000] {processor.py:840} INFO - DAG(s) 'example_branch_labels' retrieved from /home/airflow/.local/lib/python3.12/site-packages/airflow/example_dags/example_branch_labels.py
[2024-05-27T02:58:28.595+0000] {logging_mixin.py:188} INFO - [2024-05-27T02:58:28.595+0000] {dag.py:3096} INFO - Sync 1 DAGs
[2024-05-27T02:58:28.606+0000] {logging_mixin.py:188} INFO - [2024-05-27T02:58:28.605+0000] {dag.py:3954} INFO - Setting next_dagrun for example_branch_labels to 2024-05-26 00:00:00+00:00, run_after=2024-05-27 00:00:00+00:00
[2024-05-27T02:58:28.617+0000] {processor.py:183} INFO - Processing /home/airflow/.local/lib/python3.12/site-packages/airflow/example_dags/example_branch_labels.py took 0.043 seconds
[2024-05-27T02:58:59.145+0000] {processor.py:161} INFO - Started process (PID=288) to work on /home/airflow/.local/lib/python3.12/site-packages/airflow/example_dags/example_branch_labels.py
[2024-05-27T02:58:59.146+0000] {processor.py:830} INFO - Processing file /home/airflow/.local/lib/python3.12/site-packages/airflow/example_dags/example_branch_labels.py for tasks to queue
[2024-05-27T02:58:59.147+0000] {logging_mixin.py:188} INFO - [2024-05-27T02:58:59.146+0000] {dagbag.py:545} INFO - Filling up the DagBag from /home/airflow/.local/lib/python3.12/site-packages/airflow/example_dags/example_branch_labels.py
[2024-05-27T02:58:59.150+0000] {processor.py:840} INFO - DAG(s) 'example_branch_labels' retrieved from /home/airflow/.local/lib/python3.12/site-packages/airflow/example_dags/example_branch_labels.py
[2024-05-27T02:58:59.161+0000] {logging_mixin.py:188} INFO - [2024-05-27T02:58:59.160+0000] {dag.py:3096} INFO - Sync 1 DAGs
[2024-05-27T02:58:59.172+0000] {logging_mixin.py:188} INFO - [2024-05-27T02:58:59.171+0000] {dag.py:3954} INFO - Setting next_dagrun for example_branch_labels to 2024-05-26 00:00:00+00:00, run_after=2024-05-27 00:00:00+00:00
[2024-05-27T02:58:59.182+0000] {processor.py:183} INFO - Processing /home/airflow/.local/lib/python3.12/site-packages/airflow/example_dags/example_branch_labels.py took 0.040 seconds
[2024-05-27T02:59:29.694+0000] {processor.py:161} INFO - Started process (PID=347) to work on /home/airflow/.local/lib/python3.12/site-packages/airflow/example_dags/example_branch_labels.py
[2024-05-27T02:59:29.695+0000] {processor.py:830} INFO - Processing file /home/airflow/.local/lib/python3.12/site-packages/airflow/example_dags/example_branch_labels.py for tasks to queue
[2024-05-27T02:59:29.696+0000] {logging_mixin.py:188} INFO - [2024-05-27T02:59:29.696+0000] {dagbag.py:545} INFO - Filling up the DagBag from /home/airflow/.local/lib/python3.12/site-packages/airflow/example_dags/example_branch_labels.py
[2024-05-27T02:59:29.700+0000] {processor.py:840} INFO - DAG(s) 'example_branch_labels' retrieved from /home/airflow/.local/lib/python3.12/site-packages/airflow/example_dags/example_branch_labels.py
[2024-05-27T02:59:29.710+0000] {logging_mixin.py:188} INFO - [2024-05-27T02:59:29.710+0000] {dag.py:3096} INFO - Sync 1 DAGs
[2024-05-27T02:59:29.720+0000] {logging_mixin.py:188} INFO - [2024-05-27T02:59:29.720+0000] {dag.py:3954} INFO - Setting next_dagrun for example_branch_labels to 2024-05-26 00:00:00+00:00, run_after=2024-05-27 00:00:00+00:00
[2024-05-27T02:59:29.730+0000] {processor.py:183} INFO - Processing /home/airflow/.local/lib/python3.12/site-packages/airflow/example_dags/example_branch_labels.py took 0.038 seconds
[2024-05-27T03:00:00.253+0000] {processor.py:161} INFO - Started process (PID=406) to work on /home/airflow/.local/lib/python3.12/site-packages/airflow/example_dags/example_branch_labels.py
[2024-05-27T03:00:00.254+0000] {processor.py:830} INFO - Processing file /home/airflow/.local/lib/python3.12/site-packages/airflow/example_dags/example_branch_labels.py for tasks to queue
[2024-05-27T03:00:00.255+0000] {logging_mixin.py:188} INFO - [2024-05-27T03:00:00.254+0000] {dagbag.py:545} INFO - Filling up the DagBag from /home/airflow/.local/lib/python3.12/site-packages/airflow/example_dags/example_branch_labels.py
[2024-05-27T03:00:00.258+0000] {processor.py:840} INFO - DAG(s) 'example_branch_labels' retrieved from /home/airflow/.local/lib/python3.12/site-packages/airflow/example_dags/example_branch_labels.py
[2024-05-27T03:00:00.268+0000] {logging_mixin.py:188} INFO - [2024-05-27T03:00:00.268+0000] {dag.py:3096} INFO - Sync 1 DAGs
[2024-05-27T03:00:00.278+0000] {logging_mixin.py:188} INFO - [2024-05-27T03:00:00.278+0000] {dag.py:3954} INFO - Setting next_dagrun for example_branch_labels to 2024-05-26 00:00:00+00:00, run_after=2024-05-27 00:00:00+00:00
[2024-05-27T03:00:00.286+0000] {processor.py:183} INFO - Processing /home/airflow/.local/lib/python3.12/site-packages/airflow/example_dags/example_branch_labels.py took 0.036 seconds
[2024-05-27T03:00:30.834+0000] {processor.py:161} INFO - Started process (PID=465) to work on /home/airflow/.local/lib/python3.12/site-packages/airflow/example_dags/example_branch_labels.py
[2024-05-27T03:00:30.835+0000] {processor.py:830} INFO - Processing file /home/airflow/.local/lib/python3.12/site-packages/airflow/example_dags/example_branch_labels.py for tasks to queue
[2024-05-27T03:00:30.836+0000] {logging_mixin.py:188} INFO - [2024-05-27T03:00:30.836+0000] {dagbag.py:545} INFO - Filling up the DagBag from /home/airflow/.local/lib/python3.12/site-packages/airflow/example_dags/example_branch_labels.py
[2024-05-27T03:00:30.840+0000] {processor.py:840} INFO - DAG(s) 'example_branch_labels' retrieved from /home/airflow/.local/lib/python3.12/site-packages/airflow/example_dags/example_branch_labels.py
[2024-05-27T03:00:30.850+0000] {logging_mixin.py:188} INFO - [2024-05-27T03:00:30.849+0000] {dag.py:3096} INFO - Sync 1 DAGs
[2024-05-27T03:00:30.860+0000] {logging_mixin.py:188} INFO - [2024-05-27T03:00:30.860+0000] {dag.py:3954} INFO - Setting next_dagrun for example_branch_labels to 2024-05-26 00:00:00+00:00, run_after=2024-05-27 00:00:00+00:00
[2024-05-27T03:00:30.869+0000] {processor.py:183} INFO - Processing /home/airflow/.local/lib/python3.12/site-packages/airflow/example_dags/example_branch_labels.py took 0.038 seconds
[2024-05-27T03:01:01.378+0000] {processor.py:161} INFO - Started process (PID=523) to work on /home/airflow/.local/lib/python3.12/site-packages/airflow/example_dags/example_branch_labels.py
[2024-05-27T03:01:01.379+0000] {processor.py:830} INFO - Processing file /home/airflow/.local/lib/python3.12/site-packages/airflow/example_dags/example_branch_labels.py for tasks to queue
[2024-05-27T03:01:01.379+0000] {logging_mixin.py:188} INFO - [2024-05-27T03:01:01.379+0000] {dagbag.py:545} INFO - Filling up the DagBag from /home/airflow/.local/lib/python3.12/site-packages/airflow/example_dags/example_branch_labels.py
[2024-05-27T03:01:01.383+0000] {processor.py:840} INFO - DAG(s) 'example_branch_labels' retrieved from /home/airflow/.local/lib/python3.12/site-packages/airflow/example_dags/example_branch_labels.py
[2024-05-27T03:01:01.393+0000] {logging_mixin.py:188} INFO - [2024-05-27T03:01:01.393+0000] {dag.py:3096} INFO - Sync 1 DAGs
[2024-05-27T03:01:01.403+0000] {logging_mixin.py:188} INFO - [2024-05-27T03:01:01.402+0000] {dag.py:3954} INFO - Setting next_dagrun for example_branch_labels to 2024-05-26 00:00:00+00:00, run_after=2024-05-27 00:00:00+00:00
[2024-05-27T03:01:01.411+0000] {processor.py:183} INFO - Processing /home/airflow/.local/lib/python3.12/site-packages/airflow/example_dags/example_branch_labels.py took 0.036 seconds
[2024-05-27T03:01:31.947+0000] {processor.py:161} INFO - Started process (PID=582) to work on /home/airflow/.local/lib/python3.12/site-packages/airflow/example_dags/example_branch_labels.py
[2024-05-27T03:01:31.948+0000] {processor.py:830} INFO - Processing file /home/airflow/.local/lib/python3.12/site-packages/airflow/example_dags/example_branch_labels.py for tasks to queue
[2024-05-27T03:01:31.949+0000] {logging_mixin.py:188} INFO - [2024-05-27T03:01:31.949+0000] {dagbag.py:545} INFO - Filling up the DagBag from /home/airflow/.local/lib/python3.12/site-packages/airflow/example_dags/example_branch_labels.py
[2024-05-27T03:01:31.953+0000] {processor.py:840} INFO - DAG(s) 'example_branch_labels' retrieved from /home/airflow/.local/lib/python3.12/site-packages/airflow/example_dags/example_branch_labels.py
[2024-05-27T03:01:31.962+0000] {logging_mixin.py:188} INFO - [2024-05-27T03:01:31.962+0000] {dag.py:3096} INFO - Sync 1 DAGs
[2024-05-27T03:01:31.972+0000] {logging_mixin.py:188} INFO - [2024-05-27T03:01:31.972+0000] {dag.py:3954} INFO - Setting next_dagrun for example_branch_labels to 2024-05-26 00:00:00+00:00, run_after=2024-05-27 00:00:00+00:00
[2024-05-27T03:01:31.981+0000] {processor.py:183} INFO - Processing /home/airflow/.local/lib/python3.12/site-packages/airflow/example_dags/example_branch_labels.py took 0.037 seconds
[2024-05-27T03:02:02.614+0000] {processor.py:161} INFO - Started process (PID=641) to work on /home/airflow/.local/lib/python3.12/site-packages/airflow/example_dags/example_branch_labels.py
[2024-05-27T03:02:02.616+0000] {processor.py:830} INFO - Processing file /home/airflow/.local/lib/python3.12/site-packages/airflow/example_dags/example_branch_labels.py for tasks to queue
[2024-05-27T03:02:02.617+0000] {logging_mixin.py:188} INFO - [2024-05-27T03:02:02.617+0000] {dagbag.py:545} INFO - Filling up the DagBag from /home/airflow/.local/lib/python3.12/site-packages/airflow/example_dags/example_branch_labels.py
[2024-05-27T03:02:02.621+0000] {processor.py:840} INFO - DAG(s) 'example_branch_labels' retrieved from /home/airflow/.local/lib/python3.12/site-packages/airflow/example_dags/example_branch_labels.py
[2024-05-27T03:02:02.631+0000] {logging_mixin.py:188} INFO - [2024-05-27T03:02:02.631+0000] {dag.py:3096} INFO - Sync 1 DAGs
[2024-05-27T03:02:02.641+0000] {logging_mixin.py:188} INFO - [2024-05-27T03:02:02.641+0000] {dag.py:3954} INFO - Setting next_dagrun for example_branch_labels to 2024-05-26 00:00:00+00:00, run_after=2024-05-27 00:00:00+00:00
[2024-05-27T03:02:02.649+0000] {processor.py:183} INFO - Processing /home/airflow/.local/lib/python3.12/site-packages/airflow/example_dags/example_branch_labels.py took 0.038 seconds
[2024-05-27T03:02:33.183+0000] {processor.py:161} INFO - Started process (PID=700) to work on /home/airflow/.local/lib/python3.12/site-packages/airflow/example_dags/example_branch_labels.py
[2024-05-27T03:02:33.184+0000] {processor.py:830} INFO - Processing file /home/airflow/.local/lib/python3.12/site-packages/airflow/example_dags/example_branch_labels.py for tasks to queue
[2024-05-27T03:02:33.185+0000] {logging_mixin.py:188} INFO - [2024-05-27T03:02:33.185+0000] {dagbag.py:545} INFO - Filling up the DagBag from /home/airflow/.local/lib/python3.12/site-packages/airflow/example_dags/example_branch_labels.py
[2024-05-27T03:02:33.189+0000] {processor.py:840} INFO - DAG(s) 'example_branch_labels' retrieved from /home/airflow/.local/lib/python3.12/site-packages/airflow/example_dags/example_branch_labels.py
[2024-05-27T03:02:33.198+0000] {logging_mixin.py:188} INFO - [2024-05-27T03:02:33.198+0000] {dag.py:3096} INFO - Sync 1 DAGs
[2024-05-27T03:02:33.208+0000] {logging_mixin.py:188} INFO - [2024-05-27T03:02:33.208+0000] {dag.py:3954} INFO - Setting next_dagrun for example_branch_labels to 2024-05-26 00:00:00+00:00, run_after=2024-05-27 00:00:00+00:00
[2024-05-27T03:02:33.216+0000] {processor.py:183} INFO - Processing /home/airflow/.local/lib/python3.12/site-packages/airflow/example_dags/example_branch_labels.py took 0.036 seconds
[2024-05-27T03:03:03.778+0000] {processor.py:161} INFO - Started process (PID=759) to work on /home/airflow/.local/lib/python3.12/site-packages/airflow/example_dags/example_branch_labels.py
[2024-05-27T03:03:03.782+0000] {processor.py:830} INFO - Processing file /home/airflow/.local/lib/python3.12/site-packages/airflow/example_dags/example_branch_labels.py for tasks to queue
[2024-05-27T03:03:03.787+0000] {logging_mixin.py:188} INFO - [2024-05-27T03:03:03.787+0000] {dagbag.py:545} INFO - Filling up the DagBag from /home/airflow/.local/lib/python3.12/site-packages/airflow/example_dags/example_branch_labels.py
[2024-05-27T03:03:03.790+0000] {processor.py:840} INFO - DAG(s) 'example_branch_labels' retrieved from /home/airflow/.local/lib/python3.12/site-packages/airflow/example_dags/example_branch_labels.py
[2024-05-27T03:03:03.801+0000] {logging_mixin.py:188} INFO - [2024-05-27T03:03:03.800+0000] {dag.py:3096} INFO - Sync 1 DAGs
[2024-05-27T03:03:03.811+0000] {logging_mixin.py:188} INFO - [2024-05-27T03:03:03.811+0000] {dag.py:3954} INFO - Setting next_dagrun for example_branch_labels to 2024-05-26 00:00:00+00:00, run_after=2024-05-27 00:00:00+00:00
[2024-05-27T03:03:03.819+0000] {processor.py:183} INFO - Processing /home/airflow/.local/lib/python3.12/site-packages/airflow/example_dags/example_branch_labels.py took 0.044 seconds
[2024-05-27T03:03:34.272+0000] {processor.py:161} INFO - Started process (PID=818) to work on /home/airflow/.local/lib/python3.12/site-packages/airflow/example_dags/example_branch_labels.py
[2024-05-27T03:03:34.273+0000] {processor.py:830} INFO - Processing file /home/airflow/.local/lib/python3.12/site-packages/airflow/example_dags/example_branch_labels.py for tasks to queue
[2024-05-27T03:03:34.274+0000] {logging_mixin.py:188} INFO - [2024-05-27T03:03:34.274+0000] {dagbag.py:545} INFO - Filling up the DagBag from /home/airflow/.local/lib/python3.12/site-packages/airflow/example_dags/example_branch_labels.py
[2024-05-27T03:03:34.279+0000] {processor.py:840} INFO - DAG(s) 'example_branch_labels' retrieved from /home/airflow/.local/lib/python3.12/site-packages/airflow/example_dags/example_branch_labels.py
[2024-05-27T03:03:34.291+0000] {logging_mixin.py:188} INFO - [2024-05-27T03:03:34.291+0000] {dag.py:3096} INFO - Sync 1 DAGs
[2024-05-27T03:03:34.305+0000] {logging_mixin.py:188} INFO - [2024-05-27T03:03:34.305+0000] {dag.py:3954} INFO - Setting next_dagrun for example_branch_labels to 2024-05-26 00:00:00+00:00, run_after=2024-05-27 00:00:00+00:00
[2024-05-27T03:03:34.316+0000] {processor.py:183} INFO - Processing /home/airflow/.local/lib/python3.12/site-packages/airflow/example_dags/example_branch_labels.py took 0.047 seconds
[2024-05-27T03:04:04.943+0000] {processor.py:161} INFO - Started process (PID=876) to work on /home/airflow/.local/lib/python3.12/site-packages/airflow/example_dags/example_branch_labels.py
[2024-05-27T03:04:04.943+0000] {processor.py:830} INFO - Processing file /home/airflow/.local/lib/python3.12/site-packages/airflow/example_dags/example_branch_labels.py for tasks to queue
[2024-05-27T03:04:04.945+0000] {logging_mixin.py:188} INFO - [2024-05-27T03:04:04.945+0000] {dagbag.py:545} INFO - Filling up the DagBag from /home/airflow/.local/lib/python3.12/site-packages/airflow/example_dags/example_branch_labels.py
[2024-05-27T03:04:04.949+0000] {processor.py:840} INFO - DAG(s) 'example_branch_labels' retrieved from /home/airflow/.local/lib/python3.12/site-packages/airflow/example_dags/example_branch_labels.py
[2024-05-27T03:04:04.960+0000] {logging_mixin.py:188} INFO - [2024-05-27T03:04:04.960+0000] {dag.py:3096} INFO - Sync 1 DAGs
[2024-05-27T03:04:04.971+0000] {logging_mixin.py:188} INFO - [2024-05-27T03:04:04.971+0000] {dag.py:3954} INFO - Setting next_dagrun for example_branch_labels to 2024-05-26 00:00:00+00:00, run_after=2024-05-27 00:00:00+00:00
[2024-05-27T03:04:04.982+0000] {processor.py:183} INFO - Processing /home/airflow/.local/lib/python3.12/site-packages/airflow/example_dags/example_branch_labels.py took 0.042 seconds
[2024-05-27T03:04:35.759+0000] {processor.py:161} INFO - Started process (PID=935) to work on /home/airflow/.local/lib/python3.12/site-packages/airflow/example_dags/example_branch_labels.py
[2024-05-27T03:04:35.760+0000] {processor.py:830} INFO - Processing file /home/airflow/.local/lib/python3.12/site-packages/airflow/example_dags/example_branch_labels.py for tasks to queue
[2024-05-27T03:04:35.761+0000] {logging_mixin.py:188} INFO - [2024-05-27T03:04:35.761+0000] {dagbag.py:545} INFO - Filling up the DagBag from /home/airflow/.local/lib/python3.12/site-packages/airflow/example_dags/example_branch_labels.py
[2024-05-27T03:04:35.765+0000] {processor.py:840} INFO - DAG(s) 'example_branch_labels' retrieved from /home/airflow/.local/lib/python3.12/site-packages/airflow/example_dags/example_branch_labels.py
[2024-05-27T03:04:35.775+0000] {logging_mixin.py:188} INFO - [2024-05-27T03:04:35.775+0000] {dag.py:3096} INFO - Sync 1 DAGs
[2024-05-27T03:04:35.786+0000] {logging_mixin.py:188} INFO - [2024-05-27T03:04:35.786+0000] {dag.py:3954} INFO - Setting next_dagrun for example_branch_labels to 2024-05-26 00:00:00+00:00, run_after=2024-05-27 00:00:00+00:00
[2024-05-27T03:04:35.795+0000] {processor.py:183} INFO - Processing /home/airflow/.local/lib/python3.12/site-packages/airflow/example_dags/example_branch_labels.py took 0.038 seconds
[2024-05-27T03:05:06.505+0000] {processor.py:161} INFO - Started process (PID=994) to work on /home/airflow/.local/lib/python3.12/site-packages/airflow/example_dags/example_branch_labels.py
[2024-05-27T03:05:06.507+0000] {processor.py:830} INFO - Processing file /home/airflow/.local/lib/python3.12/site-packages/airflow/example_dags/example_branch_labels.py for tasks to queue
[2024-05-27T03:05:06.508+0000] {logging_mixin.py:188} INFO - [2024-05-27T03:05:06.508+0000] {dagbag.py:545} INFO - Filling up the DagBag from /home/airflow/.local/lib/python3.12/site-packages/airflow/example_dags/example_branch_labels.py
[2024-05-27T03:05:06.512+0000] {processor.py:840} INFO - DAG(s) 'example_branch_labels' retrieved from /home/airflow/.local/lib/python3.12/site-packages/airflow/example_dags/example_branch_labels.py
[2024-05-27T03:05:06.528+0000] {logging_mixin.py:188} INFO - [2024-05-27T03:05:06.528+0000] {dag.py:3096} INFO - Sync 1 DAGs
[2024-05-27T03:05:06.540+0000] {logging_mixin.py:188} INFO - [2024-05-27T03:05:06.539+0000] {dag.py:3954} INFO - Setting next_dagrun for example_branch_labels to 2024-05-26 00:00:00+00:00, run_after=2024-05-27 00:00:00+00:00
[2024-05-27T03:05:06.548+0000] {processor.py:183} INFO - Processing /home/airflow/.local/lib/python3.12/site-packages/airflow/example_dags/example_branch_labels.py took 0.046 seconds
[2024-05-27T03:05:37.059+0000] {processor.py:161} INFO - Started process (PID=1053) to work on /home/airflow/.local/lib/python3.12/site-packages/airflow/example_dags/example_branch_labels.py
[2024-05-27T03:05:37.060+0000] {processor.py:830} INFO - Processing file /home/airflow/.local/lib/python3.12/site-packages/airflow/example_dags/example_branch_labels.py for tasks to queue
[2024-05-27T03:05:37.061+0000] {logging_mixin.py:188} INFO - [2024-05-27T03:05:37.061+0000] {dagbag.py:545} INFO - Filling up the DagBag from /home/airflow/.local/lib/python3.12/site-packages/airflow/example_dags/example_branch_labels.py
[2024-05-27T03:05:37.065+0000] {processor.py:840} INFO - DAG(s) 'example_branch_labels' retrieved from /home/airflow/.local/lib/python3.12/site-packages/airflow/example_dags/example_branch_labels.py
[2024-05-27T03:05:37.074+0000] {logging_mixin.py:188} INFO - [2024-05-27T03:05:37.074+0000] {dag.py:3096} INFO - Sync 1 DAGs
[2024-05-27T03:05:37.084+0000] {logging_mixin.py:188} INFO - [2024-05-27T03:05:37.084+0000] {dag.py:3954} INFO - Setting next_dagrun for example_branch_labels to 2024-05-26 00:00:00+00:00, run_after=2024-05-27 00:00:00+00:00
[2024-05-27T03:05:37.092+0000] {processor.py:183} INFO - Processing /home/airflow/.local/lib/python3.12/site-packages/airflow/example_dags/example_branch_labels.py took 0.036 seconds
[2024-05-27T03:06:07.647+0000] {processor.py:161} INFO - Started process (PID=1112) to work on /home/airflow/.local/lib/python3.12/site-packages/airflow/example_dags/example_branch_labels.py
[2024-05-27T03:06:07.648+0000] {processor.py:830} INFO - Processing file /home/airflow/.local/lib/python3.12/site-packages/airflow/example_dags/example_branch_labels.py for tasks to queue
[2024-05-27T03:06:07.649+0000] {logging_mixin.py:188} INFO - [2024-05-27T03:06:07.649+0000] {dagbag.py:545} INFO - Filling up the DagBag from /home/airflow/.local/lib/python3.12/site-packages/airflow/example_dags/example_branch_labels.py
[2024-05-27T03:06:07.653+0000] {processor.py:840} INFO - DAG(s) 'example_branch_labels' retrieved from /home/airflow/.local/lib/python3.12/site-packages/airflow/example_dags/example_branch_labels.py
[2024-05-27T03:06:07.663+0000] {logging_mixin.py:188} INFO - [2024-05-27T03:06:07.662+0000] {dag.py:3096} INFO - Sync 1 DAGs
[2024-05-27T03:06:07.672+0000] {logging_mixin.py:188} INFO - [2024-05-27T03:06:07.672+0000] {dag.py:3954} INFO - Setting next_dagrun for example_branch_labels to 2024-05-26 00:00:00+00:00, run_after=2024-05-27 00:00:00+00:00
[2024-05-27T03:06:07.680+0000] {processor.py:183} INFO - Processing /home/airflow/.local/lib/python3.12/site-packages/airflow/example_dags/example_branch_labels.py took 0.036 seconds
[2024-05-27T03:06:38.351+0000] {processor.py:161} INFO - Started process (PID=1171) to work on /home/airflow/.local/lib/python3.12/site-packages/airflow/example_dags/example_branch_labels.py
[2024-05-27T03:06:38.352+0000] {processor.py:830} INFO - Processing file /home/airflow/.local/lib/python3.12/site-packages/airflow/example_dags/example_branch_labels.py for tasks to queue
[2024-05-27T03:06:38.353+0000] {logging_mixin.py:188} INFO - [2024-05-27T03:06:38.353+0000] {dagbag.py:545} INFO - Filling up the DagBag from /home/airflow/.local/lib/python3.12/site-packages/airflow/example_dags/example_branch_labels.py
[2024-05-27T03:06:38.357+0000] {processor.py:840} INFO - DAG(s) 'example_branch_labels' retrieved from /home/airflow/.local/lib/python3.12/site-packages/airflow/example_dags/example_branch_labels.py
[2024-05-27T03:06:38.367+0000] {logging_mixin.py:188} INFO - [2024-05-27T03:06:38.367+0000] {dag.py:3096} INFO - Sync 1 DAGs
[2024-05-27T03:06:38.377+0000] {logging_mixin.py:188} INFO - [2024-05-27T03:06:38.377+0000] {dag.py:3954} INFO - Setting next_dagrun for example_branch_labels to 2024-05-26 00:00:00+00:00, run_after=2024-05-27 00:00:00+00:00
[2024-05-27T03:06:38.385+0000] {processor.py:183} INFO - Processing /home/airflow/.local/lib/python3.12/site-packages/airflow/example_dags/example_branch_labels.py took 0.036 seconds
[2024-05-27T03:07:08.905+0000] {processor.py:161} INFO - Started process (PID=1230) to work on /home/airflow/.local/lib/python3.12/site-packages/airflow/example_dags/example_branch_labels.py
[2024-05-27T03:07:08.905+0000] {processor.py:830} INFO - Processing file /home/airflow/.local/lib/python3.12/site-packages/airflow/example_dags/example_branch_labels.py for tasks to queue
[2024-05-27T03:07:08.906+0000] {logging_mixin.py:188} INFO - [2024-05-27T03:07:08.906+0000] {dagbag.py:545} INFO - Filling up the DagBag from /home/airflow/.local/lib/python3.12/site-packages/airflow/example_dags/example_branch_labels.py
[2024-05-27T03:07:08.910+0000] {processor.py:840} INFO - DAG(s) 'example_branch_labels' retrieved from /home/airflow/.local/lib/python3.12/site-packages/airflow/example_dags/example_branch_labels.py
[2024-05-27T03:07:08.920+0000] {logging_mixin.py:188} INFO - [2024-05-27T03:07:08.920+0000] {dag.py:3096} INFO - Sync 1 DAGs
[2024-05-27T03:07:08.930+0000] {logging_mixin.py:188} INFO - [2024-05-27T03:07:08.929+0000] {dag.py:3954} INFO - Setting next_dagrun for example_branch_labels to 2024-05-26 00:00:00+00:00, run_after=2024-05-27 00:00:00+00:00
[2024-05-27T03:07:08.938+0000] {processor.py:183} INFO - Processing /home/airflow/.local/lib/python3.12/site-packages/airflow/example_dags/example_branch_labels.py took 0.036 seconds
[2024-05-27T03:07:39.532+0000] {processor.py:161} INFO - Started process (PID=1289) to work on /home/airflow/.local/lib/python3.12/site-packages/airflow/example_dags/example_branch_labels.py
[2024-05-27T03:07:39.533+0000] {processor.py:830} INFO - Processing file /home/airflow/.local/lib/python3.12/site-packages/airflow/example_dags/example_branch_labels.py for tasks to queue
[2024-05-27T03:07:39.534+0000] {logging_mixin.py:188} INFO - [2024-05-27T03:07:39.533+0000] {dagbag.py:545} INFO - Filling up the DagBag from /home/airflow/.local/lib/python3.12/site-packages/airflow/example_dags/example_branch_labels.py
[2024-05-27T03:07:39.538+0000] {processor.py:840} INFO - DAG(s) 'example_branch_labels' retrieved from /home/airflow/.local/lib/python3.12/site-packages/airflow/example_dags/example_branch_labels.py
[2024-05-27T03:07:39.549+0000] {logging_mixin.py:188} INFO - [2024-05-27T03:07:39.549+0000] {dag.py:3096} INFO - Sync 1 DAGs
[2024-05-27T03:07:39.559+0000] {logging_mixin.py:188} INFO - [2024-05-27T03:07:39.559+0000] {dag.py:3954} INFO - Setting next_dagrun for example_branch_labels to 2024-05-26 00:00:00+00:00, run_after=2024-05-27 00:00:00+00:00
[2024-05-27T03:07:39.569+0000] {processor.py:183} INFO - Processing /home/airflow/.local/lib/python3.12/site-packages/airflow/example_dags/example_branch_labels.py took 0.040 seconds
[2024-05-27T03:08:36.924+0000] {processor.py:161} INFO - Started process (PID=52) to work on /home/airflow/.local/lib/python3.12/site-packages/airflow/example_dags/example_branch_labels.py
[2024-05-27T03:08:36.925+0000] {processor.py:830} INFO - Processing file /home/airflow/.local/lib/python3.12/site-packages/airflow/example_dags/example_branch_labels.py for tasks to queue
[2024-05-27T03:08:36.926+0000] {logging_mixin.py:188} INFO - [2024-05-27T03:08:36.926+0000] {dagbag.py:545} INFO - Filling up the DagBag from /home/airflow/.local/lib/python3.12/site-packages/airflow/example_dags/example_branch_labels.py
[2024-05-27T03:08:36.936+0000] {processor.py:840} INFO - DAG(s) 'example_branch_labels' retrieved from /home/airflow/.local/lib/python3.12/site-packages/airflow/example_dags/example_branch_labels.py
[2024-05-27T03:08:36.948+0000] {logging_mixin.py:188} INFO - [2024-05-27T03:08:36.947+0000] {dag.py:3096} INFO - Sync 1 DAGs
[2024-05-27T03:08:36.970+0000] {logging_mixin.py:188} INFO - [2024-05-27T03:08:36.970+0000] {dag.py:3954} INFO - Setting next_dagrun for example_branch_labels to 2024-05-26 00:00:00+00:00, run_after=2024-05-27 00:00:00+00:00
[2024-05-27T03:08:36.987+0000] {processor.py:183} INFO - Processing /home/airflow/.local/lib/python3.12/site-packages/airflow/example_dags/example_branch_labels.py took 0.067 seconds
[2024-05-27T03:09:07.394+0000] {processor.py:161} INFO - Started process (PID=111) to work on /home/airflow/.local/lib/python3.12/site-packages/airflow/example_dags/example_branch_labels.py
[2024-05-27T03:09:07.395+0000] {processor.py:830} INFO - Processing file /home/airflow/.local/lib/python3.12/site-packages/airflow/example_dags/example_branch_labels.py for tasks to queue
[2024-05-27T03:09:07.396+0000] {logging_mixin.py:188} INFO - [2024-05-27T03:09:07.396+0000] {dagbag.py:545} INFO - Filling up the DagBag from /home/airflow/.local/lib/python3.12/site-packages/airflow/example_dags/example_branch_labels.py
[2024-05-27T03:09:07.400+0000] {processor.py:840} INFO - DAG(s) 'example_branch_labels' retrieved from /home/airflow/.local/lib/python3.12/site-packages/airflow/example_dags/example_branch_labels.py
[2024-05-27T03:09:07.448+0000] {logging_mixin.py:188} INFO - [2024-05-27T03:09:07.448+0000] {dag.py:3096} INFO - Sync 1 DAGs
[2024-05-27T03:09:07.459+0000] {logging_mixin.py:188} INFO - [2024-05-27T03:09:07.458+0000] {dag.py:3954} INFO - Setting next_dagrun for example_branch_labels to 2024-05-26 00:00:00+00:00, run_after=2024-05-27 00:00:00+00:00
[2024-05-27T03:09:07.469+0000] {processor.py:183} INFO - Processing /home/airflow/.local/lib/python3.12/site-packages/airflow/example_dags/example_branch_labels.py took 0.079 seconds
[2024-05-27T03:09:38.490+0000] {processor.py:161} INFO - Started process (PID=170) to work on /home/airflow/.local/lib/python3.12/site-packages/airflow/example_dags/example_branch_labels.py
[2024-05-27T03:09:38.491+0000] {processor.py:830} INFO - Processing file /home/airflow/.local/lib/python3.12/site-packages/airflow/example_dags/example_branch_labels.py for tasks to queue
[2024-05-27T03:09:38.492+0000] {logging_mixin.py:188} INFO - [2024-05-27T03:09:38.492+0000] {dagbag.py:545} INFO - Filling up the DagBag from /home/airflow/.local/lib/python3.12/site-packages/airflow/example_dags/example_branch_labels.py
[2024-05-27T03:09:38.496+0000] {processor.py:840} INFO - DAG(s) 'example_branch_labels' retrieved from /home/airflow/.local/lib/python3.12/site-packages/airflow/example_dags/example_branch_labels.py
[2024-05-27T03:09:38.506+0000] {logging_mixin.py:188} INFO - [2024-05-27T03:09:38.506+0000] {dag.py:3096} INFO - Sync 1 DAGs
[2024-05-27T03:09:38.516+0000] {logging_mixin.py:188} INFO - [2024-05-27T03:09:38.516+0000] {dag.py:3954} INFO - Setting next_dagrun for example_branch_labels to 2024-05-26 00:00:00+00:00, run_after=2024-05-27 00:00:00+00:00
[2024-05-27T03:09:38.524+0000] {processor.py:183} INFO - Processing /home/airflow/.local/lib/python3.12/site-packages/airflow/example_dags/example_branch_labels.py took 0.036 seconds
[2024-05-27T03:10:09.092+0000] {processor.py:161} INFO - Started process (PID=229) to work on /home/airflow/.local/lib/python3.12/site-packages/airflow/example_dags/example_branch_labels.py
[2024-05-27T03:10:09.092+0000] {processor.py:830} INFO - Processing file /home/airflow/.local/lib/python3.12/site-packages/airflow/example_dags/example_branch_labels.py for tasks to queue
[2024-05-27T03:10:09.094+0000] {logging_mixin.py:188} INFO - [2024-05-27T03:10:09.093+0000] {dagbag.py:545} INFO - Filling up the DagBag from /home/airflow/.local/lib/python3.12/site-packages/airflow/example_dags/example_branch_labels.py
[2024-05-27T03:10:09.098+0000] {processor.py:840} INFO - DAG(s) 'example_branch_labels' retrieved from /home/airflow/.local/lib/python3.12/site-packages/airflow/example_dags/example_branch_labels.py
[2024-05-27T03:10:09.107+0000] {logging_mixin.py:188} INFO - [2024-05-27T03:10:09.107+0000] {dag.py:3096} INFO - Sync 1 DAGs
[2024-05-27T03:10:09.117+0000] {logging_mixin.py:188} INFO - [2024-05-27T03:10:09.117+0000] {dag.py:3954} INFO - Setting next_dagrun for example_branch_labels to 2024-05-26 00:00:00+00:00, run_after=2024-05-27 00:00:00+00:00
[2024-05-27T03:10:09.125+0000] {processor.py:183} INFO - Processing /home/airflow/.local/lib/python3.12/site-packages/airflow/example_dags/example_branch_labels.py took 0.036 seconds
[2024-05-27T03:20:24.681+0000] {processor.py:161} INFO - Started process (PID=52) to work on /home/airflow/.local/lib/python3.12/site-packages/airflow/example_dags/example_branch_labels.py
[2024-05-27T03:20:24.682+0000] {processor.py:830} INFO - Processing file /home/airflow/.local/lib/python3.12/site-packages/airflow/example_dags/example_branch_labels.py for tasks to queue
[2024-05-27T03:20:24.684+0000] {logging_mixin.py:188} INFO - [2024-05-27T03:20:24.684+0000] {dagbag.py:545} INFO - Filling up the DagBag from /home/airflow/.local/lib/python3.12/site-packages/airflow/example_dags/example_branch_labels.py
[2024-05-27T03:20:24.695+0000] {processor.py:840} INFO - DAG(s) 'example_branch_labels' retrieved from /home/airflow/.local/lib/python3.12/site-packages/airflow/example_dags/example_branch_labels.py
[2024-05-27T03:20:24.708+0000] {logging_mixin.py:188} INFO - [2024-05-27T03:20:24.708+0000] {dag.py:3096} INFO - Sync 1 DAGs
[2024-05-27T03:20:24.723+0000] {logging_mixin.py:188} INFO - [2024-05-27T03:20:24.723+0000] {dag.py:3954} INFO - Setting next_dagrun for example_branch_labels to 2024-05-26 00:00:00+00:00, run_after=2024-05-27 00:00:00+00:00
[2024-05-27T03:20:24.735+0000] {processor.py:183} INFO - Processing /home/airflow/.local/lib/python3.12/site-packages/airflow/example_dags/example_branch_labels.py took 0.060 seconds
[2024-05-27T03:20:55.032+0000] {processor.py:161} INFO - Started process (PID=110) to work on /home/airflow/.local/lib/python3.12/site-packages/airflow/example_dags/example_branch_labels.py
[2024-05-27T03:20:55.032+0000] {processor.py:830} INFO - Processing file /home/airflow/.local/lib/python3.12/site-packages/airflow/example_dags/example_branch_labels.py for tasks to queue
[2024-05-27T03:20:55.033+0000] {logging_mixin.py:188} INFO - [2024-05-27T03:20:55.033+0000] {dagbag.py:545} INFO - Filling up the DagBag from /home/airflow/.local/lib/python3.12/site-packages/airflow/example_dags/example_branch_labels.py
[2024-05-27T03:20:55.037+0000] {processor.py:840} INFO - DAG(s) 'example_branch_labels' retrieved from /home/airflow/.local/lib/python3.12/site-packages/airflow/example_dags/example_branch_labels.py
[2024-05-27T03:20:55.080+0000] {logging_mixin.py:188} INFO - [2024-05-27T03:20:55.080+0000] {dag.py:3096} INFO - Sync 1 DAGs
[2024-05-27T03:20:55.089+0000] {logging_mixin.py:188} INFO - [2024-05-27T03:20:55.088+0000] {dag.py:3954} INFO - Setting next_dagrun for example_branch_labels to 2024-05-26 00:00:00+00:00, run_after=2024-05-27 00:00:00+00:00
[2024-05-27T03:20:55.097+0000] {processor.py:183} INFO - Processing /home/airflow/.local/lib/python3.12/site-packages/airflow/example_dags/example_branch_labels.py took 0.068 seconds
[2024-05-27T03:21:25.911+0000] {processor.py:161} INFO - Started process (PID=169) to work on /home/airflow/.local/lib/python3.12/site-packages/airflow/example_dags/example_branch_labels.py
[2024-05-27T03:21:25.911+0000] {processor.py:830} INFO - Processing file /home/airflow/.local/lib/python3.12/site-packages/airflow/example_dags/example_branch_labels.py for tasks to queue
[2024-05-27T03:21:25.912+0000] {logging_mixin.py:188} INFO - [2024-05-27T03:21:25.912+0000] {dagbag.py:545} INFO - Filling up the DagBag from /home/airflow/.local/lib/python3.12/site-packages/airflow/example_dags/example_branch_labels.py
[2024-05-27T03:21:25.916+0000] {processor.py:840} INFO - DAG(s) 'example_branch_labels' retrieved from /home/airflow/.local/lib/python3.12/site-packages/airflow/example_dags/example_branch_labels.py
[2024-05-27T03:21:25.926+0000] {logging_mixin.py:188} INFO - [2024-05-27T03:21:25.926+0000] {dag.py:3096} INFO - Sync 1 DAGs
[2024-05-27T03:21:25.935+0000] {logging_mixin.py:188} INFO - [2024-05-27T03:21:25.935+0000] {dag.py:3954} INFO - Setting next_dagrun for example_branch_labels to 2024-05-26 00:00:00+00:00, run_after=2024-05-27 00:00:00+00:00
[2024-05-27T03:21:25.943+0000] {processor.py:183} INFO - Processing /home/airflow/.local/lib/python3.12/site-packages/airflow/example_dags/example_branch_labels.py took 0.035 seconds
[2024-05-27T03:21:56.470+0000] {processor.py:161} INFO - Started process (PID=229) to work on /home/airflow/.local/lib/python3.12/site-packages/airflow/example_dags/example_branch_labels.py
[2024-05-27T03:21:56.471+0000] {processor.py:830} INFO - Processing file /home/airflow/.local/lib/python3.12/site-packages/airflow/example_dags/example_branch_labels.py for tasks to queue
[2024-05-27T03:21:56.472+0000] {logging_mixin.py:188} INFO - [2024-05-27T03:21:56.472+0000] {dagbag.py:545} INFO - Filling up the DagBag from /home/airflow/.local/lib/python3.12/site-packages/airflow/example_dags/example_branch_labels.py
[2024-05-27T03:21:56.476+0000] {processor.py:840} INFO - DAG(s) 'example_branch_labels' retrieved from /home/airflow/.local/lib/python3.12/site-packages/airflow/example_dags/example_branch_labels.py
[2024-05-27T03:21:56.486+0000] {logging_mixin.py:188} INFO - [2024-05-27T03:21:56.485+0000] {dag.py:3096} INFO - Sync 1 DAGs
[2024-05-27T03:21:56.495+0000] {logging_mixin.py:188} INFO - [2024-05-27T03:21:56.495+0000] {dag.py:3954} INFO - Setting next_dagrun for example_branch_labels to 2024-05-26 00:00:00+00:00, run_after=2024-05-27 00:00:00+00:00
[2024-05-27T03:21:56.503+0000] {processor.py:183} INFO - Processing /home/airflow/.local/lib/python3.12/site-packages/airflow/example_dags/example_branch_labels.py took 0.036 seconds
[2024-05-27T03:22:27.125+0000] {processor.py:161} INFO - Started process (PID=288) to work on /home/airflow/.local/lib/python3.12/site-packages/airflow/example_dags/example_branch_labels.py
[2024-05-27T03:22:27.126+0000] {processor.py:830} INFO - Processing file /home/airflow/.local/lib/python3.12/site-packages/airflow/example_dags/example_branch_labels.py for tasks to queue
[2024-05-27T03:22:27.127+0000] {logging_mixin.py:188} INFO - [2024-05-27T03:22:27.127+0000] {dagbag.py:545} INFO - Filling up the DagBag from /home/airflow/.local/lib/python3.12/site-packages/airflow/example_dags/example_branch_labels.py
[2024-05-27T03:22:27.131+0000] {processor.py:840} INFO - DAG(s) 'example_branch_labels' retrieved from /home/airflow/.local/lib/python3.12/site-packages/airflow/example_dags/example_branch_labels.py
[2024-05-27T03:22:27.142+0000] {logging_mixin.py:188} INFO - [2024-05-27T03:22:27.141+0000] {dag.py:3096} INFO - Sync 1 DAGs
[2024-05-27T03:22:27.153+0000] {logging_mixin.py:188} INFO - [2024-05-27T03:22:27.153+0000] {dag.py:3954} INFO - Setting next_dagrun for example_branch_labels to 2024-05-26 00:00:00+00:00, run_after=2024-05-27 00:00:00+00:00
[2024-05-27T03:22:27.164+0000] {processor.py:183} INFO - Processing /home/airflow/.local/lib/python3.12/site-packages/airflow/example_dags/example_branch_labels.py took 0.041 seconds
[2024-05-27T03:22:57.799+0000] {processor.py:161} INFO - Started process (PID=347) to work on /home/airflow/.local/lib/python3.12/site-packages/airflow/example_dags/example_branch_labels.py
[2024-05-27T03:22:57.799+0000] {processor.py:830} INFO - Processing file /home/airflow/.local/lib/python3.12/site-packages/airflow/example_dags/example_branch_labels.py for tasks to queue
[2024-05-27T03:22:57.800+0000] {logging_mixin.py:188} INFO - [2024-05-27T03:22:57.800+0000] {dagbag.py:545} INFO - Filling up the DagBag from /home/airflow/.local/lib/python3.12/site-packages/airflow/example_dags/example_branch_labels.py
[2024-05-27T03:22:57.804+0000] {processor.py:840} INFO - DAG(s) 'example_branch_labels' retrieved from /home/airflow/.local/lib/python3.12/site-packages/airflow/example_dags/example_branch_labels.py
[2024-05-27T03:22:57.817+0000] {logging_mixin.py:188} INFO - [2024-05-27T03:22:57.817+0000] {dag.py:3096} INFO - Sync 1 DAGs
[2024-05-27T03:22:57.828+0000] {logging_mixin.py:188} INFO - [2024-05-27T03:22:57.828+0000] {dag.py:3954} INFO - Setting next_dagrun for example_branch_labels to 2024-05-26 00:00:00+00:00, run_after=2024-05-27 00:00:00+00:00
[2024-05-27T03:22:57.837+0000] {processor.py:183} INFO - Processing /home/airflow/.local/lib/python3.12/site-packages/airflow/example_dags/example_branch_labels.py took 0.041 seconds
[2024-05-27T03:23:28.384+0000] {processor.py:161} INFO - Started process (PID=406) to work on /home/airflow/.local/lib/python3.12/site-packages/airflow/example_dags/example_branch_labels.py
[2024-05-27T03:23:28.384+0000] {processor.py:830} INFO - Processing file /home/airflow/.local/lib/python3.12/site-packages/airflow/example_dags/example_branch_labels.py for tasks to queue
[2024-05-27T03:23:28.385+0000] {logging_mixin.py:188} INFO - [2024-05-27T03:23:28.385+0000] {dagbag.py:545} INFO - Filling up the DagBag from /home/airflow/.local/lib/python3.12/site-packages/airflow/example_dags/example_branch_labels.py
[2024-05-27T03:23:28.389+0000] {processor.py:840} INFO - DAG(s) 'example_branch_labels' retrieved from /home/airflow/.local/lib/python3.12/site-packages/airflow/example_dags/example_branch_labels.py
[2024-05-27T03:23:28.399+0000] {logging_mixin.py:188} INFO - [2024-05-27T03:23:28.399+0000] {dag.py:3096} INFO - Sync 1 DAGs
[2024-05-27T03:23:28.410+0000] {logging_mixin.py:188} INFO - [2024-05-27T03:23:28.409+0000] {dag.py:3954} INFO - Setting next_dagrun for example_branch_labels to 2024-05-26 00:00:00+00:00, run_after=2024-05-27 00:00:00+00:00
[2024-05-27T03:23:28.419+0000] {processor.py:183} INFO - Processing /home/airflow/.local/lib/python3.12/site-packages/airflow/example_dags/example_branch_labels.py took 0.039 seconds
[2024-05-27T03:23:58.951+0000] {processor.py:161} INFO - Started process (PID=465) to work on /home/airflow/.local/lib/python3.12/site-packages/airflow/example_dags/example_branch_labels.py
[2024-05-27T03:23:58.952+0000] {processor.py:830} INFO - Processing file /home/airflow/.local/lib/python3.12/site-packages/airflow/example_dags/example_branch_labels.py for tasks to queue
[2024-05-27T03:23:58.953+0000] {logging_mixin.py:188} INFO - [2024-05-27T03:23:58.953+0000] {dagbag.py:545} INFO - Filling up the DagBag from /home/airflow/.local/lib/python3.12/site-packages/airflow/example_dags/example_branch_labels.py
[2024-05-27T03:23:58.957+0000] {processor.py:840} INFO - DAG(s) 'example_branch_labels' retrieved from /home/airflow/.local/lib/python3.12/site-packages/airflow/example_dags/example_branch_labels.py
[2024-05-27T03:23:58.967+0000] {logging_mixin.py:188} INFO - [2024-05-27T03:23:58.966+0000] {dag.py:3096} INFO - Sync 1 DAGs
[2024-05-27T03:23:58.976+0000] {logging_mixin.py:188} INFO - [2024-05-27T03:23:58.976+0000] {dag.py:3954} INFO - Setting next_dagrun for example_branch_labels to 2024-05-26 00:00:00+00:00, run_after=2024-05-27 00:00:00+00:00
[2024-05-27T03:23:58.984+0000] {processor.py:183} INFO - Processing /home/airflow/.local/lib/python3.12/site-packages/airflow/example_dags/example_branch_labels.py took 0.036 seconds
[2024-05-27T03:24:29.520+0000] {processor.py:161} INFO - Started process (PID=524) to work on /home/airflow/.local/lib/python3.12/site-packages/airflow/example_dags/example_branch_labels.py
[2024-05-27T03:24:29.520+0000] {processor.py:830} INFO - Processing file /home/airflow/.local/lib/python3.12/site-packages/airflow/example_dags/example_branch_labels.py for tasks to queue
[2024-05-27T03:24:29.521+0000] {logging_mixin.py:188} INFO - [2024-05-27T03:24:29.521+0000] {dagbag.py:545} INFO - Filling up the DagBag from /home/airflow/.local/lib/python3.12/site-packages/airflow/example_dags/example_branch_labels.py
[2024-05-27T03:24:29.525+0000] {processor.py:840} INFO - DAG(s) 'example_branch_labels' retrieved from /home/airflow/.local/lib/python3.12/site-packages/airflow/example_dags/example_branch_labels.py
[2024-05-27T03:24:29.535+0000] {logging_mixin.py:188} INFO - [2024-05-27T03:24:29.535+0000] {dag.py:3096} INFO - Sync 1 DAGs
[2024-05-27T03:24:29.546+0000] {logging_mixin.py:188} INFO - [2024-05-27T03:24:29.546+0000] {dag.py:3954} INFO - Setting next_dagrun for example_branch_labels to 2024-05-26 00:00:00+00:00, run_after=2024-05-27 00:00:00+00:00
[2024-05-27T03:24:29.555+0000] {processor.py:183} INFO - Processing /home/airflow/.local/lib/python3.12/site-packages/airflow/example_dags/example_branch_labels.py took 0.038 seconds
[2024-05-27T03:25:00.185+0000] {processor.py:161} INFO - Started process (PID=583) to work on /home/airflow/.local/lib/python3.12/site-packages/airflow/example_dags/example_branch_labels.py
[2024-05-27T03:25:00.185+0000] {processor.py:830} INFO - Processing file /home/airflow/.local/lib/python3.12/site-packages/airflow/example_dags/example_branch_labels.py for tasks to queue
[2024-05-27T03:25:00.186+0000] {logging_mixin.py:188} INFO - [2024-05-27T03:25:00.186+0000] {dagbag.py:545} INFO - Filling up the DagBag from /home/airflow/.local/lib/python3.12/site-packages/airflow/example_dags/example_branch_labels.py
[2024-05-27T03:25:00.190+0000] {processor.py:840} INFO - DAG(s) 'example_branch_labels' retrieved from /home/airflow/.local/lib/python3.12/site-packages/airflow/example_dags/example_branch_labels.py
[2024-05-27T03:25:00.200+0000] {logging_mixin.py:188} INFO - [2024-05-27T03:25:00.199+0000] {dag.py:3096} INFO - Sync 1 DAGs
[2024-05-27T03:25:00.210+0000] {logging_mixin.py:188} INFO - [2024-05-27T03:25:00.210+0000] {dag.py:3954} INFO - Setting next_dagrun for example_branch_labels to 2024-05-26 00:00:00+00:00, run_after=2024-05-27 00:00:00+00:00
[2024-05-27T03:25:00.221+0000] {processor.py:183} INFO - Processing /home/airflow/.local/lib/python3.12/site-packages/airflow/example_dags/example_branch_labels.py took 0.039 seconds
[2024-05-27T03:25:30.779+0000] {processor.py:161} INFO - Started process (PID=642) to work on /home/airflow/.local/lib/python3.12/site-packages/airflow/example_dags/example_branch_labels.py
[2024-05-27T03:25:30.780+0000] {processor.py:830} INFO - Processing file /home/airflow/.local/lib/python3.12/site-packages/airflow/example_dags/example_branch_labels.py for tasks to queue
[2024-05-27T03:25:30.781+0000] {logging_mixin.py:188} INFO - [2024-05-27T03:25:30.781+0000] {dagbag.py:545} INFO - Filling up the DagBag from /home/airflow/.local/lib/python3.12/site-packages/airflow/example_dags/example_branch_labels.py
[2024-05-27T03:25:30.785+0000] {processor.py:840} INFO - DAG(s) 'example_branch_labels' retrieved from /home/airflow/.local/lib/python3.12/site-packages/airflow/example_dags/example_branch_labels.py
[2024-05-27T03:25:30.795+0000] {logging_mixin.py:188} INFO - [2024-05-27T03:25:30.795+0000] {dag.py:3096} INFO - Sync 1 DAGs
[2024-05-27T03:25:30.805+0000] {logging_mixin.py:188} INFO - [2024-05-27T03:25:30.805+0000] {dag.py:3954} INFO - Setting next_dagrun for example_branch_labels to 2024-05-26 00:00:00+00:00, run_after=2024-05-27 00:00:00+00:00
[2024-05-27T03:25:30.814+0000] {processor.py:183} INFO - Processing /home/airflow/.local/lib/python3.12/site-packages/airflow/example_dags/example_branch_labels.py took 0.037 seconds
[2024-05-27T03:26:01.367+0000] {processor.py:161} INFO - Started process (PID=701) to work on /home/airflow/.local/lib/python3.12/site-packages/airflow/example_dags/example_branch_labels.py
[2024-05-27T03:26:01.368+0000] {processor.py:830} INFO - Processing file /home/airflow/.local/lib/python3.12/site-packages/airflow/example_dags/example_branch_labels.py for tasks to queue
[2024-05-27T03:26:01.369+0000] {logging_mixin.py:188} INFO - [2024-05-27T03:26:01.368+0000] {dagbag.py:545} INFO - Filling up the DagBag from /home/airflow/.local/lib/python3.12/site-packages/airflow/example_dags/example_branch_labels.py
[2024-05-27T03:26:01.372+0000] {processor.py:840} INFO - DAG(s) 'example_branch_labels' retrieved from /home/airflow/.local/lib/python3.12/site-packages/airflow/example_dags/example_branch_labels.py
[2024-05-27T03:26:01.382+0000] {logging_mixin.py:188} INFO - [2024-05-27T03:26:01.382+0000] {dag.py:3096} INFO - Sync 1 DAGs
[2024-05-27T03:26:01.392+0000] {logging_mixin.py:188} INFO - [2024-05-27T03:26:01.392+0000] {dag.py:3954} INFO - Setting next_dagrun for example_branch_labels to 2024-05-26 00:00:00+00:00, run_after=2024-05-27 00:00:00+00:00
[2024-05-27T03:26:01.401+0000] {processor.py:183} INFO - Processing /home/airflow/.local/lib/python3.12/site-packages/airflow/example_dags/example_branch_labels.py took 0.037 seconds
[2024-05-27T04:11:55.424+0000] {processor.py:161} INFO - Started process (PID=52) to work on /home/airflow/.local/lib/python3.12/site-packages/airflow/example_dags/example_branch_labels.py
[2024-05-27T04:11:55.443+0000] {processor.py:830} INFO - Processing file /home/airflow/.local/lib/python3.12/site-packages/airflow/example_dags/example_branch_labels.py for tasks to queue
[2024-05-27T04:11:55.457+0000] {logging_mixin.py:188} INFO - [2024-05-27T04:11:55.456+0000] {dagbag.py:545} INFO - Filling up the DagBag from /home/airflow/.local/lib/python3.12/site-packages/airflow/example_dags/example_branch_labels.py
[2024-05-27T04:11:55.479+0000] {processor.py:840} INFO - DAG(s) 'example_branch_labels' retrieved from /home/airflow/.local/lib/python3.12/site-packages/airflow/example_dags/example_branch_labels.py
[2024-05-27T04:11:55.505+0000] {logging_mixin.py:188} INFO - [2024-05-27T04:11:55.505+0000] {dag.py:3096} INFO - Sync 1 DAGs
[2024-05-27T04:11:55.549+0000] {logging_mixin.py:188} INFO - [2024-05-27T04:11:55.549+0000] {dag.py:3954} INFO - Setting next_dagrun for example_branch_labels to 2024-05-26 00:00:00+00:00, run_after=2024-05-27 00:00:00+00:00
[2024-05-27T04:11:55.577+0000] {processor.py:183} INFO - Processing /home/airflow/.local/lib/python3.12/site-packages/airflow/example_dags/example_branch_labels.py took 0.161 seconds
