[2024-05-27T02:56:57.783+0000] {processor.py:161} INFO - Started process (PID=75) to work on /home/airflow/.local/lib/python3.12/site-packages/airflow/example_dags/example_sensors.py
[2024-05-27T02:56:57.784+0000] {processor.py:830} INFO - Processing file /home/airflow/.local/lib/python3.12/site-packages/airflow/example_dags/example_sensors.py for tasks to queue
[2024-05-27T02:56:57.786+0000] {logging_mixin.py:188} INFO - [2024-05-27T02:56:57.786+0000] {dagbag.py:545} INFO - Filling up the DagBag from /home/airflow/.local/lib/python3.12/site-packages/airflow/example_dags/example_sensors.py
[2024-05-27T02:56:57.794+0000] {processor.py:840} INFO - DAG(s) 'example_sensors' retrieved from /home/airflow/.local/lib/python3.12/site-packages/airflow/example_dags/example_sensors.py
[2024-05-27T02:56:57.805+0000] {logging_mixin.py:188} INFO - [2024-05-27T02:56:57.805+0000] {dag.py:3096} INFO - Sync 1 DAGs
[2024-05-27T02:56:57.814+0000] {logging_mixin.py:188} INFO - [2024-05-27T02:56:57.814+0000] {dag.py:3954} INFO - Setting next_dagrun for example_sensors to None, run_after=None
[2024-05-27T02:56:57.831+0000] {processor.py:183} INFO - Processing /home/airflow/.local/lib/python3.12/site-packages/airflow/example_dags/example_sensors.py took 0.051 seconds
[2024-05-27T02:57:27.954+0000] {processor.py:161} INFO - Started process (PID=134) to work on /home/airflow/.local/lib/python3.12/site-packages/airflow/example_dags/example_sensors.py
[2024-05-27T02:57:27.955+0000] {processor.py:830} INFO - Processing file /home/airflow/.local/lib/python3.12/site-packages/airflow/example_dags/example_sensors.py for tasks to queue
[2024-05-27T02:57:27.956+0000] {logging_mixin.py:188} INFO - [2024-05-27T02:57:27.955+0000] {dagbag.py:545} INFO - Filling up the DagBag from /home/airflow/.local/lib/python3.12/site-packages/airflow/example_dags/example_sensors.py
[2024-05-27T02:57:27.960+0000] {processor.py:840} INFO - DAG(s) 'example_sensors' retrieved from /home/airflow/.local/lib/python3.12/site-packages/airflow/example_dags/example_sensors.py
[2024-05-27T02:57:28.004+0000] {logging_mixin.py:188} INFO - [2024-05-27T02:57:28.004+0000] {dag.py:3096} INFO - Sync 1 DAGs
[2024-05-27T02:57:28.010+0000] {logging_mixin.py:188} INFO - [2024-05-27T02:57:28.010+0000] {dag.py:3954} INFO - Setting next_dagrun for example_sensors to None, run_after=None
[2024-05-27T02:57:28.018+0000] {processor.py:183} INFO - Processing /home/airflow/.local/lib/python3.12/site-packages/airflow/example_dags/example_sensors.py took 0.067 seconds
[2024-05-27T02:57:58.597+0000] {processor.py:161} INFO - Started process (PID=193) to work on /home/airflow/.local/lib/python3.12/site-packages/airflow/example_dags/example_sensors.py
[2024-05-27T02:57:58.598+0000] {processor.py:830} INFO - Processing file /home/airflow/.local/lib/python3.12/site-packages/airflow/example_dags/example_sensors.py for tasks to queue
[2024-05-27T02:57:58.599+0000] {logging_mixin.py:188} INFO - [2024-05-27T02:57:58.599+0000] {dagbag.py:545} INFO - Filling up the DagBag from /home/airflow/.local/lib/python3.12/site-packages/airflow/example_dags/example_sensors.py
[2024-05-27T02:57:58.604+0000] {processor.py:840} INFO - DAG(s) 'example_sensors' retrieved from /home/airflow/.local/lib/python3.12/site-packages/airflow/example_dags/example_sensors.py
[2024-05-27T02:57:58.616+0000] {logging_mixin.py:188} INFO - [2024-05-27T02:57:58.616+0000] {dag.py:3096} INFO - Sync 1 DAGs
[2024-05-27T02:57:58.622+0000] {logging_mixin.py:188} INFO - [2024-05-27T02:57:58.622+0000] {dag.py:3954} INFO - Setting next_dagrun for example_sensors to None, run_after=None
[2024-05-27T02:57:58.631+0000] {processor.py:183} INFO - Processing /home/airflow/.local/lib/python3.12/site-packages/airflow/example_dags/example_sensors.py took 0.037 seconds
[2024-05-27T02:58:29.204+0000] {processor.py:161} INFO - Started process (PID=252) to work on /home/airflow/.local/lib/python3.12/site-packages/airflow/example_dags/example_sensors.py
[2024-05-27T02:58:29.205+0000] {processor.py:830} INFO - Processing file /home/airflow/.local/lib/python3.12/site-packages/airflow/example_dags/example_sensors.py for tasks to queue
[2024-05-27T02:58:29.205+0000] {logging_mixin.py:188} INFO - [2024-05-27T02:58:29.205+0000] {dagbag.py:545} INFO - Filling up the DagBag from /home/airflow/.local/lib/python3.12/site-packages/airflow/example_dags/example_sensors.py
[2024-05-27T02:58:29.209+0000] {processor.py:840} INFO - DAG(s) 'example_sensors' retrieved from /home/airflow/.local/lib/python3.12/site-packages/airflow/example_dags/example_sensors.py
[2024-05-27T02:58:29.221+0000] {logging_mixin.py:188} INFO - [2024-05-27T02:58:29.221+0000] {dag.py:3096} INFO - Sync 1 DAGs
[2024-05-27T02:58:29.226+0000] {logging_mixin.py:188} INFO - [2024-05-27T02:58:29.226+0000] {dag.py:3954} INFO - Setting next_dagrun for example_sensors to None, run_after=None
[2024-05-27T02:58:29.234+0000] {processor.py:183} INFO - Processing /home/airflow/.local/lib/python3.12/site-packages/airflow/example_dags/example_sensors.py took 0.032 seconds
[2024-05-27T02:58:59.801+0000] {processor.py:161} INFO - Started process (PID=311) to work on /home/airflow/.local/lib/python3.12/site-packages/airflow/example_dags/example_sensors.py
[2024-05-27T02:58:59.802+0000] {processor.py:830} INFO - Processing file /home/airflow/.local/lib/python3.12/site-packages/airflow/example_dags/example_sensors.py for tasks to queue
[2024-05-27T02:58:59.803+0000] {logging_mixin.py:188} INFO - [2024-05-27T02:58:59.802+0000] {dagbag.py:545} INFO - Filling up the DagBag from /home/airflow/.local/lib/python3.12/site-packages/airflow/example_dags/example_sensors.py
[2024-05-27T02:58:59.807+0000] {processor.py:840} INFO - DAG(s) 'example_sensors' retrieved from /home/airflow/.local/lib/python3.12/site-packages/airflow/example_dags/example_sensors.py
[2024-05-27T02:58:59.818+0000] {logging_mixin.py:188} INFO - [2024-05-27T02:58:59.818+0000] {dag.py:3096} INFO - Sync 1 DAGs
[2024-05-27T02:58:59.823+0000] {logging_mixin.py:188} INFO - [2024-05-27T02:58:59.823+0000] {dag.py:3954} INFO - Setting next_dagrun for example_sensors to None, run_after=None
[2024-05-27T02:58:59.831+0000] {processor.py:183} INFO - Processing /home/airflow/.local/lib/python3.12/site-packages/airflow/example_dags/example_sensors.py took 0.033 seconds
[2024-05-27T02:59:30.317+0000] {processor.py:161} INFO - Started process (PID=370) to work on /home/airflow/.local/lib/python3.12/site-packages/airflow/example_dags/example_sensors.py
[2024-05-27T02:59:30.318+0000] {processor.py:830} INFO - Processing file /home/airflow/.local/lib/python3.12/site-packages/airflow/example_dags/example_sensors.py for tasks to queue
[2024-05-27T02:59:30.319+0000] {logging_mixin.py:188} INFO - [2024-05-27T02:59:30.319+0000] {dagbag.py:545} INFO - Filling up the DagBag from /home/airflow/.local/lib/python3.12/site-packages/airflow/example_dags/example_sensors.py
[2024-05-27T02:59:30.324+0000] {processor.py:840} INFO - DAG(s) 'example_sensors' retrieved from /home/airflow/.local/lib/python3.12/site-packages/airflow/example_dags/example_sensors.py
[2024-05-27T02:59:30.337+0000] {logging_mixin.py:188} INFO - [2024-05-27T02:59:30.337+0000] {dag.py:3096} INFO - Sync 1 DAGs
[2024-05-27T02:59:30.343+0000] {logging_mixin.py:188} INFO - [2024-05-27T02:59:30.343+0000] {dag.py:3954} INFO - Setting next_dagrun for example_sensors to None, run_after=None
[2024-05-27T02:59:30.354+0000] {processor.py:183} INFO - Processing /home/airflow/.local/lib/python3.12/site-packages/airflow/example_dags/example_sensors.py took 0.040 seconds
[2024-05-27T03:00:00.826+0000] {processor.py:161} INFO - Started process (PID=429) to work on /home/airflow/.local/lib/python3.12/site-packages/airflow/example_dags/example_sensors.py
[2024-05-27T03:00:00.827+0000] {processor.py:830} INFO - Processing file /home/airflow/.local/lib/python3.12/site-packages/airflow/example_dags/example_sensors.py for tasks to queue
[2024-05-27T03:00:00.828+0000] {logging_mixin.py:188} INFO - [2024-05-27T03:00:00.828+0000] {dagbag.py:545} INFO - Filling up the DagBag from /home/airflow/.local/lib/python3.12/site-packages/airflow/example_dags/example_sensors.py
[2024-05-27T03:00:00.832+0000] {processor.py:840} INFO - DAG(s) 'example_sensors' retrieved from /home/airflow/.local/lib/python3.12/site-packages/airflow/example_dags/example_sensors.py
[2024-05-27T03:00:00.843+0000] {logging_mixin.py:188} INFO - [2024-05-27T03:00:00.843+0000] {dag.py:3096} INFO - Sync 1 DAGs
[2024-05-27T03:00:00.849+0000] {logging_mixin.py:188} INFO - [2024-05-27T03:00:00.849+0000] {dag.py:3954} INFO - Setting next_dagrun for example_sensors to None, run_after=None
[2024-05-27T03:00:00.857+0000] {processor.py:183} INFO - Processing /home/airflow/.local/lib/python3.12/site-packages/airflow/example_dags/example_sensors.py took 0.034 seconds
[2024-05-27T03:00:31.436+0000] {processor.py:161} INFO - Started process (PID=488) to work on /home/airflow/.local/lib/python3.12/site-packages/airflow/example_dags/example_sensors.py
[2024-05-27T03:00:31.437+0000] {processor.py:830} INFO - Processing file /home/airflow/.local/lib/python3.12/site-packages/airflow/example_dags/example_sensors.py for tasks to queue
[2024-05-27T03:00:31.438+0000] {logging_mixin.py:188} INFO - [2024-05-27T03:00:31.438+0000] {dagbag.py:545} INFO - Filling up the DagBag from /home/airflow/.local/lib/python3.12/site-packages/airflow/example_dags/example_sensors.py
[2024-05-27T03:00:31.443+0000] {processor.py:840} INFO - DAG(s) 'example_sensors' retrieved from /home/airflow/.local/lib/python3.12/site-packages/airflow/example_dags/example_sensors.py
[2024-05-27T03:00:31.455+0000] {logging_mixin.py:188} INFO - [2024-05-27T03:00:31.455+0000] {dag.py:3096} INFO - Sync 1 DAGs
[2024-05-27T03:00:31.461+0000] {logging_mixin.py:188} INFO - [2024-05-27T03:00:31.460+0000] {dag.py:3954} INFO - Setting next_dagrun for example_sensors to None, run_after=None
[2024-05-27T03:00:31.468+0000] {processor.py:183} INFO - Processing /home/airflow/.local/lib/python3.12/site-packages/airflow/example_dags/example_sensors.py took 0.035 seconds
[2024-05-27T03:01:01.999+0000] {processor.py:161} INFO - Started process (PID=546) to work on /home/airflow/.local/lib/python3.12/site-packages/airflow/example_dags/example_sensors.py
[2024-05-27T03:01:02.000+0000] {processor.py:830} INFO - Processing file /home/airflow/.local/lib/python3.12/site-packages/airflow/example_dags/example_sensors.py for tasks to queue
[2024-05-27T03:01:02.000+0000] {logging_mixin.py:188} INFO - [2024-05-27T03:01:02.000+0000] {dagbag.py:545} INFO - Filling up the DagBag from /home/airflow/.local/lib/python3.12/site-packages/airflow/example_dags/example_sensors.py
[2024-05-27T03:01:02.004+0000] {processor.py:840} INFO - DAG(s) 'example_sensors' retrieved from /home/airflow/.local/lib/python3.12/site-packages/airflow/example_dags/example_sensors.py
[2024-05-27T03:01:02.016+0000] {logging_mixin.py:188} INFO - [2024-05-27T03:01:02.016+0000] {dag.py:3096} INFO - Sync 1 DAGs
[2024-05-27T03:01:02.021+0000] {logging_mixin.py:188} INFO - [2024-05-27T03:01:02.021+0000] {dag.py:3954} INFO - Setting next_dagrun for example_sensors to None, run_after=None
[2024-05-27T03:01:02.029+0000] {processor.py:183} INFO - Processing /home/airflow/.local/lib/python3.12/site-packages/airflow/example_dags/example_sensors.py took 0.033 seconds
[2024-05-27T03:01:32.624+0000] {processor.py:161} INFO - Started process (PID=605) to work on /home/airflow/.local/lib/python3.12/site-packages/airflow/example_dags/example_sensors.py
[2024-05-27T03:01:32.625+0000] {processor.py:830} INFO - Processing file /home/airflow/.local/lib/python3.12/site-packages/airflow/example_dags/example_sensors.py for tasks to queue
[2024-05-27T03:01:32.626+0000] {logging_mixin.py:188} INFO - [2024-05-27T03:01:32.625+0000] {dagbag.py:545} INFO - Filling up the DagBag from /home/airflow/.local/lib/python3.12/site-packages/airflow/example_dags/example_sensors.py
[2024-05-27T03:01:32.630+0000] {processor.py:840} INFO - DAG(s) 'example_sensors' retrieved from /home/airflow/.local/lib/python3.12/site-packages/airflow/example_dags/example_sensors.py
[2024-05-27T03:01:32.641+0000] {logging_mixin.py:188} INFO - [2024-05-27T03:01:32.640+0000] {dag.py:3096} INFO - Sync 1 DAGs
[2024-05-27T03:01:32.646+0000] {logging_mixin.py:188} INFO - [2024-05-27T03:01:32.646+0000] {dag.py:3954} INFO - Setting next_dagrun for example_sensors to None, run_after=None
[2024-05-27T03:01:32.653+0000] {processor.py:183} INFO - Processing /home/airflow/.local/lib/python3.12/site-packages/airflow/example_dags/example_sensors.py took 0.032 seconds
[2024-05-27T03:02:03.213+0000] {processor.py:161} INFO - Started process (PID=664) to work on /home/airflow/.local/lib/python3.12/site-packages/airflow/example_dags/example_sensors.py
[2024-05-27T03:02:03.213+0000] {processor.py:830} INFO - Processing file /home/airflow/.local/lib/python3.12/site-packages/airflow/example_dags/example_sensors.py for tasks to queue
[2024-05-27T03:02:03.214+0000] {logging_mixin.py:188} INFO - [2024-05-27T03:02:03.214+0000] {dagbag.py:545} INFO - Filling up the DagBag from /home/airflow/.local/lib/python3.12/site-packages/airflow/example_dags/example_sensors.py
[2024-05-27T03:02:03.218+0000] {processor.py:840} INFO - DAG(s) 'example_sensors' retrieved from /home/airflow/.local/lib/python3.12/site-packages/airflow/example_dags/example_sensors.py
[2024-05-27T03:02:03.229+0000] {logging_mixin.py:188} INFO - [2024-05-27T03:02:03.229+0000] {dag.py:3096} INFO - Sync 1 DAGs
[2024-05-27T03:02:03.237+0000] {logging_mixin.py:188} INFO - [2024-05-27T03:02:03.237+0000] {dag.py:3954} INFO - Setting next_dagrun for example_sensors to None, run_after=None
[2024-05-27T03:02:03.244+0000] {processor.py:183} INFO - Processing /home/airflow/.local/lib/python3.12/site-packages/airflow/example_dags/example_sensors.py took 0.034 seconds
[2024-05-27T03:02:33.783+0000] {processor.py:161} INFO - Started process (PID=723) to work on /home/airflow/.local/lib/python3.12/site-packages/airflow/example_dags/example_sensors.py
[2024-05-27T03:02:33.783+0000] {processor.py:830} INFO - Processing file /home/airflow/.local/lib/python3.12/site-packages/airflow/example_dags/example_sensors.py for tasks to queue
[2024-05-27T03:02:33.784+0000] {logging_mixin.py:188} INFO - [2024-05-27T03:02:33.784+0000] {dagbag.py:545} INFO - Filling up the DagBag from /home/airflow/.local/lib/python3.12/site-packages/airflow/example_dags/example_sensors.py
[2024-05-27T03:02:33.788+0000] {processor.py:840} INFO - DAG(s) 'example_sensors' retrieved from /home/airflow/.local/lib/python3.12/site-packages/airflow/example_dags/example_sensors.py
[2024-05-27T03:02:33.800+0000] {logging_mixin.py:188} INFO - [2024-05-27T03:02:33.800+0000] {dag.py:3096} INFO - Sync 1 DAGs
[2024-05-27T03:02:33.806+0000] {logging_mixin.py:188} INFO - [2024-05-27T03:02:33.805+0000] {dag.py:3954} INFO - Setting next_dagrun for example_sensors to None, run_after=None
[2024-05-27T03:02:33.815+0000] {processor.py:183} INFO - Processing /home/airflow/.local/lib/python3.12/site-packages/airflow/example_dags/example_sensors.py took 0.035 seconds
[2024-05-27T03:03:04.354+0000] {processor.py:161} INFO - Started process (PID=782) to work on /home/airflow/.local/lib/python3.12/site-packages/airflow/example_dags/example_sensors.py
[2024-05-27T03:03:04.354+0000] {processor.py:830} INFO - Processing file /home/airflow/.local/lib/python3.12/site-packages/airflow/example_dags/example_sensors.py for tasks to queue
[2024-05-27T03:03:04.355+0000] {logging_mixin.py:188} INFO - [2024-05-27T03:03:04.355+0000] {dagbag.py:545} INFO - Filling up the DagBag from /home/airflow/.local/lib/python3.12/site-packages/airflow/example_dags/example_sensors.py
[2024-05-27T03:03:04.359+0000] {processor.py:840} INFO - DAG(s) 'example_sensors' retrieved from /home/airflow/.local/lib/python3.12/site-packages/airflow/example_dags/example_sensors.py
[2024-05-27T03:03:04.370+0000] {logging_mixin.py:188} INFO - [2024-05-27T03:03:04.370+0000] {dag.py:3096} INFO - Sync 1 DAGs
[2024-05-27T03:03:04.375+0000] {logging_mixin.py:188} INFO - [2024-05-27T03:03:04.375+0000] {dag.py:3954} INFO - Setting next_dagrun for example_sensors to None, run_after=None
[2024-05-27T03:03:04.383+0000] {processor.py:183} INFO - Processing /home/airflow/.local/lib/python3.12/site-packages/airflow/example_dags/example_sensors.py took 0.032 seconds
[2024-05-27T03:03:34.958+0000] {processor.py:161} INFO - Started process (PID=841) to work on /home/airflow/.local/lib/python3.12/site-packages/airflow/example_dags/example_sensors.py
[2024-05-27T03:03:34.958+0000] {processor.py:830} INFO - Processing file /home/airflow/.local/lib/python3.12/site-packages/airflow/example_dags/example_sensors.py for tasks to queue
[2024-05-27T03:03:34.959+0000] {logging_mixin.py:188} INFO - [2024-05-27T03:03:34.959+0000] {dagbag.py:545} INFO - Filling up the DagBag from /home/airflow/.local/lib/python3.12/site-packages/airflow/example_dags/example_sensors.py
[2024-05-27T03:03:34.964+0000] {processor.py:840} INFO - DAG(s) 'example_sensors' retrieved from /home/airflow/.local/lib/python3.12/site-packages/airflow/example_dags/example_sensors.py
[2024-05-27T03:03:34.975+0000] {logging_mixin.py:188} INFO - [2024-05-27T03:03:34.975+0000] {dag.py:3096} INFO - Sync 1 DAGs
[2024-05-27T03:03:34.981+0000] {logging_mixin.py:188} INFO - [2024-05-27T03:03:34.981+0000] {dag.py:3954} INFO - Setting next_dagrun for example_sensors to None, run_after=None
[2024-05-27T03:03:34.989+0000] {processor.py:183} INFO - Processing /home/airflow/.local/lib/python3.12/site-packages/airflow/example_dags/example_sensors.py took 0.034 seconds
[2024-05-27T03:04:05.807+0000] {processor.py:161} INFO - Started process (PID=899) to work on /home/airflow/.local/lib/python3.12/site-packages/airflow/example_dags/example_sensors.py
[2024-05-27T03:04:05.808+0000] {processor.py:830} INFO - Processing file /home/airflow/.local/lib/python3.12/site-packages/airflow/example_dags/example_sensors.py for tasks to queue
[2024-05-27T03:04:05.809+0000] {logging_mixin.py:188} INFO - [2024-05-27T03:04:05.809+0000] {dagbag.py:545} INFO - Filling up the DagBag from /home/airflow/.local/lib/python3.12/site-packages/airflow/example_dags/example_sensors.py
[2024-05-27T03:04:05.814+0000] {processor.py:840} INFO - DAG(s) 'example_sensors' retrieved from /home/airflow/.local/lib/python3.12/site-packages/airflow/example_dags/example_sensors.py
[2024-05-27T03:04:05.826+0000] {logging_mixin.py:188} INFO - [2024-05-27T03:04:05.826+0000] {dag.py:3096} INFO - Sync 1 DAGs
[2024-05-27T03:04:05.832+0000] {logging_mixin.py:188} INFO - [2024-05-27T03:04:05.832+0000] {dag.py:3954} INFO - Setting next_dagrun for example_sensors to None, run_after=None
[2024-05-27T03:04:05.840+0000] {processor.py:183} INFO - Processing /home/airflow/.local/lib/python3.12/site-packages/airflow/example_dags/example_sensors.py took 0.036 seconds
[2024-05-27T03:04:36.455+0000] {processor.py:161} INFO - Started process (PID=958) to work on /home/airflow/.local/lib/python3.12/site-packages/airflow/example_dags/example_sensors.py
[2024-05-27T03:04:36.456+0000] {processor.py:830} INFO - Processing file /home/airflow/.local/lib/python3.12/site-packages/airflow/example_dags/example_sensors.py for tasks to queue
[2024-05-27T03:04:36.457+0000] {logging_mixin.py:188} INFO - [2024-05-27T03:04:36.457+0000] {dagbag.py:545} INFO - Filling up the DagBag from /home/airflow/.local/lib/python3.12/site-packages/airflow/example_dags/example_sensors.py
[2024-05-27T03:04:36.462+0000] {processor.py:840} INFO - DAG(s) 'example_sensors' retrieved from /home/airflow/.local/lib/python3.12/site-packages/airflow/example_dags/example_sensors.py
[2024-05-27T03:04:36.475+0000] {logging_mixin.py:188} INFO - [2024-05-27T03:04:36.474+0000] {dag.py:3096} INFO - Sync 1 DAGs
[2024-05-27T03:04:36.480+0000] {logging_mixin.py:188} INFO - [2024-05-27T03:04:36.480+0000] {dag.py:3954} INFO - Setting next_dagrun for example_sensors to None, run_after=None
[2024-05-27T03:04:36.491+0000] {processor.py:183} INFO - Processing /home/airflow/.local/lib/python3.12/site-packages/airflow/example_dags/example_sensors.py took 0.041 seconds
[2024-05-27T03:05:07.106+0000] {processor.py:161} INFO - Started process (PID=1017) to work on /home/airflow/.local/lib/python3.12/site-packages/airflow/example_dags/example_sensors.py
[2024-05-27T03:05:07.107+0000] {processor.py:830} INFO - Processing file /home/airflow/.local/lib/python3.12/site-packages/airflow/example_dags/example_sensors.py for tasks to queue
[2024-05-27T03:05:07.108+0000] {logging_mixin.py:188} INFO - [2024-05-27T03:05:07.108+0000] {dagbag.py:545} INFO - Filling up the DagBag from /home/airflow/.local/lib/python3.12/site-packages/airflow/example_dags/example_sensors.py
[2024-05-27T03:05:07.112+0000] {processor.py:840} INFO - DAG(s) 'example_sensors' retrieved from /home/airflow/.local/lib/python3.12/site-packages/airflow/example_dags/example_sensors.py
[2024-05-27T03:05:07.125+0000] {logging_mixin.py:188} INFO - [2024-05-27T03:05:07.125+0000] {dag.py:3096} INFO - Sync 1 DAGs
[2024-05-27T03:05:07.130+0000] {logging_mixin.py:188} INFO - [2024-05-27T03:05:07.130+0000] {dag.py:3954} INFO - Setting next_dagrun for example_sensors to None, run_after=None
[2024-05-27T03:05:07.140+0000] {processor.py:183} INFO - Processing /home/airflow/.local/lib/python3.12/site-packages/airflow/example_dags/example_sensors.py took 0.037 seconds
[2024-05-27T03:05:37.655+0000] {processor.py:161} INFO - Started process (PID=1076) to work on /home/airflow/.local/lib/python3.12/site-packages/airflow/example_dags/example_sensors.py
[2024-05-27T03:05:37.656+0000] {processor.py:830} INFO - Processing file /home/airflow/.local/lib/python3.12/site-packages/airflow/example_dags/example_sensors.py for tasks to queue
[2024-05-27T03:05:37.657+0000] {logging_mixin.py:188} INFO - [2024-05-27T03:05:37.656+0000] {dagbag.py:545} INFO - Filling up the DagBag from /home/airflow/.local/lib/python3.12/site-packages/airflow/example_dags/example_sensors.py
[2024-05-27T03:05:37.661+0000] {processor.py:840} INFO - DAG(s) 'example_sensors' retrieved from /home/airflow/.local/lib/python3.12/site-packages/airflow/example_dags/example_sensors.py
[2024-05-27T03:05:37.672+0000] {logging_mixin.py:188} INFO - [2024-05-27T03:05:37.672+0000] {dag.py:3096} INFO - Sync 1 DAGs
[2024-05-27T03:05:37.678+0000] {logging_mixin.py:188} INFO - [2024-05-27T03:05:37.677+0000] {dag.py:3954} INFO - Setting next_dagrun for example_sensors to None, run_after=None
[2024-05-27T03:05:37.685+0000] {processor.py:183} INFO - Processing /home/airflow/.local/lib/python3.12/site-packages/airflow/example_dags/example_sensors.py took 0.032 seconds
[2024-05-27T03:06:08.348+0000] {processor.py:161} INFO - Started process (PID=1135) to work on /home/airflow/.local/lib/python3.12/site-packages/airflow/example_dags/example_sensors.py
[2024-05-27T03:06:08.349+0000] {processor.py:830} INFO - Processing file /home/airflow/.local/lib/python3.12/site-packages/airflow/example_dags/example_sensors.py for tasks to queue
[2024-05-27T03:06:08.350+0000] {logging_mixin.py:188} INFO - [2024-05-27T03:06:08.350+0000] {dagbag.py:545} INFO - Filling up the DagBag from /home/airflow/.local/lib/python3.12/site-packages/airflow/example_dags/example_sensors.py
[2024-05-27T03:06:08.354+0000] {processor.py:840} INFO - DAG(s) 'example_sensors' retrieved from /home/airflow/.local/lib/python3.12/site-packages/airflow/example_dags/example_sensors.py
[2024-05-27T03:06:08.366+0000] {logging_mixin.py:188} INFO - [2024-05-27T03:06:08.366+0000] {dag.py:3096} INFO - Sync 1 DAGs
[2024-05-27T03:06:08.371+0000] {logging_mixin.py:188} INFO - [2024-05-27T03:06:08.371+0000] {dag.py:3954} INFO - Setting next_dagrun for example_sensors to None, run_after=None
[2024-05-27T03:06:08.379+0000] {processor.py:183} INFO - Processing /home/airflow/.local/lib/python3.12/site-packages/airflow/example_dags/example_sensors.py took 0.034 seconds
[2024-05-27T03:06:38.976+0000] {processor.py:161} INFO - Started process (PID=1194) to work on /home/airflow/.local/lib/python3.12/site-packages/airflow/example_dags/example_sensors.py
[2024-05-27T03:06:38.977+0000] {processor.py:830} INFO - Processing file /home/airflow/.local/lib/python3.12/site-packages/airflow/example_dags/example_sensors.py for tasks to queue
[2024-05-27T03:06:38.978+0000] {logging_mixin.py:188} INFO - [2024-05-27T03:06:38.977+0000] {dagbag.py:545} INFO - Filling up the DagBag from /home/airflow/.local/lib/python3.12/site-packages/airflow/example_dags/example_sensors.py
[2024-05-27T03:06:38.982+0000] {processor.py:840} INFO - DAG(s) 'example_sensors' retrieved from /home/airflow/.local/lib/python3.12/site-packages/airflow/example_dags/example_sensors.py
[2024-05-27T03:06:38.993+0000] {logging_mixin.py:188} INFO - [2024-05-27T03:06:38.993+0000] {dag.py:3096} INFO - Sync 1 DAGs
[2024-05-27T03:06:38.998+0000] {logging_mixin.py:188} INFO - [2024-05-27T03:06:38.998+0000] {dag.py:3954} INFO - Setting next_dagrun for example_sensors to None, run_after=None
[2024-05-27T03:06:39.006+0000] {processor.py:183} INFO - Processing /home/airflow/.local/lib/python3.12/site-packages/airflow/example_dags/example_sensors.py took 0.033 seconds
[2024-05-27T03:07:09.566+0000] {processor.py:161} INFO - Started process (PID=1253) to work on /home/airflow/.local/lib/python3.12/site-packages/airflow/example_dags/example_sensors.py
[2024-05-27T03:07:09.567+0000] {processor.py:830} INFO - Processing file /home/airflow/.local/lib/python3.12/site-packages/airflow/example_dags/example_sensors.py for tasks to queue
[2024-05-27T03:07:09.568+0000] {logging_mixin.py:188} INFO - [2024-05-27T03:07:09.568+0000] {dagbag.py:545} INFO - Filling up the DagBag from /home/airflow/.local/lib/python3.12/site-packages/airflow/example_dags/example_sensors.py
[2024-05-27T03:07:09.572+0000] {processor.py:840} INFO - DAG(s) 'example_sensors' retrieved from /home/airflow/.local/lib/python3.12/site-packages/airflow/example_dags/example_sensors.py
[2024-05-27T03:07:09.584+0000] {logging_mixin.py:188} INFO - [2024-05-27T03:07:09.583+0000] {dag.py:3096} INFO - Sync 1 DAGs
[2024-05-27T03:07:09.589+0000] {logging_mixin.py:188} INFO - [2024-05-27T03:07:09.589+0000] {dag.py:3954} INFO - Setting next_dagrun for example_sensors to None, run_after=None
[2024-05-27T03:07:09.597+0000] {processor.py:183} INFO - Processing /home/airflow/.local/lib/python3.12/site-packages/airflow/example_dags/example_sensors.py took 0.034 seconds
[2024-05-27T03:07:40.261+0000] {processor.py:161} INFO - Started process (PID=1312) to work on /home/airflow/.local/lib/python3.12/site-packages/airflow/example_dags/example_sensors.py
[2024-05-27T03:07:40.261+0000] {processor.py:830} INFO - Processing file /home/airflow/.local/lib/python3.12/site-packages/airflow/example_dags/example_sensors.py for tasks to queue
[2024-05-27T03:07:40.262+0000] {logging_mixin.py:188} INFO - [2024-05-27T03:07:40.262+0000] {dagbag.py:545} INFO - Filling up the DagBag from /home/airflow/.local/lib/python3.12/site-packages/airflow/example_dags/example_sensors.py
[2024-05-27T03:07:40.267+0000] {processor.py:840} INFO - DAG(s) 'example_sensors' retrieved from /home/airflow/.local/lib/python3.12/site-packages/airflow/example_dags/example_sensors.py
[2024-05-27T03:07:40.286+0000] {logging_mixin.py:188} INFO - [2024-05-27T03:07:40.285+0000] {dag.py:3096} INFO - Sync 1 DAGs
[2024-05-27T03:07:40.291+0000] {logging_mixin.py:188} INFO - [2024-05-27T03:07:40.291+0000] {dag.py:3954} INFO - Setting next_dagrun for example_sensors to None, run_after=None
[2024-05-27T03:07:40.301+0000] {processor.py:183} INFO - Processing /home/airflow/.local/lib/python3.12/site-packages/airflow/example_dags/example_sensors.py took 0.044 seconds
[2024-05-27T03:08:38.028+0000] {processor.py:161} INFO - Started process (PID=75) to work on /home/airflow/.local/lib/python3.12/site-packages/airflow/example_dags/example_sensors.py
[2024-05-27T03:08:38.028+0000] {processor.py:830} INFO - Processing file /home/airflow/.local/lib/python3.12/site-packages/airflow/example_dags/example_sensors.py for tasks to queue
[2024-05-27T03:08:38.029+0000] {logging_mixin.py:188} INFO - [2024-05-27T03:08:38.029+0000] {dagbag.py:545} INFO - Filling up the DagBag from /home/airflow/.local/lib/python3.12/site-packages/airflow/example_dags/example_sensors.py
[2024-05-27T03:08:38.034+0000] {processor.py:840} INFO - DAG(s) 'example_sensors' retrieved from /home/airflow/.local/lib/python3.12/site-packages/airflow/example_dags/example_sensors.py
[2024-05-27T03:08:38.042+0000] {logging_mixin.py:188} INFO - [2024-05-27T03:08:38.042+0000] {dag.py:3096} INFO - Sync 1 DAGs
[2024-05-27T03:08:38.049+0000] {logging_mixin.py:188} INFO - [2024-05-27T03:08:38.048+0000] {dag.py:3954} INFO - Setting next_dagrun for example_sensors to None, run_after=None
[2024-05-27T03:08:38.058+0000] {processor.py:183} INFO - Processing /home/airflow/.local/lib/python3.12/site-packages/airflow/example_dags/example_sensors.py took 0.033 seconds
[2024-05-27T03:09:08.476+0000] {processor.py:161} INFO - Started process (PID=134) to work on /home/airflow/.local/lib/python3.12/site-packages/airflow/example_dags/example_sensors.py
[2024-05-27T03:09:08.477+0000] {processor.py:830} INFO - Processing file /home/airflow/.local/lib/python3.12/site-packages/airflow/example_dags/example_sensors.py for tasks to queue
[2024-05-27T03:09:08.478+0000] {logging_mixin.py:188} INFO - [2024-05-27T03:09:08.477+0000] {dagbag.py:545} INFO - Filling up the DagBag from /home/airflow/.local/lib/python3.12/site-packages/airflow/example_dags/example_sensors.py
[2024-05-27T03:09:08.482+0000] {processor.py:840} INFO - DAG(s) 'example_sensors' retrieved from /home/airflow/.local/lib/python3.12/site-packages/airflow/example_dags/example_sensors.py
[2024-05-27T03:09:08.528+0000] {logging_mixin.py:188} INFO - [2024-05-27T03:09:08.528+0000] {dag.py:3096} INFO - Sync 1 DAGs
[2024-05-27T03:09:08.533+0000] {logging_mixin.py:188} INFO - [2024-05-27T03:09:08.533+0000] {dag.py:3954} INFO - Setting next_dagrun for example_sensors to None, run_after=None
[2024-05-27T03:09:08.540+0000] {processor.py:183} INFO - Processing /home/airflow/.local/lib/python3.12/site-packages/airflow/example_dags/example_sensors.py took 0.067 seconds
[2024-05-27T03:09:39.076+0000] {processor.py:161} INFO - Started process (PID=193) to work on /home/airflow/.local/lib/python3.12/site-packages/airflow/example_dags/example_sensors.py
[2024-05-27T03:09:39.077+0000] {processor.py:830} INFO - Processing file /home/airflow/.local/lib/python3.12/site-packages/airflow/example_dags/example_sensors.py for tasks to queue
[2024-05-27T03:09:39.079+0000] {logging_mixin.py:188} INFO - [2024-05-27T03:09:39.079+0000] {dagbag.py:545} INFO - Filling up the DagBag from /home/airflow/.local/lib/python3.12/site-packages/airflow/example_dags/example_sensors.py
[2024-05-27T03:09:39.083+0000] {processor.py:840} INFO - DAG(s) 'example_sensors' retrieved from /home/airflow/.local/lib/python3.12/site-packages/airflow/example_dags/example_sensors.py
[2024-05-27T03:09:39.094+0000] {logging_mixin.py:188} INFO - [2024-05-27T03:09:39.094+0000] {dag.py:3096} INFO - Sync 1 DAGs
[2024-05-27T03:09:39.100+0000] {logging_mixin.py:188} INFO - [2024-05-27T03:09:39.100+0000] {dag.py:3954} INFO - Setting next_dagrun for example_sensors to None, run_after=None
[2024-05-27T03:09:39.108+0000] {processor.py:183} INFO - Processing /home/airflow/.local/lib/python3.12/site-packages/airflow/example_dags/example_sensors.py took 0.034 seconds
[2024-05-27T03:10:09.782+0000] {processor.py:161} INFO - Started process (PID=252) to work on /home/airflow/.local/lib/python3.12/site-packages/airflow/example_dags/example_sensors.py
[2024-05-27T03:10:09.783+0000] {processor.py:830} INFO - Processing file /home/airflow/.local/lib/python3.12/site-packages/airflow/example_dags/example_sensors.py for tasks to queue
[2024-05-27T03:10:09.784+0000] {logging_mixin.py:188} INFO - [2024-05-27T03:10:09.784+0000] {dagbag.py:545} INFO - Filling up the DagBag from /home/airflow/.local/lib/python3.12/site-packages/airflow/example_dags/example_sensors.py
[2024-05-27T03:10:09.789+0000] {processor.py:840} INFO - DAG(s) 'example_sensors' retrieved from /home/airflow/.local/lib/python3.12/site-packages/airflow/example_dags/example_sensors.py
[2024-05-27T03:10:09.802+0000] {logging_mixin.py:188} INFO - [2024-05-27T03:10:09.802+0000] {dag.py:3096} INFO - Sync 1 DAGs
[2024-05-27T03:10:09.809+0000] {logging_mixin.py:188} INFO - [2024-05-27T03:10:09.809+0000] {dag.py:3954} INFO - Setting next_dagrun for example_sensors to None, run_after=None
[2024-05-27T03:10:09.819+0000] {processor.py:183} INFO - Processing /home/airflow/.local/lib/python3.12/site-packages/airflow/example_dags/example_sensors.py took 0.040 seconds
[2024-05-27T03:20:25.686+0000] {processor.py:161} INFO - Started process (PID=75) to work on /home/airflow/.local/lib/python3.12/site-packages/airflow/example_dags/example_sensors.py
[2024-05-27T03:20:25.688+0000] {processor.py:830} INFO - Processing file /home/airflow/.local/lib/python3.12/site-packages/airflow/example_dags/example_sensors.py for tasks to queue
[2024-05-27T03:20:25.691+0000] {logging_mixin.py:188} INFO - [2024-05-27T03:20:25.690+0000] {dagbag.py:545} INFO - Filling up the DagBag from /home/airflow/.local/lib/python3.12/site-packages/airflow/example_dags/example_sensors.py
[2024-05-27T03:20:25.699+0000] {processor.py:840} INFO - DAG(s) 'example_sensors' retrieved from /home/airflow/.local/lib/python3.12/site-packages/airflow/example_dags/example_sensors.py
[2024-05-27T03:20:25.727+0000] {logging_mixin.py:188} INFO - [2024-05-27T03:20:25.726+0000] {dag.py:3096} INFO - Sync 1 DAGs
[2024-05-27T03:20:25.740+0000] {logging_mixin.py:188} INFO - [2024-05-27T03:20:25.740+0000] {dag.py:3954} INFO - Setting next_dagrun for example_sensors to None, run_after=None
[2024-05-27T03:20:25.760+0000] {processor.py:183} INFO - Processing /home/airflow/.local/lib/python3.12/site-packages/airflow/example_dags/example_sensors.py took 0.081 seconds
[2024-05-27T03:20:55.985+0000] {processor.py:161} INFO - Started process (PID=133) to work on /home/airflow/.local/lib/python3.12/site-packages/airflow/example_dags/example_sensors.py
[2024-05-27T03:20:55.985+0000] {processor.py:830} INFO - Processing file /home/airflow/.local/lib/python3.12/site-packages/airflow/example_dags/example_sensors.py for tasks to queue
[2024-05-27T03:20:55.986+0000] {logging_mixin.py:188} INFO - [2024-05-27T03:20:55.986+0000] {dagbag.py:545} INFO - Filling up the DagBag from /home/airflow/.local/lib/python3.12/site-packages/airflow/example_dags/example_sensors.py
[2024-05-27T03:20:55.990+0000] {processor.py:840} INFO - DAG(s) 'example_sensors' retrieved from /home/airflow/.local/lib/python3.12/site-packages/airflow/example_dags/example_sensors.py
[2024-05-27T03:20:56.032+0000] {logging_mixin.py:188} INFO - [2024-05-27T03:20:56.032+0000] {dag.py:3096} INFO - Sync 1 DAGs
[2024-05-27T03:20:56.037+0000] {logging_mixin.py:188} INFO - [2024-05-27T03:20:56.036+0000] {dag.py:3954} INFO - Setting next_dagrun for example_sensors to None, run_after=None
[2024-05-27T03:20:56.044+0000] {processor.py:183} INFO - Processing /home/airflow/.local/lib/python3.12/site-packages/airflow/example_dags/example_sensors.py took 0.062 seconds
[2024-05-27T03:21:26.522+0000] {processor.py:161} INFO - Started process (PID=192) to work on /home/airflow/.local/lib/python3.12/site-packages/airflow/example_dags/example_sensors.py
[2024-05-27T03:21:26.523+0000] {processor.py:830} INFO - Processing file /home/airflow/.local/lib/python3.12/site-packages/airflow/example_dags/example_sensors.py for tasks to queue
[2024-05-27T03:21:26.524+0000] {logging_mixin.py:188} INFO - [2024-05-27T03:21:26.524+0000] {dagbag.py:545} INFO - Filling up the DagBag from /home/airflow/.local/lib/python3.12/site-packages/airflow/example_dags/example_sensors.py
[2024-05-27T03:21:26.528+0000] {processor.py:840} INFO - DAG(s) 'example_sensors' retrieved from /home/airflow/.local/lib/python3.12/site-packages/airflow/example_dags/example_sensors.py
[2024-05-27T03:21:26.539+0000] {logging_mixin.py:188} INFO - [2024-05-27T03:21:26.538+0000] {dag.py:3096} INFO - Sync 1 DAGs
[2024-05-27T03:21:26.544+0000] {logging_mixin.py:188} INFO - [2024-05-27T03:21:26.544+0000] {dag.py:3954} INFO - Setting next_dagrun for example_sensors to None, run_after=None
[2024-05-27T03:21:26.551+0000] {processor.py:183} INFO - Processing /home/airflow/.local/lib/python3.12/site-packages/airflow/example_dags/example_sensors.py took 0.031 seconds
[2024-05-27T03:21:57.079+0000] {processor.py:161} INFO - Started process (PID=252) to work on /home/airflow/.local/lib/python3.12/site-packages/airflow/example_dags/example_sensors.py
[2024-05-27T03:21:57.080+0000] {processor.py:830} INFO - Processing file /home/airflow/.local/lib/python3.12/site-packages/airflow/example_dags/example_sensors.py for tasks to queue
[2024-05-27T03:21:57.081+0000] {logging_mixin.py:188} INFO - [2024-05-27T03:21:57.081+0000] {dagbag.py:545} INFO - Filling up the DagBag from /home/airflow/.local/lib/python3.12/site-packages/airflow/example_dags/example_sensors.py
[2024-05-27T03:21:57.085+0000] {processor.py:840} INFO - DAG(s) 'example_sensors' retrieved from /home/airflow/.local/lib/python3.12/site-packages/airflow/example_dags/example_sensors.py
[2024-05-27T03:21:57.096+0000] {logging_mixin.py:188} INFO - [2024-05-27T03:21:57.096+0000] {dag.py:3096} INFO - Sync 1 DAGs
[2024-05-27T03:21:57.102+0000] {logging_mixin.py:188} INFO - [2024-05-27T03:21:57.102+0000] {dag.py:3954} INFO - Setting next_dagrun for example_sensors to None, run_after=None
[2024-05-27T03:21:57.109+0000] {processor.py:183} INFO - Processing /home/airflow/.local/lib/python3.12/site-packages/airflow/example_dags/example_sensors.py took 0.032 seconds
[2024-05-27T03:22:27.787+0000] {processor.py:161} INFO - Started process (PID=311) to work on /home/airflow/.local/lib/python3.12/site-packages/airflow/example_dags/example_sensors.py
[2024-05-27T03:22:27.788+0000] {processor.py:830} INFO - Processing file /home/airflow/.local/lib/python3.12/site-packages/airflow/example_dags/example_sensors.py for tasks to queue
[2024-05-27T03:22:27.789+0000] {logging_mixin.py:188} INFO - [2024-05-27T03:22:27.789+0000] {dagbag.py:545} INFO - Filling up the DagBag from /home/airflow/.local/lib/python3.12/site-packages/airflow/example_dags/example_sensors.py
[2024-05-27T03:22:27.794+0000] {processor.py:840} INFO - DAG(s) 'example_sensors' retrieved from /home/airflow/.local/lib/python3.12/site-packages/airflow/example_dags/example_sensors.py
[2024-05-27T03:22:27.806+0000] {logging_mixin.py:188} INFO - [2024-05-27T03:22:27.805+0000] {dag.py:3096} INFO - Sync 1 DAGs
[2024-05-27T03:22:27.811+0000] {logging_mixin.py:188} INFO - [2024-05-27T03:22:27.811+0000] {dag.py:3954} INFO - Setting next_dagrun for example_sensors to None, run_after=None
[2024-05-27T03:22:27.819+0000] {processor.py:183} INFO - Processing /home/airflow/.local/lib/python3.12/site-packages/airflow/example_dags/example_sensors.py took 0.035 seconds
[2024-05-27T03:22:58.416+0000] {processor.py:161} INFO - Started process (PID=370) to work on /home/airflow/.local/lib/python3.12/site-packages/airflow/example_dags/example_sensors.py
[2024-05-27T03:22:58.416+0000] {processor.py:830} INFO - Processing file /home/airflow/.local/lib/python3.12/site-packages/airflow/example_dags/example_sensors.py for tasks to queue
[2024-05-27T03:22:58.417+0000] {logging_mixin.py:188} INFO - [2024-05-27T03:22:58.417+0000] {dagbag.py:545} INFO - Filling up the DagBag from /home/airflow/.local/lib/python3.12/site-packages/airflow/example_dags/example_sensors.py
[2024-05-27T03:22:58.422+0000] {processor.py:840} INFO - DAG(s) 'example_sensors' retrieved from /home/airflow/.local/lib/python3.12/site-packages/airflow/example_dags/example_sensors.py
[2024-05-27T03:22:58.433+0000] {logging_mixin.py:188} INFO - [2024-05-27T03:22:58.433+0000] {dag.py:3096} INFO - Sync 1 DAGs
[2024-05-27T03:22:58.439+0000] {logging_mixin.py:188} INFO - [2024-05-27T03:22:58.439+0000] {dag.py:3954} INFO - Setting next_dagrun for example_sensors to None, run_after=None
[2024-05-27T03:22:58.447+0000] {processor.py:183} INFO - Processing /home/airflow/.local/lib/python3.12/site-packages/airflow/example_dags/example_sensors.py took 0.034 seconds
[2024-05-27T03:23:29.008+0000] {processor.py:161} INFO - Started process (PID=429) to work on /home/airflow/.local/lib/python3.12/site-packages/airflow/example_dags/example_sensors.py
[2024-05-27T03:23:29.011+0000] {processor.py:830} INFO - Processing file /home/airflow/.local/lib/python3.12/site-packages/airflow/example_dags/example_sensors.py for tasks to queue
[2024-05-27T03:23:29.012+0000] {logging_mixin.py:188} INFO - [2024-05-27T03:23:29.012+0000] {dagbag.py:545} INFO - Filling up the DagBag from /home/airflow/.local/lib/python3.12/site-packages/airflow/example_dags/example_sensors.py
[2024-05-27T03:23:29.016+0000] {processor.py:840} INFO - DAG(s) 'example_sensors' retrieved from /home/airflow/.local/lib/python3.12/site-packages/airflow/example_dags/example_sensors.py
[2024-05-27T03:23:29.028+0000] {logging_mixin.py:188} INFO - [2024-05-27T03:23:29.028+0000] {dag.py:3096} INFO - Sync 1 DAGs
[2024-05-27T03:23:29.036+0000] {logging_mixin.py:188} INFO - [2024-05-27T03:23:29.036+0000] {dag.py:3954} INFO - Setting next_dagrun for example_sensors to None, run_after=None
[2024-05-27T03:23:29.047+0000] {processor.py:183} INFO - Processing /home/airflow/.local/lib/python3.12/site-packages/airflow/example_dags/example_sensors.py took 0.042 seconds
[2024-05-27T03:23:59.554+0000] {processor.py:161} INFO - Started process (PID=488) to work on /home/airflow/.local/lib/python3.12/site-packages/airflow/example_dags/example_sensors.py
[2024-05-27T03:23:59.555+0000] {processor.py:830} INFO - Processing file /home/airflow/.local/lib/python3.12/site-packages/airflow/example_dags/example_sensors.py for tasks to queue
[2024-05-27T03:23:59.556+0000] {logging_mixin.py:188} INFO - [2024-05-27T03:23:59.555+0000] {dagbag.py:545} INFO - Filling up the DagBag from /home/airflow/.local/lib/python3.12/site-packages/airflow/example_dags/example_sensors.py
[2024-05-27T03:23:59.560+0000] {processor.py:840} INFO - DAG(s) 'example_sensors' retrieved from /home/airflow/.local/lib/python3.12/site-packages/airflow/example_dags/example_sensors.py
[2024-05-27T03:23:59.572+0000] {logging_mixin.py:188} INFO - [2024-05-27T03:23:59.572+0000] {dag.py:3096} INFO - Sync 1 DAGs
[2024-05-27T03:23:59.577+0000] {logging_mixin.py:188} INFO - [2024-05-27T03:23:59.577+0000] {dag.py:3954} INFO - Setting next_dagrun for example_sensors to None, run_after=None
[2024-05-27T03:23:59.585+0000] {processor.py:183} INFO - Processing /home/airflow/.local/lib/python3.12/site-packages/airflow/example_dags/example_sensors.py took 0.034 seconds
