[2024-05-27T02:56:55.967+0000] {processor.py:161} INFO - Started process (PID=36) to work on /home/airflow/.local/lib/python3.12/site-packages/airflow/example_dags/example_bash_operator.py
[2024-05-27T02:56:55.968+0000] {processor.py:830} INFO - Processing file /home/airflow/.local/lib/python3.12/site-packages/airflow/example_dags/example_bash_operator.py for tasks to queue
[2024-05-27T02:56:55.969+0000] {logging_mixin.py:188} INFO - [2024-05-27T02:56:55.969+0000] {dagbag.py:545} INFO - Filling up the DagBag from /home/airflow/.local/lib/python3.12/site-packages/airflow/example_dags/example_bash_operator.py
[2024-05-27T02:56:55.976+0000] {processor.py:840} INFO - DAG(s) 'example_bash_operator' retrieved from /home/airflow/.local/lib/python3.12/site-packages/airflow/example_dags/example_bash_operator.py
[2024-05-27T02:56:55.982+0000] {logging_mixin.py:188} INFO - [2024-05-27T02:56:55.982+0000] {dag.py:3096} INFO - Sync 1 DAGs
[2024-05-27T02:56:55.995+0000] {logging_mixin.py:188} INFO - [2024-05-27T02:56:55.995+0000] {dag.py:3954} INFO - Setting next_dagrun for example_bash_operator to 2024-05-26 00:00:00+00:00, run_after=2024-05-27 00:00:00+00:00
[2024-05-27T02:56:56.024+0000] {processor.py:183} INFO - Processing /home/airflow/.local/lib/python3.12/site-packages/airflow/example_dags/example_bash_operator.py took 0.060 seconds
[2024-05-27T02:57:26.367+0000] {processor.py:161} INFO - Started process (PID=96) to work on /home/airflow/.local/lib/python3.12/site-packages/airflow/example_dags/example_bash_operator.py
[2024-05-27T02:57:26.367+0000] {processor.py:830} INFO - Processing file /home/airflow/.local/lib/python3.12/site-packages/airflow/example_dags/example_bash_operator.py for tasks to queue
[2024-05-27T02:57:26.368+0000] {logging_mixin.py:188} INFO - [2024-05-27T02:57:26.368+0000] {dagbag.py:545} INFO - Filling up the DagBag from /home/airflow/.local/lib/python3.12/site-packages/airflow/example_dags/example_bash_operator.py
[2024-05-27T02:57:26.373+0000] {processor.py:840} INFO - DAG(s) 'example_bash_operator' retrieved from /home/airflow/.local/lib/python3.12/site-packages/airflow/example_dags/example_bash_operator.py
[2024-05-27T02:57:26.416+0000] {logging_mixin.py:188} INFO - [2024-05-27T02:57:26.416+0000] {dag.py:3096} INFO - Sync 1 DAGs
[2024-05-27T02:57:26.425+0000] {logging_mixin.py:188} INFO - [2024-05-27T02:57:26.425+0000] {dag.py:3954} INFO - Setting next_dagrun for example_bash_operator to 2024-05-26 00:00:00+00:00, run_after=2024-05-27 00:00:00+00:00
[2024-05-27T02:57:26.432+0000] {processor.py:183} INFO - Processing /home/airflow/.local/lib/python3.12/site-packages/airflow/example_dags/example_bash_operator.py took 0.068 seconds
[2024-05-27T02:57:56.572+0000] {processor.py:161} INFO - Started process (PID=155) to work on /home/airflow/.local/lib/python3.12/site-packages/airflow/example_dags/example_bash_operator.py
[2024-05-27T02:57:56.573+0000] {processor.py:830} INFO - Processing file /home/airflow/.local/lib/python3.12/site-packages/airflow/example_dags/example_bash_operator.py for tasks to queue
[2024-05-27T02:57:56.574+0000] {logging_mixin.py:188} INFO - [2024-05-27T02:57:56.574+0000] {dagbag.py:545} INFO - Filling up the DagBag from /home/airflow/.local/lib/python3.12/site-packages/airflow/example_dags/example_bash_operator.py
[2024-05-27T02:57:56.579+0000] {processor.py:840} INFO - DAG(s) 'example_bash_operator' retrieved from /home/airflow/.local/lib/python3.12/site-packages/airflow/example_dags/example_bash_operator.py
[2024-05-27T02:57:56.590+0000] {logging_mixin.py:188} INFO - [2024-05-27T02:57:56.590+0000] {dag.py:3096} INFO - Sync 1 DAGs
[2024-05-27T02:57:56.600+0000] {logging_mixin.py:188} INFO - [2024-05-27T02:57:56.600+0000] {dag.py:3954} INFO - Setting next_dagrun for example_bash_operator to 2024-05-26 00:00:00+00:00, run_after=2024-05-27 00:00:00+00:00
[2024-05-27T02:57:56.607+0000] {processor.py:183} INFO - Processing /home/airflow/.local/lib/python3.12/site-packages/airflow/example_dags/example_bash_operator.py took 0.038 seconds
[2024-05-27T02:58:27.151+0000] {processor.py:161} INFO - Started process (PID=213) to work on /home/airflow/.local/lib/python3.12/site-packages/airflow/example_dags/example_bash_operator.py
[2024-05-27T02:58:27.153+0000] {processor.py:830} INFO - Processing file /home/airflow/.local/lib/python3.12/site-packages/airflow/example_dags/example_bash_operator.py for tasks to queue
[2024-05-27T02:58:27.154+0000] {logging_mixin.py:188} INFO - [2024-05-27T02:58:27.153+0000] {dagbag.py:545} INFO - Filling up the DagBag from /home/airflow/.local/lib/python3.12/site-packages/airflow/example_dags/example_bash_operator.py
[2024-05-27T02:58:27.159+0000] {processor.py:840} INFO - DAG(s) 'example_bash_operator' retrieved from /home/airflow/.local/lib/python3.12/site-packages/airflow/example_dags/example_bash_operator.py
[2024-05-27T02:58:27.171+0000] {logging_mixin.py:188} INFO - [2024-05-27T02:58:27.171+0000] {dag.py:3096} INFO - Sync 1 DAGs
[2024-05-27T02:58:27.181+0000] {logging_mixin.py:188} INFO - [2024-05-27T02:58:27.181+0000] {dag.py:3954} INFO - Setting next_dagrun for example_bash_operator to 2024-05-26 00:00:00+00:00, run_after=2024-05-27 00:00:00+00:00
[2024-05-27T02:58:27.196+0000] {processor.py:183} INFO - Processing /home/airflow/.local/lib/python3.12/site-packages/airflow/example_dags/example_bash_operator.py took 0.047 seconds
[2024-05-27T02:58:57.707+0000] {processor.py:161} INFO - Started process (PID=272) to work on /home/airflow/.local/lib/python3.12/site-packages/airflow/example_dags/example_bash_operator.py
[2024-05-27T02:58:57.708+0000] {processor.py:830} INFO - Processing file /home/airflow/.local/lib/python3.12/site-packages/airflow/example_dags/example_bash_operator.py for tasks to queue
[2024-05-27T02:58:57.709+0000] {logging_mixin.py:188} INFO - [2024-05-27T02:58:57.708+0000] {dagbag.py:545} INFO - Filling up the DagBag from /home/airflow/.local/lib/python3.12/site-packages/airflow/example_dags/example_bash_operator.py
[2024-05-27T02:58:57.714+0000] {processor.py:840} INFO - DAG(s) 'example_bash_operator' retrieved from /home/airflow/.local/lib/python3.12/site-packages/airflow/example_dags/example_bash_operator.py
[2024-05-27T02:58:57.725+0000] {logging_mixin.py:188} INFO - [2024-05-27T02:58:57.725+0000] {dag.py:3096} INFO - Sync 1 DAGs
[2024-05-27T02:58:57.736+0000] {logging_mixin.py:188} INFO - [2024-05-27T02:58:57.736+0000] {dag.py:3954} INFO - Setting next_dagrun for example_bash_operator to 2024-05-26 00:00:00+00:00, run_after=2024-05-27 00:00:00+00:00
[2024-05-27T02:58:57.744+0000] {processor.py:183} INFO - Processing /home/airflow/.local/lib/python3.12/site-packages/airflow/example_dags/example_bash_operator.py took 0.039 seconds
[2024-05-27T02:59:28.301+0000] {processor.py:161} INFO - Started process (PID=331) to work on /home/airflow/.local/lib/python3.12/site-packages/airflow/example_dags/example_bash_operator.py
[2024-05-27T02:59:28.302+0000] {processor.py:830} INFO - Processing file /home/airflow/.local/lib/python3.12/site-packages/airflow/example_dags/example_bash_operator.py for tasks to queue
[2024-05-27T02:59:28.303+0000] {logging_mixin.py:188} INFO - [2024-05-27T02:59:28.302+0000] {dagbag.py:545} INFO - Filling up the DagBag from /home/airflow/.local/lib/python3.12/site-packages/airflow/example_dags/example_bash_operator.py
[2024-05-27T02:59:28.308+0000] {processor.py:840} INFO - DAG(s) 'example_bash_operator' retrieved from /home/airflow/.local/lib/python3.12/site-packages/airflow/example_dags/example_bash_operator.py
[2024-05-27T02:59:28.319+0000] {logging_mixin.py:188} INFO - [2024-05-27T02:59:28.319+0000] {dag.py:3096} INFO - Sync 1 DAGs
[2024-05-27T02:59:28.329+0000] {logging_mixin.py:188} INFO - [2024-05-27T02:59:28.329+0000] {dag.py:3954} INFO - Setting next_dagrun for example_bash_operator to 2024-05-26 00:00:00+00:00, run_after=2024-05-27 00:00:00+00:00
[2024-05-27T02:59:28.337+0000] {processor.py:183} INFO - Processing /home/airflow/.local/lib/python3.12/site-packages/airflow/example_dags/example_bash_operator.py took 0.039 seconds
[2024-05-27T02:59:58.881+0000] {processor.py:161} INFO - Started process (PID=390) to work on /home/airflow/.local/lib/python3.12/site-packages/airflow/example_dags/example_bash_operator.py
[2024-05-27T02:59:58.882+0000] {processor.py:830} INFO - Processing file /home/airflow/.local/lib/python3.12/site-packages/airflow/example_dags/example_bash_operator.py for tasks to queue
[2024-05-27T02:59:58.883+0000] {logging_mixin.py:188} INFO - [2024-05-27T02:59:58.883+0000] {dagbag.py:545} INFO - Filling up the DagBag from /home/airflow/.local/lib/python3.12/site-packages/airflow/example_dags/example_bash_operator.py
[2024-05-27T02:59:58.888+0000] {processor.py:840} INFO - DAG(s) 'example_bash_operator' retrieved from /home/airflow/.local/lib/python3.12/site-packages/airflow/example_dags/example_bash_operator.py
[2024-05-27T02:59:58.899+0000] {logging_mixin.py:188} INFO - [2024-05-27T02:59:58.899+0000] {dag.py:3096} INFO - Sync 1 DAGs
[2024-05-27T02:59:58.908+0000] {logging_mixin.py:188} INFO - [2024-05-27T02:59:58.908+0000] {dag.py:3954} INFO - Setting next_dagrun for example_bash_operator to 2024-05-26 00:00:00+00:00, run_after=2024-05-27 00:00:00+00:00
[2024-05-27T02:59:58.916+0000] {processor.py:183} INFO - Processing /home/airflow/.local/lib/python3.12/site-packages/airflow/example_dags/example_bash_operator.py took 0.038 seconds
[2024-05-27T03:00:29.417+0000] {processor.py:161} INFO - Started process (PID=449) to work on /home/airflow/.local/lib/python3.12/site-packages/airflow/example_dags/example_bash_operator.py
[2024-05-27T03:00:29.418+0000] {processor.py:830} INFO - Processing file /home/airflow/.local/lib/python3.12/site-packages/airflow/example_dags/example_bash_operator.py for tasks to queue
[2024-05-27T03:00:29.419+0000] {logging_mixin.py:188} INFO - [2024-05-27T03:00:29.419+0000] {dagbag.py:545} INFO - Filling up the DagBag from /home/airflow/.local/lib/python3.12/site-packages/airflow/example_dags/example_bash_operator.py
[2024-05-27T03:00:29.424+0000] {processor.py:840} INFO - DAG(s) 'example_bash_operator' retrieved from /home/airflow/.local/lib/python3.12/site-packages/airflow/example_dags/example_bash_operator.py
[2024-05-27T03:00:29.435+0000] {logging_mixin.py:188} INFO - [2024-05-27T03:00:29.435+0000] {dag.py:3096} INFO - Sync 1 DAGs
[2024-05-27T03:00:29.446+0000] {logging_mixin.py:188} INFO - [2024-05-27T03:00:29.446+0000] {dag.py:3954} INFO - Setting next_dagrun for example_bash_operator to 2024-05-26 00:00:00+00:00, run_after=2024-05-27 00:00:00+00:00
[2024-05-27T03:00:29.455+0000] {processor.py:183} INFO - Processing /home/airflow/.local/lib/python3.12/site-packages/airflow/example_dags/example_bash_operator.py took 0.041 seconds
[2024-05-27T03:00:59.976+0000] {processor.py:161} INFO - Started process (PID=507) to work on /home/airflow/.local/lib/python3.12/site-packages/airflow/example_dags/example_bash_operator.py
[2024-05-27T03:00:59.976+0000] {processor.py:830} INFO - Processing file /home/airflow/.local/lib/python3.12/site-packages/airflow/example_dags/example_bash_operator.py for tasks to queue
[2024-05-27T03:00:59.977+0000] {logging_mixin.py:188} INFO - [2024-05-27T03:00:59.977+0000] {dagbag.py:545} INFO - Filling up the DagBag from /home/airflow/.local/lib/python3.12/site-packages/airflow/example_dags/example_bash_operator.py
[2024-05-27T03:00:59.982+0000] {processor.py:840} INFO - DAG(s) 'example_bash_operator' retrieved from /home/airflow/.local/lib/python3.12/site-packages/airflow/example_dags/example_bash_operator.py
[2024-05-27T03:00:59.994+0000] {logging_mixin.py:188} INFO - [2024-05-27T03:00:59.994+0000] {dag.py:3096} INFO - Sync 1 DAGs
[2024-05-27T03:01:00.003+0000] {logging_mixin.py:188} INFO - [2024-05-27T03:01:00.003+0000] {dag.py:3954} INFO - Setting next_dagrun for example_bash_operator to 2024-05-26 00:00:00+00:00, run_after=2024-05-27 00:00:00+00:00
[2024-05-27T03:01:00.012+0000] {processor.py:183} INFO - Processing /home/airflow/.local/lib/python3.12/site-packages/airflow/example_dags/example_bash_operator.py took 0.039 seconds
[2024-05-27T03:01:30.552+0000] {processor.py:161} INFO - Started process (PID=566) to work on /home/airflow/.local/lib/python3.12/site-packages/airflow/example_dags/example_bash_operator.py
[2024-05-27T03:01:30.553+0000] {processor.py:830} INFO - Processing file /home/airflow/.local/lib/python3.12/site-packages/airflow/example_dags/example_bash_operator.py for tasks to queue
[2024-05-27T03:01:30.554+0000] {logging_mixin.py:188} INFO - [2024-05-27T03:01:30.554+0000] {dagbag.py:545} INFO - Filling up the DagBag from /home/airflow/.local/lib/python3.12/site-packages/airflow/example_dags/example_bash_operator.py
[2024-05-27T03:01:30.559+0000] {processor.py:840} INFO - DAG(s) 'example_bash_operator' retrieved from /home/airflow/.local/lib/python3.12/site-packages/airflow/example_dags/example_bash_operator.py
[2024-05-27T03:01:30.571+0000] {logging_mixin.py:188} INFO - [2024-05-27T03:01:30.571+0000] {dag.py:3096} INFO - Sync 1 DAGs
[2024-05-27T03:01:30.581+0000] {logging_mixin.py:188} INFO - [2024-05-27T03:01:30.580+0000] {dag.py:3954} INFO - Setting next_dagrun for example_bash_operator to 2024-05-26 00:00:00+00:00, run_after=2024-05-27 00:00:00+00:00
[2024-05-27T03:01:30.589+0000] {processor.py:183} INFO - Processing /home/airflow/.local/lib/python3.12/site-packages/airflow/example_dags/example_bash_operator.py took 0.040 seconds
[2024-05-27T03:02:01.210+0000] {processor.py:161} INFO - Started process (PID=625) to work on /home/airflow/.local/lib/python3.12/site-packages/airflow/example_dags/example_bash_operator.py
[2024-05-27T03:02:01.211+0000] {processor.py:830} INFO - Processing file /home/airflow/.local/lib/python3.12/site-packages/airflow/example_dags/example_bash_operator.py for tasks to queue
[2024-05-27T03:02:01.212+0000] {logging_mixin.py:188} INFO - [2024-05-27T03:02:01.212+0000] {dagbag.py:545} INFO - Filling up the DagBag from /home/airflow/.local/lib/python3.12/site-packages/airflow/example_dags/example_bash_operator.py
[2024-05-27T03:02:01.217+0000] {processor.py:840} INFO - DAG(s) 'example_bash_operator' retrieved from /home/airflow/.local/lib/python3.12/site-packages/airflow/example_dags/example_bash_operator.py
[2024-05-27T03:02:01.230+0000] {logging_mixin.py:188} INFO - [2024-05-27T03:02:01.230+0000] {dag.py:3096} INFO - Sync 1 DAGs
[2024-05-27T03:02:01.240+0000] {logging_mixin.py:188} INFO - [2024-05-27T03:02:01.240+0000] {dag.py:3954} INFO - Setting next_dagrun for example_bash_operator to 2024-05-26 00:00:00+00:00, run_after=2024-05-27 00:00:00+00:00
[2024-05-27T03:02:01.249+0000] {processor.py:183} INFO - Processing /home/airflow/.local/lib/python3.12/site-packages/airflow/example_dags/example_bash_operator.py took 0.041 seconds
[2024-05-27T03:02:31.803+0000] {processor.py:161} INFO - Started process (PID=684) to work on /home/airflow/.local/lib/python3.12/site-packages/airflow/example_dags/example_bash_operator.py
[2024-05-27T03:02:31.804+0000] {processor.py:830} INFO - Processing file /home/airflow/.local/lib/python3.12/site-packages/airflow/example_dags/example_bash_operator.py for tasks to queue
[2024-05-27T03:02:31.805+0000] {logging_mixin.py:188} INFO - [2024-05-27T03:02:31.805+0000] {dagbag.py:545} INFO - Filling up the DagBag from /home/airflow/.local/lib/python3.12/site-packages/airflow/example_dags/example_bash_operator.py
[2024-05-27T03:02:31.811+0000] {processor.py:840} INFO - DAG(s) 'example_bash_operator' retrieved from /home/airflow/.local/lib/python3.12/site-packages/airflow/example_dags/example_bash_operator.py
[2024-05-27T03:02:31.824+0000] {logging_mixin.py:188} INFO - [2024-05-27T03:02:31.824+0000] {dag.py:3096} INFO - Sync 1 DAGs
[2024-05-27T03:02:31.836+0000] {logging_mixin.py:188} INFO - [2024-05-27T03:02:31.836+0000] {dag.py:3954} INFO - Setting next_dagrun for example_bash_operator to 2024-05-26 00:00:00+00:00, run_after=2024-05-27 00:00:00+00:00
[2024-05-27T03:02:31.844+0000] {processor.py:183} INFO - Processing /home/airflow/.local/lib/python3.12/site-packages/airflow/example_dags/example_bash_operator.py took 0.044 seconds
[2024-05-27T03:03:02.298+0000] {processor.py:161} INFO - Started process (PID=743) to work on /home/airflow/.local/lib/python3.12/site-packages/airflow/example_dags/example_bash_operator.py
[2024-05-27T03:03:02.299+0000] {processor.py:830} INFO - Processing file /home/airflow/.local/lib/python3.12/site-packages/airflow/example_dags/example_bash_operator.py for tasks to queue
[2024-05-27T03:03:02.300+0000] {logging_mixin.py:188} INFO - [2024-05-27T03:03:02.299+0000] {dagbag.py:545} INFO - Filling up the DagBag from /home/airflow/.local/lib/python3.12/site-packages/airflow/example_dags/example_bash_operator.py
[2024-05-27T03:03:02.305+0000] {processor.py:840} INFO - DAG(s) 'example_bash_operator' retrieved from /home/airflow/.local/lib/python3.12/site-packages/airflow/example_dags/example_bash_operator.py
[2024-05-27T03:03:02.319+0000] {logging_mixin.py:188} INFO - [2024-05-27T03:03:02.318+0000] {dag.py:3096} INFO - Sync 1 DAGs
[2024-05-27T03:03:02.330+0000] {logging_mixin.py:188} INFO - [2024-05-27T03:03:02.330+0000] {dag.py:3954} INFO - Setting next_dagrun for example_bash_operator to 2024-05-26 00:00:00+00:00, run_after=2024-05-27 00:00:00+00:00
[2024-05-27T03:03:02.341+0000] {processor.py:183} INFO - Processing /home/airflow/.local/lib/python3.12/site-packages/airflow/example_dags/example_bash_operator.py took 0.046 seconds
[2024-05-27T03:03:32.891+0000] {processor.py:161} INFO - Started process (PID=802) to work on /home/airflow/.local/lib/python3.12/site-packages/airflow/example_dags/example_bash_operator.py
[2024-05-27T03:03:32.891+0000] {processor.py:830} INFO - Processing file /home/airflow/.local/lib/python3.12/site-packages/airflow/example_dags/example_bash_operator.py for tasks to queue
[2024-05-27T03:03:32.893+0000] {logging_mixin.py:188} INFO - [2024-05-27T03:03:32.892+0000] {dagbag.py:545} INFO - Filling up the DagBag from /home/airflow/.local/lib/python3.12/site-packages/airflow/example_dags/example_bash_operator.py
[2024-05-27T03:03:32.898+0000] {processor.py:840} INFO - DAG(s) 'example_bash_operator' retrieved from /home/airflow/.local/lib/python3.12/site-packages/airflow/example_dags/example_bash_operator.py
[2024-05-27T03:03:32.911+0000] {logging_mixin.py:188} INFO - [2024-05-27T03:03:32.911+0000] {dag.py:3096} INFO - Sync 1 DAGs
[2024-05-27T03:03:32.922+0000] {logging_mixin.py:188} INFO - [2024-05-27T03:03:32.922+0000] {dag.py:3954} INFO - Setting next_dagrun for example_bash_operator to 2024-05-26 00:00:00+00:00, run_after=2024-05-27 00:00:00+00:00
[2024-05-27T03:03:32.933+0000] {processor.py:183} INFO - Processing /home/airflow/.local/lib/python3.12/site-packages/airflow/example_dags/example_bash_operator.py took 0.045 seconds
[2024-05-27T03:04:03.555+0000] {processor.py:161} INFO - Started process (PID=860) to work on /home/airflow/.local/lib/python3.12/site-packages/airflow/example_dags/example_bash_operator.py
[2024-05-27T03:04:03.555+0000] {processor.py:830} INFO - Processing file /home/airflow/.local/lib/python3.12/site-packages/airflow/example_dags/example_bash_operator.py for tasks to queue
[2024-05-27T03:04:03.556+0000] {logging_mixin.py:188} INFO - [2024-05-27T03:04:03.556+0000] {dagbag.py:545} INFO - Filling up the DagBag from /home/airflow/.local/lib/python3.12/site-packages/airflow/example_dags/example_bash_operator.py
[2024-05-27T03:04:03.561+0000] {processor.py:840} INFO - DAG(s) 'example_bash_operator' retrieved from /home/airflow/.local/lib/python3.12/site-packages/airflow/example_dags/example_bash_operator.py
[2024-05-27T03:04:03.573+0000] {logging_mixin.py:188} INFO - [2024-05-27T03:04:03.573+0000] {dag.py:3096} INFO - Sync 1 DAGs
[2024-05-27T03:04:03.583+0000] {logging_mixin.py:188} INFO - [2024-05-27T03:04:03.582+0000] {dag.py:3954} INFO - Setting next_dagrun for example_bash_operator to 2024-05-26 00:00:00+00:00, run_after=2024-05-27 00:00:00+00:00
[2024-05-27T03:04:03.591+0000] {processor.py:183} INFO - Processing /home/airflow/.local/lib/python3.12/site-packages/airflow/example_dags/example_bash_operator.py took 0.039 seconds
[2024-05-27T03:04:34.384+0000] {processor.py:161} INFO - Started process (PID=919) to work on /home/airflow/.local/lib/python3.12/site-packages/airflow/example_dags/example_bash_operator.py
[2024-05-27T03:04:34.384+0000] {processor.py:830} INFO - Processing file /home/airflow/.local/lib/python3.12/site-packages/airflow/example_dags/example_bash_operator.py for tasks to queue
[2024-05-27T03:04:34.385+0000] {logging_mixin.py:188} INFO - [2024-05-27T03:04:34.385+0000] {dagbag.py:545} INFO - Filling up the DagBag from /home/airflow/.local/lib/python3.12/site-packages/airflow/example_dags/example_bash_operator.py
[2024-05-27T03:04:34.390+0000] {processor.py:840} INFO - DAG(s) 'example_bash_operator' retrieved from /home/airflow/.local/lib/python3.12/site-packages/airflow/example_dags/example_bash_operator.py
[2024-05-27T03:04:34.402+0000] {logging_mixin.py:188} INFO - [2024-05-27T03:04:34.402+0000] {dag.py:3096} INFO - Sync 1 DAGs
[2024-05-27T03:04:34.412+0000] {logging_mixin.py:188} INFO - [2024-05-27T03:04:34.412+0000] {dag.py:3954} INFO - Setting next_dagrun for example_bash_operator to 2024-05-26 00:00:00+00:00, run_after=2024-05-27 00:00:00+00:00
[2024-05-27T03:04:34.420+0000] {processor.py:183} INFO - Processing /home/airflow/.local/lib/python3.12/site-packages/airflow/example_dags/example_bash_operator.py took 0.039 seconds
[2024-05-27T03:05:05.067+0000] {processor.py:161} INFO - Started process (PID=978) to work on /home/airflow/.local/lib/python3.12/site-packages/airflow/example_dags/example_bash_operator.py
[2024-05-27T03:05:05.067+0000] {processor.py:830} INFO - Processing file /home/airflow/.local/lib/python3.12/site-packages/airflow/example_dags/example_bash_operator.py for tasks to queue
[2024-05-27T03:05:05.068+0000] {logging_mixin.py:188} INFO - [2024-05-27T03:05:05.068+0000] {dagbag.py:545} INFO - Filling up the DagBag from /home/airflow/.local/lib/python3.12/site-packages/airflow/example_dags/example_bash_operator.py
[2024-05-27T03:05:05.074+0000] {processor.py:840} INFO - DAG(s) 'example_bash_operator' retrieved from /home/airflow/.local/lib/python3.12/site-packages/airflow/example_dags/example_bash_operator.py
[2024-05-27T03:05:05.084+0000] {logging_mixin.py:188} INFO - [2024-05-27T03:05:05.084+0000] {dag.py:3096} INFO - Sync 1 DAGs
[2024-05-27T03:05:05.093+0000] {logging_mixin.py:188} INFO - [2024-05-27T03:05:05.093+0000] {dag.py:3954} INFO - Setting next_dagrun for example_bash_operator to 2024-05-26 00:00:00+00:00, run_after=2024-05-27 00:00:00+00:00
[2024-05-27T03:05:05.102+0000] {processor.py:183} INFO - Processing /home/airflow/.local/lib/python3.12/site-packages/airflow/example_dags/example_bash_operator.py took 0.038 seconds
[2024-05-27T03:05:35.664+0000] {processor.py:161} INFO - Started process (PID=1037) to work on /home/airflow/.local/lib/python3.12/site-packages/airflow/example_dags/example_bash_operator.py
[2024-05-27T03:05:35.665+0000] {processor.py:830} INFO - Processing file /home/airflow/.local/lib/python3.12/site-packages/airflow/example_dags/example_bash_operator.py for tasks to queue
[2024-05-27T03:05:35.666+0000] {logging_mixin.py:188} INFO - [2024-05-27T03:05:35.666+0000] {dagbag.py:545} INFO - Filling up the DagBag from /home/airflow/.local/lib/python3.12/site-packages/airflow/example_dags/example_bash_operator.py
[2024-05-27T03:05:35.671+0000] {processor.py:840} INFO - DAG(s) 'example_bash_operator' retrieved from /home/airflow/.local/lib/python3.12/site-packages/airflow/example_dags/example_bash_operator.py
[2024-05-27T03:05:35.682+0000] {logging_mixin.py:188} INFO - [2024-05-27T03:05:35.682+0000] {dag.py:3096} INFO - Sync 1 DAGs
[2024-05-27T03:05:35.691+0000] {logging_mixin.py:188} INFO - [2024-05-27T03:05:35.691+0000] {dag.py:3954} INFO - Setting next_dagrun for example_bash_operator to 2024-05-26 00:00:00+00:00, run_after=2024-05-27 00:00:00+00:00
[2024-05-27T03:05:35.699+0000] {processor.py:183} INFO - Processing /home/airflow/.local/lib/python3.12/site-packages/airflow/example_dags/example_bash_operator.py took 0.038 seconds
[2024-05-27T03:06:06.248+0000] {processor.py:161} INFO - Started process (PID=1096) to work on /home/airflow/.local/lib/python3.12/site-packages/airflow/example_dags/example_bash_operator.py
[2024-05-27T03:06:06.249+0000] {processor.py:830} INFO - Processing file /home/airflow/.local/lib/python3.12/site-packages/airflow/example_dags/example_bash_operator.py for tasks to queue
[2024-05-27T03:06:06.250+0000] {logging_mixin.py:188} INFO - [2024-05-27T03:06:06.250+0000] {dagbag.py:545} INFO - Filling up the DagBag from /home/airflow/.local/lib/python3.12/site-packages/airflow/example_dags/example_bash_operator.py
[2024-05-27T03:06:06.255+0000] {processor.py:840} INFO - DAG(s) 'example_bash_operator' retrieved from /home/airflow/.local/lib/python3.12/site-packages/airflow/example_dags/example_bash_operator.py
[2024-05-27T03:06:06.267+0000] {logging_mixin.py:188} INFO - [2024-05-27T03:06:06.266+0000] {dag.py:3096} INFO - Sync 1 DAGs
[2024-05-27T03:06:06.276+0000] {logging_mixin.py:188} INFO - [2024-05-27T03:06:06.276+0000] {dag.py:3954} INFO - Setting next_dagrun for example_bash_operator to 2024-05-26 00:00:00+00:00, run_after=2024-05-27 00:00:00+00:00
[2024-05-27T03:06:06.284+0000] {processor.py:183} INFO - Processing /home/airflow/.local/lib/python3.12/site-packages/airflow/example_dags/example_bash_operator.py took 0.039 seconds
[2024-05-27T03:06:36.979+0000] {processor.py:161} INFO - Started process (PID=1155) to work on /home/airflow/.local/lib/python3.12/site-packages/airflow/example_dags/example_bash_operator.py
[2024-05-27T03:06:36.980+0000] {processor.py:830} INFO - Processing file /home/airflow/.local/lib/python3.12/site-packages/airflow/example_dags/example_bash_operator.py for tasks to queue
[2024-05-27T03:06:36.981+0000] {logging_mixin.py:188} INFO - [2024-05-27T03:06:36.981+0000] {dagbag.py:545} INFO - Filling up the DagBag from /home/airflow/.local/lib/python3.12/site-packages/airflow/example_dags/example_bash_operator.py
[2024-05-27T03:06:36.986+0000] {processor.py:840} INFO - DAG(s) 'example_bash_operator' retrieved from /home/airflow/.local/lib/python3.12/site-packages/airflow/example_dags/example_bash_operator.py
[2024-05-27T03:06:36.997+0000] {logging_mixin.py:188} INFO - [2024-05-27T03:06:36.997+0000] {dag.py:3096} INFO - Sync 1 DAGs
[2024-05-27T03:06:37.006+0000] {logging_mixin.py:188} INFO - [2024-05-27T03:06:37.006+0000] {dag.py:3954} INFO - Setting next_dagrun for example_bash_operator to 2024-05-26 00:00:00+00:00, run_after=2024-05-27 00:00:00+00:00
[2024-05-27T03:06:37.015+0000] {processor.py:183} INFO - Processing /home/airflow/.local/lib/python3.12/site-packages/airflow/example_dags/example_bash_operator.py took 0.038 seconds
[2024-05-27T03:07:07.503+0000] {processor.py:161} INFO - Started process (PID=1214) to work on /home/airflow/.local/lib/python3.12/site-packages/airflow/example_dags/example_bash_operator.py
[2024-05-27T03:07:07.504+0000] {processor.py:830} INFO - Processing file /home/airflow/.local/lib/python3.12/site-packages/airflow/example_dags/example_bash_operator.py for tasks to queue
[2024-05-27T03:07:07.504+0000] {logging_mixin.py:188} INFO - [2024-05-27T03:07:07.504+0000] {dagbag.py:545} INFO - Filling up the DagBag from /home/airflow/.local/lib/python3.12/site-packages/airflow/example_dags/example_bash_operator.py
[2024-05-27T03:07:07.510+0000] {processor.py:840} INFO - DAG(s) 'example_bash_operator' retrieved from /home/airflow/.local/lib/python3.12/site-packages/airflow/example_dags/example_bash_operator.py
[2024-05-27T03:07:07.522+0000] {logging_mixin.py:188} INFO - [2024-05-27T03:07:07.522+0000] {dag.py:3096} INFO - Sync 1 DAGs
[2024-05-27T03:07:07.531+0000] {logging_mixin.py:188} INFO - [2024-05-27T03:07:07.531+0000] {dag.py:3954} INFO - Setting next_dagrun for example_bash_operator to 2024-05-26 00:00:00+00:00, run_after=2024-05-27 00:00:00+00:00
[2024-05-27T03:07:07.539+0000] {processor.py:183} INFO - Processing /home/airflow/.local/lib/python3.12/site-packages/airflow/example_dags/example_bash_operator.py took 0.039 seconds
[2024-05-27T03:07:38.121+0000] {processor.py:161} INFO - Started process (PID=1273) to work on /home/airflow/.local/lib/python3.12/site-packages/airflow/example_dags/example_bash_operator.py
[2024-05-27T03:07:38.122+0000] {processor.py:830} INFO - Processing file /home/airflow/.local/lib/python3.12/site-packages/airflow/example_dags/example_bash_operator.py for tasks to queue
[2024-05-27T03:07:38.123+0000] {logging_mixin.py:188} INFO - [2024-05-27T03:07:38.123+0000] {dagbag.py:545} INFO - Filling up the DagBag from /home/airflow/.local/lib/python3.12/site-packages/airflow/example_dags/example_bash_operator.py
[2024-05-27T03:07:38.128+0000] {processor.py:840} INFO - DAG(s) 'example_bash_operator' retrieved from /home/airflow/.local/lib/python3.12/site-packages/airflow/example_dags/example_bash_operator.py
[2024-05-27T03:07:38.140+0000] {logging_mixin.py:188} INFO - [2024-05-27T03:07:38.140+0000] {dag.py:3096} INFO - Sync 1 DAGs
[2024-05-27T03:07:38.150+0000] {logging_mixin.py:188} INFO - [2024-05-27T03:07:38.150+0000] {dag.py:3954} INFO - Setting next_dagrun for example_bash_operator to 2024-05-26 00:00:00+00:00, run_after=2024-05-27 00:00:00+00:00
[2024-05-27T03:07:38.159+0000] {processor.py:183} INFO - Processing /home/airflow/.local/lib/python3.12/site-packages/airflow/example_dags/example_bash_operator.py took 0.041 seconds
[2024-05-27T03:08:36.205+0000] {processor.py:161} INFO - Started process (PID=36) to work on /home/airflow/.local/lib/python3.12/site-packages/airflow/example_dags/example_bash_operator.py
[2024-05-27T03:08:36.206+0000] {processor.py:830} INFO - Processing file /home/airflow/.local/lib/python3.12/site-packages/airflow/example_dags/example_bash_operator.py for tasks to queue
[2024-05-27T03:08:36.207+0000] {logging_mixin.py:188} INFO - [2024-05-27T03:08:36.207+0000] {dagbag.py:545} INFO - Filling up the DagBag from /home/airflow/.local/lib/python3.12/site-packages/airflow/example_dags/example_bash_operator.py
[2024-05-27T03:08:36.214+0000] {processor.py:840} INFO - DAG(s) 'example_bash_operator' retrieved from /home/airflow/.local/lib/python3.12/site-packages/airflow/example_dags/example_bash_operator.py
[2024-05-27T03:08:36.220+0000] {logging_mixin.py:188} INFO - [2024-05-27T03:08:36.219+0000] {dag.py:3096} INFO - Sync 1 DAGs
[2024-05-27T03:08:36.238+0000] {logging_mixin.py:188} INFO - [2024-05-27T03:08:36.238+0000] {dag.py:3954} INFO - Setting next_dagrun for example_bash_operator to 2024-05-26 00:00:00+00:00, run_after=2024-05-27 00:00:00+00:00
[2024-05-27T03:08:36.251+0000] {processor.py:183} INFO - Processing /home/airflow/.local/lib/python3.12/site-packages/airflow/example_dags/example_bash_operator.py took 0.049 seconds
[2024-05-27T03:09:06.582+0000] {processor.py:161} INFO - Started process (PID=95) to work on /home/airflow/.local/lib/python3.12/site-packages/airflow/example_dags/example_bash_operator.py
[2024-05-27T03:09:06.584+0000] {processor.py:830} INFO - Processing file /home/airflow/.local/lib/python3.12/site-packages/airflow/example_dags/example_bash_operator.py for tasks to queue
[2024-05-27T03:09:06.585+0000] {logging_mixin.py:188} INFO - [2024-05-27T03:09:06.585+0000] {dagbag.py:545} INFO - Filling up the DagBag from /home/airflow/.local/lib/python3.12/site-packages/airflow/example_dags/example_bash_operator.py
[2024-05-27T03:09:06.594+0000] {processor.py:840} INFO - DAG(s) 'example_bash_operator' retrieved from /home/airflow/.local/lib/python3.12/site-packages/airflow/example_dags/example_bash_operator.py
[2024-05-27T03:09:06.672+0000] {logging_mixin.py:188} INFO - [2024-05-27T03:09:06.672+0000] {dag.py:3096} INFO - Sync 1 DAGs
[2024-05-27T03:09:06.683+0000] {logging_mixin.py:188} INFO - [2024-05-27T03:09:06.682+0000] {dag.py:3954} INFO - Setting next_dagrun for example_bash_operator to 2024-05-26 00:00:00+00:00, run_after=2024-05-27 00:00:00+00:00
[2024-05-27T03:09:06.700+0000] {processor.py:183} INFO - Processing /home/airflow/.local/lib/python3.12/site-packages/airflow/example_dags/example_bash_operator.py took 0.121 seconds
[2024-05-27T03:09:37.044+0000] {processor.py:161} INFO - Started process (PID=154) to work on /home/airflow/.local/lib/python3.12/site-packages/airflow/example_dags/example_bash_operator.py
[2024-05-27T03:09:37.045+0000] {processor.py:830} INFO - Processing file /home/airflow/.local/lib/python3.12/site-packages/airflow/example_dags/example_bash_operator.py for tasks to queue
[2024-05-27T03:09:37.046+0000] {logging_mixin.py:188} INFO - [2024-05-27T03:09:37.046+0000] {dagbag.py:545} INFO - Filling up the DagBag from /home/airflow/.local/lib/python3.12/site-packages/airflow/example_dags/example_bash_operator.py
[2024-05-27T03:09:37.051+0000] {processor.py:840} INFO - DAG(s) 'example_bash_operator' retrieved from /home/airflow/.local/lib/python3.12/site-packages/airflow/example_dags/example_bash_operator.py
[2024-05-27T03:09:37.063+0000] {logging_mixin.py:188} INFO - [2024-05-27T03:09:37.063+0000] {dag.py:3096} INFO - Sync 1 DAGs
[2024-05-27T03:09:37.073+0000] {logging_mixin.py:188} INFO - [2024-05-27T03:09:37.073+0000] {dag.py:3954} INFO - Setting next_dagrun for example_bash_operator to 2024-05-26 00:00:00+00:00, run_after=2024-05-27 00:00:00+00:00
[2024-05-27T03:09:37.082+0000] {processor.py:183} INFO - Processing /home/airflow/.local/lib/python3.12/site-packages/airflow/example_dags/example_bash_operator.py took 0.040 seconds
[2024-05-27T03:10:07.638+0000] {processor.py:161} INFO - Started process (PID=213) to work on /home/airflow/.local/lib/python3.12/site-packages/airflow/example_dags/example_bash_operator.py
[2024-05-27T03:10:07.638+0000] {processor.py:830} INFO - Processing file /home/airflow/.local/lib/python3.12/site-packages/airflow/example_dags/example_bash_operator.py for tasks to queue
[2024-05-27T03:10:07.639+0000] {logging_mixin.py:188} INFO - [2024-05-27T03:10:07.639+0000] {dagbag.py:545} INFO - Filling up the DagBag from /home/airflow/.local/lib/python3.12/site-packages/airflow/example_dags/example_bash_operator.py
[2024-05-27T03:10:07.644+0000] {processor.py:840} INFO - DAG(s) 'example_bash_operator' retrieved from /home/airflow/.local/lib/python3.12/site-packages/airflow/example_dags/example_bash_operator.py
[2024-05-27T03:10:07.656+0000] {logging_mixin.py:188} INFO - [2024-05-27T03:10:07.656+0000] {dag.py:3096} INFO - Sync 1 DAGs
[2024-05-27T03:10:07.669+0000] {logging_mixin.py:188} INFO - [2024-05-27T03:10:07.669+0000] {dag.py:3954} INFO - Setting next_dagrun for example_bash_operator to 2024-05-26 00:00:00+00:00, run_after=2024-05-27 00:00:00+00:00
[2024-05-27T03:10:07.681+0000] {processor.py:183} INFO - Processing /home/airflow/.local/lib/python3.12/site-packages/airflow/example_dags/example_bash_operator.py took 0.046 seconds
[2024-05-27T03:20:24.025+0000] {processor.py:161} INFO - Started process (PID=36) to work on /home/airflow/.local/lib/python3.12/site-packages/airflow/example_dags/example_bash_operator.py
[2024-05-27T03:20:24.026+0000] {processor.py:830} INFO - Processing file /home/airflow/.local/lib/python3.12/site-packages/airflow/example_dags/example_bash_operator.py for tasks to queue
[2024-05-27T03:20:24.028+0000] {logging_mixin.py:188} INFO - [2024-05-27T03:20:24.028+0000] {dagbag.py:545} INFO - Filling up the DagBag from /home/airflow/.local/lib/python3.12/site-packages/airflow/example_dags/example_bash_operator.py
[2024-05-27T03:20:24.039+0000] {processor.py:840} INFO - DAG(s) 'example_bash_operator' retrieved from /home/airflow/.local/lib/python3.12/site-packages/airflow/example_dags/example_bash_operator.py
[2024-05-27T03:20:24.055+0000] {logging_mixin.py:188} INFO - [2024-05-27T03:20:24.054+0000] {dag.py:3096} INFO - Sync 1 DAGs
[2024-05-27T03:20:24.082+0000] {logging_mixin.py:188} INFO - [2024-05-27T03:20:24.082+0000] {dag.py:3954} INFO - Setting next_dagrun for example_bash_operator to 2024-05-26 00:00:00+00:00, run_after=2024-05-27 00:00:00+00:00
[2024-05-27T03:20:24.098+0000] {processor.py:183} INFO - Processing /home/airflow/.local/lib/python3.12/site-packages/airflow/example_dags/example_bash_operator.py took 0.075 seconds
[2024-05-27T03:20:54.284+0000] {processor.py:161} INFO - Started process (PID=94) to work on /home/airflow/.local/lib/python3.12/site-packages/airflow/example_dags/example_bash_operator.py
[2024-05-27T03:20:54.284+0000] {processor.py:830} INFO - Processing file /home/airflow/.local/lib/python3.12/site-packages/airflow/example_dags/example_bash_operator.py for tasks to queue
[2024-05-27T03:20:54.285+0000] {logging_mixin.py:188} INFO - [2024-05-27T03:20:54.285+0000] {dagbag.py:545} INFO - Filling up the DagBag from /home/airflow/.local/lib/python3.12/site-packages/airflow/example_dags/example_bash_operator.py
[2024-05-27T03:20:54.290+0000] {processor.py:840} INFO - DAG(s) 'example_bash_operator' retrieved from /home/airflow/.local/lib/python3.12/site-packages/airflow/example_dags/example_bash_operator.py
[2024-05-27T03:20:54.332+0000] {logging_mixin.py:188} INFO - [2024-05-27T03:20:54.332+0000] {dag.py:3096} INFO - Sync 1 DAGs
[2024-05-27T03:20:54.340+0000] {logging_mixin.py:188} INFO - [2024-05-27T03:20:54.339+0000] {dag.py:3954} INFO - Setting next_dagrun for example_bash_operator to 2024-05-26 00:00:00+00:00, run_after=2024-05-27 00:00:00+00:00
[2024-05-27T03:20:54.348+0000] {processor.py:183} INFO - Processing /home/airflow/.local/lib/python3.12/site-packages/airflow/example_dags/example_bash_operator.py took 0.067 seconds
[2024-05-27T03:21:24.541+0000] {processor.py:161} INFO - Started process (PID=153) to work on /home/airflow/.local/lib/python3.12/site-packages/airflow/example_dags/example_bash_operator.py
[2024-05-27T03:21:24.542+0000] {processor.py:830} INFO - Processing file /home/airflow/.local/lib/python3.12/site-packages/airflow/example_dags/example_bash_operator.py for tasks to queue
[2024-05-27T03:21:24.542+0000] {logging_mixin.py:188} INFO - [2024-05-27T03:21:24.542+0000] {dagbag.py:545} INFO - Filling up the DagBag from /home/airflow/.local/lib/python3.12/site-packages/airflow/example_dags/example_bash_operator.py
[2024-05-27T03:21:24.547+0000] {processor.py:840} INFO - DAG(s) 'example_bash_operator' retrieved from /home/airflow/.local/lib/python3.12/site-packages/airflow/example_dags/example_bash_operator.py
[2024-05-27T03:21:24.559+0000] {logging_mixin.py:188} INFO - [2024-05-27T03:21:24.559+0000] {dag.py:3096} INFO - Sync 1 DAGs
[2024-05-27T03:21:24.568+0000] {logging_mixin.py:188} INFO - [2024-05-27T03:21:24.568+0000] {dag.py:3954} INFO - Setting next_dagrun for example_bash_operator to 2024-05-26 00:00:00+00:00, run_after=2024-05-27 00:00:00+00:00
[2024-05-27T03:21:24.575+0000] {processor.py:183} INFO - Processing /home/airflow/.local/lib/python3.12/site-packages/airflow/example_dags/example_bash_operator.py took 0.037 seconds
[2024-05-27T03:21:55.060+0000] {processor.py:161} INFO - Started process (PID=213) to work on /home/airflow/.local/lib/python3.12/site-packages/airflow/example_dags/example_bash_operator.py
[2024-05-27T03:21:55.061+0000] {processor.py:830} INFO - Processing file /home/airflow/.local/lib/python3.12/site-packages/airflow/example_dags/example_bash_operator.py for tasks to queue
[2024-05-27T03:21:55.062+0000] {logging_mixin.py:188} INFO - [2024-05-27T03:21:55.062+0000] {dagbag.py:545} INFO - Filling up the DagBag from /home/airflow/.local/lib/python3.12/site-packages/airflow/example_dags/example_bash_operator.py
[2024-05-27T03:21:55.067+0000] {processor.py:840} INFO - DAG(s) 'example_bash_operator' retrieved from /home/airflow/.local/lib/python3.12/site-packages/airflow/example_dags/example_bash_operator.py
[2024-05-27T03:21:55.079+0000] {logging_mixin.py:188} INFO - [2024-05-27T03:21:55.079+0000] {dag.py:3096} INFO - Sync 1 DAGs
[2024-05-27T03:21:55.089+0000] {logging_mixin.py:188} INFO - [2024-05-27T03:21:55.089+0000] {dag.py:3954} INFO - Setting next_dagrun for example_bash_operator to 2024-05-26 00:00:00+00:00, run_after=2024-05-27 00:00:00+00:00
[2024-05-27T03:21:55.097+0000] {processor.py:183} INFO - Processing /home/airflow/.local/lib/python3.12/site-packages/airflow/example_dags/example_bash_operator.py took 0.040 seconds
[2024-05-27T03:22:25.658+0000] {processor.py:161} INFO - Started process (PID=272) to work on /home/airflow/.local/lib/python3.12/site-packages/airflow/example_dags/example_bash_operator.py
[2024-05-27T03:22:25.658+0000] {processor.py:830} INFO - Processing file /home/airflow/.local/lib/python3.12/site-packages/airflow/example_dags/example_bash_operator.py for tasks to queue
[2024-05-27T03:22:25.659+0000] {logging_mixin.py:188} INFO - [2024-05-27T03:22:25.659+0000] {dagbag.py:545} INFO - Filling up the DagBag from /home/airflow/.local/lib/python3.12/site-packages/airflow/example_dags/example_bash_operator.py
[2024-05-27T03:22:25.665+0000] {processor.py:840} INFO - DAG(s) 'example_bash_operator' retrieved from /home/airflow/.local/lib/python3.12/site-packages/airflow/example_dags/example_bash_operator.py
[2024-05-27T03:22:25.679+0000] {logging_mixin.py:188} INFO - [2024-05-27T03:22:25.679+0000] {dag.py:3096} INFO - Sync 1 DAGs
[2024-05-27T03:22:25.689+0000] {logging_mixin.py:188} INFO - [2024-05-27T03:22:25.689+0000] {dag.py:3954} INFO - Setting next_dagrun for example_bash_operator to 2024-05-26 00:00:00+00:00, run_after=2024-05-27 00:00:00+00:00
[2024-05-27T03:22:25.697+0000] {processor.py:183} INFO - Processing /home/airflow/.local/lib/python3.12/site-packages/airflow/example_dags/example_bash_operator.py took 0.043 seconds
[2024-05-27T03:22:56.383+0000] {processor.py:161} INFO - Started process (PID=331) to work on /home/airflow/.local/lib/python3.12/site-packages/airflow/example_dags/example_bash_operator.py
[2024-05-27T03:22:56.384+0000] {processor.py:830} INFO - Processing file /home/airflow/.local/lib/python3.12/site-packages/airflow/example_dags/example_bash_operator.py for tasks to queue
[2024-05-27T03:22:56.385+0000] {logging_mixin.py:188} INFO - [2024-05-27T03:22:56.385+0000] {dagbag.py:545} INFO - Filling up the DagBag from /home/airflow/.local/lib/python3.12/site-packages/airflow/example_dags/example_bash_operator.py
[2024-05-27T03:22:56.390+0000] {processor.py:840} INFO - DAG(s) 'example_bash_operator' retrieved from /home/airflow/.local/lib/python3.12/site-packages/airflow/example_dags/example_bash_operator.py
[2024-05-27T03:22:56.402+0000] {logging_mixin.py:188} INFO - [2024-05-27T03:22:56.402+0000] {dag.py:3096} INFO - Sync 1 DAGs
[2024-05-27T03:22:56.413+0000] {logging_mixin.py:188} INFO - [2024-05-27T03:22:56.413+0000] {dag.py:3954} INFO - Setting next_dagrun for example_bash_operator to 2024-05-26 00:00:00+00:00, run_after=2024-05-27 00:00:00+00:00
[2024-05-27T03:22:56.422+0000] {processor.py:183} INFO - Processing /home/airflow/.local/lib/python3.12/site-packages/airflow/example_dags/example_bash_operator.py took 0.042 seconds
[2024-05-27T03:23:26.975+0000] {processor.py:161} INFO - Started process (PID=390) to work on /home/airflow/.local/lib/python3.12/site-packages/airflow/example_dags/example_bash_operator.py
[2024-05-27T03:23:26.975+0000] {processor.py:830} INFO - Processing file /home/airflow/.local/lib/python3.12/site-packages/airflow/example_dags/example_bash_operator.py for tasks to queue
[2024-05-27T03:23:26.976+0000] {logging_mixin.py:188} INFO - [2024-05-27T03:23:26.976+0000] {dagbag.py:545} INFO - Filling up the DagBag from /home/airflow/.local/lib/python3.12/site-packages/airflow/example_dags/example_bash_operator.py
[2024-05-27T03:23:26.981+0000] {processor.py:840} INFO - DAG(s) 'example_bash_operator' retrieved from /home/airflow/.local/lib/python3.12/site-packages/airflow/example_dags/example_bash_operator.py
[2024-05-27T03:23:26.993+0000] {logging_mixin.py:188} INFO - [2024-05-27T03:23:26.993+0000] {dag.py:3096} INFO - Sync 1 DAGs
[2024-05-27T03:23:27.002+0000] {logging_mixin.py:188} INFO - [2024-05-27T03:23:27.002+0000] {dag.py:3954} INFO - Setting next_dagrun for example_bash_operator to 2024-05-26 00:00:00+00:00, run_after=2024-05-27 00:00:00+00:00
[2024-05-27T03:23:27.010+0000] {processor.py:183} INFO - Processing /home/airflow/.local/lib/python3.12/site-packages/airflow/example_dags/example_bash_operator.py took 0.038 seconds
[2024-05-27T03:23:57.565+0000] {processor.py:161} INFO - Started process (PID=449) to work on /home/airflow/.local/lib/python3.12/site-packages/airflow/example_dags/example_bash_operator.py
[2024-05-27T03:23:57.566+0000] {processor.py:830} INFO - Processing file /home/airflow/.local/lib/python3.12/site-packages/airflow/example_dags/example_bash_operator.py for tasks to queue
[2024-05-27T03:23:57.567+0000] {logging_mixin.py:188} INFO - [2024-05-27T03:23:57.567+0000] {dagbag.py:545} INFO - Filling up the DagBag from /home/airflow/.local/lib/python3.12/site-packages/airflow/example_dags/example_bash_operator.py
[2024-05-27T03:23:57.572+0000] {processor.py:840} INFO - DAG(s) 'example_bash_operator' retrieved from /home/airflow/.local/lib/python3.12/site-packages/airflow/example_dags/example_bash_operator.py
[2024-05-27T03:23:57.584+0000] {logging_mixin.py:188} INFO - [2024-05-27T03:23:57.584+0000] {dag.py:3096} INFO - Sync 1 DAGs
[2024-05-27T03:23:57.595+0000] {logging_mixin.py:188} INFO - [2024-05-27T03:23:57.595+0000] {dag.py:3954} INFO - Setting next_dagrun for example_bash_operator to 2024-05-26 00:00:00+00:00, run_after=2024-05-27 00:00:00+00:00
[2024-05-27T03:23:57.603+0000] {processor.py:183} INFO - Processing /home/airflow/.local/lib/python3.12/site-packages/airflow/example_dags/example_bash_operator.py took 0.041 seconds
[2024-05-27T03:24:28.127+0000] {processor.py:161} INFO - Started process (PID=508) to work on /home/airflow/.local/lib/python3.12/site-packages/airflow/example_dags/example_bash_operator.py
[2024-05-27T03:24:28.131+0000] {processor.py:830} INFO - Processing file /home/airflow/.local/lib/python3.12/site-packages/airflow/example_dags/example_bash_operator.py for tasks to queue
[2024-05-27T03:24:28.132+0000] {logging_mixin.py:188} INFO - [2024-05-27T03:24:28.132+0000] {dagbag.py:545} INFO - Filling up the DagBag from /home/airflow/.local/lib/python3.12/site-packages/airflow/example_dags/example_bash_operator.py
[2024-05-27T03:24:28.137+0000] {processor.py:840} INFO - DAG(s) 'example_bash_operator' retrieved from /home/airflow/.local/lib/python3.12/site-packages/airflow/example_dags/example_bash_operator.py
[2024-05-27T03:24:28.149+0000] {logging_mixin.py:188} INFO - [2024-05-27T03:24:28.148+0000] {dag.py:3096} INFO - Sync 1 DAGs
[2024-05-27T03:24:28.159+0000] {logging_mixin.py:188} INFO - [2024-05-27T03:24:28.159+0000] {dag.py:3954} INFO - Setting next_dagrun for example_bash_operator to 2024-05-26 00:00:00+00:00, run_after=2024-05-27 00:00:00+00:00
[2024-05-27T03:24:28.167+0000] {processor.py:183} INFO - Processing /home/airflow/.local/lib/python3.12/site-packages/airflow/example_dags/example_bash_operator.py took 0.043 seconds
[2024-05-27T03:24:58.782+0000] {processor.py:161} INFO - Started process (PID=567) to work on /home/airflow/.local/lib/python3.12/site-packages/airflow/example_dags/example_bash_operator.py
[2024-05-27T03:24:58.783+0000] {processor.py:830} INFO - Processing file /home/airflow/.local/lib/python3.12/site-packages/airflow/example_dags/example_bash_operator.py for tasks to queue
[2024-05-27T03:24:58.784+0000] {logging_mixin.py:188} INFO - [2024-05-27T03:24:58.783+0000] {dagbag.py:545} INFO - Filling up the DagBag from /home/airflow/.local/lib/python3.12/site-packages/airflow/example_dags/example_bash_operator.py
[2024-05-27T03:24:58.789+0000] {processor.py:840} INFO - DAG(s) 'example_bash_operator' retrieved from /home/airflow/.local/lib/python3.12/site-packages/airflow/example_dags/example_bash_operator.py
[2024-05-27T03:24:58.800+0000] {logging_mixin.py:188} INFO - [2024-05-27T03:24:58.800+0000] {dag.py:3096} INFO - Sync 1 DAGs
[2024-05-27T03:24:58.810+0000] {logging_mixin.py:188} INFO - [2024-05-27T03:24:58.810+0000] {dag.py:3954} INFO - Setting next_dagrun for example_bash_operator to 2024-05-26 00:00:00+00:00, run_after=2024-05-27 00:00:00+00:00
[2024-05-27T03:24:58.818+0000] {processor.py:183} INFO - Processing /home/airflow/.local/lib/python3.12/site-packages/airflow/example_dags/example_bash_operator.py took 0.039 seconds
[2024-05-27T03:25:29.403+0000] {processor.py:161} INFO - Started process (PID=626) to work on /home/airflow/.local/lib/python3.12/site-packages/airflow/example_dags/example_bash_operator.py
[2024-05-27T03:25:29.404+0000] {processor.py:830} INFO - Processing file /home/airflow/.local/lib/python3.12/site-packages/airflow/example_dags/example_bash_operator.py for tasks to queue
[2024-05-27T03:25:29.405+0000] {logging_mixin.py:188} INFO - [2024-05-27T03:25:29.405+0000] {dagbag.py:545} INFO - Filling up the DagBag from /home/airflow/.local/lib/python3.12/site-packages/airflow/example_dags/example_bash_operator.py
[2024-05-27T03:25:29.410+0000] {processor.py:840} INFO - DAG(s) 'example_bash_operator' retrieved from /home/airflow/.local/lib/python3.12/site-packages/airflow/example_dags/example_bash_operator.py
[2024-05-27T03:25:29.421+0000] {logging_mixin.py:188} INFO - [2024-05-27T03:25:29.421+0000] {dag.py:3096} INFO - Sync 1 DAGs
[2024-05-27T03:25:29.430+0000] {logging_mixin.py:188} INFO - [2024-05-27T03:25:29.430+0000] {dag.py:3954} INFO - Setting next_dagrun for example_bash_operator to 2024-05-26 00:00:00+00:00, run_after=2024-05-27 00:00:00+00:00
[2024-05-27T03:25:29.439+0000] {processor.py:183} INFO - Processing /home/airflow/.local/lib/python3.12/site-packages/airflow/example_dags/example_bash_operator.py took 0.038 seconds
[2024-05-27T03:25:59.973+0000] {processor.py:161} INFO - Started process (PID=685) to work on /home/airflow/.local/lib/python3.12/site-packages/airflow/example_dags/example_bash_operator.py
[2024-05-27T03:25:59.973+0000] {processor.py:830} INFO - Processing file /home/airflow/.local/lib/python3.12/site-packages/airflow/example_dags/example_bash_operator.py for tasks to queue
[2024-05-27T03:25:59.974+0000] {logging_mixin.py:188} INFO - [2024-05-27T03:25:59.974+0000] {dagbag.py:545} INFO - Filling up the DagBag from /home/airflow/.local/lib/python3.12/site-packages/airflow/example_dags/example_bash_operator.py
[2024-05-27T03:25:59.979+0000] {processor.py:840} INFO - DAG(s) 'example_bash_operator' retrieved from /home/airflow/.local/lib/python3.12/site-packages/airflow/example_dags/example_bash_operator.py
[2024-05-27T03:25:59.990+0000] {logging_mixin.py:188} INFO - [2024-05-27T03:25:59.990+0000] {dag.py:3096} INFO - Sync 1 DAGs
[2024-05-27T03:26:00.000+0000] {logging_mixin.py:188} INFO - [2024-05-27T03:26:00.000+0000] {dag.py:3954} INFO - Setting next_dagrun for example_bash_operator to 2024-05-26 00:00:00+00:00, run_after=2024-05-27 00:00:00+00:00
[2024-05-27T03:26:00.008+0000] {processor.py:183} INFO - Processing /home/airflow/.local/lib/python3.12/site-packages/airflow/example_dags/example_bash_operator.py took 0.038 seconds
[2024-05-27T04:11:54.493+0000] {processor.py:161} INFO - Started process (PID=36) to work on /home/airflow/.local/lib/python3.12/site-packages/airflow/example_dags/example_bash_operator.py
[2024-05-27T04:11:54.494+0000] {processor.py:830} INFO - Processing file /home/airflow/.local/lib/python3.12/site-packages/airflow/example_dags/example_bash_operator.py for tasks to queue
[2024-05-27T04:11:54.494+0000] {logging_mixin.py:188} INFO - [2024-05-27T04:11:54.494+0000] {dagbag.py:545} INFO - Filling up the DagBag from /home/airflow/.local/lib/python3.12/site-packages/airflow/example_dags/example_bash_operator.py
[2024-05-27T04:11:54.501+0000] {processor.py:840} INFO - DAG(s) 'example_bash_operator' retrieved from /home/airflow/.local/lib/python3.12/site-packages/airflow/example_dags/example_bash_operator.py
[2024-05-27T04:11:54.516+0000] {logging_mixin.py:188} INFO - [2024-05-27T04:11:54.515+0000] {dag.py:3096} INFO - Sync 1 DAGs
[2024-05-27T04:11:54.538+0000] {logging_mixin.py:188} INFO - [2024-05-27T04:11:54.538+0000] {dag.py:3954} INFO - Setting next_dagrun for example_bash_operator to 2024-05-26 00:00:00+00:00, run_after=2024-05-27 00:00:00+00:00
[2024-05-27T04:11:54.568+0000] {processor.py:183} INFO - Processing /home/airflow/.local/lib/python3.12/site-packages/airflow/example_dags/example_bash_operator.py took 0.077 seconds
