[2024-05-27T02:56:56.178+0000] {processor.py:161} INFO - Started process (PID=40) to work on /home/airflow/.local/lib/python3.12/site-packages/airflow/example_dags/example_short_circuit_operator.py
[2024-05-27T02:56:56.179+0000] {processor.py:830} INFO - Processing file /home/airflow/.local/lib/python3.12/site-packages/airflow/example_dags/example_short_circuit_operator.py for tasks to queue
[2024-05-27T02:56:56.180+0000] {logging_mixin.py:188} INFO - [2024-05-27T02:56:56.180+0000] {dagbag.py:545} INFO - Filling up the DagBag from /home/airflow/.local/lib/python3.12/site-packages/airflow/example_dags/example_short_circuit_operator.py
[2024-05-27T02:56:56.186+0000] {processor.py:840} INFO - DAG(s) 'example_short_circuit_operator' retrieved from /home/airflow/.local/lib/python3.12/site-packages/airflow/example_dags/example_short_circuit_operator.py
[2024-05-27T02:56:56.194+0000] {logging_mixin.py:188} INFO - [2024-05-27T02:56:56.194+0000] {dag.py:3096} INFO - Sync 1 DAGs
[2024-05-27T02:56:56.208+0000] {logging_mixin.py:188} INFO - [2024-05-27T02:56:56.208+0000] {dag.py:3954} INFO - Setting next_dagrun for example_short_circuit_operator to 2024-05-26 00:00:00+00:00, run_after=2024-05-27 00:00:00+00:00
[2024-05-27T02:56:56.219+0000] {processor.py:183} INFO - Processing /home/airflow/.local/lib/python3.12/site-packages/airflow/example_dags/example_short_circuit_operator.py took 0.044 seconds
[2024-05-27T02:57:26.446+0000] {processor.py:161} INFO - Started process (PID=99) to work on /home/airflow/.local/lib/python3.12/site-packages/airflow/example_dags/example_short_circuit_operator.py
[2024-05-27T02:57:26.446+0000] {processor.py:830} INFO - Processing file /home/airflow/.local/lib/python3.12/site-packages/airflow/example_dags/example_short_circuit_operator.py for tasks to queue
[2024-05-27T02:57:26.447+0000] {logging_mixin.py:188} INFO - [2024-05-27T02:57:26.447+0000] {dagbag.py:545} INFO - Filling up the DagBag from /home/airflow/.local/lib/python3.12/site-packages/airflow/example_dags/example_short_circuit_operator.py
[2024-05-27T02:57:26.450+0000] {processor.py:840} INFO - DAG(s) 'example_short_circuit_operator' retrieved from /home/airflow/.local/lib/python3.12/site-packages/airflow/example_dags/example_short_circuit_operator.py
[2024-05-27T02:57:26.491+0000] {logging_mixin.py:188} INFO - [2024-05-27T02:57:26.491+0000] {dag.py:3096} INFO - Sync 1 DAGs
[2024-05-27T02:57:26.499+0000] {logging_mixin.py:188} INFO - [2024-05-27T02:57:26.499+0000] {dag.py:3954} INFO - Setting next_dagrun for example_short_circuit_operator to 2024-05-26 00:00:00+00:00, run_after=2024-05-27 00:00:00+00:00
[2024-05-27T02:57:26.507+0000] {processor.py:183} INFO - Processing /home/airflow/.local/lib/python3.12/site-packages/airflow/example_dags/example_short_circuit_operator.py took 0.064 seconds
[2024-05-27T02:57:56.654+0000] {processor.py:161} INFO - Started process (PID=158) to work on /home/airflow/.local/lib/python3.12/site-packages/airflow/example_dags/example_short_circuit_operator.py
[2024-05-27T02:57:56.655+0000] {processor.py:830} INFO - Processing file /home/airflow/.local/lib/python3.12/site-packages/airflow/example_dags/example_short_circuit_operator.py for tasks to queue
[2024-05-27T02:57:56.656+0000] {logging_mixin.py:188} INFO - [2024-05-27T02:57:56.656+0000] {dagbag.py:545} INFO - Filling up the DagBag from /home/airflow/.local/lib/python3.12/site-packages/airflow/example_dags/example_short_circuit_operator.py
[2024-05-27T02:57:56.659+0000] {processor.py:840} INFO - DAG(s) 'example_short_circuit_operator' retrieved from /home/airflow/.local/lib/python3.12/site-packages/airflow/example_dags/example_short_circuit_operator.py
[2024-05-27T02:57:56.670+0000] {logging_mixin.py:188} INFO - [2024-05-27T02:57:56.670+0000] {dag.py:3096} INFO - Sync 1 DAGs
[2024-05-27T02:57:56.679+0000] {logging_mixin.py:188} INFO - [2024-05-27T02:57:56.679+0000] {dag.py:3954} INFO - Setting next_dagrun for example_short_circuit_operator to 2024-05-26 00:00:00+00:00, run_after=2024-05-27 00:00:00+00:00
[2024-05-27T02:57:56.688+0000] {processor.py:183} INFO - Processing /home/airflow/.local/lib/python3.12/site-packages/airflow/example_dags/example_short_circuit_operator.py took 0.036 seconds
[2024-05-27T02:58:27.260+0000] {processor.py:161} INFO - Started process (PID=217) to work on /home/airflow/.local/lib/python3.12/site-packages/airflow/example_dags/example_short_circuit_operator.py
[2024-05-27T02:58:27.261+0000] {processor.py:830} INFO - Processing file /home/airflow/.local/lib/python3.12/site-packages/airflow/example_dags/example_short_circuit_operator.py for tasks to queue
[2024-05-27T02:58:27.262+0000] {logging_mixin.py:188} INFO - [2024-05-27T02:58:27.262+0000] {dagbag.py:545} INFO - Filling up the DagBag from /home/airflow/.local/lib/python3.12/site-packages/airflow/example_dags/example_short_circuit_operator.py
[2024-05-27T02:58:27.265+0000] {processor.py:840} INFO - DAG(s) 'example_short_circuit_operator' retrieved from /home/airflow/.local/lib/python3.12/site-packages/airflow/example_dags/example_short_circuit_operator.py
[2024-05-27T02:58:27.276+0000] {logging_mixin.py:188} INFO - [2024-05-27T02:58:27.276+0000] {dag.py:3096} INFO - Sync 1 DAGs
[2024-05-27T02:58:27.287+0000] {logging_mixin.py:188} INFO - [2024-05-27T02:58:27.286+0000] {dag.py:3954} INFO - Setting next_dagrun for example_short_circuit_operator to 2024-05-26 00:00:00+00:00, run_after=2024-05-27 00:00:00+00:00
[2024-05-27T02:58:27.296+0000] {processor.py:183} INFO - Processing /home/airflow/.local/lib/python3.12/site-packages/airflow/example_dags/example_short_circuit_operator.py took 0.038 seconds
[2024-05-27T02:58:57.799+0000] {processor.py:161} INFO - Started process (PID=276) to work on /home/airflow/.local/lib/python3.12/site-packages/airflow/example_dags/example_short_circuit_operator.py
[2024-05-27T02:58:57.800+0000] {processor.py:830} INFO - Processing file /home/airflow/.local/lib/python3.12/site-packages/airflow/example_dags/example_short_circuit_operator.py for tasks to queue
[2024-05-27T02:58:57.802+0000] {logging_mixin.py:188} INFO - [2024-05-27T02:58:57.802+0000] {dagbag.py:545} INFO - Filling up the DagBag from /home/airflow/.local/lib/python3.12/site-packages/airflow/example_dags/example_short_circuit_operator.py
[2024-05-27T02:58:57.806+0000] {processor.py:840} INFO - DAG(s) 'example_short_circuit_operator' retrieved from /home/airflow/.local/lib/python3.12/site-packages/airflow/example_dags/example_short_circuit_operator.py
[2024-05-27T02:58:57.816+0000] {logging_mixin.py:188} INFO - [2024-05-27T02:58:57.816+0000] {dag.py:3096} INFO - Sync 1 DAGs
[2024-05-27T02:58:57.826+0000] {logging_mixin.py:188} INFO - [2024-05-27T02:58:57.826+0000] {dag.py:3954} INFO - Setting next_dagrun for example_short_circuit_operator to 2024-05-26 00:00:00+00:00, run_after=2024-05-27 00:00:00+00:00
[2024-05-27T02:58:57.834+0000] {processor.py:183} INFO - Processing /home/airflow/.local/lib/python3.12/site-packages/airflow/example_dags/example_short_circuit_operator.py took 0.038 seconds
[2024-05-27T02:59:28.393+0000] {processor.py:161} INFO - Started process (PID=335) to work on /home/airflow/.local/lib/python3.12/site-packages/airflow/example_dags/example_short_circuit_operator.py
[2024-05-27T02:59:28.394+0000] {processor.py:830} INFO - Processing file /home/airflow/.local/lib/python3.12/site-packages/airflow/example_dags/example_short_circuit_operator.py for tasks to queue
[2024-05-27T02:59:28.394+0000] {logging_mixin.py:188} INFO - [2024-05-27T02:59:28.394+0000] {dagbag.py:545} INFO - Filling up the DagBag from /home/airflow/.local/lib/python3.12/site-packages/airflow/example_dags/example_short_circuit_operator.py
[2024-05-27T02:59:28.398+0000] {processor.py:840} INFO - DAG(s) 'example_short_circuit_operator' retrieved from /home/airflow/.local/lib/python3.12/site-packages/airflow/example_dags/example_short_circuit_operator.py
[2024-05-27T02:59:28.409+0000] {logging_mixin.py:188} INFO - [2024-05-27T02:59:28.408+0000] {dag.py:3096} INFO - Sync 1 DAGs
[2024-05-27T02:59:28.419+0000] {logging_mixin.py:188} INFO - [2024-05-27T02:59:28.419+0000] {dag.py:3954} INFO - Setting next_dagrun for example_short_circuit_operator to 2024-05-26 00:00:00+00:00, run_after=2024-05-27 00:00:00+00:00
[2024-05-27T02:59:28.427+0000] {processor.py:183} INFO - Processing /home/airflow/.local/lib/python3.12/site-packages/airflow/example_dags/example_short_circuit_operator.py took 0.037 seconds
[2024-05-27T02:59:58.963+0000] {processor.py:161} INFO - Started process (PID=394) to work on /home/airflow/.local/lib/python3.12/site-packages/airflow/example_dags/example_short_circuit_operator.py
[2024-05-27T02:59:58.964+0000] {processor.py:830} INFO - Processing file /home/airflow/.local/lib/python3.12/site-packages/airflow/example_dags/example_short_circuit_operator.py for tasks to queue
[2024-05-27T02:59:58.965+0000] {logging_mixin.py:188} INFO - [2024-05-27T02:59:58.965+0000] {dagbag.py:545} INFO - Filling up the DagBag from /home/airflow/.local/lib/python3.12/site-packages/airflow/example_dags/example_short_circuit_operator.py
[2024-05-27T02:59:58.968+0000] {processor.py:840} INFO - DAG(s) 'example_short_circuit_operator' retrieved from /home/airflow/.local/lib/python3.12/site-packages/airflow/example_dags/example_short_circuit_operator.py
[2024-05-27T02:59:58.979+0000] {logging_mixin.py:188} INFO - [2024-05-27T02:59:58.979+0000] {dag.py:3096} INFO - Sync 1 DAGs
[2024-05-27T02:59:58.988+0000] {logging_mixin.py:188} INFO - [2024-05-27T02:59:58.988+0000] {dag.py:3954} INFO - Setting next_dagrun for example_short_circuit_operator to 2024-05-26 00:00:00+00:00, run_after=2024-05-27 00:00:00+00:00
[2024-05-27T02:59:58.996+0000] {processor.py:183} INFO - Processing /home/airflow/.local/lib/python3.12/site-packages/airflow/example_dags/example_short_circuit_operator.py took 0.036 seconds
[2024-05-27T03:00:29.503+0000] {processor.py:161} INFO - Started process (PID=453) to work on /home/airflow/.local/lib/python3.12/site-packages/airflow/example_dags/example_short_circuit_operator.py
[2024-05-27T03:00:29.503+0000] {processor.py:830} INFO - Processing file /home/airflow/.local/lib/python3.12/site-packages/airflow/example_dags/example_short_circuit_operator.py for tasks to queue
[2024-05-27T03:00:29.504+0000] {logging_mixin.py:188} INFO - [2024-05-27T03:00:29.504+0000] {dagbag.py:545} INFO - Filling up the DagBag from /home/airflow/.local/lib/python3.12/site-packages/airflow/example_dags/example_short_circuit_operator.py
[2024-05-27T03:00:29.508+0000] {processor.py:840} INFO - DAG(s) 'example_short_circuit_operator' retrieved from /home/airflow/.local/lib/python3.12/site-packages/airflow/example_dags/example_short_circuit_operator.py
[2024-05-27T03:00:29.518+0000] {logging_mixin.py:188} INFO - [2024-05-27T03:00:29.518+0000] {dag.py:3096} INFO - Sync 1 DAGs
[2024-05-27T03:00:29.528+0000] {logging_mixin.py:188} INFO - [2024-05-27T03:00:29.528+0000] {dag.py:3954} INFO - Setting next_dagrun for example_short_circuit_operator to 2024-05-26 00:00:00+00:00, run_after=2024-05-27 00:00:00+00:00
[2024-05-27T03:00:29.537+0000] {processor.py:183} INFO - Processing /home/airflow/.local/lib/python3.12/site-packages/airflow/example_dags/example_short_circuit_operator.py took 0.037 seconds
[2024-05-27T03:01:00.068+0000] {processor.py:161} INFO - Started process (PID=511) to work on /home/airflow/.local/lib/python3.12/site-packages/airflow/example_dags/example_short_circuit_operator.py
[2024-05-27T03:01:00.068+0000] {processor.py:830} INFO - Processing file /home/airflow/.local/lib/python3.12/site-packages/airflow/example_dags/example_short_circuit_operator.py for tasks to queue
[2024-05-27T03:01:00.069+0000] {logging_mixin.py:188} INFO - [2024-05-27T03:01:00.069+0000] {dagbag.py:545} INFO - Filling up the DagBag from /home/airflow/.local/lib/python3.12/site-packages/airflow/example_dags/example_short_circuit_operator.py
[2024-05-27T03:01:00.073+0000] {processor.py:840} INFO - DAG(s) 'example_short_circuit_operator' retrieved from /home/airflow/.local/lib/python3.12/site-packages/airflow/example_dags/example_short_circuit_operator.py
[2024-05-27T03:01:00.083+0000] {logging_mixin.py:188} INFO - [2024-05-27T03:01:00.083+0000] {dag.py:3096} INFO - Sync 1 DAGs
[2024-05-27T03:01:00.094+0000] {logging_mixin.py:188} INFO - [2024-05-27T03:01:00.094+0000] {dag.py:3954} INFO - Setting next_dagrun for example_short_circuit_operator to 2024-05-26 00:00:00+00:00, run_after=2024-05-27 00:00:00+00:00
[2024-05-27T03:01:00.103+0000] {processor.py:183} INFO - Processing /home/airflow/.local/lib/python3.12/site-packages/airflow/example_dags/example_short_circuit_operator.py took 0.038 seconds
[2024-05-27T03:01:30.644+0000] {processor.py:161} INFO - Started process (PID=570) to work on /home/airflow/.local/lib/python3.12/site-packages/airflow/example_dags/example_short_circuit_operator.py
[2024-05-27T03:01:30.644+0000] {processor.py:830} INFO - Processing file /home/airflow/.local/lib/python3.12/site-packages/airflow/example_dags/example_short_circuit_operator.py for tasks to queue
[2024-05-27T03:01:30.645+0000] {logging_mixin.py:188} INFO - [2024-05-27T03:01:30.645+0000] {dagbag.py:545} INFO - Filling up the DagBag from /home/airflow/.local/lib/python3.12/site-packages/airflow/example_dags/example_short_circuit_operator.py
[2024-05-27T03:01:30.649+0000] {processor.py:840} INFO - DAG(s) 'example_short_circuit_operator' retrieved from /home/airflow/.local/lib/python3.12/site-packages/airflow/example_dags/example_short_circuit_operator.py
[2024-05-27T03:01:30.659+0000] {logging_mixin.py:188} INFO - [2024-05-27T03:01:30.659+0000] {dag.py:3096} INFO - Sync 1 DAGs
[2024-05-27T03:01:30.670+0000] {logging_mixin.py:188} INFO - [2024-05-27T03:01:30.669+0000] {dag.py:3954} INFO - Setting next_dagrun for example_short_circuit_operator to 2024-05-26 00:00:00+00:00, run_after=2024-05-27 00:00:00+00:00
[2024-05-27T03:01:30.678+0000] {processor.py:183} INFO - Processing /home/airflow/.local/lib/python3.12/site-packages/airflow/example_dags/example_short_circuit_operator.py took 0.037 seconds
[2024-05-27T03:02:01.304+0000] {processor.py:161} INFO - Started process (PID=629) to work on /home/airflow/.local/lib/python3.12/site-packages/airflow/example_dags/example_short_circuit_operator.py
[2024-05-27T03:02:01.305+0000] {processor.py:830} INFO - Processing file /home/airflow/.local/lib/python3.12/site-packages/airflow/example_dags/example_short_circuit_operator.py for tasks to queue
[2024-05-27T03:02:01.306+0000] {logging_mixin.py:188} INFO - [2024-05-27T03:02:01.306+0000] {dagbag.py:545} INFO - Filling up the DagBag from /home/airflow/.local/lib/python3.12/site-packages/airflow/example_dags/example_short_circuit_operator.py
[2024-05-27T03:02:01.309+0000] {processor.py:840} INFO - DAG(s) 'example_short_circuit_operator' retrieved from /home/airflow/.local/lib/python3.12/site-packages/airflow/example_dags/example_short_circuit_operator.py
[2024-05-27T03:02:01.320+0000] {logging_mixin.py:188} INFO - [2024-05-27T03:02:01.320+0000] {dag.py:3096} INFO - Sync 1 DAGs
[2024-05-27T03:02:01.330+0000] {logging_mixin.py:188} INFO - [2024-05-27T03:02:01.330+0000] {dag.py:3954} INFO - Setting next_dagrun for example_short_circuit_operator to 2024-05-26 00:00:00+00:00, run_after=2024-05-27 00:00:00+00:00
[2024-05-27T03:02:01.338+0000] {processor.py:183} INFO - Processing /home/airflow/.local/lib/python3.12/site-packages/airflow/example_dags/example_short_circuit_operator.py took 0.037 seconds
[2024-05-27T03:02:31.890+0000] {processor.py:161} INFO - Started process (PID=688) to work on /home/airflow/.local/lib/python3.12/site-packages/airflow/example_dags/example_short_circuit_operator.py
[2024-05-27T03:02:31.893+0000] {processor.py:830} INFO - Processing file /home/airflow/.local/lib/python3.12/site-packages/airflow/example_dags/example_short_circuit_operator.py for tasks to queue
[2024-05-27T03:02:31.894+0000] {logging_mixin.py:188} INFO - [2024-05-27T03:02:31.894+0000] {dagbag.py:545} INFO - Filling up the DagBag from /home/airflow/.local/lib/python3.12/site-packages/airflow/example_dags/example_short_circuit_operator.py
[2024-05-27T03:02:31.897+0000] {processor.py:840} INFO - DAG(s) 'example_short_circuit_operator' retrieved from /home/airflow/.local/lib/python3.12/site-packages/airflow/example_dags/example_short_circuit_operator.py
[2024-05-27T03:02:31.910+0000] {logging_mixin.py:188} INFO - [2024-05-27T03:02:31.910+0000] {dag.py:3096} INFO - Sync 1 DAGs
[2024-05-27T03:02:31.920+0000] {logging_mixin.py:188} INFO - [2024-05-27T03:02:31.920+0000] {dag.py:3954} INFO - Setting next_dagrun for example_short_circuit_operator to 2024-05-26 00:00:00+00:00, run_after=2024-05-27 00:00:00+00:00
[2024-05-27T03:02:31.928+0000] {processor.py:183} INFO - Processing /home/airflow/.local/lib/python3.12/site-packages/airflow/example_dags/example_short_circuit_operator.py took 0.041 seconds
[2024-05-27T03:03:02.415+0000] {processor.py:161} INFO - Started process (PID=747) to work on /home/airflow/.local/lib/python3.12/site-packages/airflow/example_dags/example_short_circuit_operator.py
[2024-05-27T03:03:02.415+0000] {processor.py:830} INFO - Processing file /home/airflow/.local/lib/python3.12/site-packages/airflow/example_dags/example_short_circuit_operator.py for tasks to queue
[2024-05-27T03:03:02.416+0000] {logging_mixin.py:188} INFO - [2024-05-27T03:03:02.416+0000] {dagbag.py:545} INFO - Filling up the DagBag from /home/airflow/.local/lib/python3.12/site-packages/airflow/example_dags/example_short_circuit_operator.py
[2024-05-27T03:03:02.420+0000] {processor.py:840} INFO - DAG(s) 'example_short_circuit_operator' retrieved from /home/airflow/.local/lib/python3.12/site-packages/airflow/example_dags/example_short_circuit_operator.py
[2024-05-27T03:03:02.432+0000] {logging_mixin.py:188} INFO - [2024-05-27T03:03:02.432+0000] {dag.py:3096} INFO - Sync 1 DAGs
[2024-05-27T03:03:02.443+0000] {logging_mixin.py:188} INFO - [2024-05-27T03:03:02.443+0000] {dag.py:3954} INFO - Setting next_dagrun for example_short_circuit_operator to 2024-05-26 00:00:00+00:00, run_after=2024-05-27 00:00:00+00:00
[2024-05-27T03:03:02.453+0000] {processor.py:183} INFO - Processing /home/airflow/.local/lib/python3.12/site-packages/airflow/example_dags/example_short_circuit_operator.py took 0.042 seconds
[2024-05-27T03:03:32.992+0000] {processor.py:161} INFO - Started process (PID=806) to work on /home/airflow/.local/lib/python3.12/site-packages/airflow/example_dags/example_short_circuit_operator.py
[2024-05-27T03:03:32.993+0000] {processor.py:830} INFO - Processing file /home/airflow/.local/lib/python3.12/site-packages/airflow/example_dags/example_short_circuit_operator.py for tasks to queue
[2024-05-27T03:03:32.994+0000] {logging_mixin.py:188} INFO - [2024-05-27T03:03:32.994+0000] {dagbag.py:545} INFO - Filling up the DagBag from /home/airflow/.local/lib/python3.12/site-packages/airflow/example_dags/example_short_circuit_operator.py
[2024-05-27T03:03:32.998+0000] {processor.py:840} INFO - DAG(s) 'example_short_circuit_operator' retrieved from /home/airflow/.local/lib/python3.12/site-packages/airflow/example_dags/example_short_circuit_operator.py
[2024-05-27T03:03:33.010+0000] {logging_mixin.py:188} INFO - [2024-05-27T03:03:33.009+0000] {dag.py:3096} INFO - Sync 1 DAGs
[2024-05-27T03:03:33.019+0000] {logging_mixin.py:188} INFO - [2024-05-27T03:03:33.019+0000] {dag.py:3954} INFO - Setting next_dagrun for example_short_circuit_operator to 2024-05-26 00:00:00+00:00, run_after=2024-05-27 00:00:00+00:00
[2024-05-27T03:03:33.028+0000] {processor.py:183} INFO - Processing /home/airflow/.local/lib/python3.12/site-packages/airflow/example_dags/example_short_circuit_operator.py took 0.039 seconds
[2024-05-27T03:04:03.658+0000] {processor.py:161} INFO - Started process (PID=864) to work on /home/airflow/.local/lib/python3.12/site-packages/airflow/example_dags/example_short_circuit_operator.py
[2024-05-27T03:04:03.659+0000] {processor.py:830} INFO - Processing file /home/airflow/.local/lib/python3.12/site-packages/airflow/example_dags/example_short_circuit_operator.py for tasks to queue
[2024-05-27T03:04:03.661+0000] {logging_mixin.py:188} INFO - [2024-05-27T03:04:03.661+0000] {dagbag.py:545} INFO - Filling up the DagBag from /home/airflow/.local/lib/python3.12/site-packages/airflow/example_dags/example_short_circuit_operator.py
[2024-05-27T03:04:03.666+0000] {processor.py:840} INFO - DAG(s) 'example_short_circuit_operator' retrieved from /home/airflow/.local/lib/python3.12/site-packages/airflow/example_dags/example_short_circuit_operator.py
[2024-05-27T03:04:03.677+0000] {logging_mixin.py:188} INFO - [2024-05-27T03:04:03.677+0000] {dag.py:3096} INFO - Sync 1 DAGs
[2024-05-27T03:04:03.687+0000] {logging_mixin.py:188} INFO - [2024-05-27T03:04:03.687+0000] {dag.py:3954} INFO - Setting next_dagrun for example_short_circuit_operator to 2024-05-26 00:00:00+00:00, run_after=2024-05-27 00:00:00+00:00
[2024-05-27T03:04:03.696+0000] {processor.py:183} INFO - Processing /home/airflow/.local/lib/python3.12/site-packages/airflow/example_dags/example_short_circuit_operator.py took 0.041 seconds
[2024-05-27T03:04:34.485+0000] {processor.py:161} INFO - Started process (PID=923) to work on /home/airflow/.local/lib/python3.12/site-packages/airflow/example_dags/example_short_circuit_operator.py
[2024-05-27T03:04:34.486+0000] {processor.py:830} INFO - Processing file /home/airflow/.local/lib/python3.12/site-packages/airflow/example_dags/example_short_circuit_operator.py for tasks to queue
[2024-05-27T03:04:34.487+0000] {logging_mixin.py:188} INFO - [2024-05-27T03:04:34.487+0000] {dagbag.py:545} INFO - Filling up the DagBag from /home/airflow/.local/lib/python3.12/site-packages/airflow/example_dags/example_short_circuit_operator.py
[2024-05-27T03:04:34.491+0000] {processor.py:840} INFO - DAG(s) 'example_short_circuit_operator' retrieved from /home/airflow/.local/lib/python3.12/site-packages/airflow/example_dags/example_short_circuit_operator.py
[2024-05-27T03:04:34.501+0000] {logging_mixin.py:188} INFO - [2024-05-27T03:04:34.501+0000] {dag.py:3096} INFO - Sync 1 DAGs
[2024-05-27T03:04:34.511+0000] {logging_mixin.py:188} INFO - [2024-05-27T03:04:34.511+0000] {dag.py:3954} INFO - Setting next_dagrun for example_short_circuit_operator to 2024-05-26 00:00:00+00:00, run_after=2024-05-27 00:00:00+00:00
[2024-05-27T03:04:34.520+0000] {processor.py:183} INFO - Processing /home/airflow/.local/lib/python3.12/site-packages/airflow/example_dags/example_short_circuit_operator.py took 0.037 seconds
[2024-05-27T03:05:05.150+0000] {processor.py:161} INFO - Started process (PID=982) to work on /home/airflow/.local/lib/python3.12/site-packages/airflow/example_dags/example_short_circuit_operator.py
[2024-05-27T03:05:05.150+0000] {processor.py:830} INFO - Processing file /home/airflow/.local/lib/python3.12/site-packages/airflow/example_dags/example_short_circuit_operator.py for tasks to queue
[2024-05-27T03:05:05.151+0000] {logging_mixin.py:188} INFO - [2024-05-27T03:05:05.151+0000] {dagbag.py:545} INFO - Filling up the DagBag from /home/airflow/.local/lib/python3.12/site-packages/airflow/example_dags/example_short_circuit_operator.py
[2024-05-27T03:05:05.154+0000] {processor.py:840} INFO - DAG(s) 'example_short_circuit_operator' retrieved from /home/airflow/.local/lib/python3.12/site-packages/airflow/example_dags/example_short_circuit_operator.py
[2024-05-27T03:05:05.164+0000] {logging_mixin.py:188} INFO - [2024-05-27T03:05:05.164+0000] {dag.py:3096} INFO - Sync 1 DAGs
[2024-05-27T03:05:05.173+0000] {logging_mixin.py:188} INFO - [2024-05-27T03:05:05.173+0000] {dag.py:3954} INFO - Setting next_dagrun for example_short_circuit_operator to 2024-05-26 00:00:00+00:00, run_after=2024-05-27 00:00:00+00:00
[2024-05-27T03:05:05.182+0000] {processor.py:183} INFO - Processing /home/airflow/.local/lib/python3.12/site-packages/airflow/example_dags/example_short_circuit_operator.py took 0.034 seconds
[2024-05-27T03:05:35.745+0000] {processor.py:161} INFO - Started process (PID=1041) to work on /home/airflow/.local/lib/python3.12/site-packages/airflow/example_dags/example_short_circuit_operator.py
[2024-05-27T03:05:35.746+0000] {processor.py:830} INFO - Processing file /home/airflow/.local/lib/python3.12/site-packages/airflow/example_dags/example_short_circuit_operator.py for tasks to queue
[2024-05-27T03:05:35.747+0000] {logging_mixin.py:188} INFO - [2024-05-27T03:05:35.747+0000] {dagbag.py:545} INFO - Filling up the DagBag from /home/airflow/.local/lib/python3.12/site-packages/airflow/example_dags/example_short_circuit_operator.py
[2024-05-27T03:05:35.751+0000] {processor.py:840} INFO - DAG(s) 'example_short_circuit_operator' retrieved from /home/airflow/.local/lib/python3.12/site-packages/airflow/example_dags/example_short_circuit_operator.py
[2024-05-27T03:05:35.761+0000] {logging_mixin.py:188} INFO - [2024-05-27T03:05:35.761+0000] {dag.py:3096} INFO - Sync 1 DAGs
[2024-05-27T03:05:35.771+0000] {logging_mixin.py:188} INFO - [2024-05-27T03:05:35.770+0000] {dag.py:3954} INFO - Setting next_dagrun for example_short_circuit_operator to 2024-05-26 00:00:00+00:00, run_after=2024-05-27 00:00:00+00:00
[2024-05-27T03:05:35.778+0000] {processor.py:183} INFO - Processing /home/airflow/.local/lib/python3.12/site-packages/airflow/example_dags/example_short_circuit_operator.py took 0.035 seconds
[2024-05-27T03:06:06.339+0000] {processor.py:161} INFO - Started process (PID=1100) to work on /home/airflow/.local/lib/python3.12/site-packages/airflow/example_dags/example_short_circuit_operator.py
[2024-05-27T03:06:06.340+0000] {processor.py:830} INFO - Processing file /home/airflow/.local/lib/python3.12/site-packages/airflow/example_dags/example_short_circuit_operator.py for tasks to queue
[2024-05-27T03:06:06.341+0000] {logging_mixin.py:188} INFO - [2024-05-27T03:06:06.341+0000] {dagbag.py:545} INFO - Filling up the DagBag from /home/airflow/.local/lib/python3.12/site-packages/airflow/example_dags/example_short_circuit_operator.py
[2024-05-27T03:06:06.344+0000] {processor.py:840} INFO - DAG(s) 'example_short_circuit_operator' retrieved from /home/airflow/.local/lib/python3.12/site-packages/airflow/example_dags/example_short_circuit_operator.py
[2024-05-27T03:06:06.355+0000] {logging_mixin.py:188} INFO - [2024-05-27T03:06:06.355+0000] {dag.py:3096} INFO - Sync 1 DAGs
[2024-05-27T03:06:06.365+0000] {logging_mixin.py:188} INFO - [2024-05-27T03:06:06.365+0000] {dag.py:3954} INFO - Setting next_dagrun for example_short_circuit_operator to 2024-05-26 00:00:00+00:00, run_after=2024-05-27 00:00:00+00:00
[2024-05-27T03:06:06.373+0000] {processor.py:183} INFO - Processing /home/airflow/.local/lib/python3.12/site-packages/airflow/example_dags/example_short_circuit_operator.py took 0.037 seconds
[2024-05-27T03:06:37.062+0000] {processor.py:161} INFO - Started process (PID=1159) to work on /home/airflow/.local/lib/python3.12/site-packages/airflow/example_dags/example_short_circuit_operator.py
[2024-05-27T03:06:37.063+0000] {processor.py:830} INFO - Processing file /home/airflow/.local/lib/python3.12/site-packages/airflow/example_dags/example_short_circuit_operator.py for tasks to queue
[2024-05-27T03:06:37.064+0000] {logging_mixin.py:188} INFO - [2024-05-27T03:06:37.064+0000] {dagbag.py:545} INFO - Filling up the DagBag from /home/airflow/.local/lib/python3.12/site-packages/airflow/example_dags/example_short_circuit_operator.py
[2024-05-27T03:06:37.068+0000] {processor.py:840} INFO - DAG(s) 'example_short_circuit_operator' retrieved from /home/airflow/.local/lib/python3.12/site-packages/airflow/example_dags/example_short_circuit_operator.py
[2024-05-27T03:06:37.079+0000] {logging_mixin.py:188} INFO - [2024-05-27T03:06:37.079+0000] {dag.py:3096} INFO - Sync 1 DAGs
[2024-05-27T03:06:37.088+0000] {logging_mixin.py:188} INFO - [2024-05-27T03:06:37.088+0000] {dag.py:3954} INFO - Setting next_dagrun for example_short_circuit_operator to 2024-05-26 00:00:00+00:00, run_after=2024-05-27 00:00:00+00:00
[2024-05-27T03:06:37.096+0000] {processor.py:183} INFO - Processing /home/airflow/.local/lib/python3.12/site-packages/airflow/example_dags/example_short_circuit_operator.py took 0.037 seconds
[2024-05-27T03:07:07.595+0000] {processor.py:161} INFO - Started process (PID=1218) to work on /home/airflow/.local/lib/python3.12/site-packages/airflow/example_dags/example_short_circuit_operator.py
[2024-05-27T03:07:07.596+0000] {processor.py:830} INFO - Processing file /home/airflow/.local/lib/python3.12/site-packages/airflow/example_dags/example_short_circuit_operator.py for tasks to queue
[2024-05-27T03:07:07.597+0000] {logging_mixin.py:188} INFO - [2024-05-27T03:07:07.596+0000] {dagbag.py:545} INFO - Filling up the DagBag from /home/airflow/.local/lib/python3.12/site-packages/airflow/example_dags/example_short_circuit_operator.py
[2024-05-27T03:07:07.600+0000] {processor.py:840} INFO - DAG(s) 'example_short_circuit_operator' retrieved from /home/airflow/.local/lib/python3.12/site-packages/airflow/example_dags/example_short_circuit_operator.py
[2024-05-27T03:07:07.611+0000] {logging_mixin.py:188} INFO - [2024-05-27T03:07:07.611+0000] {dag.py:3096} INFO - Sync 1 DAGs
[2024-05-27T03:07:07.621+0000] {logging_mixin.py:188} INFO - [2024-05-27T03:07:07.621+0000] {dag.py:3954} INFO - Setting next_dagrun for example_short_circuit_operator to 2024-05-26 00:00:00+00:00, run_after=2024-05-27 00:00:00+00:00
[2024-05-27T03:07:07.629+0000] {processor.py:183} INFO - Processing /home/airflow/.local/lib/python3.12/site-packages/airflow/example_dags/example_short_circuit_operator.py took 0.037 seconds
[2024-05-27T03:07:38.214+0000] {processor.py:161} INFO - Started process (PID=1277) to work on /home/airflow/.local/lib/python3.12/site-packages/airflow/example_dags/example_short_circuit_operator.py
[2024-05-27T03:07:38.214+0000] {processor.py:830} INFO - Processing file /home/airflow/.local/lib/python3.12/site-packages/airflow/example_dags/example_short_circuit_operator.py for tasks to queue
[2024-05-27T03:07:38.215+0000] {logging_mixin.py:188} INFO - [2024-05-27T03:07:38.215+0000] {dagbag.py:545} INFO - Filling up the DagBag from /home/airflow/.local/lib/python3.12/site-packages/airflow/example_dags/example_short_circuit_operator.py
[2024-05-27T03:07:38.219+0000] {processor.py:840} INFO - DAG(s) 'example_short_circuit_operator' retrieved from /home/airflow/.local/lib/python3.12/site-packages/airflow/example_dags/example_short_circuit_operator.py
[2024-05-27T03:07:38.230+0000] {logging_mixin.py:188} INFO - [2024-05-27T03:07:38.230+0000] {dag.py:3096} INFO - Sync 1 DAGs
[2024-05-27T03:07:38.240+0000] {logging_mixin.py:188} INFO - [2024-05-27T03:07:38.240+0000] {dag.py:3954} INFO - Setting next_dagrun for example_short_circuit_operator to 2024-05-26 00:00:00+00:00, run_after=2024-05-27 00:00:00+00:00
[2024-05-27T03:07:38.248+0000] {processor.py:183} INFO - Processing /home/airflow/.local/lib/python3.12/site-packages/airflow/example_dags/example_short_circuit_operator.py took 0.037 seconds
[2024-05-27T03:08:36.430+0000] {processor.py:161} INFO - Started process (PID=40) to work on /home/airflow/.local/lib/python3.12/site-packages/airflow/example_dags/example_short_circuit_operator.py
[2024-05-27T03:08:36.431+0000] {processor.py:830} INFO - Processing file /home/airflow/.local/lib/python3.12/site-packages/airflow/example_dags/example_short_circuit_operator.py for tasks to queue
[2024-05-27T03:08:36.434+0000] {logging_mixin.py:188} INFO - [2024-05-27T03:08:36.433+0000] {dagbag.py:545} INFO - Filling up the DagBag from /home/airflow/.local/lib/python3.12/site-packages/airflow/example_dags/example_short_circuit_operator.py
[2024-05-27T03:08:36.445+0000] {processor.py:840} INFO - DAG(s) 'example_short_circuit_operator' retrieved from /home/airflow/.local/lib/python3.12/site-packages/airflow/example_dags/example_short_circuit_operator.py
[2024-05-27T03:08:36.465+0000] {logging_mixin.py:188} INFO - [2024-05-27T03:08:36.465+0000] {dag.py:3096} INFO - Sync 1 DAGs
[2024-05-27T03:08:36.483+0000] {logging_mixin.py:188} INFO - [2024-05-27T03:08:36.483+0000] {dag.py:3954} INFO - Setting next_dagrun for example_short_circuit_operator to 2024-05-26 00:00:00+00:00, run_after=2024-05-27 00:00:00+00:00
[2024-05-27T03:08:36.504+0000] {processor.py:183} INFO - Processing /home/airflow/.local/lib/python3.12/site-packages/airflow/example_dags/example_short_circuit_operator.py took 0.078 seconds
[2024-05-27T03:09:06.814+0000] {processor.py:161} INFO - Started process (PID=99) to work on /home/airflow/.local/lib/python3.12/site-packages/airflow/example_dags/example_short_circuit_operator.py
[2024-05-27T03:09:06.814+0000] {processor.py:830} INFO - Processing file /home/airflow/.local/lib/python3.12/site-packages/airflow/example_dags/example_short_circuit_operator.py for tasks to queue
[2024-05-27T03:09:06.815+0000] {logging_mixin.py:188} INFO - [2024-05-27T03:09:06.815+0000] {dagbag.py:545} INFO - Filling up the DagBag from /home/airflow/.local/lib/python3.12/site-packages/airflow/example_dags/example_short_circuit_operator.py
[2024-05-27T03:09:06.822+0000] {processor.py:840} INFO - DAG(s) 'example_short_circuit_operator' retrieved from /home/airflow/.local/lib/python3.12/site-packages/airflow/example_dags/example_short_circuit_operator.py
[2024-05-27T03:09:06.876+0000] {logging_mixin.py:188} INFO - [2024-05-27T03:09:06.876+0000] {dag.py:3096} INFO - Sync 1 DAGs
[2024-05-27T03:09:06.886+0000] {logging_mixin.py:188} INFO - [2024-05-27T03:09:06.886+0000] {dag.py:3954} INFO - Setting next_dagrun for example_short_circuit_operator to 2024-05-26 00:00:00+00:00, run_after=2024-05-27 00:00:00+00:00
[2024-05-27T03:09:06.897+0000] {processor.py:183} INFO - Processing /home/airflow/.local/lib/python3.12/site-packages/airflow/example_dags/example_short_circuit_operator.py took 0.087 seconds
[2024-05-27T03:09:37.139+0000] {processor.py:161} INFO - Started process (PID=158) to work on /home/airflow/.local/lib/python3.12/site-packages/airflow/example_dags/example_short_circuit_operator.py
[2024-05-27T03:09:37.140+0000] {processor.py:830} INFO - Processing file /home/airflow/.local/lib/python3.12/site-packages/airflow/example_dags/example_short_circuit_operator.py for tasks to queue
[2024-05-27T03:09:37.141+0000] {logging_mixin.py:188} INFO - [2024-05-27T03:09:37.140+0000] {dagbag.py:545} INFO - Filling up the DagBag from /home/airflow/.local/lib/python3.12/site-packages/airflow/example_dags/example_short_circuit_operator.py
[2024-05-27T03:09:37.144+0000] {processor.py:840} INFO - DAG(s) 'example_short_circuit_operator' retrieved from /home/airflow/.local/lib/python3.12/site-packages/airflow/example_dags/example_short_circuit_operator.py
[2024-05-27T03:09:37.155+0000] {logging_mixin.py:188} INFO - [2024-05-27T03:09:37.155+0000] {dag.py:3096} INFO - Sync 1 DAGs
[2024-05-27T03:09:37.165+0000] {logging_mixin.py:188} INFO - [2024-05-27T03:09:37.165+0000] {dag.py:3954} INFO - Setting next_dagrun for example_short_circuit_operator to 2024-05-26 00:00:00+00:00, run_after=2024-05-27 00:00:00+00:00
[2024-05-27T03:09:37.174+0000] {processor.py:183} INFO - Processing /home/airflow/.local/lib/python3.12/site-packages/airflow/example_dags/example_short_circuit_operator.py took 0.037 seconds
[2024-05-27T03:10:07.740+0000] {processor.py:161} INFO - Started process (PID=217) to work on /home/airflow/.local/lib/python3.12/site-packages/airflow/example_dags/example_short_circuit_operator.py
[2024-05-27T03:10:07.741+0000] {processor.py:830} INFO - Processing file /home/airflow/.local/lib/python3.12/site-packages/airflow/example_dags/example_short_circuit_operator.py for tasks to queue
[2024-05-27T03:10:07.742+0000] {logging_mixin.py:188} INFO - [2024-05-27T03:10:07.742+0000] {dagbag.py:545} INFO - Filling up the DagBag from /home/airflow/.local/lib/python3.12/site-packages/airflow/example_dags/example_short_circuit_operator.py
[2024-05-27T03:10:07.746+0000] {processor.py:840} INFO - DAG(s) 'example_short_circuit_operator' retrieved from /home/airflow/.local/lib/python3.12/site-packages/airflow/example_dags/example_short_circuit_operator.py
[2024-05-27T03:10:07.756+0000] {logging_mixin.py:188} INFO - [2024-05-27T03:10:07.756+0000] {dag.py:3096} INFO - Sync 1 DAGs
[2024-05-27T03:10:07.767+0000] {logging_mixin.py:188} INFO - [2024-05-27T03:10:07.766+0000] {dag.py:3954} INFO - Setting next_dagrun for example_short_circuit_operator to 2024-05-26 00:00:00+00:00, run_after=2024-05-27 00:00:00+00:00
[2024-05-27T03:10:07.776+0000] {processor.py:183} INFO - Processing /home/airflow/.local/lib/python3.12/site-packages/airflow/example_dags/example_short_circuit_operator.py took 0.039 seconds
[2024-05-27T03:20:24.223+0000] {processor.py:161} INFO - Started process (PID=40) to work on /home/airflow/.local/lib/python3.12/site-packages/airflow/example_dags/example_short_circuit_operator.py
[2024-05-27T03:20:24.223+0000] {processor.py:830} INFO - Processing file /home/airflow/.local/lib/python3.12/site-packages/airflow/example_dags/example_short_circuit_operator.py for tasks to queue
[2024-05-27T03:20:24.224+0000] {logging_mixin.py:188} INFO - [2024-05-27T03:20:24.224+0000] {dagbag.py:545} INFO - Filling up the DagBag from /home/airflow/.local/lib/python3.12/site-packages/airflow/example_dags/example_short_circuit_operator.py
[2024-05-27T03:20:24.230+0000] {processor.py:840} INFO - DAG(s) 'example_short_circuit_operator' retrieved from /home/airflow/.local/lib/python3.12/site-packages/airflow/example_dags/example_short_circuit_operator.py
[2024-05-27T03:20:24.236+0000] {logging_mixin.py:188} INFO - [2024-05-27T03:20:24.236+0000] {dag.py:3096} INFO - Sync 1 DAGs
[2024-05-27T03:20:24.248+0000] {logging_mixin.py:188} INFO - [2024-05-27T03:20:24.247+0000] {dag.py:3954} INFO - Setting next_dagrun for example_short_circuit_operator to 2024-05-26 00:00:00+00:00, run_after=2024-05-27 00:00:00+00:00
[2024-05-27T03:20:24.258+0000] {processor.py:183} INFO - Processing /home/airflow/.local/lib/python3.12/site-packages/airflow/example_dags/example_short_circuit_operator.py took 0.039 seconds
[2024-05-27T03:20:54.495+0000] {processor.py:161} INFO - Started process (PID=98) to work on /home/airflow/.local/lib/python3.12/site-packages/airflow/example_dags/example_short_circuit_operator.py
[2024-05-27T03:20:54.495+0000] {processor.py:830} INFO - Processing file /home/airflow/.local/lib/python3.12/site-packages/airflow/example_dags/example_short_circuit_operator.py for tasks to queue
[2024-05-27T03:20:54.496+0000] {logging_mixin.py:188} INFO - [2024-05-27T03:20:54.496+0000] {dagbag.py:545} INFO - Filling up the DagBag from /home/airflow/.local/lib/python3.12/site-packages/airflow/example_dags/example_short_circuit_operator.py
[2024-05-27T03:20:54.500+0000] {processor.py:840} INFO - DAG(s) 'example_short_circuit_operator' retrieved from /home/airflow/.local/lib/python3.12/site-packages/airflow/example_dags/example_short_circuit_operator.py
[2024-05-27T03:20:54.541+0000] {logging_mixin.py:188} INFO - [2024-05-27T03:20:54.541+0000] {dag.py:3096} INFO - Sync 1 DAGs
[2024-05-27T03:20:54.549+0000] {logging_mixin.py:188} INFO - [2024-05-27T03:20:54.549+0000] {dag.py:3954} INFO - Setting next_dagrun for example_short_circuit_operator to 2024-05-26 00:00:00+00:00, run_after=2024-05-27 00:00:00+00:00
[2024-05-27T03:20:54.557+0000] {processor.py:183} INFO - Processing /home/airflow/.local/lib/python3.12/site-packages/airflow/example_dags/example_short_circuit_operator.py took 0.064 seconds
[2024-05-27T03:21:24.629+0000] {processor.py:161} INFO - Started process (PID=157) to work on /home/airflow/.local/lib/python3.12/site-packages/airflow/example_dags/example_short_circuit_operator.py
[2024-05-27T03:21:24.629+0000] {processor.py:830} INFO - Processing file /home/airflow/.local/lib/python3.12/site-packages/airflow/example_dags/example_short_circuit_operator.py for tasks to queue
[2024-05-27T03:21:24.630+0000] {logging_mixin.py:188} INFO - [2024-05-27T03:21:24.630+0000] {dagbag.py:545} INFO - Filling up the DagBag from /home/airflow/.local/lib/python3.12/site-packages/airflow/example_dags/example_short_circuit_operator.py
[2024-05-27T03:21:24.634+0000] {processor.py:840} INFO - DAG(s) 'example_short_circuit_operator' retrieved from /home/airflow/.local/lib/python3.12/site-packages/airflow/example_dags/example_short_circuit_operator.py
[2024-05-27T03:21:24.644+0000] {logging_mixin.py:188} INFO - [2024-05-27T03:21:24.644+0000] {dag.py:3096} INFO - Sync 1 DAGs
[2024-05-27T03:21:24.653+0000] {logging_mixin.py:188} INFO - [2024-05-27T03:21:24.653+0000] {dag.py:3954} INFO - Setting next_dagrun for example_short_circuit_operator to 2024-05-26 00:00:00+00:00, run_after=2024-05-27 00:00:00+00:00
[2024-05-27T03:21:24.661+0000] {processor.py:183} INFO - Processing /home/airflow/.local/lib/python3.12/site-packages/airflow/example_dags/example_short_circuit_operator.py took 0.036 seconds
[2024-05-27T03:21:55.153+0000] {processor.py:161} INFO - Started process (PID=217) to work on /home/airflow/.local/lib/python3.12/site-packages/airflow/example_dags/example_short_circuit_operator.py
[2024-05-27T03:21:55.154+0000] {processor.py:830} INFO - Processing file /home/airflow/.local/lib/python3.12/site-packages/airflow/example_dags/example_short_circuit_operator.py for tasks to queue
[2024-05-27T03:21:55.155+0000] {logging_mixin.py:188} INFO - [2024-05-27T03:21:55.154+0000] {dagbag.py:545} INFO - Filling up the DagBag from /home/airflow/.local/lib/python3.12/site-packages/airflow/example_dags/example_short_circuit_operator.py
[2024-05-27T03:21:55.158+0000] {processor.py:840} INFO - DAG(s) 'example_short_circuit_operator' retrieved from /home/airflow/.local/lib/python3.12/site-packages/airflow/example_dags/example_short_circuit_operator.py
[2024-05-27T03:21:55.169+0000] {logging_mixin.py:188} INFO - [2024-05-27T03:21:55.169+0000] {dag.py:3096} INFO - Sync 1 DAGs
[2024-05-27T03:21:55.179+0000] {logging_mixin.py:188} INFO - [2024-05-27T03:21:55.179+0000] {dag.py:3954} INFO - Setting next_dagrun for example_short_circuit_operator to 2024-05-26 00:00:00+00:00, run_after=2024-05-27 00:00:00+00:00
[2024-05-27T03:21:55.187+0000] {processor.py:183} INFO - Processing /home/airflow/.local/lib/python3.12/site-packages/airflow/example_dags/example_short_circuit_operator.py took 0.037 seconds
[2024-05-27T03:22:25.754+0000] {processor.py:161} INFO - Started process (PID=276) to work on /home/airflow/.local/lib/python3.12/site-packages/airflow/example_dags/example_short_circuit_operator.py
[2024-05-27T03:22:25.754+0000] {processor.py:830} INFO - Processing file /home/airflow/.local/lib/python3.12/site-packages/airflow/example_dags/example_short_circuit_operator.py for tasks to queue
[2024-05-27T03:22:25.755+0000] {logging_mixin.py:188} INFO - [2024-05-27T03:22:25.755+0000] {dagbag.py:545} INFO - Filling up the DagBag from /home/airflow/.local/lib/python3.12/site-packages/airflow/example_dags/example_short_circuit_operator.py
[2024-05-27T03:22:25.760+0000] {processor.py:840} INFO - DAG(s) 'example_short_circuit_operator' retrieved from /home/airflow/.local/lib/python3.12/site-packages/airflow/example_dags/example_short_circuit_operator.py
[2024-05-27T03:22:25.781+0000] {logging_mixin.py:188} INFO - [2024-05-27T03:22:25.781+0000] {dag.py:3096} INFO - Sync 1 DAGs
[2024-05-27T03:22:25.797+0000] {logging_mixin.py:188} INFO - [2024-05-27T03:22:25.797+0000] {dag.py:3954} INFO - Setting next_dagrun for example_short_circuit_operator to 2024-05-26 00:00:00+00:00, run_after=2024-05-27 00:00:00+00:00
[2024-05-27T03:22:25.809+0000] {processor.py:183} INFO - Processing /home/airflow/.local/lib/python3.12/site-packages/airflow/example_dags/example_short_circuit_operator.py took 0.059 seconds
[2024-05-27T03:22:56.478+0000] {processor.py:161} INFO - Started process (PID=335) to work on /home/airflow/.local/lib/python3.12/site-packages/airflow/example_dags/example_short_circuit_operator.py
[2024-05-27T03:22:56.478+0000] {processor.py:830} INFO - Processing file /home/airflow/.local/lib/python3.12/site-packages/airflow/example_dags/example_short_circuit_operator.py for tasks to queue
[2024-05-27T03:22:56.479+0000] {logging_mixin.py:188} INFO - [2024-05-27T03:22:56.479+0000] {dagbag.py:545} INFO - Filling up the DagBag from /home/airflow/.local/lib/python3.12/site-packages/airflow/example_dags/example_short_circuit_operator.py
[2024-05-27T03:22:56.483+0000] {processor.py:840} INFO - DAG(s) 'example_short_circuit_operator' retrieved from /home/airflow/.local/lib/python3.12/site-packages/airflow/example_dags/example_short_circuit_operator.py
[2024-05-27T03:22:56.494+0000] {logging_mixin.py:188} INFO - [2024-05-27T03:22:56.494+0000] {dag.py:3096} INFO - Sync 1 DAGs
[2024-05-27T03:22:56.505+0000] {logging_mixin.py:188} INFO - [2024-05-27T03:22:56.505+0000] {dag.py:3954} INFO - Setting next_dagrun for example_short_circuit_operator to 2024-05-26 00:00:00+00:00, run_after=2024-05-27 00:00:00+00:00
[2024-05-27T03:22:56.513+0000] {processor.py:183} INFO - Processing /home/airflow/.local/lib/python3.12/site-packages/airflow/example_dags/example_short_circuit_operator.py took 0.038 seconds
[2024-05-27T03:23:27.067+0000] {processor.py:161} INFO - Started process (PID=394) to work on /home/airflow/.local/lib/python3.12/site-packages/airflow/example_dags/example_short_circuit_operator.py
[2024-05-27T03:23:27.068+0000] {processor.py:830} INFO - Processing file /home/airflow/.local/lib/python3.12/site-packages/airflow/example_dags/example_short_circuit_operator.py for tasks to queue
[2024-05-27T03:23:27.068+0000] {logging_mixin.py:188} INFO - [2024-05-27T03:23:27.068+0000] {dagbag.py:545} INFO - Filling up the DagBag from /home/airflow/.local/lib/python3.12/site-packages/airflow/example_dags/example_short_circuit_operator.py
[2024-05-27T03:23:27.072+0000] {processor.py:840} INFO - DAG(s) 'example_short_circuit_operator' retrieved from /home/airflow/.local/lib/python3.12/site-packages/airflow/example_dags/example_short_circuit_operator.py
[2024-05-27T03:23:27.082+0000] {logging_mixin.py:188} INFO - [2024-05-27T03:23:27.082+0000] {dag.py:3096} INFO - Sync 1 DAGs
[2024-05-27T03:23:27.092+0000] {logging_mixin.py:188} INFO - [2024-05-27T03:23:27.092+0000] {dag.py:3954} INFO - Setting next_dagrun for example_short_circuit_operator to 2024-05-26 00:00:00+00:00, run_after=2024-05-27 00:00:00+00:00
[2024-05-27T03:23:27.101+0000] {processor.py:183} INFO - Processing /home/airflow/.local/lib/python3.12/site-packages/airflow/example_dags/example_short_circuit_operator.py took 0.037 seconds
[2024-05-27T03:23:57.658+0000] {processor.py:161} INFO - Started process (PID=453) to work on /home/airflow/.local/lib/python3.12/site-packages/airflow/example_dags/example_short_circuit_operator.py
[2024-05-27T03:23:57.659+0000] {processor.py:830} INFO - Processing file /home/airflow/.local/lib/python3.12/site-packages/airflow/example_dags/example_short_circuit_operator.py for tasks to queue
[2024-05-27T03:23:57.660+0000] {logging_mixin.py:188} INFO - [2024-05-27T03:23:57.660+0000] {dagbag.py:545} INFO - Filling up the DagBag from /home/airflow/.local/lib/python3.12/site-packages/airflow/example_dags/example_short_circuit_operator.py
[2024-05-27T03:23:57.664+0000] {processor.py:840} INFO - DAG(s) 'example_short_circuit_operator' retrieved from /home/airflow/.local/lib/python3.12/site-packages/airflow/example_dags/example_short_circuit_operator.py
[2024-05-27T03:23:57.675+0000] {logging_mixin.py:188} INFO - [2024-05-27T03:23:57.675+0000] {dag.py:3096} INFO - Sync 1 DAGs
[2024-05-27T03:23:57.685+0000] {logging_mixin.py:188} INFO - [2024-05-27T03:23:57.685+0000] {dag.py:3954} INFO - Setting next_dagrun for example_short_circuit_operator to 2024-05-26 00:00:00+00:00, run_after=2024-05-27 00:00:00+00:00
[2024-05-27T03:23:57.693+0000] {processor.py:183} INFO - Processing /home/airflow/.local/lib/python3.12/site-packages/airflow/example_dags/example_short_circuit_operator.py took 0.037 seconds
