[2024-05-27T02:56:57.022+0000] {processor.py:161} INFO - Started process (PID=60) to work on /home/airflow/.local/lib/python3.12/site-packages/airflow/example_dags/example_nested_branch_dag.py
[2024-05-27T02:56:57.023+0000] {processor.py:830} INFO - Processing file /home/airflow/.local/lib/python3.12/site-packages/airflow/example_dags/example_nested_branch_dag.py for tasks to queue
[2024-05-27T02:56:57.025+0000] {logging_mixin.py:188} INFO - [2024-05-27T02:56:57.025+0000] {dagbag.py:545} INFO - Filling up the DagBag from /home/airflow/.local/lib/python3.12/site-packages/airflow/example_dags/example_nested_branch_dag.py
[2024-05-27T02:56:57.034+0000] {processor.py:840} INFO - DAG(s) 'example_nested_branch_dag' retrieved from /home/airflow/.local/lib/python3.12/site-packages/airflow/example_dags/example_nested_branch_dag.py
[2024-05-27T02:56:57.048+0000] {logging_mixin.py:188} INFO - [2024-05-27T02:56:57.048+0000] {dag.py:3096} INFO - Sync 1 DAGs
[2024-05-27T02:56:57.070+0000] {logging_mixin.py:188} INFO - [2024-05-27T02:56:57.069+0000] {dag.py:3954} INFO - Setting next_dagrun for example_nested_branch_dag to 2024-05-26 00:00:00+00:00, run_after=2024-05-27 00:00:00+00:00
[2024-05-27T02:56:57.091+0000] {processor.py:183} INFO - Processing /home/airflow/.local/lib/python3.12/site-packages/airflow/example_dags/example_nested_branch_dag.py took 0.074 seconds
[2024-05-27T02:57:27.354+0000] {processor.py:161} INFO - Started process (PID=119) to work on /home/airflow/.local/lib/python3.12/site-packages/airflow/example_dags/example_nested_branch_dag.py
[2024-05-27T02:57:27.355+0000] {processor.py:830} INFO - Processing file /home/airflow/.local/lib/python3.12/site-packages/airflow/example_dags/example_nested_branch_dag.py for tasks to queue
[2024-05-27T02:57:27.355+0000] {logging_mixin.py:188} INFO - [2024-05-27T02:57:27.355+0000] {dagbag.py:545} INFO - Filling up the DagBag from /home/airflow/.local/lib/python3.12/site-packages/airflow/example_dags/example_nested_branch_dag.py
[2024-05-27T02:57:27.360+0000] {processor.py:840} INFO - DAG(s) 'example_nested_branch_dag' retrieved from /home/airflow/.local/lib/python3.12/site-packages/airflow/example_dags/example_nested_branch_dag.py
[2024-05-27T02:57:27.405+0000] {logging_mixin.py:188} INFO - [2024-05-27T02:57:27.404+0000] {dag.py:3096} INFO - Sync 1 DAGs
[2024-05-27T02:57:27.415+0000] {logging_mixin.py:188} INFO - [2024-05-27T02:57:27.414+0000] {dag.py:3954} INFO - Setting next_dagrun for example_nested_branch_dag to 2024-05-26 00:00:00+00:00, run_after=2024-05-27 00:00:00+00:00
[2024-05-27T02:57:27.422+0000] {processor.py:183} INFO - Processing /home/airflow/.local/lib/python3.12/site-packages/airflow/example_dags/example_nested_branch_dag.py took 0.071 seconds
[2024-05-27T02:57:58.216+0000] {processor.py:161} INFO - Started process (PID=178) to work on /home/airflow/.local/lib/python3.12/site-packages/airflow/example_dags/example_nested_branch_dag.py
[2024-05-27T02:57:58.217+0000] {processor.py:830} INFO - Processing file /home/airflow/.local/lib/python3.12/site-packages/airflow/example_dags/example_nested_branch_dag.py for tasks to queue
[2024-05-27T02:57:58.218+0000] {logging_mixin.py:188} INFO - [2024-05-27T02:57:58.217+0000] {dagbag.py:545} INFO - Filling up the DagBag from /home/airflow/.local/lib/python3.12/site-packages/airflow/example_dags/example_nested_branch_dag.py
[2024-05-27T02:57:58.222+0000] {processor.py:840} INFO - DAG(s) 'example_nested_branch_dag' retrieved from /home/airflow/.local/lib/python3.12/site-packages/airflow/example_dags/example_nested_branch_dag.py
[2024-05-27T02:57:58.234+0000] {logging_mixin.py:188} INFO - [2024-05-27T02:57:58.234+0000] {dag.py:3096} INFO - Sync 1 DAGs
[2024-05-27T02:57:58.244+0000] {logging_mixin.py:188} INFO - [2024-05-27T02:57:58.244+0000] {dag.py:3954} INFO - Setting next_dagrun for example_nested_branch_dag to 2024-05-26 00:00:00+00:00, run_after=2024-05-27 00:00:00+00:00
[2024-05-27T02:57:58.253+0000] {processor.py:183} INFO - Processing /home/airflow/.local/lib/python3.12/site-packages/airflow/example_dags/example_nested_branch_dag.py took 0.040 seconds
[2024-05-27T02:58:28.832+0000] {processor.py:161} INFO - Started process (PID=237) to work on /home/airflow/.local/lib/python3.12/site-packages/airflow/example_dags/example_nested_branch_dag.py
[2024-05-27T02:58:28.833+0000] {processor.py:830} INFO - Processing file /home/airflow/.local/lib/python3.12/site-packages/airflow/example_dags/example_nested_branch_dag.py for tasks to queue
[2024-05-27T02:58:28.834+0000] {logging_mixin.py:188} INFO - [2024-05-27T02:58:28.834+0000] {dagbag.py:545} INFO - Filling up the DagBag from /home/airflow/.local/lib/python3.12/site-packages/airflow/example_dags/example_nested_branch_dag.py
[2024-05-27T02:58:28.839+0000] {processor.py:840} INFO - DAG(s) 'example_nested_branch_dag' retrieved from /home/airflow/.local/lib/python3.12/site-packages/airflow/example_dags/example_nested_branch_dag.py
[2024-05-27T02:58:28.849+0000] {logging_mixin.py:188} INFO - [2024-05-27T02:58:28.849+0000] {dag.py:3096} INFO - Sync 1 DAGs
[2024-05-27T02:58:28.860+0000] {logging_mixin.py:188} INFO - [2024-05-27T02:58:28.860+0000] {dag.py:3954} INFO - Setting next_dagrun for example_nested_branch_dag to 2024-05-26 00:00:00+00:00, run_after=2024-05-27 00:00:00+00:00
[2024-05-27T02:58:28.868+0000] {processor.py:183} INFO - Processing /home/airflow/.local/lib/python3.12/site-packages/airflow/example_dags/example_nested_branch_dag.py took 0.038 seconds
[2024-05-27T02:58:59.424+0000] {processor.py:161} INFO - Started process (PID=296) to work on /home/airflow/.local/lib/python3.12/site-packages/airflow/example_dags/example_nested_branch_dag.py
[2024-05-27T02:58:59.425+0000] {processor.py:830} INFO - Processing file /home/airflow/.local/lib/python3.12/site-packages/airflow/example_dags/example_nested_branch_dag.py for tasks to queue
[2024-05-27T02:58:59.426+0000] {logging_mixin.py:188} INFO - [2024-05-27T02:58:59.426+0000] {dagbag.py:545} INFO - Filling up the DagBag from /home/airflow/.local/lib/python3.12/site-packages/airflow/example_dags/example_nested_branch_dag.py
[2024-05-27T02:58:59.431+0000] {processor.py:840} INFO - DAG(s) 'example_nested_branch_dag' retrieved from /home/airflow/.local/lib/python3.12/site-packages/airflow/example_dags/example_nested_branch_dag.py
[2024-05-27T02:58:59.443+0000] {logging_mixin.py:188} INFO - [2024-05-27T02:58:59.442+0000] {dag.py:3096} INFO - Sync 1 DAGs
[2024-05-27T02:58:59.453+0000] {logging_mixin.py:188} INFO - [2024-05-27T02:58:59.453+0000] {dag.py:3954} INFO - Setting next_dagrun for example_nested_branch_dag to 2024-05-26 00:00:00+00:00, run_after=2024-05-27 00:00:00+00:00
[2024-05-27T02:58:59.461+0000] {processor.py:183} INFO - Processing /home/airflow/.local/lib/python3.12/site-packages/airflow/example_dags/example_nested_branch_dag.py took 0.040 seconds
[2024-05-27T02:59:29.936+0000] {processor.py:161} INFO - Started process (PID=355) to work on /home/airflow/.local/lib/python3.12/site-packages/airflow/example_dags/example_nested_branch_dag.py
[2024-05-27T02:59:29.936+0000] {processor.py:830} INFO - Processing file /home/airflow/.local/lib/python3.12/site-packages/airflow/example_dags/example_nested_branch_dag.py for tasks to queue
[2024-05-27T02:59:29.938+0000] {logging_mixin.py:188} INFO - [2024-05-27T02:59:29.938+0000] {dagbag.py:545} INFO - Filling up the DagBag from /home/airflow/.local/lib/python3.12/site-packages/airflow/example_dags/example_nested_branch_dag.py
[2024-05-27T02:59:29.943+0000] {processor.py:840} INFO - DAG(s) 'example_nested_branch_dag' retrieved from /home/airflow/.local/lib/python3.12/site-packages/airflow/example_dags/example_nested_branch_dag.py
[2024-05-27T02:59:29.954+0000] {logging_mixin.py:188} INFO - [2024-05-27T02:59:29.954+0000] {dag.py:3096} INFO - Sync 1 DAGs
[2024-05-27T02:59:29.964+0000] {logging_mixin.py:188} INFO - [2024-05-27T02:59:29.964+0000] {dag.py:3954} INFO - Setting next_dagrun for example_nested_branch_dag to 2024-05-26 00:00:00+00:00, run_after=2024-05-27 00:00:00+00:00
[2024-05-27T02:59:29.972+0000] {processor.py:183} INFO - Processing /home/airflow/.local/lib/python3.12/site-packages/airflow/example_dags/example_nested_branch_dag.py took 0.039 seconds
[2024-05-27T03:00:00.469+0000] {processor.py:161} INFO - Started process (PID=414) to work on /home/airflow/.local/lib/python3.12/site-packages/airflow/example_dags/example_nested_branch_dag.py
[2024-05-27T03:00:00.470+0000] {processor.py:830} INFO - Processing file /home/airflow/.local/lib/python3.12/site-packages/airflow/example_dags/example_nested_branch_dag.py for tasks to queue
[2024-05-27T03:00:00.471+0000] {logging_mixin.py:188} INFO - [2024-05-27T03:00:00.471+0000] {dagbag.py:545} INFO - Filling up the DagBag from /home/airflow/.local/lib/python3.12/site-packages/airflow/example_dags/example_nested_branch_dag.py
[2024-05-27T03:00:00.476+0000] {processor.py:840} INFO - DAG(s) 'example_nested_branch_dag' retrieved from /home/airflow/.local/lib/python3.12/site-packages/airflow/example_dags/example_nested_branch_dag.py
[2024-05-27T03:00:00.486+0000] {logging_mixin.py:188} INFO - [2024-05-27T03:00:00.486+0000] {dag.py:3096} INFO - Sync 1 DAGs
[2024-05-27T03:00:00.496+0000] {logging_mixin.py:188} INFO - [2024-05-27T03:00:00.496+0000] {dag.py:3954} INFO - Setting next_dagrun for example_nested_branch_dag to 2024-05-26 00:00:00+00:00, run_after=2024-05-27 00:00:00+00:00
[2024-05-27T03:00:00.508+0000] {processor.py:183} INFO - Processing /home/airflow/.local/lib/python3.12/site-packages/airflow/example_dags/example_nested_branch_dag.py took 0.042 seconds
[2024-05-27T03:00:31.071+0000] {processor.py:161} INFO - Started process (PID=473) to work on /home/airflow/.local/lib/python3.12/site-packages/airflow/example_dags/example_nested_branch_dag.py
[2024-05-27T03:00:31.072+0000] {processor.py:830} INFO - Processing file /home/airflow/.local/lib/python3.12/site-packages/airflow/example_dags/example_nested_branch_dag.py for tasks to queue
[2024-05-27T03:00:31.072+0000] {logging_mixin.py:188} INFO - [2024-05-27T03:00:31.072+0000] {dagbag.py:545} INFO - Filling up the DagBag from /home/airflow/.local/lib/python3.12/site-packages/airflow/example_dags/example_nested_branch_dag.py
[2024-05-27T03:00:31.077+0000] {processor.py:840} INFO - DAG(s) 'example_nested_branch_dag' retrieved from /home/airflow/.local/lib/python3.12/site-packages/airflow/example_dags/example_nested_branch_dag.py
[2024-05-27T03:00:31.087+0000] {logging_mixin.py:188} INFO - [2024-05-27T03:00:31.087+0000] {dag.py:3096} INFO - Sync 1 DAGs
[2024-05-27T03:00:31.098+0000] {logging_mixin.py:188} INFO - [2024-05-27T03:00:31.098+0000] {dag.py:3954} INFO - Setting next_dagrun for example_nested_branch_dag to 2024-05-26 00:00:00+00:00, run_after=2024-05-27 00:00:00+00:00
[2024-05-27T03:00:31.106+0000] {processor.py:183} INFO - Processing /home/airflow/.local/lib/python3.12/site-packages/airflow/example_dags/example_nested_branch_dag.py took 0.039 seconds
[2024-05-27T03:01:01.640+0000] {processor.py:161} INFO - Started process (PID=531) to work on /home/airflow/.local/lib/python3.12/site-packages/airflow/example_dags/example_nested_branch_dag.py
[2024-05-27T03:01:01.641+0000] {processor.py:830} INFO - Processing file /home/airflow/.local/lib/python3.12/site-packages/airflow/example_dags/example_nested_branch_dag.py for tasks to queue
[2024-05-27T03:01:01.641+0000] {logging_mixin.py:188} INFO - [2024-05-27T03:01:01.641+0000] {dagbag.py:545} INFO - Filling up the DagBag from /home/airflow/.local/lib/python3.12/site-packages/airflow/example_dags/example_nested_branch_dag.py
[2024-05-27T03:01:01.646+0000] {processor.py:840} INFO - DAG(s) 'example_nested_branch_dag' retrieved from /home/airflow/.local/lib/python3.12/site-packages/airflow/example_dags/example_nested_branch_dag.py
[2024-05-27T03:01:01.657+0000] {logging_mixin.py:188} INFO - [2024-05-27T03:01:01.657+0000] {dag.py:3096} INFO - Sync 1 DAGs
[2024-05-27T03:01:01.668+0000] {logging_mixin.py:188} INFO - [2024-05-27T03:01:01.668+0000] {dag.py:3954} INFO - Setting next_dagrun for example_nested_branch_dag to 2024-05-26 00:00:00+00:00, run_after=2024-05-27 00:00:00+00:00
[2024-05-27T03:01:01.676+0000] {processor.py:183} INFO - Processing /home/airflow/.local/lib/python3.12/site-packages/airflow/example_dags/example_nested_branch_dag.py took 0.039 seconds
[2024-05-27T03:01:32.187+0000] {processor.py:161} INFO - Started process (PID=590) to work on /home/airflow/.local/lib/python3.12/site-packages/airflow/example_dags/example_nested_branch_dag.py
[2024-05-27T03:01:32.188+0000] {processor.py:830} INFO - Processing file /home/airflow/.local/lib/python3.12/site-packages/airflow/example_dags/example_nested_branch_dag.py for tasks to queue
[2024-05-27T03:01:32.189+0000] {logging_mixin.py:188} INFO - [2024-05-27T03:01:32.189+0000] {dagbag.py:545} INFO - Filling up the DagBag from /home/airflow/.local/lib/python3.12/site-packages/airflow/example_dags/example_nested_branch_dag.py
[2024-05-27T03:01:32.194+0000] {processor.py:840} INFO - DAG(s) 'example_nested_branch_dag' retrieved from /home/airflow/.local/lib/python3.12/site-packages/airflow/example_dags/example_nested_branch_dag.py
[2024-05-27T03:01:32.203+0000] {logging_mixin.py:188} INFO - [2024-05-27T03:01:32.203+0000] {dag.py:3096} INFO - Sync 1 DAGs
[2024-05-27T03:01:32.214+0000] {logging_mixin.py:188} INFO - [2024-05-27T03:01:32.214+0000] {dag.py:3954} INFO - Setting next_dagrun for example_nested_branch_dag to 2024-05-26 00:00:00+00:00, run_after=2024-05-27 00:00:00+00:00
[2024-05-27T03:01:32.223+0000] {processor.py:183} INFO - Processing /home/airflow/.local/lib/python3.12/site-packages/airflow/example_dags/example_nested_branch_dag.py took 0.038 seconds
[2024-05-27T03:02:02.851+0000] {processor.py:161} INFO - Started process (PID=649) to work on /home/airflow/.local/lib/python3.12/site-packages/airflow/example_dags/example_nested_branch_dag.py
[2024-05-27T03:02:02.852+0000] {processor.py:830} INFO - Processing file /home/airflow/.local/lib/python3.12/site-packages/airflow/example_dags/example_nested_branch_dag.py for tasks to queue
[2024-05-27T03:02:02.853+0000] {logging_mixin.py:188} INFO - [2024-05-27T03:02:02.853+0000] {dagbag.py:545} INFO - Filling up the DagBag from /home/airflow/.local/lib/python3.12/site-packages/airflow/example_dags/example_nested_branch_dag.py
[2024-05-27T03:02:02.858+0000] {processor.py:840} INFO - DAG(s) 'example_nested_branch_dag' retrieved from /home/airflow/.local/lib/python3.12/site-packages/airflow/example_dags/example_nested_branch_dag.py
[2024-05-27T03:02:02.868+0000] {logging_mixin.py:188} INFO - [2024-05-27T03:02:02.868+0000] {dag.py:3096} INFO - Sync 1 DAGs
[2024-05-27T03:02:02.879+0000] {logging_mixin.py:188} INFO - [2024-05-27T03:02:02.878+0000] {dag.py:3954} INFO - Setting next_dagrun for example_nested_branch_dag to 2024-05-26 00:00:00+00:00, run_after=2024-05-27 00:00:00+00:00
[2024-05-27T03:02:02.887+0000] {processor.py:183} INFO - Processing /home/airflow/.local/lib/python3.12/site-packages/airflow/example_dags/example_nested_branch_dag.py took 0.038 seconds
[2024-05-27T03:02:33.415+0000] {processor.py:161} INFO - Started process (PID=708) to work on /home/airflow/.local/lib/python3.12/site-packages/airflow/example_dags/example_nested_branch_dag.py
[2024-05-27T03:02:33.415+0000] {processor.py:830} INFO - Processing file /home/airflow/.local/lib/python3.12/site-packages/airflow/example_dags/example_nested_branch_dag.py for tasks to queue
[2024-05-27T03:02:33.416+0000] {logging_mixin.py:188} INFO - [2024-05-27T03:02:33.416+0000] {dagbag.py:545} INFO - Filling up the DagBag from /home/airflow/.local/lib/python3.12/site-packages/airflow/example_dags/example_nested_branch_dag.py
[2024-05-27T03:02:33.421+0000] {processor.py:840} INFO - DAG(s) 'example_nested_branch_dag' retrieved from /home/airflow/.local/lib/python3.12/site-packages/airflow/example_dags/example_nested_branch_dag.py
[2024-05-27T03:02:33.431+0000] {logging_mixin.py:188} INFO - [2024-05-27T03:02:33.431+0000] {dag.py:3096} INFO - Sync 1 DAGs
[2024-05-27T03:02:33.441+0000] {logging_mixin.py:188} INFO - [2024-05-27T03:02:33.441+0000] {dag.py:3954} INFO - Setting next_dagrun for example_nested_branch_dag to 2024-05-26 00:00:00+00:00, run_after=2024-05-27 00:00:00+00:00
[2024-05-27T03:02:33.450+0000] {processor.py:183} INFO - Processing /home/airflow/.local/lib/python3.12/site-packages/airflow/example_dags/example_nested_branch_dag.py took 0.038 seconds
[2024-05-27T03:03:04.001+0000] {processor.py:161} INFO - Started process (PID=767) to work on /home/airflow/.local/lib/python3.12/site-packages/airflow/example_dags/example_nested_branch_dag.py
[2024-05-27T03:03:04.002+0000] {processor.py:830} INFO - Processing file /home/airflow/.local/lib/python3.12/site-packages/airflow/example_dags/example_nested_branch_dag.py for tasks to queue
[2024-05-27T03:03:04.003+0000] {logging_mixin.py:188} INFO - [2024-05-27T03:03:04.003+0000] {dagbag.py:545} INFO - Filling up the DagBag from /home/airflow/.local/lib/python3.12/site-packages/airflow/example_dags/example_nested_branch_dag.py
[2024-05-27T03:03:04.008+0000] {processor.py:840} INFO - DAG(s) 'example_nested_branch_dag' retrieved from /home/airflow/.local/lib/python3.12/site-packages/airflow/example_dags/example_nested_branch_dag.py
[2024-05-27T03:03:04.018+0000] {logging_mixin.py:188} INFO - [2024-05-27T03:03:04.018+0000] {dag.py:3096} INFO - Sync 1 DAGs
[2024-05-27T03:03:04.028+0000] {logging_mixin.py:188} INFO - [2024-05-27T03:03:04.028+0000] {dag.py:3954} INFO - Setting next_dagrun for example_nested_branch_dag to 2024-05-26 00:00:00+00:00, run_after=2024-05-27 00:00:00+00:00
[2024-05-27T03:03:04.037+0000] {processor.py:183} INFO - Processing /home/airflow/.local/lib/python3.12/site-packages/airflow/example_dags/example_nested_branch_dag.py took 0.038 seconds
[2024-05-27T03:03:34.534+0000] {processor.py:161} INFO - Started process (PID=826) to work on /home/airflow/.local/lib/python3.12/site-packages/airflow/example_dags/example_nested_branch_dag.py
[2024-05-27T03:03:34.536+0000] {processor.py:830} INFO - Processing file /home/airflow/.local/lib/python3.12/site-packages/airflow/example_dags/example_nested_branch_dag.py for tasks to queue
[2024-05-27T03:03:34.537+0000] {logging_mixin.py:188} INFO - [2024-05-27T03:03:34.537+0000] {dagbag.py:545} INFO - Filling up the DagBag from /home/airflow/.local/lib/python3.12/site-packages/airflow/example_dags/example_nested_branch_dag.py
[2024-05-27T03:03:34.544+0000] {processor.py:840} INFO - DAG(s) 'example_nested_branch_dag' retrieved from /home/airflow/.local/lib/python3.12/site-packages/airflow/example_dags/example_nested_branch_dag.py
[2024-05-27T03:03:34.558+0000] {logging_mixin.py:188} INFO - [2024-05-27T03:03:34.558+0000] {dag.py:3096} INFO - Sync 1 DAGs
[2024-05-27T03:03:34.571+0000] {logging_mixin.py:188} INFO - [2024-05-27T03:03:34.571+0000] {dag.py:3954} INFO - Setting next_dagrun for example_nested_branch_dag to 2024-05-26 00:00:00+00:00, run_after=2024-05-27 00:00:00+00:00
[2024-05-27T03:03:34.581+0000] {processor.py:183} INFO - Processing /home/airflow/.local/lib/python3.12/site-packages/airflow/example_dags/example_nested_branch_dag.py took 0.051 seconds
[2024-05-27T03:04:05.282+0000] {processor.py:161} INFO - Started process (PID=884) to work on /home/airflow/.local/lib/python3.12/site-packages/airflow/example_dags/example_nested_branch_dag.py
[2024-05-27T03:04:05.283+0000] {processor.py:830} INFO - Processing file /home/airflow/.local/lib/python3.12/site-packages/airflow/example_dags/example_nested_branch_dag.py for tasks to queue
[2024-05-27T03:04:05.285+0000] {logging_mixin.py:188} INFO - [2024-05-27T03:04:05.285+0000] {dagbag.py:545} INFO - Filling up the DagBag from /home/airflow/.local/lib/python3.12/site-packages/airflow/example_dags/example_nested_branch_dag.py
[2024-05-27T03:04:05.296+0000] {processor.py:840} INFO - DAG(s) 'example_nested_branch_dag' retrieved from /home/airflow/.local/lib/python3.12/site-packages/airflow/example_dags/example_nested_branch_dag.py
[2024-05-27T03:04:05.313+0000] {logging_mixin.py:188} INFO - [2024-05-27T03:04:05.313+0000] {dag.py:3096} INFO - Sync 1 DAGs
[2024-05-27T03:04:05.329+0000] {logging_mixin.py:188} INFO - [2024-05-27T03:04:05.328+0000] {dag.py:3954} INFO - Setting next_dagrun for example_nested_branch_dag to 2024-05-26 00:00:00+00:00, run_after=2024-05-27 00:00:00+00:00
[2024-05-27T03:04:05.341+0000] {processor.py:183} INFO - Processing /home/airflow/.local/lib/python3.12/site-packages/airflow/example_dags/example_nested_branch_dag.py took 0.064 seconds
[2024-05-27T03:04:36.006+0000] {processor.py:161} INFO - Started process (PID=943) to work on /home/airflow/.local/lib/python3.12/site-packages/airflow/example_dags/example_nested_branch_dag.py
[2024-05-27T03:04:36.007+0000] {processor.py:830} INFO - Processing file /home/airflow/.local/lib/python3.12/site-packages/airflow/example_dags/example_nested_branch_dag.py for tasks to queue
[2024-05-27T03:04:36.008+0000] {logging_mixin.py:188} INFO - [2024-05-27T03:04:36.008+0000] {dagbag.py:545} INFO - Filling up the DagBag from /home/airflow/.local/lib/python3.12/site-packages/airflow/example_dags/example_nested_branch_dag.py
[2024-05-27T03:04:36.013+0000] {processor.py:840} INFO - DAG(s) 'example_nested_branch_dag' retrieved from /home/airflow/.local/lib/python3.12/site-packages/airflow/example_dags/example_nested_branch_dag.py
[2024-05-27T03:04:36.025+0000] {logging_mixin.py:188} INFO - [2024-05-27T03:04:36.025+0000] {dag.py:3096} INFO - Sync 1 DAGs
[2024-05-27T03:04:36.037+0000] {logging_mixin.py:188} INFO - [2024-05-27T03:04:36.037+0000] {dag.py:3954} INFO - Setting next_dagrun for example_nested_branch_dag to 2024-05-26 00:00:00+00:00, run_after=2024-05-27 00:00:00+00:00
[2024-05-27T03:04:36.047+0000] {processor.py:183} INFO - Processing /home/airflow/.local/lib/python3.12/site-packages/airflow/example_dags/example_nested_branch_dag.py took 0.045 seconds
[2024-05-27T03:05:06.732+0000] {processor.py:161} INFO - Started process (PID=1002) to work on /home/airflow/.local/lib/python3.12/site-packages/airflow/example_dags/example_nested_branch_dag.py
[2024-05-27T03:05:06.733+0000] {processor.py:830} INFO - Processing file /home/airflow/.local/lib/python3.12/site-packages/airflow/example_dags/example_nested_branch_dag.py for tasks to queue
[2024-05-27T03:05:06.734+0000] {logging_mixin.py:188} INFO - [2024-05-27T03:05:06.734+0000] {dagbag.py:545} INFO - Filling up the DagBag from /home/airflow/.local/lib/python3.12/site-packages/airflow/example_dags/example_nested_branch_dag.py
[2024-05-27T03:05:06.739+0000] {processor.py:840} INFO - DAG(s) 'example_nested_branch_dag' retrieved from /home/airflow/.local/lib/python3.12/site-packages/airflow/example_dags/example_nested_branch_dag.py
[2024-05-27T03:05:06.750+0000] {logging_mixin.py:188} INFO - [2024-05-27T03:05:06.749+0000] {dag.py:3096} INFO - Sync 1 DAGs
[2024-05-27T03:05:06.760+0000] {logging_mixin.py:188} INFO - [2024-05-27T03:05:06.760+0000] {dag.py:3954} INFO - Setting next_dagrun for example_nested_branch_dag to 2024-05-26 00:00:00+00:00, run_after=2024-05-27 00:00:00+00:00
[2024-05-27T03:05:06.769+0000] {processor.py:183} INFO - Processing /home/airflow/.local/lib/python3.12/site-packages/airflow/example_dags/example_nested_branch_dag.py took 0.039 seconds
[2024-05-27T03:05:37.289+0000] {processor.py:161} INFO - Started process (PID=1061) to work on /home/airflow/.local/lib/python3.12/site-packages/airflow/example_dags/example_nested_branch_dag.py
[2024-05-27T03:05:37.290+0000] {processor.py:830} INFO - Processing file /home/airflow/.local/lib/python3.12/site-packages/airflow/example_dags/example_nested_branch_dag.py for tasks to queue
[2024-05-27T03:05:37.291+0000] {logging_mixin.py:188} INFO - [2024-05-27T03:05:37.291+0000] {dagbag.py:545} INFO - Filling up the DagBag from /home/airflow/.local/lib/python3.12/site-packages/airflow/example_dags/example_nested_branch_dag.py
[2024-05-27T03:05:37.296+0000] {processor.py:840} INFO - DAG(s) 'example_nested_branch_dag' retrieved from /home/airflow/.local/lib/python3.12/site-packages/airflow/example_dags/example_nested_branch_dag.py
[2024-05-27T03:05:37.306+0000] {logging_mixin.py:188} INFO - [2024-05-27T03:05:37.306+0000] {dag.py:3096} INFO - Sync 1 DAGs
[2024-05-27T03:05:37.317+0000] {logging_mixin.py:188} INFO - [2024-05-27T03:05:37.317+0000] {dag.py:3954} INFO - Setting next_dagrun for example_nested_branch_dag to 2024-05-26 00:00:00+00:00, run_after=2024-05-27 00:00:00+00:00
[2024-05-27T03:05:37.326+0000] {processor.py:183} INFO - Processing /home/airflow/.local/lib/python3.12/site-packages/airflow/example_dags/example_nested_branch_dag.py took 0.040 seconds
[2024-05-27T03:06:07.980+0000] {processor.py:161} INFO - Started process (PID=1120) to work on /home/airflow/.local/lib/python3.12/site-packages/airflow/example_dags/example_nested_branch_dag.py
[2024-05-27T03:06:07.981+0000] {processor.py:830} INFO - Processing file /home/airflow/.local/lib/python3.12/site-packages/airflow/example_dags/example_nested_branch_dag.py for tasks to queue
[2024-05-27T03:06:07.982+0000] {logging_mixin.py:188} INFO - [2024-05-27T03:06:07.981+0000] {dagbag.py:545} INFO - Filling up the DagBag from /home/airflow/.local/lib/python3.12/site-packages/airflow/example_dags/example_nested_branch_dag.py
[2024-05-27T03:06:07.986+0000] {processor.py:840} INFO - DAG(s) 'example_nested_branch_dag' retrieved from /home/airflow/.local/lib/python3.12/site-packages/airflow/example_dags/example_nested_branch_dag.py
[2024-05-27T03:06:07.997+0000] {logging_mixin.py:188} INFO - [2024-05-27T03:06:07.996+0000] {dag.py:3096} INFO - Sync 1 DAGs
[2024-05-27T03:06:08.007+0000] {logging_mixin.py:188} INFO - [2024-05-27T03:06:08.007+0000] {dag.py:3954} INFO - Setting next_dagrun for example_nested_branch_dag to 2024-05-26 00:00:00+00:00, run_after=2024-05-27 00:00:00+00:00
[2024-05-27T03:06:08.015+0000] {processor.py:183} INFO - Processing /home/airflow/.local/lib/python3.12/site-packages/airflow/example_dags/example_nested_branch_dag.py took 0.038 seconds
[2024-05-27T03:06:38.573+0000] {processor.py:161} INFO - Started process (PID=1179) to work on /home/airflow/.local/lib/python3.12/site-packages/airflow/example_dags/example_nested_branch_dag.py
[2024-05-27T03:06:38.574+0000] {processor.py:830} INFO - Processing file /home/airflow/.local/lib/python3.12/site-packages/airflow/example_dags/example_nested_branch_dag.py for tasks to queue
[2024-05-27T03:06:38.575+0000] {logging_mixin.py:188} INFO - [2024-05-27T03:06:38.574+0000] {dagbag.py:545} INFO - Filling up the DagBag from /home/airflow/.local/lib/python3.12/site-packages/airflow/example_dags/example_nested_branch_dag.py
[2024-05-27T03:06:38.580+0000] {processor.py:840} INFO - DAG(s) 'example_nested_branch_dag' retrieved from /home/airflow/.local/lib/python3.12/site-packages/airflow/example_dags/example_nested_branch_dag.py
[2024-05-27T03:06:38.591+0000] {logging_mixin.py:188} INFO - [2024-05-27T03:06:38.591+0000] {dag.py:3096} INFO - Sync 1 DAGs
[2024-05-27T03:06:38.602+0000] {logging_mixin.py:188} INFO - [2024-05-27T03:06:38.602+0000] {dag.py:3954} INFO - Setting next_dagrun for example_nested_branch_dag to 2024-05-26 00:00:00+00:00, run_after=2024-05-27 00:00:00+00:00
[2024-05-27T03:06:38.611+0000] {processor.py:183} INFO - Processing /home/airflow/.local/lib/python3.12/site-packages/airflow/example_dags/example_nested_branch_dag.py took 0.042 seconds
[2024-05-27T03:07:09.164+0000] {processor.py:161} INFO - Started process (PID=1238) to work on /home/airflow/.local/lib/python3.12/site-packages/airflow/example_dags/example_nested_branch_dag.py
[2024-05-27T03:07:09.164+0000] {processor.py:830} INFO - Processing file /home/airflow/.local/lib/python3.12/site-packages/airflow/example_dags/example_nested_branch_dag.py for tasks to queue
[2024-05-27T03:07:09.165+0000] {logging_mixin.py:188} INFO - [2024-05-27T03:07:09.165+0000] {dagbag.py:545} INFO - Filling up the DagBag from /home/airflow/.local/lib/python3.12/site-packages/airflow/example_dags/example_nested_branch_dag.py
[2024-05-27T03:07:09.171+0000] {processor.py:840} INFO - DAG(s) 'example_nested_branch_dag' retrieved from /home/airflow/.local/lib/python3.12/site-packages/airflow/example_dags/example_nested_branch_dag.py
[2024-05-27T03:07:09.184+0000] {logging_mixin.py:188} INFO - [2024-05-27T03:07:09.184+0000] {dag.py:3096} INFO - Sync 1 DAGs
[2024-05-27T03:07:09.195+0000] {logging_mixin.py:188} INFO - [2024-05-27T03:07:09.195+0000] {dag.py:3954} INFO - Setting next_dagrun for example_nested_branch_dag to 2024-05-26 00:00:00+00:00, run_after=2024-05-27 00:00:00+00:00
[2024-05-27T03:07:09.203+0000] {processor.py:183} INFO - Processing /home/airflow/.local/lib/python3.12/site-packages/airflow/example_dags/example_nested_branch_dag.py took 0.043 seconds
[2024-05-27T03:07:39.891+0000] {processor.py:161} INFO - Started process (PID=1297) to work on /home/airflow/.local/lib/python3.12/site-packages/airflow/example_dags/example_nested_branch_dag.py
[2024-05-27T03:07:39.892+0000] {processor.py:830} INFO - Processing file /home/airflow/.local/lib/python3.12/site-packages/airflow/example_dags/example_nested_branch_dag.py for tasks to queue
[2024-05-27T03:07:39.893+0000] {logging_mixin.py:188} INFO - [2024-05-27T03:07:39.892+0000] {dagbag.py:545} INFO - Filling up the DagBag from /home/airflow/.local/lib/python3.12/site-packages/airflow/example_dags/example_nested_branch_dag.py
[2024-05-27T03:07:39.897+0000] {processor.py:840} INFO - DAG(s) 'example_nested_branch_dag' retrieved from /home/airflow/.local/lib/python3.12/site-packages/airflow/example_dags/example_nested_branch_dag.py
[2024-05-27T03:07:39.908+0000] {logging_mixin.py:188} INFO - [2024-05-27T03:07:39.907+0000] {dag.py:3096} INFO - Sync 1 DAGs
[2024-05-27T03:07:39.918+0000] {logging_mixin.py:188} INFO - [2024-05-27T03:07:39.918+0000] {dag.py:3954} INFO - Setting next_dagrun for example_nested_branch_dag to 2024-05-26 00:00:00+00:00, run_after=2024-05-27 00:00:00+00:00
[2024-05-27T03:07:39.927+0000] {processor.py:183} INFO - Processing /home/airflow/.local/lib/python3.12/site-packages/airflow/example_dags/example_nested_branch_dag.py took 0.039 seconds
[2024-05-27T03:08:37.407+0000] {processor.py:161} INFO - Started process (PID=60) to work on /home/airflow/.local/lib/python3.12/site-packages/airflow/example_dags/example_nested_branch_dag.py
[2024-05-27T03:08:37.409+0000] {processor.py:830} INFO - Processing file /home/airflow/.local/lib/python3.12/site-packages/airflow/example_dags/example_nested_branch_dag.py for tasks to queue
[2024-05-27T03:08:37.412+0000] {logging_mixin.py:188} INFO - [2024-05-27T03:08:37.412+0000] {dagbag.py:545} INFO - Filling up the DagBag from /home/airflow/.local/lib/python3.12/site-packages/airflow/example_dags/example_nested_branch_dag.py
[2024-05-27T03:08:37.427+0000] {processor.py:840} INFO - DAG(s) 'example_nested_branch_dag' retrieved from /home/airflow/.local/lib/python3.12/site-packages/airflow/example_dags/example_nested_branch_dag.py
[2024-05-27T03:08:37.440+0000] {logging_mixin.py:188} INFO - [2024-05-27T03:08:37.440+0000] {dag.py:3096} INFO - Sync 1 DAGs
[2024-05-27T03:08:37.462+0000] {logging_mixin.py:188} INFO - [2024-05-27T03:08:37.462+0000] {dag.py:3954} INFO - Setting next_dagrun for example_nested_branch_dag to 2024-05-26 00:00:00+00:00, run_after=2024-05-27 00:00:00+00:00
[2024-05-27T03:08:37.479+0000] {processor.py:183} INFO - Processing /home/airflow/.local/lib/python3.12/site-packages/airflow/example_dags/example_nested_branch_dag.py took 0.076 seconds
[2024-05-27T03:09:07.849+0000] {processor.py:161} INFO - Started process (PID=119) to work on /home/airflow/.local/lib/python3.12/site-packages/airflow/example_dags/example_nested_branch_dag.py
[2024-05-27T03:09:07.849+0000] {processor.py:830} INFO - Processing file /home/airflow/.local/lib/python3.12/site-packages/airflow/example_dags/example_nested_branch_dag.py for tasks to queue
[2024-05-27T03:09:07.850+0000] {logging_mixin.py:188} INFO - [2024-05-27T03:09:07.850+0000] {dagbag.py:545} INFO - Filling up the DagBag from /home/airflow/.local/lib/python3.12/site-packages/airflow/example_dags/example_nested_branch_dag.py
[2024-05-27T03:09:07.855+0000] {processor.py:840} INFO - DAG(s) 'example_nested_branch_dag' retrieved from /home/airflow/.local/lib/python3.12/site-packages/airflow/example_dags/example_nested_branch_dag.py
[2024-05-27T03:09:07.901+0000] {logging_mixin.py:188} INFO - [2024-05-27T03:09:07.901+0000] {dag.py:3096} INFO - Sync 1 DAGs
[2024-05-27T03:09:07.911+0000] {logging_mixin.py:188} INFO - [2024-05-27T03:09:07.911+0000] {dag.py:3954} INFO - Setting next_dagrun for example_nested_branch_dag to 2024-05-26 00:00:00+00:00, run_after=2024-05-27 00:00:00+00:00
[2024-05-27T03:09:07.919+0000] {processor.py:183} INFO - Processing /home/airflow/.local/lib/python3.12/site-packages/airflow/example_dags/example_nested_branch_dag.py took 0.074 seconds
[2024-05-27T03:09:38.709+0000] {processor.py:161} INFO - Started process (PID=178) to work on /home/airflow/.local/lib/python3.12/site-packages/airflow/example_dags/example_nested_branch_dag.py
[2024-05-27T03:09:38.710+0000] {processor.py:830} INFO - Processing file /home/airflow/.local/lib/python3.12/site-packages/airflow/example_dags/example_nested_branch_dag.py for tasks to queue
[2024-05-27T03:09:38.711+0000] {logging_mixin.py:188} INFO - [2024-05-27T03:09:38.711+0000] {dagbag.py:545} INFO - Filling up the DagBag from /home/airflow/.local/lib/python3.12/site-packages/airflow/example_dags/example_nested_branch_dag.py
[2024-05-27T03:09:38.716+0000] {processor.py:840} INFO - DAG(s) 'example_nested_branch_dag' retrieved from /home/airflow/.local/lib/python3.12/site-packages/airflow/example_dags/example_nested_branch_dag.py
[2024-05-27T03:09:38.726+0000] {logging_mixin.py:188} INFO - [2024-05-27T03:09:38.726+0000] {dag.py:3096} INFO - Sync 1 DAGs
[2024-05-27T03:09:38.737+0000] {logging_mixin.py:188} INFO - [2024-05-27T03:09:38.736+0000] {dag.py:3954} INFO - Setting next_dagrun for example_nested_branch_dag to 2024-05-26 00:00:00+00:00, run_after=2024-05-27 00:00:00+00:00
[2024-05-27T03:09:38.745+0000] {processor.py:183} INFO - Processing /home/airflow/.local/lib/python3.12/site-packages/airflow/example_dags/example_nested_branch_dag.py took 0.038 seconds
[2024-05-27T03:10:09.295+0000] {processor.py:161} INFO - Started process (PID=237) to work on /home/airflow/.local/lib/python3.12/site-packages/airflow/example_dags/example_nested_branch_dag.py
[2024-05-27T03:10:09.296+0000] {processor.py:830} INFO - Processing file /home/airflow/.local/lib/python3.12/site-packages/airflow/example_dags/example_nested_branch_dag.py for tasks to queue
[2024-05-27T03:10:09.298+0000] {logging_mixin.py:188} INFO - [2024-05-27T03:10:09.297+0000] {dagbag.py:545} INFO - Filling up the DagBag from /home/airflow/.local/lib/python3.12/site-packages/airflow/example_dags/example_nested_branch_dag.py
[2024-05-27T03:10:09.303+0000] {processor.py:840} INFO - DAG(s) 'example_nested_branch_dag' retrieved from /home/airflow/.local/lib/python3.12/site-packages/airflow/example_dags/example_nested_branch_dag.py
[2024-05-27T03:10:09.316+0000] {logging_mixin.py:188} INFO - [2024-05-27T03:10:09.315+0000] {dag.py:3096} INFO - Sync 1 DAGs
[2024-05-27T03:10:09.327+0000] {logging_mixin.py:188} INFO - [2024-05-27T03:10:09.327+0000] {dag.py:3954} INFO - Setting next_dagrun for example_nested_branch_dag to 2024-05-26 00:00:00+00:00, run_after=2024-05-27 00:00:00+00:00
[2024-05-27T03:10:09.336+0000] {processor.py:183} INFO - Processing /home/airflow/.local/lib/python3.12/site-packages/airflow/example_dags/example_nested_branch_dag.py took 0.045 seconds
[2024-05-27T03:20:25.030+0000] {processor.py:161} INFO - Started process (PID=60) to work on /home/airflow/.local/lib/python3.12/site-packages/airflow/example_dags/example_nested_branch_dag.py
[2024-05-27T03:20:25.031+0000] {processor.py:830} INFO - Processing file /home/airflow/.local/lib/python3.12/site-packages/airflow/example_dags/example_nested_branch_dag.py for tasks to queue
[2024-05-27T03:20:25.033+0000] {logging_mixin.py:188} INFO - [2024-05-27T03:20:25.033+0000] {dagbag.py:545} INFO - Filling up the DagBag from /home/airflow/.local/lib/python3.12/site-packages/airflow/example_dags/example_nested_branch_dag.py
[2024-05-27T03:20:25.043+0000] {processor.py:840} INFO - DAG(s) 'example_nested_branch_dag' retrieved from /home/airflow/.local/lib/python3.12/site-packages/airflow/example_dags/example_nested_branch_dag.py
[2024-05-27T03:20:25.052+0000] {logging_mixin.py:188} INFO - [2024-05-27T03:20:25.052+0000] {dag.py:3096} INFO - Sync 1 DAGs
[2024-05-27T03:20:25.067+0000] {logging_mixin.py:188} INFO - [2024-05-27T03:20:25.067+0000] {dag.py:3954} INFO - Setting next_dagrun for example_nested_branch_dag to 2024-05-26 00:00:00+00:00, run_after=2024-05-27 00:00:00+00:00
[2024-05-27T03:20:25.081+0000] {processor.py:183} INFO - Processing /home/airflow/.local/lib/python3.12/site-packages/airflow/example_dags/example_nested_branch_dag.py took 0.060 seconds
[2024-05-27T03:20:55.340+0000] {processor.py:161} INFO - Started process (PID=118) to work on /home/airflow/.local/lib/python3.12/site-packages/airflow/example_dags/example_nested_branch_dag.py
[2024-05-27T03:20:55.341+0000] {processor.py:830} INFO - Processing file /home/airflow/.local/lib/python3.12/site-packages/airflow/example_dags/example_nested_branch_dag.py for tasks to queue
[2024-05-27T03:20:55.342+0000] {logging_mixin.py:188} INFO - [2024-05-27T03:20:55.342+0000] {dagbag.py:545} INFO - Filling up the DagBag from /home/airflow/.local/lib/python3.12/site-packages/airflow/example_dags/example_nested_branch_dag.py
[2024-05-27T03:20:55.347+0000] {processor.py:840} INFO - DAG(s) 'example_nested_branch_dag' retrieved from /home/airflow/.local/lib/python3.12/site-packages/airflow/example_dags/example_nested_branch_dag.py
[2024-05-27T03:20:55.391+0000] {logging_mixin.py:188} INFO - [2024-05-27T03:20:55.391+0000] {dag.py:3096} INFO - Sync 1 DAGs
[2024-05-27T03:20:55.401+0000] {logging_mixin.py:188} INFO - [2024-05-27T03:20:55.401+0000] {dag.py:3954} INFO - Setting next_dagrun for example_nested_branch_dag to 2024-05-26 00:00:00+00:00, run_after=2024-05-27 00:00:00+00:00
[2024-05-27T03:20:55.409+0000] {processor.py:183} INFO - Processing /home/airflow/.local/lib/python3.12/site-packages/airflow/example_dags/example_nested_branch_dag.py took 0.071 seconds
[2024-05-27T03:21:26.147+0000] {processor.py:161} INFO - Started process (PID=177) to work on /home/airflow/.local/lib/python3.12/site-packages/airflow/example_dags/example_nested_branch_dag.py
[2024-05-27T03:21:26.148+0000] {processor.py:830} INFO - Processing file /home/airflow/.local/lib/python3.12/site-packages/airflow/example_dags/example_nested_branch_dag.py for tasks to queue
[2024-05-27T03:21:26.149+0000] {logging_mixin.py:188} INFO - [2024-05-27T03:21:26.149+0000] {dagbag.py:545} INFO - Filling up the DagBag from /home/airflow/.local/lib/python3.12/site-packages/airflow/example_dags/example_nested_branch_dag.py
[2024-05-27T03:21:26.154+0000] {processor.py:840} INFO - DAG(s) 'example_nested_branch_dag' retrieved from /home/airflow/.local/lib/python3.12/site-packages/airflow/example_dags/example_nested_branch_dag.py
[2024-05-27T03:21:26.164+0000] {logging_mixin.py:188} INFO - [2024-05-27T03:21:26.164+0000] {dag.py:3096} INFO - Sync 1 DAGs
[2024-05-27T03:21:26.176+0000] {logging_mixin.py:188} INFO - [2024-05-27T03:21:26.176+0000] {dag.py:3954} INFO - Setting next_dagrun for example_nested_branch_dag to 2024-05-26 00:00:00+00:00, run_after=2024-05-27 00:00:00+00:00
[2024-05-27T03:21:26.185+0000] {processor.py:183} INFO - Processing /home/airflow/.local/lib/python3.12/site-packages/airflow/example_dags/example_nested_branch_dag.py took 0.041 seconds
[2024-05-27T03:21:56.700+0000] {processor.py:161} INFO - Started process (PID=237) to work on /home/airflow/.local/lib/python3.12/site-packages/airflow/example_dags/example_nested_branch_dag.py
[2024-05-27T03:21:56.701+0000] {processor.py:830} INFO - Processing file /home/airflow/.local/lib/python3.12/site-packages/airflow/example_dags/example_nested_branch_dag.py for tasks to queue
[2024-05-27T03:21:56.702+0000] {logging_mixin.py:188} INFO - [2024-05-27T03:21:56.702+0000] {dagbag.py:545} INFO - Filling up the DagBag from /home/airflow/.local/lib/python3.12/site-packages/airflow/example_dags/example_nested_branch_dag.py
[2024-05-27T03:21:56.707+0000] {processor.py:840} INFO - DAG(s) 'example_nested_branch_dag' retrieved from /home/airflow/.local/lib/python3.12/site-packages/airflow/example_dags/example_nested_branch_dag.py
[2024-05-27T03:21:56.717+0000] {logging_mixin.py:188} INFO - [2024-05-27T03:21:56.717+0000] {dag.py:3096} INFO - Sync 1 DAGs
[2024-05-27T03:21:56.728+0000] {logging_mixin.py:188} INFO - [2024-05-27T03:21:56.728+0000] {dag.py:3954} INFO - Setting next_dagrun for example_nested_branch_dag to 2024-05-26 00:00:00+00:00, run_after=2024-05-27 00:00:00+00:00
[2024-05-27T03:21:56.737+0000] {processor.py:183} INFO - Processing /home/airflow/.local/lib/python3.12/site-packages/airflow/example_dags/example_nested_branch_dag.py took 0.040 seconds
[2024-05-27T03:22:27.367+0000] {processor.py:161} INFO - Started process (PID=296) to work on /home/airflow/.local/lib/python3.12/site-packages/airflow/example_dags/example_nested_branch_dag.py
[2024-05-27T03:22:27.369+0000] {processor.py:830} INFO - Processing file /home/airflow/.local/lib/python3.12/site-packages/airflow/example_dags/example_nested_branch_dag.py for tasks to queue
[2024-05-27T03:22:27.371+0000] {logging_mixin.py:188} INFO - [2024-05-27T03:22:27.370+0000] {dagbag.py:545} INFO - Filling up the DagBag from /home/airflow/.local/lib/python3.12/site-packages/airflow/example_dags/example_nested_branch_dag.py
[2024-05-27T03:22:27.376+0000] {processor.py:840} INFO - DAG(s) 'example_nested_branch_dag' retrieved from /home/airflow/.local/lib/python3.12/site-packages/airflow/example_dags/example_nested_branch_dag.py
[2024-05-27T03:22:27.386+0000] {logging_mixin.py:188} INFO - [2024-05-27T03:22:27.386+0000] {dag.py:3096} INFO - Sync 1 DAGs
[2024-05-27T03:22:27.397+0000] {logging_mixin.py:188} INFO - [2024-05-27T03:22:27.397+0000] {dag.py:3954} INFO - Setting next_dagrun for example_nested_branch_dag to 2024-05-26 00:00:00+00:00, run_after=2024-05-27 00:00:00+00:00
[2024-05-27T03:22:27.405+0000] {processor.py:183} INFO - Processing /home/airflow/.local/lib/python3.12/site-packages/airflow/example_dags/example_nested_branch_dag.py took 0.041 seconds
[2024-05-27T03:22:58.038+0000] {processor.py:161} INFO - Started process (PID=355) to work on /home/airflow/.local/lib/python3.12/site-packages/airflow/example_dags/example_nested_branch_dag.py
[2024-05-27T03:22:58.039+0000] {processor.py:830} INFO - Processing file /home/airflow/.local/lib/python3.12/site-packages/airflow/example_dags/example_nested_branch_dag.py for tasks to queue
[2024-05-27T03:22:58.040+0000] {logging_mixin.py:188} INFO - [2024-05-27T03:22:58.040+0000] {dagbag.py:545} INFO - Filling up the DagBag from /home/airflow/.local/lib/python3.12/site-packages/airflow/example_dags/example_nested_branch_dag.py
[2024-05-27T03:22:58.045+0000] {processor.py:840} INFO - DAG(s) 'example_nested_branch_dag' retrieved from /home/airflow/.local/lib/python3.12/site-packages/airflow/example_dags/example_nested_branch_dag.py
[2024-05-27T03:22:58.055+0000] {logging_mixin.py:188} INFO - [2024-05-27T03:22:58.055+0000] {dag.py:3096} INFO - Sync 1 DAGs
[2024-05-27T03:22:58.066+0000] {logging_mixin.py:188} INFO - [2024-05-27T03:22:58.066+0000] {dag.py:3954} INFO - Setting next_dagrun for example_nested_branch_dag to 2024-05-26 00:00:00+00:00, run_after=2024-05-27 00:00:00+00:00
[2024-05-27T03:22:58.075+0000] {processor.py:183} INFO - Processing /home/airflow/.local/lib/python3.12/site-packages/airflow/example_dags/example_nested_branch_dag.py took 0.040 seconds
[2024-05-27T03:23:28.626+0000] {processor.py:161} INFO - Started process (PID=414) to work on /home/airflow/.local/lib/python3.12/site-packages/airflow/example_dags/example_nested_branch_dag.py
[2024-05-27T03:23:28.627+0000] {processor.py:830} INFO - Processing file /home/airflow/.local/lib/python3.12/site-packages/airflow/example_dags/example_nested_branch_dag.py for tasks to queue
[2024-05-27T03:23:28.628+0000] {logging_mixin.py:188} INFO - [2024-05-27T03:23:28.627+0000] {dagbag.py:545} INFO - Filling up the DagBag from /home/airflow/.local/lib/python3.12/site-packages/airflow/example_dags/example_nested_branch_dag.py
[2024-05-27T03:23:28.632+0000] {processor.py:840} INFO - DAG(s) 'example_nested_branch_dag' retrieved from /home/airflow/.local/lib/python3.12/site-packages/airflow/example_dags/example_nested_branch_dag.py
[2024-05-27T03:23:28.643+0000] {logging_mixin.py:188} INFO - [2024-05-27T03:23:28.643+0000] {dag.py:3096} INFO - Sync 1 DAGs
[2024-05-27T03:23:28.654+0000] {logging_mixin.py:188} INFO - [2024-05-27T03:23:28.654+0000] {dag.py:3954} INFO - Setting next_dagrun for example_nested_branch_dag to 2024-05-26 00:00:00+00:00, run_after=2024-05-27 00:00:00+00:00
[2024-05-27T03:23:28.663+0000] {processor.py:183} INFO - Processing /home/airflow/.local/lib/python3.12/site-packages/airflow/example_dags/example_nested_branch_dag.py took 0.040 seconds
[2024-05-27T03:23:59.189+0000] {processor.py:161} INFO - Started process (PID=473) to work on /home/airflow/.local/lib/python3.12/site-packages/airflow/example_dags/example_nested_branch_dag.py
[2024-05-27T03:23:59.190+0000] {processor.py:830} INFO - Processing file /home/airflow/.local/lib/python3.12/site-packages/airflow/example_dags/example_nested_branch_dag.py for tasks to queue
[2024-05-27T03:23:59.191+0000] {logging_mixin.py:188} INFO - [2024-05-27T03:23:59.190+0000] {dagbag.py:545} INFO - Filling up the DagBag from /home/airflow/.local/lib/python3.12/site-packages/airflow/example_dags/example_nested_branch_dag.py
[2024-05-27T03:23:59.195+0000] {processor.py:840} INFO - DAG(s) 'example_nested_branch_dag' retrieved from /home/airflow/.local/lib/python3.12/site-packages/airflow/example_dags/example_nested_branch_dag.py
[2024-05-27T03:23:59.206+0000] {logging_mixin.py:188} INFO - [2024-05-27T03:23:59.206+0000] {dag.py:3096} INFO - Sync 1 DAGs
[2024-05-27T03:23:59.216+0000] {logging_mixin.py:188} INFO - [2024-05-27T03:23:59.216+0000] {dag.py:3954} INFO - Setting next_dagrun for example_nested_branch_dag to 2024-05-26 00:00:00+00:00, run_after=2024-05-27 00:00:00+00:00
[2024-05-27T03:23:59.225+0000] {processor.py:183} INFO - Processing /home/airflow/.local/lib/python3.12/site-packages/airflow/example_dags/example_nested_branch_dag.py took 0.039 seconds
[2024-05-27T03:24:29.802+0000] {processor.py:161} INFO - Started process (PID=532) to work on /home/airflow/.local/lib/python3.12/site-packages/airflow/example_dags/example_nested_branch_dag.py
[2024-05-27T03:24:29.803+0000] {processor.py:830} INFO - Processing file /home/airflow/.local/lib/python3.12/site-packages/airflow/example_dags/example_nested_branch_dag.py for tasks to queue
[2024-05-27T03:24:29.804+0000] {logging_mixin.py:188} INFO - [2024-05-27T03:24:29.804+0000] {dagbag.py:545} INFO - Filling up the DagBag from /home/airflow/.local/lib/python3.12/site-packages/airflow/example_dags/example_nested_branch_dag.py
[2024-05-27T03:24:29.811+0000] {processor.py:840} INFO - DAG(s) 'example_nested_branch_dag' retrieved from /home/airflow/.local/lib/python3.12/site-packages/airflow/example_dags/example_nested_branch_dag.py
[2024-05-27T03:24:29.822+0000] {logging_mixin.py:188} INFO - [2024-05-27T03:24:29.821+0000] {dag.py:3096} INFO - Sync 1 DAGs
[2024-05-27T03:24:29.832+0000] {logging_mixin.py:188} INFO - [2024-05-27T03:24:29.832+0000] {dag.py:3954} INFO - Setting next_dagrun for example_nested_branch_dag to 2024-05-26 00:00:00+00:00, run_after=2024-05-27 00:00:00+00:00
[2024-05-27T03:24:29.841+0000] {processor.py:183} INFO - Processing /home/airflow/.local/lib/python3.12/site-packages/airflow/example_dags/example_nested_branch_dag.py took 0.042 seconds
[2024-05-27T03:25:00.423+0000] {processor.py:161} INFO - Started process (PID=591) to work on /home/airflow/.local/lib/python3.12/site-packages/airflow/example_dags/example_nested_branch_dag.py
[2024-05-27T03:25:00.424+0000] {processor.py:830} INFO - Processing file /home/airflow/.local/lib/python3.12/site-packages/airflow/example_dags/example_nested_branch_dag.py for tasks to queue
[2024-05-27T03:25:00.425+0000] {logging_mixin.py:188} INFO - [2024-05-27T03:25:00.425+0000] {dagbag.py:545} INFO - Filling up the DagBag from /home/airflow/.local/lib/python3.12/site-packages/airflow/example_dags/example_nested_branch_dag.py
[2024-05-27T03:25:00.430+0000] {processor.py:840} INFO - DAG(s) 'example_nested_branch_dag' retrieved from /home/airflow/.local/lib/python3.12/site-packages/airflow/example_dags/example_nested_branch_dag.py
[2024-05-27T03:25:00.440+0000] {logging_mixin.py:188} INFO - [2024-05-27T03:25:00.440+0000] {dag.py:3096} INFO - Sync 1 DAGs
[2024-05-27T03:25:00.451+0000] {logging_mixin.py:188} INFO - [2024-05-27T03:25:00.451+0000] {dag.py:3954} INFO - Setting next_dagrun for example_nested_branch_dag to 2024-05-26 00:00:00+00:00, run_after=2024-05-27 00:00:00+00:00
[2024-05-27T03:25:00.459+0000] {processor.py:183} INFO - Processing /home/airflow/.local/lib/python3.12/site-packages/airflow/example_dags/example_nested_branch_dag.py took 0.039 seconds
[2024-05-27T03:25:31.006+0000] {processor.py:161} INFO - Started process (PID=650) to work on /home/airflow/.local/lib/python3.12/site-packages/airflow/example_dags/example_nested_branch_dag.py
[2024-05-27T03:25:31.006+0000] {processor.py:830} INFO - Processing file /home/airflow/.local/lib/python3.12/site-packages/airflow/example_dags/example_nested_branch_dag.py for tasks to queue
[2024-05-27T03:25:31.007+0000] {logging_mixin.py:188} INFO - [2024-05-27T03:25:31.007+0000] {dagbag.py:545} INFO - Filling up the DagBag from /home/airflow/.local/lib/python3.12/site-packages/airflow/example_dags/example_nested_branch_dag.py
[2024-05-27T03:25:31.013+0000] {processor.py:840} INFO - DAG(s) 'example_nested_branch_dag' retrieved from /home/airflow/.local/lib/python3.12/site-packages/airflow/example_dags/example_nested_branch_dag.py
[2024-05-27T03:25:31.025+0000] {logging_mixin.py:188} INFO - [2024-05-27T03:25:31.025+0000] {dag.py:3096} INFO - Sync 1 DAGs
[2024-05-27T03:25:31.036+0000] {logging_mixin.py:188} INFO - [2024-05-27T03:25:31.036+0000] {dag.py:3954} INFO - Setting next_dagrun for example_nested_branch_dag to 2024-05-26 00:00:00+00:00, run_after=2024-05-27 00:00:00+00:00
[2024-05-27T03:25:31.044+0000] {processor.py:183} INFO - Processing /home/airflow/.local/lib/python3.12/site-packages/airflow/example_dags/example_nested_branch_dag.py took 0.041 seconds
[2024-05-27T03:26:01.600+0000] {processor.py:161} INFO - Started process (PID=709) to work on /home/airflow/.local/lib/python3.12/site-packages/airflow/example_dags/example_nested_branch_dag.py
[2024-05-27T03:26:01.601+0000] {processor.py:830} INFO - Processing file /home/airflow/.local/lib/python3.12/site-packages/airflow/example_dags/example_nested_branch_dag.py for tasks to queue
[2024-05-27T03:26:01.601+0000] {logging_mixin.py:188} INFO - [2024-05-27T03:26:01.601+0000] {dagbag.py:545} INFO - Filling up the DagBag from /home/airflow/.local/lib/python3.12/site-packages/airflow/example_dags/example_nested_branch_dag.py
[2024-05-27T03:26:01.606+0000] {processor.py:840} INFO - DAG(s) 'example_nested_branch_dag' retrieved from /home/airflow/.local/lib/python3.12/site-packages/airflow/example_dags/example_nested_branch_dag.py
[2024-05-27T03:26:01.617+0000] {logging_mixin.py:188} INFO - [2024-05-27T03:26:01.616+0000] {dag.py:3096} INFO - Sync 1 DAGs
[2024-05-27T03:26:01.627+0000] {logging_mixin.py:188} INFO - [2024-05-27T03:26:01.627+0000] {dag.py:3954} INFO - Setting next_dagrun for example_nested_branch_dag to 2024-05-26 00:00:00+00:00, run_after=2024-05-27 00:00:00+00:00
[2024-05-27T03:26:01.636+0000] {processor.py:183} INFO - Processing /home/airflow/.local/lib/python3.12/site-packages/airflow/example_dags/example_nested_branch_dag.py took 0.039 seconds
[2024-05-27T04:11:55.978+0000] {processor.py:161} INFO - Started process (PID=60) to work on /home/airflow/.local/lib/python3.12/site-packages/airflow/example_dags/example_nested_branch_dag.py
[2024-05-27T04:11:55.981+0000] {processor.py:830} INFO - Processing file /home/airflow/.local/lib/python3.12/site-packages/airflow/example_dags/example_nested_branch_dag.py for tasks to queue
[2024-05-27T04:11:55.982+0000] {logging_mixin.py:188} INFO - [2024-05-27T04:11:55.982+0000] {dagbag.py:545} INFO - Filling up the DagBag from /home/airflow/.local/lib/python3.12/site-packages/airflow/example_dags/example_nested_branch_dag.py
[2024-05-27T04:11:55.990+0000] {processor.py:840} INFO - DAG(s) 'example_nested_branch_dag' retrieved from /home/airflow/.local/lib/python3.12/site-packages/airflow/example_dags/example_nested_branch_dag.py
[2024-05-27T04:11:56.003+0000] {logging_mixin.py:188} INFO - [2024-05-27T04:11:56.003+0000] {dag.py:3096} INFO - Sync 1 DAGs
[2024-05-27T04:11:56.023+0000] {logging_mixin.py:188} INFO - [2024-05-27T04:11:56.023+0000] {dag.py:3954} INFO - Setting next_dagrun for example_nested_branch_dag to 2024-05-26 00:00:00+00:00, run_after=2024-05-27 00:00:00+00:00
[2024-05-27T04:11:56.062+0000] {processor.py:183} INFO - Processing /home/airflow/.local/lib/python3.12/site-packages/airflow/example_dags/example_nested_branch_dag.py took 0.088 seconds
