[2024-05-27T02:56:55.911+0000] {processor.py:161} INFO - Started process (PID=34) to work on /home/airflow/.local/lib/python3.12/site-packages/airflow/example_dags/example_skip_dag.py
[2024-05-27T02:56:55.912+0000] {processor.py:830} INFO - Processing file /home/airflow/.local/lib/python3.12/site-packages/airflow/example_dags/example_skip_dag.py for tasks to queue
[2024-05-27T02:56:55.913+0000] {logging_mixin.py:188} INFO - [2024-05-27T02:56:55.913+0000] {dagbag.py:545} INFO - Filling up the DagBag from /home/airflow/.local/lib/python3.12/site-packages/airflow/example_dags/example_skip_dag.py
[2024-05-27T02:56:55.919+0000] {processor.py:840} INFO - DAG(s) 'example_skip_dag' retrieved from /home/airflow/.local/lib/python3.12/site-packages/airflow/example_dags/example_skip_dag.py
[2024-05-27T02:56:55.927+0000] {logging_mixin.py:188} INFO - [2024-05-27T02:56:55.927+0000] {dag.py:3096} INFO - Sync 1 DAGs
[2024-05-27T02:56:55.943+0000] {logging_mixin.py:188} INFO - [2024-05-27T02:56:55.943+0000] {dag.py:3954} INFO - Setting next_dagrun for example_skip_dag to 2024-05-26 00:00:00+00:00, run_after=2024-05-27 00:00:00+00:00
[2024-05-27T02:56:55.954+0000] {processor.py:183} INFO - Processing /home/airflow/.local/lib/python3.12/site-packages/airflow/example_dags/example_skip_dag.py took 0.045 seconds
[2024-05-27T02:57:26.212+0000] {processor.py:161} INFO - Started process (PID=93) to work on /home/airflow/.local/lib/python3.12/site-packages/airflow/example_dags/example_skip_dag.py
[2024-05-27T02:57:26.212+0000] {processor.py:830} INFO - Processing file /home/airflow/.local/lib/python3.12/site-packages/airflow/example_dags/example_skip_dag.py for tasks to queue
[2024-05-27T02:57:26.213+0000] {logging_mixin.py:188} INFO - [2024-05-27T02:57:26.213+0000] {dagbag.py:545} INFO - Filling up the DagBag from /home/airflow/.local/lib/python3.12/site-packages/airflow/example_dags/example_skip_dag.py
[2024-05-27T02:57:26.216+0000] {processor.py:840} INFO - DAG(s) 'example_skip_dag' retrieved from /home/airflow/.local/lib/python3.12/site-packages/airflow/example_dags/example_skip_dag.py
[2024-05-27T02:57:26.259+0000] {logging_mixin.py:188} INFO - [2024-05-27T02:57:26.259+0000] {dag.py:3096} INFO - Sync 1 DAGs
[2024-05-27T02:57:26.267+0000] {logging_mixin.py:188} INFO - [2024-05-27T02:57:26.267+0000] {dag.py:3954} INFO - Setting next_dagrun for example_skip_dag to 2024-05-26 00:00:00+00:00, run_after=2024-05-27 00:00:00+00:00
[2024-05-27T02:57:26.275+0000] {processor.py:183} INFO - Processing /home/airflow/.local/lib/python3.12/site-packages/airflow/example_dags/example_skip_dag.py took 0.066 seconds
[2024-05-27T02:57:56.490+0000] {processor.py:161} INFO - Started process (PID=152) to work on /home/airflow/.local/lib/python3.12/site-packages/airflow/example_dags/example_skip_dag.py
[2024-05-27T02:57:56.491+0000] {processor.py:830} INFO - Processing file /home/airflow/.local/lib/python3.12/site-packages/airflow/example_dags/example_skip_dag.py for tasks to queue
[2024-05-27T02:57:56.492+0000] {logging_mixin.py:188} INFO - [2024-05-27T02:57:56.492+0000] {dagbag.py:545} INFO - Filling up the DagBag from /home/airflow/.local/lib/python3.12/site-packages/airflow/example_dags/example_skip_dag.py
[2024-05-27T02:57:56.496+0000] {processor.py:840} INFO - DAG(s) 'example_skip_dag' retrieved from /home/airflow/.local/lib/python3.12/site-packages/airflow/example_dags/example_skip_dag.py
[2024-05-27T02:57:56.505+0000] {logging_mixin.py:188} INFO - [2024-05-27T02:57:56.505+0000] {dag.py:3096} INFO - Sync 1 DAGs
[2024-05-27T02:57:56.515+0000] {logging_mixin.py:188} INFO - [2024-05-27T02:57:56.515+0000] {dag.py:3954} INFO - Setting next_dagrun for example_skip_dag to 2024-05-26 00:00:00+00:00, run_after=2024-05-27 00:00:00+00:00
[2024-05-27T02:57:56.523+0000] {processor.py:183} INFO - Processing /home/airflow/.local/lib/python3.12/site-packages/airflow/example_dags/example_skip_dag.py took 0.035 seconds
[2024-05-27T02:58:27.091+0000] {processor.py:161} INFO - Started process (PID=211) to work on /home/airflow/.local/lib/python3.12/site-packages/airflow/example_dags/example_skip_dag.py
[2024-05-27T02:58:27.092+0000] {processor.py:830} INFO - Processing file /home/airflow/.local/lib/python3.12/site-packages/airflow/example_dags/example_skip_dag.py for tasks to queue
[2024-05-27T02:58:27.092+0000] {logging_mixin.py:188} INFO - [2024-05-27T02:58:27.092+0000] {dagbag.py:545} INFO - Filling up the DagBag from /home/airflow/.local/lib/python3.12/site-packages/airflow/example_dags/example_skip_dag.py
[2024-05-27T02:58:27.096+0000] {processor.py:840} INFO - DAG(s) 'example_skip_dag' retrieved from /home/airflow/.local/lib/python3.12/site-packages/airflow/example_dags/example_skip_dag.py
[2024-05-27T02:58:27.109+0000] {logging_mixin.py:188} INFO - [2024-05-27T02:58:27.109+0000] {dag.py:3096} INFO - Sync 1 DAGs
[2024-05-27T02:58:27.123+0000] {logging_mixin.py:188} INFO - [2024-05-27T02:58:27.123+0000] {dag.py:3954} INFO - Setting next_dagrun for example_skip_dag to 2024-05-26 00:00:00+00:00, run_after=2024-05-27 00:00:00+00:00
[2024-05-27T02:58:27.140+0000] {processor.py:183} INFO - Processing /home/airflow/.local/lib/python3.12/site-packages/airflow/example_dags/example_skip_dag.py took 0.052 seconds
[2024-05-27T02:58:57.648+0000] {processor.py:161} INFO - Started process (PID=270) to work on /home/airflow/.local/lib/python3.12/site-packages/airflow/example_dags/example_skip_dag.py
[2024-05-27T02:58:57.648+0000] {processor.py:830} INFO - Processing file /home/airflow/.local/lib/python3.12/site-packages/airflow/example_dags/example_skip_dag.py for tasks to queue
[2024-05-27T02:58:57.649+0000] {logging_mixin.py:188} INFO - [2024-05-27T02:58:57.649+0000] {dagbag.py:545} INFO - Filling up the DagBag from /home/airflow/.local/lib/python3.12/site-packages/airflow/example_dags/example_skip_dag.py
[2024-05-27T02:58:57.652+0000] {processor.py:840} INFO - DAG(s) 'example_skip_dag' retrieved from /home/airflow/.local/lib/python3.12/site-packages/airflow/example_dags/example_skip_dag.py
[2024-05-27T02:58:57.662+0000] {logging_mixin.py:188} INFO - [2024-05-27T02:58:57.662+0000] {dag.py:3096} INFO - Sync 1 DAGs
[2024-05-27T02:58:57.672+0000] {logging_mixin.py:188} INFO - [2024-05-27T02:58:57.672+0000] {dag.py:3954} INFO - Setting next_dagrun for example_skip_dag to 2024-05-26 00:00:00+00:00, run_after=2024-05-27 00:00:00+00:00
[2024-05-27T02:58:57.694+0000] {processor.py:183} INFO - Processing /home/airflow/.local/lib/python3.12/site-packages/airflow/example_dags/example_skip_dag.py took 0.049 seconds
[2024-05-27T02:59:28.259+0000] {processor.py:161} INFO - Started process (PID=329) to work on /home/airflow/.local/lib/python3.12/site-packages/airflow/example_dags/example_skip_dag.py
[2024-05-27T02:59:28.259+0000] {processor.py:830} INFO - Processing file /home/airflow/.local/lib/python3.12/site-packages/airflow/example_dags/example_skip_dag.py for tasks to queue
[2024-05-27T02:59:28.260+0000] {logging_mixin.py:188} INFO - [2024-05-27T02:59:28.260+0000] {dagbag.py:545} INFO - Filling up the DagBag from /home/airflow/.local/lib/python3.12/site-packages/airflow/example_dags/example_skip_dag.py
[2024-05-27T02:59:28.263+0000] {processor.py:840} INFO - DAG(s) 'example_skip_dag' retrieved from /home/airflow/.local/lib/python3.12/site-packages/airflow/example_dags/example_skip_dag.py
[2024-05-27T02:59:28.273+0000] {logging_mixin.py:188} INFO - [2024-05-27T02:59:28.273+0000] {dag.py:3096} INFO - Sync 1 DAGs
[2024-05-27T02:59:28.282+0000] {logging_mixin.py:188} INFO - [2024-05-27T02:59:28.282+0000] {dag.py:3954} INFO - Setting next_dagrun for example_skip_dag to 2024-05-26 00:00:00+00:00, run_after=2024-05-27 00:00:00+00:00
[2024-05-27T02:59:28.290+0000] {processor.py:183} INFO - Processing /home/airflow/.local/lib/python3.12/site-packages/airflow/example_dags/example_skip_dag.py took 0.034 seconds
[2024-05-27T02:59:58.802+0000] {processor.py:161} INFO - Started process (PID=388) to work on /home/airflow/.local/lib/python3.12/site-packages/airflow/example_dags/example_skip_dag.py
[2024-05-27T02:59:58.802+0000] {processor.py:830} INFO - Processing file /home/airflow/.local/lib/python3.12/site-packages/airflow/example_dags/example_skip_dag.py for tasks to queue
[2024-05-27T02:59:58.803+0000] {logging_mixin.py:188} INFO - [2024-05-27T02:59:58.803+0000] {dagbag.py:545} INFO - Filling up the DagBag from /home/airflow/.local/lib/python3.12/site-packages/airflow/example_dags/example_skip_dag.py
[2024-05-27T02:59:58.806+0000] {processor.py:840} INFO - DAG(s) 'example_skip_dag' retrieved from /home/airflow/.local/lib/python3.12/site-packages/airflow/example_dags/example_skip_dag.py
[2024-05-27T02:59:58.816+0000] {logging_mixin.py:188} INFO - [2024-05-27T02:59:58.816+0000] {dag.py:3096} INFO - Sync 1 DAGs
[2024-05-27T02:59:58.826+0000] {logging_mixin.py:188} INFO - [2024-05-27T02:59:58.826+0000] {dag.py:3954} INFO - Setting next_dagrun for example_skip_dag to 2024-05-26 00:00:00+00:00, run_after=2024-05-27 00:00:00+00:00
[2024-05-27T02:59:58.833+0000] {processor.py:183} INFO - Processing /home/airflow/.local/lib/python3.12/site-packages/airflow/example_dags/example_skip_dag.py took 0.034 seconds
[2024-05-27T03:00:29.333+0000] {processor.py:161} INFO - Started process (PID=447) to work on /home/airflow/.local/lib/python3.12/site-packages/airflow/example_dags/example_skip_dag.py
[2024-05-27T03:00:29.334+0000] {processor.py:830} INFO - Processing file /home/airflow/.local/lib/python3.12/site-packages/airflow/example_dags/example_skip_dag.py for tasks to queue
[2024-05-27T03:00:29.335+0000] {logging_mixin.py:188} INFO - [2024-05-27T03:00:29.335+0000] {dagbag.py:545} INFO - Filling up the DagBag from /home/airflow/.local/lib/python3.12/site-packages/airflow/example_dags/example_skip_dag.py
[2024-05-27T03:00:29.338+0000] {processor.py:840} INFO - DAG(s) 'example_skip_dag' retrieved from /home/airflow/.local/lib/python3.12/site-packages/airflow/example_dags/example_skip_dag.py
[2024-05-27T03:00:29.348+0000] {logging_mixin.py:188} INFO - [2024-05-27T03:00:29.348+0000] {dag.py:3096} INFO - Sync 1 DAGs
[2024-05-27T03:00:29.358+0000] {logging_mixin.py:188} INFO - [2024-05-27T03:00:29.358+0000] {dag.py:3954} INFO - Setting next_dagrun for example_skip_dag to 2024-05-26 00:00:00+00:00, run_after=2024-05-27 00:00:00+00:00
[2024-05-27T03:00:29.367+0000] {processor.py:183} INFO - Processing /home/airflow/.local/lib/python3.12/site-packages/airflow/example_dags/example_skip_dag.py took 0.037 seconds
[2024-05-27T03:00:59.933+0000] {processor.py:161} INFO - Started process (PID=505) to work on /home/airflow/.local/lib/python3.12/site-packages/airflow/example_dags/example_skip_dag.py
[2024-05-27T03:00:59.933+0000] {processor.py:830} INFO - Processing file /home/airflow/.local/lib/python3.12/site-packages/airflow/example_dags/example_skip_dag.py for tasks to queue
[2024-05-27T03:00:59.935+0000] {logging_mixin.py:188} INFO - [2024-05-27T03:00:59.934+0000] {dagbag.py:545} INFO - Filling up the DagBag from /home/airflow/.local/lib/python3.12/site-packages/airflow/example_dags/example_skip_dag.py
[2024-05-27T03:00:59.938+0000] {processor.py:840} INFO - DAG(s) 'example_skip_dag' retrieved from /home/airflow/.local/lib/python3.12/site-packages/airflow/example_dags/example_skip_dag.py
[2024-05-27T03:00:59.948+0000] {logging_mixin.py:188} INFO - [2024-05-27T03:00:59.948+0000] {dag.py:3096} INFO - Sync 1 DAGs
[2024-05-27T03:00:59.957+0000] {logging_mixin.py:188} INFO - [2024-05-27T03:00:59.957+0000] {dag.py:3954} INFO - Setting next_dagrun for example_skip_dag to 2024-05-26 00:00:00+00:00, run_after=2024-05-27 00:00:00+00:00
[2024-05-27T03:00:59.965+0000] {processor.py:183} INFO - Processing /home/airflow/.local/lib/python3.12/site-packages/airflow/example_dags/example_skip_dag.py took 0.035 seconds
[2024-05-27T03:01:30.508+0000] {processor.py:161} INFO - Started process (PID=564) to work on /home/airflow/.local/lib/python3.12/site-packages/airflow/example_dags/example_skip_dag.py
[2024-05-27T03:01:30.508+0000] {processor.py:830} INFO - Processing file /home/airflow/.local/lib/python3.12/site-packages/airflow/example_dags/example_skip_dag.py for tasks to queue
[2024-05-27T03:01:30.510+0000] {logging_mixin.py:188} INFO - [2024-05-27T03:01:30.509+0000] {dagbag.py:545} INFO - Filling up the DagBag from /home/airflow/.local/lib/python3.12/site-packages/airflow/example_dags/example_skip_dag.py
[2024-05-27T03:01:30.513+0000] {processor.py:840} INFO - DAG(s) 'example_skip_dag' retrieved from /home/airflow/.local/lib/python3.12/site-packages/airflow/example_dags/example_skip_dag.py
[2024-05-27T03:01:30.523+0000] {logging_mixin.py:188} INFO - [2024-05-27T03:01:30.523+0000] {dag.py:3096} INFO - Sync 1 DAGs
[2024-05-27T03:01:30.532+0000] {logging_mixin.py:188} INFO - [2024-05-27T03:01:30.532+0000] {dag.py:3954} INFO - Setting next_dagrun for example_skip_dag to 2024-05-26 00:00:00+00:00, run_after=2024-05-27 00:00:00+00:00
[2024-05-27T03:01:30.540+0000] {processor.py:183} INFO - Processing /home/airflow/.local/lib/python3.12/site-packages/airflow/example_dags/example_skip_dag.py took 0.036 seconds
[2024-05-27T03:02:01.163+0000] {processor.py:161} INFO - Started process (PID=623) to work on /home/airflow/.local/lib/python3.12/site-packages/airflow/example_dags/example_skip_dag.py
[2024-05-27T03:02:01.164+0000] {processor.py:830} INFO - Processing file /home/airflow/.local/lib/python3.12/site-packages/airflow/example_dags/example_skip_dag.py for tasks to queue
[2024-05-27T03:02:01.165+0000] {logging_mixin.py:188} INFO - [2024-05-27T03:02:01.165+0000] {dagbag.py:545} INFO - Filling up the DagBag from /home/airflow/.local/lib/python3.12/site-packages/airflow/example_dags/example_skip_dag.py
[2024-05-27T03:02:01.168+0000] {processor.py:840} INFO - DAG(s) 'example_skip_dag' retrieved from /home/airflow/.local/lib/python3.12/site-packages/airflow/example_dags/example_skip_dag.py
[2024-05-27T03:02:01.178+0000] {logging_mixin.py:188} INFO - [2024-05-27T03:02:01.178+0000] {dag.py:3096} INFO - Sync 1 DAGs
[2024-05-27T03:02:01.189+0000] {logging_mixin.py:188} INFO - [2024-05-27T03:02:01.189+0000] {dag.py:3954} INFO - Setting next_dagrun for example_skip_dag to 2024-05-26 00:00:00+00:00, run_after=2024-05-27 00:00:00+00:00
[2024-05-27T03:02:01.199+0000] {processor.py:183} INFO - Processing /home/airflow/.local/lib/python3.12/site-packages/airflow/example_dags/example_skip_dag.py took 0.039 seconds
[2024-05-27T03:02:31.696+0000] {processor.py:161} INFO - Started process (PID=682) to work on /home/airflow/.local/lib/python3.12/site-packages/airflow/example_dags/example_skip_dag.py
[2024-05-27T03:02:31.696+0000] {processor.py:830} INFO - Processing file /home/airflow/.local/lib/python3.12/site-packages/airflow/example_dags/example_skip_dag.py for tasks to queue
[2024-05-27T03:02:31.698+0000] {logging_mixin.py:188} INFO - [2024-05-27T03:02:31.698+0000] {dagbag.py:545} INFO - Filling up the DagBag from /home/airflow/.local/lib/python3.12/site-packages/airflow/example_dags/example_skip_dag.py
[2024-05-27T03:02:31.703+0000] {processor.py:840} INFO - DAG(s) 'example_skip_dag' retrieved from /home/airflow/.local/lib/python3.12/site-packages/airflow/example_dags/example_skip_dag.py
[2024-05-27T03:02:31.716+0000] {logging_mixin.py:188} INFO - [2024-05-27T03:02:31.716+0000] {dag.py:3096} INFO - Sync 1 DAGs
[2024-05-27T03:02:31.727+0000] {logging_mixin.py:188} INFO - [2024-05-27T03:02:31.727+0000] {dag.py:3954} INFO - Setting next_dagrun for example_skip_dag to 2024-05-26 00:00:00+00:00, run_after=2024-05-27 00:00:00+00:00
[2024-05-27T03:02:31.737+0000] {processor.py:183} INFO - Processing /home/airflow/.local/lib/python3.12/site-packages/airflow/example_dags/example_skip_dag.py took 0.044 seconds
[2024-05-27T03:03:02.245+0000] {processor.py:161} INFO - Started process (PID=741) to work on /home/airflow/.local/lib/python3.12/site-packages/airflow/example_dags/example_skip_dag.py
[2024-05-27T03:03:02.246+0000] {processor.py:830} INFO - Processing file /home/airflow/.local/lib/python3.12/site-packages/airflow/example_dags/example_skip_dag.py for tasks to queue
[2024-05-27T03:03:02.248+0000] {logging_mixin.py:188} INFO - [2024-05-27T03:03:02.248+0000] {dagbag.py:545} INFO - Filling up the DagBag from /home/airflow/.local/lib/python3.12/site-packages/airflow/example_dags/example_skip_dag.py
[2024-05-27T03:03:02.252+0000] {processor.py:840} INFO - DAG(s) 'example_skip_dag' retrieved from /home/airflow/.local/lib/python3.12/site-packages/airflow/example_dags/example_skip_dag.py
[2024-05-27T03:03:02.265+0000] {logging_mixin.py:188} INFO - [2024-05-27T03:03:02.264+0000] {dag.py:3096} INFO - Sync 1 DAGs
[2024-05-27T03:03:02.274+0000] {logging_mixin.py:188} INFO - [2024-05-27T03:03:02.274+0000] {dag.py:3954} INFO - Setting next_dagrun for example_skip_dag to 2024-05-26 00:00:00+00:00, run_after=2024-05-27 00:00:00+00:00
[2024-05-27T03:03:02.284+0000] {processor.py:183} INFO - Processing /home/airflow/.local/lib/python3.12/site-packages/airflow/example_dags/example_skip_dag.py took 0.042 seconds
[2024-05-27T03:03:32.836+0000] {processor.py:161} INFO - Started process (PID=800) to work on /home/airflow/.local/lib/python3.12/site-packages/airflow/example_dags/example_skip_dag.py
[2024-05-27T03:03:32.836+0000] {processor.py:830} INFO - Processing file /home/airflow/.local/lib/python3.12/site-packages/airflow/example_dags/example_skip_dag.py for tasks to queue
[2024-05-27T03:03:32.837+0000] {logging_mixin.py:188} INFO - [2024-05-27T03:03:32.837+0000] {dagbag.py:545} INFO - Filling up the DagBag from /home/airflow/.local/lib/python3.12/site-packages/airflow/example_dags/example_skip_dag.py
[2024-05-27T03:03:32.841+0000] {processor.py:840} INFO - DAG(s) 'example_skip_dag' retrieved from /home/airflow/.local/lib/python3.12/site-packages/airflow/example_dags/example_skip_dag.py
[2024-05-27T03:03:32.851+0000] {logging_mixin.py:188} INFO - [2024-05-27T03:03:32.851+0000] {dag.py:3096} INFO - Sync 1 DAGs
[2024-05-27T03:03:32.861+0000] {logging_mixin.py:188} INFO - [2024-05-27T03:03:32.861+0000] {dag.py:3954} INFO - Setting next_dagrun for example_skip_dag to 2024-05-26 00:00:00+00:00, run_after=2024-05-27 00:00:00+00:00
[2024-05-27T03:03:32.870+0000] {processor.py:183} INFO - Processing /home/airflow/.local/lib/python3.12/site-packages/airflow/example_dags/example_skip_dag.py took 0.038 seconds
[2024-05-27T03:04:03.511+0000] {processor.py:161} INFO - Started process (PID=858) to work on /home/airflow/.local/lib/python3.12/site-packages/airflow/example_dags/example_skip_dag.py
[2024-05-27T03:04:03.512+0000] {processor.py:830} INFO - Processing file /home/airflow/.local/lib/python3.12/site-packages/airflow/example_dags/example_skip_dag.py for tasks to queue
[2024-05-27T03:04:03.513+0000] {logging_mixin.py:188} INFO - [2024-05-27T03:04:03.513+0000] {dagbag.py:545} INFO - Filling up the DagBag from /home/airflow/.local/lib/python3.12/site-packages/airflow/example_dags/example_skip_dag.py
[2024-05-27T03:04:03.516+0000] {processor.py:840} INFO - DAG(s) 'example_skip_dag' retrieved from /home/airflow/.local/lib/python3.12/site-packages/airflow/example_dags/example_skip_dag.py
[2024-05-27T03:04:03.526+0000] {logging_mixin.py:188} INFO - [2024-05-27T03:04:03.525+0000] {dag.py:3096} INFO - Sync 1 DAGs
[2024-05-27T03:04:03.535+0000] {logging_mixin.py:188} INFO - [2024-05-27T03:04:03.535+0000] {dag.py:3954} INFO - Setting next_dagrun for example_skip_dag to 2024-05-26 00:00:00+00:00, run_after=2024-05-27 00:00:00+00:00
[2024-05-27T03:04:03.543+0000] {processor.py:183} INFO - Processing /home/airflow/.local/lib/python3.12/site-packages/airflow/example_dags/example_skip_dag.py took 0.034 seconds
[2024-05-27T03:04:34.340+0000] {processor.py:161} INFO - Started process (PID=917) to work on /home/airflow/.local/lib/python3.12/site-packages/airflow/example_dags/example_skip_dag.py
[2024-05-27T03:04:34.341+0000] {processor.py:830} INFO - Processing file /home/airflow/.local/lib/python3.12/site-packages/airflow/example_dags/example_skip_dag.py for tasks to queue
[2024-05-27T03:04:34.342+0000] {logging_mixin.py:188} INFO - [2024-05-27T03:04:34.342+0000] {dagbag.py:545} INFO - Filling up the DagBag from /home/airflow/.local/lib/python3.12/site-packages/airflow/example_dags/example_skip_dag.py
[2024-05-27T03:04:34.345+0000] {processor.py:840} INFO - DAG(s) 'example_skip_dag' retrieved from /home/airflow/.local/lib/python3.12/site-packages/airflow/example_dags/example_skip_dag.py
[2024-05-27T03:04:34.355+0000] {logging_mixin.py:188} INFO - [2024-05-27T03:04:34.355+0000] {dag.py:3096} INFO - Sync 1 DAGs
[2024-05-27T03:04:34.364+0000] {logging_mixin.py:188} INFO - [2024-05-27T03:04:34.364+0000] {dag.py:3954} INFO - Setting next_dagrun for example_skip_dag to 2024-05-26 00:00:00+00:00, run_after=2024-05-27 00:00:00+00:00
[2024-05-27T03:04:34.372+0000] {processor.py:183} INFO - Processing /home/airflow/.local/lib/python3.12/site-packages/airflow/example_dags/example_skip_dag.py took 0.035 seconds
[2024-05-27T03:05:04.987+0000] {processor.py:161} INFO - Started process (PID=976) to work on /home/airflow/.local/lib/python3.12/site-packages/airflow/example_dags/example_skip_dag.py
[2024-05-27T03:05:04.988+0000] {processor.py:830} INFO - Processing file /home/airflow/.local/lib/python3.12/site-packages/airflow/example_dags/example_skip_dag.py for tasks to queue
[2024-05-27T03:05:04.989+0000] {logging_mixin.py:188} INFO - [2024-05-27T03:05:04.989+0000] {dagbag.py:545} INFO - Filling up the DagBag from /home/airflow/.local/lib/python3.12/site-packages/airflow/example_dags/example_skip_dag.py
[2024-05-27T03:05:04.992+0000] {processor.py:840} INFO - DAG(s) 'example_skip_dag' retrieved from /home/airflow/.local/lib/python3.12/site-packages/airflow/example_dags/example_skip_dag.py
[2024-05-27T03:05:05.002+0000] {logging_mixin.py:188} INFO - [2024-05-27T03:05:05.002+0000] {dag.py:3096} INFO - Sync 1 DAGs
[2024-05-27T03:05:05.011+0000] {logging_mixin.py:188} INFO - [2024-05-27T03:05:05.011+0000] {dag.py:3954} INFO - Setting next_dagrun for example_skip_dag to 2024-05-26 00:00:00+00:00, run_after=2024-05-27 00:00:00+00:00
[2024-05-27T03:05:05.019+0000] {processor.py:183} INFO - Processing /home/airflow/.local/lib/python3.12/site-packages/airflow/example_dags/example_skip_dag.py took 0.034 seconds
[2024-05-27T03:05:35.584+0000] {processor.py:161} INFO - Started process (PID=1035) to work on /home/airflow/.local/lib/python3.12/site-packages/airflow/example_dags/example_skip_dag.py
[2024-05-27T03:05:35.585+0000] {processor.py:830} INFO - Processing file /home/airflow/.local/lib/python3.12/site-packages/airflow/example_dags/example_skip_dag.py for tasks to queue
[2024-05-27T03:05:35.586+0000] {logging_mixin.py:188} INFO - [2024-05-27T03:05:35.586+0000] {dagbag.py:545} INFO - Filling up the DagBag from /home/airflow/.local/lib/python3.12/site-packages/airflow/example_dags/example_skip_dag.py
[2024-05-27T03:05:35.589+0000] {processor.py:840} INFO - DAG(s) 'example_skip_dag' retrieved from /home/airflow/.local/lib/python3.12/site-packages/airflow/example_dags/example_skip_dag.py
[2024-05-27T03:05:35.599+0000] {logging_mixin.py:188} INFO - [2024-05-27T03:05:35.599+0000] {dag.py:3096} INFO - Sync 1 DAGs
[2024-05-27T03:05:35.608+0000] {logging_mixin.py:188} INFO - [2024-05-27T03:05:35.608+0000] {dag.py:3954} INFO - Setting next_dagrun for example_skip_dag to 2024-05-26 00:00:00+00:00, run_after=2024-05-27 00:00:00+00:00
[2024-05-27T03:05:35.615+0000] {processor.py:183} INFO - Processing /home/airflow/.local/lib/python3.12/site-packages/airflow/example_dags/example_skip_dag.py took 0.034 seconds
[2024-05-27T03:06:06.206+0000] {processor.py:161} INFO - Started process (PID=1094) to work on /home/airflow/.local/lib/python3.12/site-packages/airflow/example_dags/example_skip_dag.py
[2024-05-27T03:06:06.206+0000] {processor.py:830} INFO - Processing file /home/airflow/.local/lib/python3.12/site-packages/airflow/example_dags/example_skip_dag.py for tasks to queue
[2024-05-27T03:06:06.207+0000] {logging_mixin.py:188} INFO - [2024-05-27T03:06:06.207+0000] {dagbag.py:545} INFO - Filling up the DagBag from /home/airflow/.local/lib/python3.12/site-packages/airflow/example_dags/example_skip_dag.py
[2024-05-27T03:06:06.210+0000] {processor.py:840} INFO - DAG(s) 'example_skip_dag' retrieved from /home/airflow/.local/lib/python3.12/site-packages/airflow/example_dags/example_skip_dag.py
[2024-05-27T03:06:06.220+0000] {logging_mixin.py:188} INFO - [2024-05-27T03:06:06.220+0000] {dag.py:3096} INFO - Sync 1 DAGs
[2024-05-27T03:06:06.229+0000] {logging_mixin.py:188} INFO - [2024-05-27T03:06:06.229+0000] {dag.py:3954} INFO - Setting next_dagrun for example_skip_dag to 2024-05-26 00:00:00+00:00, run_after=2024-05-27 00:00:00+00:00
[2024-05-27T03:06:06.237+0000] {processor.py:183} INFO - Processing /home/airflow/.local/lib/python3.12/site-packages/airflow/example_dags/example_skip_dag.py took 0.034 seconds
[2024-05-27T03:06:36.897+0000] {processor.py:161} INFO - Started process (PID=1153) to work on /home/airflow/.local/lib/python3.12/site-packages/airflow/example_dags/example_skip_dag.py
[2024-05-27T03:06:36.898+0000] {processor.py:830} INFO - Processing file /home/airflow/.local/lib/python3.12/site-packages/airflow/example_dags/example_skip_dag.py for tasks to queue
[2024-05-27T03:06:36.899+0000] {logging_mixin.py:188} INFO - [2024-05-27T03:06:36.898+0000] {dagbag.py:545} INFO - Filling up the DagBag from /home/airflow/.local/lib/python3.12/site-packages/airflow/example_dags/example_skip_dag.py
[2024-05-27T03:06:36.902+0000] {processor.py:840} INFO - DAG(s) 'example_skip_dag' retrieved from /home/airflow/.local/lib/python3.12/site-packages/airflow/example_dags/example_skip_dag.py
[2024-05-27T03:06:36.912+0000] {logging_mixin.py:188} INFO - [2024-05-27T03:06:36.912+0000] {dag.py:3096} INFO - Sync 1 DAGs
[2024-05-27T03:06:36.921+0000] {logging_mixin.py:188} INFO - [2024-05-27T03:06:36.921+0000] {dag.py:3954} INFO - Setting next_dagrun for example_skip_dag to 2024-05-26 00:00:00+00:00, run_after=2024-05-27 00:00:00+00:00
[2024-05-27T03:06:36.929+0000] {processor.py:183} INFO - Processing /home/airflow/.local/lib/python3.12/site-packages/airflow/example_dags/example_skip_dag.py took 0.035 seconds
[2024-05-27T03:07:07.459+0000] {processor.py:161} INFO - Started process (PID=1212) to work on /home/airflow/.local/lib/python3.12/site-packages/airflow/example_dags/example_skip_dag.py
[2024-05-27T03:07:07.460+0000] {processor.py:830} INFO - Processing file /home/airflow/.local/lib/python3.12/site-packages/airflow/example_dags/example_skip_dag.py for tasks to queue
[2024-05-27T03:07:07.461+0000] {logging_mixin.py:188} INFO - [2024-05-27T03:07:07.461+0000] {dagbag.py:545} INFO - Filling up the DagBag from /home/airflow/.local/lib/python3.12/site-packages/airflow/example_dags/example_skip_dag.py
[2024-05-27T03:07:07.464+0000] {processor.py:840} INFO - DAG(s) 'example_skip_dag' retrieved from /home/airflow/.local/lib/python3.12/site-packages/airflow/example_dags/example_skip_dag.py
[2024-05-27T03:07:07.474+0000] {logging_mixin.py:188} INFO - [2024-05-27T03:07:07.474+0000] {dag.py:3096} INFO - Sync 1 DAGs
[2024-05-27T03:07:07.483+0000] {logging_mixin.py:188} INFO - [2024-05-27T03:07:07.483+0000] {dag.py:3954} INFO - Setting next_dagrun for example_skip_dag to 2024-05-26 00:00:00+00:00, run_after=2024-05-27 00:00:00+00:00
[2024-05-27T03:07:07.491+0000] {processor.py:183} INFO - Processing /home/airflow/.local/lib/python3.12/site-packages/airflow/example_dags/example_skip_dag.py took 0.035 seconds
[2024-05-27T03:07:38.071+0000] {processor.py:161} INFO - Started process (PID=1271) to work on /home/airflow/.local/lib/python3.12/site-packages/airflow/example_dags/example_skip_dag.py
[2024-05-27T03:07:38.072+0000] {processor.py:830} INFO - Processing file /home/airflow/.local/lib/python3.12/site-packages/airflow/example_dags/example_skip_dag.py for tasks to queue
[2024-05-27T03:07:38.075+0000] {logging_mixin.py:188} INFO - [2024-05-27T03:07:38.075+0000] {dagbag.py:545} INFO - Filling up the DagBag from /home/airflow/.local/lib/python3.12/site-packages/airflow/example_dags/example_skip_dag.py
[2024-05-27T03:07:38.081+0000] {processor.py:840} INFO - DAG(s) 'example_skip_dag' retrieved from /home/airflow/.local/lib/python3.12/site-packages/airflow/example_dags/example_skip_dag.py
[2024-05-27T03:07:38.091+0000] {logging_mixin.py:188} INFO - [2024-05-27T03:07:38.091+0000] {dag.py:3096} INFO - Sync 1 DAGs
[2024-05-27T03:07:38.102+0000] {logging_mixin.py:188} INFO - [2024-05-27T03:07:38.101+0000] {dag.py:3954} INFO - Setting next_dagrun for example_skip_dag to 2024-05-26 00:00:00+00:00, run_after=2024-05-27 00:00:00+00:00
[2024-05-27T03:07:38.110+0000] {processor.py:183} INFO - Processing /home/airflow/.local/lib/python3.12/site-packages/airflow/example_dags/example_skip_dag.py took 0.042 seconds
[2024-05-27T03:08:36.104+0000] {processor.py:161} INFO - Started process (PID=34) to work on /home/airflow/.local/lib/python3.12/site-packages/airflow/example_dags/example_skip_dag.py
[2024-05-27T03:08:36.104+0000] {processor.py:830} INFO - Processing file /home/airflow/.local/lib/python3.12/site-packages/airflow/example_dags/example_skip_dag.py for tasks to queue
[2024-05-27T03:08:36.105+0000] {logging_mixin.py:188} INFO - [2024-05-27T03:08:36.105+0000] {dagbag.py:545} INFO - Filling up the DagBag from /home/airflow/.local/lib/python3.12/site-packages/airflow/example_dags/example_skip_dag.py
[2024-05-27T03:08:36.117+0000] {processor.py:840} INFO - DAG(s) 'example_skip_dag' retrieved from /home/airflow/.local/lib/python3.12/site-packages/airflow/example_dags/example_skip_dag.py
[2024-05-27T03:08:36.131+0000] {logging_mixin.py:188} INFO - [2024-05-27T03:08:36.130+0000] {dag.py:3096} INFO - Sync 1 DAGs
[2024-05-27T03:08:36.160+0000] {logging_mixin.py:188} INFO - [2024-05-27T03:08:36.160+0000] {dag.py:3954} INFO - Setting next_dagrun for example_skip_dag to 2024-05-26 00:00:00+00:00, run_after=2024-05-27 00:00:00+00:00
[2024-05-27T03:08:36.190+0000] {processor.py:183} INFO - Processing /home/airflow/.local/lib/python3.12/site-packages/airflow/example_dags/example_skip_dag.py took 0.090 seconds
[2024-05-27T03:09:06.477+0000] {processor.py:161} INFO - Started process (PID=93) to work on /home/airflow/.local/lib/python3.12/site-packages/airflow/example_dags/example_skip_dag.py
[2024-05-27T03:09:06.478+0000] {processor.py:830} INFO - Processing file /home/airflow/.local/lib/python3.12/site-packages/airflow/example_dags/example_skip_dag.py for tasks to queue
[2024-05-27T03:09:06.480+0000] {logging_mixin.py:188} INFO - [2024-05-27T03:09:06.479+0000] {dagbag.py:545} INFO - Filling up the DagBag from /home/airflow/.local/lib/python3.12/site-packages/airflow/example_dags/example_skip_dag.py
[2024-05-27T03:09:06.486+0000] {processor.py:840} INFO - DAG(s) 'example_skip_dag' retrieved from /home/airflow/.local/lib/python3.12/site-packages/airflow/example_dags/example_skip_dag.py
[2024-05-27T03:09:06.546+0000] {logging_mixin.py:188} INFO - [2024-05-27T03:09:06.546+0000] {dag.py:3096} INFO - Sync 1 DAGs
[2024-05-27T03:09:06.558+0000] {logging_mixin.py:188} INFO - [2024-05-27T03:09:06.558+0000] {dag.py:3954} INFO - Setting next_dagrun for example_skip_dag to 2024-05-26 00:00:00+00:00, run_after=2024-05-27 00:00:00+00:00
[2024-05-27T03:09:06.569+0000] {processor.py:183} INFO - Processing /home/airflow/.local/lib/python3.12/site-packages/airflow/example_dags/example_skip_dag.py took 0.096 seconds
[2024-05-27T03:09:36.999+0000] {processor.py:161} INFO - Started process (PID=152) to work on /home/airflow/.local/lib/python3.12/site-packages/airflow/example_dags/example_skip_dag.py
[2024-05-27T03:09:37.000+0000] {processor.py:830} INFO - Processing file /home/airflow/.local/lib/python3.12/site-packages/airflow/example_dags/example_skip_dag.py for tasks to queue
[2024-05-27T03:09:37.001+0000] {logging_mixin.py:188} INFO - [2024-05-27T03:09:37.001+0000] {dagbag.py:545} INFO - Filling up the DagBag from /home/airflow/.local/lib/python3.12/site-packages/airflow/example_dags/example_skip_dag.py
[2024-05-27T03:09:37.005+0000] {processor.py:840} INFO - DAG(s) 'example_skip_dag' retrieved from /home/airflow/.local/lib/python3.12/site-packages/airflow/example_dags/example_skip_dag.py
[2024-05-27T03:09:37.015+0000] {logging_mixin.py:188} INFO - [2024-05-27T03:09:37.015+0000] {dag.py:3096} INFO - Sync 1 DAGs
[2024-05-27T03:09:37.024+0000] {logging_mixin.py:188} INFO - [2024-05-27T03:09:37.024+0000] {dag.py:3954} INFO - Setting next_dagrun for example_skip_dag to 2024-05-26 00:00:00+00:00, run_after=2024-05-27 00:00:00+00:00
[2024-05-27T03:09:37.032+0000] {processor.py:183} INFO - Processing /home/airflow/.local/lib/python3.12/site-packages/airflow/example_dags/example_skip_dag.py took 0.036 seconds
[2024-05-27T03:10:07.591+0000] {processor.py:161} INFO - Started process (PID=211) to work on /home/airflow/.local/lib/python3.12/site-packages/airflow/example_dags/example_skip_dag.py
[2024-05-27T03:10:07.593+0000] {processor.py:830} INFO - Processing file /home/airflow/.local/lib/python3.12/site-packages/airflow/example_dags/example_skip_dag.py for tasks to queue
[2024-05-27T03:10:07.594+0000] {logging_mixin.py:188} INFO - [2024-05-27T03:10:07.594+0000] {dagbag.py:545} INFO - Filling up the DagBag from /home/airflow/.local/lib/python3.12/site-packages/airflow/example_dags/example_skip_dag.py
[2024-05-27T03:10:07.598+0000] {processor.py:840} INFO - DAG(s) 'example_skip_dag' retrieved from /home/airflow/.local/lib/python3.12/site-packages/airflow/example_dags/example_skip_dag.py
[2024-05-27T03:10:07.607+0000] {logging_mixin.py:188} INFO - [2024-05-27T03:10:07.607+0000] {dag.py:3096} INFO - Sync 1 DAGs
[2024-05-27T03:10:07.617+0000] {logging_mixin.py:188} INFO - [2024-05-27T03:10:07.617+0000] {dag.py:3954} INFO - Setting next_dagrun for example_skip_dag to 2024-05-26 00:00:00+00:00, run_after=2024-05-27 00:00:00+00:00
[2024-05-27T03:10:07.626+0000] {processor.py:183} INFO - Processing /home/airflow/.local/lib/python3.12/site-packages/airflow/example_dags/example_skip_dag.py took 0.038 seconds
[2024-05-27T03:20:23.978+0000] {processor.py:161} INFO - Started process (PID=34) to work on /home/airflow/.local/lib/python3.12/site-packages/airflow/example_dags/example_skip_dag.py
[2024-05-27T03:20:23.978+0000] {processor.py:830} INFO - Processing file /home/airflow/.local/lib/python3.12/site-packages/airflow/example_dags/example_skip_dag.py for tasks to queue
[2024-05-27T03:20:23.979+0000] {logging_mixin.py:188} INFO - [2024-05-27T03:20:23.979+0000] {dagbag.py:545} INFO - Filling up the DagBag from /home/airflow/.local/lib/python3.12/site-packages/airflow/example_dags/example_skip_dag.py
[2024-05-27T03:20:23.984+0000] {processor.py:840} INFO - DAG(s) 'example_skip_dag' retrieved from /home/airflow/.local/lib/python3.12/site-packages/airflow/example_dags/example_skip_dag.py
[2024-05-27T03:20:23.991+0000] {logging_mixin.py:188} INFO - [2024-05-27T03:20:23.991+0000] {dag.py:3096} INFO - Sync 1 DAGs
[2024-05-27T03:20:24.004+0000] {logging_mixin.py:188} INFO - [2024-05-27T03:20:24.004+0000] {dag.py:3954} INFO - Setting next_dagrun for example_skip_dag to 2024-05-26 00:00:00+00:00, run_after=2024-05-27 00:00:00+00:00
[2024-05-27T03:20:24.014+0000] {processor.py:183} INFO - Processing /home/airflow/.local/lib/python3.12/site-packages/airflow/example_dags/example_skip_dag.py took 0.039 seconds
[2024-05-27T03:20:54.210+0000] {processor.py:161} INFO - Started process (PID=92) to work on /home/airflow/.local/lib/python3.12/site-packages/airflow/example_dags/example_skip_dag.py
[2024-05-27T03:20:54.210+0000] {processor.py:830} INFO - Processing file /home/airflow/.local/lib/python3.12/site-packages/airflow/example_dags/example_skip_dag.py for tasks to queue
[2024-05-27T03:20:54.211+0000] {logging_mixin.py:188} INFO - [2024-05-27T03:20:54.211+0000] {dagbag.py:545} INFO - Filling up the DagBag from /home/airflow/.local/lib/python3.12/site-packages/airflow/example_dags/example_skip_dag.py
[2024-05-27T03:20:54.215+0000] {processor.py:840} INFO - DAG(s) 'example_skip_dag' retrieved from /home/airflow/.local/lib/python3.12/site-packages/airflow/example_dags/example_skip_dag.py
[2024-05-27T03:20:54.257+0000] {logging_mixin.py:188} INFO - [2024-05-27T03:20:54.257+0000] {dag.py:3096} INFO - Sync 1 DAGs
[2024-05-27T03:20:54.265+0000] {logging_mixin.py:188} INFO - [2024-05-27T03:20:54.265+0000] {dag.py:3954} INFO - Setting next_dagrun for example_skip_dag to 2024-05-26 00:00:00+00:00, run_after=2024-05-27 00:00:00+00:00
[2024-05-27T03:20:54.273+0000] {processor.py:183} INFO - Processing /home/airflow/.local/lib/python3.12/site-packages/airflow/example_dags/example_skip_dag.py took 0.066 seconds
[2024-05-27T03:21:24.462+0000] {processor.py:161} INFO - Started process (PID=151) to work on /home/airflow/.local/lib/python3.12/site-packages/airflow/example_dags/example_skip_dag.py
[2024-05-27T03:21:24.463+0000] {processor.py:830} INFO - Processing file /home/airflow/.local/lib/python3.12/site-packages/airflow/example_dags/example_skip_dag.py for tasks to queue
[2024-05-27T03:21:24.464+0000] {logging_mixin.py:188} INFO - [2024-05-27T03:21:24.464+0000] {dagbag.py:545} INFO - Filling up the DagBag from /home/airflow/.local/lib/python3.12/site-packages/airflow/example_dags/example_skip_dag.py
[2024-05-27T03:21:24.467+0000] {processor.py:840} INFO - DAG(s) 'example_skip_dag' retrieved from /home/airflow/.local/lib/python3.12/site-packages/airflow/example_dags/example_skip_dag.py
[2024-05-27T03:21:24.477+0000] {logging_mixin.py:188} INFO - [2024-05-27T03:21:24.477+0000] {dag.py:3096} INFO - Sync 1 DAGs
[2024-05-27T03:21:24.485+0000] {logging_mixin.py:188} INFO - [2024-05-27T03:21:24.485+0000] {dag.py:3954} INFO - Setting next_dagrun for example_skip_dag to 2024-05-26 00:00:00+00:00, run_after=2024-05-27 00:00:00+00:00
[2024-05-27T03:21:24.493+0000] {processor.py:183} INFO - Processing /home/airflow/.local/lib/python3.12/site-packages/airflow/example_dags/example_skip_dag.py took 0.033 seconds
[2024-05-27T03:21:55.013+0000] {processor.py:161} INFO - Started process (PID=211) to work on /home/airflow/.local/lib/python3.12/site-packages/airflow/example_dags/example_skip_dag.py
[2024-05-27T03:21:55.013+0000] {processor.py:830} INFO - Processing file /home/airflow/.local/lib/python3.12/site-packages/airflow/example_dags/example_skip_dag.py for tasks to queue
[2024-05-27T03:21:55.015+0000] {logging_mixin.py:188} INFO - [2024-05-27T03:21:55.015+0000] {dagbag.py:545} INFO - Filling up the DagBag from /home/airflow/.local/lib/python3.12/site-packages/airflow/example_dags/example_skip_dag.py
[2024-05-27T03:21:55.019+0000] {processor.py:840} INFO - DAG(s) 'example_skip_dag' retrieved from /home/airflow/.local/lib/python3.12/site-packages/airflow/example_dags/example_skip_dag.py
[2024-05-27T03:21:55.030+0000] {logging_mixin.py:188} INFO - [2024-05-27T03:21:55.030+0000] {dag.py:3096} INFO - Sync 1 DAGs
[2024-05-27T03:21:55.039+0000] {logging_mixin.py:188} INFO - [2024-05-27T03:21:55.039+0000] {dag.py:3954} INFO - Setting next_dagrun for example_skip_dag to 2024-05-26 00:00:00+00:00, run_after=2024-05-27 00:00:00+00:00
[2024-05-27T03:21:55.048+0000] {processor.py:183} INFO - Processing /home/airflow/.local/lib/python3.12/site-packages/airflow/example_dags/example_skip_dag.py took 0.038 seconds
[2024-05-27T03:22:25.605+0000] {processor.py:161} INFO - Started process (PID=270) to work on /home/airflow/.local/lib/python3.12/site-packages/airflow/example_dags/example_skip_dag.py
[2024-05-27T03:22:25.606+0000] {processor.py:830} INFO - Processing file /home/airflow/.local/lib/python3.12/site-packages/airflow/example_dags/example_skip_dag.py for tasks to queue
[2024-05-27T03:22:25.607+0000] {logging_mixin.py:188} INFO - [2024-05-27T03:22:25.607+0000] {dagbag.py:545} INFO - Filling up the DagBag from /home/airflow/.local/lib/python3.12/site-packages/airflow/example_dags/example_skip_dag.py
[2024-05-27T03:22:25.612+0000] {processor.py:840} INFO - DAG(s) 'example_skip_dag' retrieved from /home/airflow/.local/lib/python3.12/site-packages/airflow/example_dags/example_skip_dag.py
[2024-05-27T03:22:25.623+0000] {logging_mixin.py:188} INFO - [2024-05-27T03:22:25.623+0000] {dag.py:3096} INFO - Sync 1 DAGs
[2024-05-27T03:22:25.634+0000] {logging_mixin.py:188} INFO - [2024-05-27T03:22:25.634+0000] {dag.py:3954} INFO - Setting next_dagrun for example_skip_dag to 2024-05-26 00:00:00+00:00, run_after=2024-05-27 00:00:00+00:00
[2024-05-27T03:22:25.645+0000] {processor.py:183} INFO - Processing /home/airflow/.local/lib/python3.12/site-packages/airflow/example_dags/example_skip_dag.py took 0.043 seconds
[2024-05-27T03:22:56.336+0000] {processor.py:161} INFO - Started process (PID=329) to work on /home/airflow/.local/lib/python3.12/site-packages/airflow/example_dags/example_skip_dag.py
[2024-05-27T03:22:56.337+0000] {processor.py:830} INFO - Processing file /home/airflow/.local/lib/python3.12/site-packages/airflow/example_dags/example_skip_dag.py for tasks to queue
[2024-05-27T03:22:56.338+0000] {logging_mixin.py:188} INFO - [2024-05-27T03:22:56.337+0000] {dagbag.py:545} INFO - Filling up the DagBag from /home/airflow/.local/lib/python3.12/site-packages/airflow/example_dags/example_skip_dag.py
[2024-05-27T03:22:56.341+0000] {processor.py:840} INFO - DAG(s) 'example_skip_dag' retrieved from /home/airflow/.local/lib/python3.12/site-packages/airflow/example_dags/example_skip_dag.py
[2024-05-27T03:22:56.352+0000] {logging_mixin.py:188} INFO - [2024-05-27T03:22:56.352+0000] {dag.py:3096} INFO - Sync 1 DAGs
[2024-05-27T03:22:56.362+0000] {logging_mixin.py:188} INFO - [2024-05-27T03:22:56.362+0000] {dag.py:3954} INFO - Setting next_dagrun for example_skip_dag to 2024-05-26 00:00:00+00:00, run_after=2024-05-27 00:00:00+00:00
[2024-05-27T03:22:56.371+0000] {processor.py:183} INFO - Processing /home/airflow/.local/lib/python3.12/site-packages/airflow/example_dags/example_skip_dag.py took 0.038 seconds
[2024-05-27T03:23:26.930+0000] {processor.py:161} INFO - Started process (PID=388) to work on /home/airflow/.local/lib/python3.12/site-packages/airflow/example_dags/example_skip_dag.py
[2024-05-27T03:23:26.930+0000] {processor.py:830} INFO - Processing file /home/airflow/.local/lib/python3.12/site-packages/airflow/example_dags/example_skip_dag.py for tasks to queue
[2024-05-27T03:23:26.931+0000] {logging_mixin.py:188} INFO - [2024-05-27T03:23:26.931+0000] {dagbag.py:545} INFO - Filling up the DagBag from /home/airflow/.local/lib/python3.12/site-packages/airflow/example_dags/example_skip_dag.py
[2024-05-27T03:23:26.935+0000] {processor.py:840} INFO - DAG(s) 'example_skip_dag' retrieved from /home/airflow/.local/lib/python3.12/site-packages/airflow/example_dags/example_skip_dag.py
[2024-05-27T03:23:26.944+0000] {logging_mixin.py:188} INFO - [2024-05-27T03:23:26.944+0000] {dag.py:3096} INFO - Sync 1 DAGs
[2024-05-27T03:23:26.954+0000] {logging_mixin.py:188} INFO - [2024-05-27T03:23:26.954+0000] {dag.py:3954} INFO - Setting next_dagrun for example_skip_dag to 2024-05-26 00:00:00+00:00, run_after=2024-05-27 00:00:00+00:00
[2024-05-27T03:23:26.962+0000] {processor.py:183} INFO - Processing /home/airflow/.local/lib/python3.12/site-packages/airflow/example_dags/example_skip_dag.py took 0.035 seconds
[2024-05-27T03:23:57.518+0000] {processor.py:161} INFO - Started process (PID=447) to work on /home/airflow/.local/lib/python3.12/site-packages/airflow/example_dags/example_skip_dag.py
[2024-05-27T03:23:57.518+0000] {processor.py:830} INFO - Processing file /home/airflow/.local/lib/python3.12/site-packages/airflow/example_dags/example_skip_dag.py for tasks to queue
[2024-05-27T03:23:57.519+0000] {logging_mixin.py:188} INFO - [2024-05-27T03:23:57.519+0000] {dagbag.py:545} INFO - Filling up the DagBag from /home/airflow/.local/lib/python3.12/site-packages/airflow/example_dags/example_skip_dag.py
[2024-05-27T03:23:57.522+0000] {processor.py:840} INFO - DAG(s) 'example_skip_dag' retrieved from /home/airflow/.local/lib/python3.12/site-packages/airflow/example_dags/example_skip_dag.py
[2024-05-27T03:23:57.532+0000] {logging_mixin.py:188} INFO - [2024-05-27T03:23:57.532+0000] {dag.py:3096} INFO - Sync 1 DAGs
[2024-05-27T03:23:57.542+0000] {logging_mixin.py:188} INFO - [2024-05-27T03:23:57.542+0000] {dag.py:3954} INFO - Setting next_dagrun for example_skip_dag to 2024-05-26 00:00:00+00:00, run_after=2024-05-27 00:00:00+00:00
[2024-05-27T03:23:57.550+0000] {processor.py:183} INFO - Processing /home/airflow/.local/lib/python3.12/site-packages/airflow/example_dags/example_skip_dag.py took 0.036 seconds
[2024-05-27T03:24:28.044+0000] {processor.py:161} INFO - Started process (PID=506) to work on /home/airflow/.local/lib/python3.12/site-packages/airflow/example_dags/example_skip_dag.py
[2024-05-27T03:24:28.045+0000] {processor.py:830} INFO - Processing file /home/airflow/.local/lib/python3.12/site-packages/airflow/example_dags/example_skip_dag.py for tasks to queue
[2024-05-27T03:24:28.046+0000] {logging_mixin.py:188} INFO - [2024-05-27T03:24:28.045+0000] {dagbag.py:545} INFO - Filling up the DagBag from /home/airflow/.local/lib/python3.12/site-packages/airflow/example_dags/example_skip_dag.py
[2024-05-27T03:24:28.049+0000] {processor.py:840} INFO - DAG(s) 'example_skip_dag' retrieved from /home/airflow/.local/lib/python3.12/site-packages/airflow/example_dags/example_skip_dag.py
[2024-05-27T03:24:28.059+0000] {logging_mixin.py:188} INFO - [2024-05-27T03:24:28.058+0000] {dag.py:3096} INFO - Sync 1 DAGs
[2024-05-27T03:24:28.069+0000] {logging_mixin.py:188} INFO - [2024-05-27T03:24:28.069+0000] {dag.py:3954} INFO - Setting next_dagrun for example_skip_dag to 2024-05-26 00:00:00+00:00, run_after=2024-05-27 00:00:00+00:00
[2024-05-27T03:24:28.077+0000] {processor.py:183} INFO - Processing /home/airflow/.local/lib/python3.12/site-packages/airflow/example_dags/example_skip_dag.py took 0.036 seconds
[2024-05-27T03:24:58.738+0000] {processor.py:161} INFO - Started process (PID=565) to work on /home/airflow/.local/lib/python3.12/site-packages/airflow/example_dags/example_skip_dag.py
[2024-05-27T03:24:58.739+0000] {processor.py:830} INFO - Processing file /home/airflow/.local/lib/python3.12/site-packages/airflow/example_dags/example_skip_dag.py for tasks to queue
[2024-05-27T03:24:58.740+0000] {logging_mixin.py:188} INFO - [2024-05-27T03:24:58.740+0000] {dagbag.py:545} INFO - Filling up the DagBag from /home/airflow/.local/lib/python3.12/site-packages/airflow/example_dags/example_skip_dag.py
[2024-05-27T03:24:58.743+0000] {processor.py:840} INFO - DAG(s) 'example_skip_dag' retrieved from /home/airflow/.local/lib/python3.12/site-packages/airflow/example_dags/example_skip_dag.py
[2024-05-27T03:24:58.753+0000] {logging_mixin.py:188} INFO - [2024-05-27T03:24:58.753+0000] {dag.py:3096} INFO - Sync 1 DAGs
[2024-05-27T03:24:58.762+0000] {logging_mixin.py:188} INFO - [2024-05-27T03:24:58.762+0000] {dag.py:3954} INFO - Setting next_dagrun for example_skip_dag to 2024-05-26 00:00:00+00:00, run_after=2024-05-27 00:00:00+00:00
[2024-05-27T03:24:58.770+0000] {processor.py:183} INFO - Processing /home/airflow/.local/lib/python3.12/site-packages/airflow/example_dags/example_skip_dag.py took 0.035 seconds
[2024-05-27T03:25:29.320+0000] {processor.py:161} INFO - Started process (PID=624) to work on /home/airflow/.local/lib/python3.12/site-packages/airflow/example_dags/example_skip_dag.py
[2024-05-27T03:25:29.321+0000] {processor.py:830} INFO - Processing file /home/airflow/.local/lib/python3.12/site-packages/airflow/example_dags/example_skip_dag.py for tasks to queue
[2024-05-27T03:25:29.322+0000] {logging_mixin.py:188} INFO - [2024-05-27T03:25:29.322+0000] {dagbag.py:545} INFO - Filling up the DagBag from /home/airflow/.local/lib/python3.12/site-packages/airflow/example_dags/example_skip_dag.py
[2024-05-27T03:25:29.325+0000] {processor.py:840} INFO - DAG(s) 'example_skip_dag' retrieved from /home/airflow/.local/lib/python3.12/site-packages/airflow/example_dags/example_skip_dag.py
[2024-05-27T03:25:29.335+0000] {logging_mixin.py:188} INFO - [2024-05-27T03:25:29.335+0000] {dag.py:3096} INFO - Sync 1 DAGs
[2024-05-27T03:25:29.345+0000] {logging_mixin.py:188} INFO - [2024-05-27T03:25:29.345+0000] {dag.py:3954} INFO - Setting next_dagrun for example_skip_dag to 2024-05-26 00:00:00+00:00, run_after=2024-05-27 00:00:00+00:00
[2024-05-27T03:25:29.353+0000] {processor.py:183} INFO - Processing /home/airflow/.local/lib/python3.12/site-packages/airflow/example_dags/example_skip_dag.py took 0.035 seconds
[2024-05-27T03:25:59.893+0000] {processor.py:161} INFO - Started process (PID=683) to work on /home/airflow/.local/lib/python3.12/site-packages/airflow/example_dags/example_skip_dag.py
[2024-05-27T03:25:59.893+0000] {processor.py:830} INFO - Processing file /home/airflow/.local/lib/python3.12/site-packages/airflow/example_dags/example_skip_dag.py for tasks to queue
[2024-05-27T03:25:59.894+0000] {logging_mixin.py:188} INFO - [2024-05-27T03:25:59.894+0000] {dagbag.py:545} INFO - Filling up the DagBag from /home/airflow/.local/lib/python3.12/site-packages/airflow/example_dags/example_skip_dag.py
[2024-05-27T03:25:59.898+0000] {processor.py:840} INFO - DAG(s) 'example_skip_dag' retrieved from /home/airflow/.local/lib/python3.12/site-packages/airflow/example_dags/example_skip_dag.py
[2024-05-27T03:25:59.907+0000] {logging_mixin.py:188} INFO - [2024-05-27T03:25:59.907+0000] {dag.py:3096} INFO - Sync 1 DAGs
[2024-05-27T03:25:59.916+0000] {logging_mixin.py:188} INFO - [2024-05-27T03:25:59.916+0000] {dag.py:3954} INFO - Setting next_dagrun for example_skip_dag to 2024-05-26 00:00:00+00:00, run_after=2024-05-27 00:00:00+00:00
[2024-05-27T03:25:59.924+0000] {processor.py:183} INFO - Processing /home/airflow/.local/lib/python3.12/site-packages/airflow/example_dags/example_skip_dag.py took 0.034 seconds
[2024-05-27T04:11:54.442+0000] {processor.py:161} INFO - Started process (PID=34) to work on /home/airflow/.local/lib/python3.12/site-packages/airflow/example_dags/example_skip_dag.py
[2024-05-27T04:11:54.443+0000] {processor.py:830} INFO - Processing file /home/airflow/.local/lib/python3.12/site-packages/airflow/example_dags/example_skip_dag.py for tasks to queue
[2024-05-27T04:11:54.444+0000] {logging_mixin.py:188} INFO - [2024-05-27T04:11:54.444+0000] {dagbag.py:545} INFO - Filling up the DagBag from /home/airflow/.local/lib/python3.12/site-packages/airflow/example_dags/example_skip_dag.py
[2024-05-27T04:11:54.449+0000] {processor.py:840} INFO - DAG(s) 'example_skip_dag' retrieved from /home/airflow/.local/lib/python3.12/site-packages/airflow/example_dags/example_skip_dag.py
[2024-05-27T04:11:54.456+0000] {logging_mixin.py:188} INFO - [2024-05-27T04:11:54.456+0000] {dag.py:3096} INFO - Sync 1 DAGs
[2024-05-27T04:11:54.469+0000] {logging_mixin.py:188} INFO - [2024-05-27T04:11:54.469+0000] {dag.py:3954} INFO - Setting next_dagrun for example_skip_dag to 2024-05-26 00:00:00+00:00, run_after=2024-05-27 00:00:00+00:00
[2024-05-27T04:11:54.480+0000] {processor.py:183} INFO - Processing /home/airflow/.local/lib/python3.12/site-packages/airflow/example_dags/example_skip_dag.py took 0.041 seconds
