[2024-05-27T02:56:57.098+0000] {processor.py:161} INFO - Started process (PID=61) to work on /home/airflow/.local/lib/python3.12/site-packages/airflow/example_dags/example_subdag_operator.py
[2024-05-27T02:56:57.100+0000] {processor.py:830} INFO - Processing file /home/airflow/.local/lib/python3.12/site-packages/airflow/example_dags/example_subdag_operator.py for tasks to queue
[2024-05-27T02:56:57.103+0000] {logging_mixin.py:188} INFO - [2024-05-27T02:56:57.102+0000] {dagbag.py:545} INFO - Filling up the DagBag from /home/airflow/.local/lib/python3.12/site-packages/airflow/example_dags/example_subdag_operator.py
[2024-05-27T02:56:57.123+0000] {processor.py:840} INFO - DAG(s) 'example_subdag_operator.section-1', 'example_subdag_operator.section-2', 'example_subdag_operator' retrieved from /home/airflow/.local/lib/python3.12/site-packages/airflow/example_dags/example_subdag_operator.py
[2024-05-27T02:56:57.127+0000] {logging_mixin.py:188} INFO - [2024-05-27T02:56:57.126+0000] {dag.py:3096} INFO - Sync 3 DAGs
[2024-05-27T02:56:57.147+0000] {logging_mixin.py:188} INFO - [2024-05-27T02:56:57.146+0000] {dag.py:3954} INFO - Setting next_dagrun for example_subdag_operator to 2022-01-01 00:00:00+00:00, run_after=2022-01-01 00:00:00+00:00
[2024-05-27T02:56:57.149+0000] {logging_mixin.py:188} INFO - [2024-05-27T02:56:57.149+0000] {dag.py:3954} INFO - Setting next_dagrun for example_subdag_operator.section-1 to None, run_after=None
[2024-05-27T02:56:57.151+0000] {logging_mixin.py:188} INFO - [2024-05-27T02:56:57.150+0000] {dag.py:3954} INFO - Setting next_dagrun for example_subdag_operator.section-2 to None, run_after=None
[2024-05-27T02:56:57.157+0000] {logging_mixin.py:188} INFO - [2024-05-27T02:56:57.157+0000] {dag.py:3096} INFO - Sync 2 DAGs
[2024-05-27T02:56:57.160+0000] {logging_mixin.py:188} INFO - [2024-05-27T02:56:57.160+0000] {dag.py:3954} INFO - Setting next_dagrun for example_subdag_operator.section-1 to None, run_after=None
[2024-05-27T02:56:57.161+0000] {logging_mixin.py:188} INFO - [2024-05-27T02:56:57.161+0000] {dag.py:3954} INFO - Setting next_dagrun for example_subdag_operator.section-2 to None, run_after=None
[2024-05-27T02:56:57.168+0000] {processor.py:183} INFO - Processing /home/airflow/.local/lib/python3.12/site-packages/airflow/example_dags/example_subdag_operator.py took 0.075 seconds
[2024-05-27T02:57:27.398+0000] {processor.py:161} INFO - Started process (PID=120) to work on /home/airflow/.local/lib/python3.12/site-packages/airflow/example_dags/example_subdag_operator.py
[2024-05-27T02:57:27.399+0000] {processor.py:830} INFO - Processing file /home/airflow/.local/lib/python3.12/site-packages/airflow/example_dags/example_subdag_operator.py for tasks to queue
[2024-05-27T02:57:27.400+0000] {logging_mixin.py:188} INFO - [2024-05-27T02:57:27.400+0000] {dagbag.py:545} INFO - Filling up the DagBag from /home/airflow/.local/lib/python3.12/site-packages/airflow/example_dags/example_subdag_operator.py
[2024-05-27T02:57:27.411+0000] {processor.py:840} INFO - DAG(s) 'example_subdag_operator.section-1', 'example_subdag_operator.section-2', 'example_subdag_operator' retrieved from /home/airflow/.local/lib/python3.12/site-packages/airflow/example_dags/example_subdag_operator.py
[2024-05-27T02:57:27.451+0000] {logging_mixin.py:188} INFO - [2024-05-27T02:57:27.451+0000] {dag.py:3096} INFO - Sync 3 DAGs
[2024-05-27T02:57:27.460+0000] {logging_mixin.py:188} INFO - [2024-05-27T02:57:27.460+0000] {dag.py:3954} INFO - Setting next_dagrun for example_subdag_operator to 2022-01-01 00:00:00+00:00, run_after=2022-01-01 00:00:00+00:00
[2024-05-27T02:57:27.461+0000] {logging_mixin.py:188} INFO - [2024-05-27T02:57:27.461+0000] {dag.py:3954} INFO - Setting next_dagrun for example_subdag_operator.section-1 to None, run_after=None
[2024-05-27T02:57:27.462+0000] {logging_mixin.py:188} INFO - [2024-05-27T02:57:27.462+0000] {dag.py:3954} INFO - Setting next_dagrun for example_subdag_operator.section-2 to None, run_after=None
[2024-05-27T02:57:27.466+0000] {logging_mixin.py:188} INFO - [2024-05-27T02:57:27.466+0000] {dag.py:3096} INFO - Sync 2 DAGs
[2024-05-27T02:57:27.468+0000] {logging_mixin.py:188} INFO - [2024-05-27T02:57:27.468+0000] {dag.py:3954} INFO - Setting next_dagrun for example_subdag_operator.section-1 to None, run_after=None
[2024-05-27T02:57:27.469+0000] {logging_mixin.py:188} INFO - [2024-05-27T02:57:27.469+0000] {dag.py:3954} INFO - Setting next_dagrun for example_subdag_operator.section-2 to None, run_after=None
[2024-05-27T02:57:27.473+0000] {processor.py:183} INFO - Processing /home/airflow/.local/lib/python3.12/site-packages/airflow/example_dags/example_subdag_operator.py took 0.077 seconds
[2024-05-27T02:57:58.229+0000] {processor.py:161} INFO - Started process (PID=179) to work on /home/airflow/.local/lib/python3.12/site-packages/airflow/example_dags/example_subdag_operator.py
[2024-05-27T02:57:58.229+0000] {processor.py:830} INFO - Processing file /home/airflow/.local/lib/python3.12/site-packages/airflow/example_dags/example_subdag_operator.py for tasks to queue
[2024-05-27T02:57:58.230+0000] {logging_mixin.py:188} INFO - [2024-05-27T02:57:58.230+0000] {dagbag.py:545} INFO - Filling up the DagBag from /home/airflow/.local/lib/python3.12/site-packages/airflow/example_dags/example_subdag_operator.py
[2024-05-27T02:57:58.241+0000] {processor.py:840} INFO - DAG(s) 'example_subdag_operator.section-1', 'example_subdag_operator.section-2', 'example_subdag_operator' retrieved from /home/airflow/.local/lib/python3.12/site-packages/airflow/example_dags/example_subdag_operator.py
[2024-05-27T02:57:58.248+0000] {logging_mixin.py:188} INFO - [2024-05-27T02:57:58.248+0000] {dag.py:3096} INFO - Sync 3 DAGs
[2024-05-27T02:57:58.258+0000] {logging_mixin.py:188} INFO - [2024-05-27T02:57:58.257+0000] {dag.py:3954} INFO - Setting next_dagrun for example_subdag_operator to 2022-01-01 00:00:00+00:00, run_after=2022-01-01 00:00:00+00:00
[2024-05-27T02:57:58.261+0000] {logging_mixin.py:188} INFO - [2024-05-27T02:57:58.261+0000] {dag.py:3954} INFO - Setting next_dagrun for example_subdag_operator.section-1 to None, run_after=None
[2024-05-27T02:57:58.262+0000] {logging_mixin.py:188} INFO - [2024-05-27T02:57:58.262+0000] {dag.py:3954} INFO - Setting next_dagrun for example_subdag_operator.section-2 to None, run_after=None
[2024-05-27T02:57:58.265+0000] {logging_mixin.py:188} INFO - [2024-05-27T02:57:58.265+0000] {dag.py:3096} INFO - Sync 2 DAGs
[2024-05-27T02:57:58.268+0000] {logging_mixin.py:188} INFO - [2024-05-27T02:57:58.268+0000] {dag.py:3954} INFO - Setting next_dagrun for example_subdag_operator.section-1 to None, run_after=None
[2024-05-27T02:57:58.268+0000] {logging_mixin.py:188} INFO - [2024-05-27T02:57:58.268+0000] {dag.py:3954} INFO - Setting next_dagrun for example_subdag_operator.section-2 to None, run_after=None
[2024-05-27T02:57:58.273+0000] {processor.py:183} INFO - Processing /home/airflow/.local/lib/python3.12/site-packages/airflow/example_dags/example_subdag_operator.py took 0.047 seconds
[2024-05-27T02:58:28.852+0000] {processor.py:161} INFO - Started process (PID=238) to work on /home/airflow/.local/lib/python3.12/site-packages/airflow/example_dags/example_subdag_operator.py
[2024-05-27T02:58:28.853+0000] {processor.py:830} INFO - Processing file /home/airflow/.local/lib/python3.12/site-packages/airflow/example_dags/example_subdag_operator.py for tasks to queue
[2024-05-27T02:58:28.854+0000] {logging_mixin.py:188} INFO - [2024-05-27T02:58:28.854+0000] {dagbag.py:545} INFO - Filling up the DagBag from /home/airflow/.local/lib/python3.12/site-packages/airflow/example_dags/example_subdag_operator.py
[2024-05-27T02:58:28.865+0000] {processor.py:840} INFO - DAG(s) 'example_subdag_operator.section-1', 'example_subdag_operator.section-2', 'example_subdag_operator' retrieved from /home/airflow/.local/lib/python3.12/site-packages/airflow/example_dags/example_subdag_operator.py
[2024-05-27T02:58:28.872+0000] {logging_mixin.py:188} INFO - [2024-05-27T02:58:28.872+0000] {dag.py:3096} INFO - Sync 3 DAGs
[2024-05-27T02:58:28.882+0000] {logging_mixin.py:188} INFO - [2024-05-27T02:58:28.882+0000] {dag.py:3954} INFO - Setting next_dagrun for example_subdag_operator to 2022-01-01 00:00:00+00:00, run_after=2022-01-01 00:00:00+00:00
[2024-05-27T02:58:28.885+0000] {logging_mixin.py:188} INFO - [2024-05-27T02:58:28.885+0000] {dag.py:3954} INFO - Setting next_dagrun for example_subdag_operator.section-1 to None, run_after=None
[2024-05-27T02:58:28.885+0000] {logging_mixin.py:188} INFO - [2024-05-27T02:58:28.885+0000] {dag.py:3954} INFO - Setting next_dagrun for example_subdag_operator.section-2 to None, run_after=None
[2024-05-27T02:58:28.889+0000] {logging_mixin.py:188} INFO - [2024-05-27T02:58:28.889+0000] {dag.py:3096} INFO - Sync 2 DAGs
[2024-05-27T02:58:28.892+0000] {logging_mixin.py:188} INFO - [2024-05-27T02:58:28.892+0000] {dag.py:3954} INFO - Setting next_dagrun for example_subdag_operator.section-1 to None, run_after=None
[2024-05-27T02:58:28.892+0000] {logging_mixin.py:188} INFO - [2024-05-27T02:58:28.892+0000] {dag.py:3954} INFO - Setting next_dagrun for example_subdag_operator.section-2 to None, run_after=None
[2024-05-27T02:58:28.897+0000] {processor.py:183} INFO - Processing /home/airflow/.local/lib/python3.12/site-packages/airflow/example_dags/example_subdag_operator.py took 0.047 seconds
[2024-05-27T02:58:59.444+0000] {processor.py:161} INFO - Started process (PID=297) to work on /home/airflow/.local/lib/python3.12/site-packages/airflow/example_dags/example_subdag_operator.py
[2024-05-27T02:58:59.445+0000] {processor.py:830} INFO - Processing file /home/airflow/.local/lib/python3.12/site-packages/airflow/example_dags/example_subdag_operator.py for tasks to queue
[2024-05-27T02:58:59.446+0000] {logging_mixin.py:188} INFO - [2024-05-27T02:58:59.446+0000] {dagbag.py:545} INFO - Filling up the DagBag from /home/airflow/.local/lib/python3.12/site-packages/airflow/example_dags/example_subdag_operator.py
[2024-05-27T02:58:59.457+0000] {processor.py:840} INFO - DAG(s) 'example_subdag_operator.section-1', 'example_subdag_operator.section-2', 'example_subdag_operator' retrieved from /home/airflow/.local/lib/python3.12/site-packages/airflow/example_dags/example_subdag_operator.py
[2024-05-27T02:58:59.464+0000] {logging_mixin.py:188} INFO - [2024-05-27T02:58:59.464+0000] {dag.py:3096} INFO - Sync 3 DAGs
[2024-05-27T02:58:59.475+0000] {logging_mixin.py:188} INFO - [2024-05-27T02:58:59.475+0000] {dag.py:3954} INFO - Setting next_dagrun for example_subdag_operator to 2022-01-01 00:00:00+00:00, run_after=2022-01-01 00:00:00+00:00
[2024-05-27T02:58:59.477+0000] {logging_mixin.py:188} INFO - [2024-05-27T02:58:59.477+0000] {dag.py:3954} INFO - Setting next_dagrun for example_subdag_operator.section-1 to None, run_after=None
[2024-05-27T02:58:59.477+0000] {logging_mixin.py:188} INFO - [2024-05-27T02:58:59.477+0000] {dag.py:3954} INFO - Setting next_dagrun for example_subdag_operator.section-2 to None, run_after=None
[2024-05-27T02:58:59.481+0000] {logging_mixin.py:188} INFO - [2024-05-27T02:58:59.481+0000] {dag.py:3096} INFO - Sync 2 DAGs
[2024-05-27T02:58:59.484+0000] {logging_mixin.py:188} INFO - [2024-05-27T02:58:59.484+0000] {dag.py:3954} INFO - Setting next_dagrun for example_subdag_operator.section-1 to None, run_after=None
[2024-05-27T02:58:59.484+0000] {logging_mixin.py:188} INFO - [2024-05-27T02:58:59.484+0000] {dag.py:3954} INFO - Setting next_dagrun for example_subdag_operator.section-2 to None, run_after=None
[2024-05-27T02:58:59.489+0000] {processor.py:183} INFO - Processing /home/airflow/.local/lib/python3.12/site-packages/airflow/example_dags/example_subdag_operator.py took 0.048 seconds
[2024-05-27T02:59:29.954+0000] {processor.py:161} INFO - Started process (PID=356) to work on /home/airflow/.local/lib/python3.12/site-packages/airflow/example_dags/example_subdag_operator.py
[2024-05-27T02:59:29.955+0000] {processor.py:830} INFO - Processing file /home/airflow/.local/lib/python3.12/site-packages/airflow/example_dags/example_subdag_operator.py for tasks to queue
[2024-05-27T02:59:29.956+0000] {logging_mixin.py:188} INFO - [2024-05-27T02:59:29.956+0000] {dagbag.py:545} INFO - Filling up the DagBag from /home/airflow/.local/lib/python3.12/site-packages/airflow/example_dags/example_subdag_operator.py
[2024-05-27T02:59:29.967+0000] {processor.py:840} INFO - DAG(s) 'example_subdag_operator.section-1', 'example_subdag_operator.section-2', 'example_subdag_operator' retrieved from /home/airflow/.local/lib/python3.12/site-packages/airflow/example_dags/example_subdag_operator.py
[2024-05-27T02:59:29.974+0000] {logging_mixin.py:188} INFO - [2024-05-27T02:59:29.974+0000] {dag.py:3096} INFO - Sync 3 DAGs
[2024-05-27T02:59:29.984+0000] {logging_mixin.py:188} INFO - [2024-05-27T02:59:29.984+0000] {dag.py:3954} INFO - Setting next_dagrun for example_subdag_operator to 2022-01-01 00:00:00+00:00, run_after=2022-01-01 00:00:00+00:00
[2024-05-27T02:59:29.986+0000] {logging_mixin.py:188} INFO - [2024-05-27T02:59:29.986+0000] {dag.py:3954} INFO - Setting next_dagrun for example_subdag_operator.section-1 to None, run_after=None
[2024-05-27T02:59:29.987+0000] {logging_mixin.py:188} INFO - [2024-05-27T02:59:29.987+0000] {dag.py:3954} INFO - Setting next_dagrun for example_subdag_operator.section-2 to None, run_after=None
[2024-05-27T02:59:29.990+0000] {logging_mixin.py:188} INFO - [2024-05-27T02:59:29.990+0000] {dag.py:3096} INFO - Sync 2 DAGs
[2024-05-27T02:59:29.993+0000] {logging_mixin.py:188} INFO - [2024-05-27T02:59:29.993+0000] {dag.py:3954} INFO - Setting next_dagrun for example_subdag_operator.section-1 to None, run_after=None
[2024-05-27T02:59:29.993+0000] {logging_mixin.py:188} INFO - [2024-05-27T02:59:29.993+0000] {dag.py:3954} INFO - Setting next_dagrun for example_subdag_operator.section-2 to None, run_after=None
[2024-05-27T02:59:29.998+0000] {processor.py:183} INFO - Processing /home/airflow/.local/lib/python3.12/site-packages/airflow/example_dags/example_subdag_operator.py took 0.046 seconds
[2024-05-27T03:00:00.483+0000] {processor.py:161} INFO - Started process (PID=415) to work on /home/airflow/.local/lib/python3.12/site-packages/airflow/example_dags/example_subdag_operator.py
[2024-05-27T03:00:00.483+0000] {processor.py:830} INFO - Processing file /home/airflow/.local/lib/python3.12/site-packages/airflow/example_dags/example_subdag_operator.py for tasks to queue
[2024-05-27T03:00:00.484+0000] {logging_mixin.py:188} INFO - [2024-05-27T03:00:00.484+0000] {dagbag.py:545} INFO - Filling up the DagBag from /home/airflow/.local/lib/python3.12/site-packages/airflow/example_dags/example_subdag_operator.py
[2024-05-27T03:00:00.495+0000] {processor.py:840} INFO - DAG(s) 'example_subdag_operator.section-1', 'example_subdag_operator.section-2', 'example_subdag_operator' retrieved from /home/airflow/.local/lib/python3.12/site-packages/airflow/example_dags/example_subdag_operator.py
[2024-05-27T03:00:00.502+0000] {logging_mixin.py:188} INFO - [2024-05-27T03:00:00.502+0000] {dag.py:3096} INFO - Sync 3 DAGs
[2024-05-27T03:00:00.514+0000] {logging_mixin.py:188} INFO - [2024-05-27T03:00:00.514+0000] {dag.py:3954} INFO - Setting next_dagrun for example_subdag_operator to 2022-01-01 00:00:00+00:00, run_after=2022-01-01 00:00:00+00:00
[2024-05-27T03:00:00.517+0000] {logging_mixin.py:188} INFO - [2024-05-27T03:00:00.516+0000] {dag.py:3954} INFO - Setting next_dagrun for example_subdag_operator.section-1 to None, run_after=None
[2024-05-27T03:00:00.517+0000] {logging_mixin.py:188} INFO - [2024-05-27T03:00:00.517+0000] {dag.py:3954} INFO - Setting next_dagrun for example_subdag_operator.section-2 to None, run_after=None
[2024-05-27T03:00:00.520+0000] {logging_mixin.py:188} INFO - [2024-05-27T03:00:00.520+0000] {dag.py:3096} INFO - Sync 2 DAGs
[2024-05-27T03:00:00.523+0000] {logging_mixin.py:188} INFO - [2024-05-27T03:00:00.523+0000] {dag.py:3954} INFO - Setting next_dagrun for example_subdag_operator.section-1 to None, run_after=None
[2024-05-27T03:00:00.523+0000] {logging_mixin.py:188} INFO - [2024-05-27T03:00:00.523+0000] {dag.py:3954} INFO - Setting next_dagrun for example_subdag_operator.section-2 to None, run_after=None
[2024-05-27T03:00:00.528+0000] {processor.py:183} INFO - Processing /home/airflow/.local/lib/python3.12/site-packages/airflow/example_dags/example_subdag_operator.py took 0.049 seconds
[2024-05-27T03:00:31.092+0000] {processor.py:161} INFO - Started process (PID=474) to work on /home/airflow/.local/lib/python3.12/site-packages/airflow/example_dags/example_subdag_operator.py
[2024-05-27T03:00:31.093+0000] {processor.py:830} INFO - Processing file /home/airflow/.local/lib/python3.12/site-packages/airflow/example_dags/example_subdag_operator.py for tasks to queue
[2024-05-27T03:00:31.094+0000] {logging_mixin.py:188} INFO - [2024-05-27T03:00:31.093+0000] {dagbag.py:545} INFO - Filling up the DagBag from /home/airflow/.local/lib/python3.12/site-packages/airflow/example_dags/example_subdag_operator.py
[2024-05-27T03:00:31.104+0000] {processor.py:840} INFO - DAG(s) 'example_subdag_operator.section-1', 'example_subdag_operator.section-2', 'example_subdag_operator' retrieved from /home/airflow/.local/lib/python3.12/site-packages/airflow/example_dags/example_subdag_operator.py
[2024-05-27T03:00:31.112+0000] {logging_mixin.py:188} INFO - [2024-05-27T03:00:31.111+0000] {dag.py:3096} INFO - Sync 3 DAGs
[2024-05-27T03:00:31.122+0000] {logging_mixin.py:188} INFO - [2024-05-27T03:00:31.122+0000] {dag.py:3954} INFO - Setting next_dagrun for example_subdag_operator to 2022-01-01 00:00:00+00:00, run_after=2022-01-01 00:00:00+00:00
[2024-05-27T03:00:31.124+0000] {logging_mixin.py:188} INFO - [2024-05-27T03:00:31.124+0000] {dag.py:3954} INFO - Setting next_dagrun for example_subdag_operator.section-1 to None, run_after=None
[2024-05-27T03:00:31.125+0000] {logging_mixin.py:188} INFO - [2024-05-27T03:00:31.125+0000] {dag.py:3954} INFO - Setting next_dagrun for example_subdag_operator.section-2 to None, run_after=None
[2024-05-27T03:00:31.128+0000] {logging_mixin.py:188} INFO - [2024-05-27T03:00:31.128+0000] {dag.py:3096} INFO - Sync 2 DAGs
[2024-05-27T03:00:31.131+0000] {logging_mixin.py:188} INFO - [2024-05-27T03:00:31.131+0000] {dag.py:3954} INFO - Setting next_dagrun for example_subdag_operator.section-1 to None, run_after=None
[2024-05-27T03:00:31.131+0000] {logging_mixin.py:188} INFO - [2024-05-27T03:00:31.131+0000] {dag.py:3954} INFO - Setting next_dagrun for example_subdag_operator.section-2 to None, run_after=None
[2024-05-27T03:00:31.136+0000] {processor.py:183} INFO - Processing /home/airflow/.local/lib/python3.12/site-packages/airflow/example_dags/example_subdag_operator.py took 0.046 seconds
[2024-05-27T03:01:01.659+0000] {processor.py:161} INFO - Started process (PID=532) to work on /home/airflow/.local/lib/python3.12/site-packages/airflow/example_dags/example_subdag_operator.py
[2024-05-27T03:01:01.659+0000] {processor.py:830} INFO - Processing file /home/airflow/.local/lib/python3.12/site-packages/airflow/example_dags/example_subdag_operator.py for tasks to queue
[2024-05-27T03:01:01.661+0000] {logging_mixin.py:188} INFO - [2024-05-27T03:01:01.661+0000] {dagbag.py:545} INFO - Filling up the DagBag from /home/airflow/.local/lib/python3.12/site-packages/airflow/example_dags/example_subdag_operator.py
[2024-05-27T03:01:01.672+0000] {processor.py:840} INFO - DAG(s) 'example_subdag_operator.section-1', 'example_subdag_operator.section-2', 'example_subdag_operator' retrieved from /home/airflow/.local/lib/python3.12/site-packages/airflow/example_dags/example_subdag_operator.py
[2024-05-27T03:01:01.679+0000] {logging_mixin.py:188} INFO - [2024-05-27T03:01:01.679+0000] {dag.py:3096} INFO - Sync 3 DAGs
[2024-05-27T03:01:01.691+0000] {logging_mixin.py:188} INFO - [2024-05-27T03:01:01.690+0000] {dag.py:3954} INFO - Setting next_dagrun for example_subdag_operator to 2022-01-01 00:00:00+00:00, run_after=2022-01-01 00:00:00+00:00
[2024-05-27T03:01:01.693+0000] {logging_mixin.py:188} INFO - [2024-05-27T03:01:01.692+0000] {dag.py:3954} INFO - Setting next_dagrun for example_subdag_operator.section-1 to None, run_after=None
[2024-05-27T03:01:01.693+0000] {logging_mixin.py:188} INFO - [2024-05-27T03:01:01.693+0000] {dag.py:3954} INFO - Setting next_dagrun for example_subdag_operator.section-2 to None, run_after=None
[2024-05-27T03:01:01.697+0000] {logging_mixin.py:188} INFO - [2024-05-27T03:01:01.697+0000] {dag.py:3096} INFO - Sync 2 DAGs
[2024-05-27T03:01:01.699+0000] {logging_mixin.py:188} INFO - [2024-05-27T03:01:01.699+0000] {dag.py:3954} INFO - Setting next_dagrun for example_subdag_operator.section-1 to None, run_after=None
[2024-05-27T03:01:01.700+0000] {logging_mixin.py:188} INFO - [2024-05-27T03:01:01.699+0000] {dag.py:3954} INFO - Setting next_dagrun for example_subdag_operator.section-2 to None, run_after=None
[2024-05-27T03:01:01.704+0000] {processor.py:183} INFO - Processing /home/airflow/.local/lib/python3.12/site-packages/airflow/example_dags/example_subdag_operator.py took 0.048 seconds
[2024-05-27T03:01:32.210+0000] {processor.py:161} INFO - Started process (PID=591) to work on /home/airflow/.local/lib/python3.12/site-packages/airflow/example_dags/example_subdag_operator.py
[2024-05-27T03:01:32.210+0000] {processor.py:830} INFO - Processing file /home/airflow/.local/lib/python3.12/site-packages/airflow/example_dags/example_subdag_operator.py for tasks to queue
[2024-05-27T03:01:32.211+0000] {logging_mixin.py:188} INFO - [2024-05-27T03:01:32.211+0000] {dagbag.py:545} INFO - Filling up the DagBag from /home/airflow/.local/lib/python3.12/site-packages/airflow/example_dags/example_subdag_operator.py
[2024-05-27T03:01:32.222+0000] {processor.py:840} INFO - DAG(s) 'example_subdag_operator.section-1', 'example_subdag_operator.section-2', 'example_subdag_operator' retrieved from /home/airflow/.local/lib/python3.12/site-packages/airflow/example_dags/example_subdag_operator.py
[2024-05-27T03:01:32.230+0000] {logging_mixin.py:188} INFO - [2024-05-27T03:01:32.229+0000] {dag.py:3096} INFO - Sync 3 DAGs
[2024-05-27T03:01:32.240+0000] {logging_mixin.py:188} INFO - [2024-05-27T03:01:32.240+0000] {dag.py:3954} INFO - Setting next_dagrun for example_subdag_operator to 2022-01-01 00:00:00+00:00, run_after=2022-01-01 00:00:00+00:00
[2024-05-27T03:01:32.243+0000] {logging_mixin.py:188} INFO - [2024-05-27T03:01:32.243+0000] {dag.py:3954} INFO - Setting next_dagrun for example_subdag_operator.section-1 to None, run_after=None
[2024-05-27T03:01:32.244+0000] {logging_mixin.py:188} INFO - [2024-05-27T03:01:32.244+0000] {dag.py:3954} INFO - Setting next_dagrun for example_subdag_operator.section-2 to None, run_after=None
[2024-05-27T03:01:32.247+0000] {logging_mixin.py:188} INFO - [2024-05-27T03:01:32.247+0000] {dag.py:3096} INFO - Sync 2 DAGs
[2024-05-27T03:01:32.250+0000] {logging_mixin.py:188} INFO - [2024-05-27T03:01:32.250+0000] {dag.py:3954} INFO - Setting next_dagrun for example_subdag_operator.section-1 to None, run_after=None
[2024-05-27T03:01:32.250+0000] {logging_mixin.py:188} INFO - [2024-05-27T03:01:32.250+0000] {dag.py:3954} INFO - Setting next_dagrun for example_subdag_operator.section-2 to None, run_after=None
[2024-05-27T03:01:32.256+0000] {processor.py:183} INFO - Processing /home/airflow/.local/lib/python3.12/site-packages/airflow/example_dags/example_subdag_operator.py took 0.049 seconds
[2024-05-27T03:02:02.876+0000] {processor.py:161} INFO - Started process (PID=650) to work on /home/airflow/.local/lib/python3.12/site-packages/airflow/example_dags/example_subdag_operator.py
[2024-05-27T03:02:02.877+0000] {processor.py:830} INFO - Processing file /home/airflow/.local/lib/python3.12/site-packages/airflow/example_dags/example_subdag_operator.py for tasks to queue
[2024-05-27T03:02:02.878+0000] {logging_mixin.py:188} INFO - [2024-05-27T03:02:02.878+0000] {dagbag.py:545} INFO - Filling up the DagBag from /home/airflow/.local/lib/python3.12/site-packages/airflow/example_dags/example_subdag_operator.py
[2024-05-27T03:02:02.888+0000] {processor.py:840} INFO - DAG(s) 'example_subdag_operator.section-1', 'example_subdag_operator.section-2', 'example_subdag_operator' retrieved from /home/airflow/.local/lib/python3.12/site-packages/airflow/example_dags/example_subdag_operator.py
[2024-05-27T03:02:02.895+0000] {logging_mixin.py:188} INFO - [2024-05-27T03:02:02.895+0000] {dag.py:3096} INFO - Sync 3 DAGs
[2024-05-27T03:02:02.905+0000] {logging_mixin.py:188} INFO - [2024-05-27T03:02:02.905+0000] {dag.py:3954} INFO - Setting next_dagrun for example_subdag_operator to 2022-01-01 00:00:00+00:00, run_after=2022-01-01 00:00:00+00:00
[2024-05-27T03:02:02.907+0000] {logging_mixin.py:188} INFO - [2024-05-27T03:02:02.907+0000] {dag.py:3954} INFO - Setting next_dagrun for example_subdag_operator.section-1 to None, run_after=None
[2024-05-27T03:02:02.908+0000] {logging_mixin.py:188} INFO - [2024-05-27T03:02:02.908+0000] {dag.py:3954} INFO - Setting next_dagrun for example_subdag_operator.section-2 to None, run_after=None
[2024-05-27T03:02:02.911+0000] {logging_mixin.py:188} INFO - [2024-05-27T03:02:02.911+0000] {dag.py:3096} INFO - Sync 2 DAGs
[2024-05-27T03:02:02.914+0000] {logging_mixin.py:188} INFO - [2024-05-27T03:02:02.914+0000] {dag.py:3954} INFO - Setting next_dagrun for example_subdag_operator.section-1 to None, run_after=None
[2024-05-27T03:02:02.915+0000] {logging_mixin.py:188} INFO - [2024-05-27T03:02:02.914+0000] {dag.py:3954} INFO - Setting next_dagrun for example_subdag_operator.section-2 to None, run_after=None
[2024-05-27T03:02:02.919+0000] {processor.py:183} INFO - Processing /home/airflow/.local/lib/python3.12/site-packages/airflow/example_dags/example_subdag_operator.py took 0.046 seconds
[2024-05-27T03:02:33.438+0000] {processor.py:161} INFO - Started process (PID=709) to work on /home/airflow/.local/lib/python3.12/site-packages/airflow/example_dags/example_subdag_operator.py
[2024-05-27T03:02:33.439+0000] {processor.py:830} INFO - Processing file /home/airflow/.local/lib/python3.12/site-packages/airflow/example_dags/example_subdag_operator.py for tasks to queue
[2024-05-27T03:02:33.439+0000] {logging_mixin.py:188} INFO - [2024-05-27T03:02:33.439+0000] {dagbag.py:545} INFO - Filling up the DagBag from /home/airflow/.local/lib/python3.12/site-packages/airflow/example_dags/example_subdag_operator.py
[2024-05-27T03:02:33.450+0000] {processor.py:840} INFO - DAG(s) 'example_subdag_operator.section-1', 'example_subdag_operator.section-2', 'example_subdag_operator' retrieved from /home/airflow/.local/lib/python3.12/site-packages/airflow/example_dags/example_subdag_operator.py
[2024-05-27T03:02:33.457+0000] {logging_mixin.py:188} INFO - [2024-05-27T03:02:33.457+0000] {dag.py:3096} INFO - Sync 3 DAGs
[2024-05-27T03:02:33.467+0000] {logging_mixin.py:188} INFO - [2024-05-27T03:02:33.467+0000] {dag.py:3954} INFO - Setting next_dagrun for example_subdag_operator to 2022-01-01 00:00:00+00:00, run_after=2022-01-01 00:00:00+00:00
[2024-05-27T03:02:33.469+0000] {logging_mixin.py:188} INFO - [2024-05-27T03:02:33.469+0000] {dag.py:3954} INFO - Setting next_dagrun for example_subdag_operator.section-1 to None, run_after=None
[2024-05-27T03:02:33.470+0000] {logging_mixin.py:188} INFO - [2024-05-27T03:02:33.470+0000] {dag.py:3954} INFO - Setting next_dagrun for example_subdag_operator.section-2 to None, run_after=None
[2024-05-27T03:02:33.473+0000] {logging_mixin.py:188} INFO - [2024-05-27T03:02:33.473+0000] {dag.py:3096} INFO - Sync 2 DAGs
[2024-05-27T03:02:33.476+0000] {logging_mixin.py:188} INFO - [2024-05-27T03:02:33.476+0000] {dag.py:3954} INFO - Setting next_dagrun for example_subdag_operator.section-1 to None, run_after=None
[2024-05-27T03:02:33.476+0000] {logging_mixin.py:188} INFO - [2024-05-27T03:02:33.476+0000] {dag.py:3954} INFO - Setting next_dagrun for example_subdag_operator.section-2 to None, run_after=None
[2024-05-27T03:02:33.481+0000] {processor.py:183} INFO - Processing /home/airflow/.local/lib/python3.12/site-packages/airflow/example_dags/example_subdag_operator.py took 0.046 seconds
[2024-05-27T03:03:04.011+0000] {processor.py:161} INFO - Started process (PID=768) to work on /home/airflow/.local/lib/python3.12/site-packages/airflow/example_dags/example_subdag_operator.py
[2024-05-27T03:03:04.011+0000] {processor.py:830} INFO - Processing file /home/airflow/.local/lib/python3.12/site-packages/airflow/example_dags/example_subdag_operator.py for tasks to queue
[2024-05-27T03:03:04.012+0000] {logging_mixin.py:188} INFO - [2024-05-27T03:03:04.012+0000] {dagbag.py:545} INFO - Filling up the DagBag from /home/airflow/.local/lib/python3.12/site-packages/airflow/example_dags/example_subdag_operator.py
[2024-05-27T03:03:04.023+0000] {processor.py:840} INFO - DAG(s) 'example_subdag_operator.section-1', 'example_subdag_operator.section-2', 'example_subdag_operator' retrieved from /home/airflow/.local/lib/python3.12/site-packages/airflow/example_dags/example_subdag_operator.py
[2024-05-27T03:03:04.030+0000] {logging_mixin.py:188} INFO - [2024-05-27T03:03:04.030+0000] {dag.py:3096} INFO - Sync 3 DAGs
[2024-05-27T03:03:04.040+0000] {logging_mixin.py:188} INFO - [2024-05-27T03:03:04.040+0000] {dag.py:3954} INFO - Setting next_dagrun for example_subdag_operator to 2022-01-01 00:00:00+00:00, run_after=2022-01-01 00:00:00+00:00
[2024-05-27T03:03:04.042+0000] {logging_mixin.py:188} INFO - [2024-05-27T03:03:04.042+0000] {dag.py:3954} INFO - Setting next_dagrun for example_subdag_operator.section-1 to None, run_after=None
[2024-05-27T03:03:04.043+0000] {logging_mixin.py:188} INFO - [2024-05-27T03:03:04.043+0000] {dag.py:3954} INFO - Setting next_dagrun for example_subdag_operator.section-2 to None, run_after=None
[2024-05-27T03:03:04.046+0000] {logging_mixin.py:188} INFO - [2024-05-27T03:03:04.046+0000] {dag.py:3096} INFO - Sync 2 DAGs
[2024-05-27T03:03:04.049+0000] {logging_mixin.py:188} INFO - [2024-05-27T03:03:04.049+0000] {dag.py:3954} INFO - Setting next_dagrun for example_subdag_operator.section-1 to None, run_after=None
[2024-05-27T03:03:04.049+0000] {logging_mixin.py:188} INFO - [2024-05-27T03:03:04.049+0000] {dag.py:3954} INFO - Setting next_dagrun for example_subdag_operator.section-2 to None, run_after=None
[2024-05-27T03:03:04.053+0000] {processor.py:183} INFO - Processing /home/airflow/.local/lib/python3.12/site-packages/airflow/example_dags/example_subdag_operator.py took 0.046 seconds
[2024-05-27T03:03:34.570+0000] {processor.py:161} INFO - Started process (PID=827) to work on /home/airflow/.local/lib/python3.12/site-packages/airflow/example_dags/example_subdag_operator.py
[2024-05-27T03:03:34.571+0000] {processor.py:830} INFO - Processing file /home/airflow/.local/lib/python3.12/site-packages/airflow/example_dags/example_subdag_operator.py for tasks to queue
[2024-05-27T03:03:34.572+0000] {logging_mixin.py:188} INFO - [2024-05-27T03:03:34.572+0000] {dagbag.py:545} INFO - Filling up the DagBag from /home/airflow/.local/lib/python3.12/site-packages/airflow/example_dags/example_subdag_operator.py
[2024-05-27T03:03:34.586+0000] {processor.py:840} INFO - DAG(s) 'example_subdag_operator.section-1', 'example_subdag_operator.section-2', 'example_subdag_operator' retrieved from /home/airflow/.local/lib/python3.12/site-packages/airflow/example_dags/example_subdag_operator.py
[2024-05-27T03:03:34.596+0000] {logging_mixin.py:188} INFO - [2024-05-27T03:03:34.596+0000] {dag.py:3096} INFO - Sync 3 DAGs
[2024-05-27T03:03:34.610+0000] {logging_mixin.py:188} INFO - [2024-05-27T03:03:34.610+0000] {dag.py:3954} INFO - Setting next_dagrun for example_subdag_operator to 2022-01-01 00:00:00+00:00, run_after=2022-01-01 00:00:00+00:00
[2024-05-27T03:03:34.613+0000] {logging_mixin.py:188} INFO - [2024-05-27T03:03:34.612+0000] {dag.py:3954} INFO - Setting next_dagrun for example_subdag_operator.section-1 to None, run_after=None
[2024-05-27T03:03:34.614+0000] {logging_mixin.py:188} INFO - [2024-05-27T03:03:34.613+0000] {dag.py:3954} INFO - Setting next_dagrun for example_subdag_operator.section-2 to None, run_after=None
[2024-05-27T03:03:34.617+0000] {logging_mixin.py:188} INFO - [2024-05-27T03:03:34.617+0000] {dag.py:3096} INFO - Sync 2 DAGs
[2024-05-27T03:03:34.621+0000] {logging_mixin.py:188} INFO - [2024-05-27T03:03:34.621+0000] {dag.py:3954} INFO - Setting next_dagrun for example_subdag_operator.section-1 to None, run_after=None
[2024-05-27T03:03:34.621+0000] {logging_mixin.py:188} INFO - [2024-05-27T03:03:34.621+0000] {dag.py:3954} INFO - Setting next_dagrun for example_subdag_operator.section-2 to None, run_after=None
[2024-05-27T03:03:34.627+0000] {processor.py:183} INFO - Processing /home/airflow/.local/lib/python3.12/site-packages/airflow/example_dags/example_subdag_operator.py took 0.061 seconds
[2024-05-27T03:04:05.334+0000] {processor.py:161} INFO - Started process (PID=885) to work on /home/airflow/.local/lib/python3.12/site-packages/airflow/example_dags/example_subdag_operator.py
[2024-05-27T03:04:05.335+0000] {processor.py:830} INFO - Processing file /home/airflow/.local/lib/python3.12/site-packages/airflow/example_dags/example_subdag_operator.py for tasks to queue
[2024-05-27T03:04:05.337+0000] {logging_mixin.py:188} INFO - [2024-05-27T03:04:05.336+0000] {dagbag.py:545} INFO - Filling up the DagBag from /home/airflow/.local/lib/python3.12/site-packages/airflow/example_dags/example_subdag_operator.py
[2024-05-27T03:04:05.353+0000] {processor.py:840} INFO - DAG(s) 'example_subdag_operator.section-1', 'example_subdag_operator.section-2', 'example_subdag_operator' retrieved from /home/airflow/.local/lib/python3.12/site-packages/airflow/example_dags/example_subdag_operator.py
[2024-05-27T03:04:05.362+0000] {logging_mixin.py:188} INFO - [2024-05-27T03:04:05.362+0000] {dag.py:3096} INFO - Sync 3 DAGs
[2024-05-27T03:04:05.376+0000] {logging_mixin.py:188} INFO - [2024-05-27T03:04:05.376+0000] {dag.py:3954} INFO - Setting next_dagrun for example_subdag_operator to 2022-01-01 00:00:00+00:00, run_after=2022-01-01 00:00:00+00:00
[2024-05-27T03:04:05.380+0000] {logging_mixin.py:188} INFO - [2024-05-27T03:04:05.380+0000] {dag.py:3954} INFO - Setting next_dagrun for example_subdag_operator.section-1 to None, run_after=None
[2024-05-27T03:04:05.385+0000] {logging_mixin.py:188} INFO - [2024-05-27T03:04:05.385+0000] {dag.py:3954} INFO - Setting next_dagrun for example_subdag_operator.section-2 to None, run_after=None
[2024-05-27T03:04:05.390+0000] {logging_mixin.py:188} INFO - [2024-05-27T03:04:05.390+0000] {dag.py:3096} INFO - Sync 2 DAGs
[2024-05-27T03:04:05.394+0000] {logging_mixin.py:188} INFO - [2024-05-27T03:04:05.393+0000] {dag.py:3954} INFO - Setting next_dagrun for example_subdag_operator.section-1 to None, run_after=None
[2024-05-27T03:04:05.394+0000] {logging_mixin.py:188} INFO - [2024-05-27T03:04:05.394+0000] {dag.py:3954} INFO - Setting next_dagrun for example_subdag_operator.section-2 to None, run_after=None
[2024-05-27T03:04:05.401+0000] {processor.py:183} INFO - Processing /home/airflow/.local/lib/python3.12/site-packages/airflow/example_dags/example_subdag_operator.py took 0.070 seconds
[2024-05-27T03:04:36.062+0000] {processor.py:161} INFO - Started process (PID=944) to work on /home/airflow/.local/lib/python3.12/site-packages/airflow/example_dags/example_subdag_operator.py
[2024-05-27T03:04:36.063+0000] {processor.py:830} INFO - Processing file /home/airflow/.local/lib/python3.12/site-packages/airflow/example_dags/example_subdag_operator.py for tasks to queue
[2024-05-27T03:04:36.065+0000] {logging_mixin.py:188} INFO - [2024-05-27T03:04:36.064+0000] {dagbag.py:545} INFO - Filling up the DagBag from /home/airflow/.local/lib/python3.12/site-packages/airflow/example_dags/example_subdag_operator.py
[2024-05-27T03:04:36.079+0000] {processor.py:840} INFO - DAG(s) 'example_subdag_operator.section-1', 'example_subdag_operator.section-2', 'example_subdag_operator' retrieved from /home/airflow/.local/lib/python3.12/site-packages/airflow/example_dags/example_subdag_operator.py
[2024-05-27T03:04:36.086+0000] {logging_mixin.py:188} INFO - [2024-05-27T03:04:36.086+0000] {dag.py:3096} INFO - Sync 3 DAGs
[2024-05-27T03:04:36.097+0000] {logging_mixin.py:188} INFO - [2024-05-27T03:04:36.096+0000] {dag.py:3954} INFO - Setting next_dagrun for example_subdag_operator to 2022-01-01 00:00:00+00:00, run_after=2022-01-01 00:00:00+00:00
[2024-05-27T03:04:36.099+0000] {logging_mixin.py:188} INFO - [2024-05-27T03:04:36.099+0000] {dag.py:3954} INFO - Setting next_dagrun for example_subdag_operator.section-1 to None, run_after=None
[2024-05-27T03:04:36.099+0000] {logging_mixin.py:188} INFO - [2024-05-27T03:04:36.099+0000] {dag.py:3954} INFO - Setting next_dagrun for example_subdag_operator.section-2 to None, run_after=None
[2024-05-27T03:04:36.103+0000] {logging_mixin.py:188} INFO - [2024-05-27T03:04:36.103+0000] {dag.py:3096} INFO - Sync 2 DAGs
[2024-05-27T03:04:36.106+0000] {logging_mixin.py:188} INFO - [2024-05-27T03:04:36.106+0000] {dag.py:3954} INFO - Setting next_dagrun for example_subdag_operator.section-1 to None, run_after=None
[2024-05-27T03:04:36.106+0000] {logging_mixin.py:188} INFO - [2024-05-27T03:04:36.106+0000] {dag.py:3954} INFO - Setting next_dagrun for example_subdag_operator.section-2 to None, run_after=None
[2024-05-27T03:04:36.111+0000] {processor.py:183} INFO - Processing /home/airflow/.local/lib/python3.12/site-packages/airflow/example_dags/example_subdag_operator.py took 0.054 seconds
[2024-05-27T03:05:06.749+0000] {processor.py:161} INFO - Started process (PID=1003) to work on /home/airflow/.local/lib/python3.12/site-packages/airflow/example_dags/example_subdag_operator.py
[2024-05-27T03:05:06.750+0000] {processor.py:830} INFO - Processing file /home/airflow/.local/lib/python3.12/site-packages/airflow/example_dags/example_subdag_operator.py for tasks to queue
[2024-05-27T03:05:06.751+0000] {logging_mixin.py:188} INFO - [2024-05-27T03:05:06.750+0000] {dagbag.py:545} INFO - Filling up the DagBag from /home/airflow/.local/lib/python3.12/site-packages/airflow/example_dags/example_subdag_operator.py
[2024-05-27T03:05:06.762+0000] {processor.py:840} INFO - DAG(s) 'example_subdag_operator.section-1', 'example_subdag_operator.section-2', 'example_subdag_operator' retrieved from /home/airflow/.local/lib/python3.12/site-packages/airflow/example_dags/example_subdag_operator.py
[2024-05-27T03:05:06.768+0000] {logging_mixin.py:188} INFO - [2024-05-27T03:05:06.768+0000] {dag.py:3096} INFO - Sync 3 DAGs
[2024-05-27T03:05:06.779+0000] {logging_mixin.py:188} INFO - [2024-05-27T03:05:06.779+0000] {dag.py:3954} INFO - Setting next_dagrun for example_subdag_operator to 2022-01-01 00:00:00+00:00, run_after=2022-01-01 00:00:00+00:00
[2024-05-27T03:05:06.781+0000] {logging_mixin.py:188} INFO - [2024-05-27T03:05:06.781+0000] {dag.py:3954} INFO - Setting next_dagrun for example_subdag_operator.section-1 to None, run_after=None
[2024-05-27T03:05:06.782+0000] {logging_mixin.py:188} INFO - [2024-05-27T03:05:06.782+0000] {dag.py:3954} INFO - Setting next_dagrun for example_subdag_operator.section-2 to None, run_after=None
[2024-05-27T03:05:06.785+0000] {logging_mixin.py:188} INFO - [2024-05-27T03:05:06.785+0000] {dag.py:3096} INFO - Sync 2 DAGs
[2024-05-27T03:05:06.788+0000] {logging_mixin.py:188} INFO - [2024-05-27T03:05:06.787+0000] {dag.py:3954} INFO - Setting next_dagrun for example_subdag_operator.section-1 to None, run_after=None
[2024-05-27T03:05:06.788+0000] {logging_mixin.py:188} INFO - [2024-05-27T03:05:06.788+0000] {dag.py:3954} INFO - Setting next_dagrun for example_subdag_operator.section-2 to None, run_after=None
[2024-05-27T03:05:06.792+0000] {processor.py:183} INFO - Processing /home/airflow/.local/lib/python3.12/site-packages/airflow/example_dags/example_subdag_operator.py took 0.046 seconds
[2024-05-27T03:05:37.314+0000] {processor.py:161} INFO - Started process (PID=1062) to work on /home/airflow/.local/lib/python3.12/site-packages/airflow/example_dags/example_subdag_operator.py
[2024-05-27T03:05:37.315+0000] {processor.py:830} INFO - Processing file /home/airflow/.local/lib/python3.12/site-packages/airflow/example_dags/example_subdag_operator.py for tasks to queue
[2024-05-27T03:05:37.316+0000] {logging_mixin.py:188} INFO - [2024-05-27T03:05:37.316+0000] {dagbag.py:545} INFO - Filling up the DagBag from /home/airflow/.local/lib/python3.12/site-packages/airflow/example_dags/example_subdag_operator.py
[2024-05-27T03:05:37.327+0000] {processor.py:840} INFO - DAG(s) 'example_subdag_operator.section-1', 'example_subdag_operator.section-2', 'example_subdag_operator' retrieved from /home/airflow/.local/lib/python3.12/site-packages/airflow/example_dags/example_subdag_operator.py
[2024-05-27T03:05:37.334+0000] {logging_mixin.py:188} INFO - [2024-05-27T03:05:37.334+0000] {dag.py:3096} INFO - Sync 3 DAGs
[2024-05-27T03:05:37.345+0000] {logging_mixin.py:188} INFO - [2024-05-27T03:05:37.344+0000] {dag.py:3954} INFO - Setting next_dagrun for example_subdag_operator to 2022-01-01 00:00:00+00:00, run_after=2022-01-01 00:00:00+00:00
[2024-05-27T03:05:37.347+0000] {logging_mixin.py:188} INFO - [2024-05-27T03:05:37.347+0000] {dag.py:3954} INFO - Setting next_dagrun for example_subdag_operator.section-1 to None, run_after=None
[2024-05-27T03:05:37.348+0000] {logging_mixin.py:188} INFO - [2024-05-27T03:05:37.348+0000] {dag.py:3954} INFO - Setting next_dagrun for example_subdag_operator.section-2 to None, run_after=None
[2024-05-27T03:05:37.351+0000] {logging_mixin.py:188} INFO - [2024-05-27T03:05:37.351+0000] {dag.py:3096} INFO - Sync 2 DAGs
[2024-05-27T03:05:37.353+0000] {logging_mixin.py:188} INFO - [2024-05-27T03:05:37.353+0000] {dag.py:3954} INFO - Setting next_dagrun for example_subdag_operator.section-1 to None, run_after=None
[2024-05-27T03:05:37.353+0000] {logging_mixin.py:188} INFO - [2024-05-27T03:05:37.353+0000] {dag.py:3954} INFO - Setting next_dagrun for example_subdag_operator.section-2 to None, run_after=None
[2024-05-27T03:05:37.358+0000] {processor.py:183} INFO - Processing /home/airflow/.local/lib/python3.12/site-packages/airflow/example_dags/example_subdag_operator.py took 0.046 seconds
[2024-05-27T03:06:07.999+0000] {processor.py:161} INFO - Started process (PID=1121) to work on /home/airflow/.local/lib/python3.12/site-packages/airflow/example_dags/example_subdag_operator.py
[2024-05-27T03:06:08.000+0000] {processor.py:830} INFO - Processing file /home/airflow/.local/lib/python3.12/site-packages/airflow/example_dags/example_subdag_operator.py for tasks to queue
[2024-05-27T03:06:08.001+0000] {logging_mixin.py:188} INFO - [2024-05-27T03:06:08.000+0000] {dagbag.py:545} INFO - Filling up the DagBag from /home/airflow/.local/lib/python3.12/site-packages/airflow/example_dags/example_subdag_operator.py
[2024-05-27T03:06:08.011+0000] {processor.py:840} INFO - DAG(s) 'example_subdag_operator.section-1', 'example_subdag_operator.section-2', 'example_subdag_operator' retrieved from /home/airflow/.local/lib/python3.12/site-packages/airflow/example_dags/example_subdag_operator.py
[2024-05-27T03:06:08.018+0000] {logging_mixin.py:188} INFO - [2024-05-27T03:06:08.018+0000] {dag.py:3096} INFO - Sync 3 DAGs
[2024-05-27T03:06:08.028+0000] {logging_mixin.py:188} INFO - [2024-05-27T03:06:08.028+0000] {dag.py:3954} INFO - Setting next_dagrun for example_subdag_operator to 2022-01-01 00:00:00+00:00, run_after=2022-01-01 00:00:00+00:00
[2024-05-27T03:06:08.030+0000] {logging_mixin.py:188} INFO - [2024-05-27T03:06:08.030+0000] {dag.py:3954} INFO - Setting next_dagrun for example_subdag_operator.section-1 to None, run_after=None
[2024-05-27T03:06:08.031+0000] {logging_mixin.py:188} INFO - [2024-05-27T03:06:08.031+0000] {dag.py:3954} INFO - Setting next_dagrun for example_subdag_operator.section-2 to None, run_after=None
[2024-05-27T03:06:08.034+0000] {logging_mixin.py:188} INFO - [2024-05-27T03:06:08.034+0000] {dag.py:3096} INFO - Sync 2 DAGs
[2024-05-27T03:06:08.037+0000] {logging_mixin.py:188} INFO - [2024-05-27T03:06:08.037+0000] {dag.py:3954} INFO - Setting next_dagrun for example_subdag_operator.section-1 to None, run_after=None
[2024-05-27T03:06:08.037+0000] {logging_mixin.py:188} INFO - [2024-05-27T03:06:08.037+0000] {dag.py:3954} INFO - Setting next_dagrun for example_subdag_operator.section-2 to None, run_after=None
[2024-05-27T03:06:08.042+0000] {processor.py:183} INFO - Processing /home/airflow/.local/lib/python3.12/site-packages/airflow/example_dags/example_subdag_operator.py took 0.046 seconds
[2024-05-27T03:06:38.626+0000] {processor.py:161} INFO - Started process (PID=1180) to work on /home/airflow/.local/lib/python3.12/site-packages/airflow/example_dags/example_subdag_operator.py
[2024-05-27T03:06:38.627+0000] {processor.py:830} INFO - Processing file /home/airflow/.local/lib/python3.12/site-packages/airflow/example_dags/example_subdag_operator.py for tasks to queue
[2024-05-27T03:06:38.629+0000] {logging_mixin.py:188} INFO - [2024-05-27T03:06:38.628+0000] {dagbag.py:545} INFO - Filling up the DagBag from /home/airflow/.local/lib/python3.12/site-packages/airflow/example_dags/example_subdag_operator.py
[2024-05-27T03:06:38.642+0000] {processor.py:840} INFO - DAG(s) 'example_subdag_operator.section-1', 'example_subdag_operator.section-2', 'example_subdag_operator' retrieved from /home/airflow/.local/lib/python3.12/site-packages/airflow/example_dags/example_subdag_operator.py
[2024-05-27T03:06:38.649+0000] {logging_mixin.py:188} INFO - [2024-05-27T03:06:38.649+0000] {dag.py:3096} INFO - Sync 3 DAGs
[2024-05-27T03:06:38.659+0000] {logging_mixin.py:188} INFO - [2024-05-27T03:06:38.659+0000] {dag.py:3954} INFO - Setting next_dagrun for example_subdag_operator to 2022-01-01 00:00:00+00:00, run_after=2022-01-01 00:00:00+00:00
[2024-05-27T03:06:38.661+0000] {logging_mixin.py:188} INFO - [2024-05-27T03:06:38.661+0000] {dag.py:3954} INFO - Setting next_dagrun for example_subdag_operator.section-1 to None, run_after=None
[2024-05-27T03:06:38.662+0000] {logging_mixin.py:188} INFO - [2024-05-27T03:06:38.662+0000] {dag.py:3954} INFO - Setting next_dagrun for example_subdag_operator.section-2 to None, run_after=None
[2024-05-27T03:06:38.665+0000] {logging_mixin.py:188} INFO - [2024-05-27T03:06:38.665+0000] {dag.py:3096} INFO - Sync 2 DAGs
[2024-05-27T03:06:38.668+0000] {logging_mixin.py:188} INFO - [2024-05-27T03:06:38.668+0000] {dag.py:3954} INFO - Setting next_dagrun for example_subdag_operator.section-1 to None, run_after=None
[2024-05-27T03:06:38.668+0000] {logging_mixin.py:188} INFO - [2024-05-27T03:06:38.668+0000] {dag.py:3954} INFO - Setting next_dagrun for example_subdag_operator.section-2 to None, run_after=None
[2024-05-27T03:06:38.673+0000] {processor.py:183} INFO - Processing /home/airflow/.local/lib/python3.12/site-packages/airflow/example_dags/example_subdag_operator.py took 0.052 seconds
[2024-05-27T03:07:09.214+0000] {processor.py:161} INFO - Started process (PID=1239) to work on /home/airflow/.local/lib/python3.12/site-packages/airflow/example_dags/example_subdag_operator.py
[2024-05-27T03:07:09.215+0000] {processor.py:830} INFO - Processing file /home/airflow/.local/lib/python3.12/site-packages/airflow/example_dags/example_subdag_operator.py for tasks to queue
[2024-05-27T03:07:09.216+0000] {logging_mixin.py:188} INFO - [2024-05-27T03:07:09.216+0000] {dagbag.py:545} INFO - Filling up the DagBag from /home/airflow/.local/lib/python3.12/site-packages/airflow/example_dags/example_subdag_operator.py
[2024-05-27T03:07:09.226+0000] {processor.py:840} INFO - DAG(s) 'example_subdag_operator.section-1', 'example_subdag_operator.section-2', 'example_subdag_operator' retrieved from /home/airflow/.local/lib/python3.12/site-packages/airflow/example_dags/example_subdag_operator.py
[2024-05-27T03:07:09.232+0000] {logging_mixin.py:188} INFO - [2024-05-27T03:07:09.232+0000] {dag.py:3096} INFO - Sync 3 DAGs
[2024-05-27T03:07:09.241+0000] {logging_mixin.py:188} INFO - [2024-05-27T03:07:09.241+0000] {dag.py:3954} INFO - Setting next_dagrun for example_subdag_operator to 2022-01-01 00:00:00+00:00, run_after=2022-01-01 00:00:00+00:00
[2024-05-27T03:07:09.243+0000] {logging_mixin.py:188} INFO - [2024-05-27T03:07:09.243+0000] {dag.py:3954} INFO - Setting next_dagrun for example_subdag_operator.section-1 to None, run_after=None
[2024-05-27T03:07:09.243+0000] {logging_mixin.py:188} INFO - [2024-05-27T03:07:09.243+0000] {dag.py:3954} INFO - Setting next_dagrun for example_subdag_operator.section-2 to None, run_after=None
[2024-05-27T03:07:09.246+0000] {logging_mixin.py:188} INFO - [2024-05-27T03:07:09.246+0000] {dag.py:3096} INFO - Sync 2 DAGs
[2024-05-27T03:07:09.248+0000] {logging_mixin.py:188} INFO - [2024-05-27T03:07:09.248+0000] {dag.py:3954} INFO - Setting next_dagrun for example_subdag_operator.section-1 to None, run_after=None
[2024-05-27T03:07:09.248+0000] {logging_mixin.py:188} INFO - [2024-05-27T03:07:09.248+0000] {dag.py:3954} INFO - Setting next_dagrun for example_subdag_operator.section-2 to None, run_after=None
[2024-05-27T03:07:09.252+0000] {processor.py:183} INFO - Processing /home/airflow/.local/lib/python3.12/site-packages/airflow/example_dags/example_subdag_operator.py took 0.041 seconds
[2024-05-27T03:07:39.912+0000] {processor.py:161} INFO - Started process (PID=1298) to work on /home/airflow/.local/lib/python3.12/site-packages/airflow/example_dags/example_subdag_operator.py
[2024-05-27T03:07:39.913+0000] {processor.py:830} INFO - Processing file /home/airflow/.local/lib/python3.12/site-packages/airflow/example_dags/example_subdag_operator.py for tasks to queue
[2024-05-27T03:07:39.914+0000] {logging_mixin.py:188} INFO - [2024-05-27T03:07:39.913+0000] {dagbag.py:545} INFO - Filling up the DagBag from /home/airflow/.local/lib/python3.12/site-packages/airflow/example_dags/example_subdag_operator.py
[2024-05-27T03:07:39.925+0000] {processor.py:840} INFO - DAG(s) 'example_subdag_operator.section-1', 'example_subdag_operator.section-2', 'example_subdag_operator' retrieved from /home/airflow/.local/lib/python3.12/site-packages/airflow/example_dags/example_subdag_operator.py
[2024-05-27T03:07:39.932+0000] {logging_mixin.py:188} INFO - [2024-05-27T03:07:39.931+0000] {dag.py:3096} INFO - Sync 3 DAGs
[2024-05-27T03:07:39.943+0000] {logging_mixin.py:188} INFO - [2024-05-27T03:07:39.943+0000] {dag.py:3954} INFO - Setting next_dagrun for example_subdag_operator to 2022-01-01 00:00:00+00:00, run_after=2022-01-01 00:00:00+00:00
[2024-05-27T03:07:39.945+0000] {logging_mixin.py:188} INFO - [2024-05-27T03:07:39.945+0000] {dag.py:3954} INFO - Setting next_dagrun for example_subdag_operator.section-1 to None, run_after=None
[2024-05-27T03:07:39.946+0000] {logging_mixin.py:188} INFO - [2024-05-27T03:07:39.946+0000] {dag.py:3954} INFO - Setting next_dagrun for example_subdag_operator.section-2 to None, run_after=None
[2024-05-27T03:07:39.949+0000] {logging_mixin.py:188} INFO - [2024-05-27T03:07:39.949+0000] {dag.py:3096} INFO - Sync 2 DAGs
[2024-05-27T03:07:39.952+0000] {logging_mixin.py:188} INFO - [2024-05-27T03:07:39.952+0000] {dag.py:3954} INFO - Setting next_dagrun for example_subdag_operator.section-1 to None, run_after=None
[2024-05-27T03:07:39.952+0000] {logging_mixin.py:188} INFO - [2024-05-27T03:07:39.952+0000] {dag.py:3954} INFO - Setting next_dagrun for example_subdag_operator.section-2 to None, run_after=None
[2024-05-27T03:07:39.956+0000] {processor.py:183} INFO - Processing /home/airflow/.local/lib/python3.12/site-packages/airflow/example_dags/example_subdag_operator.py took 0.047 seconds
[2024-05-27T03:08:37.430+0000] {processor.py:161} INFO - Started process (PID=61) to work on /home/airflow/.local/lib/python3.12/site-packages/airflow/example_dags/example_subdag_operator.py
[2024-05-27T03:08:37.431+0000] {processor.py:830} INFO - Processing file /home/airflow/.local/lib/python3.12/site-packages/airflow/example_dags/example_subdag_operator.py for tasks to queue
[2024-05-27T03:08:37.432+0000] {logging_mixin.py:188} INFO - [2024-05-27T03:08:37.432+0000] {dagbag.py:545} INFO - Filling up the DagBag from /home/airflow/.local/lib/python3.12/site-packages/airflow/example_dags/example_subdag_operator.py
[2024-05-27T03:08:37.460+0000] {processor.py:840} INFO - DAG(s) 'example_subdag_operator.section-1', 'example_subdag_operator.section-2', 'example_subdag_operator' retrieved from /home/airflow/.local/lib/python3.12/site-packages/airflow/example_dags/example_subdag_operator.py
[2024-05-27T03:08:37.463+0000] {logging_mixin.py:188} INFO - [2024-05-27T03:08:37.463+0000] {dag.py:3096} INFO - Sync 3 DAGs
[2024-05-27T03:08:37.482+0000] {logging_mixin.py:188} INFO - [2024-05-27T03:08:37.481+0000] {dag.py:3954} INFO - Setting next_dagrun for example_subdag_operator to 2022-01-01 00:00:00+00:00, run_after=2022-01-01 00:00:00+00:00
[2024-05-27T03:08:37.484+0000] {logging_mixin.py:188} INFO - [2024-05-27T03:08:37.484+0000] {dag.py:3954} INFO - Setting next_dagrun for example_subdag_operator.section-1 to None, run_after=None
[2024-05-27T03:08:37.486+0000] {logging_mixin.py:188} INFO - [2024-05-27T03:08:37.485+0000] {dag.py:3954} INFO - Setting next_dagrun for example_subdag_operator.section-2 to None, run_after=None
[2024-05-27T03:08:37.491+0000] {logging_mixin.py:188} INFO - [2024-05-27T03:08:37.491+0000] {dag.py:3096} INFO - Sync 2 DAGs
[2024-05-27T03:08:37.496+0000] {logging_mixin.py:188} INFO - [2024-05-27T03:08:37.495+0000] {dag.py:3954} INFO - Setting next_dagrun for example_subdag_operator.section-1 to None, run_after=None
[2024-05-27T03:08:37.496+0000] {logging_mixin.py:188} INFO - [2024-05-27T03:08:37.496+0000] {dag.py:3954} INFO - Setting next_dagrun for example_subdag_operator.section-2 to None, run_after=None
[2024-05-27T03:08:37.504+0000] {processor.py:183} INFO - Processing /home/airflow/.local/lib/python3.12/site-packages/airflow/example_dags/example_subdag_operator.py took 0.081 seconds
[2024-05-27T03:09:07.906+0000] {processor.py:161} INFO - Started process (PID=120) to work on /home/airflow/.local/lib/python3.12/site-packages/airflow/example_dags/example_subdag_operator.py
[2024-05-27T03:09:07.907+0000] {processor.py:830} INFO - Processing file /home/airflow/.local/lib/python3.12/site-packages/airflow/example_dags/example_subdag_operator.py for tasks to queue
[2024-05-27T03:09:07.908+0000] {logging_mixin.py:188} INFO - [2024-05-27T03:09:07.907+0000] {dagbag.py:545} INFO - Filling up the DagBag from /home/airflow/.local/lib/python3.12/site-packages/airflow/example_dags/example_subdag_operator.py
[2024-05-27T03:09:07.919+0000] {processor.py:840} INFO - DAG(s) 'example_subdag_operator.section-1', 'example_subdag_operator.section-2', 'example_subdag_operator' retrieved from /home/airflow/.local/lib/python3.12/site-packages/airflow/example_dags/example_subdag_operator.py
[2024-05-27T03:09:07.960+0000] {logging_mixin.py:188} INFO - [2024-05-27T03:09:07.960+0000] {dag.py:3096} INFO - Sync 3 DAGs
[2024-05-27T03:09:07.970+0000] {logging_mixin.py:188} INFO - [2024-05-27T03:09:07.969+0000] {dag.py:3954} INFO - Setting next_dagrun for example_subdag_operator to 2022-01-01 00:00:00+00:00, run_after=2022-01-01 00:00:00+00:00
[2024-05-27T03:09:07.971+0000] {logging_mixin.py:188} INFO - [2024-05-27T03:09:07.971+0000] {dag.py:3954} INFO - Setting next_dagrun for example_subdag_operator.section-1 to None, run_after=None
[2024-05-27T03:09:07.972+0000] {logging_mixin.py:188} INFO - [2024-05-27T03:09:07.972+0000] {dag.py:3954} INFO - Setting next_dagrun for example_subdag_operator.section-2 to None, run_after=None
[2024-05-27T03:09:07.975+0000] {logging_mixin.py:188} INFO - [2024-05-27T03:09:07.975+0000] {dag.py:3096} INFO - Sync 2 DAGs
[2024-05-27T03:09:07.978+0000] {logging_mixin.py:188} INFO - [2024-05-27T03:09:07.978+0000] {dag.py:3954} INFO - Setting next_dagrun for example_subdag_operator.section-1 to None, run_after=None
[2024-05-27T03:09:07.978+0000] {logging_mixin.py:188} INFO - [2024-05-27T03:09:07.978+0000] {dag.py:3954} INFO - Setting next_dagrun for example_subdag_operator.section-2 to None, run_after=None
[2024-05-27T03:09:07.983+0000] {processor.py:183} INFO - Processing /home/airflow/.local/lib/python3.12/site-packages/airflow/example_dags/example_subdag_operator.py took 0.079 seconds
[2024-05-27T03:09:38.727+0000] {processor.py:161} INFO - Started process (PID=179) to work on /home/airflow/.local/lib/python3.12/site-packages/airflow/example_dags/example_subdag_operator.py
[2024-05-27T03:09:38.728+0000] {processor.py:830} INFO - Processing file /home/airflow/.local/lib/python3.12/site-packages/airflow/example_dags/example_subdag_operator.py for tasks to queue
[2024-05-27T03:09:38.729+0000] {logging_mixin.py:188} INFO - [2024-05-27T03:09:38.729+0000] {dagbag.py:545} INFO - Filling up the DagBag from /home/airflow/.local/lib/python3.12/site-packages/airflow/example_dags/example_subdag_operator.py
[2024-05-27T03:09:38.739+0000] {processor.py:840} INFO - DAG(s) 'example_subdag_operator.section-1', 'example_subdag_operator.section-2', 'example_subdag_operator' retrieved from /home/airflow/.local/lib/python3.12/site-packages/airflow/example_dags/example_subdag_operator.py
[2024-05-27T03:09:38.746+0000] {logging_mixin.py:188} INFO - [2024-05-27T03:09:38.746+0000] {dag.py:3096} INFO - Sync 3 DAGs
[2024-05-27T03:09:38.756+0000] {logging_mixin.py:188} INFO - [2024-05-27T03:09:38.756+0000] {dag.py:3954} INFO - Setting next_dagrun for example_subdag_operator to 2022-01-01 00:00:00+00:00, run_after=2022-01-01 00:00:00+00:00
[2024-05-27T03:09:38.759+0000] {logging_mixin.py:188} INFO - [2024-05-27T03:09:38.759+0000] {dag.py:3954} INFO - Setting next_dagrun for example_subdag_operator.section-1 to None, run_after=None
[2024-05-27T03:09:38.760+0000] {logging_mixin.py:188} INFO - [2024-05-27T03:09:38.760+0000] {dag.py:3954} INFO - Setting next_dagrun for example_subdag_operator.section-2 to None, run_after=None
[2024-05-27T03:09:38.763+0000] {logging_mixin.py:188} INFO - [2024-05-27T03:09:38.763+0000] {dag.py:3096} INFO - Sync 2 DAGs
[2024-05-27T03:09:38.766+0000] {logging_mixin.py:188} INFO - [2024-05-27T03:09:38.766+0000] {dag.py:3954} INFO - Setting next_dagrun for example_subdag_operator.section-1 to None, run_after=None
[2024-05-27T03:09:38.766+0000] {logging_mixin.py:188} INFO - [2024-05-27T03:09:38.766+0000] {dag.py:3954} INFO - Setting next_dagrun for example_subdag_operator.section-2 to None, run_after=None
[2024-05-27T03:09:38.771+0000] {processor.py:183} INFO - Processing /home/airflow/.local/lib/python3.12/site-packages/airflow/example_dags/example_subdag_operator.py took 0.046 seconds
[2024-05-27T03:10:09.319+0000] {processor.py:161} INFO - Started process (PID=238) to work on /home/airflow/.local/lib/python3.12/site-packages/airflow/example_dags/example_subdag_operator.py
[2024-05-27T03:10:09.320+0000] {processor.py:830} INFO - Processing file /home/airflow/.local/lib/python3.12/site-packages/airflow/example_dags/example_subdag_operator.py for tasks to queue
[2024-05-27T03:10:09.321+0000] {logging_mixin.py:188} INFO - [2024-05-27T03:10:09.321+0000] {dagbag.py:545} INFO - Filling up the DagBag from /home/airflow/.local/lib/python3.12/site-packages/airflow/example_dags/example_subdag_operator.py
[2024-05-27T03:10:09.332+0000] {processor.py:840} INFO - DAG(s) 'example_subdag_operator.section-1', 'example_subdag_operator.section-2', 'example_subdag_operator' retrieved from /home/airflow/.local/lib/python3.12/site-packages/airflow/example_dags/example_subdag_operator.py
[2024-05-27T03:10:09.340+0000] {logging_mixin.py:188} INFO - [2024-05-27T03:10:09.340+0000] {dag.py:3096} INFO - Sync 3 DAGs
[2024-05-27T03:10:09.351+0000] {logging_mixin.py:188} INFO - [2024-05-27T03:10:09.351+0000] {dag.py:3954} INFO - Setting next_dagrun for example_subdag_operator to 2022-01-01 00:00:00+00:00, run_after=2022-01-01 00:00:00+00:00
[2024-05-27T03:10:09.353+0000] {logging_mixin.py:188} INFO - [2024-05-27T03:10:09.353+0000] {dag.py:3954} INFO - Setting next_dagrun for example_subdag_operator.section-1 to None, run_after=None
[2024-05-27T03:10:09.354+0000] {logging_mixin.py:188} INFO - [2024-05-27T03:10:09.354+0000] {dag.py:3954} INFO - Setting next_dagrun for example_subdag_operator.section-2 to None, run_after=None
[2024-05-27T03:10:09.357+0000] {logging_mixin.py:188} INFO - [2024-05-27T03:10:09.357+0000] {dag.py:3096} INFO - Sync 2 DAGs
[2024-05-27T03:10:09.361+0000] {logging_mixin.py:188} INFO - [2024-05-27T03:10:09.361+0000] {dag.py:3954} INFO - Setting next_dagrun for example_subdag_operator.section-1 to None, run_after=None
[2024-05-27T03:10:09.362+0000] {logging_mixin.py:188} INFO - [2024-05-27T03:10:09.362+0000] {dag.py:3954} INFO - Setting next_dagrun for example_subdag_operator.section-2 to None, run_after=None
[2024-05-27T03:10:09.367+0000] {processor.py:183} INFO - Processing /home/airflow/.local/lib/python3.12/site-packages/airflow/example_dags/example_subdag_operator.py took 0.051 seconds
[2024-05-27T03:20:25.070+0000] {processor.py:161} INFO - Started process (PID=61) to work on /home/airflow/.local/lib/python3.12/site-packages/airflow/example_dags/example_subdag_operator.py
[2024-05-27T03:20:25.073+0000] {processor.py:830} INFO - Processing file /home/airflow/.local/lib/python3.12/site-packages/airflow/example_dags/example_subdag_operator.py for tasks to queue
[2024-05-27T03:20:25.076+0000] {logging_mixin.py:188} INFO - [2024-05-27T03:20:25.076+0000] {dagbag.py:545} INFO - Filling up the DagBag from /home/airflow/.local/lib/python3.12/site-packages/airflow/example_dags/example_subdag_operator.py
[2024-05-27T03:20:25.094+0000] {processor.py:840} INFO - DAG(s) 'example_subdag_operator.section-1', 'example_subdag_operator.section-2', 'example_subdag_operator' retrieved from /home/airflow/.local/lib/python3.12/site-packages/airflow/example_dags/example_subdag_operator.py
[2024-05-27T03:20:25.099+0000] {logging_mixin.py:188} INFO - [2024-05-27T03:20:25.099+0000] {dag.py:3096} INFO - Sync 3 DAGs
[2024-05-27T03:20:25.120+0000] {logging_mixin.py:188} INFO - [2024-05-27T03:20:25.119+0000] {dag.py:3954} INFO - Setting next_dagrun for example_subdag_operator to 2022-01-01 00:00:00+00:00, run_after=2022-01-01 00:00:00+00:00
[2024-05-27T03:20:25.123+0000] {logging_mixin.py:188} INFO - [2024-05-27T03:20:25.123+0000] {dag.py:3954} INFO - Setting next_dagrun for example_subdag_operator.section-1 to None, run_after=None
[2024-05-27T03:20:25.126+0000] {logging_mixin.py:188} INFO - [2024-05-27T03:20:25.125+0000] {dag.py:3954} INFO - Setting next_dagrun for example_subdag_operator.section-2 to None, run_after=None
[2024-05-27T03:20:25.133+0000] {logging_mixin.py:188} INFO - [2024-05-27T03:20:25.132+0000] {dag.py:3096} INFO - Sync 2 DAGs
[2024-05-27T03:20:25.136+0000] {logging_mixin.py:188} INFO - [2024-05-27T03:20:25.136+0000] {dag.py:3954} INFO - Setting next_dagrun for example_subdag_operator.section-1 to None, run_after=None
[2024-05-27T03:20:25.136+0000] {logging_mixin.py:188} INFO - [2024-05-27T03:20:25.136+0000] {dag.py:3954} INFO - Setting next_dagrun for example_subdag_operator.section-2 to None, run_after=None
[2024-05-27T03:20:25.144+0000] {processor.py:183} INFO - Processing /home/airflow/.local/lib/python3.12/site-packages/airflow/example_dags/example_subdag_operator.py took 0.078 seconds
[2024-05-27T03:20:55.371+0000] {processor.py:161} INFO - Started process (PID=119) to work on /home/airflow/.local/lib/python3.12/site-packages/airflow/example_dags/example_subdag_operator.py
[2024-05-27T03:20:55.372+0000] {processor.py:830} INFO - Processing file /home/airflow/.local/lib/python3.12/site-packages/airflow/example_dags/example_subdag_operator.py for tasks to queue
[2024-05-27T03:20:55.373+0000] {logging_mixin.py:188} INFO - [2024-05-27T03:20:55.373+0000] {dagbag.py:545} INFO - Filling up the DagBag from /home/airflow/.local/lib/python3.12/site-packages/airflow/example_dags/example_subdag_operator.py
[2024-05-27T03:20:55.384+0000] {processor.py:840} INFO - DAG(s) 'example_subdag_operator.section-1', 'example_subdag_operator.section-2', 'example_subdag_operator' retrieved from /home/airflow/.local/lib/python3.12/site-packages/airflow/example_dags/example_subdag_operator.py
[2024-05-27T03:20:55.425+0000] {logging_mixin.py:188} INFO - [2024-05-27T03:20:55.425+0000] {dag.py:3096} INFO - Sync 3 DAGs
[2024-05-27T03:20:55.434+0000] {logging_mixin.py:188} INFO - [2024-05-27T03:20:55.434+0000] {dag.py:3954} INFO - Setting next_dagrun for example_subdag_operator to 2022-01-01 00:00:00+00:00, run_after=2022-01-01 00:00:00+00:00
[2024-05-27T03:20:55.437+0000] {logging_mixin.py:188} INFO - [2024-05-27T03:20:55.437+0000] {dag.py:3954} INFO - Setting next_dagrun for example_subdag_operator.section-1 to None, run_after=None
[2024-05-27T03:20:55.440+0000] {logging_mixin.py:188} INFO - [2024-05-27T03:20:55.440+0000] {dag.py:3954} INFO - Setting next_dagrun for example_subdag_operator.section-2 to None, run_after=None
[2024-05-27T03:20:55.444+0000] {logging_mixin.py:188} INFO - [2024-05-27T03:20:55.444+0000] {dag.py:3096} INFO - Sync 2 DAGs
[2024-05-27T03:20:55.446+0000] {logging_mixin.py:188} INFO - [2024-05-27T03:20:55.446+0000] {dag.py:3954} INFO - Setting next_dagrun for example_subdag_operator.section-1 to None, run_after=None
[2024-05-27T03:20:55.447+0000] {logging_mixin.py:188} INFO - [2024-05-27T03:20:55.446+0000] {dag.py:3954} INFO - Setting next_dagrun for example_subdag_operator.section-2 to None, run_after=None
[2024-05-27T03:20:55.451+0000] {processor.py:183} INFO - Processing /home/airflow/.local/lib/python3.12/site-packages/airflow/example_dags/example_subdag_operator.py took 0.082 seconds
[2024-05-27T03:21:26.170+0000] {processor.py:161} INFO - Started process (PID=178) to work on /home/airflow/.local/lib/python3.12/site-packages/airflow/example_dags/example_subdag_operator.py
[2024-05-27T03:21:26.172+0000] {processor.py:830} INFO - Processing file /home/airflow/.local/lib/python3.12/site-packages/airflow/example_dags/example_subdag_operator.py for tasks to queue
[2024-05-27T03:21:26.173+0000] {logging_mixin.py:188} INFO - [2024-05-27T03:21:26.173+0000] {dagbag.py:545} INFO - Filling up the DagBag from /home/airflow/.local/lib/python3.12/site-packages/airflow/example_dags/example_subdag_operator.py
[2024-05-27T03:21:26.185+0000] {processor.py:840} INFO - DAG(s) 'example_subdag_operator.section-1', 'example_subdag_operator.section-2', 'example_subdag_operator' retrieved from /home/airflow/.local/lib/python3.12/site-packages/airflow/example_dags/example_subdag_operator.py
[2024-05-27T03:21:26.192+0000] {logging_mixin.py:188} INFO - [2024-05-27T03:21:26.192+0000] {dag.py:3096} INFO - Sync 3 DAGs
[2024-05-27T03:21:26.203+0000] {logging_mixin.py:188} INFO - [2024-05-27T03:21:26.203+0000] {dag.py:3954} INFO - Setting next_dagrun for example_subdag_operator to 2022-01-01 00:00:00+00:00, run_after=2022-01-01 00:00:00+00:00
[2024-05-27T03:21:26.206+0000] {logging_mixin.py:188} INFO - [2024-05-27T03:21:26.206+0000] {dag.py:3954} INFO - Setting next_dagrun for example_subdag_operator.section-1 to None, run_after=None
[2024-05-27T03:21:26.206+0000] {logging_mixin.py:188} INFO - [2024-05-27T03:21:26.206+0000] {dag.py:3954} INFO - Setting next_dagrun for example_subdag_operator.section-2 to None, run_after=None
[2024-05-27T03:21:26.210+0000] {logging_mixin.py:188} INFO - [2024-05-27T03:21:26.210+0000] {dag.py:3096} INFO - Sync 2 DAGs
[2024-05-27T03:21:26.212+0000] {logging_mixin.py:188} INFO - [2024-05-27T03:21:26.212+0000] {dag.py:3954} INFO - Setting next_dagrun for example_subdag_operator.section-1 to None, run_after=None
[2024-05-27T03:21:26.213+0000] {logging_mixin.py:188} INFO - [2024-05-27T03:21:26.213+0000] {dag.py:3954} INFO - Setting next_dagrun for example_subdag_operator.section-2 to None, run_after=None
[2024-05-27T03:21:26.217+0000] {processor.py:183} INFO - Processing /home/airflow/.local/lib/python3.12/site-packages/airflow/example_dags/example_subdag_operator.py took 0.050 seconds
[2024-05-27T03:21:56.725+0000] {processor.py:161} INFO - Started process (PID=238) to work on /home/airflow/.local/lib/python3.12/site-packages/airflow/example_dags/example_subdag_operator.py
[2024-05-27T03:21:56.726+0000] {processor.py:830} INFO - Processing file /home/airflow/.local/lib/python3.12/site-packages/airflow/example_dags/example_subdag_operator.py for tasks to queue
[2024-05-27T03:21:56.727+0000] {logging_mixin.py:188} INFO - [2024-05-27T03:21:56.727+0000] {dagbag.py:545} INFO - Filling up the DagBag from /home/airflow/.local/lib/python3.12/site-packages/airflow/example_dags/example_subdag_operator.py
[2024-05-27T03:21:56.738+0000] {processor.py:840} INFO - DAG(s) 'example_subdag_operator.section-1', 'example_subdag_operator.section-2', 'example_subdag_operator' retrieved from /home/airflow/.local/lib/python3.12/site-packages/airflow/example_dags/example_subdag_operator.py
[2024-05-27T03:21:56.746+0000] {logging_mixin.py:188} INFO - [2024-05-27T03:21:56.746+0000] {dag.py:3096} INFO - Sync 3 DAGs
[2024-05-27T03:21:56.756+0000] {logging_mixin.py:188} INFO - [2024-05-27T03:21:56.756+0000] {dag.py:3954} INFO - Setting next_dagrun for example_subdag_operator to 2022-01-01 00:00:00+00:00, run_after=2022-01-01 00:00:00+00:00
[2024-05-27T03:21:56.758+0000] {logging_mixin.py:188} INFO - [2024-05-27T03:21:56.758+0000] {dag.py:3954} INFO - Setting next_dagrun for example_subdag_operator.section-1 to None, run_after=None
[2024-05-27T03:21:56.758+0000] {logging_mixin.py:188} INFO - [2024-05-27T03:21:56.758+0000] {dag.py:3954} INFO - Setting next_dagrun for example_subdag_operator.section-2 to None, run_after=None
[2024-05-27T03:21:56.762+0000] {logging_mixin.py:188} INFO - [2024-05-27T03:21:56.762+0000] {dag.py:3096} INFO - Sync 2 DAGs
[2024-05-27T03:21:56.765+0000] {logging_mixin.py:188} INFO - [2024-05-27T03:21:56.765+0000] {dag.py:3954} INFO - Setting next_dagrun for example_subdag_operator.section-1 to None, run_after=None
[2024-05-27T03:21:56.765+0000] {logging_mixin.py:188} INFO - [2024-05-27T03:21:56.765+0000] {dag.py:3954} INFO - Setting next_dagrun for example_subdag_operator.section-2 to None, run_after=None
[2024-05-27T03:21:56.772+0000] {processor.py:183} INFO - Processing /home/airflow/.local/lib/python3.12/site-packages/airflow/example_dags/example_subdag_operator.py took 0.050 seconds
[2024-05-27T03:22:27.383+0000] {processor.py:161} INFO - Started process (PID=297) to work on /home/airflow/.local/lib/python3.12/site-packages/airflow/example_dags/example_subdag_operator.py
[2024-05-27T03:22:27.386+0000] {processor.py:830} INFO - Processing file /home/airflow/.local/lib/python3.12/site-packages/airflow/example_dags/example_subdag_operator.py for tasks to queue
[2024-05-27T03:22:27.387+0000] {logging_mixin.py:188} INFO - [2024-05-27T03:22:27.387+0000] {dagbag.py:545} INFO - Filling up the DagBag from /home/airflow/.local/lib/python3.12/site-packages/airflow/example_dags/example_subdag_operator.py
[2024-05-27T03:22:27.401+0000] {processor.py:840} INFO - DAG(s) 'example_subdag_operator.section-1', 'example_subdag_operator.section-2', 'example_subdag_operator' retrieved from /home/airflow/.local/lib/python3.12/site-packages/airflow/example_dags/example_subdag_operator.py
[2024-05-27T03:22:27.408+0000] {logging_mixin.py:188} INFO - [2024-05-27T03:22:27.408+0000] {dag.py:3096} INFO - Sync 3 DAGs
[2024-05-27T03:22:27.419+0000] {logging_mixin.py:188} INFO - [2024-05-27T03:22:27.419+0000] {dag.py:3954} INFO - Setting next_dagrun for example_subdag_operator to 2022-01-01 00:00:00+00:00, run_after=2022-01-01 00:00:00+00:00
[2024-05-27T03:22:27.423+0000] {logging_mixin.py:188} INFO - [2024-05-27T03:22:27.423+0000] {dag.py:3954} INFO - Setting next_dagrun for example_subdag_operator.section-1 to None, run_after=None
[2024-05-27T03:22:27.424+0000] {logging_mixin.py:188} INFO - [2024-05-27T03:22:27.423+0000] {dag.py:3954} INFO - Setting next_dagrun for example_subdag_operator.section-2 to None, run_after=None
[2024-05-27T03:22:27.427+0000] {logging_mixin.py:188} INFO - [2024-05-27T03:22:27.427+0000] {dag.py:3096} INFO - Sync 2 DAGs
[2024-05-27T03:22:27.432+0000] {logging_mixin.py:188} INFO - [2024-05-27T03:22:27.432+0000] {dag.py:3954} INFO - Setting next_dagrun for example_subdag_operator.section-1 to None, run_after=None
[2024-05-27T03:22:27.433+0000] {logging_mixin.py:188} INFO - [2024-05-27T03:22:27.433+0000] {dag.py:3954} INFO - Setting next_dagrun for example_subdag_operator.section-2 to None, run_after=None
[2024-05-27T03:22:27.464+0000] {processor.py:183} INFO - Processing /home/airflow/.local/lib/python3.12/site-packages/airflow/example_dags/example_subdag_operator.py took 0.084 seconds
[2024-05-27T03:22:58.064+0000] {processor.py:161} INFO - Started process (PID=356) to work on /home/airflow/.local/lib/python3.12/site-packages/airflow/example_dags/example_subdag_operator.py
[2024-05-27T03:22:58.065+0000] {processor.py:830} INFO - Processing file /home/airflow/.local/lib/python3.12/site-packages/airflow/example_dags/example_subdag_operator.py for tasks to queue
[2024-05-27T03:22:58.066+0000] {logging_mixin.py:188} INFO - [2024-05-27T03:22:58.066+0000] {dagbag.py:545} INFO - Filling up the DagBag from /home/airflow/.local/lib/python3.12/site-packages/airflow/example_dags/example_subdag_operator.py
[2024-05-27T03:22:58.078+0000] {processor.py:840} INFO - DAG(s) 'example_subdag_operator.section-1', 'example_subdag_operator.section-2', 'example_subdag_operator' retrieved from /home/airflow/.local/lib/python3.12/site-packages/airflow/example_dags/example_subdag_operator.py
[2024-05-27T03:22:58.085+0000] {logging_mixin.py:188} INFO - [2024-05-27T03:22:58.085+0000] {dag.py:3096} INFO - Sync 3 DAGs
[2024-05-27T03:22:58.096+0000] {logging_mixin.py:188} INFO - [2024-05-27T03:22:58.095+0000] {dag.py:3954} INFO - Setting next_dagrun for example_subdag_operator to 2022-01-01 00:00:00+00:00, run_after=2022-01-01 00:00:00+00:00
[2024-05-27T03:22:58.098+0000] {logging_mixin.py:188} INFO - [2024-05-27T03:22:58.098+0000] {dag.py:3954} INFO - Setting next_dagrun for example_subdag_operator.section-1 to None, run_after=None
[2024-05-27T03:22:58.098+0000] {logging_mixin.py:188} INFO - [2024-05-27T03:22:58.098+0000] {dag.py:3954} INFO - Setting next_dagrun for example_subdag_operator.section-2 to None, run_after=None
[2024-05-27T03:22:58.102+0000] {logging_mixin.py:188} INFO - [2024-05-27T03:22:58.102+0000] {dag.py:3096} INFO - Sync 2 DAGs
[2024-05-27T03:22:58.104+0000] {logging_mixin.py:188} INFO - [2024-05-27T03:22:58.104+0000] {dag.py:3954} INFO - Setting next_dagrun for example_subdag_operator.section-1 to None, run_after=None
[2024-05-27T03:22:58.105+0000] {logging_mixin.py:188} INFO - [2024-05-27T03:22:58.104+0000] {dag.py:3954} INFO - Setting next_dagrun for example_subdag_operator.section-2 to None, run_after=None
[2024-05-27T03:22:58.109+0000] {processor.py:183} INFO - Processing /home/airflow/.local/lib/python3.12/site-packages/airflow/example_dags/example_subdag_operator.py took 0.048 seconds
[2024-05-27T03:23:28.652+0000] {processor.py:161} INFO - Started process (PID=415) to work on /home/airflow/.local/lib/python3.12/site-packages/airflow/example_dags/example_subdag_operator.py
[2024-05-27T03:23:28.653+0000] {processor.py:830} INFO - Processing file /home/airflow/.local/lib/python3.12/site-packages/airflow/example_dags/example_subdag_operator.py for tasks to queue
[2024-05-27T03:23:28.654+0000] {logging_mixin.py:188} INFO - [2024-05-27T03:23:28.654+0000] {dagbag.py:545} INFO - Filling up the DagBag from /home/airflow/.local/lib/python3.12/site-packages/airflow/example_dags/example_subdag_operator.py
[2024-05-27T03:23:28.666+0000] {processor.py:840} INFO - DAG(s) 'example_subdag_operator.section-1', 'example_subdag_operator.section-2', 'example_subdag_operator' retrieved from /home/airflow/.local/lib/python3.12/site-packages/airflow/example_dags/example_subdag_operator.py
[2024-05-27T03:23:28.674+0000] {logging_mixin.py:188} INFO - [2024-05-27T03:23:28.673+0000] {dag.py:3096} INFO - Sync 3 DAGs
[2024-05-27T03:23:28.684+0000] {logging_mixin.py:188} INFO - [2024-05-27T03:23:28.684+0000] {dag.py:3954} INFO - Setting next_dagrun for example_subdag_operator to 2022-01-01 00:00:00+00:00, run_after=2022-01-01 00:00:00+00:00
[2024-05-27T03:23:28.686+0000] {logging_mixin.py:188} INFO - [2024-05-27T03:23:28.686+0000] {dag.py:3954} INFO - Setting next_dagrun for example_subdag_operator.section-1 to None, run_after=None
[2024-05-27T03:23:28.687+0000] {logging_mixin.py:188} INFO - [2024-05-27T03:23:28.687+0000] {dag.py:3954} INFO - Setting next_dagrun for example_subdag_operator.section-2 to None, run_after=None
[2024-05-27T03:23:28.690+0000] {logging_mixin.py:188} INFO - [2024-05-27T03:23:28.690+0000] {dag.py:3096} INFO - Sync 2 DAGs
[2024-05-27T03:23:28.693+0000] {logging_mixin.py:188} INFO - [2024-05-27T03:23:28.693+0000] {dag.py:3954} INFO - Setting next_dagrun for example_subdag_operator.section-1 to None, run_after=None
[2024-05-27T03:23:28.693+0000] {logging_mixin.py:188} INFO - [2024-05-27T03:23:28.693+0000] {dag.py:3954} INFO - Setting next_dagrun for example_subdag_operator.section-2 to None, run_after=None
[2024-05-27T03:23:28.698+0000] {processor.py:183} INFO - Processing /home/airflow/.local/lib/python3.12/site-packages/airflow/example_dags/example_subdag_operator.py took 0.049 seconds
[2024-05-27T03:23:59.213+0000] {processor.py:161} INFO - Started process (PID=474) to work on /home/airflow/.local/lib/python3.12/site-packages/airflow/example_dags/example_subdag_operator.py
[2024-05-27T03:23:59.214+0000] {processor.py:830} INFO - Processing file /home/airflow/.local/lib/python3.12/site-packages/airflow/example_dags/example_subdag_operator.py for tasks to queue
[2024-05-27T03:23:59.215+0000] {logging_mixin.py:188} INFO - [2024-05-27T03:23:59.215+0000] {dagbag.py:545} INFO - Filling up the DagBag from /home/airflow/.local/lib/python3.12/site-packages/airflow/example_dags/example_subdag_operator.py
[2024-05-27T03:23:59.226+0000] {processor.py:840} INFO - DAG(s) 'example_subdag_operator.section-1', 'example_subdag_operator.section-2', 'example_subdag_operator' retrieved from /home/airflow/.local/lib/python3.12/site-packages/airflow/example_dags/example_subdag_operator.py
[2024-05-27T03:23:59.233+0000] {logging_mixin.py:188} INFO - [2024-05-27T03:23:59.233+0000] {dag.py:3096} INFO - Sync 3 DAGs
[2024-05-27T03:23:59.243+0000] {logging_mixin.py:188} INFO - [2024-05-27T03:23:59.243+0000] {dag.py:3954} INFO - Setting next_dagrun for example_subdag_operator to 2022-01-01 00:00:00+00:00, run_after=2022-01-01 00:00:00+00:00
[2024-05-27T03:23:59.245+0000] {logging_mixin.py:188} INFO - [2024-05-27T03:23:59.245+0000] {dag.py:3954} INFO - Setting next_dagrun for example_subdag_operator.section-1 to None, run_after=None
[2024-05-27T03:23:59.246+0000] {logging_mixin.py:188} INFO - [2024-05-27T03:23:59.246+0000] {dag.py:3954} INFO - Setting next_dagrun for example_subdag_operator.section-2 to None, run_after=None
[2024-05-27T03:23:59.249+0000] {logging_mixin.py:188} INFO - [2024-05-27T03:23:59.249+0000] {dag.py:3096} INFO - Sync 2 DAGs
[2024-05-27T03:23:59.252+0000] {logging_mixin.py:188} INFO - [2024-05-27T03:23:59.252+0000] {dag.py:3954} INFO - Setting next_dagrun for example_subdag_operator.section-1 to None, run_after=None
[2024-05-27T03:23:59.252+0000] {logging_mixin.py:188} INFO - [2024-05-27T03:23:59.252+0000] {dag.py:3954} INFO - Setting next_dagrun for example_subdag_operator.section-2 to None, run_after=None
[2024-05-27T03:23:59.256+0000] {processor.py:183} INFO - Processing /home/airflow/.local/lib/python3.12/site-packages/airflow/example_dags/example_subdag_operator.py took 0.046 seconds
