[2024-05-27T02:56:57.412+0000] {processor.py:161} INFO - Started process (PID=67) to work on /home/airflow/.local/lib/python3.12/site-packages/airflow/example_dags/example_task_group_decorator.py
[2024-05-27T02:56:57.413+0000] {processor.py:830} INFO - Processing file /home/airflow/.local/lib/python3.12/site-packages/airflow/example_dags/example_task_group_decorator.py for tasks to queue
[2024-05-27T02:56:57.414+0000] {logging_mixin.py:188} INFO - [2024-05-27T02:56:57.414+0000] {dagbag.py:545} INFO - Filling up the DagBag from /home/airflow/.local/lib/python3.12/site-packages/airflow/example_dags/example_task_group_decorator.py
[2024-05-27T02:56:57.422+0000] {processor.py:840} INFO - DAG(s) 'example_task_group_decorator' retrieved from /home/airflow/.local/lib/python3.12/site-packages/airflow/example_dags/example_task_group_decorator.py
[2024-05-27T02:56:57.433+0000] {logging_mixin.py:188} INFO - [2024-05-27T02:56:57.432+0000] {dag.py:3096} INFO - Sync 1 DAGs
[2024-05-27T02:56:57.457+0000] {logging_mixin.py:188} INFO - [2024-05-27T02:56:57.457+0000] {dag.py:3954} INFO - Setting next_dagrun for example_task_group_decorator to 2024-05-26 00:00:00+00:00, run_after=2024-05-27 00:00:00+00:00
[2024-05-27T02:56:57.480+0000] {processor.py:183} INFO - Processing /home/airflow/.local/lib/python3.12/site-packages/airflow/example_dags/example_task_group_decorator.py took 0.071 seconds
[2024-05-27T02:57:27.630+0000] {processor.py:161} INFO - Started process (PID=126) to work on /home/airflow/.local/lib/python3.12/site-packages/airflow/example_dags/example_task_group_decorator.py
[2024-05-27T02:57:27.630+0000] {processor.py:830} INFO - Processing file /home/airflow/.local/lib/python3.12/site-packages/airflow/example_dags/example_task_group_decorator.py for tasks to queue
[2024-05-27T02:57:27.631+0000] {logging_mixin.py:188} INFO - [2024-05-27T02:57:27.631+0000] {dagbag.py:545} INFO - Filling up the DagBag from /home/airflow/.local/lib/python3.12/site-packages/airflow/example_dags/example_task_group_decorator.py
[2024-05-27T02:57:27.637+0000] {processor.py:840} INFO - DAG(s) 'example_task_group_decorator' retrieved from /home/airflow/.local/lib/python3.12/site-packages/airflow/example_dags/example_task_group_decorator.py
[2024-05-27T02:57:27.682+0000] {logging_mixin.py:188} INFO - [2024-05-27T02:57:27.682+0000] {dag.py:3096} INFO - Sync 1 DAGs
[2024-05-27T02:57:27.691+0000] {logging_mixin.py:188} INFO - [2024-05-27T02:57:27.691+0000] {dag.py:3954} INFO - Setting next_dagrun for example_task_group_decorator to 2024-05-26 00:00:00+00:00, run_after=2024-05-27 00:00:00+00:00
[2024-05-27T02:57:27.699+0000] {processor.py:183} INFO - Processing /home/airflow/.local/lib/python3.12/site-packages/airflow/example_dags/example_task_group_decorator.py took 0.072 seconds
[2024-05-27T02:57:58.368+0000] {processor.py:161} INFO - Started process (PID=185) to work on /home/airflow/.local/lib/python3.12/site-packages/airflow/example_dags/example_task_group_decorator.py
[2024-05-27T02:57:58.369+0000] {processor.py:830} INFO - Processing file /home/airflow/.local/lib/python3.12/site-packages/airflow/example_dags/example_task_group_decorator.py for tasks to queue
[2024-05-27T02:57:58.370+0000] {logging_mixin.py:188} INFO - [2024-05-27T02:57:58.370+0000] {dagbag.py:545} INFO - Filling up the DagBag from /home/airflow/.local/lib/python3.12/site-packages/airflow/example_dags/example_task_group_decorator.py
[2024-05-27T02:57:58.376+0000] {processor.py:840} INFO - DAG(s) 'example_task_group_decorator' retrieved from /home/airflow/.local/lib/python3.12/site-packages/airflow/example_dags/example_task_group_decorator.py
[2024-05-27T02:57:58.387+0000] {logging_mixin.py:188} INFO - [2024-05-27T02:57:58.387+0000] {dag.py:3096} INFO - Sync 1 DAGs
[2024-05-27T02:57:58.397+0000] {logging_mixin.py:188} INFO - [2024-05-27T02:57:58.397+0000] {dag.py:3954} INFO - Setting next_dagrun for example_task_group_decorator to 2024-05-26 00:00:00+00:00, run_after=2024-05-27 00:00:00+00:00
[2024-05-27T02:57:58.405+0000] {processor.py:183} INFO - Processing /home/airflow/.local/lib/python3.12/site-packages/airflow/example_dags/example_task_group_decorator.py took 0.040 seconds
[2024-05-27T02:58:28.993+0000] {processor.py:161} INFO - Started process (PID=244) to work on /home/airflow/.local/lib/python3.12/site-packages/airflow/example_dags/example_task_group_decorator.py
[2024-05-27T02:58:28.994+0000] {processor.py:830} INFO - Processing file /home/airflow/.local/lib/python3.12/site-packages/airflow/example_dags/example_task_group_decorator.py for tasks to queue
[2024-05-27T02:58:28.994+0000] {logging_mixin.py:188} INFO - [2024-05-27T02:58:28.994+0000] {dagbag.py:545} INFO - Filling up the DagBag from /home/airflow/.local/lib/python3.12/site-packages/airflow/example_dags/example_task_group_decorator.py
[2024-05-27T02:58:29.001+0000] {processor.py:840} INFO - DAG(s) 'example_task_group_decorator' retrieved from /home/airflow/.local/lib/python3.12/site-packages/airflow/example_dags/example_task_group_decorator.py
[2024-05-27T02:58:29.012+0000] {logging_mixin.py:188} INFO - [2024-05-27T02:58:29.012+0000] {dag.py:3096} INFO - Sync 1 DAGs
[2024-05-27T02:58:29.022+0000] {logging_mixin.py:188} INFO - [2024-05-27T02:58:29.022+0000] {dag.py:3954} INFO - Setting next_dagrun for example_task_group_decorator to 2024-05-26 00:00:00+00:00, run_after=2024-05-27 00:00:00+00:00
[2024-05-27T02:58:29.030+0000] {processor.py:183} INFO - Processing /home/airflow/.local/lib/python3.12/site-packages/airflow/example_dags/example_task_group_decorator.py took 0.040 seconds
[2024-05-27T02:58:59.585+0000] {processor.py:161} INFO - Started process (PID=303) to work on /home/airflow/.local/lib/python3.12/site-packages/airflow/example_dags/example_task_group_decorator.py
[2024-05-27T02:58:59.586+0000] {processor.py:830} INFO - Processing file /home/airflow/.local/lib/python3.12/site-packages/airflow/example_dags/example_task_group_decorator.py for tasks to queue
[2024-05-27T02:58:59.586+0000] {logging_mixin.py:188} INFO - [2024-05-27T02:58:59.586+0000] {dagbag.py:545} INFO - Filling up the DagBag from /home/airflow/.local/lib/python3.12/site-packages/airflow/example_dags/example_task_group_decorator.py
[2024-05-27T02:58:59.593+0000] {processor.py:840} INFO - DAG(s) 'example_task_group_decorator' retrieved from /home/airflow/.local/lib/python3.12/site-packages/airflow/example_dags/example_task_group_decorator.py
[2024-05-27T02:58:59.604+0000] {logging_mixin.py:188} INFO - [2024-05-27T02:58:59.604+0000] {dag.py:3096} INFO - Sync 1 DAGs
[2024-05-27T02:58:59.614+0000] {logging_mixin.py:188} INFO - [2024-05-27T02:58:59.614+0000] {dag.py:3954} INFO - Setting next_dagrun for example_task_group_decorator to 2024-05-26 00:00:00+00:00, run_after=2024-05-27 00:00:00+00:00
[2024-05-27T02:58:59.623+0000] {processor.py:183} INFO - Processing /home/airflow/.local/lib/python3.12/site-packages/airflow/example_dags/example_task_group_decorator.py took 0.041 seconds
[2024-05-27T02:59:30.096+0000] {processor.py:161} INFO - Started process (PID=362) to work on /home/airflow/.local/lib/python3.12/site-packages/airflow/example_dags/example_task_group_decorator.py
[2024-05-27T02:59:30.097+0000] {processor.py:830} INFO - Processing file /home/airflow/.local/lib/python3.12/site-packages/airflow/example_dags/example_task_group_decorator.py for tasks to queue
[2024-05-27T02:59:30.098+0000] {logging_mixin.py:188} INFO - [2024-05-27T02:59:30.098+0000] {dagbag.py:545} INFO - Filling up the DagBag from /home/airflow/.local/lib/python3.12/site-packages/airflow/example_dags/example_task_group_decorator.py
[2024-05-27T02:59:30.104+0000] {processor.py:840} INFO - DAG(s) 'example_task_group_decorator' retrieved from /home/airflow/.local/lib/python3.12/site-packages/airflow/example_dags/example_task_group_decorator.py
[2024-05-27T02:59:30.115+0000] {logging_mixin.py:188} INFO - [2024-05-27T02:59:30.115+0000] {dag.py:3096} INFO - Sync 1 DAGs
[2024-05-27T02:59:30.129+0000] {logging_mixin.py:188} INFO - [2024-05-27T02:59:30.129+0000] {dag.py:3954} INFO - Setting next_dagrun for example_task_group_decorator to 2024-05-26 00:00:00+00:00, run_after=2024-05-27 00:00:00+00:00
[2024-05-27T02:59:30.137+0000] {processor.py:183} INFO - Processing /home/airflow/.local/lib/python3.12/site-packages/airflow/example_dags/example_task_group_decorator.py took 0.044 seconds
[2024-05-27T03:00:00.622+0000] {processor.py:161} INFO - Started process (PID=421) to work on /home/airflow/.local/lib/python3.12/site-packages/airflow/example_dags/example_task_group_decorator.py
[2024-05-27T03:00:00.623+0000] {processor.py:830} INFO - Processing file /home/airflow/.local/lib/python3.12/site-packages/airflow/example_dags/example_task_group_decorator.py for tasks to queue
[2024-05-27T03:00:00.624+0000] {logging_mixin.py:188} INFO - [2024-05-27T03:00:00.623+0000] {dagbag.py:545} INFO - Filling up the DagBag from /home/airflow/.local/lib/python3.12/site-packages/airflow/example_dags/example_task_group_decorator.py
[2024-05-27T03:00:00.630+0000] {processor.py:840} INFO - DAG(s) 'example_task_group_decorator' retrieved from /home/airflow/.local/lib/python3.12/site-packages/airflow/example_dags/example_task_group_decorator.py
[2024-05-27T03:00:00.641+0000] {logging_mixin.py:188} INFO - [2024-05-27T03:00:00.641+0000] {dag.py:3096} INFO - Sync 1 DAGs
[2024-05-27T03:00:00.651+0000] {logging_mixin.py:188} INFO - [2024-05-27T03:00:00.651+0000] {dag.py:3954} INFO - Setting next_dagrun for example_task_group_decorator to 2024-05-26 00:00:00+00:00, run_after=2024-05-27 00:00:00+00:00
[2024-05-27T03:00:00.659+0000] {processor.py:183} INFO - Processing /home/airflow/.local/lib/python3.12/site-packages/airflow/example_dags/example_task_group_decorator.py took 0.040 seconds
[2024-05-27T03:00:31.228+0000] {processor.py:161} INFO - Started process (PID=480) to work on /home/airflow/.local/lib/python3.12/site-packages/airflow/example_dags/example_task_group_decorator.py
[2024-05-27T03:00:31.229+0000] {processor.py:830} INFO - Processing file /home/airflow/.local/lib/python3.12/site-packages/airflow/example_dags/example_task_group_decorator.py for tasks to queue
[2024-05-27T03:00:31.230+0000] {logging_mixin.py:188} INFO - [2024-05-27T03:00:31.230+0000] {dagbag.py:545} INFO - Filling up the DagBag from /home/airflow/.local/lib/python3.12/site-packages/airflow/example_dags/example_task_group_decorator.py
[2024-05-27T03:00:31.236+0000] {processor.py:840} INFO - DAG(s) 'example_task_group_decorator' retrieved from /home/airflow/.local/lib/python3.12/site-packages/airflow/example_dags/example_task_group_decorator.py
[2024-05-27T03:00:31.248+0000] {logging_mixin.py:188} INFO - [2024-05-27T03:00:31.248+0000] {dag.py:3096} INFO - Sync 1 DAGs
[2024-05-27T03:00:31.258+0000] {logging_mixin.py:188} INFO - [2024-05-27T03:00:31.258+0000] {dag.py:3954} INFO - Setting next_dagrun for example_task_group_decorator to 2024-05-26 00:00:00+00:00, run_after=2024-05-27 00:00:00+00:00
[2024-05-27T03:00:31.267+0000] {processor.py:183} INFO - Processing /home/airflow/.local/lib/python3.12/site-packages/airflow/example_dags/example_task_group_decorator.py took 0.041 seconds
[2024-05-27T03:01:01.801+0000] {processor.py:161} INFO - Started process (PID=538) to work on /home/airflow/.local/lib/python3.12/site-packages/airflow/example_dags/example_task_group_decorator.py
[2024-05-27T03:01:01.802+0000] {processor.py:830} INFO - Processing file /home/airflow/.local/lib/python3.12/site-packages/airflow/example_dags/example_task_group_decorator.py for tasks to queue
[2024-05-27T03:01:01.803+0000] {logging_mixin.py:188} INFO - [2024-05-27T03:01:01.803+0000] {dagbag.py:545} INFO - Filling up the DagBag from /home/airflow/.local/lib/python3.12/site-packages/airflow/example_dags/example_task_group_decorator.py
[2024-05-27T03:01:01.809+0000] {processor.py:840} INFO - DAG(s) 'example_task_group_decorator' retrieved from /home/airflow/.local/lib/python3.12/site-packages/airflow/example_dags/example_task_group_decorator.py
[2024-05-27T03:01:01.820+0000] {logging_mixin.py:188} INFO - [2024-05-27T03:01:01.820+0000] {dag.py:3096} INFO - Sync 1 DAGs
[2024-05-27T03:01:01.830+0000] {logging_mixin.py:188} INFO - [2024-05-27T03:01:01.830+0000] {dag.py:3954} INFO - Setting next_dagrun for example_task_group_decorator to 2024-05-26 00:00:00+00:00, run_after=2024-05-27 00:00:00+00:00
[2024-05-27T03:01:01.838+0000] {processor.py:183} INFO - Processing /home/airflow/.local/lib/python3.12/site-packages/airflow/example_dags/example_task_group_decorator.py took 0.039 seconds
[2024-05-27T03:01:32.395+0000] {processor.py:161} INFO - Started process (PID=597) to work on /home/airflow/.local/lib/python3.12/site-packages/airflow/example_dags/example_task_group_decorator.py
[2024-05-27T03:01:32.396+0000] {processor.py:830} INFO - Processing file /home/airflow/.local/lib/python3.12/site-packages/airflow/example_dags/example_task_group_decorator.py for tasks to queue
[2024-05-27T03:01:32.397+0000] {logging_mixin.py:188} INFO - [2024-05-27T03:01:32.397+0000] {dagbag.py:545} INFO - Filling up the DagBag from /home/airflow/.local/lib/python3.12/site-packages/airflow/example_dags/example_task_group_decorator.py
[2024-05-27T03:01:32.405+0000] {processor.py:840} INFO - DAG(s) 'example_task_group_decorator' retrieved from /home/airflow/.local/lib/python3.12/site-packages/airflow/example_dags/example_task_group_decorator.py
[2024-05-27T03:01:32.426+0000] {logging_mixin.py:188} INFO - [2024-05-27T03:01:32.426+0000] {dag.py:3096} INFO - Sync 1 DAGs
[2024-05-27T03:01:32.437+0000] {logging_mixin.py:188} INFO - [2024-05-27T03:01:32.437+0000] {dag.py:3954} INFO - Setting next_dagrun for example_task_group_decorator to 2024-05-26 00:00:00+00:00, run_after=2024-05-27 00:00:00+00:00
[2024-05-27T03:01:32.445+0000] {processor.py:183} INFO - Processing /home/airflow/.local/lib/python3.12/site-packages/airflow/example_dags/example_task_group_decorator.py took 0.054 seconds
[2024-05-27T03:02:03.011+0000] {processor.py:161} INFO - Started process (PID=656) to work on /home/airflow/.local/lib/python3.12/site-packages/airflow/example_dags/example_task_group_decorator.py
[2024-05-27T03:02:03.011+0000] {processor.py:830} INFO - Processing file /home/airflow/.local/lib/python3.12/site-packages/airflow/example_dags/example_task_group_decorator.py for tasks to queue
[2024-05-27T03:02:03.012+0000] {logging_mixin.py:188} INFO - [2024-05-27T03:02:03.012+0000] {dagbag.py:545} INFO - Filling up the DagBag from /home/airflow/.local/lib/python3.12/site-packages/airflow/example_dags/example_task_group_decorator.py
[2024-05-27T03:02:03.019+0000] {processor.py:840} INFO - DAG(s) 'example_task_group_decorator' retrieved from /home/airflow/.local/lib/python3.12/site-packages/airflow/example_dags/example_task_group_decorator.py
[2024-05-27T03:02:03.030+0000] {logging_mixin.py:188} INFO - [2024-05-27T03:02:03.030+0000] {dag.py:3096} INFO - Sync 1 DAGs
[2024-05-27T03:02:03.040+0000] {logging_mixin.py:188} INFO - [2024-05-27T03:02:03.040+0000] {dag.py:3954} INFO - Setting next_dagrun for example_task_group_decorator to 2024-05-26 00:00:00+00:00, run_after=2024-05-27 00:00:00+00:00
[2024-05-27T03:02:03.048+0000] {processor.py:183} INFO - Processing /home/airflow/.local/lib/python3.12/site-packages/airflow/example_dags/example_task_group_decorator.py took 0.040 seconds
[2024-05-27T03:02:33.574+0000] {processor.py:161} INFO - Started process (PID=715) to work on /home/airflow/.local/lib/python3.12/site-packages/airflow/example_dags/example_task_group_decorator.py
[2024-05-27T03:02:33.575+0000] {processor.py:830} INFO - Processing file /home/airflow/.local/lib/python3.12/site-packages/airflow/example_dags/example_task_group_decorator.py for tasks to queue
[2024-05-27T03:02:33.575+0000] {logging_mixin.py:188} INFO - [2024-05-27T03:02:33.575+0000] {dagbag.py:545} INFO - Filling up the DagBag from /home/airflow/.local/lib/python3.12/site-packages/airflow/example_dags/example_task_group_decorator.py
[2024-05-27T03:02:33.582+0000] {processor.py:840} INFO - DAG(s) 'example_task_group_decorator' retrieved from /home/airflow/.local/lib/python3.12/site-packages/airflow/example_dags/example_task_group_decorator.py
[2024-05-27T03:02:33.593+0000] {logging_mixin.py:188} INFO - [2024-05-27T03:02:33.593+0000] {dag.py:3096} INFO - Sync 1 DAGs
[2024-05-27T03:02:33.603+0000] {logging_mixin.py:188} INFO - [2024-05-27T03:02:33.603+0000] {dag.py:3954} INFO - Setting next_dagrun for example_task_group_decorator to 2024-05-26 00:00:00+00:00, run_after=2024-05-27 00:00:00+00:00
[2024-05-27T03:02:33.612+0000] {processor.py:183} INFO - Processing /home/airflow/.local/lib/python3.12/site-packages/airflow/example_dags/example_task_group_decorator.py took 0.041 seconds
[2024-05-27T03:03:04.144+0000] {processor.py:161} INFO - Started process (PID=774) to work on /home/airflow/.local/lib/python3.12/site-packages/airflow/example_dags/example_task_group_decorator.py
[2024-05-27T03:03:04.145+0000] {processor.py:830} INFO - Processing file /home/airflow/.local/lib/python3.12/site-packages/airflow/example_dags/example_task_group_decorator.py for tasks to queue
[2024-05-27T03:03:04.145+0000] {logging_mixin.py:188} INFO - [2024-05-27T03:03:04.145+0000] {dagbag.py:545} INFO - Filling up the DagBag from /home/airflow/.local/lib/python3.12/site-packages/airflow/example_dags/example_task_group_decorator.py
[2024-05-27T03:03:04.152+0000] {processor.py:840} INFO - DAG(s) 'example_task_group_decorator' retrieved from /home/airflow/.local/lib/python3.12/site-packages/airflow/example_dags/example_task_group_decorator.py
[2024-05-27T03:03:04.163+0000] {logging_mixin.py:188} INFO - [2024-05-27T03:03:04.163+0000] {dag.py:3096} INFO - Sync 1 DAGs
[2024-05-27T03:03:04.172+0000] {logging_mixin.py:188} INFO - [2024-05-27T03:03:04.172+0000] {dag.py:3954} INFO - Setting next_dagrun for example_task_group_decorator to 2024-05-26 00:00:00+00:00, run_after=2024-05-27 00:00:00+00:00
[2024-05-27T03:03:04.180+0000] {processor.py:183} INFO - Processing /home/airflow/.local/lib/python3.12/site-packages/airflow/example_dags/example_task_group_decorator.py took 0.039 seconds
[2024-05-27T03:03:34.748+0000] {processor.py:161} INFO - Started process (PID=833) to work on /home/airflow/.local/lib/python3.12/site-packages/airflow/example_dags/example_task_group_decorator.py
[2024-05-27T03:03:34.748+0000] {processor.py:830} INFO - Processing file /home/airflow/.local/lib/python3.12/site-packages/airflow/example_dags/example_task_group_decorator.py for tasks to queue
[2024-05-27T03:03:34.749+0000] {logging_mixin.py:188} INFO - [2024-05-27T03:03:34.749+0000] {dagbag.py:545} INFO - Filling up the DagBag from /home/airflow/.local/lib/python3.12/site-packages/airflow/example_dags/example_task_group_decorator.py
[2024-05-27T03:03:34.757+0000] {processor.py:840} INFO - DAG(s) 'example_task_group_decorator' retrieved from /home/airflow/.local/lib/python3.12/site-packages/airflow/example_dags/example_task_group_decorator.py
[2024-05-27T03:03:34.771+0000] {logging_mixin.py:188} INFO - [2024-05-27T03:03:34.770+0000] {dag.py:3096} INFO - Sync 1 DAGs
[2024-05-27T03:03:34.782+0000] {logging_mixin.py:188} INFO - [2024-05-27T03:03:34.782+0000] {dag.py:3954} INFO - Setting next_dagrun for example_task_group_decorator to 2024-05-26 00:00:00+00:00, run_after=2024-05-27 00:00:00+00:00
[2024-05-27T03:03:34.791+0000] {processor.py:183} INFO - Processing /home/airflow/.local/lib/python3.12/site-packages/airflow/example_dags/example_task_group_decorator.py took 0.046 seconds
[2024-05-27T03:04:05.577+0000] {processor.py:161} INFO - Started process (PID=891) to work on /home/airflow/.local/lib/python3.12/site-packages/airflow/example_dags/example_task_group_decorator.py
[2024-05-27T03:04:05.578+0000] {processor.py:830} INFO - Processing file /home/airflow/.local/lib/python3.12/site-packages/airflow/example_dags/example_task_group_decorator.py for tasks to queue
[2024-05-27T03:04:05.579+0000] {logging_mixin.py:188} INFO - [2024-05-27T03:04:05.579+0000] {dagbag.py:545} INFO - Filling up the DagBag from /home/airflow/.local/lib/python3.12/site-packages/airflow/example_dags/example_task_group_decorator.py
[2024-05-27T03:04:05.585+0000] {processor.py:840} INFO - DAG(s) 'example_task_group_decorator' retrieved from /home/airflow/.local/lib/python3.12/site-packages/airflow/example_dags/example_task_group_decorator.py
[2024-05-27T03:04:05.596+0000] {logging_mixin.py:188} INFO - [2024-05-27T03:04:05.596+0000] {dag.py:3096} INFO - Sync 1 DAGs
[2024-05-27T03:04:05.606+0000] {logging_mixin.py:188} INFO - [2024-05-27T03:04:05.606+0000] {dag.py:3954} INFO - Setting next_dagrun for example_task_group_decorator to 2024-05-26 00:00:00+00:00, run_after=2024-05-27 00:00:00+00:00
[2024-05-27T03:04:05.614+0000] {processor.py:183} INFO - Processing /home/airflow/.local/lib/python3.12/site-packages/airflow/example_dags/example_task_group_decorator.py took 0.039 seconds
[2024-05-27T03:04:36.210+0000] {processor.py:161} INFO - Started process (PID=950) to work on /home/airflow/.local/lib/python3.12/site-packages/airflow/example_dags/example_task_group_decorator.py
[2024-05-27T03:04:36.211+0000] {processor.py:830} INFO - Processing file /home/airflow/.local/lib/python3.12/site-packages/airflow/example_dags/example_task_group_decorator.py for tasks to queue
[2024-05-27T03:04:36.212+0000] {logging_mixin.py:188} INFO - [2024-05-27T03:04:36.212+0000] {dagbag.py:545} INFO - Filling up the DagBag from /home/airflow/.local/lib/python3.12/site-packages/airflow/example_dags/example_task_group_decorator.py
[2024-05-27T03:04:36.219+0000] {processor.py:840} INFO - DAG(s) 'example_task_group_decorator' retrieved from /home/airflow/.local/lib/python3.12/site-packages/airflow/example_dags/example_task_group_decorator.py
[2024-05-27T03:04:36.231+0000] {logging_mixin.py:188} INFO - [2024-05-27T03:04:36.231+0000] {dag.py:3096} INFO - Sync 1 DAGs
[2024-05-27T03:04:36.242+0000] {logging_mixin.py:188} INFO - [2024-05-27T03:04:36.242+0000] {dag.py:3954} INFO - Setting next_dagrun for example_task_group_decorator to 2024-05-26 00:00:00+00:00, run_after=2024-05-27 00:00:00+00:00
[2024-05-27T03:04:36.251+0000] {processor.py:183} INFO - Processing /home/airflow/.local/lib/python3.12/site-packages/airflow/example_dags/example_task_group_decorator.py took 0.044 seconds
[2024-05-27T03:05:06.886+0000] {processor.py:161} INFO - Started process (PID=1009) to work on /home/airflow/.local/lib/python3.12/site-packages/airflow/example_dags/example_task_group_decorator.py
[2024-05-27T03:05:06.886+0000] {processor.py:830} INFO - Processing file /home/airflow/.local/lib/python3.12/site-packages/airflow/example_dags/example_task_group_decorator.py for tasks to queue
[2024-05-27T03:05:06.887+0000] {logging_mixin.py:188} INFO - [2024-05-27T03:05:06.887+0000] {dagbag.py:545} INFO - Filling up the DagBag from /home/airflow/.local/lib/python3.12/site-packages/airflow/example_dags/example_task_group_decorator.py
[2024-05-27T03:05:06.894+0000] {processor.py:840} INFO - DAG(s) 'example_task_group_decorator' retrieved from /home/airflow/.local/lib/python3.12/site-packages/airflow/example_dags/example_task_group_decorator.py
[2024-05-27T03:05:06.905+0000] {logging_mixin.py:188} INFO - [2024-05-27T03:05:06.905+0000] {dag.py:3096} INFO - Sync 1 DAGs
[2024-05-27T03:05:06.916+0000] {logging_mixin.py:188} INFO - [2024-05-27T03:05:06.916+0000] {dag.py:3954} INFO - Setting next_dagrun for example_task_group_decorator to 2024-05-26 00:00:00+00:00, run_after=2024-05-27 00:00:00+00:00
[2024-05-27T03:05:06.924+0000] {processor.py:183} INFO - Processing /home/airflow/.local/lib/python3.12/site-packages/airflow/example_dags/example_task_group_decorator.py took 0.041 seconds
[2024-05-27T03:05:37.453+0000] {processor.py:161} INFO - Started process (PID=1068) to work on /home/airflow/.local/lib/python3.12/site-packages/airflow/example_dags/example_task_group_decorator.py
[2024-05-27T03:05:37.453+0000] {processor.py:830} INFO - Processing file /home/airflow/.local/lib/python3.12/site-packages/airflow/example_dags/example_task_group_decorator.py for tasks to queue
[2024-05-27T03:05:37.454+0000] {logging_mixin.py:188} INFO - [2024-05-27T03:05:37.454+0000] {dagbag.py:545} INFO - Filling up the DagBag from /home/airflow/.local/lib/python3.12/site-packages/airflow/example_dags/example_task_group_decorator.py
[2024-05-27T03:05:37.460+0000] {processor.py:840} INFO - DAG(s) 'example_task_group_decorator' retrieved from /home/airflow/.local/lib/python3.12/site-packages/airflow/example_dags/example_task_group_decorator.py
[2024-05-27T03:05:37.472+0000] {logging_mixin.py:188} INFO - [2024-05-27T03:05:37.472+0000] {dag.py:3096} INFO - Sync 1 DAGs
[2024-05-27T03:05:37.482+0000] {logging_mixin.py:188} INFO - [2024-05-27T03:05:37.482+0000] {dag.py:3954} INFO - Setting next_dagrun for example_task_group_decorator to 2024-05-26 00:00:00+00:00, run_after=2024-05-27 00:00:00+00:00
[2024-05-27T03:05:37.490+0000] {processor.py:183} INFO - Processing /home/airflow/.local/lib/python3.12/site-packages/airflow/example_dags/example_task_group_decorator.py took 0.040 seconds
[2024-05-27T03:06:08.134+0000] {processor.py:161} INFO - Started process (PID=1127) to work on /home/airflow/.local/lib/python3.12/site-packages/airflow/example_dags/example_task_group_decorator.py
[2024-05-27T03:06:08.136+0000] {processor.py:830} INFO - Processing file /home/airflow/.local/lib/python3.12/site-packages/airflow/example_dags/example_task_group_decorator.py for tasks to queue
[2024-05-27T03:06:08.137+0000] {logging_mixin.py:188} INFO - [2024-05-27T03:06:08.137+0000] {dagbag.py:545} INFO - Filling up the DagBag from /home/airflow/.local/lib/python3.12/site-packages/airflow/example_dags/example_task_group_decorator.py
[2024-05-27T03:06:08.144+0000] {processor.py:840} INFO - DAG(s) 'example_task_group_decorator' retrieved from /home/airflow/.local/lib/python3.12/site-packages/airflow/example_dags/example_task_group_decorator.py
[2024-05-27T03:06:08.155+0000] {logging_mixin.py:188} INFO - [2024-05-27T03:06:08.155+0000] {dag.py:3096} INFO - Sync 1 DAGs
[2024-05-27T03:06:08.166+0000] {logging_mixin.py:188} INFO - [2024-05-27T03:06:08.166+0000] {dag.py:3954} INFO - Setting next_dagrun for example_task_group_decorator to 2024-05-26 00:00:00+00:00, run_after=2024-05-27 00:00:00+00:00
[2024-05-27T03:06:08.174+0000] {processor.py:183} INFO - Processing /home/airflow/.local/lib/python3.12/site-packages/airflow/example_dags/example_task_group_decorator.py took 0.043 seconds
[2024-05-27T03:06:38.766+0000] {processor.py:161} INFO - Started process (PID=1186) to work on /home/airflow/.local/lib/python3.12/site-packages/airflow/example_dags/example_task_group_decorator.py
[2024-05-27T03:06:38.767+0000] {processor.py:830} INFO - Processing file /home/airflow/.local/lib/python3.12/site-packages/airflow/example_dags/example_task_group_decorator.py for tasks to queue
[2024-05-27T03:06:38.768+0000] {logging_mixin.py:188} INFO - [2024-05-27T03:06:38.767+0000] {dagbag.py:545} INFO - Filling up the DagBag from /home/airflow/.local/lib/python3.12/site-packages/airflow/example_dags/example_task_group_decorator.py
[2024-05-27T03:06:38.774+0000] {processor.py:840} INFO - DAG(s) 'example_task_group_decorator' retrieved from /home/airflow/.local/lib/python3.12/site-packages/airflow/example_dags/example_task_group_decorator.py
[2024-05-27T03:06:38.785+0000] {logging_mixin.py:188} INFO - [2024-05-27T03:06:38.785+0000] {dag.py:3096} INFO - Sync 1 DAGs
[2024-05-27T03:06:38.795+0000] {logging_mixin.py:188} INFO - [2024-05-27T03:06:38.795+0000] {dag.py:3954} INFO - Setting next_dagrun for example_task_group_decorator to 2024-05-26 00:00:00+00:00, run_after=2024-05-27 00:00:00+00:00
[2024-05-27T03:06:38.804+0000] {processor.py:183} INFO - Processing /home/airflow/.local/lib/python3.12/site-packages/airflow/example_dags/example_task_group_decorator.py took 0.041 seconds
[2024-05-27T03:07:09.348+0000] {processor.py:161} INFO - Started process (PID=1245) to work on /home/airflow/.local/lib/python3.12/site-packages/airflow/example_dags/example_task_group_decorator.py
[2024-05-27T03:07:09.349+0000] {processor.py:830} INFO - Processing file /home/airflow/.local/lib/python3.12/site-packages/airflow/example_dags/example_task_group_decorator.py for tasks to queue
[2024-05-27T03:07:09.350+0000] {logging_mixin.py:188} INFO - [2024-05-27T03:07:09.350+0000] {dagbag.py:545} INFO - Filling up the DagBag from /home/airflow/.local/lib/python3.12/site-packages/airflow/example_dags/example_task_group_decorator.py
[2024-05-27T03:07:09.356+0000] {processor.py:840} INFO - DAG(s) 'example_task_group_decorator' retrieved from /home/airflow/.local/lib/python3.12/site-packages/airflow/example_dags/example_task_group_decorator.py
[2024-05-27T03:07:09.368+0000] {logging_mixin.py:188} INFO - [2024-05-27T03:07:09.368+0000] {dag.py:3096} INFO - Sync 1 DAGs
[2024-05-27T03:07:09.379+0000] {logging_mixin.py:188} INFO - [2024-05-27T03:07:09.379+0000] {dag.py:3954} INFO - Setting next_dagrun for example_task_group_decorator to 2024-05-26 00:00:00+00:00, run_after=2024-05-27 00:00:00+00:00
[2024-05-27T03:07:09.391+0000] {processor.py:183} INFO - Processing /home/airflow/.local/lib/python3.12/site-packages/airflow/example_dags/example_task_group_decorator.py took 0.046 seconds
[2024-05-27T03:07:40.049+0000] {processor.py:161} INFO - Started process (PID=1304) to work on /home/airflow/.local/lib/python3.12/site-packages/airflow/example_dags/example_task_group_decorator.py
[2024-05-27T03:07:40.050+0000] {processor.py:830} INFO - Processing file /home/airflow/.local/lib/python3.12/site-packages/airflow/example_dags/example_task_group_decorator.py for tasks to queue
[2024-05-27T03:07:40.051+0000] {logging_mixin.py:188} INFO - [2024-05-27T03:07:40.050+0000] {dagbag.py:545} INFO - Filling up the DagBag from /home/airflow/.local/lib/python3.12/site-packages/airflow/example_dags/example_task_group_decorator.py
[2024-05-27T03:07:40.057+0000] {processor.py:840} INFO - DAG(s) 'example_task_group_decorator' retrieved from /home/airflow/.local/lib/python3.12/site-packages/airflow/example_dags/example_task_group_decorator.py
[2024-05-27T03:07:40.068+0000] {logging_mixin.py:188} INFO - [2024-05-27T03:07:40.068+0000] {dag.py:3096} INFO - Sync 1 DAGs
[2024-05-27T03:07:40.078+0000] {logging_mixin.py:188} INFO - [2024-05-27T03:07:40.078+0000] {dag.py:3954} INFO - Setting next_dagrun for example_task_group_decorator to 2024-05-26 00:00:00+00:00, run_after=2024-05-27 00:00:00+00:00
[2024-05-27T03:07:40.086+0000] {processor.py:183} INFO - Processing /home/airflow/.local/lib/python3.12/site-packages/airflow/example_dags/example_task_group_decorator.py took 0.040 seconds
[2024-05-27T03:08:37.672+0000] {processor.py:161} INFO - Started process (PID=67) to work on /home/airflow/.local/lib/python3.12/site-packages/airflow/example_dags/example_task_group_decorator.py
[2024-05-27T03:08:37.675+0000] {processor.py:830} INFO - Processing file /home/airflow/.local/lib/python3.12/site-packages/airflow/example_dags/example_task_group_decorator.py for tasks to queue
[2024-05-27T03:08:37.677+0000] {logging_mixin.py:188} INFO - [2024-05-27T03:08:37.677+0000] {dagbag.py:545} INFO - Filling up the DagBag from /home/airflow/.local/lib/python3.12/site-packages/airflow/example_dags/example_task_group_decorator.py
[2024-05-27T03:08:37.690+0000] {processor.py:840} INFO - DAG(s) 'example_task_group_decorator' retrieved from /home/airflow/.local/lib/python3.12/site-packages/airflow/example_dags/example_task_group_decorator.py
[2024-05-27T03:08:37.701+0000] {logging_mixin.py:188} INFO - [2024-05-27T03:08:37.701+0000] {dag.py:3096} INFO - Sync 1 DAGs
[2024-05-27T03:08:37.716+0000] {logging_mixin.py:188} INFO - [2024-05-27T03:08:37.716+0000] {dag.py:3954} INFO - Setting next_dagrun for example_task_group_decorator to 2024-05-26 00:00:00+00:00, run_after=2024-05-27 00:00:00+00:00
[2024-05-27T03:08:37.731+0000] {processor.py:183} INFO - Processing /home/airflow/.local/lib/python3.12/site-packages/airflow/example_dags/example_task_group_decorator.py took 0.065 seconds
[2024-05-27T03:09:08.139+0000] {processor.py:161} INFO - Started process (PID=126) to work on /home/airflow/.local/lib/python3.12/site-packages/airflow/example_dags/example_task_group_decorator.py
[2024-05-27T03:09:08.140+0000] {processor.py:830} INFO - Processing file /home/airflow/.local/lib/python3.12/site-packages/airflow/example_dags/example_task_group_decorator.py for tasks to queue
[2024-05-27T03:09:08.141+0000] {logging_mixin.py:188} INFO - [2024-05-27T03:09:08.141+0000] {dagbag.py:545} INFO - Filling up the DagBag from /home/airflow/.local/lib/python3.12/site-packages/airflow/example_dags/example_task_group_decorator.py
[2024-05-27T03:09:08.147+0000] {processor.py:840} INFO - DAG(s) 'example_task_group_decorator' retrieved from /home/airflow/.local/lib/python3.12/site-packages/airflow/example_dags/example_task_group_decorator.py
[2024-05-27T03:09:08.193+0000] {logging_mixin.py:188} INFO - [2024-05-27T03:09:08.193+0000] {dag.py:3096} INFO - Sync 1 DAGs
[2024-05-27T03:09:08.202+0000] {logging_mixin.py:188} INFO - [2024-05-27T03:09:08.202+0000] {dag.py:3954} INFO - Setting next_dagrun for example_task_group_decorator to 2024-05-26 00:00:00+00:00, run_after=2024-05-27 00:00:00+00:00
[2024-05-27T03:09:08.210+0000] {processor.py:183} INFO - Processing /home/airflow/.local/lib/python3.12/site-packages/airflow/example_dags/example_task_group_decorator.py took 0.074 seconds
[2024-05-27T03:09:38.873+0000] {processor.py:161} INFO - Started process (PID=185) to work on /home/airflow/.local/lib/python3.12/site-packages/airflow/example_dags/example_task_group_decorator.py
[2024-05-27T03:09:38.874+0000] {processor.py:830} INFO - Processing file /home/airflow/.local/lib/python3.12/site-packages/airflow/example_dags/example_task_group_decorator.py for tasks to queue
[2024-05-27T03:09:38.876+0000] {logging_mixin.py:188} INFO - [2024-05-27T03:09:38.875+0000] {dagbag.py:545} INFO - Filling up the DagBag from /home/airflow/.local/lib/python3.12/site-packages/airflow/example_dags/example_task_group_decorator.py
[2024-05-27T03:09:38.882+0000] {processor.py:840} INFO - DAG(s) 'example_task_group_decorator' retrieved from /home/airflow/.local/lib/python3.12/site-packages/airflow/example_dags/example_task_group_decorator.py
[2024-05-27T03:09:38.894+0000] {logging_mixin.py:188} INFO - [2024-05-27T03:09:38.894+0000] {dag.py:3096} INFO - Sync 1 DAGs
[2024-05-27T03:09:38.905+0000] {logging_mixin.py:188} INFO - [2024-05-27T03:09:38.905+0000] {dag.py:3954} INFO - Setting next_dagrun for example_task_group_decorator to 2024-05-26 00:00:00+00:00, run_after=2024-05-27 00:00:00+00:00
[2024-05-27T03:09:38.912+0000] {processor.py:183} INFO - Processing /home/airflow/.local/lib/python3.12/site-packages/airflow/example_dags/example_task_group_decorator.py took 0.042 seconds
[2024-05-27T03:10:09.474+0000] {processor.py:161} INFO - Started process (PID=244) to work on /home/airflow/.local/lib/python3.12/site-packages/airflow/example_dags/example_task_group_decorator.py
[2024-05-27T03:10:09.475+0000] {processor.py:830} INFO - Processing file /home/airflow/.local/lib/python3.12/site-packages/airflow/example_dags/example_task_group_decorator.py for tasks to queue
[2024-05-27T03:10:09.477+0000] {logging_mixin.py:188} INFO - [2024-05-27T03:10:09.477+0000] {dagbag.py:545} INFO - Filling up the DagBag from /home/airflow/.local/lib/python3.12/site-packages/airflow/example_dags/example_task_group_decorator.py
[2024-05-27T03:10:09.484+0000] {processor.py:840} INFO - DAG(s) 'example_task_group_decorator' retrieved from /home/airflow/.local/lib/python3.12/site-packages/airflow/example_dags/example_task_group_decorator.py
[2024-05-27T03:10:09.499+0000] {logging_mixin.py:188} INFO - [2024-05-27T03:10:09.498+0000] {dag.py:3096} INFO - Sync 1 DAGs
[2024-05-27T03:10:09.511+0000] {logging_mixin.py:188} INFO - [2024-05-27T03:10:09.511+0000] {dag.py:3954} INFO - Setting next_dagrun for example_task_group_decorator to 2024-05-26 00:00:00+00:00, run_after=2024-05-27 00:00:00+00:00
[2024-05-27T03:10:09.544+0000] {processor.py:183} INFO - Processing /home/airflow/.local/lib/python3.12/site-packages/airflow/example_dags/example_task_group_decorator.py took 0.073 seconds
[2024-05-27T03:20:25.291+0000] {processor.py:161} INFO - Started process (PID=67) to work on /home/airflow/.local/lib/python3.12/site-packages/airflow/example_dags/example_task_group_decorator.py
[2024-05-27T03:20:25.292+0000] {processor.py:830} INFO - Processing file /home/airflow/.local/lib/python3.12/site-packages/airflow/example_dags/example_task_group_decorator.py for tasks to queue
[2024-05-27T03:20:25.293+0000] {logging_mixin.py:188} INFO - [2024-05-27T03:20:25.293+0000] {dagbag.py:545} INFO - Filling up the DagBag from /home/airflow/.local/lib/python3.12/site-packages/airflow/example_dags/example_task_group_decorator.py
[2024-05-27T03:20:25.301+0000] {processor.py:840} INFO - DAG(s) 'example_task_group_decorator' retrieved from /home/airflow/.local/lib/python3.12/site-packages/airflow/example_dags/example_task_group_decorator.py
[2024-05-27T03:20:25.310+0000] {logging_mixin.py:188} INFO - [2024-05-27T03:20:25.310+0000] {dag.py:3096} INFO - Sync 1 DAGs
[2024-05-27T03:20:25.329+0000] {logging_mixin.py:188} INFO - [2024-05-27T03:20:25.329+0000] {dag.py:3954} INFO - Setting next_dagrun for example_task_group_decorator to 2024-05-26 00:00:00+00:00, run_after=2024-05-27 00:00:00+00:00
[2024-05-27T03:20:25.354+0000] {processor.py:183} INFO - Processing /home/airflow/.local/lib/python3.12/site-packages/airflow/example_dags/example_task_group_decorator.py took 0.067 seconds
[2024-05-27T03:20:55.622+0000] {processor.py:161} INFO - Started process (PID=125) to work on /home/airflow/.local/lib/python3.12/site-packages/airflow/example_dags/example_task_group_decorator.py
[2024-05-27T03:20:55.623+0000] {processor.py:830} INFO - Processing file /home/airflow/.local/lib/python3.12/site-packages/airflow/example_dags/example_task_group_decorator.py for tasks to queue
[2024-05-27T03:20:55.624+0000] {logging_mixin.py:188} INFO - [2024-05-27T03:20:55.624+0000] {dagbag.py:545} INFO - Filling up the DagBag from /home/airflow/.local/lib/python3.12/site-packages/airflow/example_dags/example_task_group_decorator.py
[2024-05-27T03:20:55.630+0000] {processor.py:840} INFO - DAG(s) 'example_task_group_decorator' retrieved from /home/airflow/.local/lib/python3.12/site-packages/airflow/example_dags/example_task_group_decorator.py
[2024-05-27T03:20:55.677+0000] {logging_mixin.py:188} INFO - [2024-05-27T03:20:55.677+0000] {dag.py:3096} INFO - Sync 1 DAGs
[2024-05-27T03:20:55.687+0000] {logging_mixin.py:188} INFO - [2024-05-27T03:20:55.687+0000] {dag.py:3954} INFO - Setting next_dagrun for example_task_group_decorator to 2024-05-26 00:00:00+00:00, run_after=2024-05-27 00:00:00+00:00
[2024-05-27T03:20:55.696+0000] {processor.py:183} INFO - Processing /home/airflow/.local/lib/python3.12/site-packages/airflow/example_dags/example_task_group_decorator.py took 0.077 seconds
[2024-05-27T03:21:26.313+0000] {processor.py:161} INFO - Started process (PID=184) to work on /home/airflow/.local/lib/python3.12/site-packages/airflow/example_dags/example_task_group_decorator.py
[2024-05-27T03:21:26.314+0000] {processor.py:830} INFO - Processing file /home/airflow/.local/lib/python3.12/site-packages/airflow/example_dags/example_task_group_decorator.py for tasks to queue
[2024-05-27T03:21:26.315+0000] {logging_mixin.py:188} INFO - [2024-05-27T03:21:26.315+0000] {dagbag.py:545} INFO - Filling up the DagBag from /home/airflow/.local/lib/python3.12/site-packages/airflow/example_dags/example_task_group_decorator.py
[2024-05-27T03:21:26.321+0000] {processor.py:840} INFO - DAG(s) 'example_task_group_decorator' retrieved from /home/airflow/.local/lib/python3.12/site-packages/airflow/example_dags/example_task_group_decorator.py
[2024-05-27T03:21:26.332+0000] {logging_mixin.py:188} INFO - [2024-05-27T03:21:26.332+0000] {dag.py:3096} INFO - Sync 1 DAGs
[2024-05-27T03:21:26.346+0000] {logging_mixin.py:188} INFO - [2024-05-27T03:21:26.346+0000] {dag.py:3954} INFO - Setting next_dagrun for example_task_group_decorator to 2024-05-26 00:00:00+00:00, run_after=2024-05-27 00:00:00+00:00
[2024-05-27T03:21:26.354+0000] {processor.py:183} INFO - Processing /home/airflow/.local/lib/python3.12/site-packages/airflow/example_dags/example_task_group_decorator.py took 0.044 seconds
[2024-05-27T03:21:56.873+0000] {processor.py:161} INFO - Started process (PID=244) to work on /home/airflow/.local/lib/python3.12/site-packages/airflow/example_dags/example_task_group_decorator.py
[2024-05-27T03:21:56.874+0000] {processor.py:830} INFO - Processing file /home/airflow/.local/lib/python3.12/site-packages/airflow/example_dags/example_task_group_decorator.py for tasks to queue
[2024-05-27T03:21:56.875+0000] {logging_mixin.py:188} INFO - [2024-05-27T03:21:56.875+0000] {dagbag.py:545} INFO - Filling up the DagBag from /home/airflow/.local/lib/python3.12/site-packages/airflow/example_dags/example_task_group_decorator.py
[2024-05-27T03:21:56.882+0000] {processor.py:840} INFO - DAG(s) 'example_task_group_decorator' retrieved from /home/airflow/.local/lib/python3.12/site-packages/airflow/example_dags/example_task_group_decorator.py
[2024-05-27T03:21:56.894+0000] {logging_mixin.py:188} INFO - [2024-05-27T03:21:56.893+0000] {dag.py:3096} INFO - Sync 1 DAGs
[2024-05-27T03:21:56.904+0000] {logging_mixin.py:188} INFO - [2024-05-27T03:21:56.904+0000] {dag.py:3954} INFO - Setting next_dagrun for example_task_group_decorator to 2024-05-26 00:00:00+00:00, run_after=2024-05-27 00:00:00+00:00
[2024-05-27T03:21:56.912+0000] {processor.py:183} INFO - Processing /home/airflow/.local/lib/python3.12/site-packages/airflow/example_dags/example_task_group_decorator.py took 0.042 seconds
[2024-05-27T03:22:27.570+0000] {processor.py:161} INFO - Started process (PID=303) to work on /home/airflow/.local/lib/python3.12/site-packages/airflow/example_dags/example_task_group_decorator.py
[2024-05-27T03:22:27.571+0000] {processor.py:830} INFO - Processing file /home/airflow/.local/lib/python3.12/site-packages/airflow/example_dags/example_task_group_decorator.py for tasks to queue
[2024-05-27T03:22:27.573+0000] {logging_mixin.py:188} INFO - [2024-05-27T03:22:27.572+0000] {dagbag.py:545} INFO - Filling up the DagBag from /home/airflow/.local/lib/python3.12/site-packages/airflow/example_dags/example_task_group_decorator.py
[2024-05-27T03:22:27.579+0000] {processor.py:840} INFO - DAG(s) 'example_task_group_decorator' retrieved from /home/airflow/.local/lib/python3.12/site-packages/airflow/example_dags/example_task_group_decorator.py
[2024-05-27T03:22:27.590+0000] {logging_mixin.py:188} INFO - [2024-05-27T03:22:27.590+0000] {dag.py:3096} INFO - Sync 1 DAGs
[2024-05-27T03:22:27.600+0000] {logging_mixin.py:188} INFO - [2024-05-27T03:22:27.599+0000] {dag.py:3954} INFO - Setting next_dagrun for example_task_group_decorator to 2024-05-26 00:00:00+00:00, run_after=2024-05-27 00:00:00+00:00
[2024-05-27T03:22:27.608+0000] {processor.py:183} INFO - Processing /home/airflow/.local/lib/python3.12/site-packages/airflow/example_dags/example_task_group_decorator.py took 0.041 seconds
[2024-05-27T03:22:58.210+0000] {processor.py:161} INFO - Started process (PID=362) to work on /home/airflow/.local/lib/python3.12/site-packages/airflow/example_dags/example_task_group_decorator.py
[2024-05-27T03:22:58.212+0000] {processor.py:830} INFO - Processing file /home/airflow/.local/lib/python3.12/site-packages/airflow/example_dags/example_task_group_decorator.py for tasks to queue
[2024-05-27T03:22:58.213+0000] {logging_mixin.py:188} INFO - [2024-05-27T03:22:58.212+0000] {dagbag.py:545} INFO - Filling up the DagBag from /home/airflow/.local/lib/python3.12/site-packages/airflow/example_dags/example_task_group_decorator.py
[2024-05-27T03:22:58.219+0000] {processor.py:840} INFO - DAG(s) 'example_task_group_decorator' retrieved from /home/airflow/.local/lib/python3.12/site-packages/airflow/example_dags/example_task_group_decorator.py
[2024-05-27T03:22:58.231+0000] {logging_mixin.py:188} INFO - [2024-05-27T03:22:58.231+0000] {dag.py:3096} INFO - Sync 1 DAGs
[2024-05-27T03:22:58.241+0000] {logging_mixin.py:188} INFO - [2024-05-27T03:22:58.241+0000] {dag.py:3954} INFO - Setting next_dagrun for example_task_group_decorator to 2024-05-26 00:00:00+00:00, run_after=2024-05-27 00:00:00+00:00
[2024-05-27T03:22:58.249+0000] {processor.py:183} INFO - Processing /home/airflow/.local/lib/python3.12/site-packages/airflow/example_dags/example_task_group_decorator.py took 0.041 seconds
[2024-05-27T03:23:28.803+0000] {processor.py:161} INFO - Started process (PID=421) to work on /home/airflow/.local/lib/python3.12/site-packages/airflow/example_dags/example_task_group_decorator.py
[2024-05-27T03:23:28.804+0000] {processor.py:830} INFO - Processing file /home/airflow/.local/lib/python3.12/site-packages/airflow/example_dags/example_task_group_decorator.py for tasks to queue
[2024-05-27T03:23:28.805+0000] {logging_mixin.py:188} INFO - [2024-05-27T03:23:28.805+0000] {dagbag.py:545} INFO - Filling up the DagBag from /home/airflow/.local/lib/python3.12/site-packages/airflow/example_dags/example_task_group_decorator.py
[2024-05-27T03:23:28.811+0000] {processor.py:840} INFO - DAG(s) 'example_task_group_decorator' retrieved from /home/airflow/.local/lib/python3.12/site-packages/airflow/example_dags/example_task_group_decorator.py
[2024-05-27T03:23:28.823+0000] {logging_mixin.py:188} INFO - [2024-05-27T03:23:28.823+0000] {dag.py:3096} INFO - Sync 1 DAGs
[2024-05-27T03:23:28.833+0000] {logging_mixin.py:188} INFO - [2024-05-27T03:23:28.833+0000] {dag.py:3954} INFO - Setting next_dagrun for example_task_group_decorator to 2024-05-26 00:00:00+00:00, run_after=2024-05-27 00:00:00+00:00
[2024-05-27T03:23:28.841+0000] {processor.py:183} INFO - Processing /home/airflow/.local/lib/python3.12/site-packages/airflow/example_dags/example_task_group_decorator.py took 0.041 seconds
[2024-05-27T03:23:59.351+0000] {processor.py:161} INFO - Started process (PID=480) to work on /home/airflow/.local/lib/python3.12/site-packages/airflow/example_dags/example_task_group_decorator.py
[2024-05-27T03:23:59.351+0000] {processor.py:830} INFO - Processing file /home/airflow/.local/lib/python3.12/site-packages/airflow/example_dags/example_task_group_decorator.py for tasks to queue
[2024-05-27T03:23:59.352+0000] {logging_mixin.py:188} INFO - [2024-05-27T03:23:59.352+0000] {dagbag.py:545} INFO - Filling up the DagBag from /home/airflow/.local/lib/python3.12/site-packages/airflow/example_dags/example_task_group_decorator.py
[2024-05-27T03:23:59.359+0000] {processor.py:840} INFO - DAG(s) 'example_task_group_decorator' retrieved from /home/airflow/.local/lib/python3.12/site-packages/airflow/example_dags/example_task_group_decorator.py
[2024-05-27T03:23:59.370+0000] {logging_mixin.py:188} INFO - [2024-05-27T03:23:59.370+0000] {dag.py:3096} INFO - Sync 1 DAGs
[2024-05-27T03:23:59.380+0000] {logging_mixin.py:188} INFO - [2024-05-27T03:23:59.380+0000] {dag.py:3954} INFO - Setting next_dagrun for example_task_group_decorator to 2024-05-26 00:00:00+00:00, run_after=2024-05-27 00:00:00+00:00
[2024-05-27T03:23:59.388+0000] {processor.py:183} INFO - Processing /home/airflow/.local/lib/python3.12/site-packages/airflow/example_dags/example_task_group_decorator.py took 0.040 seconds
