[2024-05-27T02:56:56.458+0000] {processor.py:161} INFO - Started process (PID=48) to work on /home/airflow/.local/lib/python3.12/site-packages/airflow/example_dags/example_external_task_marker_dag.py
[2024-05-27T02:56:56.463+0000] {processor.py:830} INFO - Processing file /home/airflow/.local/lib/python3.12/site-packages/airflow/example_dags/example_external_task_marker_dag.py for tasks to queue
[2024-05-27T02:56:56.466+0000] {logging_mixin.py:188} INFO - [2024-05-27T02:56:56.465+0000] {dagbag.py:545} INFO - Filling up the DagBag from /home/airflow/.local/lib/python3.12/site-packages/airflow/example_dags/example_external_task_marker_dag.py
[2024-05-27T02:56:56.476+0000] {processor.py:840} INFO - DAG(s) 'example_external_task_marker_child', 'example_external_task_marker_parent' retrieved from /home/airflow/.local/lib/python3.12/site-packages/airflow/example_dags/example_external_task_marker_dag.py
[2024-05-27T02:56:56.495+0000] {logging_mixin.py:188} INFO - [2024-05-27T02:56:56.495+0000] {dag.py:3096} INFO - Sync 2 DAGs
[2024-05-27T02:56:56.507+0000] {logging_mixin.py:188} INFO - [2024-05-27T02:56:56.506+0000] {dag.py:3954} INFO - Setting next_dagrun for example_external_task_marker_child to None, run_after=None
[2024-05-27T02:56:56.512+0000] {logging_mixin.py:188} INFO - [2024-05-27T02:56:56.511+0000] {dag.py:3954} INFO - Setting next_dagrun for example_external_task_marker_parent to None, run_after=None
[2024-05-27T02:56:56.529+0000] {processor.py:183} INFO - Processing /home/airflow/.local/lib/python3.12/site-packages/airflow/example_dags/example_external_task_marker_dag.py took 0.077 seconds
[2024-05-27T02:57:26.854+0000] {processor.py:161} INFO - Started process (PID=107) to work on /home/airflow/.local/lib/python3.12/site-packages/airflow/example_dags/example_external_task_marker_dag.py
[2024-05-27T02:57:26.854+0000] {processor.py:830} INFO - Processing file /home/airflow/.local/lib/python3.12/site-packages/airflow/example_dags/example_external_task_marker_dag.py for tasks to queue
[2024-05-27T02:57:26.855+0000] {logging_mixin.py:188} INFO - [2024-05-27T02:57:26.855+0000] {dagbag.py:545} INFO - Filling up the DagBag from /home/airflow/.local/lib/python3.12/site-packages/airflow/example_dags/example_external_task_marker_dag.py
[2024-05-27T02:57:26.858+0000] {processor.py:840} INFO - DAG(s) 'example_external_task_marker_parent', 'example_external_task_marker_child' retrieved from /home/airflow/.local/lib/python3.12/site-packages/airflow/example_dags/example_external_task_marker_dag.py
[2024-05-27T02:57:26.911+0000] {logging_mixin.py:188} INFO - [2024-05-27T02:57:26.911+0000] {dag.py:3096} INFO - Sync 2 DAGs
[2024-05-27T02:57:26.917+0000] {logging_mixin.py:188} INFO - [2024-05-27T02:57:26.917+0000] {dag.py:3954} INFO - Setting next_dagrun for example_external_task_marker_child to None, run_after=None
[2024-05-27T02:57:26.918+0000] {logging_mixin.py:188} INFO - [2024-05-27T02:57:26.918+0000] {dag.py:3954} INFO - Setting next_dagrun for example_external_task_marker_parent to None, run_after=None
[2024-05-27T02:57:26.926+0000] {processor.py:183} INFO - Processing /home/airflow/.local/lib/python3.12/site-packages/airflow/example_dags/example_external_task_marker_dag.py took 0.075 seconds
[2024-05-27T02:57:57.876+0000] {processor.py:161} INFO - Started process (PID=166) to work on /home/airflow/.local/lib/python3.12/site-packages/airflow/example_dags/example_external_task_marker_dag.py
[2024-05-27T02:57:57.877+0000] {processor.py:830} INFO - Processing file /home/airflow/.local/lib/python3.12/site-packages/airflow/example_dags/example_external_task_marker_dag.py for tasks to queue
[2024-05-27T02:57:57.880+0000] {logging_mixin.py:188} INFO - [2024-05-27T02:57:57.879+0000] {dagbag.py:545} INFO - Filling up the DagBag from /home/airflow/.local/lib/python3.12/site-packages/airflow/example_dags/example_external_task_marker_dag.py
[2024-05-27T02:57:57.886+0000] {processor.py:840} INFO - DAG(s) 'example_external_task_marker_child', 'example_external_task_marker_parent' retrieved from /home/airflow/.local/lib/python3.12/site-packages/airflow/example_dags/example_external_task_marker_dag.py
[2024-05-27T02:57:57.906+0000] {logging_mixin.py:188} INFO - [2024-05-27T02:57:57.906+0000] {dag.py:3096} INFO - Sync 2 DAGs
[2024-05-27T02:57:57.915+0000] {logging_mixin.py:188} INFO - [2024-05-27T02:57:57.914+0000] {dag.py:3954} INFO - Setting next_dagrun for example_external_task_marker_child to None, run_after=None
[2024-05-27T02:57:57.917+0000] {logging_mixin.py:188} INFO - [2024-05-27T02:57:57.917+0000] {dag.py:3954} INFO - Setting next_dagrun for example_external_task_marker_parent to None, run_after=None
[2024-05-27T02:57:57.926+0000] {processor.py:183} INFO - Processing /home/airflow/.local/lib/python3.12/site-packages/airflow/example_dags/example_external_task_marker_dag.py took 0.058 seconds
[2024-05-27T02:58:28.458+0000] {processor.py:161} INFO - Started process (PID=225) to work on /home/airflow/.local/lib/python3.12/site-packages/airflow/example_dags/example_external_task_marker_dag.py
[2024-05-27T02:58:28.459+0000] {processor.py:830} INFO - Processing file /home/airflow/.local/lib/python3.12/site-packages/airflow/example_dags/example_external_task_marker_dag.py for tasks to queue
[2024-05-27T02:58:28.462+0000] {logging_mixin.py:188} INFO - [2024-05-27T02:58:28.461+0000] {dagbag.py:545} INFO - Filling up the DagBag from /home/airflow/.local/lib/python3.12/site-packages/airflow/example_dags/example_external_task_marker_dag.py
[2024-05-27T02:58:28.468+0000] {processor.py:840} INFO - DAG(s) 'example_external_task_marker_parent', 'example_external_task_marker_child' retrieved from /home/airflow/.local/lib/python3.12/site-packages/airflow/example_dags/example_external_task_marker_dag.py
[2024-05-27T02:58:28.488+0000] {logging_mixin.py:188} INFO - [2024-05-27T02:58:28.488+0000] {dag.py:3096} INFO - Sync 2 DAGs
[2024-05-27T02:58:28.497+0000] {logging_mixin.py:188} INFO - [2024-05-27T02:58:28.497+0000] {dag.py:3954} INFO - Setting next_dagrun for example_external_task_marker_child to None, run_after=None
[2024-05-27T02:58:28.500+0000] {logging_mixin.py:188} INFO - [2024-05-27T02:58:28.500+0000] {dag.py:3954} INFO - Setting next_dagrun for example_external_task_marker_parent to None, run_after=None
[2024-05-27T02:58:28.509+0000] {processor.py:183} INFO - Processing /home/airflow/.local/lib/python3.12/site-packages/airflow/example_dags/example_external_task_marker_dag.py took 0.059 seconds
[2024-05-27T02:58:59.027+0000] {processor.py:161} INFO - Started process (PID=284) to work on /home/airflow/.local/lib/python3.12/site-packages/airflow/example_dags/example_external_task_marker_dag.py
[2024-05-27T02:58:59.029+0000] {processor.py:830} INFO - Processing file /home/airflow/.local/lib/python3.12/site-packages/airflow/example_dags/example_external_task_marker_dag.py for tasks to queue
[2024-05-27T02:58:59.031+0000] {logging_mixin.py:188} INFO - [2024-05-27T02:58:59.030+0000] {dagbag.py:545} INFO - Filling up the DagBag from /home/airflow/.local/lib/python3.12/site-packages/airflow/example_dags/example_external_task_marker_dag.py
[2024-05-27T02:58:59.037+0000] {processor.py:840} INFO - DAG(s) 'example_external_task_marker_parent', 'example_external_task_marker_child' retrieved from /home/airflow/.local/lib/python3.12/site-packages/airflow/example_dags/example_external_task_marker_dag.py
[2024-05-27T02:58:59.057+0000] {logging_mixin.py:188} INFO - [2024-05-27T02:58:59.057+0000] {dag.py:3096} INFO - Sync 2 DAGs
[2024-05-27T02:58:59.066+0000] {logging_mixin.py:188} INFO - [2024-05-27T02:58:59.066+0000] {dag.py:3954} INFO - Setting next_dagrun for example_external_task_marker_child to None, run_after=None
[2024-05-27T02:58:59.069+0000] {logging_mixin.py:188} INFO - [2024-05-27T02:58:59.068+0000] {dag.py:3954} INFO - Setting next_dagrun for example_external_task_marker_parent to None, run_after=None
[2024-05-27T02:58:59.078+0000] {processor.py:183} INFO - Processing /home/airflow/.local/lib/python3.12/site-packages/airflow/example_dags/example_external_task_marker_dag.py took 0.059 seconds
[2024-05-27T02:59:29.578+0000] {processor.py:161} INFO - Started process (PID=343) to work on /home/airflow/.local/lib/python3.12/site-packages/airflow/example_dags/example_external_task_marker_dag.py
[2024-05-27T02:59:29.579+0000] {processor.py:830} INFO - Processing file /home/airflow/.local/lib/python3.12/site-packages/airflow/example_dags/example_external_task_marker_dag.py for tasks to queue
[2024-05-27T02:59:29.581+0000] {logging_mixin.py:188} INFO - [2024-05-27T02:59:29.580+0000] {dagbag.py:545} INFO - Filling up the DagBag from /home/airflow/.local/lib/python3.12/site-packages/airflow/example_dags/example_external_task_marker_dag.py
[2024-05-27T02:59:29.586+0000] {processor.py:840} INFO - DAG(s) 'example_external_task_marker_parent', 'example_external_task_marker_child' retrieved from /home/airflow/.local/lib/python3.12/site-packages/airflow/example_dags/example_external_task_marker_dag.py
[2024-05-27T02:59:29.608+0000] {logging_mixin.py:188} INFO - [2024-05-27T02:59:29.608+0000] {dag.py:3096} INFO - Sync 2 DAGs
[2024-05-27T02:59:29.618+0000] {logging_mixin.py:188} INFO - [2024-05-27T02:59:29.618+0000] {dag.py:3954} INFO - Setting next_dagrun for example_external_task_marker_child to None, run_after=None
[2024-05-27T02:59:29.621+0000] {logging_mixin.py:188} INFO - [2024-05-27T02:59:29.620+0000] {dag.py:3954} INFO - Setting next_dagrun for example_external_task_marker_parent to None, run_after=None
[2024-05-27T02:59:29.629+0000] {processor.py:183} INFO - Processing /home/airflow/.local/lib/python3.12/site-packages/airflow/example_dags/example_external_task_marker_dag.py took 0.058 seconds
[2024-05-27T03:00:00.137+0000] {processor.py:161} INFO - Started process (PID=402) to work on /home/airflow/.local/lib/python3.12/site-packages/airflow/example_dags/example_external_task_marker_dag.py
[2024-05-27T03:00:00.139+0000] {processor.py:830} INFO - Processing file /home/airflow/.local/lib/python3.12/site-packages/airflow/example_dags/example_external_task_marker_dag.py for tasks to queue
[2024-05-27T03:00:00.141+0000] {logging_mixin.py:188} INFO - [2024-05-27T03:00:00.141+0000] {dagbag.py:545} INFO - Filling up the DagBag from /home/airflow/.local/lib/python3.12/site-packages/airflow/example_dags/example_external_task_marker_dag.py
[2024-05-27T03:00:00.147+0000] {processor.py:840} INFO - DAG(s) 'example_external_task_marker_child', 'example_external_task_marker_parent' retrieved from /home/airflow/.local/lib/python3.12/site-packages/airflow/example_dags/example_external_task_marker_dag.py
[2024-05-27T03:00:00.165+0000] {logging_mixin.py:188} INFO - [2024-05-27T03:00:00.165+0000] {dag.py:3096} INFO - Sync 2 DAGs
[2024-05-27T03:00:00.173+0000] {logging_mixin.py:188} INFO - [2024-05-27T03:00:00.173+0000] {dag.py:3954} INFO - Setting next_dagrun for example_external_task_marker_child to None, run_after=None
[2024-05-27T03:00:00.175+0000] {logging_mixin.py:188} INFO - [2024-05-27T03:00:00.175+0000] {dag.py:3954} INFO - Setting next_dagrun for example_external_task_marker_parent to None, run_after=None
[2024-05-27T03:00:00.184+0000] {processor.py:183} INFO - Processing /home/airflow/.local/lib/python3.12/site-packages/airflow/example_dags/example_external_task_marker_dag.py took 0.054 seconds
[2024-05-27T03:00:30.710+0000] {processor.py:161} INFO - Started process (PID=461) to work on /home/airflow/.local/lib/python3.12/site-packages/airflow/example_dags/example_external_task_marker_dag.py
[2024-05-27T03:00:30.711+0000] {processor.py:830} INFO - Processing file /home/airflow/.local/lib/python3.12/site-packages/airflow/example_dags/example_external_task_marker_dag.py for tasks to queue
[2024-05-27T03:00:30.713+0000] {logging_mixin.py:188} INFO - [2024-05-27T03:00:30.713+0000] {dagbag.py:545} INFO - Filling up the DagBag from /home/airflow/.local/lib/python3.12/site-packages/airflow/example_dags/example_external_task_marker_dag.py
[2024-05-27T03:00:30.719+0000] {processor.py:840} INFO - DAG(s) 'example_external_task_marker_parent', 'example_external_task_marker_child' retrieved from /home/airflow/.local/lib/python3.12/site-packages/airflow/example_dags/example_external_task_marker_dag.py
[2024-05-27T03:00:30.741+0000] {logging_mixin.py:188} INFO - [2024-05-27T03:00:30.741+0000] {dag.py:3096} INFO - Sync 2 DAGs
[2024-05-27T03:00:30.752+0000] {logging_mixin.py:188} INFO - [2024-05-27T03:00:30.752+0000] {dag.py:3954} INFO - Setting next_dagrun for example_external_task_marker_child to None, run_after=None
[2024-05-27T03:00:30.755+0000] {logging_mixin.py:188} INFO - [2024-05-27T03:00:30.755+0000] {dag.py:3954} INFO - Setting next_dagrun for example_external_task_marker_parent to None, run_after=None
[2024-05-27T03:00:30.765+0000] {processor.py:183} INFO - Processing /home/airflow/.local/lib/python3.12/site-packages/airflow/example_dags/example_external_task_marker_dag.py took 0.061 seconds
[2024-05-27T03:01:01.266+0000] {processor.py:161} INFO - Started process (PID=519) to work on /home/airflow/.local/lib/python3.12/site-packages/airflow/example_dags/example_external_task_marker_dag.py
[2024-05-27T03:01:01.267+0000] {processor.py:830} INFO - Processing file /home/airflow/.local/lib/python3.12/site-packages/airflow/example_dags/example_external_task_marker_dag.py for tasks to queue
[2024-05-27T03:01:01.269+0000] {logging_mixin.py:188} INFO - [2024-05-27T03:01:01.269+0000] {dagbag.py:545} INFO - Filling up the DagBag from /home/airflow/.local/lib/python3.12/site-packages/airflow/example_dags/example_external_task_marker_dag.py
[2024-05-27T03:01:01.275+0000] {processor.py:840} INFO - DAG(s) 'example_external_task_marker_parent', 'example_external_task_marker_child' retrieved from /home/airflow/.local/lib/python3.12/site-packages/airflow/example_dags/example_external_task_marker_dag.py
[2024-05-27T03:01:01.293+0000] {logging_mixin.py:188} INFO - [2024-05-27T03:01:01.293+0000] {dag.py:3096} INFO - Sync 2 DAGs
[2024-05-27T03:01:01.301+0000] {logging_mixin.py:188} INFO - [2024-05-27T03:01:01.301+0000] {dag.py:3954} INFO - Setting next_dagrun for example_external_task_marker_child to None, run_after=None
[2024-05-27T03:01:01.304+0000] {logging_mixin.py:188} INFO - [2024-05-27T03:01:01.304+0000] {dag.py:3954} INFO - Setting next_dagrun for example_external_task_marker_parent to None, run_after=None
[2024-05-27T03:01:01.313+0000] {processor.py:183} INFO - Processing /home/airflow/.local/lib/python3.12/site-packages/airflow/example_dags/example_external_task_marker_dag.py took 0.054 seconds
[2024-05-27T03:01:31.831+0000] {processor.py:161} INFO - Started process (PID=578) to work on /home/airflow/.local/lib/python3.12/site-packages/airflow/example_dags/example_external_task_marker_dag.py
[2024-05-27T03:01:31.833+0000] {processor.py:830} INFO - Processing file /home/airflow/.local/lib/python3.12/site-packages/airflow/example_dags/example_external_task_marker_dag.py for tasks to queue
[2024-05-27T03:01:31.834+0000] {logging_mixin.py:188} INFO - [2024-05-27T03:01:31.834+0000] {dagbag.py:545} INFO - Filling up the DagBag from /home/airflow/.local/lib/python3.12/site-packages/airflow/example_dags/example_external_task_marker_dag.py
[2024-05-27T03:01:31.839+0000] {processor.py:840} INFO - DAG(s) 'example_external_task_marker_parent', 'example_external_task_marker_child' retrieved from /home/airflow/.local/lib/python3.12/site-packages/airflow/example_dags/example_external_task_marker_dag.py
[2024-05-27T03:01:31.858+0000] {logging_mixin.py:188} INFO - [2024-05-27T03:01:31.858+0000] {dag.py:3096} INFO - Sync 2 DAGs
[2024-05-27T03:01:31.868+0000] {logging_mixin.py:188} INFO - [2024-05-27T03:01:31.868+0000] {dag.py:3954} INFO - Setting next_dagrun for example_external_task_marker_child to None, run_after=None
[2024-05-27T03:01:31.871+0000] {logging_mixin.py:188} INFO - [2024-05-27T03:01:31.871+0000] {dag.py:3954} INFO - Setting next_dagrun for example_external_task_marker_parent to None, run_after=None
[2024-05-27T03:01:31.881+0000] {processor.py:183} INFO - Processing /home/airflow/.local/lib/python3.12/site-packages/airflow/example_dags/example_external_task_marker_dag.py took 0.055 seconds
[2024-05-27T03:02:02.503+0000] {processor.py:161} INFO - Started process (PID=637) to work on /home/airflow/.local/lib/python3.12/site-packages/airflow/example_dags/example_external_task_marker_dag.py
[2024-05-27T03:02:02.505+0000] {processor.py:830} INFO - Processing file /home/airflow/.local/lib/python3.12/site-packages/airflow/example_dags/example_external_task_marker_dag.py for tasks to queue
[2024-05-27T03:02:02.506+0000] {logging_mixin.py:188} INFO - [2024-05-27T03:02:02.506+0000] {dagbag.py:545} INFO - Filling up the DagBag from /home/airflow/.local/lib/python3.12/site-packages/airflow/example_dags/example_external_task_marker_dag.py
[2024-05-27T03:02:02.512+0000] {processor.py:840} INFO - DAG(s) 'example_external_task_marker_child', 'example_external_task_marker_parent' retrieved from /home/airflow/.local/lib/python3.12/site-packages/airflow/example_dags/example_external_task_marker_dag.py
[2024-05-27T03:02:02.529+0000] {logging_mixin.py:188} INFO - [2024-05-27T03:02:02.529+0000] {dag.py:3096} INFO - Sync 2 DAGs
[2024-05-27T03:02:02.538+0000] {logging_mixin.py:188} INFO - [2024-05-27T03:02:02.537+0000] {dag.py:3954} INFO - Setting next_dagrun for example_external_task_marker_child to None, run_after=None
[2024-05-27T03:02:02.540+0000] {logging_mixin.py:188} INFO - [2024-05-27T03:02:02.540+0000] {dag.py:3954} INFO - Setting next_dagrun for example_external_task_marker_parent to None, run_after=None
[2024-05-27T03:02:02.549+0000] {processor.py:183} INFO - Processing /home/airflow/.local/lib/python3.12/site-packages/airflow/example_dags/example_external_task_marker_dag.py took 0.052 seconds
[2024-05-27T03:02:33.070+0000] {processor.py:161} INFO - Started process (PID=696) to work on /home/airflow/.local/lib/python3.12/site-packages/airflow/example_dags/example_external_task_marker_dag.py
[2024-05-27T03:02:33.071+0000] {processor.py:830} INFO - Processing file /home/airflow/.local/lib/python3.12/site-packages/airflow/example_dags/example_external_task_marker_dag.py for tasks to queue
[2024-05-27T03:02:33.073+0000] {logging_mixin.py:188} INFO - [2024-05-27T03:02:33.072+0000] {dagbag.py:545} INFO - Filling up the DagBag from /home/airflow/.local/lib/python3.12/site-packages/airflow/example_dags/example_external_task_marker_dag.py
[2024-05-27T03:02:33.078+0000] {processor.py:840} INFO - DAG(s) 'example_external_task_marker_child', 'example_external_task_marker_parent' retrieved from /home/airflow/.local/lib/python3.12/site-packages/airflow/example_dags/example_external_task_marker_dag.py
[2024-05-27T03:02:33.098+0000] {logging_mixin.py:188} INFO - [2024-05-27T03:02:33.098+0000] {dag.py:3096} INFO - Sync 2 DAGs
[2024-05-27T03:02:33.106+0000] {logging_mixin.py:188} INFO - [2024-05-27T03:02:33.106+0000] {dag.py:3954} INFO - Setting next_dagrun for example_external_task_marker_child to None, run_after=None
[2024-05-27T03:02:33.109+0000] {logging_mixin.py:188} INFO - [2024-05-27T03:02:33.109+0000] {dag.py:3954} INFO - Setting next_dagrun for example_external_task_marker_parent to None, run_after=None
[2024-05-27T03:02:33.117+0000] {processor.py:183} INFO - Processing /home/airflow/.local/lib/python3.12/site-packages/airflow/example_dags/example_external_task_marker_dag.py took 0.054 seconds
[2024-05-27T03:03:03.666+0000] {processor.py:161} INFO - Started process (PID=755) to work on /home/airflow/.local/lib/python3.12/site-packages/airflow/example_dags/example_external_task_marker_dag.py
[2024-05-27T03:03:03.668+0000] {processor.py:830} INFO - Processing file /home/airflow/.local/lib/python3.12/site-packages/airflow/example_dags/example_external_task_marker_dag.py for tasks to queue
[2024-05-27T03:03:03.670+0000] {logging_mixin.py:188} INFO - [2024-05-27T03:03:03.669+0000] {dagbag.py:545} INFO - Filling up the DagBag from /home/airflow/.local/lib/python3.12/site-packages/airflow/example_dags/example_external_task_marker_dag.py
[2024-05-27T03:03:03.675+0000] {processor.py:840} INFO - DAG(s) 'example_external_task_marker_child', 'example_external_task_marker_parent' retrieved from /home/airflow/.local/lib/python3.12/site-packages/airflow/example_dags/example_external_task_marker_dag.py
[2024-05-27T03:03:03.693+0000] {logging_mixin.py:188} INFO - [2024-05-27T03:03:03.693+0000] {dag.py:3096} INFO - Sync 2 DAGs
[2024-05-27T03:03:03.702+0000] {logging_mixin.py:188} INFO - [2024-05-27T03:03:03.701+0000] {dag.py:3954} INFO - Setting next_dagrun for example_external_task_marker_child to None, run_after=None
[2024-05-27T03:03:03.704+0000] {logging_mixin.py:188} INFO - [2024-05-27T03:03:03.704+0000] {dag.py:3954} INFO - Setting next_dagrun for example_external_task_marker_parent to None, run_after=None
[2024-05-27T03:03:03.713+0000] {processor.py:183} INFO - Processing /home/airflow/.local/lib/python3.12/site-packages/airflow/example_dags/example_external_task_marker_dag.py took 0.054 seconds
[2024-05-27T03:03:34.165+0000] {processor.py:161} INFO - Started process (PID=814) to work on /home/airflow/.local/lib/python3.12/site-packages/airflow/example_dags/example_external_task_marker_dag.py
[2024-05-27T03:03:34.166+0000] {processor.py:830} INFO - Processing file /home/airflow/.local/lib/python3.12/site-packages/airflow/example_dags/example_external_task_marker_dag.py for tasks to queue
[2024-05-27T03:03:34.167+0000] {logging_mixin.py:188} INFO - [2024-05-27T03:03:34.166+0000] {dagbag.py:545} INFO - Filling up the DagBag from /home/airflow/.local/lib/python3.12/site-packages/airflow/example_dags/example_external_task_marker_dag.py
[2024-05-27T03:03:34.170+0000] {processor.py:840} INFO - DAG(s) 'example_external_task_marker_parent', 'example_external_task_marker_child' retrieved from /home/airflow/.local/lib/python3.12/site-packages/airflow/example_dags/example_external_task_marker_dag.py
[2024-05-27T03:03:34.183+0000] {logging_mixin.py:188} INFO - [2024-05-27T03:03:34.183+0000] {dag.py:3096} INFO - Sync 2 DAGs
[2024-05-27T03:03:34.190+0000] {logging_mixin.py:188} INFO - [2024-05-27T03:03:34.190+0000] {dag.py:3954} INFO - Setting next_dagrun for example_external_task_marker_child to None, run_after=None
[2024-05-27T03:03:34.192+0000] {logging_mixin.py:188} INFO - [2024-05-27T03:03:34.192+0000] {dag.py:3954} INFO - Setting next_dagrun for example_external_task_marker_parent to None, run_after=None
[2024-05-27T03:03:34.200+0000] {processor.py:183} INFO - Processing /home/airflow/.local/lib/python3.12/site-packages/airflow/example_dags/example_external_task_marker_dag.py took 0.038 seconds
[2024-05-27T03:04:04.824+0000] {processor.py:161} INFO - Started process (PID=872) to work on /home/airflow/.local/lib/python3.12/site-packages/airflow/example_dags/example_external_task_marker_dag.py
[2024-05-27T03:04:04.824+0000] {processor.py:830} INFO - Processing file /home/airflow/.local/lib/python3.12/site-packages/airflow/example_dags/example_external_task_marker_dag.py for tasks to queue
[2024-05-27T03:04:04.825+0000] {logging_mixin.py:188} INFO - [2024-05-27T03:04:04.825+0000] {dagbag.py:545} INFO - Filling up the DagBag from /home/airflow/.local/lib/python3.12/site-packages/airflow/example_dags/example_external_task_marker_dag.py
[2024-05-27T03:04:04.828+0000] {processor.py:840} INFO - DAG(s) 'example_external_task_marker_child', 'example_external_task_marker_parent' retrieved from /home/airflow/.local/lib/python3.12/site-packages/airflow/example_dags/example_external_task_marker_dag.py
[2024-05-27T03:04:04.841+0000] {logging_mixin.py:188} INFO - [2024-05-27T03:04:04.841+0000] {dag.py:3096} INFO - Sync 2 DAGs
[2024-05-27T03:04:04.848+0000] {logging_mixin.py:188} INFO - [2024-05-27T03:04:04.848+0000] {dag.py:3954} INFO - Setting next_dagrun for example_external_task_marker_child to None, run_after=None
[2024-05-27T03:04:04.850+0000] {logging_mixin.py:188} INFO - [2024-05-27T03:04:04.850+0000] {dag.py:3954} INFO - Setting next_dagrun for example_external_task_marker_parent to None, run_after=None
[2024-05-27T03:04:04.860+0000] {processor.py:183} INFO - Processing /home/airflow/.local/lib/python3.12/site-packages/airflow/example_dags/example_external_task_marker_dag.py took 0.039 seconds
[2024-05-27T03:04:35.660+0000] {processor.py:161} INFO - Started process (PID=931) to work on /home/airflow/.local/lib/python3.12/site-packages/airflow/example_dags/example_external_task_marker_dag.py
[2024-05-27T03:04:35.660+0000] {processor.py:830} INFO - Processing file /home/airflow/.local/lib/python3.12/site-packages/airflow/example_dags/example_external_task_marker_dag.py for tasks to queue
[2024-05-27T03:04:35.662+0000] {logging_mixin.py:188} INFO - [2024-05-27T03:04:35.661+0000] {dagbag.py:545} INFO - Filling up the DagBag from /home/airflow/.local/lib/python3.12/site-packages/airflow/example_dags/example_external_task_marker_dag.py
[2024-05-27T03:04:35.664+0000] {processor.py:840} INFO - DAG(s) 'example_external_task_marker_parent', 'example_external_task_marker_child' retrieved from /home/airflow/.local/lib/python3.12/site-packages/airflow/example_dags/example_external_task_marker_dag.py
[2024-05-27T03:04:35.676+0000] {logging_mixin.py:188} INFO - [2024-05-27T03:04:35.675+0000] {dag.py:3096} INFO - Sync 2 DAGs
[2024-05-27T03:04:35.682+0000] {logging_mixin.py:188} INFO - [2024-05-27T03:04:35.682+0000] {dag.py:3954} INFO - Setting next_dagrun for example_external_task_marker_child to None, run_after=None
[2024-05-27T03:04:35.684+0000] {logging_mixin.py:188} INFO - [2024-05-27T03:04:35.684+0000] {dag.py:3954} INFO - Setting next_dagrun for example_external_task_marker_parent to None, run_after=None
[2024-05-27T03:04:35.691+0000] {processor.py:183} INFO - Processing /home/airflow/.local/lib/python3.12/site-packages/airflow/example_dags/example_external_task_marker_dag.py took 0.035 seconds
[2024-05-27T03:05:06.359+0000] {processor.py:161} INFO - Started process (PID=990) to work on /home/airflow/.local/lib/python3.12/site-packages/airflow/example_dags/example_external_task_marker_dag.py
[2024-05-27T03:05:06.362+0000] {processor.py:830} INFO - Processing file /home/airflow/.local/lib/python3.12/site-packages/airflow/example_dags/example_external_task_marker_dag.py for tasks to queue
[2024-05-27T03:05:06.367+0000] {logging_mixin.py:188} INFO - [2024-05-27T03:05:06.366+0000] {dagbag.py:545} INFO - Filling up the DagBag from /home/airflow/.local/lib/python3.12/site-packages/airflow/example_dags/example_external_task_marker_dag.py
[2024-05-27T03:05:06.372+0000] {processor.py:840} INFO - DAG(s) 'example_external_task_marker_parent', 'example_external_task_marker_child' retrieved from /home/airflow/.local/lib/python3.12/site-packages/airflow/example_dags/example_external_task_marker_dag.py
[2024-05-27T03:05:06.389+0000] {logging_mixin.py:188} INFO - [2024-05-27T03:05:06.389+0000] {dag.py:3096} INFO - Sync 2 DAGs
[2024-05-27T03:05:06.398+0000] {logging_mixin.py:188} INFO - [2024-05-27T03:05:06.398+0000] {dag.py:3954} INFO - Setting next_dagrun for example_external_task_marker_child to None, run_after=None
[2024-05-27T03:05:06.401+0000] {logging_mixin.py:188} INFO - [2024-05-27T03:05:06.401+0000] {dag.py:3954} INFO - Setting next_dagrun for example_external_task_marker_parent to None, run_after=None
[2024-05-27T03:05:06.409+0000] {processor.py:183} INFO - Processing /home/airflow/.local/lib/python3.12/site-packages/airflow/example_dags/example_external_task_marker_dag.py took 0.057 seconds
[2024-05-27T03:05:36.947+0000] {processor.py:161} INFO - Started process (PID=1049) to work on /home/airflow/.local/lib/python3.12/site-packages/airflow/example_dags/example_external_task_marker_dag.py
[2024-05-27T03:05:36.949+0000] {processor.py:830} INFO - Processing file /home/airflow/.local/lib/python3.12/site-packages/airflow/example_dags/example_external_task_marker_dag.py for tasks to queue
[2024-05-27T03:05:36.951+0000] {logging_mixin.py:188} INFO - [2024-05-27T03:05:36.951+0000] {dagbag.py:545} INFO - Filling up the DagBag from /home/airflow/.local/lib/python3.12/site-packages/airflow/example_dags/example_external_task_marker_dag.py
[2024-05-27T03:05:36.957+0000] {processor.py:840} INFO - DAG(s) 'example_external_task_marker_parent', 'example_external_task_marker_child' retrieved from /home/airflow/.local/lib/python3.12/site-packages/airflow/example_dags/example_external_task_marker_dag.py
[2024-05-27T03:05:36.975+0000] {logging_mixin.py:188} INFO - [2024-05-27T03:05:36.975+0000] {dag.py:3096} INFO - Sync 2 DAGs
[2024-05-27T03:05:36.983+0000] {logging_mixin.py:188} INFO - [2024-05-27T03:05:36.983+0000] {dag.py:3954} INFO - Setting next_dagrun for example_external_task_marker_child to None, run_after=None
[2024-05-27T03:05:36.986+0000] {logging_mixin.py:188} INFO - [2024-05-27T03:05:36.986+0000] {dag.py:3954} INFO - Setting next_dagrun for example_external_task_marker_parent to None, run_after=None
[2024-05-27T03:05:36.994+0000] {processor.py:183} INFO - Processing /home/airflow/.local/lib/python3.12/site-packages/airflow/example_dags/example_external_task_marker_dag.py took 0.053 seconds
[2024-05-27T03:06:07.535+0000] {processor.py:161} INFO - Started process (PID=1108) to work on /home/airflow/.local/lib/python3.12/site-packages/airflow/example_dags/example_external_task_marker_dag.py
[2024-05-27T03:06:07.537+0000] {processor.py:830} INFO - Processing file /home/airflow/.local/lib/python3.12/site-packages/airflow/example_dags/example_external_task_marker_dag.py for tasks to queue
[2024-05-27T03:06:07.539+0000] {logging_mixin.py:188} INFO - [2024-05-27T03:06:07.538+0000] {dagbag.py:545} INFO - Filling up the DagBag from /home/airflow/.local/lib/python3.12/site-packages/airflow/example_dags/example_external_task_marker_dag.py
[2024-05-27T03:06:07.545+0000] {processor.py:840} INFO - DAG(s) 'example_external_task_marker_parent', 'example_external_task_marker_child' retrieved from /home/airflow/.local/lib/python3.12/site-packages/airflow/example_dags/example_external_task_marker_dag.py
[2024-05-27T03:06:07.563+0000] {logging_mixin.py:188} INFO - [2024-05-27T03:06:07.563+0000] {dag.py:3096} INFO - Sync 2 DAGs
[2024-05-27T03:06:07.572+0000] {logging_mixin.py:188} INFO - [2024-05-27T03:06:07.572+0000] {dag.py:3954} INFO - Setting next_dagrun for example_external_task_marker_child to None, run_after=None
[2024-05-27T03:06:07.575+0000] {logging_mixin.py:188} INFO - [2024-05-27T03:06:07.575+0000] {dag.py:3954} INFO - Setting next_dagrun for example_external_task_marker_parent to None, run_after=None
[2024-05-27T03:06:07.584+0000] {processor.py:183} INFO - Processing /home/airflow/.local/lib/python3.12/site-packages/airflow/example_dags/example_external_task_marker_dag.py took 0.055 seconds
[2024-05-27T03:06:38.237+0000] {processor.py:161} INFO - Started process (PID=1167) to work on /home/airflow/.local/lib/python3.12/site-packages/airflow/example_dags/example_external_task_marker_dag.py
[2024-05-27T03:06:38.238+0000] {processor.py:830} INFO - Processing file /home/airflow/.local/lib/python3.12/site-packages/airflow/example_dags/example_external_task_marker_dag.py for tasks to queue
[2024-05-27T03:06:38.240+0000] {logging_mixin.py:188} INFO - [2024-05-27T03:06:38.240+0000] {dagbag.py:545} INFO - Filling up the DagBag from /home/airflow/.local/lib/python3.12/site-packages/airflow/example_dags/example_external_task_marker_dag.py
[2024-05-27T03:06:38.246+0000] {processor.py:840} INFO - DAG(s) 'example_external_task_marker_child', 'example_external_task_marker_parent' retrieved from /home/airflow/.local/lib/python3.12/site-packages/airflow/example_dags/example_external_task_marker_dag.py
[2024-05-27T03:06:38.265+0000] {logging_mixin.py:188} INFO - [2024-05-27T03:06:38.265+0000] {dag.py:3096} INFO - Sync 2 DAGs
[2024-05-27T03:06:38.274+0000] {logging_mixin.py:188} INFO - [2024-05-27T03:06:38.274+0000] {dag.py:3954} INFO - Setting next_dagrun for example_external_task_marker_child to None, run_after=None
[2024-05-27T03:06:38.277+0000] {logging_mixin.py:188} INFO - [2024-05-27T03:06:38.277+0000] {dag.py:3954} INFO - Setting next_dagrun for example_external_task_marker_parent to None, run_after=None
[2024-05-27T03:06:38.286+0000] {processor.py:183} INFO - Processing /home/airflow/.local/lib/python3.12/site-packages/airflow/example_dags/example_external_task_marker_dag.py took 0.056 seconds
[2024-05-27T03:07:08.793+0000] {processor.py:161} INFO - Started process (PID=1226) to work on /home/airflow/.local/lib/python3.12/site-packages/airflow/example_dags/example_external_task_marker_dag.py
[2024-05-27T03:07:08.794+0000] {processor.py:830} INFO - Processing file /home/airflow/.local/lib/python3.12/site-packages/airflow/example_dags/example_external_task_marker_dag.py for tasks to queue
[2024-05-27T03:07:08.797+0000] {logging_mixin.py:188} INFO - [2024-05-27T03:07:08.796+0000] {dagbag.py:545} INFO - Filling up the DagBag from /home/airflow/.local/lib/python3.12/site-packages/airflow/example_dags/example_external_task_marker_dag.py
[2024-05-27T03:07:08.803+0000] {processor.py:840} INFO - DAG(s) 'example_external_task_marker_parent', 'example_external_task_marker_child' retrieved from /home/airflow/.local/lib/python3.12/site-packages/airflow/example_dags/example_external_task_marker_dag.py
[2024-05-27T03:07:08.821+0000] {logging_mixin.py:188} INFO - [2024-05-27T03:07:08.820+0000] {dag.py:3096} INFO - Sync 2 DAGs
[2024-05-27T03:07:08.829+0000] {logging_mixin.py:188} INFO - [2024-05-27T03:07:08.829+0000] {dag.py:3954} INFO - Setting next_dagrun for example_external_task_marker_child to None, run_after=None
[2024-05-27T03:07:08.832+0000] {logging_mixin.py:188} INFO - [2024-05-27T03:07:08.832+0000] {dag.py:3954} INFO - Setting next_dagrun for example_external_task_marker_parent to None, run_after=None
[2024-05-27T03:07:08.840+0000] {processor.py:183} INFO - Processing /home/airflow/.local/lib/python3.12/site-packages/airflow/example_dags/example_external_task_marker_dag.py took 0.055 seconds
[2024-05-27T03:07:39.400+0000] {processor.py:161} INFO - Started process (PID=1285) to work on /home/airflow/.local/lib/python3.12/site-packages/airflow/example_dags/example_external_task_marker_dag.py
[2024-05-27T03:07:39.401+0000] {processor.py:830} INFO - Processing file /home/airflow/.local/lib/python3.12/site-packages/airflow/example_dags/example_external_task_marker_dag.py for tasks to queue
[2024-05-27T03:07:39.403+0000] {logging_mixin.py:188} INFO - [2024-05-27T03:07:39.402+0000] {dagbag.py:545} INFO - Filling up the DagBag from /home/airflow/.local/lib/python3.12/site-packages/airflow/example_dags/example_external_task_marker_dag.py
[2024-05-27T03:07:39.408+0000] {processor.py:840} INFO - DAG(s) 'example_external_task_marker_parent', 'example_external_task_marker_child' retrieved from /home/airflow/.local/lib/python3.12/site-packages/airflow/example_dags/example_external_task_marker_dag.py
[2024-05-27T03:07:39.431+0000] {logging_mixin.py:188} INFO - [2024-05-27T03:07:39.431+0000] {dag.py:3096} INFO - Sync 2 DAGs
[2024-05-27T03:07:39.441+0000] {logging_mixin.py:188} INFO - [2024-05-27T03:07:39.441+0000] {dag.py:3954} INFO - Setting next_dagrun for example_external_task_marker_child to None, run_after=None
[2024-05-27T03:07:39.443+0000] {logging_mixin.py:188} INFO - [2024-05-27T03:07:39.443+0000] {dag.py:3954} INFO - Setting next_dagrun for example_external_task_marker_parent to None, run_after=None
[2024-05-27T03:07:39.452+0000] {processor.py:183} INFO - Processing /home/airflow/.local/lib/python3.12/site-packages/airflow/example_dags/example_external_task_marker_dag.py took 0.060 seconds
[2024-05-27T03:08:36.791+0000] {processor.py:161} INFO - Started process (PID=48) to work on /home/airflow/.local/lib/python3.12/site-packages/airflow/example_dags/example_external_task_marker_dag.py
[2024-05-27T03:08:36.792+0000] {processor.py:830} INFO - Processing file /home/airflow/.local/lib/python3.12/site-packages/airflow/example_dags/example_external_task_marker_dag.py for tasks to queue
[2024-05-27T03:08:36.793+0000] {logging_mixin.py:188} INFO - [2024-05-27T03:08:36.793+0000] {dagbag.py:545} INFO - Filling up the DagBag from /home/airflow/.local/lib/python3.12/site-packages/airflow/example_dags/example_external_task_marker_dag.py
[2024-05-27T03:08:36.801+0000] {processor.py:840} INFO - DAG(s) 'example_external_task_marker_parent', 'example_external_task_marker_child' retrieved from /home/airflow/.local/lib/python3.12/site-packages/airflow/example_dags/example_external_task_marker_dag.py
[2024-05-27T03:08:36.810+0000] {logging_mixin.py:188} INFO - [2024-05-27T03:08:36.810+0000] {dag.py:3096} INFO - Sync 2 DAGs
[2024-05-27T03:08:36.819+0000] {logging_mixin.py:188} INFO - [2024-05-27T03:08:36.819+0000] {dag.py:3954} INFO - Setting next_dagrun for example_external_task_marker_child to None, run_after=None
[2024-05-27T03:08:36.823+0000] {logging_mixin.py:188} INFO - [2024-05-27T03:08:36.823+0000] {dag.py:3954} INFO - Setting next_dagrun for example_external_task_marker_parent to None, run_after=None
[2024-05-27T03:08:36.836+0000] {processor.py:183} INFO - Processing /home/airflow/.local/lib/python3.12/site-packages/airflow/example_dags/example_external_task_marker_dag.py took 0.050 seconds
[2024-05-27T03:09:07.204+0000] {processor.py:161} INFO - Started process (PID=107) to work on /home/airflow/.local/lib/python3.12/site-packages/airflow/example_dags/example_external_task_marker_dag.py
[2024-05-27T03:09:07.205+0000] {processor.py:830} INFO - Processing file /home/airflow/.local/lib/python3.12/site-packages/airflow/example_dags/example_external_task_marker_dag.py for tasks to queue
[2024-05-27T03:09:07.206+0000] {logging_mixin.py:188} INFO - [2024-05-27T03:09:07.206+0000] {dagbag.py:545} INFO - Filling up the DagBag from /home/airflow/.local/lib/python3.12/site-packages/airflow/example_dags/example_external_task_marker_dag.py
[2024-05-27T03:09:07.211+0000] {processor.py:840} INFO - DAG(s) 'example_external_task_marker_parent', 'example_external_task_marker_child' retrieved from /home/airflow/.local/lib/python3.12/site-packages/airflow/example_dags/example_external_task_marker_dag.py
[2024-05-27T03:09:07.263+0000] {logging_mixin.py:188} INFO - [2024-05-27T03:09:07.263+0000] {dag.py:3096} INFO - Sync 2 DAGs
[2024-05-27T03:09:07.269+0000] {logging_mixin.py:188} INFO - [2024-05-27T03:09:07.269+0000] {dag.py:3954} INFO - Setting next_dagrun for example_external_task_marker_child to None, run_after=None
[2024-05-27T03:09:07.271+0000] {logging_mixin.py:188} INFO - [2024-05-27T03:09:07.271+0000] {dag.py:3954} INFO - Setting next_dagrun for example_external_task_marker_parent to None, run_after=None
[2024-05-27T03:09:07.280+0000] {processor.py:183} INFO - Processing /home/airflow/.local/lib/python3.12/site-packages/airflow/example_dags/example_external_task_marker_dag.py took 0.079 seconds
[2024-05-27T03:09:37.328+0000] {processor.py:161} INFO - Started process (PID=166) to work on /home/airflow/.local/lib/python3.12/site-packages/airflow/example_dags/example_external_task_marker_dag.py
[2024-05-27T03:09:37.329+0000] {processor.py:830} INFO - Processing file /home/airflow/.local/lib/python3.12/site-packages/airflow/example_dags/example_external_task_marker_dag.py for tasks to queue
[2024-05-27T03:09:37.330+0000] {logging_mixin.py:188} INFO - [2024-05-27T03:09:37.330+0000] {dagbag.py:545} INFO - Filling up the DagBag from /home/airflow/.local/lib/python3.12/site-packages/airflow/example_dags/example_external_task_marker_dag.py
[2024-05-27T03:09:37.333+0000] {processor.py:840} INFO - DAG(s) 'example_external_task_marker_child', 'example_external_task_marker_parent' retrieved from /home/airflow/.local/lib/python3.12/site-packages/airflow/example_dags/example_external_task_marker_dag.py
[2024-05-27T03:09:37.343+0000] {logging_mixin.py:188} INFO - [2024-05-27T03:09:37.343+0000] {dag.py:3096} INFO - Sync 2 DAGs
[2024-05-27T03:09:37.349+0000] {logging_mixin.py:188} INFO - [2024-05-27T03:09:37.349+0000] {dag.py:3954} INFO - Setting next_dagrun for example_external_task_marker_child to None, run_after=None
[2024-05-27T03:09:37.351+0000] {logging_mixin.py:188} INFO - [2024-05-27T03:09:37.351+0000] {dag.py:3954} INFO - Setting next_dagrun for example_external_task_marker_parent to None, run_after=None
[2024-05-27T03:09:37.358+0000] {processor.py:183} INFO - Processing /home/airflow/.local/lib/python3.12/site-packages/airflow/example_dags/example_external_task_marker_dag.py took 0.032 seconds
[2024-05-27T03:10:07.924+0000] {processor.py:161} INFO - Started process (PID=225) to work on /home/airflow/.local/lib/python3.12/site-packages/airflow/example_dags/example_external_task_marker_dag.py
[2024-05-27T03:10:07.925+0000] {processor.py:830} INFO - Processing file /home/airflow/.local/lib/python3.12/site-packages/airflow/example_dags/example_external_task_marker_dag.py for tasks to queue
[2024-05-27T03:10:07.926+0000] {logging_mixin.py:188} INFO - [2024-05-27T03:10:07.926+0000] {dagbag.py:545} INFO - Filling up the DagBag from /home/airflow/.local/lib/python3.12/site-packages/airflow/example_dags/example_external_task_marker_dag.py
[2024-05-27T03:10:07.929+0000] {processor.py:840} INFO - DAG(s) 'example_external_task_marker_child', 'example_external_task_marker_parent' retrieved from /home/airflow/.local/lib/python3.12/site-packages/airflow/example_dags/example_external_task_marker_dag.py
[2024-05-27T03:10:07.940+0000] {logging_mixin.py:188} INFO - [2024-05-27T03:10:07.940+0000] {dag.py:3096} INFO - Sync 2 DAGs
[2024-05-27T03:10:07.946+0000] {logging_mixin.py:188} INFO - [2024-05-27T03:10:07.946+0000] {dag.py:3954} INFO - Setting next_dagrun for example_external_task_marker_child to None, run_after=None
[2024-05-27T03:10:07.948+0000] {logging_mixin.py:188} INFO - [2024-05-27T03:10:07.948+0000] {dag.py:3954} INFO - Setting next_dagrun for example_external_task_marker_parent to None, run_after=None
[2024-05-27T03:10:07.955+0000] {processor.py:183} INFO - Processing /home/airflow/.local/lib/python3.12/site-packages/airflow/example_dags/example_external_task_marker_dag.py took 0.034 seconds
[2024-05-27T03:20:24.495+0000] {processor.py:161} INFO - Started process (PID=48) to work on /home/airflow/.local/lib/python3.12/site-packages/airflow/example_dags/example_external_task_marker_dag.py
[2024-05-27T03:20:24.497+0000] {processor.py:830} INFO - Processing file /home/airflow/.local/lib/python3.12/site-packages/airflow/example_dags/example_external_task_marker_dag.py for tasks to queue
[2024-05-27T03:20:24.499+0000] {logging_mixin.py:188} INFO - [2024-05-27T03:20:24.498+0000] {dagbag.py:545} INFO - Filling up the DagBag from /home/airflow/.local/lib/python3.12/site-packages/airflow/example_dags/example_external_task_marker_dag.py
[2024-05-27T03:20:24.508+0000] {processor.py:840} INFO - DAG(s) 'example_external_task_marker_parent', 'example_external_task_marker_child' retrieved from /home/airflow/.local/lib/python3.12/site-packages/airflow/example_dags/example_external_task_marker_dag.py
[2024-05-27T03:20:24.518+0000] {logging_mixin.py:188} INFO - [2024-05-27T03:20:24.518+0000] {dag.py:3096} INFO - Sync 2 DAGs
[2024-05-27T03:20:24.528+0000] {logging_mixin.py:188} INFO - [2024-05-27T03:20:24.527+0000] {dag.py:3954} INFO - Setting next_dagrun for example_external_task_marker_child to None, run_after=None
[2024-05-27T03:20:24.530+0000] {logging_mixin.py:188} INFO - [2024-05-27T03:20:24.530+0000] {dag.py:3954} INFO - Setting next_dagrun for example_external_task_marker_parent to None, run_after=None
[2024-05-27T03:20:24.543+0000] {processor.py:183} INFO - Processing /home/airflow/.local/lib/python3.12/site-packages/airflow/example_dags/example_external_task_marker_dag.py took 0.054 seconds
[2024-05-27T03:20:54.880+0000] {processor.py:161} INFO - Started process (PID=106) to work on /home/airflow/.local/lib/python3.12/site-packages/airflow/example_dags/example_external_task_marker_dag.py
[2024-05-27T03:20:54.881+0000] {processor.py:830} INFO - Processing file /home/airflow/.local/lib/python3.12/site-packages/airflow/example_dags/example_external_task_marker_dag.py for tasks to queue
[2024-05-27T03:20:54.881+0000] {logging_mixin.py:188} INFO - [2024-05-27T03:20:54.881+0000] {dagbag.py:545} INFO - Filling up the DagBag from /home/airflow/.local/lib/python3.12/site-packages/airflow/example_dags/example_external_task_marker_dag.py
[2024-05-27T03:20:54.884+0000] {processor.py:840} INFO - DAG(s) 'example_external_task_marker_parent', 'example_external_task_marker_child' retrieved from /home/airflow/.local/lib/python3.12/site-packages/airflow/example_dags/example_external_task_marker_dag.py
[2024-05-27T03:20:54.931+0000] {logging_mixin.py:188} INFO - [2024-05-27T03:20:54.931+0000] {dag.py:3096} INFO - Sync 2 DAGs
[2024-05-27T03:20:54.936+0000] {logging_mixin.py:188} INFO - [2024-05-27T03:20:54.936+0000] {dag.py:3954} INFO - Setting next_dagrun for example_external_task_marker_child to None, run_after=None
[2024-05-27T03:20:54.939+0000] {logging_mixin.py:188} INFO - [2024-05-27T03:20:54.939+0000] {dag.py:3954} INFO - Setting next_dagrun for example_external_task_marker_parent to None, run_after=None
[2024-05-27T03:20:54.947+0000] {processor.py:183} INFO - Processing /home/airflow/.local/lib/python3.12/site-packages/airflow/example_dags/example_external_task_marker_dag.py took 0.070 seconds
[2024-05-27T03:21:25.812+0000] {processor.py:161} INFO - Started process (PID=165) to work on /home/airflow/.local/lib/python3.12/site-packages/airflow/example_dags/example_external_task_marker_dag.py
[2024-05-27T03:21:25.814+0000] {processor.py:830} INFO - Processing file /home/airflow/.local/lib/python3.12/site-packages/airflow/example_dags/example_external_task_marker_dag.py for tasks to queue
[2024-05-27T03:21:25.815+0000] {logging_mixin.py:188} INFO - [2024-05-27T03:21:25.815+0000] {dagbag.py:545} INFO - Filling up the DagBag from /home/airflow/.local/lib/python3.12/site-packages/airflow/example_dags/example_external_task_marker_dag.py
[2024-05-27T03:21:25.818+0000] {processor.py:840} INFO - DAG(s) 'example_external_task_marker_parent', 'example_external_task_marker_child' retrieved from /home/airflow/.local/lib/python3.12/site-packages/airflow/example_dags/example_external_task_marker_dag.py
[2024-05-27T03:21:25.831+0000] {logging_mixin.py:188} INFO - [2024-05-27T03:21:25.831+0000] {dag.py:3096} INFO - Sync 2 DAGs
[2024-05-27T03:21:25.837+0000] {logging_mixin.py:188} INFO - [2024-05-27T03:21:25.837+0000] {dag.py:3954} INFO - Setting next_dagrun for example_external_task_marker_child to None, run_after=None
[2024-05-27T03:21:25.839+0000] {logging_mixin.py:188} INFO - [2024-05-27T03:21:25.839+0000] {dag.py:3954} INFO - Setting next_dagrun for example_external_task_marker_parent to None, run_after=None
[2024-05-27T03:21:25.846+0000] {processor.py:183} INFO - Processing /home/airflow/.local/lib/python3.12/site-packages/airflow/example_dags/example_external_task_marker_dag.py took 0.038 seconds
[2024-05-27T03:21:56.358+0000] {processor.py:161} INFO - Started process (PID=225) to work on /home/airflow/.local/lib/python3.12/site-packages/airflow/example_dags/example_external_task_marker_dag.py
[2024-05-27T03:21:56.359+0000] {processor.py:830} INFO - Processing file /home/airflow/.local/lib/python3.12/site-packages/airflow/example_dags/example_external_task_marker_dag.py for tasks to queue
[2024-05-27T03:21:56.361+0000] {logging_mixin.py:188} INFO - [2024-05-27T03:21:56.361+0000] {dagbag.py:545} INFO - Filling up the DagBag from /home/airflow/.local/lib/python3.12/site-packages/airflow/example_dags/example_external_task_marker_dag.py
[2024-05-27T03:21:56.367+0000] {processor.py:840} INFO - DAG(s) 'example_external_task_marker_child', 'example_external_task_marker_parent' retrieved from /home/airflow/.local/lib/python3.12/site-packages/airflow/example_dags/example_external_task_marker_dag.py
[2024-05-27T03:21:56.385+0000] {logging_mixin.py:188} INFO - [2024-05-27T03:21:56.385+0000] {dag.py:3096} INFO - Sync 2 DAGs
[2024-05-27T03:21:56.393+0000] {logging_mixin.py:188} INFO - [2024-05-27T03:21:56.393+0000] {dag.py:3954} INFO - Setting next_dagrun for example_external_task_marker_child to None, run_after=None
[2024-05-27T03:21:56.395+0000] {logging_mixin.py:188} INFO - [2024-05-27T03:21:56.395+0000] {dag.py:3954} INFO - Setting next_dagrun for example_external_task_marker_parent to None, run_after=None
[2024-05-27T03:21:56.404+0000] {processor.py:183} INFO - Processing /home/airflow/.local/lib/python3.12/site-packages/airflow/example_dags/example_external_task_marker_dag.py took 0.053 seconds
[2024-05-27T03:22:27.004+0000] {processor.py:161} INFO - Started process (PID=284) to work on /home/airflow/.local/lib/python3.12/site-packages/airflow/example_dags/example_external_task_marker_dag.py
[2024-05-27T03:22:27.006+0000] {processor.py:830} INFO - Processing file /home/airflow/.local/lib/python3.12/site-packages/airflow/example_dags/example_external_task_marker_dag.py for tasks to queue
[2024-05-27T03:22:27.008+0000] {logging_mixin.py:188} INFO - [2024-05-27T03:22:27.007+0000] {dagbag.py:545} INFO - Filling up the DagBag from /home/airflow/.local/lib/python3.12/site-packages/airflow/example_dags/example_external_task_marker_dag.py
[2024-05-27T03:22:27.015+0000] {processor.py:840} INFO - DAG(s) 'example_external_task_marker_child', 'example_external_task_marker_parent' retrieved from /home/airflow/.local/lib/python3.12/site-packages/airflow/example_dags/example_external_task_marker_dag.py
[2024-05-27T03:22:27.034+0000] {logging_mixin.py:188} INFO - [2024-05-27T03:22:27.034+0000] {dag.py:3096} INFO - Sync 2 DAGs
[2024-05-27T03:22:27.043+0000] {logging_mixin.py:188} INFO - [2024-05-27T03:22:27.042+0000] {dag.py:3954} INFO - Setting next_dagrun for example_external_task_marker_child to None, run_after=None
[2024-05-27T03:22:27.045+0000] {logging_mixin.py:188} INFO - [2024-05-27T03:22:27.045+0000] {dag.py:3954} INFO - Setting next_dagrun for example_external_task_marker_parent to None, run_after=None
[2024-05-27T03:22:27.053+0000] {processor.py:183} INFO - Processing /home/airflow/.local/lib/python3.12/site-packages/airflow/example_dags/example_external_task_marker_dag.py took 0.056 seconds
[2024-05-27T03:22:57.681+0000] {processor.py:161} INFO - Started process (PID=343) to work on /home/airflow/.local/lib/python3.12/site-packages/airflow/example_dags/example_external_task_marker_dag.py
[2024-05-27T03:22:57.683+0000] {processor.py:830} INFO - Processing file /home/airflow/.local/lib/python3.12/site-packages/airflow/example_dags/example_external_task_marker_dag.py for tasks to queue
[2024-05-27T03:22:57.685+0000] {logging_mixin.py:188} INFO - [2024-05-27T03:22:57.685+0000] {dagbag.py:545} INFO - Filling up the DagBag from /home/airflow/.local/lib/python3.12/site-packages/airflow/example_dags/example_external_task_marker_dag.py
[2024-05-27T03:22:57.691+0000] {processor.py:840} INFO - DAG(s) 'example_external_task_marker_child', 'example_external_task_marker_parent' retrieved from /home/airflow/.local/lib/python3.12/site-packages/airflow/example_dags/example_external_task_marker_dag.py
[2024-05-27T03:22:57.711+0000] {logging_mixin.py:188} INFO - [2024-05-27T03:22:57.711+0000] {dag.py:3096} INFO - Sync 2 DAGs
[2024-05-27T03:22:57.720+0000] {logging_mixin.py:188} INFO - [2024-05-27T03:22:57.720+0000] {dag.py:3954} INFO - Setting next_dagrun for example_external_task_marker_child to None, run_after=None
[2024-05-27T03:22:57.723+0000] {logging_mixin.py:188} INFO - [2024-05-27T03:22:57.722+0000] {dag.py:3954} INFO - Setting next_dagrun for example_external_task_marker_parent to None, run_after=None
[2024-05-27T03:22:57.732+0000] {processor.py:183} INFO - Processing /home/airflow/.local/lib/python3.12/site-packages/airflow/example_dags/example_external_task_marker_dag.py took 0.058 seconds
[2024-05-27T03:23:28.273+0000] {processor.py:161} INFO - Started process (PID=402) to work on /home/airflow/.local/lib/python3.12/site-packages/airflow/example_dags/example_external_task_marker_dag.py
[2024-05-27T03:23:28.276+0000] {processor.py:830} INFO - Processing file /home/airflow/.local/lib/python3.12/site-packages/airflow/example_dags/example_external_task_marker_dag.py for tasks to queue
[2024-05-27T03:23:28.278+0000] {logging_mixin.py:188} INFO - [2024-05-27T03:23:28.278+0000] {dagbag.py:545} INFO - Filling up the DagBag from /home/airflow/.local/lib/python3.12/site-packages/airflow/example_dags/example_external_task_marker_dag.py
[2024-05-27T03:23:28.283+0000] {processor.py:840} INFO - DAG(s) 'example_external_task_marker_child', 'example_external_task_marker_parent' retrieved from /home/airflow/.local/lib/python3.12/site-packages/airflow/example_dags/example_external_task_marker_dag.py
[2024-05-27T03:23:28.299+0000] {logging_mixin.py:188} INFO - [2024-05-27T03:23:28.299+0000] {dag.py:3096} INFO - Sync 2 DAGs
[2024-05-27T03:23:28.308+0000] {logging_mixin.py:188} INFO - [2024-05-27T03:23:28.308+0000] {dag.py:3954} INFO - Setting next_dagrun for example_external_task_marker_child to None, run_after=None
[2024-05-27T03:23:28.312+0000] {logging_mixin.py:188} INFO - [2024-05-27T03:23:28.312+0000] {dag.py:3954} INFO - Setting next_dagrun for example_external_task_marker_parent to None, run_after=None
[2024-05-27T03:23:28.321+0000] {processor.py:183} INFO - Processing /home/airflow/.local/lib/python3.12/site-packages/airflow/example_dags/example_external_task_marker_dag.py took 0.053 seconds
[2024-05-27T03:23:58.839+0000] {processor.py:161} INFO - Started process (PID=461) to work on /home/airflow/.local/lib/python3.12/site-packages/airflow/example_dags/example_external_task_marker_dag.py
[2024-05-27T03:23:58.840+0000] {processor.py:830} INFO - Processing file /home/airflow/.local/lib/python3.12/site-packages/airflow/example_dags/example_external_task_marker_dag.py for tasks to queue
[2024-05-27T03:23:58.842+0000] {logging_mixin.py:188} INFO - [2024-05-27T03:23:58.841+0000] {dagbag.py:545} INFO - Filling up the DagBag from /home/airflow/.local/lib/python3.12/site-packages/airflow/example_dags/example_external_task_marker_dag.py
[2024-05-27T03:23:58.847+0000] {processor.py:840} INFO - DAG(s) 'example_external_task_marker_child', 'example_external_task_marker_parent' retrieved from /home/airflow/.local/lib/python3.12/site-packages/airflow/example_dags/example_external_task_marker_dag.py
[2024-05-27T03:23:58.865+0000] {logging_mixin.py:188} INFO - [2024-05-27T03:23:58.865+0000] {dag.py:3096} INFO - Sync 2 DAGs
[2024-05-27T03:23:58.873+0000] {logging_mixin.py:188} INFO - [2024-05-27T03:23:58.872+0000] {dag.py:3954} INFO - Setting next_dagrun for example_external_task_marker_child to None, run_after=None
[2024-05-27T03:23:58.875+0000] {logging_mixin.py:188} INFO - [2024-05-27T03:23:58.875+0000] {dag.py:3954} INFO - Setting next_dagrun for example_external_task_marker_parent to None, run_after=None
[2024-05-27T03:23:58.883+0000] {processor.py:183} INFO - Processing /home/airflow/.local/lib/python3.12/site-packages/airflow/example_dags/example_external_task_marker_dag.py took 0.049 seconds
