[2024-05-27T02:56:56.356+0000] {processor.py:161} INFO - Started process (PID=46) to work on /home/airflow/.local/lib/python3.12/site-packages/airflow/example_dags/example_python_decorator.py
[2024-05-27T02:56:56.357+0000] {processor.py:830} INFO - Processing file /home/airflow/.local/lib/python3.12/site-packages/airflow/example_dags/example_python_decorator.py for tasks to queue
[2024-05-27T02:56:56.359+0000] {logging_mixin.py:188} INFO - [2024-05-27T02:56:56.359+0000] {dagbag.py:545} INFO - Filling up the DagBag from /home/airflow/.local/lib/python3.12/site-packages/airflow/example_dags/example_python_decorator.py
[2024-05-27T02:56:56.371+0000] {processor.py:840} INFO - DAG(s) 'example_python_decorator' retrieved from /home/airflow/.local/lib/python3.12/site-packages/airflow/example_dags/example_python_decorator.py
[2024-05-27T02:56:56.382+0000] {logging_mixin.py:188} INFO - [2024-05-27T02:56:56.381+0000] {dag.py:3096} INFO - Sync 1 DAGs
[2024-05-27T02:56:56.395+0000] {logging_mixin.py:188} INFO - [2024-05-27T02:56:56.395+0000] {dag.py:3954} INFO - Setting next_dagrun for example_python_decorator to None, run_after=None
[2024-05-27T02:56:56.419+0000] {processor.py:183} INFO - Processing /home/airflow/.local/lib/python3.12/site-packages/airflow/example_dags/example_python_decorator.py took 0.070 seconds
[2024-05-27T02:57:26.679+0000] {processor.py:161} INFO - Started process (PID=105) to work on /home/airflow/.local/lib/python3.12/site-packages/airflow/example_dags/example_python_decorator.py
[2024-05-27T02:57:26.680+0000] {processor.py:830} INFO - Processing file /home/airflow/.local/lib/python3.12/site-packages/airflow/example_dags/example_python_decorator.py for tasks to queue
[2024-05-27T02:57:26.680+0000] {logging_mixin.py:188} INFO - [2024-05-27T02:57:26.680+0000] {dagbag.py:545} INFO - Filling up the DagBag from /home/airflow/.local/lib/python3.12/site-packages/airflow/example_dags/example_python_decorator.py
[2024-05-27T02:57:26.686+0000] {processor.py:840} INFO - DAG(s) 'example_python_decorator' retrieved from /home/airflow/.local/lib/python3.12/site-packages/airflow/example_dags/example_python_decorator.py
[2024-05-27T02:57:26.733+0000] {logging_mixin.py:188} INFO - [2024-05-27T02:57:26.733+0000] {dag.py:3096} INFO - Sync 1 DAGs
[2024-05-27T02:57:26.739+0000] {logging_mixin.py:188} INFO - [2024-05-27T02:57:26.739+0000] {dag.py:3954} INFO - Setting next_dagrun for example_python_decorator to None, run_after=None
[2024-05-27T02:57:26.750+0000] {processor.py:183} INFO - Processing /home/airflow/.local/lib/python3.12/site-packages/airflow/example_dags/example_python_decorator.py took 0.074 seconds
[2024-05-27T02:57:56.806+0000] {processor.py:161} INFO - Started process (PID=164) to work on /home/airflow/.local/lib/python3.12/site-packages/airflow/example_dags/example_python_decorator.py
[2024-05-27T02:57:56.807+0000] {processor.py:830} INFO - Processing file /home/airflow/.local/lib/python3.12/site-packages/airflow/example_dags/example_python_decorator.py for tasks to queue
[2024-05-27T02:57:56.808+0000] {logging_mixin.py:188} INFO - [2024-05-27T02:57:56.808+0000] {dagbag.py:545} INFO - Filling up the DagBag from /home/airflow/.local/lib/python3.12/site-packages/airflow/example_dags/example_python_decorator.py
[2024-05-27T02:57:56.814+0000] {processor.py:840} INFO - DAG(s) 'example_python_decorator' retrieved from /home/airflow/.local/lib/python3.12/site-packages/airflow/example_dags/example_python_decorator.py
[2024-05-27T02:57:56.824+0000] {logging_mixin.py:188} INFO - [2024-05-27T02:57:56.824+0000] {dag.py:3096} INFO - Sync 1 DAGs
[2024-05-27T02:57:56.829+0000] {logging_mixin.py:188} INFO - [2024-05-27T02:57:56.829+0000] {dag.py:3954} INFO - Setting next_dagrun for example_python_decorator to None, run_after=None
[2024-05-27T02:57:56.837+0000] {processor.py:183} INFO - Processing /home/airflow/.local/lib/python3.12/site-packages/airflow/example_dags/example_python_decorator.py took 0.034 seconds
[2024-05-27T02:58:27.399+0000] {processor.py:161} INFO - Started process (PID=223) to work on /home/airflow/.local/lib/python3.12/site-packages/airflow/example_dags/example_python_decorator.py
[2024-05-27T02:58:27.399+0000] {processor.py:830} INFO - Processing file /home/airflow/.local/lib/python3.12/site-packages/airflow/example_dags/example_python_decorator.py for tasks to queue
[2024-05-27T02:58:27.400+0000] {logging_mixin.py:188} INFO - [2024-05-27T02:58:27.400+0000] {dagbag.py:545} INFO - Filling up the DagBag from /home/airflow/.local/lib/python3.12/site-packages/airflow/example_dags/example_python_decorator.py
[2024-05-27T02:58:27.406+0000] {processor.py:840} INFO - DAG(s) 'example_python_decorator' retrieved from /home/airflow/.local/lib/python3.12/site-packages/airflow/example_dags/example_python_decorator.py
[2024-05-27T02:58:27.417+0000] {logging_mixin.py:188} INFO - [2024-05-27T02:58:27.417+0000] {dag.py:3096} INFO - Sync 1 DAGs
[2024-05-27T02:58:27.423+0000] {logging_mixin.py:188} INFO - [2024-05-27T02:58:27.423+0000] {dag.py:3954} INFO - Setting next_dagrun for example_python_decorator to None, run_after=None
[2024-05-27T02:58:27.430+0000] {processor.py:183} INFO - Processing /home/airflow/.local/lib/python3.12/site-packages/airflow/example_dags/example_python_decorator.py took 0.034 seconds
[2024-05-27T02:58:57.983+0000] {processor.py:161} INFO - Started process (PID=282) to work on /home/airflow/.local/lib/python3.12/site-packages/airflow/example_dags/example_python_decorator.py
[2024-05-27T02:58:57.984+0000] {processor.py:830} INFO - Processing file /home/airflow/.local/lib/python3.12/site-packages/airflow/example_dags/example_python_decorator.py for tasks to queue
[2024-05-27T02:58:57.985+0000] {logging_mixin.py:188} INFO - [2024-05-27T02:58:57.984+0000] {dagbag.py:545} INFO - Filling up the DagBag from /home/airflow/.local/lib/python3.12/site-packages/airflow/example_dags/example_python_decorator.py
[2024-05-27T02:58:57.991+0000] {processor.py:840} INFO - DAG(s) 'example_python_decorator' retrieved from /home/airflow/.local/lib/python3.12/site-packages/airflow/example_dags/example_python_decorator.py
[2024-05-27T02:58:58.002+0000] {logging_mixin.py:188} INFO - [2024-05-27T02:58:58.002+0000] {dag.py:3096} INFO - Sync 1 DAGs
[2024-05-27T02:58:58.007+0000] {logging_mixin.py:188} INFO - [2024-05-27T02:58:58.007+0000] {dag.py:3954} INFO - Setting next_dagrun for example_python_decorator to None, run_after=None
[2024-05-27T02:58:58.016+0000] {processor.py:183} INFO - Processing /home/airflow/.local/lib/python3.12/site-packages/airflow/example_dags/example_python_decorator.py took 0.036 seconds
[2024-05-27T02:59:28.528+0000] {processor.py:161} INFO - Started process (PID=341) to work on /home/airflow/.local/lib/python3.12/site-packages/airflow/example_dags/example_python_decorator.py
[2024-05-27T02:59:28.529+0000] {processor.py:830} INFO - Processing file /home/airflow/.local/lib/python3.12/site-packages/airflow/example_dags/example_python_decorator.py for tasks to queue
[2024-05-27T02:59:28.530+0000] {logging_mixin.py:188} INFO - [2024-05-27T02:59:28.530+0000] {dagbag.py:545} INFO - Filling up the DagBag from /home/airflow/.local/lib/python3.12/site-packages/airflow/example_dags/example_python_decorator.py
[2024-05-27T02:59:28.536+0000] {processor.py:840} INFO - DAG(s) 'example_python_decorator' retrieved from /home/airflow/.local/lib/python3.12/site-packages/airflow/example_dags/example_python_decorator.py
[2024-05-27T02:59:28.546+0000] {logging_mixin.py:188} INFO - [2024-05-27T02:59:28.546+0000] {dag.py:3096} INFO - Sync 1 DAGs
[2024-05-27T02:59:28.551+0000] {logging_mixin.py:188} INFO - [2024-05-27T02:59:28.551+0000] {dag.py:3954} INFO - Setting next_dagrun for example_python_decorator to None, run_after=None
[2024-05-27T02:59:28.559+0000] {processor.py:183} INFO - Processing /home/airflow/.local/lib/python3.12/site-packages/airflow/example_dags/example_python_decorator.py took 0.033 seconds
[2024-05-27T02:59:59.097+0000] {processor.py:161} INFO - Started process (PID=400) to work on /home/airflow/.local/lib/python3.12/site-packages/airflow/example_dags/example_python_decorator.py
[2024-05-27T02:59:59.099+0000] {processor.py:830} INFO - Processing file /home/airflow/.local/lib/python3.12/site-packages/airflow/example_dags/example_python_decorator.py for tasks to queue
[2024-05-27T02:59:59.100+0000] {logging_mixin.py:188} INFO - [2024-05-27T02:59:59.100+0000] {dagbag.py:545} INFO - Filling up the DagBag from /home/airflow/.local/lib/python3.12/site-packages/airflow/example_dags/example_python_decorator.py
[2024-05-27T02:59:59.106+0000] {processor.py:840} INFO - DAG(s) 'example_python_decorator' retrieved from /home/airflow/.local/lib/python3.12/site-packages/airflow/example_dags/example_python_decorator.py
[2024-05-27T02:59:59.116+0000] {logging_mixin.py:188} INFO - [2024-05-27T02:59:59.116+0000] {dag.py:3096} INFO - Sync 1 DAGs
[2024-05-27T02:59:59.122+0000] {logging_mixin.py:188} INFO - [2024-05-27T02:59:59.121+0000] {dag.py:3954} INFO - Setting next_dagrun for example_python_decorator to None, run_after=None
[2024-05-27T02:59:59.129+0000] {processor.py:183} INFO - Processing /home/airflow/.local/lib/python3.12/site-packages/airflow/example_dags/example_python_decorator.py took 0.035 seconds
[2024-05-27T03:00:29.684+0000] {processor.py:161} INFO - Started process (PID=459) to work on /home/airflow/.local/lib/python3.12/site-packages/airflow/example_dags/example_python_decorator.py
[2024-05-27T03:00:29.685+0000] {processor.py:830} INFO - Processing file /home/airflow/.local/lib/python3.12/site-packages/airflow/example_dags/example_python_decorator.py for tasks to queue
[2024-05-27T03:00:29.686+0000] {logging_mixin.py:188} INFO - [2024-05-27T03:00:29.686+0000] {dagbag.py:545} INFO - Filling up the DagBag from /home/airflow/.local/lib/python3.12/site-packages/airflow/example_dags/example_python_decorator.py
[2024-05-27T03:00:29.693+0000] {processor.py:840} INFO - DAG(s) 'example_python_decorator' retrieved from /home/airflow/.local/lib/python3.12/site-packages/airflow/example_dags/example_python_decorator.py
[2024-05-27T03:00:29.705+0000] {logging_mixin.py:188} INFO - [2024-05-27T03:00:29.705+0000] {dag.py:3096} INFO - Sync 1 DAGs
[2024-05-27T03:00:29.712+0000] {logging_mixin.py:188} INFO - [2024-05-27T03:00:29.712+0000] {dag.py:3954} INFO - Setting next_dagrun for example_python_decorator to None, run_after=None
[2024-05-27T03:00:29.756+0000] {processor.py:183} INFO - Processing /home/airflow/.local/lib/python3.12/site-packages/airflow/example_dags/example_python_decorator.py took 0.075 seconds
[2024-05-27T03:01:00.205+0000] {processor.py:161} INFO - Started process (PID=517) to work on /home/airflow/.local/lib/python3.12/site-packages/airflow/example_dags/example_python_decorator.py
[2024-05-27T03:01:00.206+0000] {processor.py:830} INFO - Processing file /home/airflow/.local/lib/python3.12/site-packages/airflow/example_dags/example_python_decorator.py for tasks to queue
[2024-05-27T03:01:00.207+0000] {logging_mixin.py:188} INFO - [2024-05-27T03:01:00.207+0000] {dagbag.py:545} INFO - Filling up the DagBag from /home/airflow/.local/lib/python3.12/site-packages/airflow/example_dags/example_python_decorator.py
[2024-05-27T03:01:00.213+0000] {processor.py:840} INFO - DAG(s) 'example_python_decorator' retrieved from /home/airflow/.local/lib/python3.12/site-packages/airflow/example_dags/example_python_decorator.py
[2024-05-27T03:01:00.223+0000] {logging_mixin.py:188} INFO - [2024-05-27T03:01:00.223+0000] {dag.py:3096} INFO - Sync 1 DAGs
[2024-05-27T03:01:00.229+0000] {logging_mixin.py:188} INFO - [2024-05-27T03:01:00.229+0000] {dag.py:3954} INFO - Setting next_dagrun for example_python_decorator to None, run_after=None
[2024-05-27T03:01:00.237+0000] {processor.py:183} INFO - Processing /home/airflow/.local/lib/python3.12/site-packages/airflow/example_dags/example_python_decorator.py took 0.034 seconds
[2024-05-27T03:01:30.780+0000] {processor.py:161} INFO - Started process (PID=576) to work on /home/airflow/.local/lib/python3.12/site-packages/airflow/example_dags/example_python_decorator.py
[2024-05-27T03:01:30.781+0000] {processor.py:830} INFO - Processing file /home/airflow/.local/lib/python3.12/site-packages/airflow/example_dags/example_python_decorator.py for tasks to queue
[2024-05-27T03:01:30.782+0000] {logging_mixin.py:188} INFO - [2024-05-27T03:01:30.782+0000] {dagbag.py:545} INFO - Filling up the DagBag from /home/airflow/.local/lib/python3.12/site-packages/airflow/example_dags/example_python_decorator.py
[2024-05-27T03:01:30.788+0000] {processor.py:840} INFO - DAG(s) 'example_python_decorator' retrieved from /home/airflow/.local/lib/python3.12/site-packages/airflow/example_dags/example_python_decorator.py
[2024-05-27T03:01:30.798+0000] {logging_mixin.py:188} INFO - [2024-05-27T03:01:30.798+0000] {dag.py:3096} INFO - Sync 1 DAGs
[2024-05-27T03:01:30.803+0000] {logging_mixin.py:188} INFO - [2024-05-27T03:01:30.803+0000] {dag.py:3954} INFO - Setting next_dagrun for example_python_decorator to None, run_after=None
[2024-05-27T03:01:30.811+0000] {processor.py:183} INFO - Processing /home/airflow/.local/lib/python3.12/site-packages/airflow/example_dags/example_python_decorator.py took 0.034 seconds
[2024-05-27T03:02:01.440+0000] {processor.py:161} INFO - Started process (PID=635) to work on /home/airflow/.local/lib/python3.12/site-packages/airflow/example_dags/example_python_decorator.py
[2024-05-27T03:02:01.441+0000] {processor.py:830} INFO - Processing file /home/airflow/.local/lib/python3.12/site-packages/airflow/example_dags/example_python_decorator.py for tasks to queue
[2024-05-27T03:02:01.442+0000] {logging_mixin.py:188} INFO - [2024-05-27T03:02:01.441+0000] {dagbag.py:545} INFO - Filling up the DagBag from /home/airflow/.local/lib/python3.12/site-packages/airflow/example_dags/example_python_decorator.py
[2024-05-27T03:02:01.448+0000] {processor.py:840} INFO - DAG(s) 'example_python_decorator' retrieved from /home/airflow/.local/lib/python3.12/site-packages/airflow/example_dags/example_python_decorator.py
[2024-05-27T03:02:01.458+0000] {logging_mixin.py:188} INFO - [2024-05-27T03:02:01.458+0000] {dag.py:3096} INFO - Sync 1 DAGs
[2024-05-27T03:02:01.463+0000] {logging_mixin.py:188} INFO - [2024-05-27T03:02:01.463+0000] {dag.py:3954} INFO - Setting next_dagrun for example_python_decorator to None, run_after=None
[2024-05-27T03:02:01.471+0000] {processor.py:183} INFO - Processing /home/airflow/.local/lib/python3.12/site-packages/airflow/example_dags/example_python_decorator.py took 0.033 seconds
[2024-05-27T03:02:32.027+0000] {processor.py:161} INFO - Started process (PID=694) to work on /home/airflow/.local/lib/python3.12/site-packages/airflow/example_dags/example_python_decorator.py
[2024-05-27T03:02:32.027+0000] {processor.py:830} INFO - Processing file /home/airflow/.local/lib/python3.12/site-packages/airflow/example_dags/example_python_decorator.py for tasks to queue
[2024-05-27T03:02:32.028+0000] {logging_mixin.py:188} INFO - [2024-05-27T03:02:32.028+0000] {dagbag.py:545} INFO - Filling up the DagBag from /home/airflow/.local/lib/python3.12/site-packages/airflow/example_dags/example_python_decorator.py
[2024-05-27T03:02:32.034+0000] {processor.py:840} INFO - DAG(s) 'example_python_decorator' retrieved from /home/airflow/.local/lib/python3.12/site-packages/airflow/example_dags/example_python_decorator.py
[2024-05-27T03:02:32.044+0000] {logging_mixin.py:188} INFO - [2024-05-27T03:02:32.044+0000] {dag.py:3096} INFO - Sync 1 DAGs
[2024-05-27T03:02:32.049+0000] {logging_mixin.py:188} INFO - [2024-05-27T03:02:32.049+0000] {dag.py:3954} INFO - Setting next_dagrun for example_python_decorator to None, run_after=None
[2024-05-27T03:02:32.056+0000] {processor.py:183} INFO - Processing /home/airflow/.local/lib/python3.12/site-packages/airflow/example_dags/example_python_decorator.py took 0.033 seconds
[2024-05-27T03:03:02.589+0000] {processor.py:161} INFO - Started process (PID=753) to work on /home/airflow/.local/lib/python3.12/site-packages/airflow/example_dags/example_python_decorator.py
[2024-05-27T03:03:02.590+0000] {processor.py:830} INFO - Processing file /home/airflow/.local/lib/python3.12/site-packages/airflow/example_dags/example_python_decorator.py for tasks to queue
[2024-05-27T03:03:02.591+0000] {logging_mixin.py:188} INFO - [2024-05-27T03:03:02.591+0000] {dagbag.py:545} INFO - Filling up the DagBag from /home/airflow/.local/lib/python3.12/site-packages/airflow/example_dags/example_python_decorator.py
[2024-05-27T03:03:02.598+0000] {processor.py:840} INFO - DAG(s) 'example_python_decorator' retrieved from /home/airflow/.local/lib/python3.12/site-packages/airflow/example_dags/example_python_decorator.py
[2024-05-27T03:03:02.611+0000] {logging_mixin.py:188} INFO - [2024-05-27T03:03:02.611+0000] {dag.py:3096} INFO - Sync 1 DAGs
[2024-05-27T03:03:02.617+0000] {logging_mixin.py:188} INFO - [2024-05-27T03:03:02.617+0000] {dag.py:3954} INFO - Setting next_dagrun for example_python_decorator to None, run_after=None
[2024-05-27T03:03:02.629+0000] {processor.py:183} INFO - Processing /home/airflow/.local/lib/python3.12/site-packages/airflow/example_dags/example_python_decorator.py took 0.043 seconds
[2024-05-27T03:03:33.136+0000] {processor.py:161} INFO - Started process (PID=812) to work on /home/airflow/.local/lib/python3.12/site-packages/airflow/example_dags/example_python_decorator.py
[2024-05-27T03:03:33.136+0000] {processor.py:830} INFO - Processing file /home/airflow/.local/lib/python3.12/site-packages/airflow/example_dags/example_python_decorator.py for tasks to queue
[2024-05-27T03:03:33.137+0000] {logging_mixin.py:188} INFO - [2024-05-27T03:03:33.137+0000] {dagbag.py:545} INFO - Filling up the DagBag from /home/airflow/.local/lib/python3.12/site-packages/airflow/example_dags/example_python_decorator.py
[2024-05-27T03:03:33.144+0000] {processor.py:840} INFO - DAG(s) 'example_python_decorator' retrieved from /home/airflow/.local/lib/python3.12/site-packages/airflow/example_dags/example_python_decorator.py
[2024-05-27T03:03:33.155+0000] {logging_mixin.py:188} INFO - [2024-05-27T03:03:33.155+0000] {dag.py:3096} INFO - Sync 1 DAGs
[2024-05-27T03:03:33.161+0000] {logging_mixin.py:188} INFO - [2024-05-27T03:03:33.161+0000] {dag.py:3954} INFO - Setting next_dagrun for example_python_decorator to None, run_after=None
[2024-05-27T03:03:33.169+0000] {processor.py:183} INFO - Processing /home/airflow/.local/lib/python3.12/site-packages/airflow/example_dags/example_python_decorator.py took 0.036 seconds
[2024-05-27T03:04:03.799+0000] {processor.py:161} INFO - Started process (PID=870) to work on /home/airflow/.local/lib/python3.12/site-packages/airflow/example_dags/example_python_decorator.py
[2024-05-27T03:04:03.800+0000] {processor.py:830} INFO - Processing file /home/airflow/.local/lib/python3.12/site-packages/airflow/example_dags/example_python_decorator.py for tasks to queue
[2024-05-27T03:04:03.801+0000] {logging_mixin.py:188} INFO - [2024-05-27T03:04:03.801+0000] {dagbag.py:545} INFO - Filling up the DagBag from /home/airflow/.local/lib/python3.12/site-packages/airflow/example_dags/example_python_decorator.py
[2024-05-27T03:04:03.807+0000] {processor.py:840} INFO - DAG(s) 'example_python_decorator' retrieved from /home/airflow/.local/lib/python3.12/site-packages/airflow/example_dags/example_python_decorator.py
[2024-05-27T03:04:03.817+0000] {logging_mixin.py:188} INFO - [2024-05-27T03:04:03.817+0000] {dag.py:3096} INFO - Sync 1 DAGs
[2024-05-27T03:04:03.822+0000] {logging_mixin.py:188} INFO - [2024-05-27T03:04:03.822+0000] {dag.py:3954} INFO - Setting next_dagrun for example_python_decorator to None, run_after=None
[2024-05-27T03:04:03.830+0000] {processor.py:183} INFO - Processing /home/airflow/.local/lib/python3.12/site-packages/airflow/example_dags/example_python_decorator.py took 0.033 seconds
[2024-05-27T03:04:34.622+0000] {processor.py:161} INFO - Started process (PID=929) to work on /home/airflow/.local/lib/python3.12/site-packages/airflow/example_dags/example_python_decorator.py
[2024-05-27T03:04:34.623+0000] {processor.py:830} INFO - Processing file /home/airflow/.local/lib/python3.12/site-packages/airflow/example_dags/example_python_decorator.py for tasks to queue
[2024-05-27T03:04:34.624+0000] {logging_mixin.py:188} INFO - [2024-05-27T03:04:34.624+0000] {dagbag.py:545} INFO - Filling up the DagBag from /home/airflow/.local/lib/python3.12/site-packages/airflow/example_dags/example_python_decorator.py
[2024-05-27T03:04:34.630+0000] {processor.py:840} INFO - DAG(s) 'example_python_decorator' retrieved from /home/airflow/.local/lib/python3.12/site-packages/airflow/example_dags/example_python_decorator.py
[2024-05-27T03:04:34.640+0000] {logging_mixin.py:188} INFO - [2024-05-27T03:04:34.640+0000] {dag.py:3096} INFO - Sync 1 DAGs
[2024-05-27T03:04:34.646+0000] {logging_mixin.py:188} INFO - [2024-05-27T03:04:34.646+0000] {dag.py:3954} INFO - Setting next_dagrun for example_python_decorator to None, run_after=None
[2024-05-27T03:04:34.653+0000] {processor.py:183} INFO - Processing /home/airflow/.local/lib/python3.12/site-packages/airflow/example_dags/example_python_decorator.py took 0.034 seconds
[2024-05-27T03:05:05.285+0000] {processor.py:161} INFO - Started process (PID=988) to work on /home/airflow/.local/lib/python3.12/site-packages/airflow/example_dags/example_python_decorator.py
[2024-05-27T03:05:05.286+0000] {processor.py:830} INFO - Processing file /home/airflow/.local/lib/python3.12/site-packages/airflow/example_dags/example_python_decorator.py for tasks to queue
[2024-05-27T03:05:05.287+0000] {logging_mixin.py:188} INFO - [2024-05-27T03:05:05.287+0000] {dagbag.py:545} INFO - Filling up the DagBag from /home/airflow/.local/lib/python3.12/site-packages/airflow/example_dags/example_python_decorator.py
[2024-05-27T03:05:05.293+0000] {processor.py:840} INFO - DAG(s) 'example_python_decorator' retrieved from /home/airflow/.local/lib/python3.12/site-packages/airflow/example_dags/example_python_decorator.py
[2024-05-27T03:05:05.303+0000] {logging_mixin.py:188} INFO - [2024-05-27T03:05:05.303+0000] {dag.py:3096} INFO - Sync 1 DAGs
[2024-05-27T03:05:05.309+0000] {logging_mixin.py:188} INFO - [2024-05-27T03:05:05.308+0000] {dag.py:3954} INFO - Setting next_dagrun for example_python_decorator to None, run_after=None
[2024-05-27T03:05:05.317+0000] {processor.py:183} INFO - Processing /home/airflow/.local/lib/python3.12/site-packages/airflow/example_dags/example_python_decorator.py took 0.034 seconds
[2024-05-27T03:05:35.875+0000] {processor.py:161} INFO - Started process (PID=1047) to work on /home/airflow/.local/lib/python3.12/site-packages/airflow/example_dags/example_python_decorator.py
[2024-05-27T03:05:35.875+0000] {processor.py:830} INFO - Processing file /home/airflow/.local/lib/python3.12/site-packages/airflow/example_dags/example_python_decorator.py for tasks to queue
[2024-05-27T03:05:35.876+0000] {logging_mixin.py:188} INFO - [2024-05-27T03:05:35.876+0000] {dagbag.py:545} INFO - Filling up the DagBag from /home/airflow/.local/lib/python3.12/site-packages/airflow/example_dags/example_python_decorator.py
[2024-05-27T03:05:35.882+0000] {processor.py:840} INFO - DAG(s) 'example_python_decorator' retrieved from /home/airflow/.local/lib/python3.12/site-packages/airflow/example_dags/example_python_decorator.py
[2024-05-27T03:05:35.892+0000] {logging_mixin.py:188} INFO - [2024-05-27T03:05:35.892+0000] {dag.py:3096} INFO - Sync 1 DAGs
[2024-05-27T03:05:35.897+0000] {logging_mixin.py:188} INFO - [2024-05-27T03:05:35.897+0000] {dag.py:3954} INFO - Setting next_dagrun for example_python_decorator to None, run_after=None
[2024-05-27T03:05:35.905+0000] {processor.py:183} INFO - Processing /home/airflow/.local/lib/python3.12/site-packages/airflow/example_dags/example_python_decorator.py took 0.034 seconds
[2024-05-27T03:06:06.479+0000] {processor.py:161} INFO - Started process (PID=1106) to work on /home/airflow/.local/lib/python3.12/site-packages/airflow/example_dags/example_python_decorator.py
[2024-05-27T03:06:06.479+0000] {processor.py:830} INFO - Processing file /home/airflow/.local/lib/python3.12/site-packages/airflow/example_dags/example_python_decorator.py for tasks to queue
[2024-05-27T03:06:06.480+0000] {logging_mixin.py:188} INFO - [2024-05-27T03:06:06.480+0000] {dagbag.py:545} INFO - Filling up the DagBag from /home/airflow/.local/lib/python3.12/site-packages/airflow/example_dags/example_python_decorator.py
[2024-05-27T03:06:06.487+0000] {processor.py:840} INFO - DAG(s) 'example_python_decorator' retrieved from /home/airflow/.local/lib/python3.12/site-packages/airflow/example_dags/example_python_decorator.py
[2024-05-27T03:06:06.498+0000] {logging_mixin.py:188} INFO - [2024-05-27T03:06:06.498+0000] {dag.py:3096} INFO - Sync 1 DAGs
[2024-05-27T03:06:06.504+0000] {logging_mixin.py:188} INFO - [2024-05-27T03:06:06.504+0000] {dag.py:3954} INFO - Setting next_dagrun for example_python_decorator to None, run_after=None
[2024-05-27T03:06:06.511+0000] {processor.py:183} INFO - Processing /home/airflow/.local/lib/python3.12/site-packages/airflow/example_dags/example_python_decorator.py took 0.035 seconds
[2024-05-27T03:06:37.202+0000] {processor.py:161} INFO - Started process (PID=1165) to work on /home/airflow/.local/lib/python3.12/site-packages/airflow/example_dags/example_python_decorator.py
[2024-05-27T03:06:37.203+0000] {processor.py:830} INFO - Processing file /home/airflow/.local/lib/python3.12/site-packages/airflow/example_dags/example_python_decorator.py for tasks to queue
[2024-05-27T03:06:37.204+0000] {logging_mixin.py:188} INFO - [2024-05-27T03:06:37.203+0000] {dagbag.py:545} INFO - Filling up the DagBag from /home/airflow/.local/lib/python3.12/site-packages/airflow/example_dags/example_python_decorator.py
[2024-05-27T03:06:37.210+0000] {processor.py:840} INFO - DAG(s) 'example_python_decorator' retrieved from /home/airflow/.local/lib/python3.12/site-packages/airflow/example_dags/example_python_decorator.py
[2024-05-27T03:06:37.219+0000] {logging_mixin.py:188} INFO - [2024-05-27T03:06:37.219+0000] {dag.py:3096} INFO - Sync 1 DAGs
[2024-05-27T03:06:37.225+0000] {logging_mixin.py:188} INFO - [2024-05-27T03:06:37.225+0000] {dag.py:3954} INFO - Setting next_dagrun for example_python_decorator to None, run_after=None
[2024-05-27T03:06:37.234+0000] {processor.py:183} INFO - Processing /home/airflow/.local/lib/python3.12/site-packages/airflow/example_dags/example_python_decorator.py took 0.035 seconds
[2024-05-27T03:07:07.732+0000] {processor.py:161} INFO - Started process (PID=1224) to work on /home/airflow/.local/lib/python3.12/site-packages/airflow/example_dags/example_python_decorator.py
[2024-05-27T03:07:07.732+0000] {processor.py:830} INFO - Processing file /home/airflow/.local/lib/python3.12/site-packages/airflow/example_dags/example_python_decorator.py for tasks to queue
[2024-05-27T03:07:07.733+0000] {logging_mixin.py:188} INFO - [2024-05-27T03:07:07.733+0000] {dagbag.py:545} INFO - Filling up the DagBag from /home/airflow/.local/lib/python3.12/site-packages/airflow/example_dags/example_python_decorator.py
[2024-05-27T03:07:07.739+0000] {processor.py:840} INFO - DAG(s) 'example_python_decorator' retrieved from /home/airflow/.local/lib/python3.12/site-packages/airflow/example_dags/example_python_decorator.py
[2024-05-27T03:07:07.750+0000] {logging_mixin.py:188} INFO - [2024-05-27T03:07:07.749+0000] {dag.py:3096} INFO - Sync 1 DAGs
[2024-05-27T03:07:07.755+0000] {logging_mixin.py:188} INFO - [2024-05-27T03:07:07.755+0000] {dag.py:3954} INFO - Setting next_dagrun for example_python_decorator to None, run_after=None
[2024-05-27T03:07:07.762+0000] {processor.py:183} INFO - Processing /home/airflow/.local/lib/python3.12/site-packages/airflow/example_dags/example_python_decorator.py took 0.033 seconds
[2024-05-27T03:07:38.352+0000] {processor.py:161} INFO - Started process (PID=1283) to work on /home/airflow/.local/lib/python3.12/site-packages/airflow/example_dags/example_python_decorator.py
[2024-05-27T03:07:38.353+0000] {processor.py:830} INFO - Processing file /home/airflow/.local/lib/python3.12/site-packages/airflow/example_dags/example_python_decorator.py for tasks to queue
[2024-05-27T03:07:38.354+0000] {logging_mixin.py:188} INFO - [2024-05-27T03:07:38.354+0000] {dagbag.py:545} INFO - Filling up the DagBag from /home/airflow/.local/lib/python3.12/site-packages/airflow/example_dags/example_python_decorator.py
[2024-05-27T03:07:38.360+0000] {processor.py:840} INFO - DAG(s) 'example_python_decorator' retrieved from /home/airflow/.local/lib/python3.12/site-packages/airflow/example_dags/example_python_decorator.py
[2024-05-27T03:07:38.370+0000] {logging_mixin.py:188} INFO - [2024-05-27T03:07:38.370+0000] {dag.py:3096} INFO - Sync 1 DAGs
[2024-05-27T03:07:38.375+0000] {logging_mixin.py:188} INFO - [2024-05-27T03:07:38.375+0000] {dag.py:3954} INFO - Setting next_dagrun for example_python_decorator to None, run_after=None
[2024-05-27T03:07:38.382+0000] {processor.py:183} INFO - Processing /home/airflow/.local/lib/python3.12/site-packages/airflow/example_dags/example_python_decorator.py took 0.033 seconds
[2024-05-27T03:08:36.688+0000] {processor.py:161} INFO - Started process (PID=46) to work on /home/airflow/.local/lib/python3.12/site-packages/airflow/example_dags/example_python_decorator.py
[2024-05-27T03:08:36.690+0000] {processor.py:830} INFO - Processing file /home/airflow/.local/lib/python3.12/site-packages/airflow/example_dags/example_python_decorator.py for tasks to queue
[2024-05-27T03:08:36.692+0000] {logging_mixin.py:188} INFO - [2024-05-27T03:08:36.691+0000] {dagbag.py:545} INFO - Filling up the DagBag from /home/airflow/.local/lib/python3.12/site-packages/airflow/example_dags/example_python_decorator.py
[2024-05-27T03:08:36.705+0000] {processor.py:840} INFO - DAG(s) 'example_python_decorator' retrieved from /home/airflow/.local/lib/python3.12/site-packages/airflow/example_dags/example_python_decorator.py
[2024-05-27T03:08:36.720+0000] {logging_mixin.py:188} INFO - [2024-05-27T03:08:36.720+0000] {dag.py:3096} INFO - Sync 1 DAGs
[2024-05-27T03:08:36.734+0000] {logging_mixin.py:188} INFO - [2024-05-27T03:08:36.734+0000] {dag.py:3954} INFO - Setting next_dagrun for example_python_decorator to None, run_after=None
[2024-05-27T03:08:36.757+0000] {processor.py:183} INFO - Processing /home/airflow/.local/lib/python3.12/site-packages/airflow/example_dags/example_python_decorator.py took 0.075 seconds
[2024-05-27T03:09:07.108+0000] {processor.py:161} INFO - Started process (PID=105) to work on /home/airflow/.local/lib/python3.12/site-packages/airflow/example_dags/example_python_decorator.py
[2024-05-27T03:09:07.109+0000] {processor.py:830} INFO - Processing file /home/airflow/.local/lib/python3.12/site-packages/airflow/example_dags/example_python_decorator.py for tasks to queue
[2024-05-27T03:09:07.110+0000] {logging_mixin.py:188} INFO - [2024-05-27T03:09:07.110+0000] {dagbag.py:545} INFO - Filling up the DagBag from /home/airflow/.local/lib/python3.12/site-packages/airflow/example_dags/example_python_decorator.py
[2024-05-27T03:09:07.116+0000] {processor.py:840} INFO - DAG(s) 'example_python_decorator' retrieved from /home/airflow/.local/lib/python3.12/site-packages/airflow/example_dags/example_python_decorator.py
[2024-05-27T03:09:07.174+0000] {logging_mixin.py:188} INFO - [2024-05-27T03:09:07.174+0000] {dag.py:3096} INFO - Sync 1 DAGs
[2024-05-27T03:09:07.180+0000] {logging_mixin.py:188} INFO - [2024-05-27T03:09:07.180+0000] {dag.py:3954} INFO - Setting next_dagrun for example_python_decorator to None, run_after=None
[2024-05-27T03:09:07.191+0000] {processor.py:183} INFO - Processing /home/airflow/.local/lib/python3.12/site-packages/airflow/example_dags/example_python_decorator.py took 0.087 seconds
[2024-05-27T03:09:37.277+0000] {processor.py:161} INFO - Started process (PID=164) to work on /home/airflow/.local/lib/python3.12/site-packages/airflow/example_dags/example_python_decorator.py
[2024-05-27T03:09:37.277+0000] {processor.py:830} INFO - Processing file /home/airflow/.local/lib/python3.12/site-packages/airflow/example_dags/example_python_decorator.py for tasks to queue
[2024-05-27T03:09:37.278+0000] {logging_mixin.py:188} INFO - [2024-05-27T03:09:37.278+0000] {dagbag.py:545} INFO - Filling up the DagBag from /home/airflow/.local/lib/python3.12/site-packages/airflow/example_dags/example_python_decorator.py
[2024-05-27T03:09:37.284+0000] {processor.py:840} INFO - DAG(s) 'example_python_decorator' retrieved from /home/airflow/.local/lib/python3.12/site-packages/airflow/example_dags/example_python_decorator.py
[2024-05-27T03:09:37.295+0000] {logging_mixin.py:188} INFO - [2024-05-27T03:09:37.294+0000] {dag.py:3096} INFO - Sync 1 DAGs
[2024-05-27T03:09:37.303+0000] {logging_mixin.py:188} INFO - [2024-05-27T03:09:37.303+0000] {dag.py:3954} INFO - Setting next_dagrun for example_python_decorator to None, run_after=None
[2024-05-27T03:09:37.312+0000] {processor.py:183} INFO - Processing /home/airflow/.local/lib/python3.12/site-packages/airflow/example_dags/example_python_decorator.py took 0.038 seconds
[2024-05-27T03:10:07.880+0000] {processor.py:161} INFO - Started process (PID=223) to work on /home/airflow/.local/lib/python3.12/site-packages/airflow/example_dags/example_python_decorator.py
[2024-05-27T03:10:07.881+0000] {processor.py:830} INFO - Processing file /home/airflow/.local/lib/python3.12/site-packages/airflow/example_dags/example_python_decorator.py for tasks to queue
[2024-05-27T03:10:07.882+0000] {logging_mixin.py:188} INFO - [2024-05-27T03:10:07.881+0000] {dagbag.py:545} INFO - Filling up the DagBag from /home/airflow/.local/lib/python3.12/site-packages/airflow/example_dags/example_python_decorator.py
[2024-05-27T03:10:07.888+0000] {processor.py:840} INFO - DAG(s) 'example_python_decorator' retrieved from /home/airflow/.local/lib/python3.12/site-packages/airflow/example_dags/example_python_decorator.py
[2024-05-27T03:10:07.898+0000] {logging_mixin.py:188} INFO - [2024-05-27T03:10:07.898+0000] {dag.py:3096} INFO - Sync 1 DAGs
[2024-05-27T03:10:07.904+0000] {logging_mixin.py:188} INFO - [2024-05-27T03:10:07.904+0000] {dag.py:3954} INFO - Setting next_dagrun for example_python_decorator to None, run_after=None
[2024-05-27T03:10:07.913+0000] {processor.py:183} INFO - Processing /home/airflow/.local/lib/python3.12/site-packages/airflow/example_dags/example_python_decorator.py took 0.035 seconds
[2024-05-27T03:20:24.398+0000] {processor.py:161} INFO - Started process (PID=46) to work on /home/airflow/.local/lib/python3.12/site-packages/airflow/example_dags/example_python_decorator.py
[2024-05-27T03:20:24.400+0000] {processor.py:830} INFO - Processing file /home/airflow/.local/lib/python3.12/site-packages/airflow/example_dags/example_python_decorator.py for tasks to queue
[2024-05-27T03:20:24.402+0000] {logging_mixin.py:188} INFO - [2024-05-27T03:20:24.401+0000] {dagbag.py:545} INFO - Filling up the DagBag from /home/airflow/.local/lib/python3.12/site-packages/airflow/example_dags/example_python_decorator.py
[2024-05-27T03:20:24.413+0000] {processor.py:840} INFO - DAG(s) 'example_python_decorator' retrieved from /home/airflow/.local/lib/python3.12/site-packages/airflow/example_dags/example_python_decorator.py
[2024-05-27T03:20:24.428+0000] {logging_mixin.py:188} INFO - [2024-05-27T03:20:24.427+0000] {dag.py:3096} INFO - Sync 1 DAGs
[2024-05-27T03:20:24.436+0000] {logging_mixin.py:188} INFO - [2024-05-27T03:20:24.436+0000] {dag.py:3954} INFO - Setting next_dagrun for example_python_decorator to None, run_after=None
[2024-05-27T03:20:24.453+0000] {processor.py:183} INFO - Processing /home/airflow/.local/lib/python3.12/site-packages/airflow/example_dags/example_python_decorator.py took 0.059 seconds
[2024-05-27T03:20:54.722+0000] {processor.py:161} INFO - Started process (PID=104) to work on /home/airflow/.local/lib/python3.12/site-packages/airflow/example_dags/example_python_decorator.py
[2024-05-27T03:20:54.722+0000] {processor.py:830} INFO - Processing file /home/airflow/.local/lib/python3.12/site-packages/airflow/example_dags/example_python_decorator.py for tasks to queue
[2024-05-27T03:20:54.723+0000] {logging_mixin.py:188} INFO - [2024-05-27T03:20:54.723+0000] {dagbag.py:545} INFO - Filling up the DagBag from /home/airflow/.local/lib/python3.12/site-packages/airflow/example_dags/example_python_decorator.py
[2024-05-27T03:20:54.729+0000] {processor.py:840} INFO - DAG(s) 'example_python_decorator' retrieved from /home/airflow/.local/lib/python3.12/site-packages/airflow/example_dags/example_python_decorator.py
[2024-05-27T03:20:54.771+0000] {logging_mixin.py:188} INFO - [2024-05-27T03:20:54.771+0000] {dag.py:3096} INFO - Sync 1 DAGs
[2024-05-27T03:20:54.776+0000] {logging_mixin.py:188} INFO - [2024-05-27T03:20:54.776+0000] {dag.py:3954} INFO - Setting next_dagrun for example_python_decorator to None, run_after=None
[2024-05-27T03:20:54.784+0000] {processor.py:183} INFO - Processing /home/airflow/.local/lib/python3.12/site-packages/airflow/example_dags/example_python_decorator.py took 0.065 seconds
[2024-05-27T03:21:24.800+0000] {processor.py:161} INFO - Started process (PID=163) to work on /home/airflow/.local/lib/python3.12/site-packages/airflow/example_dags/example_python_decorator.py
[2024-05-27T03:21:24.800+0000] {processor.py:830} INFO - Processing file /home/airflow/.local/lib/python3.12/site-packages/airflow/example_dags/example_python_decorator.py for tasks to queue
[2024-05-27T03:21:24.801+0000] {logging_mixin.py:188} INFO - [2024-05-27T03:21:24.801+0000] {dagbag.py:545} INFO - Filling up the DagBag from /home/airflow/.local/lib/python3.12/site-packages/airflow/example_dags/example_python_decorator.py
[2024-05-27T03:21:24.807+0000] {processor.py:840} INFO - DAG(s) 'example_python_decorator' retrieved from /home/airflow/.local/lib/python3.12/site-packages/airflow/example_dags/example_python_decorator.py
[2024-05-27T03:21:24.818+0000] {logging_mixin.py:188} INFO - [2024-05-27T03:21:24.817+0000] {dag.py:3096} INFO - Sync 1 DAGs
[2024-05-27T03:21:24.825+0000] {logging_mixin.py:188} INFO - [2024-05-27T03:21:24.825+0000] {dag.py:3954} INFO - Setting next_dagrun for example_python_decorator to None, run_after=None
[2024-05-27T03:21:24.836+0000] {processor.py:183} INFO - Processing /home/airflow/.local/lib/python3.12/site-packages/airflow/example_dags/example_python_decorator.py took 0.039 seconds
[2024-05-27T03:21:55.303+0000] {processor.py:161} INFO - Started process (PID=223) to work on /home/airflow/.local/lib/python3.12/site-packages/airflow/example_dags/example_python_decorator.py
[2024-05-27T03:21:55.304+0000] {processor.py:830} INFO - Processing file /home/airflow/.local/lib/python3.12/site-packages/airflow/example_dags/example_python_decorator.py for tasks to queue
[2024-05-27T03:21:55.305+0000] {logging_mixin.py:188} INFO - [2024-05-27T03:21:55.305+0000] {dagbag.py:545} INFO - Filling up the DagBag from /home/airflow/.local/lib/python3.12/site-packages/airflow/example_dags/example_python_decorator.py
[2024-05-27T03:21:55.312+0000] {processor.py:840} INFO - DAG(s) 'example_python_decorator' retrieved from /home/airflow/.local/lib/python3.12/site-packages/airflow/example_dags/example_python_decorator.py
[2024-05-27T03:21:55.322+0000] {logging_mixin.py:188} INFO - [2024-05-27T03:21:55.322+0000] {dag.py:3096} INFO - Sync 1 DAGs
[2024-05-27T03:21:55.327+0000] {logging_mixin.py:188} INFO - [2024-05-27T03:21:55.327+0000] {dag.py:3954} INFO - Setting next_dagrun for example_python_decorator to None, run_after=None
[2024-05-27T03:21:55.335+0000] {processor.py:183} INFO - Processing /home/airflow/.local/lib/python3.12/site-packages/airflow/example_dags/example_python_decorator.py took 0.035 seconds
[2024-05-27T03:22:25.934+0000] {processor.py:161} INFO - Started process (PID=282) to work on /home/airflow/.local/lib/python3.12/site-packages/airflow/example_dags/example_python_decorator.py
[2024-05-27T03:22:25.936+0000] {processor.py:830} INFO - Processing file /home/airflow/.local/lib/python3.12/site-packages/airflow/example_dags/example_python_decorator.py for tasks to queue
[2024-05-27T03:22:25.937+0000] {logging_mixin.py:188} INFO - [2024-05-27T03:22:25.937+0000] {dagbag.py:545} INFO - Filling up the DagBag from /home/airflow/.local/lib/python3.12/site-packages/airflow/example_dags/example_python_decorator.py
[2024-05-27T03:22:25.943+0000] {processor.py:840} INFO - DAG(s) 'example_python_decorator' retrieved from /home/airflow/.local/lib/python3.12/site-packages/airflow/example_dags/example_python_decorator.py
[2024-05-27T03:22:25.956+0000] {logging_mixin.py:188} INFO - [2024-05-27T03:22:25.955+0000] {dag.py:3096} INFO - Sync 1 DAGs
[2024-05-27T03:22:25.962+0000] {logging_mixin.py:188} INFO - [2024-05-27T03:22:25.962+0000] {dag.py:3954} INFO - Setting next_dagrun for example_python_decorator to None, run_after=None
[2024-05-27T03:22:25.970+0000] {processor.py:183} INFO - Processing /home/airflow/.local/lib/python3.12/site-packages/airflow/example_dags/example_python_decorator.py took 0.040 seconds
[2024-05-27T03:22:56.625+0000] {processor.py:161} INFO - Started process (PID=341) to work on /home/airflow/.local/lib/python3.12/site-packages/airflow/example_dags/example_python_decorator.py
[2024-05-27T03:22:56.625+0000] {processor.py:830} INFO - Processing file /home/airflow/.local/lib/python3.12/site-packages/airflow/example_dags/example_python_decorator.py for tasks to queue
[2024-05-27T03:22:56.627+0000] {logging_mixin.py:188} INFO - [2024-05-27T03:22:56.626+0000] {dagbag.py:545} INFO - Filling up the DagBag from /home/airflow/.local/lib/python3.12/site-packages/airflow/example_dags/example_python_decorator.py
[2024-05-27T03:22:56.633+0000] {processor.py:840} INFO - DAG(s) 'example_python_decorator' retrieved from /home/airflow/.local/lib/python3.12/site-packages/airflow/example_dags/example_python_decorator.py
[2024-05-27T03:22:56.644+0000] {logging_mixin.py:188} INFO - [2024-05-27T03:22:56.644+0000] {dag.py:3096} INFO - Sync 1 DAGs
[2024-05-27T03:22:56.650+0000] {logging_mixin.py:188} INFO - [2024-05-27T03:22:56.649+0000] {dag.py:3954} INFO - Setting next_dagrun for example_python_decorator to None, run_after=None
[2024-05-27T03:22:56.657+0000] {processor.py:183} INFO - Processing /home/airflow/.local/lib/python3.12/site-packages/airflow/example_dags/example_python_decorator.py took 0.036 seconds
[2024-05-27T03:23:27.205+0000] {processor.py:161} INFO - Started process (PID=400) to work on /home/airflow/.local/lib/python3.12/site-packages/airflow/example_dags/example_python_decorator.py
[2024-05-27T03:23:27.205+0000] {processor.py:830} INFO - Processing file /home/airflow/.local/lib/python3.12/site-packages/airflow/example_dags/example_python_decorator.py for tasks to queue
[2024-05-27T03:23:27.206+0000] {logging_mixin.py:188} INFO - [2024-05-27T03:23:27.206+0000] {dagbag.py:545} INFO - Filling up the DagBag from /home/airflow/.local/lib/python3.12/site-packages/airflow/example_dags/example_python_decorator.py
[2024-05-27T03:23:27.212+0000] {processor.py:840} INFO - DAG(s) 'example_python_decorator' retrieved from /home/airflow/.local/lib/python3.12/site-packages/airflow/example_dags/example_python_decorator.py
[2024-05-27T03:23:27.222+0000] {logging_mixin.py:188} INFO - [2024-05-27T03:23:27.222+0000] {dag.py:3096} INFO - Sync 1 DAGs
[2024-05-27T03:23:27.228+0000] {logging_mixin.py:188} INFO - [2024-05-27T03:23:27.228+0000] {dag.py:3954} INFO - Setting next_dagrun for example_python_decorator to None, run_after=None
[2024-05-27T03:23:27.235+0000] {processor.py:183} INFO - Processing /home/airflow/.local/lib/python3.12/site-packages/airflow/example_dags/example_python_decorator.py took 0.033 seconds
[2024-05-27T03:23:57.795+0000] {processor.py:161} INFO - Started process (PID=459) to work on /home/airflow/.local/lib/python3.12/site-packages/airflow/example_dags/example_python_decorator.py
[2024-05-27T03:23:57.796+0000] {processor.py:830} INFO - Processing file /home/airflow/.local/lib/python3.12/site-packages/airflow/example_dags/example_python_decorator.py for tasks to queue
[2024-05-27T03:23:57.797+0000] {logging_mixin.py:188} INFO - [2024-05-27T03:23:57.796+0000] {dagbag.py:545} INFO - Filling up the DagBag from /home/airflow/.local/lib/python3.12/site-packages/airflow/example_dags/example_python_decorator.py
[2024-05-27T03:23:57.803+0000] {processor.py:840} INFO - DAG(s) 'example_python_decorator' retrieved from /home/airflow/.local/lib/python3.12/site-packages/airflow/example_dags/example_python_decorator.py
[2024-05-27T03:23:57.812+0000] {logging_mixin.py:188} INFO - [2024-05-27T03:23:57.812+0000] {dag.py:3096} INFO - Sync 1 DAGs
[2024-05-27T03:23:57.818+0000] {logging_mixin.py:188} INFO - [2024-05-27T03:23:57.818+0000] {dag.py:3954} INFO - Setting next_dagrun for example_python_decorator to None, run_after=None
[2024-05-27T03:23:57.825+0000] {processor.py:183} INFO - Processing /home/airflow/.local/lib/python3.12/site-packages/airflow/example_dags/example_python_decorator.py took 0.033 seconds
[2024-05-27T03:24:28.359+0000] {processor.py:161} INFO - Started process (PID=518) to work on /home/airflow/.local/lib/python3.12/site-packages/airflow/example_dags/example_python_decorator.py
[2024-05-27T03:24:28.359+0000] {processor.py:830} INFO - Processing file /home/airflow/.local/lib/python3.12/site-packages/airflow/example_dags/example_python_decorator.py for tasks to queue
[2024-05-27T03:24:28.360+0000] {logging_mixin.py:188} INFO - [2024-05-27T03:24:28.360+0000] {dagbag.py:545} INFO - Filling up the DagBag from /home/airflow/.local/lib/python3.12/site-packages/airflow/example_dags/example_python_decorator.py
[2024-05-27T03:24:28.366+0000] {processor.py:840} INFO - DAG(s) 'example_python_decorator' retrieved from /home/airflow/.local/lib/python3.12/site-packages/airflow/example_dags/example_python_decorator.py
[2024-05-27T03:24:28.377+0000] {logging_mixin.py:188} INFO - [2024-05-27T03:24:28.377+0000] {dag.py:3096} INFO - Sync 1 DAGs
[2024-05-27T03:24:28.385+0000] {logging_mixin.py:188} INFO - [2024-05-27T03:24:28.385+0000] {dag.py:3954} INFO - Setting next_dagrun for example_python_decorator to None, run_after=None
[2024-05-27T03:24:28.393+0000] {processor.py:183} INFO - Processing /home/airflow/.local/lib/python3.12/site-packages/airflow/example_dags/example_python_decorator.py took 0.037 seconds
[2024-05-27T03:24:59.014+0000] {processor.py:161} INFO - Started process (PID=577) to work on /home/airflow/.local/lib/python3.12/site-packages/airflow/example_dags/example_python_decorator.py
[2024-05-27T03:24:59.014+0000] {processor.py:830} INFO - Processing file /home/airflow/.local/lib/python3.12/site-packages/airflow/example_dags/example_python_decorator.py for tasks to queue
[2024-05-27T03:24:59.015+0000] {logging_mixin.py:188} INFO - [2024-05-27T03:24:59.015+0000] {dagbag.py:545} INFO - Filling up the DagBag from /home/airflow/.local/lib/python3.12/site-packages/airflow/example_dags/example_python_decorator.py
[2024-05-27T03:24:59.021+0000] {processor.py:840} INFO - DAG(s) 'example_python_decorator' retrieved from /home/airflow/.local/lib/python3.12/site-packages/airflow/example_dags/example_python_decorator.py
[2024-05-27T03:24:59.032+0000] {logging_mixin.py:188} INFO - [2024-05-27T03:24:59.031+0000] {dag.py:3096} INFO - Sync 1 DAGs
[2024-05-27T03:24:59.037+0000] {logging_mixin.py:188} INFO - [2024-05-27T03:24:59.037+0000] {dag.py:3954} INFO - Setting next_dagrun for example_python_decorator to None, run_after=None
[2024-05-27T03:24:59.045+0000] {processor.py:183} INFO - Processing /home/airflow/.local/lib/python3.12/site-packages/airflow/example_dags/example_python_decorator.py took 0.034 seconds
[2024-05-27T03:25:29.629+0000] {processor.py:161} INFO - Started process (PID=636) to work on /home/airflow/.local/lib/python3.12/site-packages/airflow/example_dags/example_python_decorator.py
[2024-05-27T03:25:29.629+0000] {processor.py:830} INFO - Processing file /home/airflow/.local/lib/python3.12/site-packages/airflow/example_dags/example_python_decorator.py for tasks to queue
[2024-05-27T03:25:29.630+0000] {logging_mixin.py:188} INFO - [2024-05-27T03:25:29.630+0000] {dagbag.py:545} INFO - Filling up the DagBag from /home/airflow/.local/lib/python3.12/site-packages/airflow/example_dags/example_python_decorator.py
[2024-05-27T03:25:29.636+0000] {processor.py:840} INFO - DAG(s) 'example_python_decorator' retrieved from /home/airflow/.local/lib/python3.12/site-packages/airflow/example_dags/example_python_decorator.py
[2024-05-27T03:25:29.646+0000] {logging_mixin.py:188} INFO - [2024-05-27T03:25:29.646+0000] {dag.py:3096} INFO - Sync 1 DAGs
[2024-05-27T03:25:29.651+0000] {logging_mixin.py:188} INFO - [2024-05-27T03:25:29.651+0000] {dag.py:3954} INFO - Setting next_dagrun for example_python_decorator to None, run_after=None
[2024-05-27T03:25:29.659+0000] {processor.py:183} INFO - Processing /home/airflow/.local/lib/python3.12/site-packages/airflow/example_dags/example_python_decorator.py took 0.033 seconds
[2024-05-27T03:26:00.186+0000] {processor.py:161} INFO - Started process (PID=695) to work on /home/airflow/.local/lib/python3.12/site-packages/airflow/example_dags/example_python_decorator.py
[2024-05-27T03:26:00.187+0000] {processor.py:830} INFO - Processing file /home/airflow/.local/lib/python3.12/site-packages/airflow/example_dags/example_python_decorator.py for tasks to queue
[2024-05-27T03:26:00.187+0000] {logging_mixin.py:188} INFO - [2024-05-27T03:26:00.187+0000] {dagbag.py:545} INFO - Filling up the DagBag from /home/airflow/.local/lib/python3.12/site-packages/airflow/example_dags/example_python_decorator.py
[2024-05-27T03:26:00.193+0000] {processor.py:840} INFO - DAG(s) 'example_python_decorator' retrieved from /home/airflow/.local/lib/python3.12/site-packages/airflow/example_dags/example_python_decorator.py
[2024-05-27T03:26:00.203+0000] {logging_mixin.py:188} INFO - [2024-05-27T03:26:00.203+0000] {dag.py:3096} INFO - Sync 1 DAGs
[2024-05-27T03:26:00.209+0000] {logging_mixin.py:188} INFO - [2024-05-27T03:26:00.208+0000] {dag.py:3954} INFO - Setting next_dagrun for example_python_decorator to None, run_after=None
[2024-05-27T03:26:00.217+0000] {processor.py:183} INFO - Processing /home/airflow/.local/lib/python3.12/site-packages/airflow/example_dags/example_python_decorator.py took 0.034 seconds
[2024-05-27T04:11:55.045+0000] {processor.py:161} INFO - Started process (PID=46) to work on /home/airflow/.local/lib/python3.12/site-packages/airflow/example_dags/example_python_decorator.py
[2024-05-27T04:11:55.047+0000] {processor.py:830} INFO - Processing file /home/airflow/.local/lib/python3.12/site-packages/airflow/example_dags/example_python_decorator.py for tasks to queue
[2024-05-27T04:11:55.049+0000] {logging_mixin.py:188} INFO - [2024-05-27T04:11:55.049+0000] {dagbag.py:545} INFO - Filling up the DagBag from /home/airflow/.local/lib/python3.12/site-packages/airflow/example_dags/example_python_decorator.py
[2024-05-27T04:11:55.076+0000] {processor.py:840} INFO - DAG(s) 'example_python_decorator' retrieved from /home/airflow/.local/lib/python3.12/site-packages/airflow/example_dags/example_python_decorator.py
[2024-05-27T04:11:55.098+0000] {logging_mixin.py:188} INFO - [2024-05-27T04:11:55.098+0000] {dag.py:3096} INFO - Sync 1 DAGs
[2024-05-27T04:11:55.116+0000] {logging_mixin.py:188} INFO - [2024-05-27T04:11:55.116+0000] {dag.py:3954} INFO - Setting next_dagrun for example_python_decorator to None, run_after=None
[2024-05-27T04:11:55.143+0000] {processor.py:183} INFO - Processing /home/airflow/.local/lib/python3.12/site-packages/airflow/example_dags/example_python_decorator.py took 0.112 seconds
