[2024-05-27T02:56:56.026+0000] {processor.py:161} INFO - Started process (PID=38) to work on /home/airflow/.local/lib/python3.12/site-packages/airflow/example_dags/tutorial.py
[2024-05-27T02:56:56.033+0000] {processor.py:830} INFO - Processing file /home/airflow/.local/lib/python3.12/site-packages/airflow/example_dags/tutorial.py for tasks to queue
[2024-05-27T02:56:56.036+0000] {logging_mixin.py:188} INFO - [2024-05-27T02:56:56.035+0000] {dagbag.py:545} INFO - Filling up the DagBag from /home/airflow/.local/lib/python3.12/site-packages/airflow/example_dags/tutorial.py
[2024-05-27T02:56:56.047+0000] {processor.py:840} INFO - DAG(s) 'tutorial' retrieved from /home/airflow/.local/lib/python3.12/site-packages/airflow/example_dags/tutorial.py
[2024-05-27T02:56:56.068+0000] {logging_mixin.py:188} INFO - [2024-05-27T02:56:56.067+0000] {dag.py:3096} INFO - Sync 1 DAGs
[2024-05-27T02:56:56.087+0000] {logging_mixin.py:188} INFO - [2024-05-27T02:56:56.086+0000] {dag.py:3954} INFO - Setting next_dagrun for tutorial to 2024-05-26 00:00:00+00:00, run_after=2024-05-27 00:00:00+00:00
[2024-05-27T02:56:56.099+0000] {processor.py:183} INFO - Processing /home/airflow/.local/lib/python3.12/site-packages/airflow/example_dags/tutorial.py took 0.080 seconds
[2024-05-27T02:57:26.368+0000] {processor.py:161} INFO - Started process (PID=97) to work on /home/airflow/.local/lib/python3.12/site-packages/airflow/example_dags/tutorial.py
[2024-05-27T02:57:26.369+0000] {processor.py:830} INFO - Processing file /home/airflow/.local/lib/python3.12/site-packages/airflow/example_dags/tutorial.py for tasks to queue
[2024-05-27T02:57:26.370+0000] {logging_mixin.py:188} INFO - [2024-05-27T02:57:26.370+0000] {dagbag.py:545} INFO - Filling up the DagBag from /home/airflow/.local/lib/python3.12/site-packages/airflow/example_dags/tutorial.py
[2024-05-27T02:57:26.373+0000] {processor.py:840} INFO - DAG(s) 'tutorial' retrieved from /home/airflow/.local/lib/python3.12/site-packages/airflow/example_dags/tutorial.py
[2024-05-27T02:57:26.416+0000] {logging_mixin.py:188} INFO - [2024-05-27T02:57:26.416+0000] {dag.py:3096} INFO - Sync 1 DAGs
[2024-05-27T02:57:26.424+0000] {logging_mixin.py:188} INFO - [2024-05-27T02:57:26.424+0000] {dag.py:3954} INFO - Setting next_dagrun for tutorial to 2024-05-26 00:00:00+00:00, run_after=2024-05-27 00:00:00+00:00
[2024-05-27T02:57:26.432+0000] {processor.py:183} INFO - Processing /home/airflow/.local/lib/python3.12/site-packages/airflow/example_dags/tutorial.py took 0.067 seconds
[2024-05-27T02:57:56.574+0000] {processor.py:161} INFO - Started process (PID=156) to work on /home/airflow/.local/lib/python3.12/site-packages/airflow/example_dags/tutorial.py
[2024-05-27T02:57:56.574+0000] {processor.py:830} INFO - Processing file /home/airflow/.local/lib/python3.12/site-packages/airflow/example_dags/tutorial.py for tasks to queue
[2024-05-27T02:57:56.575+0000] {logging_mixin.py:188} INFO - [2024-05-27T02:57:56.575+0000] {dagbag.py:545} INFO - Filling up the DagBag from /home/airflow/.local/lib/python3.12/site-packages/airflow/example_dags/tutorial.py
[2024-05-27T02:57:56.578+0000] {processor.py:840} INFO - DAG(s) 'tutorial' retrieved from /home/airflow/.local/lib/python3.12/site-packages/airflow/example_dags/tutorial.py
[2024-05-27T02:57:56.587+0000] {logging_mixin.py:188} INFO - [2024-05-27T02:57:56.587+0000] {dag.py:3096} INFO - Sync 1 DAGs
[2024-05-27T02:57:56.597+0000] {logging_mixin.py:188} INFO - [2024-05-27T02:57:56.597+0000] {dag.py:3954} INFO - Setting next_dagrun for tutorial to 2024-05-26 00:00:00+00:00, run_after=2024-05-27 00:00:00+00:00
[2024-05-27T02:57:56.605+0000] {processor.py:183} INFO - Processing /home/airflow/.local/lib/python3.12/site-packages/airflow/example_dags/tutorial.py took 0.034 seconds
[2024-05-27T02:58:27.209+0000] {processor.py:161} INFO - Started process (PID=215) to work on /home/airflow/.local/lib/python3.12/site-packages/airflow/example_dags/tutorial.py
[2024-05-27T02:58:27.210+0000] {processor.py:830} INFO - Processing file /home/airflow/.local/lib/python3.12/site-packages/airflow/example_dags/tutorial.py for tasks to queue
[2024-05-27T02:58:27.211+0000] {logging_mixin.py:188} INFO - [2024-05-27T02:58:27.211+0000] {dagbag.py:545} INFO - Filling up the DagBag from /home/airflow/.local/lib/python3.12/site-packages/airflow/example_dags/tutorial.py
[2024-05-27T02:58:27.214+0000] {processor.py:840} INFO - DAG(s) 'tutorial' retrieved from /home/airflow/.local/lib/python3.12/site-packages/airflow/example_dags/tutorial.py
[2024-05-27T02:58:27.224+0000] {logging_mixin.py:188} INFO - [2024-05-27T02:58:27.224+0000] {dag.py:3096} INFO - Sync 1 DAGs
[2024-05-27T02:58:27.237+0000] {logging_mixin.py:188} INFO - [2024-05-27T02:58:27.236+0000] {dag.py:3954} INFO - Setting next_dagrun for tutorial to 2024-05-26 00:00:00+00:00, run_after=2024-05-27 00:00:00+00:00
[2024-05-27T02:58:27.247+0000] {processor.py:183} INFO - Processing /home/airflow/.local/lib/python3.12/site-packages/airflow/example_dags/tutorial.py took 0.042 seconds
[2024-05-27T02:58:57.755+0000] {processor.py:161} INFO - Started process (PID=274) to work on /home/airflow/.local/lib/python3.12/site-packages/airflow/example_dags/tutorial.py
[2024-05-27T02:58:57.755+0000] {processor.py:830} INFO - Processing file /home/airflow/.local/lib/python3.12/site-packages/airflow/example_dags/tutorial.py for tasks to queue
[2024-05-27T02:58:57.756+0000] {logging_mixin.py:188} INFO - [2024-05-27T02:58:57.756+0000] {dagbag.py:545} INFO - Filling up the DagBag from /home/airflow/.local/lib/python3.12/site-packages/airflow/example_dags/tutorial.py
[2024-05-27T02:58:57.759+0000] {processor.py:840} INFO - DAG(s) 'tutorial' retrieved from /home/airflow/.local/lib/python3.12/site-packages/airflow/example_dags/tutorial.py
[2024-05-27T02:58:57.769+0000] {logging_mixin.py:188} INFO - [2024-05-27T02:58:57.768+0000] {dag.py:3096} INFO - Sync 1 DAGs
[2024-05-27T02:58:57.779+0000] {logging_mixin.py:188} INFO - [2024-05-27T02:58:57.779+0000] {dag.py:3954} INFO - Setting next_dagrun for tutorial to 2024-05-26 00:00:00+00:00, run_after=2024-05-27 00:00:00+00:00
[2024-05-27T02:58:57.787+0000] {processor.py:183} INFO - Processing /home/airflow/.local/lib/python3.12/site-packages/airflow/example_dags/tutorial.py took 0.035 seconds
[2024-05-27T02:59:28.349+0000] {processor.py:161} INFO - Started process (PID=333) to work on /home/airflow/.local/lib/python3.12/site-packages/airflow/example_dags/tutorial.py
[2024-05-27T02:59:28.349+0000] {processor.py:830} INFO - Processing file /home/airflow/.local/lib/python3.12/site-packages/airflow/example_dags/tutorial.py for tasks to queue
[2024-05-27T02:59:28.350+0000] {logging_mixin.py:188} INFO - [2024-05-27T02:59:28.350+0000] {dagbag.py:545} INFO - Filling up the DagBag from /home/airflow/.local/lib/python3.12/site-packages/airflow/example_dags/tutorial.py
[2024-05-27T02:59:28.353+0000] {processor.py:840} INFO - DAG(s) 'tutorial' retrieved from /home/airflow/.local/lib/python3.12/site-packages/airflow/example_dags/tutorial.py
[2024-05-27T02:59:28.362+0000] {logging_mixin.py:188} INFO - [2024-05-27T02:59:28.362+0000] {dag.py:3096} INFO - Sync 1 DAGs
[2024-05-27T02:59:28.372+0000] {logging_mixin.py:188} INFO - [2024-05-27T02:59:28.372+0000] {dag.py:3954} INFO - Setting next_dagrun for tutorial to 2024-05-26 00:00:00+00:00, run_after=2024-05-27 00:00:00+00:00
[2024-05-27T02:59:28.380+0000] {processor.py:183} INFO - Processing /home/airflow/.local/lib/python3.12/site-packages/airflow/example_dags/tutorial.py took 0.034 seconds
[2024-05-27T02:59:58.920+0000] {processor.py:161} INFO - Started process (PID=392) to work on /home/airflow/.local/lib/python3.12/site-packages/airflow/example_dags/tutorial.py
[2024-05-27T02:59:58.921+0000] {processor.py:830} INFO - Processing file /home/airflow/.local/lib/python3.12/site-packages/airflow/example_dags/tutorial.py for tasks to queue
[2024-05-27T02:59:58.922+0000] {logging_mixin.py:188} INFO - [2024-05-27T02:59:58.922+0000] {dagbag.py:545} INFO - Filling up the DagBag from /home/airflow/.local/lib/python3.12/site-packages/airflow/example_dags/tutorial.py
[2024-05-27T02:59:58.925+0000] {processor.py:840} INFO - DAG(s) 'tutorial' retrieved from /home/airflow/.local/lib/python3.12/site-packages/airflow/example_dags/tutorial.py
[2024-05-27T02:59:58.934+0000] {logging_mixin.py:188} INFO - [2024-05-27T02:59:58.934+0000] {dag.py:3096} INFO - Sync 1 DAGs
[2024-05-27T02:59:58.944+0000] {logging_mixin.py:188} INFO - [2024-05-27T02:59:58.944+0000] {dag.py:3954} INFO - Setting next_dagrun for tutorial to 2024-05-26 00:00:00+00:00, run_after=2024-05-27 00:00:00+00:00
[2024-05-27T02:59:58.952+0000] {processor.py:183} INFO - Processing /home/airflow/.local/lib/python3.12/site-packages/airflow/example_dags/tutorial.py took 0.035 seconds
[2024-05-27T03:00:29.458+0000] {processor.py:161} INFO - Started process (PID=451) to work on /home/airflow/.local/lib/python3.12/site-packages/airflow/example_dags/tutorial.py
[2024-05-27T03:00:29.459+0000] {processor.py:830} INFO - Processing file /home/airflow/.local/lib/python3.12/site-packages/airflow/example_dags/tutorial.py for tasks to queue
[2024-05-27T03:00:29.460+0000] {logging_mixin.py:188} INFO - [2024-05-27T03:00:29.460+0000] {dagbag.py:545} INFO - Filling up the DagBag from /home/airflow/.local/lib/python3.12/site-packages/airflow/example_dags/tutorial.py
[2024-05-27T03:00:29.463+0000] {processor.py:840} INFO - DAG(s) 'tutorial' retrieved from /home/airflow/.local/lib/python3.12/site-packages/airflow/example_dags/tutorial.py
[2024-05-27T03:00:29.473+0000] {logging_mixin.py:188} INFO - [2024-05-27T03:00:29.473+0000] {dag.py:3096} INFO - Sync 1 DAGs
[2024-05-27T03:00:29.483+0000] {logging_mixin.py:188} INFO - [2024-05-27T03:00:29.482+0000] {dag.py:3954} INFO - Setting next_dagrun for tutorial to 2024-05-26 00:00:00+00:00, run_after=2024-05-27 00:00:00+00:00
[2024-05-27T03:00:29.491+0000] {processor.py:183} INFO - Processing /home/airflow/.local/lib/python3.12/site-packages/airflow/example_dags/tutorial.py took 0.036 seconds
[2024-05-27T03:01:00.024+0000] {processor.py:161} INFO - Started process (PID=509) to work on /home/airflow/.local/lib/python3.12/site-packages/airflow/example_dags/tutorial.py
[2024-05-27T03:01:00.024+0000] {processor.py:830} INFO - Processing file /home/airflow/.local/lib/python3.12/site-packages/airflow/example_dags/tutorial.py for tasks to queue
[2024-05-27T03:01:00.025+0000] {logging_mixin.py:188} INFO - [2024-05-27T03:01:00.025+0000] {dagbag.py:545} INFO - Filling up the DagBag from /home/airflow/.local/lib/python3.12/site-packages/airflow/example_dags/tutorial.py
[2024-05-27T03:01:00.028+0000] {processor.py:840} INFO - DAG(s) 'tutorial' retrieved from /home/airflow/.local/lib/python3.12/site-packages/airflow/example_dags/tutorial.py
[2024-05-27T03:01:00.037+0000] {logging_mixin.py:188} INFO - [2024-05-27T03:01:00.037+0000] {dag.py:3096} INFO - Sync 1 DAGs
[2024-05-27T03:01:00.047+0000] {logging_mixin.py:188} INFO - [2024-05-27T03:01:00.047+0000] {dag.py:3954} INFO - Setting next_dagrun for tutorial to 2024-05-26 00:00:00+00:00, run_after=2024-05-27 00:00:00+00:00
[2024-05-27T03:01:00.056+0000] {processor.py:183} INFO - Processing /home/airflow/.local/lib/python3.12/site-packages/airflow/example_dags/tutorial.py took 0.036 seconds
[2024-05-27T03:01:30.600+0000] {processor.py:161} INFO - Started process (PID=568) to work on /home/airflow/.local/lib/python3.12/site-packages/airflow/example_dags/tutorial.py
[2024-05-27T03:01:30.601+0000] {processor.py:830} INFO - Processing file /home/airflow/.local/lib/python3.12/site-packages/airflow/example_dags/tutorial.py for tasks to queue
[2024-05-27T03:01:30.602+0000] {logging_mixin.py:188} INFO - [2024-05-27T03:01:30.602+0000] {dagbag.py:545} INFO - Filling up the DagBag from /home/airflow/.local/lib/python3.12/site-packages/airflow/example_dags/tutorial.py
[2024-05-27T03:01:30.605+0000] {processor.py:840} INFO - DAG(s) 'tutorial' retrieved from /home/airflow/.local/lib/python3.12/site-packages/airflow/example_dags/tutorial.py
[2024-05-27T03:01:30.614+0000] {logging_mixin.py:188} INFO - [2024-05-27T03:01:30.614+0000] {dag.py:3096} INFO - Sync 1 DAGs
[2024-05-27T03:01:30.624+0000] {logging_mixin.py:188} INFO - [2024-05-27T03:01:30.624+0000] {dag.py:3954} INFO - Setting next_dagrun for tutorial to 2024-05-26 00:00:00+00:00, run_after=2024-05-27 00:00:00+00:00
[2024-05-27T03:01:30.633+0000] {processor.py:183} INFO - Processing /home/airflow/.local/lib/python3.12/site-packages/airflow/example_dags/tutorial.py took 0.035 seconds
[2024-05-27T03:02:01.260+0000] {processor.py:161} INFO - Started process (PID=627) to work on /home/airflow/.local/lib/python3.12/site-packages/airflow/example_dags/tutorial.py
[2024-05-27T03:02:01.261+0000] {processor.py:830} INFO - Processing file /home/airflow/.local/lib/python3.12/site-packages/airflow/example_dags/tutorial.py for tasks to queue
[2024-05-27T03:02:01.262+0000] {logging_mixin.py:188} INFO - [2024-05-27T03:02:01.262+0000] {dagbag.py:545} INFO - Filling up the DagBag from /home/airflow/.local/lib/python3.12/site-packages/airflow/example_dags/tutorial.py
[2024-05-27T03:02:01.265+0000] {processor.py:840} INFO - DAG(s) 'tutorial' retrieved from /home/airflow/.local/lib/python3.12/site-packages/airflow/example_dags/tutorial.py
[2024-05-27T03:02:01.274+0000] {logging_mixin.py:188} INFO - [2024-05-27T03:02:01.274+0000] {dag.py:3096} INFO - Sync 1 DAGs
[2024-05-27T03:02:01.284+0000] {logging_mixin.py:188} INFO - [2024-05-27T03:02:01.284+0000] {dag.py:3954} INFO - Setting next_dagrun for tutorial to 2024-05-26 00:00:00+00:00, run_after=2024-05-27 00:00:00+00:00
[2024-05-27T03:02:01.293+0000] {processor.py:183} INFO - Processing /home/airflow/.local/lib/python3.12/site-packages/airflow/example_dags/tutorial.py took 0.035 seconds
[2024-05-27T03:02:31.848+0000] {processor.py:161} INFO - Started process (PID=686) to work on /home/airflow/.local/lib/python3.12/site-packages/airflow/example_dags/tutorial.py
[2024-05-27T03:02:31.848+0000] {processor.py:830} INFO - Processing file /home/airflow/.local/lib/python3.12/site-packages/airflow/example_dags/tutorial.py for tasks to queue
[2024-05-27T03:02:31.849+0000] {logging_mixin.py:188} INFO - [2024-05-27T03:02:31.849+0000] {dagbag.py:545} INFO - Filling up the DagBag from /home/airflow/.local/lib/python3.12/site-packages/airflow/example_dags/tutorial.py
[2024-05-27T03:02:31.852+0000] {processor.py:840} INFO - DAG(s) 'tutorial' retrieved from /home/airflow/.local/lib/python3.12/site-packages/airflow/example_dags/tutorial.py
[2024-05-27T03:02:31.862+0000] {logging_mixin.py:188} INFO - [2024-05-27T03:02:31.862+0000] {dag.py:3096} INFO - Sync 1 DAGs
[2024-05-27T03:02:31.871+0000] {logging_mixin.py:188} INFO - [2024-05-27T03:02:31.871+0000] {dag.py:3954} INFO - Setting next_dagrun for tutorial to 2024-05-26 00:00:00+00:00, run_after=2024-05-27 00:00:00+00:00
[2024-05-27T03:02:31.879+0000] {processor.py:183} INFO - Processing /home/airflow/.local/lib/python3.12/site-packages/airflow/example_dags/tutorial.py took 0.034 seconds
[2024-05-27T03:03:02.355+0000] {processor.py:161} INFO - Started process (PID=745) to work on /home/airflow/.local/lib/python3.12/site-packages/airflow/example_dags/tutorial.py
[2024-05-27T03:03:02.356+0000] {processor.py:830} INFO - Processing file /home/airflow/.local/lib/python3.12/site-packages/airflow/example_dags/tutorial.py for tasks to queue
[2024-05-27T03:03:02.358+0000] {logging_mixin.py:188} INFO - [2024-05-27T03:03:02.357+0000] {dagbag.py:545} INFO - Filling up the DagBag from /home/airflow/.local/lib/python3.12/site-packages/airflow/example_dags/tutorial.py
[2024-05-27T03:03:02.362+0000] {processor.py:840} INFO - DAG(s) 'tutorial' retrieved from /home/airflow/.local/lib/python3.12/site-packages/airflow/example_dags/tutorial.py
[2024-05-27T03:03:02.377+0000] {logging_mixin.py:188} INFO - [2024-05-27T03:03:02.377+0000] {dag.py:3096} INFO - Sync 1 DAGs
[2024-05-27T03:03:02.391+0000] {logging_mixin.py:188} INFO - [2024-05-27T03:03:02.391+0000] {dag.py:3954} INFO - Setting next_dagrun for tutorial to 2024-05-26 00:00:00+00:00, run_after=2024-05-27 00:00:00+00:00
[2024-05-27T03:03:02.401+0000] {processor.py:183} INFO - Processing /home/airflow/.local/lib/python3.12/site-packages/airflow/example_dags/tutorial.py took 0.050 seconds
[2024-05-27T03:03:32.945+0000] {processor.py:161} INFO - Started process (PID=804) to work on /home/airflow/.local/lib/python3.12/site-packages/airflow/example_dags/tutorial.py
[2024-05-27T03:03:32.945+0000] {processor.py:830} INFO - Processing file /home/airflow/.local/lib/python3.12/site-packages/airflow/example_dags/tutorial.py for tasks to queue
[2024-05-27T03:03:32.946+0000] {logging_mixin.py:188} INFO - [2024-05-27T03:03:32.946+0000] {dagbag.py:545} INFO - Filling up the DagBag from /home/airflow/.local/lib/python3.12/site-packages/airflow/example_dags/tutorial.py
[2024-05-27T03:03:32.949+0000] {processor.py:840} INFO - DAG(s) 'tutorial' retrieved from /home/airflow/.local/lib/python3.12/site-packages/airflow/example_dags/tutorial.py
[2024-05-27T03:03:32.961+0000] {logging_mixin.py:188} INFO - [2024-05-27T03:03:32.961+0000] {dag.py:3096} INFO - Sync 1 DAGs
[2024-05-27T03:03:32.972+0000] {logging_mixin.py:188} INFO - [2024-05-27T03:03:32.972+0000] {dag.py:3954} INFO - Setting next_dagrun for tutorial to 2024-05-26 00:00:00+00:00, run_after=2024-05-27 00:00:00+00:00
[2024-05-27T03:03:32.981+0000] {processor.py:183} INFO - Processing /home/airflow/.local/lib/python3.12/site-packages/airflow/example_dags/tutorial.py took 0.039 seconds
[2024-05-27T03:04:03.603+0000] {processor.py:161} INFO - Started process (PID=862) to work on /home/airflow/.local/lib/python3.12/site-packages/airflow/example_dags/tutorial.py
[2024-05-27T03:04:03.604+0000] {processor.py:830} INFO - Processing file /home/airflow/.local/lib/python3.12/site-packages/airflow/example_dags/tutorial.py for tasks to queue
[2024-05-27T03:04:03.607+0000] {logging_mixin.py:188} INFO - [2024-05-27T03:04:03.606+0000] {dagbag.py:545} INFO - Filling up the DagBag from /home/airflow/.local/lib/python3.12/site-packages/airflow/example_dags/tutorial.py
[2024-05-27T03:04:03.614+0000] {processor.py:840} INFO - DAG(s) 'tutorial' retrieved from /home/airflow/.local/lib/python3.12/site-packages/airflow/example_dags/tutorial.py
[2024-05-27T03:04:03.625+0000] {logging_mixin.py:188} INFO - [2024-05-27T03:04:03.624+0000] {dag.py:3096} INFO - Sync 1 DAGs
[2024-05-27T03:04:03.636+0000] {logging_mixin.py:188} INFO - [2024-05-27T03:04:03.636+0000] {dag.py:3954} INFO - Setting next_dagrun for tutorial to 2024-05-26 00:00:00+00:00, run_after=2024-05-27 00:00:00+00:00
[2024-05-27T03:04:03.645+0000] {processor.py:183} INFO - Processing /home/airflow/.local/lib/python3.12/site-packages/airflow/example_dags/tutorial.py took 0.045 seconds
[2024-05-27T03:04:34.433+0000] {processor.py:161} INFO - Started process (PID=921) to work on /home/airflow/.local/lib/python3.12/site-packages/airflow/example_dags/tutorial.py
[2024-05-27T03:04:34.434+0000] {processor.py:830} INFO - Processing file /home/airflow/.local/lib/python3.12/site-packages/airflow/example_dags/tutorial.py for tasks to queue
[2024-05-27T03:04:34.435+0000] {logging_mixin.py:188} INFO - [2024-05-27T03:04:34.435+0000] {dagbag.py:545} INFO - Filling up the DagBag from /home/airflow/.local/lib/python3.12/site-packages/airflow/example_dags/tutorial.py
[2024-05-27T03:04:34.438+0000] {processor.py:840} INFO - DAG(s) 'tutorial' retrieved from /home/airflow/.local/lib/python3.12/site-packages/airflow/example_dags/tutorial.py
[2024-05-27T03:04:34.448+0000] {logging_mixin.py:188} INFO - [2024-05-27T03:04:34.448+0000] {dag.py:3096} INFO - Sync 1 DAGs
[2024-05-27T03:04:34.464+0000] {logging_mixin.py:188} INFO - [2024-05-27T03:04:34.464+0000] {dag.py:3954} INFO - Setting next_dagrun for tutorial to 2024-05-26 00:00:00+00:00, run_after=2024-05-27 00:00:00+00:00
[2024-05-27T03:04:34.474+0000] {processor.py:183} INFO - Processing /home/airflow/.local/lib/python3.12/site-packages/airflow/example_dags/tutorial.py took 0.044 seconds
[2024-05-27T03:05:05.109+0000] {processor.py:161} INFO - Started process (PID=980) to work on /home/airflow/.local/lib/python3.12/site-packages/airflow/example_dags/tutorial.py
[2024-05-27T03:05:05.110+0000] {processor.py:830} INFO - Processing file /home/airflow/.local/lib/python3.12/site-packages/airflow/example_dags/tutorial.py for tasks to queue
[2024-05-27T03:05:05.110+0000] {logging_mixin.py:188} INFO - [2024-05-27T03:05:05.110+0000] {dagbag.py:545} INFO - Filling up the DagBag from /home/airflow/.local/lib/python3.12/site-packages/airflow/example_dags/tutorial.py
[2024-05-27T03:05:05.113+0000] {processor.py:840} INFO - DAG(s) 'tutorial' retrieved from /home/airflow/.local/lib/python3.12/site-packages/airflow/example_dags/tutorial.py
[2024-05-27T03:05:05.122+0000] {logging_mixin.py:188} INFO - [2024-05-27T03:05:05.122+0000] {dag.py:3096} INFO - Sync 1 DAGs
[2024-05-27T03:05:05.130+0000] {logging_mixin.py:188} INFO - [2024-05-27T03:05:05.130+0000] {dag.py:3954} INFO - Setting next_dagrun for tutorial to 2024-05-26 00:00:00+00:00, run_after=2024-05-27 00:00:00+00:00
[2024-05-27T03:05:05.138+0000] {processor.py:183} INFO - Processing /home/airflow/.local/lib/python3.12/site-packages/airflow/example_dags/tutorial.py took 0.032 seconds
[2024-05-27T03:05:35.703+0000] {processor.py:161} INFO - Started process (PID=1039) to work on /home/airflow/.local/lib/python3.12/site-packages/airflow/example_dags/tutorial.py
[2024-05-27T03:05:35.704+0000] {processor.py:830} INFO - Processing file /home/airflow/.local/lib/python3.12/site-packages/airflow/example_dags/tutorial.py for tasks to queue
[2024-05-27T03:05:35.705+0000] {logging_mixin.py:188} INFO - [2024-05-27T03:05:35.705+0000] {dagbag.py:545} INFO - Filling up the DagBag from /home/airflow/.local/lib/python3.12/site-packages/airflow/example_dags/tutorial.py
[2024-05-27T03:05:35.708+0000] {processor.py:840} INFO - DAG(s) 'tutorial' retrieved from /home/airflow/.local/lib/python3.12/site-packages/airflow/example_dags/tutorial.py
[2024-05-27T03:05:35.717+0000] {logging_mixin.py:188} INFO - [2024-05-27T03:05:35.717+0000] {dag.py:3096} INFO - Sync 1 DAGs
[2024-05-27T03:05:35.727+0000] {logging_mixin.py:188} INFO - [2024-05-27T03:05:35.727+0000] {dag.py:3954} INFO - Setting next_dagrun for tutorial to 2024-05-26 00:00:00+00:00, run_after=2024-05-27 00:00:00+00:00
[2024-05-27T03:05:35.735+0000] {processor.py:183} INFO - Processing /home/airflow/.local/lib/python3.12/site-packages/airflow/example_dags/tutorial.py took 0.034 seconds
[2024-05-27T03:06:06.296+0000] {processor.py:161} INFO - Started process (PID=1098) to work on /home/airflow/.local/lib/python3.12/site-packages/airflow/example_dags/tutorial.py
[2024-05-27T03:06:06.297+0000] {processor.py:830} INFO - Processing file /home/airflow/.local/lib/python3.12/site-packages/airflow/example_dags/tutorial.py for tasks to queue
[2024-05-27T03:06:06.298+0000] {logging_mixin.py:188} INFO - [2024-05-27T03:06:06.297+0000] {dagbag.py:545} INFO - Filling up the DagBag from /home/airflow/.local/lib/python3.12/site-packages/airflow/example_dags/tutorial.py
[2024-05-27T03:06:06.300+0000] {processor.py:840} INFO - DAG(s) 'tutorial' retrieved from /home/airflow/.local/lib/python3.12/site-packages/airflow/example_dags/tutorial.py
[2024-05-27T03:06:06.310+0000] {logging_mixin.py:188} INFO - [2024-05-27T03:06:06.310+0000] {dag.py:3096} INFO - Sync 1 DAGs
[2024-05-27T03:06:06.319+0000] {logging_mixin.py:188} INFO - [2024-05-27T03:06:06.319+0000] {dag.py:3954} INFO - Setting next_dagrun for tutorial to 2024-05-26 00:00:00+00:00, run_after=2024-05-27 00:00:00+00:00
[2024-05-27T03:06:06.328+0000] {processor.py:183} INFO - Processing /home/airflow/.local/lib/python3.12/site-packages/airflow/example_dags/tutorial.py took 0.035 seconds
[2024-05-27T03:06:37.019+0000] {processor.py:161} INFO - Started process (PID=1157) to work on /home/airflow/.local/lib/python3.12/site-packages/airflow/example_dags/tutorial.py
[2024-05-27T03:06:37.019+0000] {processor.py:830} INFO - Processing file /home/airflow/.local/lib/python3.12/site-packages/airflow/example_dags/tutorial.py for tasks to queue
[2024-05-27T03:06:37.020+0000] {logging_mixin.py:188} INFO - [2024-05-27T03:06:37.020+0000] {dagbag.py:545} INFO - Filling up the DagBag from /home/airflow/.local/lib/python3.12/site-packages/airflow/example_dags/tutorial.py
[2024-05-27T03:06:37.023+0000] {processor.py:840} INFO - DAG(s) 'tutorial' retrieved from /home/airflow/.local/lib/python3.12/site-packages/airflow/example_dags/tutorial.py
[2024-05-27T03:06:37.033+0000] {logging_mixin.py:188} INFO - [2024-05-27T03:06:37.033+0000] {dag.py:3096} INFO - Sync 1 DAGs
[2024-05-27T03:06:37.043+0000] {logging_mixin.py:188} INFO - [2024-05-27T03:06:37.043+0000] {dag.py:3954} INFO - Setting next_dagrun for tutorial to 2024-05-26 00:00:00+00:00, run_after=2024-05-27 00:00:00+00:00
[2024-05-27T03:06:37.051+0000] {processor.py:183} INFO - Processing /home/airflow/.local/lib/python3.12/site-packages/airflow/example_dags/tutorial.py took 0.035 seconds
[2024-05-27T03:07:07.551+0000] {processor.py:161} INFO - Started process (PID=1216) to work on /home/airflow/.local/lib/python3.12/site-packages/airflow/example_dags/tutorial.py
[2024-05-27T03:07:07.552+0000] {processor.py:830} INFO - Processing file /home/airflow/.local/lib/python3.12/site-packages/airflow/example_dags/tutorial.py for tasks to queue
[2024-05-27T03:07:07.553+0000] {logging_mixin.py:188} INFO - [2024-05-27T03:07:07.552+0000] {dagbag.py:545} INFO - Filling up the DagBag from /home/airflow/.local/lib/python3.12/site-packages/airflow/example_dags/tutorial.py
[2024-05-27T03:07:07.555+0000] {processor.py:840} INFO - DAG(s) 'tutorial' retrieved from /home/airflow/.local/lib/python3.12/site-packages/airflow/example_dags/tutorial.py
[2024-05-27T03:07:07.565+0000] {logging_mixin.py:188} INFO - [2024-05-27T03:07:07.565+0000] {dag.py:3096} INFO - Sync 1 DAGs
[2024-05-27T03:07:07.575+0000] {logging_mixin.py:188} INFO - [2024-05-27T03:07:07.575+0000] {dag.py:3954} INFO - Setting next_dagrun for tutorial to 2024-05-26 00:00:00+00:00, run_after=2024-05-27 00:00:00+00:00
[2024-05-27T03:07:07.583+0000] {processor.py:183} INFO - Processing /home/airflow/.local/lib/python3.12/site-packages/airflow/example_dags/tutorial.py took 0.035 seconds
[2024-05-27T03:07:38.170+0000] {processor.py:161} INFO - Started process (PID=1275) to work on /home/airflow/.local/lib/python3.12/site-packages/airflow/example_dags/tutorial.py
[2024-05-27T03:07:38.171+0000] {processor.py:830} INFO - Processing file /home/airflow/.local/lib/python3.12/site-packages/airflow/example_dags/tutorial.py for tasks to queue
[2024-05-27T03:07:38.172+0000] {logging_mixin.py:188} INFO - [2024-05-27T03:07:38.171+0000] {dagbag.py:545} INFO - Filling up the DagBag from /home/airflow/.local/lib/python3.12/site-packages/airflow/example_dags/tutorial.py
[2024-05-27T03:07:38.175+0000] {processor.py:840} INFO - DAG(s) 'tutorial' retrieved from /home/airflow/.local/lib/python3.12/site-packages/airflow/example_dags/tutorial.py
[2024-05-27T03:07:38.184+0000] {logging_mixin.py:188} INFO - [2024-05-27T03:07:38.184+0000] {dag.py:3096} INFO - Sync 1 DAGs
[2024-05-27T03:07:38.194+0000] {logging_mixin.py:188} INFO - [2024-05-27T03:07:38.194+0000] {dag.py:3954} INFO - Setting next_dagrun for tutorial to 2024-05-26 00:00:00+00:00, run_after=2024-05-27 00:00:00+00:00
[2024-05-27T03:07:38.203+0000] {processor.py:183} INFO - Processing /home/airflow/.local/lib/python3.12/site-packages/airflow/example_dags/tutorial.py took 0.035 seconds
[2024-05-27T03:08:36.273+0000] {processor.py:161} INFO - Started process (PID=38) to work on /home/airflow/.local/lib/python3.12/site-packages/airflow/example_dags/tutorial.py
[2024-05-27T03:08:36.274+0000] {processor.py:830} INFO - Processing file /home/airflow/.local/lib/python3.12/site-packages/airflow/example_dags/tutorial.py for tasks to queue
[2024-05-27T03:08:36.276+0000] {logging_mixin.py:188} INFO - [2024-05-27T03:08:36.276+0000] {dagbag.py:545} INFO - Filling up the DagBag from /home/airflow/.local/lib/python3.12/site-packages/airflow/example_dags/tutorial.py
[2024-05-27T03:08:36.281+0000] {processor.py:840} INFO - DAG(s) 'tutorial' retrieved from /home/airflow/.local/lib/python3.12/site-packages/airflow/example_dags/tutorial.py
[2024-05-27T03:08:36.288+0000] {logging_mixin.py:188} INFO - [2024-05-27T03:08:36.288+0000] {dag.py:3096} INFO - Sync 1 DAGs
[2024-05-27T03:08:36.302+0000] {logging_mixin.py:188} INFO - [2024-05-27T03:08:36.302+0000] {dag.py:3954} INFO - Setting next_dagrun for tutorial to 2024-05-26 00:00:00+00:00, run_after=2024-05-27 00:00:00+00:00
[2024-05-27T03:08:36.314+0000] {processor.py:183} INFO - Processing /home/airflow/.local/lib/python3.12/site-packages/airflow/example_dags/tutorial.py took 0.044 seconds
[2024-05-27T03:09:06.721+0000] {processor.py:161} INFO - Started process (PID=97) to work on /home/airflow/.local/lib/python3.12/site-packages/airflow/example_dags/tutorial.py
[2024-05-27T03:09:06.721+0000] {processor.py:830} INFO - Processing file /home/airflow/.local/lib/python3.12/site-packages/airflow/example_dags/tutorial.py for tasks to queue
[2024-05-27T03:09:06.723+0000] {logging_mixin.py:188} INFO - [2024-05-27T03:09:06.723+0000] {dagbag.py:545} INFO - Filling up the DagBag from /home/airflow/.local/lib/python3.12/site-packages/airflow/example_dags/tutorial.py
[2024-05-27T03:09:06.727+0000] {processor.py:840} INFO - DAG(s) 'tutorial' retrieved from /home/airflow/.local/lib/python3.12/site-packages/airflow/example_dags/tutorial.py
[2024-05-27T03:09:06.778+0000] {logging_mixin.py:188} INFO - [2024-05-27T03:09:06.777+0000] {dag.py:3096} INFO - Sync 1 DAGs
[2024-05-27T03:09:06.789+0000] {logging_mixin.py:188} INFO - [2024-05-27T03:09:06.789+0000] {dag.py:3954} INFO - Setting next_dagrun for tutorial to 2024-05-26 00:00:00+00:00, run_after=2024-05-27 00:00:00+00:00
[2024-05-27T03:09:06.798+0000] {processor.py:183} INFO - Processing /home/airflow/.local/lib/python3.12/site-packages/airflow/example_dags/tutorial.py took 0.082 seconds
[2024-05-27T03:09:37.094+0000] {processor.py:161} INFO - Started process (PID=156) to work on /home/airflow/.local/lib/python3.12/site-packages/airflow/example_dags/tutorial.py
[2024-05-27T03:09:37.094+0000] {processor.py:830} INFO - Processing file /home/airflow/.local/lib/python3.12/site-packages/airflow/example_dags/tutorial.py for tasks to queue
[2024-05-27T03:09:37.095+0000] {logging_mixin.py:188} INFO - [2024-05-27T03:09:37.095+0000] {dagbag.py:545} INFO - Filling up the DagBag from /home/airflow/.local/lib/python3.12/site-packages/airflow/example_dags/tutorial.py
[2024-05-27T03:09:37.098+0000] {processor.py:840} INFO - DAG(s) 'tutorial' retrieved from /home/airflow/.local/lib/python3.12/site-packages/airflow/example_dags/tutorial.py
[2024-05-27T03:09:37.107+0000] {logging_mixin.py:188} INFO - [2024-05-27T03:09:37.107+0000] {dag.py:3096} INFO - Sync 1 DAGs
[2024-05-27T03:09:37.117+0000] {logging_mixin.py:188} INFO - [2024-05-27T03:09:37.117+0000] {dag.py:3954} INFO - Setting next_dagrun for tutorial to 2024-05-26 00:00:00+00:00, run_after=2024-05-27 00:00:00+00:00
[2024-05-27T03:09:37.128+0000] {processor.py:183} INFO - Processing /home/airflow/.local/lib/python3.12/site-packages/airflow/example_dags/tutorial.py took 0.037 seconds
[2024-05-27T03:10:07.693+0000] {processor.py:161} INFO - Started process (PID=215) to work on /home/airflow/.local/lib/python3.12/site-packages/airflow/example_dags/tutorial.py
[2024-05-27T03:10:07.694+0000] {processor.py:830} INFO - Processing file /home/airflow/.local/lib/python3.12/site-packages/airflow/example_dags/tutorial.py for tasks to queue
[2024-05-27T03:10:07.695+0000] {logging_mixin.py:188} INFO - [2024-05-27T03:10:07.695+0000] {dagbag.py:545} INFO - Filling up the DagBag from /home/airflow/.local/lib/python3.12/site-packages/airflow/example_dags/tutorial.py
[2024-05-27T03:10:07.698+0000] {processor.py:840} INFO - DAG(s) 'tutorial' retrieved from /home/airflow/.local/lib/python3.12/site-packages/airflow/example_dags/tutorial.py
[2024-05-27T03:10:07.711+0000] {logging_mixin.py:188} INFO - [2024-05-27T03:10:07.710+0000] {dag.py:3096} INFO - Sync 1 DAGs
[2024-05-27T03:10:07.720+0000] {logging_mixin.py:188} INFO - [2024-05-27T03:10:07.720+0000] {dag.py:3954} INFO - Setting next_dagrun for tutorial to 2024-05-26 00:00:00+00:00, run_after=2024-05-27 00:00:00+00:00
[2024-05-27T03:10:07.729+0000] {processor.py:183} INFO - Processing /home/airflow/.local/lib/python3.12/site-packages/airflow/example_dags/tutorial.py took 0.038 seconds
[2024-05-27T03:20:24.113+0000] {processor.py:161} INFO - Started process (PID=38) to work on /home/airflow/.local/lib/python3.12/site-packages/airflow/example_dags/tutorial.py
[2024-05-27T03:20:24.114+0000] {processor.py:830} INFO - Processing file /home/airflow/.local/lib/python3.12/site-packages/airflow/example_dags/tutorial.py for tasks to queue
[2024-05-27T03:20:24.116+0000] {logging_mixin.py:188} INFO - [2024-05-27T03:20:24.116+0000] {dagbag.py:545} INFO - Filling up the DagBag from /home/airflow/.local/lib/python3.12/site-packages/airflow/example_dags/tutorial.py
[2024-05-27T03:20:24.121+0000] {processor.py:840} INFO - DAG(s) 'tutorial' retrieved from /home/airflow/.local/lib/python3.12/site-packages/airflow/example_dags/tutorial.py
[2024-05-27T03:20:24.127+0000] {logging_mixin.py:188} INFO - [2024-05-27T03:20:24.127+0000] {dag.py:3096} INFO - Sync 1 DAGs
[2024-05-27T03:20:24.139+0000] {logging_mixin.py:188} INFO - [2024-05-27T03:20:24.139+0000] {dag.py:3954} INFO - Setting next_dagrun for tutorial to 2024-05-26 00:00:00+00:00, run_after=2024-05-27 00:00:00+00:00
[2024-05-27T03:20:24.148+0000] {processor.py:183} INFO - Processing /home/airflow/.local/lib/python3.12/site-packages/airflow/example_dags/tutorial.py took 0.042 seconds
[2024-05-27T03:20:54.425+0000] {processor.py:161} INFO - Started process (PID=96) to work on /home/airflow/.local/lib/python3.12/site-packages/airflow/example_dags/tutorial.py
[2024-05-27T03:20:54.425+0000] {processor.py:830} INFO - Processing file /home/airflow/.local/lib/python3.12/site-packages/airflow/example_dags/tutorial.py for tasks to queue
[2024-05-27T03:20:54.426+0000] {logging_mixin.py:188} INFO - [2024-05-27T03:20:54.426+0000] {dagbag.py:545} INFO - Filling up the DagBag from /home/airflow/.local/lib/python3.12/site-packages/airflow/example_dags/tutorial.py
[2024-05-27T03:20:54.429+0000] {processor.py:840} INFO - DAG(s) 'tutorial' retrieved from /home/airflow/.local/lib/python3.12/site-packages/airflow/example_dags/tutorial.py
[2024-05-27T03:20:54.471+0000] {logging_mixin.py:188} INFO - [2024-05-27T03:20:54.471+0000] {dag.py:3096} INFO - Sync 1 DAGs
[2024-05-27T03:20:54.480+0000] {logging_mixin.py:188} INFO - [2024-05-27T03:20:54.480+0000] {dag.py:3954} INFO - Setting next_dagrun for tutorial to 2024-05-26 00:00:00+00:00, run_after=2024-05-27 00:00:00+00:00
[2024-05-27T03:20:54.487+0000] {processor.py:183} INFO - Processing /home/airflow/.local/lib/python3.12/site-packages/airflow/example_dags/tutorial.py took 0.065 seconds
[2024-05-27T03:21:24.587+0000] {processor.py:161} INFO - Started process (PID=155) to work on /home/airflow/.local/lib/python3.12/site-packages/airflow/example_dags/tutorial.py
[2024-05-27T03:21:24.588+0000] {processor.py:830} INFO - Processing file /home/airflow/.local/lib/python3.12/site-packages/airflow/example_dags/tutorial.py for tasks to queue
[2024-05-27T03:21:24.589+0000] {logging_mixin.py:188} INFO - [2024-05-27T03:21:24.589+0000] {dagbag.py:545} INFO - Filling up the DagBag from /home/airflow/.local/lib/python3.12/site-packages/airflow/example_dags/tutorial.py
[2024-05-27T03:21:24.591+0000] {processor.py:840} INFO - DAG(s) 'tutorial' retrieved from /home/airflow/.local/lib/python3.12/site-packages/airflow/example_dags/tutorial.py
[2024-05-27T03:21:24.600+0000] {logging_mixin.py:188} INFO - [2024-05-27T03:21:24.600+0000] {dag.py:3096} INFO - Sync 1 DAGs
[2024-05-27T03:21:24.609+0000] {logging_mixin.py:188} INFO - [2024-05-27T03:21:24.609+0000] {dag.py:3954} INFO - Setting next_dagrun for tutorial to 2024-05-26 00:00:00+00:00, run_after=2024-05-27 00:00:00+00:00
[2024-05-27T03:21:24.617+0000] {processor.py:183} INFO - Processing /home/airflow/.local/lib/python3.12/site-packages/airflow/example_dags/tutorial.py took 0.032 seconds
[2024-05-27T03:21:55.109+0000] {processor.py:161} INFO - Started process (PID=215) to work on /home/airflow/.local/lib/python3.12/site-packages/airflow/example_dags/tutorial.py
[2024-05-27T03:21:55.110+0000] {processor.py:830} INFO - Processing file /home/airflow/.local/lib/python3.12/site-packages/airflow/example_dags/tutorial.py for tasks to queue
[2024-05-27T03:21:55.111+0000] {logging_mixin.py:188} INFO - [2024-05-27T03:21:55.110+0000] {dagbag.py:545} INFO - Filling up the DagBag from /home/airflow/.local/lib/python3.12/site-packages/airflow/example_dags/tutorial.py
[2024-05-27T03:21:55.113+0000] {processor.py:840} INFO - DAG(s) 'tutorial' retrieved from /home/airflow/.local/lib/python3.12/site-packages/airflow/example_dags/tutorial.py
[2024-05-27T03:21:55.123+0000] {logging_mixin.py:188} INFO - [2024-05-27T03:21:55.123+0000] {dag.py:3096} INFO - Sync 1 DAGs
[2024-05-27T03:21:55.133+0000] {logging_mixin.py:188} INFO - [2024-05-27T03:21:55.133+0000] {dag.py:3954} INFO - Setting next_dagrun for tutorial to 2024-05-26 00:00:00+00:00, run_after=2024-05-27 00:00:00+00:00
[2024-05-27T03:21:55.141+0000] {processor.py:183} INFO - Processing /home/airflow/.local/lib/python3.12/site-packages/airflow/example_dags/tutorial.py took 0.035 seconds
[2024-05-27T03:22:25.709+0000] {processor.py:161} INFO - Started process (PID=274) to work on /home/airflow/.local/lib/python3.12/site-packages/airflow/example_dags/tutorial.py
[2024-05-27T03:22:25.710+0000] {processor.py:830} INFO - Processing file /home/airflow/.local/lib/python3.12/site-packages/airflow/example_dags/tutorial.py for tasks to queue
[2024-05-27T03:22:25.711+0000] {logging_mixin.py:188} INFO - [2024-05-27T03:22:25.711+0000] {dagbag.py:545} INFO - Filling up the DagBag from /home/airflow/.local/lib/python3.12/site-packages/airflow/example_dags/tutorial.py
[2024-05-27T03:22:25.714+0000] {processor.py:840} INFO - DAG(s) 'tutorial' retrieved from /home/airflow/.local/lib/python3.12/site-packages/airflow/example_dags/tutorial.py
[2024-05-27T03:22:25.723+0000] {logging_mixin.py:188} INFO - [2024-05-27T03:22:25.723+0000] {dag.py:3096} INFO - Sync 1 DAGs
[2024-05-27T03:22:25.733+0000] {logging_mixin.py:188} INFO - [2024-05-27T03:22:25.733+0000] {dag.py:3954} INFO - Setting next_dagrun for tutorial to 2024-05-26 00:00:00+00:00, run_after=2024-05-27 00:00:00+00:00
[2024-05-27T03:22:25.742+0000] {processor.py:183} INFO - Processing /home/airflow/.local/lib/python3.12/site-packages/airflow/example_dags/tutorial.py took 0.035 seconds
[2024-05-27T03:22:56.433+0000] {processor.py:161} INFO - Started process (PID=333) to work on /home/airflow/.local/lib/python3.12/site-packages/airflow/example_dags/tutorial.py
[2024-05-27T03:22:56.434+0000] {processor.py:830} INFO - Processing file /home/airflow/.local/lib/python3.12/site-packages/airflow/example_dags/tutorial.py for tasks to queue
[2024-05-27T03:22:56.435+0000] {logging_mixin.py:188} INFO - [2024-05-27T03:22:56.435+0000] {dagbag.py:545} INFO - Filling up the DagBag from /home/airflow/.local/lib/python3.12/site-packages/airflow/example_dags/tutorial.py
[2024-05-27T03:22:56.438+0000] {processor.py:840} INFO - DAG(s) 'tutorial' retrieved from /home/airflow/.local/lib/python3.12/site-packages/airflow/example_dags/tutorial.py
[2024-05-27T03:22:56.447+0000] {logging_mixin.py:188} INFO - [2024-05-27T03:22:56.447+0000] {dag.py:3096} INFO - Sync 1 DAGs
[2024-05-27T03:22:56.458+0000] {logging_mixin.py:188} INFO - [2024-05-27T03:22:56.458+0000] {dag.py:3954} INFO - Setting next_dagrun for tutorial to 2024-05-26 00:00:00+00:00, run_after=2024-05-27 00:00:00+00:00
[2024-05-27T03:22:56.467+0000] {processor.py:183} INFO - Processing /home/airflow/.local/lib/python3.12/site-packages/airflow/example_dags/tutorial.py took 0.036 seconds
[2024-05-27T03:23:27.022+0000] {processor.py:161} INFO - Started process (PID=392) to work on /home/airflow/.local/lib/python3.12/site-packages/airflow/example_dags/tutorial.py
[2024-05-27T03:23:27.023+0000] {processor.py:830} INFO - Processing file /home/airflow/.local/lib/python3.12/site-packages/airflow/example_dags/tutorial.py for tasks to queue
[2024-05-27T03:23:27.024+0000] {logging_mixin.py:188} INFO - [2024-05-27T03:23:27.023+0000] {dagbag.py:545} INFO - Filling up the DagBag from /home/airflow/.local/lib/python3.12/site-packages/airflow/example_dags/tutorial.py
[2024-05-27T03:23:27.027+0000] {processor.py:840} INFO - DAG(s) 'tutorial' retrieved from /home/airflow/.local/lib/python3.12/site-packages/airflow/example_dags/tutorial.py
[2024-05-27T03:23:27.036+0000] {logging_mixin.py:188} INFO - [2024-05-27T03:23:27.036+0000] {dag.py:3096} INFO - Sync 1 DAGs
[2024-05-27T03:23:27.045+0000] {logging_mixin.py:188} INFO - [2024-05-27T03:23:27.045+0000] {dag.py:3954} INFO - Setting next_dagrun for tutorial to 2024-05-26 00:00:00+00:00, run_after=2024-05-27 00:00:00+00:00
[2024-05-27T03:23:27.055+0000] {processor.py:183} INFO - Processing /home/airflow/.local/lib/python3.12/site-packages/airflow/example_dags/tutorial.py took 0.035 seconds
[2024-05-27T03:23:57.614+0000] {processor.py:161} INFO - Started process (PID=451) to work on /home/airflow/.local/lib/python3.12/site-packages/airflow/example_dags/tutorial.py
[2024-05-27T03:23:57.615+0000] {processor.py:830} INFO - Processing file /home/airflow/.local/lib/python3.12/site-packages/airflow/example_dags/tutorial.py for tasks to queue
[2024-05-27T03:23:57.616+0000] {logging_mixin.py:188} INFO - [2024-05-27T03:23:57.616+0000] {dagbag.py:545} INFO - Filling up the DagBag from /home/airflow/.local/lib/python3.12/site-packages/airflow/example_dags/tutorial.py
[2024-05-27T03:23:57.619+0000] {processor.py:840} INFO - DAG(s) 'tutorial' retrieved from /home/airflow/.local/lib/python3.12/site-packages/airflow/example_dags/tutorial.py
[2024-05-27T03:23:57.629+0000] {logging_mixin.py:188} INFO - [2024-05-27T03:23:57.629+0000] {dag.py:3096} INFO - Sync 1 DAGs
[2024-05-27T03:23:57.639+0000] {logging_mixin.py:188} INFO - [2024-05-27T03:23:57.639+0000] {dag.py:3954} INFO - Setting next_dagrun for tutorial to 2024-05-26 00:00:00+00:00, run_after=2024-05-27 00:00:00+00:00
[2024-05-27T03:23:57.648+0000] {processor.py:183} INFO - Processing /home/airflow/.local/lib/python3.12/site-packages/airflow/example_dags/tutorial.py took 0.036 seconds
[2024-05-27T03:24:28.171+0000] {processor.py:161} INFO - Started process (PID=510) to work on /home/airflow/.local/lib/python3.12/site-packages/airflow/example_dags/tutorial.py
[2024-05-27T03:24:28.172+0000] {processor.py:830} INFO - Processing file /home/airflow/.local/lib/python3.12/site-packages/airflow/example_dags/tutorial.py for tasks to queue
[2024-05-27T03:24:28.175+0000] {logging_mixin.py:188} INFO - [2024-05-27T03:24:28.175+0000] {dagbag.py:545} INFO - Filling up the DagBag from /home/airflow/.local/lib/python3.12/site-packages/airflow/example_dags/tutorial.py
[2024-05-27T03:24:28.178+0000] {processor.py:840} INFO - DAG(s) 'tutorial' retrieved from /home/airflow/.local/lib/python3.12/site-packages/airflow/example_dags/tutorial.py
[2024-05-27T03:24:28.188+0000] {logging_mixin.py:188} INFO - [2024-05-27T03:24:28.188+0000] {dag.py:3096} INFO - Sync 1 DAGs
[2024-05-27T03:24:28.198+0000] {logging_mixin.py:188} INFO - [2024-05-27T03:24:28.198+0000] {dag.py:3954} INFO - Setting next_dagrun for tutorial to 2024-05-26 00:00:00+00:00, run_after=2024-05-27 00:00:00+00:00
[2024-05-27T03:24:28.206+0000] {processor.py:183} INFO - Processing /home/airflow/.local/lib/python3.12/site-packages/airflow/example_dags/tutorial.py took 0.039 seconds
[2024-05-27T03:24:58.830+0000] {processor.py:161} INFO - Started process (PID=569) to work on /home/airflow/.local/lib/python3.12/site-packages/airflow/example_dags/tutorial.py
[2024-05-27T03:24:58.831+0000] {processor.py:830} INFO - Processing file /home/airflow/.local/lib/python3.12/site-packages/airflow/example_dags/tutorial.py for tasks to queue
[2024-05-27T03:24:58.832+0000] {logging_mixin.py:188} INFO - [2024-05-27T03:24:58.832+0000] {dagbag.py:545} INFO - Filling up the DagBag from /home/airflow/.local/lib/python3.12/site-packages/airflow/example_dags/tutorial.py
[2024-05-27T03:24:58.835+0000] {processor.py:840} INFO - DAG(s) 'tutorial' retrieved from /home/airflow/.local/lib/python3.12/site-packages/airflow/example_dags/tutorial.py
[2024-05-27T03:24:58.844+0000] {logging_mixin.py:188} INFO - [2024-05-27T03:24:58.844+0000] {dag.py:3096} INFO - Sync 1 DAGs
[2024-05-27T03:24:58.853+0000] {logging_mixin.py:188} INFO - [2024-05-27T03:24:58.853+0000] {dag.py:3954} INFO - Setting next_dagrun for tutorial to 2024-05-26 00:00:00+00:00, run_after=2024-05-27 00:00:00+00:00
[2024-05-27T03:24:58.862+0000] {processor.py:183} INFO - Processing /home/airflow/.local/lib/python3.12/site-packages/airflow/example_dags/tutorial.py took 0.035 seconds
[2024-05-27T03:25:29.442+0000] {processor.py:161} INFO - Started process (PID=628) to work on /home/airflow/.local/lib/python3.12/site-packages/airflow/example_dags/tutorial.py
[2024-05-27T03:25:29.443+0000] {processor.py:830} INFO - Processing file /home/airflow/.local/lib/python3.12/site-packages/airflow/example_dags/tutorial.py for tasks to queue
[2024-05-27T03:25:29.447+0000] {logging_mixin.py:188} INFO - [2024-05-27T03:25:29.446+0000] {dagbag.py:545} INFO - Filling up the DagBag from /home/airflow/.local/lib/python3.12/site-packages/airflow/example_dags/tutorial.py
[2024-05-27T03:25:29.450+0000] {processor.py:840} INFO - DAG(s) 'tutorial' retrieved from /home/airflow/.local/lib/python3.12/site-packages/airflow/example_dags/tutorial.py
[2024-05-27T03:25:29.459+0000] {logging_mixin.py:188} INFO - [2024-05-27T03:25:29.459+0000] {dag.py:3096} INFO - Sync 1 DAGs
[2024-05-27T03:25:29.469+0000] {logging_mixin.py:188} INFO - [2024-05-27T03:25:29.469+0000] {dag.py:3954} INFO - Setting next_dagrun for tutorial to 2024-05-26 00:00:00+00:00, run_after=2024-05-27 00:00:00+00:00
[2024-05-27T03:25:29.477+0000] {processor.py:183} INFO - Processing /home/airflow/.local/lib/python3.12/site-packages/airflow/example_dags/tutorial.py took 0.037 seconds
[2024-05-27T03:26:00.013+0000] {processor.py:161} INFO - Started process (PID=687) to work on /home/airflow/.local/lib/python3.12/site-packages/airflow/example_dags/tutorial.py
[2024-05-27T03:26:00.013+0000] {processor.py:830} INFO - Processing file /home/airflow/.local/lib/python3.12/site-packages/airflow/example_dags/tutorial.py for tasks to queue
[2024-05-27T03:26:00.014+0000] {logging_mixin.py:188} INFO - [2024-05-27T03:26:00.014+0000] {dagbag.py:545} INFO - Filling up the DagBag from /home/airflow/.local/lib/python3.12/site-packages/airflow/example_dags/tutorial.py
[2024-05-27T03:26:00.017+0000] {processor.py:840} INFO - DAG(s) 'tutorial' retrieved from /home/airflow/.local/lib/python3.12/site-packages/airflow/example_dags/tutorial.py
[2024-05-27T03:26:00.027+0000] {logging_mixin.py:188} INFO - [2024-05-27T03:26:00.027+0000] {dag.py:3096} INFO - Sync 1 DAGs
[2024-05-27T03:26:00.036+0000] {logging_mixin.py:188} INFO - [2024-05-27T03:26:00.036+0000] {dag.py:3954} INFO - Setting next_dagrun for tutorial to 2024-05-26 00:00:00+00:00, run_after=2024-05-27 00:00:00+00:00
[2024-05-27T03:26:00.044+0000] {processor.py:183} INFO - Processing /home/airflow/.local/lib/python3.12/site-packages/airflow/example_dags/tutorial.py took 0.035 seconds
[2024-05-27T04:11:54.600+0000] {processor.py:161} INFO - Started process (PID=38) to work on /home/airflow/.local/lib/python3.12/site-packages/airflow/example_dags/tutorial.py
[2024-05-27T04:11:54.602+0000] {processor.py:830} INFO - Processing file /home/airflow/.local/lib/python3.12/site-packages/airflow/example_dags/tutorial.py for tasks to queue
[2024-05-27T04:11:54.602+0000] {logging_mixin.py:188} INFO - [2024-05-27T04:11:54.602+0000] {dagbag.py:545} INFO - Filling up the DagBag from /home/airflow/.local/lib/python3.12/site-packages/airflow/example_dags/tutorial.py
[2024-05-27T04:11:54.607+0000] {processor.py:840} INFO - DAG(s) 'tutorial' retrieved from /home/airflow/.local/lib/python3.12/site-packages/airflow/example_dags/tutorial.py
[2024-05-27T04:11:54.615+0000] {logging_mixin.py:188} INFO - [2024-05-27T04:11:54.615+0000] {dag.py:3096} INFO - Sync 1 DAGs
[2024-05-27T04:11:54.631+0000] {logging_mixin.py:188} INFO - [2024-05-27T04:11:54.631+0000] {dag.py:3954} INFO - Setting next_dagrun for tutorial to 2024-05-26 00:00:00+00:00, run_after=2024-05-27 00:00:00+00:00
[2024-05-27T04:11:54.642+0000] {processor.py:183} INFO - Processing /home/airflow/.local/lib/python3.12/site-packages/airflow/example_dags/tutorial.py took 0.044 seconds
