[2024-05-27T02:56:55.753+0000] {processor.py:161} INFO - Started process (PID=30) to work on /opt/airflow/dags/sqlmesh_integration.py
[2024-05-27T02:56:55.756+0000] {processor.py:830} INFO - Processing file /opt/airflow/dags/sqlmesh_integration.py for tasks to queue
[2024-05-27T02:56:55.757+0000] {logging_mixin.py:188} INFO - [2024-05-27T02:56:55.757+0000] {dagbag.py:545} INFO - Filling up the DagBag from /opt/airflow/dags/sqlmesh_integration.py
[2024-05-27T02:56:55.765+0000] {logging_mixin.py:188} INFO - [2024-05-27T02:56:55.764+0000] {dagbag.py:355} ERROR - Failed to import: /opt/airflow/dags/sqlmesh_integration.py
Traceback (most recent call last):
  File "/home/airflow/.local/lib/python3.12/site-packages/airflow/models/dagbag.py", line 351, in parse
    loader.exec_module(new_module)
  File "<frozen importlib._bootstrap_external>", line 995, in exec_module
  File "<frozen importlib._bootstrap>", line 488, in _call_with_frames_removed
  File "/opt/airflow/dags/sqlmesh_integration.py", line 1, in <module>
    from sqlmesh.schedulers.airflow.integration import SQLMeshAirflow
ModuleNotFoundError: No module named 'sqlmesh'
[2024-05-27T02:56:55.766+0000] {processor.py:842} WARNING - No viable dags retrieved from /opt/airflow/dags/sqlmesh_integration.py
[2024-05-27T02:56:55.791+0000] {processor.py:183} INFO - Processing /opt/airflow/dags/sqlmesh_integration.py took 0.041 seconds
[2024-05-27T02:57:26.040+0000] {processor.py:161} INFO - Started process (PID=89) to work on /opt/airflow/dags/sqlmesh_integration.py
[2024-05-27T02:57:26.042+0000] {processor.py:830} INFO - Processing file /opt/airflow/dags/sqlmesh_integration.py for tasks to queue
[2024-05-27T02:57:26.044+0000] {logging_mixin.py:188} INFO - [2024-05-27T02:57:26.044+0000] {dagbag.py:545} INFO - Filling up the DagBag from /opt/airflow/dags/sqlmesh_integration.py
[2024-05-27T02:57:26.053+0000] {logging_mixin.py:188} INFO - [2024-05-27T02:57:26.051+0000] {dagbag.py:355} ERROR - Failed to import: /opt/airflow/dags/sqlmesh_integration.py
Traceback (most recent call last):
  File "/home/airflow/.local/lib/python3.12/site-packages/airflow/models/dagbag.py", line 351, in parse
    loader.exec_module(new_module)
  File "<frozen importlib._bootstrap_external>", line 995, in exec_module
  File "<frozen importlib._bootstrap>", line 488, in _call_with_frames_removed
  File "/opt/airflow/dags/sqlmesh_integration.py", line 1, in <module>
    from sqlmesh.schedulers.airflow.integration import SQLMeshAirflow
ModuleNotFoundError: No module named 'sqlmesh'
[2024-05-27T02:57:26.054+0000] {processor.py:842} WARNING - No viable dags retrieved from /opt/airflow/dags/sqlmesh_integration.py
[2024-05-27T02:57:26.070+0000] {processor.py:183} INFO - Processing /opt/airflow/dags/sqlmesh_integration.py took 0.039 seconds
[2024-05-27T02:57:56.402+0000] {processor.py:161} INFO - Started process (PID=148) to work on /opt/airflow/dags/sqlmesh_integration.py
[2024-05-27T02:57:56.403+0000] {processor.py:830} INFO - Processing file /opt/airflow/dags/sqlmesh_integration.py for tasks to queue
[2024-05-27T02:57:56.404+0000] {logging_mixin.py:188} INFO - [2024-05-27T02:57:56.404+0000] {dagbag.py:545} INFO - Filling up the DagBag from /opt/airflow/dags/sqlmesh_integration.py
[2024-05-27T02:57:56.410+0000] {logging_mixin.py:188} INFO - [2024-05-27T02:57:56.409+0000] {dagbag.py:355} ERROR - Failed to import: /opt/airflow/dags/sqlmesh_integration.py
Traceback (most recent call last):
  File "/home/airflow/.local/lib/python3.12/site-packages/airflow/models/dagbag.py", line 351, in parse
    loader.exec_module(new_module)
  File "<frozen importlib._bootstrap_external>", line 995, in exec_module
  File "<frozen importlib._bootstrap>", line 488, in _call_with_frames_removed
  File "/opt/airflow/dags/sqlmesh_integration.py", line 1, in <module>
    from sqlmesh.schedulers.airflow.integration import SQLMeshAirflow
ModuleNotFoundError: No module named 'sqlmesh'
[2024-05-27T02:57:56.411+0000] {processor.py:842} WARNING - No viable dags retrieved from /opt/airflow/dags/sqlmesh_integration.py
[2024-05-27T02:57:56.423+0000] {processor.py:183} INFO - Processing /opt/airflow/dags/sqlmesh_integration.py took 0.027 seconds
[2024-05-27T02:58:26.999+0000] {processor.py:161} INFO - Started process (PID=207) to work on /opt/airflow/dags/sqlmesh_integration.py
[2024-05-27T02:58:27.005+0000] {processor.py:830} INFO - Processing file /opt/airflow/dags/sqlmesh_integration.py for tasks to queue
[2024-05-27T02:58:27.008+0000] {logging_mixin.py:188} INFO - [2024-05-27T02:58:27.008+0000] {dagbag.py:545} INFO - Filling up the DagBag from /opt/airflow/dags/sqlmesh_integration.py
[2024-05-27T02:58:27.014+0000] {logging_mixin.py:188} INFO - [2024-05-27T02:58:27.013+0000] {dagbag.py:355} ERROR - Failed to import: /opt/airflow/dags/sqlmesh_integration.py
Traceback (most recent call last):
  File "/home/airflow/.local/lib/python3.12/site-packages/airflow/models/dagbag.py", line 351, in parse
    loader.exec_module(new_module)
  File "<frozen importlib._bootstrap_external>", line 995, in exec_module
  File "<frozen importlib._bootstrap>", line 488, in _call_with_frames_removed
  File "/opt/airflow/dags/sqlmesh_integration.py", line 1, in <module>
    from sqlmesh.schedulers.airflow.integration import SQLMeshAirflow
ModuleNotFoundError: No module named 'sqlmesh'
[2024-05-27T02:58:27.015+0000] {processor.py:842} WARNING - No viable dags retrieved from /opt/airflow/dags/sqlmesh_integration.py
[2024-05-27T02:58:27.028+0000] {processor.py:183} INFO - Processing /opt/airflow/dags/sqlmesh_integration.py took 0.036 seconds
[2024-05-27T02:58:57.569+0000] {processor.py:161} INFO - Started process (PID=266) to work on /opt/airflow/dags/sqlmesh_integration.py
[2024-05-27T02:58:57.570+0000] {processor.py:830} INFO - Processing file /opt/airflow/dags/sqlmesh_integration.py for tasks to queue
[2024-05-27T02:58:57.571+0000] {logging_mixin.py:188} INFO - [2024-05-27T02:58:57.571+0000] {dagbag.py:545} INFO - Filling up the DagBag from /opt/airflow/dags/sqlmesh_integration.py
[2024-05-27T02:58:57.575+0000] {logging_mixin.py:188} INFO - [2024-05-27T02:58:57.574+0000] {dagbag.py:355} ERROR - Failed to import: /opt/airflow/dags/sqlmesh_integration.py
Traceback (most recent call last):
  File "/home/airflow/.local/lib/python3.12/site-packages/airflow/models/dagbag.py", line 351, in parse
    loader.exec_module(new_module)
  File "<frozen importlib._bootstrap_external>", line 995, in exec_module
  File "<frozen importlib._bootstrap>", line 488, in _call_with_frames_removed
  File "/opt/airflow/dags/sqlmesh_integration.py", line 1, in <module>
    from sqlmesh.schedulers.airflow.integration import SQLMeshAirflow
ModuleNotFoundError: No module named 'sqlmesh'
[2024-05-27T02:58:57.576+0000] {processor.py:842} WARNING - No viable dags retrieved from /opt/airflow/dags/sqlmesh_integration.py
[2024-05-27T02:58:57.587+0000] {processor.py:183} INFO - Processing /opt/airflow/dags/sqlmesh_integration.py took 0.023 seconds
[2024-05-27T02:59:28.177+0000] {processor.py:161} INFO - Started process (PID=325) to work on /opt/airflow/dags/sqlmesh_integration.py
[2024-05-27T02:59:28.179+0000] {processor.py:830} INFO - Processing file /opt/airflow/dags/sqlmesh_integration.py for tasks to queue
[2024-05-27T02:59:28.180+0000] {logging_mixin.py:188} INFO - [2024-05-27T02:59:28.180+0000] {dagbag.py:545} INFO - Filling up the DagBag from /opt/airflow/dags/sqlmesh_integration.py
[2024-05-27T02:59:28.186+0000] {logging_mixin.py:188} INFO - [2024-05-27T02:59:28.185+0000] {dagbag.py:355} ERROR - Failed to import: /opt/airflow/dags/sqlmesh_integration.py
Traceback (most recent call last):
  File "/home/airflow/.local/lib/python3.12/site-packages/airflow/models/dagbag.py", line 351, in parse
    loader.exec_module(new_module)
  File "<frozen importlib._bootstrap_external>", line 995, in exec_module
  File "<frozen importlib._bootstrap>", line 488, in _call_with_frames_removed
  File "/opt/airflow/dags/sqlmesh_integration.py", line 1, in <module>
    from sqlmesh.schedulers.airflow.integration import SQLMeshAirflow
ModuleNotFoundError: No module named 'sqlmesh'
[2024-05-27T02:59:28.187+0000] {processor.py:842} WARNING - No viable dags retrieved from /opt/airflow/dags/sqlmesh_integration.py
[2024-05-27T02:59:28.200+0000] {processor.py:183} INFO - Processing /opt/airflow/dags/sqlmesh_integration.py took 0.029 seconds
[2024-05-27T02:59:58.715+0000] {processor.py:161} INFO - Started process (PID=384) to work on /opt/airflow/dags/sqlmesh_integration.py
[2024-05-27T02:59:58.716+0000] {processor.py:830} INFO - Processing file /opt/airflow/dags/sqlmesh_integration.py for tasks to queue
[2024-05-27T02:59:58.719+0000] {logging_mixin.py:188} INFO - [2024-05-27T02:59:58.719+0000] {dagbag.py:545} INFO - Filling up the DagBag from /opt/airflow/dags/sqlmesh_integration.py
[2024-05-27T02:59:58.727+0000] {logging_mixin.py:188} INFO - [2024-05-27T02:59:58.726+0000] {dagbag.py:355} ERROR - Failed to import: /opt/airflow/dags/sqlmesh_integration.py
Traceback (most recent call last):
  File "/home/airflow/.local/lib/python3.12/site-packages/airflow/models/dagbag.py", line 351, in parse
    loader.exec_module(new_module)
  File "<frozen importlib._bootstrap_external>", line 995, in exec_module
  File "<frozen importlib._bootstrap>", line 488, in _call_with_frames_removed
  File "/opt/airflow/dags/sqlmesh_integration.py", line 1, in <module>
    from sqlmesh.schedulers.airflow.integration import SQLMeshAirflow
ModuleNotFoundError: No module named 'sqlmesh'
[2024-05-27T02:59:58.728+0000] {processor.py:842} WARNING - No viable dags retrieved from /opt/airflow/dags/sqlmesh_integration.py
[2024-05-27T02:59:58.743+0000] {processor.py:183} INFO - Processing /opt/airflow/dags/sqlmesh_integration.py took 0.037 seconds
[2024-05-27T03:00:29.241+0000] {processor.py:161} INFO - Started process (PID=443) to work on /opt/airflow/dags/sqlmesh_integration.py
[2024-05-27T03:00:29.243+0000] {processor.py:830} INFO - Processing file /opt/airflow/dags/sqlmesh_integration.py for tasks to queue
[2024-05-27T03:00:29.245+0000] {logging_mixin.py:188} INFO - [2024-05-27T03:00:29.245+0000] {dagbag.py:545} INFO - Filling up the DagBag from /opt/airflow/dags/sqlmesh_integration.py
[2024-05-27T03:00:29.253+0000] {logging_mixin.py:188} INFO - [2024-05-27T03:00:29.251+0000] {dagbag.py:355} ERROR - Failed to import: /opt/airflow/dags/sqlmesh_integration.py
Traceback (most recent call last):
  File "/home/airflow/.local/lib/python3.12/site-packages/airflow/models/dagbag.py", line 351, in parse
    loader.exec_module(new_module)
  File "<frozen importlib._bootstrap_external>", line 995, in exec_module
  File "<frozen importlib._bootstrap>", line 488, in _call_with_frames_removed
  File "/opt/airflow/dags/sqlmesh_integration.py", line 1, in <module>
    from sqlmesh.schedulers.airflow.integration import SQLMeshAirflow
ModuleNotFoundError: No module named 'sqlmesh'
[2024-05-27T03:00:29.254+0000] {processor.py:842} WARNING - No viable dags retrieved from /opt/airflow/dags/sqlmesh_integration.py
[2024-05-27T03:00:29.269+0000] {processor.py:183} INFO - Processing /opt/airflow/dags/sqlmesh_integration.py took 0.038 seconds
[2024-05-27T03:00:59.845+0000] {processor.py:161} INFO - Started process (PID=501) to work on /opt/airflow/dags/sqlmesh_integration.py
[2024-05-27T03:00:59.847+0000] {processor.py:830} INFO - Processing file /opt/airflow/dags/sqlmesh_integration.py for tasks to queue
[2024-05-27T03:00:59.849+0000] {logging_mixin.py:188} INFO - [2024-05-27T03:00:59.849+0000] {dagbag.py:545} INFO - Filling up the DagBag from /opt/airflow/dags/sqlmesh_integration.py
[2024-05-27T03:00:59.857+0000] {logging_mixin.py:188} INFO - [2024-05-27T03:00:59.855+0000] {dagbag.py:355} ERROR - Failed to import: /opt/airflow/dags/sqlmesh_integration.py
Traceback (most recent call last):
  File "/home/airflow/.local/lib/python3.12/site-packages/airflow/models/dagbag.py", line 351, in parse
    loader.exec_module(new_module)
  File "<frozen importlib._bootstrap_external>", line 995, in exec_module
  File "<frozen importlib._bootstrap>", line 488, in _call_with_frames_removed
  File "/opt/airflow/dags/sqlmesh_integration.py", line 1, in <module>
    from sqlmesh.schedulers.airflow.integration import SQLMeshAirflow
ModuleNotFoundError: No module named 'sqlmesh'
[2024-05-27T03:00:59.858+0000] {processor.py:842} WARNING - No viable dags retrieved from /opt/airflow/dags/sqlmesh_integration.py
[2024-05-27T03:00:59.873+0000] {processor.py:183} INFO - Processing /opt/airflow/dags/sqlmesh_integration.py took 0.036 seconds
[2024-05-27T03:01:30.419+0000] {processor.py:161} INFO - Started process (PID=560) to work on /opt/airflow/dags/sqlmesh_integration.py
[2024-05-27T03:01:30.420+0000] {processor.py:830} INFO - Processing file /opt/airflow/dags/sqlmesh_integration.py for tasks to queue
[2024-05-27T03:01:30.422+0000] {logging_mixin.py:188} INFO - [2024-05-27T03:01:30.422+0000] {dagbag.py:545} INFO - Filling up the DagBag from /opt/airflow/dags/sqlmesh_integration.py
[2024-05-27T03:01:30.428+0000] {logging_mixin.py:188} INFO - [2024-05-27T03:01:30.427+0000] {dagbag.py:355} ERROR - Failed to import: /opt/airflow/dags/sqlmesh_integration.py
Traceback (most recent call last):
  File "/home/airflow/.local/lib/python3.12/site-packages/airflow/models/dagbag.py", line 351, in parse
    loader.exec_module(new_module)
  File "<frozen importlib._bootstrap_external>", line 995, in exec_module
  File "<frozen importlib._bootstrap>", line 488, in _call_with_frames_removed
  File "/opt/airflow/dags/sqlmesh_integration.py", line 1, in <module>
    from sqlmesh.schedulers.airflow.integration import SQLMeshAirflow
ModuleNotFoundError: No module named 'sqlmesh'
[2024-05-27T03:01:30.429+0000] {processor.py:842} WARNING - No viable dags retrieved from /opt/airflow/dags/sqlmesh_integration.py
[2024-05-27T03:01:30.443+0000] {processor.py:183} INFO - Processing /opt/airflow/dags/sqlmesh_integration.py took 0.031 seconds
[2024-05-27T03:02:01.074+0000] {processor.py:161} INFO - Started process (PID=619) to work on /opt/airflow/dags/sqlmesh_integration.py
[2024-05-27T03:02:01.076+0000] {processor.py:830} INFO - Processing file /opt/airflow/dags/sqlmesh_integration.py for tasks to queue
[2024-05-27T03:02:01.079+0000] {logging_mixin.py:188} INFO - [2024-05-27T03:02:01.078+0000] {dagbag.py:545} INFO - Filling up the DagBag from /opt/airflow/dags/sqlmesh_integration.py
[2024-05-27T03:02:01.086+0000] {logging_mixin.py:188} INFO - [2024-05-27T03:02:01.084+0000] {dagbag.py:355} ERROR - Failed to import: /opt/airflow/dags/sqlmesh_integration.py
Traceback (most recent call last):
  File "/home/airflow/.local/lib/python3.12/site-packages/airflow/models/dagbag.py", line 351, in parse
    loader.exec_module(new_module)
  File "<frozen importlib._bootstrap_external>", line 995, in exec_module
  File "<frozen importlib._bootstrap>", line 488, in _call_with_frames_removed
  File "/opt/airflow/dags/sqlmesh_integration.py", line 1, in <module>
    from sqlmesh.schedulers.airflow.integration import SQLMeshAirflow
ModuleNotFoundError: No module named 'sqlmesh'
[2024-05-27T03:02:01.087+0000] {processor.py:842} WARNING - No viable dags retrieved from /opt/airflow/dags/sqlmesh_integration.py
[2024-05-27T03:02:01.102+0000] {processor.py:183} INFO - Processing /opt/airflow/dags/sqlmesh_integration.py took 0.036 seconds
[2024-05-27T03:02:31.611+0000] {processor.py:161} INFO - Started process (PID=678) to work on /opt/airflow/dags/sqlmesh_integration.py
[2024-05-27T03:02:31.612+0000] {processor.py:830} INFO - Processing file /opt/airflow/dags/sqlmesh_integration.py for tasks to queue
[2024-05-27T03:02:31.613+0000] {logging_mixin.py:188} INFO - [2024-05-27T03:02:31.613+0000] {dagbag.py:545} INFO - Filling up the DagBag from /opt/airflow/dags/sqlmesh_integration.py
[2024-05-27T03:02:31.617+0000] {logging_mixin.py:188} INFO - [2024-05-27T03:02:31.616+0000] {dagbag.py:355} ERROR - Failed to import: /opt/airflow/dags/sqlmesh_integration.py
Traceback (most recent call last):
  File "/home/airflow/.local/lib/python3.12/site-packages/airflow/models/dagbag.py", line 351, in parse
    loader.exec_module(new_module)
  File "<frozen importlib._bootstrap_external>", line 995, in exec_module
  File "<frozen importlib._bootstrap>", line 488, in _call_with_frames_removed
  File "/opt/airflow/dags/sqlmesh_integration.py", line 1, in <module>
    from sqlmesh.schedulers.airflow.integration import SQLMeshAirflow
ModuleNotFoundError: No module named 'sqlmesh'
[2024-05-27T03:02:31.617+0000] {processor.py:842} WARNING - No viable dags retrieved from /opt/airflow/dags/sqlmesh_integration.py
[2024-05-27T03:02:31.629+0000] {processor.py:183} INFO - Processing /opt/airflow/dags/sqlmesh_integration.py took 0.021 seconds
[2024-05-27T03:03:02.163+0000] {processor.py:161} INFO - Started process (PID=737) to work on /opt/airflow/dags/sqlmesh_integration.py
[2024-05-27T03:03:02.164+0000] {processor.py:830} INFO - Processing file /opt/airflow/dags/sqlmesh_integration.py for tasks to queue
[2024-05-27T03:03:02.165+0000] {logging_mixin.py:188} INFO - [2024-05-27T03:03:02.165+0000] {dagbag.py:545} INFO - Filling up the DagBag from /opt/airflow/dags/sqlmesh_integration.py
[2024-05-27T03:03:02.169+0000] {logging_mixin.py:188} INFO - [2024-05-27T03:03:02.168+0000] {dagbag.py:355} ERROR - Failed to import: /opt/airflow/dags/sqlmesh_integration.py
Traceback (most recent call last):
  File "/home/airflow/.local/lib/python3.12/site-packages/airflow/models/dagbag.py", line 351, in parse
    loader.exec_module(new_module)
  File "<frozen importlib._bootstrap_external>", line 995, in exec_module
  File "<frozen importlib._bootstrap>", line 488, in _call_with_frames_removed
  File "/opt/airflow/dags/sqlmesh_integration.py", line 1, in <module>
    from sqlmesh.schedulers.airflow.integration import SQLMeshAirflow
ModuleNotFoundError: No module named 'sqlmesh'
[2024-05-27T03:03:02.169+0000] {processor.py:842} WARNING - No viable dags retrieved from /opt/airflow/dags/sqlmesh_integration.py
[2024-05-27T03:03:02.180+0000] {processor.py:183} INFO - Processing /opt/airflow/dags/sqlmesh_integration.py took 0.021 seconds
[2024-05-27T03:03:32.753+0000] {processor.py:161} INFO - Started process (PID=796) to work on /opt/airflow/dags/sqlmesh_integration.py
[2024-05-27T03:03:32.754+0000] {processor.py:830} INFO - Processing file /opt/airflow/dags/sqlmesh_integration.py for tasks to queue
[2024-05-27T03:03:32.756+0000] {logging_mixin.py:188} INFO - [2024-05-27T03:03:32.755+0000] {dagbag.py:545} INFO - Filling up the DagBag from /opt/airflow/dags/sqlmesh_integration.py
[2024-05-27T03:03:32.760+0000] {logging_mixin.py:188} INFO - [2024-05-27T03:03:32.759+0000] {dagbag.py:355} ERROR - Failed to import: /opt/airflow/dags/sqlmesh_integration.py
Traceback (most recent call last):
  File "/home/airflow/.local/lib/python3.12/site-packages/airflow/models/dagbag.py", line 351, in parse
    loader.exec_module(new_module)
  File "<frozen importlib._bootstrap_external>", line 995, in exec_module
  File "<frozen importlib._bootstrap>", line 488, in _call_with_frames_removed
  File "/opt/airflow/dags/sqlmesh_integration.py", line 1, in <module>
    from sqlmesh.schedulers.airflow.integration import SQLMeshAirflow
ModuleNotFoundError: No module named 'sqlmesh'
[2024-05-27T03:03:32.761+0000] {processor.py:842} WARNING - No viable dags retrieved from /opt/airflow/dags/sqlmesh_integration.py
[2024-05-27T03:03:32.774+0000] {processor.py:183} INFO - Processing /opt/airflow/dags/sqlmesh_integration.py took 0.026 seconds
[2024-05-27T03:04:03.421+0000] {processor.py:161} INFO - Started process (PID=854) to work on /opt/airflow/dags/sqlmesh_integration.py
[2024-05-27T03:04:03.423+0000] {processor.py:830} INFO - Processing file /opt/airflow/dags/sqlmesh_integration.py for tasks to queue
[2024-05-27T03:04:03.425+0000] {logging_mixin.py:188} INFO - [2024-05-27T03:04:03.425+0000] {dagbag.py:545} INFO - Filling up the DagBag from /opt/airflow/dags/sqlmesh_integration.py
[2024-05-27T03:04:03.432+0000] {logging_mixin.py:188} INFO - [2024-05-27T03:04:03.430+0000] {dagbag.py:355} ERROR - Failed to import: /opt/airflow/dags/sqlmesh_integration.py
Traceback (most recent call last):
  File "/home/airflow/.local/lib/python3.12/site-packages/airflow/models/dagbag.py", line 351, in parse
    loader.exec_module(new_module)
  File "<frozen importlib._bootstrap_external>", line 995, in exec_module
  File "<frozen importlib._bootstrap>", line 488, in _call_with_frames_removed
  File "/opt/airflow/dags/sqlmesh_integration.py", line 1, in <module>
    from sqlmesh.schedulers.airflow.integration import SQLMeshAirflow
ModuleNotFoundError: No module named 'sqlmesh'
[2024-05-27T03:04:03.433+0000] {processor.py:842} WARNING - No viable dags retrieved from /opt/airflow/dags/sqlmesh_integration.py
[2024-05-27T03:04:03.449+0000] {processor.py:183} INFO - Processing /opt/airflow/dags/sqlmesh_integration.py took 0.037 seconds
[2024-05-27T03:04:34.252+0000] {processor.py:161} INFO - Started process (PID=913) to work on /opt/airflow/dags/sqlmesh_integration.py
[2024-05-27T03:04:34.254+0000] {processor.py:830} INFO - Processing file /opt/airflow/dags/sqlmesh_integration.py for tasks to queue
[2024-05-27T03:04:34.256+0000] {logging_mixin.py:188} INFO - [2024-05-27T03:04:34.256+0000] {dagbag.py:545} INFO - Filling up the DagBag from /opt/airflow/dags/sqlmesh_integration.py
[2024-05-27T03:04:34.263+0000] {logging_mixin.py:188} INFO - [2024-05-27T03:04:34.261+0000] {dagbag.py:355} ERROR - Failed to import: /opt/airflow/dags/sqlmesh_integration.py
Traceback (most recent call last):
  File "/home/airflow/.local/lib/python3.12/site-packages/airflow/models/dagbag.py", line 351, in parse
    loader.exec_module(new_module)
  File "<frozen importlib._bootstrap_external>", line 995, in exec_module
  File "<frozen importlib._bootstrap>", line 488, in _call_with_frames_removed
  File "/opt/airflow/dags/sqlmesh_integration.py", line 1, in <module>
    from sqlmesh.schedulers.airflow.integration import SQLMeshAirflow
ModuleNotFoundError: No module named 'sqlmesh'
[2024-05-27T03:04:34.264+0000] {processor.py:842} WARNING - No viable dags retrieved from /opt/airflow/dags/sqlmesh_integration.py
[2024-05-27T03:04:34.280+0000] {processor.py:183} INFO - Processing /opt/airflow/dags/sqlmesh_integration.py took 0.036 seconds
[2024-05-27T03:05:04.898+0000] {processor.py:161} INFO - Started process (PID=972) to work on /opt/airflow/dags/sqlmesh_integration.py
[2024-05-27T03:05:04.900+0000] {processor.py:830} INFO - Processing file /opt/airflow/dags/sqlmesh_integration.py for tasks to queue
[2024-05-27T03:05:04.902+0000] {logging_mixin.py:188} INFO - [2024-05-27T03:05:04.902+0000] {dagbag.py:545} INFO - Filling up the DagBag from /opt/airflow/dags/sqlmesh_integration.py
[2024-05-27T03:05:04.912+0000] {logging_mixin.py:188} INFO - [2024-05-27T03:05:04.910+0000] {dagbag.py:355} ERROR - Failed to import: /opt/airflow/dags/sqlmesh_integration.py
Traceback (most recent call last):
  File "/home/airflow/.local/lib/python3.12/site-packages/airflow/models/dagbag.py", line 351, in parse
    loader.exec_module(new_module)
  File "<frozen importlib._bootstrap_external>", line 995, in exec_module
  File "<frozen importlib._bootstrap>", line 488, in _call_with_frames_removed
  File "/opt/airflow/dags/sqlmesh_integration.py", line 1, in <module>
    from sqlmesh.schedulers.airflow.integration import SQLMeshAirflow
ModuleNotFoundError: No module named 'sqlmesh'
[2024-05-27T03:05:04.912+0000] {processor.py:842} WARNING - No viable dags retrieved from /opt/airflow/dags/sqlmesh_integration.py
[2024-05-27T03:05:04.928+0000] {processor.py:183} INFO - Processing /opt/airflow/dags/sqlmesh_integration.py took 0.038 seconds
[2024-05-27T03:05:35.502+0000] {processor.py:161} INFO - Started process (PID=1031) to work on /opt/airflow/dags/sqlmesh_integration.py
[2024-05-27T03:05:35.504+0000] {processor.py:830} INFO - Processing file /opt/airflow/dags/sqlmesh_integration.py for tasks to queue
[2024-05-27T03:05:35.506+0000] {logging_mixin.py:188} INFO - [2024-05-27T03:05:35.506+0000] {dagbag.py:545} INFO - Filling up the DagBag from /opt/airflow/dags/sqlmesh_integration.py
[2024-05-27T03:05:35.512+0000] {logging_mixin.py:188} INFO - [2024-05-27T03:05:35.511+0000] {dagbag.py:355} ERROR - Failed to import: /opt/airflow/dags/sqlmesh_integration.py
Traceback (most recent call last):
  File "/home/airflow/.local/lib/python3.12/site-packages/airflow/models/dagbag.py", line 351, in parse
    loader.exec_module(new_module)
  File "<frozen importlib._bootstrap_external>", line 995, in exec_module
  File "<frozen importlib._bootstrap>", line 488, in _call_with_frames_removed
  File "/opt/airflow/dags/sqlmesh_integration.py", line 1, in <module>
    from sqlmesh.schedulers.airflow.integration import SQLMeshAirflow
ModuleNotFoundError: No module named 'sqlmesh'
[2024-05-27T03:05:35.513+0000] {processor.py:842} WARNING - No viable dags retrieved from /opt/airflow/dags/sqlmesh_integration.py
[2024-05-27T03:05:35.526+0000] {processor.py:183} INFO - Processing /opt/airflow/dags/sqlmesh_integration.py took 0.030 seconds
[2024-05-27T03:06:06.119+0000] {processor.py:161} INFO - Started process (PID=1090) to work on /opt/airflow/dags/sqlmesh_integration.py
[2024-05-27T03:06:06.120+0000] {processor.py:830} INFO - Processing file /opt/airflow/dags/sqlmesh_integration.py for tasks to queue
[2024-05-27T03:06:06.123+0000] {logging_mixin.py:188} INFO - [2024-05-27T03:06:06.122+0000] {dagbag.py:545} INFO - Filling up the DagBag from /opt/airflow/dags/sqlmesh_integration.py
[2024-05-27T03:06:06.130+0000] {logging_mixin.py:188} INFO - [2024-05-27T03:06:06.128+0000] {dagbag.py:355} ERROR - Failed to import: /opt/airflow/dags/sqlmesh_integration.py
Traceback (most recent call last):
  File "/home/airflow/.local/lib/python3.12/site-packages/airflow/models/dagbag.py", line 351, in parse
    loader.exec_module(new_module)
  File "<frozen importlib._bootstrap_external>", line 995, in exec_module
  File "<frozen importlib._bootstrap>", line 488, in _call_with_frames_removed
  File "/opt/airflow/dags/sqlmesh_integration.py", line 1, in <module>
    from sqlmesh.schedulers.airflow.integration import SQLMeshAirflow
ModuleNotFoundError: No module named 'sqlmesh'
[2024-05-27T03:06:06.130+0000] {processor.py:842} WARNING - No viable dags retrieved from /opt/airflow/dags/sqlmesh_integration.py
[2024-05-27T03:06:06.146+0000] {processor.py:183} INFO - Processing /opt/airflow/dags/sqlmesh_integration.py took 0.036 seconds
[2024-05-27T03:06:36.806+0000] {processor.py:161} INFO - Started process (PID=1149) to work on /opt/airflow/dags/sqlmesh_integration.py
[2024-05-27T03:06:36.807+0000] {processor.py:830} INFO - Processing file /opt/airflow/dags/sqlmesh_integration.py for tasks to queue
[2024-05-27T03:06:36.810+0000] {logging_mixin.py:188} INFO - [2024-05-27T03:06:36.809+0000] {dagbag.py:545} INFO - Filling up the DagBag from /opt/airflow/dags/sqlmesh_integration.py
[2024-05-27T03:06:36.817+0000] {logging_mixin.py:188} INFO - [2024-05-27T03:06:36.815+0000] {dagbag.py:355} ERROR - Failed to import: /opt/airflow/dags/sqlmesh_integration.py
Traceback (most recent call last):
  File "/home/airflow/.local/lib/python3.12/site-packages/airflow/models/dagbag.py", line 351, in parse
    loader.exec_module(new_module)
  File "<frozen importlib._bootstrap_external>", line 995, in exec_module
  File "<frozen importlib._bootstrap>", line 488, in _call_with_frames_removed
  File "/opt/airflow/dags/sqlmesh_integration.py", line 1, in <module>
    from sqlmesh.schedulers.airflow.integration import SQLMeshAirflow
ModuleNotFoundError: No module named 'sqlmesh'
[2024-05-27T03:06:36.818+0000] {processor.py:842} WARNING - No viable dags retrieved from /opt/airflow/dags/sqlmesh_integration.py
[2024-05-27T03:06:36.834+0000] {processor.py:183} INFO - Processing /opt/airflow/dags/sqlmesh_integration.py took 0.037 seconds
[2024-05-27T03:07:07.381+0000] {processor.py:161} INFO - Started process (PID=1208) to work on /opt/airflow/dags/sqlmesh_integration.py
[2024-05-27T03:07:07.382+0000] {processor.py:830} INFO - Processing file /opt/airflow/dags/sqlmesh_integration.py for tasks to queue
[2024-05-27T03:07:07.384+0000] {logging_mixin.py:188} INFO - [2024-05-27T03:07:07.384+0000] {dagbag.py:545} INFO - Filling up the DagBag from /opt/airflow/dags/sqlmesh_integration.py
[2024-05-27T03:07:07.389+0000] {logging_mixin.py:188} INFO - [2024-05-27T03:07:07.388+0000] {dagbag.py:355} ERROR - Failed to import: /opt/airflow/dags/sqlmesh_integration.py
Traceback (most recent call last):
  File "/home/airflow/.local/lib/python3.12/site-packages/airflow/models/dagbag.py", line 351, in parse
    loader.exec_module(new_module)
  File "<frozen importlib._bootstrap_external>", line 995, in exec_module
  File "<frozen importlib._bootstrap>", line 488, in _call_with_frames_removed
  File "/opt/airflow/dags/sqlmesh_integration.py", line 1, in <module>
    from sqlmesh.schedulers.airflow.integration import SQLMeshAirflow
ModuleNotFoundError: No module named 'sqlmesh'
[2024-05-27T03:07:07.390+0000] {processor.py:842} WARNING - No viable dags retrieved from /opt/airflow/dags/sqlmesh_integration.py
[2024-05-27T03:07:07.402+0000] {processor.py:183} INFO - Processing /opt/airflow/dags/sqlmesh_integration.py took 0.027 seconds
[2024-05-27T03:07:37.986+0000] {processor.py:161} INFO - Started process (PID=1267) to work on /opt/airflow/dags/sqlmesh_integration.py
[2024-05-27T03:07:37.988+0000] {processor.py:830} INFO - Processing file /opt/airflow/dags/sqlmesh_integration.py for tasks to queue
[2024-05-27T03:07:37.990+0000] {logging_mixin.py:188} INFO - [2024-05-27T03:07:37.989+0000] {dagbag.py:545} INFO - Filling up the DagBag from /opt/airflow/dags/sqlmesh_integration.py
[2024-05-27T03:07:37.996+0000] {logging_mixin.py:188} INFO - [2024-05-27T03:07:37.995+0000] {dagbag.py:355} ERROR - Failed to import: /opt/airflow/dags/sqlmesh_integration.py
Traceback (most recent call last):
  File "/home/airflow/.local/lib/python3.12/site-packages/airflow/models/dagbag.py", line 351, in parse
    loader.exec_module(new_module)
  File "<frozen importlib._bootstrap_external>", line 995, in exec_module
  File "<frozen importlib._bootstrap>", line 488, in _call_with_frames_removed
  File "/opt/airflow/dags/sqlmesh_integration.py", line 1, in <module>
    from sqlmesh.schedulers.airflow.integration import SQLMeshAirflow
ModuleNotFoundError: No module named 'sqlmesh'
[2024-05-27T03:07:37.997+0000] {processor.py:842} WARNING - No viable dags retrieved from /opt/airflow/dags/sqlmesh_integration.py
[2024-05-27T03:07:38.012+0000] {processor.py:183} INFO - Processing /opt/airflow/dags/sqlmesh_integration.py took 0.032 seconds
[2024-05-27T03:08:35.966+0000] {processor.py:161} INFO - Started process (PID=30) to work on /opt/airflow/dags/sqlmesh_integration.py
[2024-05-27T03:08:35.968+0000] {processor.py:830} INFO - Processing file /opt/airflow/dags/sqlmesh_integration.py for tasks to queue
[2024-05-27T03:08:35.969+0000] {logging_mixin.py:188} INFO - [2024-05-27T03:08:35.969+0000] {dagbag.py:545} INFO - Filling up the DagBag from /opt/airflow/dags/sqlmesh_integration.py
[2024-05-27T03:08:35.972+0000] {logging_mixin.py:188} INFO - [2024-05-27T03:08:35.971+0000] {dagbag.py:355} ERROR - Failed to import: /opt/airflow/dags/sqlmesh_integration.py
Traceback (most recent call last):
  File "/home/airflow/.local/lib/python3.12/site-packages/airflow/models/dagbag.py", line 351, in parse
    loader.exec_module(new_module)
  File "<frozen importlib._bootstrap_external>", line 995, in exec_module
  File "<frozen importlib._bootstrap>", line 488, in _call_with_frames_removed
  File "/opt/airflow/dags/sqlmesh_integration.py", line 1, in <module>
    from sqlmesh.schedulers.airflow.integration import SQLMeshAirflow
ModuleNotFoundError: No module named 'sqlmesh'
[2024-05-27T03:08:35.973+0000] {processor.py:842} WARNING - No viable dags retrieved from /opt/airflow/dags/sqlmesh_integration.py
[2024-05-27T03:08:35.991+0000] {processor.py:183} INFO - Processing /opt/airflow/dags/sqlmesh_integration.py took 0.027 seconds
[2024-05-27T03:09:06.117+0000] {processor.py:161} INFO - Started process (PID=89) to work on /opt/airflow/dags/sqlmesh_integration.py
[2024-05-27T03:09:06.119+0000] {processor.py:830} INFO - Processing file /opt/airflow/dags/sqlmesh_integration.py for tasks to queue
[2024-05-27T03:09:06.121+0000] {logging_mixin.py:188} INFO - [2024-05-27T03:09:06.120+0000] {dagbag.py:545} INFO - Filling up the DagBag from /opt/airflow/dags/sqlmesh_integration.py
[2024-05-27T03:09:06.124+0000] {logging_mixin.py:188} INFO - [2024-05-27T03:09:06.123+0000] {dagbag.py:355} ERROR - Failed to import: /opt/airflow/dags/sqlmesh_integration.py
Traceback (most recent call last):
  File "/home/airflow/.local/lib/python3.12/site-packages/airflow/models/dagbag.py", line 351, in parse
    loader.exec_module(new_module)
  File "<frozen importlib._bootstrap_external>", line 995, in exec_module
  File "<frozen importlib._bootstrap>", line 488, in _call_with_frames_removed
  File "/opt/airflow/dags/sqlmesh_integration.py", line 1, in <module>
    from sqlmesh.schedulers.airflow.integration import SQLMeshAirflow
ModuleNotFoundError: No module named 'sqlmesh'
[2024-05-27T03:09:06.125+0000] {processor.py:842} WARNING - No viable dags retrieved from /opt/airflow/dags/sqlmesh_integration.py
[2024-05-27T03:09:06.148+0000] {processor.py:183} INFO - Processing /opt/airflow/dags/sqlmesh_integration.py took 0.035 seconds
[2024-05-27T03:09:36.913+0000] {processor.py:161} INFO - Started process (PID=148) to work on /opt/airflow/dags/sqlmesh_integration.py
[2024-05-27T03:09:36.914+0000] {processor.py:830} INFO - Processing file /opt/airflow/dags/sqlmesh_integration.py for tasks to queue
[2024-05-27T03:09:36.917+0000] {logging_mixin.py:188} INFO - [2024-05-27T03:09:36.916+0000] {dagbag.py:545} INFO - Filling up the DagBag from /opt/airflow/dags/sqlmesh_integration.py
[2024-05-27T03:09:36.923+0000] {logging_mixin.py:188} INFO - [2024-05-27T03:09:36.921+0000] {dagbag.py:355} ERROR - Failed to import: /opt/airflow/dags/sqlmesh_integration.py
Traceback (most recent call last):
  File "/home/airflow/.local/lib/python3.12/site-packages/airflow/models/dagbag.py", line 351, in parse
    loader.exec_module(new_module)
  File "<frozen importlib._bootstrap_external>", line 995, in exec_module
  File "<frozen importlib._bootstrap>", line 488, in _call_with_frames_removed
  File "/opt/airflow/dags/sqlmesh_integration.py", line 1, in <module>
    from sqlmesh.schedulers.airflow.integration import SQLMeshAirflow
ModuleNotFoundError: No module named 'sqlmesh'
[2024-05-27T03:09:36.924+0000] {processor.py:842} WARNING - No viable dags retrieved from /opt/airflow/dags/sqlmesh_integration.py
[2024-05-27T03:09:36.939+0000] {processor.py:183} INFO - Processing /opt/airflow/dags/sqlmesh_integration.py took 0.034 seconds
[2024-05-27T03:10:07.494+0000] {processor.py:161} INFO - Started process (PID=207) to work on /opt/airflow/dags/sqlmesh_integration.py
[2024-05-27T03:10:07.498+0000] {processor.py:830} INFO - Processing file /opt/airflow/dags/sqlmesh_integration.py for tasks to queue
[2024-05-27T03:10:07.501+0000] {logging_mixin.py:188} INFO - [2024-05-27T03:10:07.500+0000] {dagbag.py:545} INFO - Filling up the DagBag from /opt/airflow/dags/sqlmesh_integration.py
[2024-05-27T03:10:07.513+0000] {logging_mixin.py:188} INFO - [2024-05-27T03:10:07.511+0000] {dagbag.py:355} ERROR - Failed to import: /opt/airflow/dags/sqlmesh_integration.py
Traceback (most recent call last):
  File "/home/airflow/.local/lib/python3.12/site-packages/airflow/models/dagbag.py", line 351, in parse
    loader.exec_module(new_module)
  File "<frozen importlib._bootstrap_external>", line 995, in exec_module
  File "<frozen importlib._bootstrap>", line 488, in _call_with_frames_removed
  File "/opt/airflow/dags/sqlmesh_integration.py", line 1, in <module>
    from sqlmesh.schedulers.airflow.integration import SQLMeshAirflow
ModuleNotFoundError: No module named 'sqlmesh'
[2024-05-27T03:10:07.514+0000] {processor.py:842} WARNING - No viable dags retrieved from /opt/airflow/dags/sqlmesh_integration.py
[2024-05-27T03:10:07.530+0000] {processor.py:183} INFO - Processing /opt/airflow/dags/sqlmesh_integration.py took 0.044 seconds
[2024-05-27T03:20:23.841+0000] {processor.py:161} INFO - Started process (PID=30) to work on /opt/airflow/dags/sqlmesh_integration.py
[2024-05-27T03:20:23.842+0000] {processor.py:830} INFO - Processing file /opt/airflow/dags/sqlmesh_integration.py for tasks to queue
[2024-05-27T03:20:23.843+0000] {logging_mixin.py:188} INFO - [2024-05-27T03:20:23.843+0000] {dagbag.py:545} INFO - Filling up the DagBag from /opt/airflow/dags/sqlmesh_integration.py
[2024-05-27T03:20:23.846+0000] {logging_mixin.py:188} INFO - [2024-05-27T03:20:23.845+0000] {dagbag.py:355} ERROR - Failed to import: /opt/airflow/dags/sqlmesh_integration.py
Traceback (most recent call last):
  File "/home/airflow/.local/lib/python3.12/site-packages/airflow/models/dagbag.py", line 351, in parse
    loader.exec_module(new_module)
  File "<frozen importlib._bootstrap_external>", line 995, in exec_module
  File "<frozen importlib._bootstrap>", line 488, in _call_with_frames_removed
  File "/opt/airflow/dags/sqlmesh_integration.py", line 1, in <module>
    from sqlmesh.schedulers.airflow.integration import SQLMeshAirflow
ModuleNotFoundError: No module named 'sqlmesh'
[2024-05-27T03:20:23.846+0000] {processor.py:842} WARNING - No viable dags retrieved from /opt/airflow/dags/sqlmesh_integration.py
[2024-05-27T03:20:23.864+0000] {processor.py:183} INFO - Processing /opt/airflow/dags/sqlmesh_integration.py took 0.026 seconds
[2024-05-27T03:20:53.979+0000] {processor.py:161} INFO - Started process (PID=88) to work on /opt/airflow/dags/sqlmesh_integration.py
[2024-05-27T03:20:53.981+0000] {processor.py:830} INFO - Processing file /opt/airflow/dags/sqlmesh_integration.py for tasks to queue
[2024-05-27T03:20:53.983+0000] {logging_mixin.py:188} INFO - [2024-05-27T03:20:53.982+0000] {dagbag.py:545} INFO - Filling up the DagBag from /opt/airflow/dags/sqlmesh_integration.py
[2024-05-27T03:20:53.988+0000] {logging_mixin.py:188} INFO - [2024-05-27T03:20:53.987+0000] {dagbag.py:355} ERROR - Failed to import: /opt/airflow/dags/sqlmesh_integration.py
Traceback (most recent call last):
  File "/home/airflow/.local/lib/python3.12/site-packages/airflow/models/dagbag.py", line 351, in parse
    loader.exec_module(new_module)
  File "<frozen importlib._bootstrap_external>", line 995, in exec_module
  File "<frozen importlib._bootstrap>", line 488, in _call_with_frames_removed
  File "/opt/airflow/dags/sqlmesh_integration.py", line 1, in <module>
    from sqlmesh.schedulers.airflow.integration import SQLMeshAirflow
ModuleNotFoundError: No module named 'sqlmesh'
[2024-05-27T03:20:53.989+0000] {processor.py:842} WARNING - No viable dags retrieved from /opt/airflow/dags/sqlmesh_integration.py
[2024-05-27T03:20:54.002+0000] {processor.py:183} INFO - Processing /opt/airflow/dags/sqlmesh_integration.py took 0.028 seconds
[2024-05-27T03:21:24.381+0000] {processor.py:161} INFO - Started process (PID=147) to work on /opt/airflow/dags/sqlmesh_integration.py
[2024-05-27T03:21:24.383+0000] {processor.py:830} INFO - Processing file /opt/airflow/dags/sqlmesh_integration.py for tasks to queue
[2024-05-27T03:21:24.385+0000] {logging_mixin.py:188} INFO - [2024-05-27T03:21:24.385+0000] {dagbag.py:545} INFO - Filling up the DagBag from /opt/airflow/dags/sqlmesh_integration.py
[2024-05-27T03:21:24.390+0000] {logging_mixin.py:188} INFO - [2024-05-27T03:21:24.389+0000] {dagbag.py:355} ERROR - Failed to import: /opt/airflow/dags/sqlmesh_integration.py
Traceback (most recent call last):
  File "/home/airflow/.local/lib/python3.12/site-packages/airflow/models/dagbag.py", line 351, in parse
    loader.exec_module(new_module)
  File "<frozen importlib._bootstrap_external>", line 995, in exec_module
  File "<frozen importlib._bootstrap>", line 488, in _call_with_frames_removed
  File "/opt/airflow/dags/sqlmesh_integration.py", line 1, in <module>
    from sqlmesh.schedulers.airflow.integration import SQLMeshAirflow
ModuleNotFoundError: No module named 'sqlmesh'
[2024-05-27T03:21:24.391+0000] {processor.py:842} WARNING - No viable dags retrieved from /opt/airflow/dags/sqlmesh_integration.py
[2024-05-27T03:21:24.404+0000] {processor.py:183} INFO - Processing /opt/airflow/dags/sqlmesh_integration.py took 0.030 seconds
[2024-05-27T03:21:54.919+0000] {processor.py:161} INFO - Started process (PID=207) to work on /opt/airflow/dags/sqlmesh_integration.py
[2024-05-27T03:21:54.921+0000] {processor.py:830} INFO - Processing file /opt/airflow/dags/sqlmesh_integration.py for tasks to queue
[2024-05-27T03:21:54.924+0000] {logging_mixin.py:188} INFO - [2024-05-27T03:21:54.923+0000] {dagbag.py:545} INFO - Filling up the DagBag from /opt/airflow/dags/sqlmesh_integration.py
[2024-05-27T03:21:54.932+0000] {logging_mixin.py:188} INFO - [2024-05-27T03:21:54.930+0000] {dagbag.py:355} ERROR - Failed to import: /opt/airflow/dags/sqlmesh_integration.py
Traceback (most recent call last):
  File "/home/airflow/.local/lib/python3.12/site-packages/airflow/models/dagbag.py", line 351, in parse
    loader.exec_module(new_module)
  File "<frozen importlib._bootstrap_external>", line 995, in exec_module
  File "<frozen importlib._bootstrap>", line 488, in _call_with_frames_removed
  File "/opt/airflow/dags/sqlmesh_integration.py", line 1, in <module>
    from sqlmesh.schedulers.airflow.integration import SQLMeshAirflow
ModuleNotFoundError: No module named 'sqlmesh'
[2024-05-27T03:21:54.933+0000] {processor.py:842} WARNING - No viable dags retrieved from /opt/airflow/dags/sqlmesh_integration.py
[2024-05-27T03:21:54.949+0000] {processor.py:183} INFO - Processing /opt/airflow/dags/sqlmesh_integration.py took 0.039 seconds
[2024-05-27T03:22:25.507+0000] {processor.py:161} INFO - Started process (PID=266) to work on /opt/airflow/dags/sqlmesh_integration.py
[2024-05-27T03:22:25.510+0000] {processor.py:830} INFO - Processing file /opt/airflow/dags/sqlmesh_integration.py for tasks to queue
[2024-05-27T03:22:25.513+0000] {logging_mixin.py:188} INFO - [2024-05-27T03:22:25.512+0000] {dagbag.py:545} INFO - Filling up the DagBag from /opt/airflow/dags/sqlmesh_integration.py
[2024-05-27T03:22:25.518+0000] {logging_mixin.py:188} INFO - [2024-05-27T03:22:25.517+0000] {dagbag.py:355} ERROR - Failed to import: /opt/airflow/dags/sqlmesh_integration.py
Traceback (most recent call last):
  File "/home/airflow/.local/lib/python3.12/site-packages/airflow/models/dagbag.py", line 351, in parse
    loader.exec_module(new_module)
  File "<frozen importlib._bootstrap_external>", line 995, in exec_module
  File "<frozen importlib._bootstrap>", line 488, in _call_with_frames_removed
  File "/opt/airflow/dags/sqlmesh_integration.py", line 1, in <module>
    from sqlmesh.schedulers.airflow.integration import SQLMeshAirflow
ModuleNotFoundError: No module named 'sqlmesh'
[2024-05-27T03:22:25.519+0000] {processor.py:842} WARNING - No viable dags retrieved from /opt/airflow/dags/sqlmesh_integration.py
[2024-05-27T03:22:25.534+0000] {processor.py:183} INFO - Processing /opt/airflow/dags/sqlmesh_integration.py took 0.036 seconds
[2024-05-27T03:22:56.208+0000] {processor.py:161} INFO - Started process (PID=325) to work on /opt/airflow/dags/sqlmesh_integration.py
[2024-05-27T03:22:56.210+0000] {processor.py:830} INFO - Processing file /opt/airflow/dags/sqlmesh_integration.py for tasks to queue
[2024-05-27T03:22:56.213+0000] {logging_mixin.py:188} INFO - [2024-05-27T03:22:56.212+0000] {dagbag.py:545} INFO - Filling up the DagBag from /opt/airflow/dags/sqlmesh_integration.py
[2024-05-27T03:22:56.224+0000] {logging_mixin.py:188} INFO - [2024-05-27T03:22:56.222+0000] {dagbag.py:355} ERROR - Failed to import: /opt/airflow/dags/sqlmesh_integration.py
Traceback (most recent call last):
  File "/home/airflow/.local/lib/python3.12/site-packages/airflow/models/dagbag.py", line 351, in parse
    loader.exec_module(new_module)
  File "<frozen importlib._bootstrap_external>", line 995, in exec_module
  File "<frozen importlib._bootstrap>", line 488, in _call_with_frames_removed
  File "/opt/airflow/dags/sqlmesh_integration.py", line 1, in <module>
    from sqlmesh.schedulers.airflow.integration import SQLMeshAirflow
ModuleNotFoundError: No module named 'sqlmesh'
[2024-05-27T03:22:56.226+0000] {processor.py:842} WARNING - No viable dags retrieved from /opt/airflow/dags/sqlmesh_integration.py
[2024-05-27T03:22:56.245+0000] {processor.py:183} INFO - Processing /opt/airflow/dags/sqlmesh_integration.py took 0.045 seconds
[2024-05-27T03:23:26.843+0000] {processor.py:161} INFO - Started process (PID=384) to work on /opt/airflow/dags/sqlmesh_integration.py
[2024-05-27T03:23:26.844+0000] {processor.py:830} INFO - Processing file /opt/airflow/dags/sqlmesh_integration.py for tasks to queue
[2024-05-27T03:23:26.847+0000] {logging_mixin.py:188} INFO - [2024-05-27T03:23:26.846+0000] {dagbag.py:545} INFO - Filling up the DagBag from /opt/airflow/dags/sqlmesh_integration.py
[2024-05-27T03:23:26.853+0000] {logging_mixin.py:188} INFO - [2024-05-27T03:23:26.851+0000] {dagbag.py:355} ERROR - Failed to import: /opt/airflow/dags/sqlmesh_integration.py
Traceback (most recent call last):
  File "/home/airflow/.local/lib/python3.12/site-packages/airflow/models/dagbag.py", line 351, in parse
    loader.exec_module(new_module)
  File "<frozen importlib._bootstrap_external>", line 995, in exec_module
  File "<frozen importlib._bootstrap>", line 488, in _call_with_frames_removed
  File "/opt/airflow/dags/sqlmesh_integration.py", line 1, in <module>
    from sqlmesh.schedulers.airflow.integration import SQLMeshAirflow
ModuleNotFoundError: No module named 'sqlmesh'
[2024-05-27T03:23:26.854+0000] {processor.py:842} WARNING - No viable dags retrieved from /opt/airflow/dags/sqlmesh_integration.py
[2024-05-27T03:23:26.869+0000] {processor.py:183} INFO - Processing /opt/airflow/dags/sqlmesh_integration.py took 0.035 seconds
[2024-05-27T03:23:57.424+0000] {processor.py:161} INFO - Started process (PID=443) to work on /opt/airflow/dags/sqlmesh_integration.py
[2024-05-27T03:23:57.426+0000] {processor.py:830} INFO - Processing file /opt/airflow/dags/sqlmesh_integration.py for tasks to queue
[2024-05-27T03:23:57.428+0000] {logging_mixin.py:188} INFO - [2024-05-27T03:23:57.428+0000] {dagbag.py:545} INFO - Filling up the DagBag from /opt/airflow/dags/sqlmesh_integration.py
[2024-05-27T03:23:57.434+0000] {logging_mixin.py:188} INFO - [2024-05-27T03:23:57.433+0000] {dagbag.py:355} ERROR - Failed to import: /opt/airflow/dags/sqlmesh_integration.py
Traceback (most recent call last):
  File "/home/airflow/.local/lib/python3.12/site-packages/airflow/models/dagbag.py", line 351, in parse
    loader.exec_module(new_module)
  File "<frozen importlib._bootstrap_external>", line 995, in exec_module
  File "<frozen importlib._bootstrap>", line 488, in _call_with_frames_removed
  File "/opt/airflow/dags/sqlmesh_integration.py", line 1, in <module>
    from sqlmesh.schedulers.airflow.integration import SQLMeshAirflow
ModuleNotFoundError: No module named 'sqlmesh'
[2024-05-27T03:23:57.435+0000] {processor.py:842} WARNING - No viable dags retrieved from /opt/airflow/dags/sqlmesh_integration.py
[2024-05-27T03:23:57.450+0000] {processor.py:183} INFO - Processing /opt/airflow/dags/sqlmesh_integration.py took 0.033 seconds
